

================================================================
== Vitis HLS Report for 'simulatedAnnealingTop_Pipeline_4'
================================================================
* Date:           Tue Mar 19 21:35:39 2024

* Version:        2022.2 (Build 3670227 on Oct 13 2022)
* Project:        prj_ob
* Solution:       simulatedAnnealingTop (Vitis Kernel Flow Target)
* Product family: virtexuplus
* Target device:  xcu55c-fsvh2892-2L-e


================================================================
== Performance Estimates
================================================================
+ Timing: 
    * Summary: 
    +--------+---------+----------+------------+
    |  Clock |  Target | Estimated| Uncertainty|
    +--------+---------+----------+------------+
    |ap_clk  |  3.12 ns|  2.281 ns|     0.84 ns|
    +--------+---------+----------+------------+

+ Latency: 
    * Summary: 
    +---------+---------+----------+----------+-----+-----+---------+
    |  Latency (cycles) |  Latency (absolute) |  Interval | Pipeline|
    |   min   |   max   |    min   |    max   | min | max |   Type  |
    +---------+---------+----------+----------+-----+-----+---------+
    |      672|      672|  2.100 us|  2.100 us|  672|  672|       no|
    +---------+---------+----------+----------+-----+-----+---------+

    + Detail: 
        * Instance: 
        N/A

        * Loop: 
        +----------+---------+---------+----------+-----------+-----------+------+----------+
        |          |  Latency (cycles) | Iteration|  Initiation Interval  | Trip |          |
        | Loop Name|   min   |   max   |  Latency |  achieved |   target  | Count| Pipelined|
        +----------+---------+---------+----------+-----------+-----------+------+----------+
        |- Loop 1  |      670|      670|        72|          1|          1|   600|       yes|
        +----------+---------+---------+----------+-----------+-----------+------+----------+



================================================================
== Utilization Estimates
================================================================
* Summary: 
+---------------------+---------+------+---------+---------+-----+
|         Name        | BRAM_18K|  DSP |    FF   |   LUT   | URAM|
+---------------------+---------+------+---------+---------+-----+
|DSP                  |        -|     -|        -|        -|    -|
|Expression           |        -|     -|        0|     2881|    -|
|FIFO                 |        -|     -|        -|        -|    -|
|Instance             |        -|     -|        -|        -|    -|
|Memory               |        -|     -|        -|        -|    -|
|Multiplexer          |        -|     -|        -|      108|    -|
|Register             |        -|     -|      525|       32|    -|
+---------------------+---------+------+---------+---------+-----+
|Total                |        0|     0|      525|     3021|    0|
+---------------------+---------+------+---------+---------+-----+
|Available SLR        |     1344|  3008|   869120|   434560|  320|
+---------------------+---------+------+---------+---------+-----+
|Utilization SLR (%)  |        0|     0|       ~0|       ~0|    0|
+---------------------+---------+------+---------+---------+-----+
|Available            |     4032|  9024|  2607360|  1303680|  960|
+---------------------+---------+------+---------+---------+-----+
|Utilization (%)      |        0|     0|       ~0|       ~0|    0|
+---------------------+---------+------+---------+---------+-----+

+ Detail: 
    * Instance: 
    N/A

    * DSP: 
    N/A

    * Memory: 
    N/A

    * FIFO: 
    N/A

    * Expression: 
    +------------------------------------+----------+----+---+------+------------+------------+
    |            Variable Name           | Operation| DSP| FF|  LUT | Bitwidth P0| Bitwidth P1|
    +------------------------------------+----------+----+---+------+------------+------------+
    |empty_43_fu_193_p2                  |         +|   0|  0|    17|          10|           1|
    |empty_51_fu_320_p2                  |         +|   0|  0|    71|          64|          64|
    |empty_52_fu_361_p2                  |         +|   0|  0|    12|           4|           4|
    |next_mul20_fu_271_p2                |         +|   0|  0|    27|          20|          11|
    |next_urem22_fu_238_p2               |         +|   0|  0|    17|          10|           1|
    |ap_block_pp0_stage0_01001           |       and|   0|  0|     2|           1|           1|
    |ap_block_state3_io                  |       and|   0|  0|     2|           1|           1|
    |ap_block_state4_io                  |       and|   0|  0|     2|           1|           1|
    |ap_block_state72_pp0_stage0_iter71  |       and|   0|  0|     2|           1|           1|
    |empty_44_fu_244_p2                  |      icmp|   0|  0|    11|          10|           3|
    |empty_50_fu_221_p2                  |      icmp|   0|  0|     8|           3|           2|
    |exitcond4_fu_187_p2                 |      icmp|   0|  0|    11|          10|          10|
    |empty_48_fu_299_p2                  |      lshr|   0|  0|  2171|         800|         800|
    |ap_block_pp0_stage0_11001           |        or|   0|  0|     2|           1|           1|
    |empty_45_fu_424_p3                  |    select|   0|  0|    56|           1|           1|
    |idx_urem23_fu_250_p3                |    select|   0|  0|    10|           1|          10|
    |empty_53_fu_370_p2                  |       shl|   0|  0|    35|           8|          16|
    |empty_54_fu_388_p2                  |       shl|   0|  0|   423|         128|         128|
    |ap_enable_pp0                       |       xor|   0|  0|     2|           1|           2|
    +------------------------------------+----------+----+---+------+------------+------------+
    |Total                               |          |   0|  0|  2881|        1075|        1058|
    +------------------------------------+----------+----+---+------+------------+------------+

    * Multiplexer: 
    +------------------------------------+----+-----------+-----+-----------+
    |                Name                | LUT| Input Size| Bits| Total Bits|
    +------------------------------------+----+-----------+-----+-----------+
    |ap_done_int                         |   9|          2|    1|          2|
    |ap_enable_reg_pp0_iter1             |   9|          2|    1|          2|
    |ap_sig_allocacmp_loop_index_load    |   9|          2|   10|         20|
    |ap_sig_allocacmp_phi_urem21_load    |   9|          2|   10|         20|
    |ap_sig_allocacmp_phi_urem21_load_1  |   9|          2|   10|         20|
    |gmem_blk_n_AW                       |   9|          2|    1|          2|
    |gmem_blk_n_B                        |   9|          2|    1|          2|
    |gmem_blk_n_W                        |   9|          2|    1|          2|
    |loop_index_fu_120                   |   9|          2|   10|         20|
    |phi_mul19_fu_112                    |   9|          2|   20|         40|
    |phi_urem21_fu_108                   |   9|          2|   10|         20|
    |shiftreg_fu_116                     |   9|          2|   56|        112|
    +------------------------------------+----+-----------+-----+-----------+
    |Total                               | 108|         24|  131|        262|
    +------------------------------------+----+-----------+-----+-----------+

    * Register: 
    +-----------------------------------+-----+----+-----+-----------+
    |                Name               |  FF | LUT| Bits| Const Bits|
    +-----------------------------------+-----+----+-----+-----------+
    |ap_CS_fsm                          |    1|   0|    1|          0|
    |ap_done_reg                        |    1|   0|    1|          0|
    |ap_enable_reg_pp0_iter1            |    1|   0|    1|          0|
    |ap_enable_reg_pp0_iter10           |    1|   0|    1|          0|
    |ap_enable_reg_pp0_iter11           |    1|   0|    1|          0|
    |ap_enable_reg_pp0_iter12           |    1|   0|    1|          0|
    |ap_enable_reg_pp0_iter13           |    1|   0|    1|          0|
    |ap_enable_reg_pp0_iter14           |    1|   0|    1|          0|
    |ap_enable_reg_pp0_iter15           |    1|   0|    1|          0|
    |ap_enable_reg_pp0_iter16           |    1|   0|    1|          0|
    |ap_enable_reg_pp0_iter17           |    1|   0|    1|          0|
    |ap_enable_reg_pp0_iter18           |    1|   0|    1|          0|
    |ap_enable_reg_pp0_iter19           |    1|   0|    1|          0|
    |ap_enable_reg_pp0_iter2            |    1|   0|    1|          0|
    |ap_enable_reg_pp0_iter20           |    1|   0|    1|          0|
    |ap_enable_reg_pp0_iter21           |    1|   0|    1|          0|
    |ap_enable_reg_pp0_iter22           |    1|   0|    1|          0|
    |ap_enable_reg_pp0_iter23           |    1|   0|    1|          0|
    |ap_enable_reg_pp0_iter24           |    1|   0|    1|          0|
    |ap_enable_reg_pp0_iter25           |    1|   0|    1|          0|
    |ap_enable_reg_pp0_iter26           |    1|   0|    1|          0|
    |ap_enable_reg_pp0_iter27           |    1|   0|    1|          0|
    |ap_enable_reg_pp0_iter28           |    1|   0|    1|          0|
    |ap_enable_reg_pp0_iter29           |    1|   0|    1|          0|
    |ap_enable_reg_pp0_iter3            |    1|   0|    1|          0|
    |ap_enable_reg_pp0_iter30           |    1|   0|    1|          0|
    |ap_enable_reg_pp0_iter31           |    1|   0|    1|          0|
    |ap_enable_reg_pp0_iter32           |    1|   0|    1|          0|
    |ap_enable_reg_pp0_iter33           |    1|   0|    1|          0|
    |ap_enable_reg_pp0_iter34           |    1|   0|    1|          0|
    |ap_enable_reg_pp0_iter35           |    1|   0|    1|          0|
    |ap_enable_reg_pp0_iter36           |    1|   0|    1|          0|
    |ap_enable_reg_pp0_iter37           |    1|   0|    1|          0|
    |ap_enable_reg_pp0_iter38           |    1|   0|    1|          0|
    |ap_enable_reg_pp0_iter39           |    1|   0|    1|          0|
    |ap_enable_reg_pp0_iter4            |    1|   0|    1|          0|
    |ap_enable_reg_pp0_iter40           |    1|   0|    1|          0|
    |ap_enable_reg_pp0_iter41           |    1|   0|    1|          0|
    |ap_enable_reg_pp0_iter42           |    1|   0|    1|          0|
    |ap_enable_reg_pp0_iter43           |    1|   0|    1|          0|
    |ap_enable_reg_pp0_iter44           |    1|   0|    1|          0|
    |ap_enable_reg_pp0_iter45           |    1|   0|    1|          0|
    |ap_enable_reg_pp0_iter46           |    1|   0|    1|          0|
    |ap_enable_reg_pp0_iter47           |    1|   0|    1|          0|
    |ap_enable_reg_pp0_iter48           |    1|   0|    1|          0|
    |ap_enable_reg_pp0_iter49           |    1|   0|    1|          0|
    |ap_enable_reg_pp0_iter5            |    1|   0|    1|          0|
    |ap_enable_reg_pp0_iter50           |    1|   0|    1|          0|
    |ap_enable_reg_pp0_iter51           |    1|   0|    1|          0|
    |ap_enable_reg_pp0_iter52           |    1|   0|    1|          0|
    |ap_enable_reg_pp0_iter53           |    1|   0|    1|          0|
    |ap_enable_reg_pp0_iter54           |    1|   0|    1|          0|
    |ap_enable_reg_pp0_iter55           |    1|   0|    1|          0|
    |ap_enable_reg_pp0_iter56           |    1|   0|    1|          0|
    |ap_enable_reg_pp0_iter57           |    1|   0|    1|          0|
    |ap_enable_reg_pp0_iter58           |    1|   0|    1|          0|
    |ap_enable_reg_pp0_iter59           |    1|   0|    1|          0|
    |ap_enable_reg_pp0_iter6            |    1|   0|    1|          0|
    |ap_enable_reg_pp0_iter60           |    1|   0|    1|          0|
    |ap_enable_reg_pp0_iter61           |    1|   0|    1|          0|
    |ap_enable_reg_pp0_iter62           |    1|   0|    1|          0|
    |ap_enable_reg_pp0_iter63           |    1|   0|    1|          0|
    |ap_enable_reg_pp0_iter64           |    1|   0|    1|          0|
    |ap_enable_reg_pp0_iter65           |    1|   0|    1|          0|
    |ap_enable_reg_pp0_iter66           |    1|   0|    1|          0|
    |ap_enable_reg_pp0_iter67           |    1|   0|    1|          0|
    |ap_enable_reg_pp0_iter68           |    1|   0|    1|          0|
    |ap_enable_reg_pp0_iter69           |    1|   0|    1|          0|
    |ap_enable_reg_pp0_iter7            |    1|   0|    1|          0|
    |ap_enable_reg_pp0_iter70           |    1|   0|    1|          0|
    |ap_enable_reg_pp0_iter71           |    1|   0|    1|          0|
    |ap_enable_reg_pp0_iter8            |    1|   0|    1|          0|
    |ap_enable_reg_pp0_iter9            |    1|   0|    1|          0|
    |ap_loop_exit_ready_pp0_iter10_reg  |    1|   0|    1|          0|
    |ap_loop_exit_ready_pp0_iter11_reg  |    1|   0|    1|          0|
    |ap_loop_exit_ready_pp0_iter12_reg  |    1|   0|    1|          0|
    |ap_loop_exit_ready_pp0_iter13_reg  |    1|   0|    1|          0|
    |ap_loop_exit_ready_pp0_iter14_reg  |    1|   0|    1|          0|
    |ap_loop_exit_ready_pp0_iter15_reg  |    1|   0|    1|          0|
    |ap_loop_exit_ready_pp0_iter16_reg  |    1|   0|    1|          0|
    |ap_loop_exit_ready_pp0_iter17_reg  |    1|   0|    1|          0|
    |ap_loop_exit_ready_pp0_iter18_reg  |    1|   0|    1|          0|
    |ap_loop_exit_ready_pp0_iter19_reg  |    1|   0|    1|          0|
    |ap_loop_exit_ready_pp0_iter1_reg   |    1|   0|    1|          0|
    |ap_loop_exit_ready_pp0_iter20_reg  |    1|   0|    1|          0|
    |ap_loop_exit_ready_pp0_iter21_reg  |    1|   0|    1|          0|
    |ap_loop_exit_ready_pp0_iter22_reg  |    1|   0|    1|          0|
    |ap_loop_exit_ready_pp0_iter23_reg  |    1|   0|    1|          0|
    |ap_loop_exit_ready_pp0_iter24_reg  |    1|   0|    1|          0|
    |ap_loop_exit_ready_pp0_iter25_reg  |    1|   0|    1|          0|
    |ap_loop_exit_ready_pp0_iter26_reg  |    1|   0|    1|          0|
    |ap_loop_exit_ready_pp0_iter27_reg  |    1|   0|    1|          0|
    |ap_loop_exit_ready_pp0_iter28_reg  |    1|   0|    1|          0|
    |ap_loop_exit_ready_pp0_iter29_reg  |    1|   0|    1|          0|
    |ap_loop_exit_ready_pp0_iter2_reg   |    1|   0|    1|          0|
    |ap_loop_exit_ready_pp0_iter30_reg  |    1|   0|    1|          0|
    |ap_loop_exit_ready_pp0_iter31_reg  |    1|   0|    1|          0|
    |ap_loop_exit_ready_pp0_iter32_reg  |    1|   0|    1|          0|
    |ap_loop_exit_ready_pp0_iter33_reg  |    1|   0|    1|          0|
    |ap_loop_exit_ready_pp0_iter34_reg  |    1|   0|    1|          0|
    |ap_loop_exit_ready_pp0_iter35_reg  |    1|   0|    1|          0|
    |ap_loop_exit_ready_pp0_iter36_reg  |    1|   0|    1|          0|
    |ap_loop_exit_ready_pp0_iter37_reg  |    1|   0|    1|          0|
    |ap_loop_exit_ready_pp0_iter38_reg  |    1|   0|    1|          0|
    |ap_loop_exit_ready_pp0_iter39_reg  |    1|   0|    1|          0|
    |ap_loop_exit_ready_pp0_iter3_reg   |    1|   0|    1|          0|
    |ap_loop_exit_ready_pp0_iter40_reg  |    1|   0|    1|          0|
    |ap_loop_exit_ready_pp0_iter41_reg  |    1|   0|    1|          0|
    |ap_loop_exit_ready_pp0_iter42_reg  |    1|   0|    1|          0|
    |ap_loop_exit_ready_pp0_iter43_reg  |    1|   0|    1|          0|
    |ap_loop_exit_ready_pp0_iter44_reg  |    1|   0|    1|          0|
    |ap_loop_exit_ready_pp0_iter45_reg  |    1|   0|    1|          0|
    |ap_loop_exit_ready_pp0_iter46_reg  |    1|   0|    1|          0|
    |ap_loop_exit_ready_pp0_iter47_reg  |    1|   0|    1|          0|
    |ap_loop_exit_ready_pp0_iter48_reg  |    1|   0|    1|          0|
    |ap_loop_exit_ready_pp0_iter49_reg  |    1|   0|    1|          0|
    |ap_loop_exit_ready_pp0_iter4_reg   |    1|   0|    1|          0|
    |ap_loop_exit_ready_pp0_iter50_reg  |    1|   0|    1|          0|
    |ap_loop_exit_ready_pp0_iter51_reg  |    1|   0|    1|          0|
    |ap_loop_exit_ready_pp0_iter52_reg  |    1|   0|    1|          0|
    |ap_loop_exit_ready_pp0_iter53_reg  |    1|   0|    1|          0|
    |ap_loop_exit_ready_pp0_iter54_reg  |    1|   0|    1|          0|
    |ap_loop_exit_ready_pp0_iter55_reg  |    1|   0|    1|          0|
    |ap_loop_exit_ready_pp0_iter56_reg  |    1|   0|    1|          0|
    |ap_loop_exit_ready_pp0_iter57_reg  |    1|   0|    1|          0|
    |ap_loop_exit_ready_pp0_iter58_reg  |    1|   0|    1|          0|
    |ap_loop_exit_ready_pp0_iter59_reg  |    1|   0|    1|          0|
    |ap_loop_exit_ready_pp0_iter5_reg   |    1|   0|    1|          0|
    |ap_loop_exit_ready_pp0_iter60_reg  |    1|   0|    1|          0|
    |ap_loop_exit_ready_pp0_iter61_reg  |    1|   0|    1|          0|
    |ap_loop_exit_ready_pp0_iter62_reg  |    1|   0|    1|          0|
    |ap_loop_exit_ready_pp0_iter63_reg  |    1|   0|    1|          0|
    |ap_loop_exit_ready_pp0_iter64_reg  |    1|   0|    1|          0|
    |ap_loop_exit_ready_pp0_iter65_reg  |    1|   0|    1|          0|
    |ap_loop_exit_ready_pp0_iter66_reg  |    1|   0|    1|          0|
    |ap_loop_exit_ready_pp0_iter67_reg  |    1|   0|    1|          0|
    |ap_loop_exit_ready_pp0_iter68_reg  |    1|   0|    1|          0|
    |ap_loop_exit_ready_pp0_iter69_reg  |    1|   0|    1|          0|
    |ap_loop_exit_ready_pp0_iter6_reg   |    1|   0|    1|          0|
    |ap_loop_exit_ready_pp0_iter70_reg  |    1|   0|    1|          0|
    |ap_loop_exit_ready_pp0_iter7_reg   |    1|   0|    1|          0|
    |ap_loop_exit_ready_pp0_iter8_reg   |    1|   0|    1|          0|
    |ap_loop_exit_ready_pp0_iter9_reg   |    1|   0|    1|          0|
    |empty_49_reg_500                   |    8|   0|    8|          0|
    |empty_50_reg_490                   |    1|   0|    1|          0|
    |empty_53_reg_511                   |   16|   0|   16|          0|
    |empty_54_reg_516                   |  128|   0|  128|          0|
    |loop_index_fu_120                  |   10|   0|   10|          0|
    |p_cast_reg_506                     |   60|   0|   60|          0|
    |phi_mul19_fu_112                   |   20|   0|   20|          0|
    |phi_urem21_fu_108                  |   10|   0|   10|          0|
    |shiftreg_fu_116                    |   56|   0|   56|          0|
    |tmp_2_reg_485                      |    7|   0|    7|          0|
    |tmp_reg_495                        |    1|   0|    1|          0|
    |tmp_reg_495_pp0_iter1_reg          |    1|   0|    1|          0|
    |empty_50_reg_490                   |   64|  32|    1|          0|
    +-----------------------------------+-----+----+-----+-----------+
    |Total                              |  525|  32|  462|          0|
    +-----------------------------------+-----+----+-----+-----------+



================================================================
== Interface
================================================================
* Summary: 
+---------------------+-----+-----+------------+----------------------------------+--------------+
|      RTL Ports      | Dir | Bits|  Protocol  |           Source Object          |    C Type    |
+---------------------+-----+-----+------------+----------------------------------+--------------+
|ap_clk               |   in|    1|  ap_ctrl_hs|  simulatedAnnealingTop_Pipeline_4|  return value|
|ap_rst               |   in|    1|  ap_ctrl_hs|  simulatedAnnealingTop_Pipeline_4|  return value|
|ap_start             |   in|    1|  ap_ctrl_hs|  simulatedAnnealingTop_Pipeline_4|  return value|
|ap_done              |  out|    1|  ap_ctrl_hs|  simulatedAnnealingTop_Pipeline_4|  return value|
|ap_idle              |  out|    1|  ap_ctrl_hs|  simulatedAnnealingTop_Pipeline_4|  return value|
|ap_ready             |  out|    1|  ap_ctrl_hs|  simulatedAnnealingTop_Pipeline_4|  return value|
|m_axi_gmem_AWVALID   |  out|    1|       m_axi|                              gmem|       pointer|
|m_axi_gmem_AWREADY   |   in|    1|       m_axi|                              gmem|       pointer|
|m_axi_gmem_AWADDR    |  out|   64|       m_axi|                              gmem|       pointer|
|m_axi_gmem_AWID      |  out|    1|       m_axi|                              gmem|       pointer|
|m_axi_gmem_AWLEN     |  out|   32|       m_axi|                              gmem|       pointer|
|m_axi_gmem_AWSIZE    |  out|    3|       m_axi|                              gmem|       pointer|
|m_axi_gmem_AWBURST   |  out|    2|       m_axi|                              gmem|       pointer|
|m_axi_gmem_AWLOCK    |  out|    2|       m_axi|                              gmem|       pointer|
|m_axi_gmem_AWCACHE   |  out|    4|       m_axi|                              gmem|       pointer|
|m_axi_gmem_AWPROT    |  out|    3|       m_axi|                              gmem|       pointer|
|m_axi_gmem_AWQOS     |  out|    4|       m_axi|                              gmem|       pointer|
|m_axi_gmem_AWREGION  |  out|    4|       m_axi|                              gmem|       pointer|
|m_axi_gmem_AWUSER    |  out|    1|       m_axi|                              gmem|       pointer|
|m_axi_gmem_WVALID    |  out|    1|       m_axi|                              gmem|       pointer|
|m_axi_gmem_WREADY    |   in|    1|       m_axi|                              gmem|       pointer|
|m_axi_gmem_WDATA     |  out|  128|       m_axi|                              gmem|       pointer|
|m_axi_gmem_WSTRB     |  out|   16|       m_axi|                              gmem|       pointer|
|m_axi_gmem_WLAST     |  out|    1|       m_axi|                              gmem|       pointer|
|m_axi_gmem_WID       |  out|    1|       m_axi|                              gmem|       pointer|
|m_axi_gmem_WUSER     |  out|    1|       m_axi|                              gmem|       pointer|
|m_axi_gmem_ARVALID   |  out|    1|       m_axi|                              gmem|       pointer|
|m_axi_gmem_ARREADY   |   in|    1|       m_axi|                              gmem|       pointer|
|m_axi_gmem_ARADDR    |  out|   64|       m_axi|                              gmem|       pointer|
|m_axi_gmem_ARID      |  out|    1|       m_axi|                              gmem|       pointer|
|m_axi_gmem_ARLEN     |  out|   32|       m_axi|                              gmem|       pointer|
|m_axi_gmem_ARSIZE    |  out|    3|       m_axi|                              gmem|       pointer|
|m_axi_gmem_ARBURST   |  out|    2|       m_axi|                              gmem|       pointer|
|m_axi_gmem_ARLOCK    |  out|    2|       m_axi|                              gmem|       pointer|
|m_axi_gmem_ARCACHE   |  out|    4|       m_axi|                              gmem|       pointer|
|m_axi_gmem_ARPROT    |  out|    3|       m_axi|                              gmem|       pointer|
|m_axi_gmem_ARQOS     |  out|    4|       m_axi|                              gmem|       pointer|
|m_axi_gmem_ARREGION  |  out|    4|       m_axi|                              gmem|       pointer|
|m_axi_gmem_ARUSER    |  out|    1|       m_axi|                              gmem|       pointer|
|m_axi_gmem_RVALID    |   in|    1|       m_axi|                              gmem|       pointer|
|m_axi_gmem_RREADY    |  out|    1|       m_axi|                              gmem|       pointer|
|m_axi_gmem_RDATA     |   in|  128|       m_axi|                              gmem|       pointer|
|m_axi_gmem_RLAST     |   in|    1|       m_axi|                              gmem|       pointer|
|m_axi_gmem_RID       |   in|    1|       m_axi|                              gmem|       pointer|
|m_axi_gmem_RFIFONUM  |   in|    9|       m_axi|                              gmem|       pointer|
|m_axi_gmem_RUSER     |   in|    1|       m_axi|                              gmem|       pointer|
|m_axi_gmem_RRESP     |   in|    2|       m_axi|                              gmem|       pointer|
|m_axi_gmem_BVALID    |   in|    1|       m_axi|                              gmem|       pointer|
|m_axi_gmem_BREADY    |  out|    1|       m_axi|                              gmem|       pointer|
|m_axi_gmem_BRESP     |   in|    2|       m_axi|                              gmem|       pointer|
|m_axi_gmem_BID       |   in|    1|       m_axi|                              gmem|       pointer|
|m_axi_gmem_BUSER     |   in|    1|       m_axi|                              gmem|       pointer|
|c2n_l_V_address0     |  out|    3|   ap_memory|                           c2n_l_V|         array|
|c2n_l_V_ce0          |  out|    1|   ap_memory|                           c2n_l_V|         array|
|c2n_l_V_q0           |   in|  800|   ap_memory|                           c2n_l_V|         array|
|c2n                  |   in|   64|     ap_none|                               c2n|        scalar|
|c2n_cast             |   in|    4|     ap_none|                          c2n_cast|        scalar|
+---------------------+-----+-----+------------+----------------------------------+--------------+

