remark: /home/jeronimocosta/Documentos/GIT/PeR/src/hls/sa_hls/sa_kernel/src/stage4_sa_hls.cpp:60:23: Inlining function 'dist_manhattan(ap_int<8>, ap_int<8>, ap_int<8>, ap_int<8>)' into 'Stage4SaHls::compute(ST3_OUT)'
remark: /home/jeronimocosta/Documentos/GIT/PeR/src/hls/sa_hls/sa_kernel/src/stage4_sa_hls.cpp:56:13: Inlining function 'get_line_column_from_cell(ap_int<8>, ap_int<8>, ap_int<8>, ap_int<8>&, ap_int<8>&)' into 'Stage4SaHls::compute(ST3_OUT)'
remark: /home/jeronimocosta/Documentos/GIT/PeR/src/hls/sa_hls/sa_kernel/src/stage4_sa_hls.cpp:55:13: Inlining function 'get_line_column_from_cell(ap_int<8>, ap_int<8>, ap_int<8>, ap_int<8>&, ap_int<8>&)' into 'Stage4SaHls::compute(ST3_OUT)'
remark: /home/jeronimocosta/Documentos/GIT/PeR/src/hls/sa_hls/sa_kernel/src/stage4_sa_hls.cpp:49:23: Inlining function 'dist_manhattan(ap_int<8>, ap_int<8>, ap_int<8>, ap_int<8>)' into 'Stage4SaHls::compute(ST3_OUT)'
remark: /home/jeronimocosta/Documentos/GIT/PeR/src/hls/sa_hls/sa_kernel/src/stage4_sa_hls.cpp:45:13: Inlining function 'get_line_column_from_cell(ap_int<8>, ap_int<8>, ap_int<8>, ap_int<8>&, ap_int<8>&)' into 'Stage4SaHls::compute(ST3_OUT)'
remark: /home/jeronimocosta/Documentos/GIT/PeR/src/hls/sa_hls/sa_kernel/src/stage4_sa_hls.cpp:44:13: Inlining function 'get_line_column_from_cell(ap_int<8>, ap_int<8>, ap_int<8>, ap_int<8>&, ap_int<8>&)' into 'Stage4SaHls::compute(ST3_OUT)'
remark: /home/jeronimocosta/Documentos/GIT/PeR/src/hls/sa_hls/sa_kernel/src/stage5_sa_hls.cpp:78:23: Inlining function 'dist_manhattan(ap_int<8>, ap_int<8>, ap_int<8>, ap_int<8>)' into 'Stage5SaHls::compute(ST4_OUT)'
remark: /home/jeronimocosta/Documentos/GIT/PeR/src/hls/sa_hls/sa_kernel/src/stage5_sa_hls.cpp:73:17: Inlining function 'get_line_column_from_cell(ap_int<8>, ap_int<8>, ap_int<8>, ap_int<8>&, ap_int<8>&)' into 'Stage5SaHls::compute(ST4_OUT)'
remark: /home/jeronimocosta/Documentos/GIT/PeR/src/hls/sa_hls/sa_kernel/src/stage5_sa_hls.cpp:69:17: Inlining function 'get_line_column_from_cell(ap_int<8>, ap_int<8>, ap_int<8>, ap_int<8>&, ap_int<8>&)' into 'Stage5SaHls::compute(ST4_OUT)'
remark: /home/jeronimocosta/Documentos/GIT/PeR/src/hls/sa_hls/sa_kernel/src/stage5_sa_hls.cpp:66:13: Inlining function 'get_line_column_from_cell(ap_int<8>, ap_int<8>, ap_int<8>, ap_int<8>&, ap_int<8>&)' into 'Stage5SaHls::compute(ST4_OUT)'
remark: /home/jeronimocosta/Documentos/GIT/PeR/src/hls/sa_hls/sa_kernel/src/stage5_sa_hls.cpp:60:23: Inlining function 'dist_manhattan(ap_int<8>, ap_int<8>, ap_int<8>, ap_int<8>)' into 'Stage5SaHls::compute(ST4_OUT)'
remark: /home/jeronimocosta/Documentos/GIT/PeR/src/hls/sa_hls/sa_kernel/src/stage5_sa_hls.cpp:55:17: Inlining function 'get_line_column_from_cell(ap_int<8>, ap_int<8>, ap_int<8>, ap_int<8>&, ap_int<8>&)' into 'Stage5SaHls::compute(ST4_OUT)'
remark: /home/jeronimocosta/Documentos/GIT/PeR/src/hls/sa_hls/sa_kernel/src/stage5_sa_hls.cpp:51:17: Inlining function 'get_line_column_from_cell(ap_int<8>, ap_int<8>, ap_int<8>, ap_int<8>&, ap_int<8>&)' into 'Stage5SaHls::compute(ST4_OUT)'
remark: /home/jeronimocosta/Documentos/GIT/PeR/src/hls/sa_hls/sa_kernel/src/stage5_sa_hls.cpp:48:13: Inlining function 'get_line_column_from_cell(ap_int<8>, ap_int<8>, ap_int<8>, ap_int<8>&, ap_int<8>&)' into 'Stage5SaHls::compute(ST4_OUT)'
remark: /home/jeronimocosta/Documentos/GIT/PeR/src/hls/sa_hls/sa_kernel/src/pipeline_sa_hls.cpp:32:6: Inlining function 'Stage0SaHls::compute()' into 'PipelineSaHls::exec_pipeline(ap_int<8>*, ap_int<8>*, ap_int<8>*)'
remark: /home/jeronimocosta/Documentos/GIT/PeR/src/hls/sa_hls/sa_kernel/src/pipeline_sa_hls.cpp:41:13: Inlining function 'Stage9SaHls::compute(ST8_OUT)' into 'PipelineSaHls::exec_pipeline(ap_int<8>*, ap_int<8>*, ap_int<8>*)'
remark: /home/jeronimocosta/Documentos/GIT/PeR/src/hls/sa_hls/sa_kernel/src/pipeline_sa_hls.cpp:40:13: Inlining function 'Stage8SaHls::compute(ST7_OUT)' into 'PipelineSaHls::exec_pipeline(ap_int<8>*, ap_int<8>*, ap_int<8>*)'
remark: /home/jeronimocosta/Documentos/GIT/PeR/src/hls/sa_hls/sa_kernel/src/pipeline_sa_hls.cpp:39:13: Inlining function 'Stage7SaHls::compute(ST6_OUT)' into 'PipelineSaHls::exec_pipeline(ap_int<8>*, ap_int<8>*, ap_int<8>*)'
remark: /home/jeronimocosta/Documentos/GIT/PeR/src/hls/sa_hls/sa_kernel/src/pipeline_sa_hls.cpp:38:13: Inlining function 'Stage6SaHls::compute(ST5_OUT)' into 'PipelineSaHls::exec_pipeline(ap_int<8>*, ap_int<8>*, ap_int<8>*)'
remark: /home/jeronimocosta/Documentos/GIT/PeR/src/hls/sa_hls/sa_kernel/src/pipeline_sa_hls.cpp:37:13: Inlining function 'Stage5SaHls::compute(ST4_OUT)' into 'PipelineSaHls::exec_pipeline(ap_int<8>*, ap_int<8>*, ap_int<8>*)'
remark: /home/jeronimocosta/Documentos/GIT/PeR/src/hls/sa_hls/sa_kernel/src/pipeline_sa_hls.cpp:33:13: Inlining function 'Stage1SaHls::compute(ST0_OUT, ST9_OUT, W, ap_int<8>*)' into 'PipelineSaHls::exec_pipeline(ap_int<8>*, ap_int<8>*, ap_int<8>*)'
remark: /home/jeronimocosta/Documentos/GIT/PeR/src/hls/sa_hls/sa_kernel/src/pipeline_sa_hls.cpp:34:13: Inlining function 'Stage2SaHls::compute(ST1_OUT, ap_int<8>*)' into 'PipelineSaHls::exec_pipeline(ap_int<8>*, ap_int<8>*, ap_int<8>*)'
remark: /home/jeronimocosta/Documentos/GIT/PeR/src/hls/sa_hls/sa_kernel/src/pipeline_sa_hls.cpp:35:13: Inlining function 'Stage3SaHls::compute(ST2_OUT, W, ap_int<8>*)' into 'PipelineSaHls::exec_pipeline(ap_int<8>*, ap_int<8>*, ap_int<8>*)'
remark: /home/jeronimocosta/Documentos/GIT/PeR/src/hls/sa_hls/sa_kernel/src/pipeline_sa_hls.cpp:36:13: Inlining function 'Stage4SaHls::compute(ST3_OUT)' into 'PipelineSaHls::exec_pipeline(ap_int<8>*, ap_int<8>*, ap_int<8>*)'
remark: /home/jeronimocosta/Documentos/GIT/PeR/src/hls/sa_hls/sa_kernel/src/stage2_sa_hls.cpp:19:22: Loop 'VITIS_LOOP_19_1' is marked as complete unroll implied by the pipeline pragma
remark: /home/jeronimocosta/Documentos/GIT/PeR/src/hls/sa_hls/sa_kernel/src/stage2_sa_hls.cpp:62:26: Loop 'VITIS_LOOP_62_2' is marked as complete unroll implied by the pipeline pragma
remark: /home/jeronimocosta/Documentos/GIT/PeR/src/hls/sa_hls/sa_kernel/src/stage2_sa_hls.cpp:79:26: Loop 'VITIS_LOOP_79_3' is marked as complete unroll implied by the pipeline pragma
remark: /home/jeronimocosta/Documentos/GIT/PeR/src/hls/sa_hls/sa_kernel/src/stage2_sa_hls.cpp:99:22: Loop 'VITIS_LOOP_99_4' is marked as complete unroll implied by the pipeline pragma
remark: /home/jeronimocosta/Documentos/GIT/PeR/src/hls/sa_hls/sa_kernel/src/stage3_sa_hls.cpp:28:22: Loop 'VITIS_LOOP_28_1' is marked as complete unroll implied by the pipeline pragma
remark: /home/jeronimocosta/Documentos/GIT/PeR/src/hls/sa_hls/sa_kernel/src/stage3_sa_hls.cpp:107:23: Loop 'VITIS_LOOP_107_2' is marked as complete unroll implied by the pipeline pragma
remark: /home/jeronimocosta/Documentos/GIT/PeR/src/hls/sa_hls/sa_kernel/src/stage3_sa_hls.cpp:137:23: Loop 'VITIS_LOOP_137_3' is marked as complete unroll implied by the pipeline pragma
remark: /home/jeronimocosta/Documentos/GIT/PeR/src/hls/sa_hls/sa_kernel/src/stage4_sa_hls.cpp:13:22: Loop 'VITIS_LOOP_13_1' is marked as complete unroll implied by the pipeline pragma
remark: /home/jeronimocosta/Documentos/GIT/PeR/src/hls/sa_hls/sa_kernel/src/stage4_sa_hls.cpp:35:22: Loop 'VITIS_LOOP_35_2' is marked as complete unroll implied by the pipeline pragma
remark: /home/jeronimocosta/Documentos/GIT/PeR/src/hls/sa_hls/sa_kernel/src/stage4_sa_hls.cpp:69:22: Loop 'VITIS_LOOP_69_3' is marked as complete unroll implied by the pipeline pragma
remark: /home/jeronimocosta/Documentos/GIT/PeR/src/hls/sa_hls/sa_kernel/src/stage5_sa_hls.cpp:11:22: Loop 'VITIS_LOOP_11_1' is marked as complete unroll implied by the pipeline pragma
remark: /home/jeronimocosta/Documentos/GIT/PeR/src/hls/sa_hls/sa_kernel/src/stage5_sa_hls.cpp:19:22: Loop 'VITIS_LOOP_19_2' is marked as complete unroll implied by the pipeline pragma
remark: /home/jeronimocosta/Documentos/GIT/PeR/src/hls/sa_hls/sa_kernel/src/stage5_sa_hls.cpp:39:22: Loop 'VITIS_LOOP_39_3' is marked as complete unroll implied by the pipeline pragma
remark: /home/jeronimocosta/Documentos/GIT/PeR/src/hls/sa_hls/sa_kernel/src/stage5_sa_hls.cpp:85:22: Loop 'VITIS_LOOP_85_4' is marked as complete unroll implied by the pipeline pragma
remark: /home/jeronimocosta/Documentos/GIT/PeR/src/hls/sa_hls/sa_kernel/src/stage5_sa_hls.cpp:93:22: Loop 'VITIS_LOOP_93_5' is marked as complete unroll implied by the pipeline pragma
remark: /home/jeronimocosta/Documentos/GIT/PeR/src/hls/sa_hls/sa_kernel/src/stage6_sa_hls.cpp:13:22: Loop 'VITIS_LOOP_13_1' is marked as complete unroll implied by the pipeline pragma
remark: /home/jeronimocosta/Documentos/GIT/PeR/src/hls/sa_hls/sa_kernel/src/stage6_sa_hls.cpp:34:22: Loop 'VITIS_LOOP_34_2' is marked as complete unroll implied by the pipeline pragma
remark: /home/jeronimocosta/Documentos/GIT/PeR/src/hls/sa_hls/sa_kernel/src/pipeline_sa_hls.cpp:14:0: Unrolling loop 'VITIS_LOOP_19_1' (/home/jeronimocosta/Documentos/GIT/PeR/src/hls/sa_hls/sa_kernel/src/stage2_sa_hls.cpp:19:22) in function 'PipelineSaHls::exec_pipeline' completely with a factor of 4
remark: /home/jeronimocosta/Documentos/GIT/PeR/src/hls/sa_hls/sa_kernel/src/pipeline_sa_hls.cpp:14:0: Unrolling loop 'VITIS_LOOP_62_2' (/home/jeronimocosta/Documentos/GIT/PeR/src/hls/sa_hls/sa_kernel/src/stage2_sa_hls.cpp:62:26) in function 'PipelineSaHls::exec_pipeline' completely with a factor of 4
remark: /home/jeronimocosta/Documentos/GIT/PeR/src/hls/sa_hls/sa_kernel/src/pipeline_sa_hls.cpp:14:0: Unrolling loop 'VITIS_LOOP_79_3' (/home/jeronimocosta/Documentos/GIT/PeR/src/hls/sa_hls/sa_kernel/src/stage2_sa_hls.cpp:79:26) in function 'PipelineSaHls::exec_pipeline' completely with a factor of 4
remark: /home/jeronimocosta/Documentos/GIT/PeR/src/hls/sa_hls/sa_kernel/src/pipeline_sa_hls.cpp:14:0: Unrolling loop 'VITIS_LOOP_99_4' (/home/jeronimocosta/Documentos/GIT/PeR/src/hls/sa_hls/sa_kernel/src/stage2_sa_hls.cpp:99:22) in function 'PipelineSaHls::exec_pipeline' completely with a factor of 4
remark: /home/jeronimocosta/Documentos/GIT/PeR/src/hls/sa_hls/sa_kernel/src/pipeline_sa_hls.cpp:14:0: Unrolling loop 'VITIS_LOOP_28_1' (/home/jeronimocosta/Documentos/GIT/PeR/src/hls/sa_hls/sa_kernel/src/stage3_sa_hls.cpp:28:22) in function 'PipelineSaHls::exec_pipeline' completely with a factor of 4
remark: /home/jeronimocosta/Documentos/GIT/PeR/src/hls/sa_hls/sa_kernel/src/pipeline_sa_hls.cpp:14:0: Unrolling loop 'VITIS_LOOP_107_2' (/home/jeronimocosta/Documentos/GIT/PeR/src/hls/sa_hls/sa_kernel/src/stage3_sa_hls.cpp:107:23) in function 'PipelineSaHls::exec_pipeline' completely with a factor of 4
remark: /home/jeronimocosta/Documentos/GIT/PeR/src/hls/sa_hls/sa_kernel/src/pipeline_sa_hls.cpp:14:0: Unrolling loop 'VITIS_LOOP_137_3' (/home/jeronimocosta/Documentos/GIT/PeR/src/hls/sa_hls/sa_kernel/src/stage3_sa_hls.cpp:137:23) in function 'PipelineSaHls::exec_pipeline' completely with a factor of 4
remark: /home/jeronimocosta/Documentos/GIT/PeR/src/hls/sa_hls/sa_kernel/src/pipeline_sa_hls.cpp:14:0: Unrolling loop 'VITIS_LOOP_13_1' (/home/jeronimocosta/Documentos/GIT/PeR/src/hls/sa_hls/sa_kernel/src/stage4_sa_hls.cpp:13:22) in function 'PipelineSaHls::exec_pipeline' completely with a factor of 4
remark: /home/jeronimocosta/Documentos/GIT/PeR/src/hls/sa_hls/sa_kernel/src/pipeline_sa_hls.cpp:14:0: Unrolling loop 'VITIS_LOOP_35_2' (/home/jeronimocosta/Documentos/GIT/PeR/src/hls/sa_hls/sa_kernel/src/stage4_sa_hls.cpp:35:22) in function 'PipelineSaHls::exec_pipeline' completely with a factor of 4
remark: /home/jeronimocosta/Documentos/GIT/PeR/src/hls/sa_hls/sa_kernel/src/pipeline_sa_hls.cpp:14:0: Unrolling loop 'VITIS_LOOP_69_3' (/home/jeronimocosta/Documentos/GIT/PeR/src/hls/sa_hls/sa_kernel/src/stage4_sa_hls.cpp:69:22) in function 'PipelineSaHls::exec_pipeline' completely with a factor of 4
remark: /home/jeronimocosta/Documentos/GIT/PeR/src/hls/sa_hls/sa_kernel/src/pipeline_sa_hls.cpp:14:0: Unrolling loop 'VITIS_LOOP_11_1' (/home/jeronimocosta/Documentos/GIT/PeR/src/hls/sa_hls/sa_kernel/src/stage5_sa_hls.cpp:11:22) in function 'PipelineSaHls::exec_pipeline' completely with a factor of 2
remark: /home/jeronimocosta/Documentos/GIT/PeR/src/hls/sa_hls/sa_kernel/src/pipeline_sa_hls.cpp:14:0: Unrolling loop 'VITIS_LOOP_19_2' (/home/jeronimocosta/Documentos/GIT/PeR/src/hls/sa_hls/sa_kernel/src/stage5_sa_hls.cpp:19:22) in function 'PipelineSaHls::exec_pipeline' completely with a factor of 4
remark: /home/jeronimocosta/Documentos/GIT/PeR/src/hls/sa_hls/sa_kernel/src/pipeline_sa_hls.cpp:14:0: Unrolling loop 'VITIS_LOOP_39_3' (/home/jeronimocosta/Documentos/GIT/PeR/src/hls/sa_hls/sa_kernel/src/stage5_sa_hls.cpp:39:22) in function 'PipelineSaHls::exec_pipeline' completely with a factor of 4
remark: /home/jeronimocosta/Documentos/GIT/PeR/src/hls/sa_hls/sa_kernel/src/pipeline_sa_hls.cpp:14:0: Unrolling loop 'VITIS_LOOP_85_4' (/home/jeronimocosta/Documentos/GIT/PeR/src/hls/sa_hls/sa_kernel/src/stage5_sa_hls.cpp:85:22) in function 'PipelineSaHls::exec_pipeline' completely with a factor of 2
remark: /home/jeronimocosta/Documentos/GIT/PeR/src/hls/sa_hls/sa_kernel/src/pipeline_sa_hls.cpp:14:0: Unrolling loop 'VITIS_LOOP_93_5' (/home/jeronimocosta/Documentos/GIT/PeR/src/hls/sa_hls/sa_kernel/src/stage5_sa_hls.cpp:93:22) in function 'PipelineSaHls::exec_pipeline' completely with a factor of 4
remark: /home/jeronimocosta/Documentos/GIT/PeR/src/hls/sa_hls/sa_kernel/src/pipeline_sa_hls.cpp:14:0: Unrolling loop 'VITIS_LOOP_13_1' (/home/jeronimocosta/Documentos/GIT/PeR/src/hls/sa_hls/sa_kernel/src/stage6_sa_hls.cpp:13:22) in function 'PipelineSaHls::exec_pipeline' completely with a factor of 2
remark: /home/jeronimocosta/Documentos/GIT/PeR/src/hls/sa_hls/sa_kernel/src/pipeline_sa_hls.cpp:14:0: Unrolling loop 'VITIS_LOOP_34_2' (/home/jeronimocosta/Documentos/GIT/PeR/src/hls/sa_hls/sa_kernel/src/stage6_sa_hls.cpp:34:22) in function 'PipelineSaHls::exec_pipeline' completely with a factor of 2
remark: /home/jeronimocosta/Documentos/GIT/PeR/src/hls/sa_hls/sa_kernel/src/fifo_sa_hls.cpp:11:0: Inlining function 'FifoSaHls::isFull() const (.472.490.510.528.548.566.586.604.624.642.662.680.700.718.738.756.776.794.814.832)' into 'FifoSaHls::enqueue(W)'
remark: /home/jeronimocosta/Documentos/GIT/PeR/src/hls/sa_hls/sa_kernel/src/stage1_sa_hls.cpp:4:0: Inlining function 'FifoSaHls::FifoSaHls()' into 'Stage1SaHls::Stage1SaHls()'
remark: /home/jeronimocosta/Documentos/GIT/PeR/src/hls/sa_hls/sa_kernel/src/stage1_sa_hls.cpp:4:0: Inlining function 'FifoSaHls::enqueue(W)' into 'Stage1SaHls::Stage1SaHls()'
remark: /home/jeronimocosta/Documentos/GIT/PeR/src/hls/sa_hls/sa_kernel/src/fifo_sa_hls.cpp:22:0: Inlining function 'FifoSaHls::isEmpty() const (.481.496.519.534.557.572.595.610.633.648.671.686.709.724.747.762.785.800.823.838)' into 'FifoSaHls::dequeue()'
remark: /home/jeronimocosta/Documentos/GIT/PeR/src/hls/sa_hls/sa_kernel/src/pipeline_sa_hls.cpp:14:0: Inlining function 'Stage0SaHls::Stage0SaHls()' into 'PipelineSaHls::exec_pipeline(ap_int<8>*, ap_int<8>*, ap_int<8>*)'
remark: /home/jeronimocosta/Documentos/GIT/PeR/src/hls/sa_hls/sa_kernel/src/pipeline_sa_hls.cpp:14:0: Inlining function 'Stage1SaHls::Stage1SaHls()' into 'PipelineSaHls::exec_pipeline(ap_int<8>*, ap_int<8>*, ap_int<8>*)'
remark: /home/jeronimocosta/Documentos/GIT/PeR/src/hls/sa_hls/sa_kernel/src/pipeline_sa_hls.cpp:14:0: Inlining function 'Stage2SaHls::Stage2SaHls()' into 'PipelineSaHls::exec_pipeline(ap_int<8>*, ap_int<8>*, ap_int<8>*)'
remark: /home/jeronimocosta/Documentos/GIT/PeR/src/hls/sa_hls/sa_kernel/src/pipeline_sa_hls.cpp:14:0: Inlining function 'Stage3SaHls::Stage3SaHls()' into 'PipelineSaHls::exec_pipeline(ap_int<8>*, ap_int<8>*, ap_int<8>*)'
remark: /home/jeronimocosta/Documentos/GIT/PeR/src/hls/sa_hls/sa_kernel/src/pipeline_sa_hls.cpp:14:0: Inlining function 'Stage4SaHls::Stage4SaHls()' into 'PipelineSaHls::exec_pipeline(ap_int<8>*, ap_int<8>*, ap_int<8>*)'
remark: /home/jeronimocosta/Documentos/GIT/PeR/src/hls/sa_hls/sa_kernel/src/pipeline_sa_hls.cpp:14:0: Inlining function 'Stage5SaHls::Stage5SaHls()' into 'PipelineSaHls::exec_pipeline(ap_int<8>*, ap_int<8>*, ap_int<8>*)'
remark: /home/jeronimocosta/Documentos/GIT/PeR/src/hls/sa_hls/sa_kernel/src/pipeline_sa_hls.cpp:14:0: Inlining function 'Stage6SaHls::Stage6SaHls()' into 'PipelineSaHls::exec_pipeline(ap_int<8>*, ap_int<8>*, ap_int<8>*)'
remark: /home/jeronimocosta/Documentos/GIT/PeR/src/hls/sa_hls/sa_kernel/src/pipeline_sa_hls.cpp:14:0: Inlining function 'Stage7SaHls::Stage7SaHls()' into 'PipelineSaHls::exec_pipeline(ap_int<8>*, ap_int<8>*, ap_int<8>*)'
remark: /home/jeronimocosta/Documentos/GIT/PeR/src/hls/sa_hls/sa_kernel/src/pipeline_sa_hls.cpp:14:0: Inlining function 'Stage8SaHls::Stage8SaHls()' into 'PipelineSaHls::exec_pipeline(ap_int<8>*, ap_int<8>*, ap_int<8>*)'
remark: /home/jeronimocosta/Documentos/GIT/PeR/src/hls/sa_hls/sa_kernel/src/pipeline_sa_hls.cpp:14:0: Inlining function 'Stage9SaHls::Stage9SaHls()' into 'PipelineSaHls::exec_pipeline(ap_int<8>*, ap_int<8>*, ap_int<8>*)'
remark: /home/jeronimocosta/Documentos/GIT/PeR/src/hls/sa_hls/sa_kernel/src/pipeline_sa_hls.cpp:14:0: Inlining function 'FifoSaHls::enqueue(W)' into 'PipelineSaHls::exec_pipeline(ap_int<8>*, ap_int<8>*, ap_int<8>*)'
remark: /home/jeronimocosta/Documentos/GIT/PeR/src/hls/sa_hls/sa_kernel/src/pipeline_sa_hls.cpp:14:0: Inlining function 'FifoSaHls::dequeue()' into 'PipelineSaHls::exec_pipeline(ap_int<8>*, ap_int<8>*, ap_int<8>*)'
remark: /home/jeronimocosta/Documentos/GIT/PeR/src/hls/sa_hls/sa_kernel/saTop.cpp:14:12: Applying array_reshape to 'n2c_l': Block reshaping with factor 100 on dimension 1.
remark: /home/jeronimocosta/Documentos/GIT/PeR/src/hls/sa_hls/sa_kernel/saTop.cpp:15:15: Applying array_reshape to 'c2n_l': Block reshaping with factor 100 on dimension 1.
remark: /home/jeronimocosta/Documentos/GIT/PeR/src/hls/sa_hls/sa_kernel/saTop.cpp:16:15: Applying array_reshape to 'n_l': Block reshaping with factor 4 on dimension 1.
remark: /home/jeronimocosta/Documentos/GIT/PeR/src/hls/sa_hls/sa_kernel/saTop.cpp:24:2: Sequential read of length 600 has been inferred _XLX_SEP_ OldID=load-store-loop8.load.3,  _XLX_SEP_ n2cseq n2c gmem anonymous /home/jeronimocosta/Documentos/GIT/PeR/src/hls/sa_hls/sa_kernel/saTop.cpp:24:2 simulatedAnnealingTop 
remark: /home/jeronimocosta/Documentos/GIT/PeR/src/hls/sa_hls/sa_kernel/saTop.cpp:25:5: Sequential read of length 600 has been inferred _XLX_SEP_ OldID=load-store-loop5.load.3,  _XLX_SEP_ c2nseq c2n gmem anonymous /home/jeronimocosta/Documentos/GIT/PeR/src/hls/sa_hls/sa_kernel/saTop.cpp:25:5 simulatedAnnealingTop 
remark: /home/jeronimocosta/Documentos/GIT/PeR/src/hls/sa_hls/sa_kernel/saTop.cpp:26:5: Sequential read of length 400 has been inferred _XLX_SEP_ OldID=load-store-loop2.load.3,  _XLX_SEP_ nseq n gmem anonymous /home/jeronimocosta/Documentos/GIT/PeR/src/hls/sa_hls/sa_kernel/saTop.cpp:26:5 simulatedAnnealingTop 
remark: /home/jeronimocosta/Documentos/GIT/PeR/src/hls/sa_hls/sa_kernel/saTop.cpp:31:5: Sequential write of length 600 has been inferred _XLX_SEP_ OldID=load-store-loop.store.9,  _XLX_SEP_ c2nseq10 c2n gmem anonymous /home/jeronimocosta/Documentos/GIT/PeR/src/hls/sa_hls/sa_kernel/saTop.cpp:31:5 simulatedAnnealingTop 
remark: /home/jeronimocosta/Documentos/GIT/PeR/src/hls/sa_hls/sa_kernel/saTop.cpp:31:5: Sequential write of 600 x 8bit words has been widened by 8: 75 x 64bit words _XLX_SEP_ OldID=c2nseq10,  _XLX_SEP_ wseq c2n gmem anonymous /home/jeronimocosta/Documentos/GIT/PeR/src/hls/sa_hls/sa_kernel/saTop.cpp:31:5 simulatedAnnealingTop 
remark: /home/jeronimocosta/Documentos/GIT/PeR/src/hls/sa_hls/sa_kernel/saTop.cpp:26:5: Sequential read of 400 x 8bit words has been widened by 16: 25 x 128bit words _XLX_SEP_ OldID=nseq,  _XLX_SEP_ wseq11 n gmem anonymous /home/jeronimocosta/Documentos/GIT/PeR/src/hls/sa_hls/sa_kernel/saTop.cpp:26:5 simulatedAnnealingTop 
remark: /home/jeronimocosta/Documentos/GIT/PeR/src/hls/sa_hls/sa_kernel/saTop.cpp:25:5: Sequential read of 600 x 8bit words has been widened by 8: 75 x 64bit words _XLX_SEP_ OldID=c2nseq,  _XLX_SEP_ wseq13 c2n gmem anonymous /home/jeronimocosta/Documentos/GIT/PeR/src/hls/sa_hls/sa_kernel/saTop.cpp:25:5 simulatedAnnealingTop 
remark: /home/jeronimocosta/Documentos/GIT/PeR/src/hls/sa_hls/sa_kernel/saTop.cpp:24:2: Sequential read of 600 x 8bit words has been widened by 8: 75 x 64bit words _XLX_SEP_ OldID=n2cseq,  _XLX_SEP_ wseq15 n2c gmem anonymous /home/jeronimocosta/Documentos/GIT/PeR/src/hls/sa_hls/sa_kernel/saTop.cpp:24:2 simulatedAnnealingTop 
remark: /home/jeronimocosta/Documentos/GIT/PeR/src/hls/sa_hls/sa_kernel/saTop.cpp:24:2: Inferred burst reverted due to burst accesses data width is different from m_axi port width _XLX_SEP_ wseq15  n2c simulatedAnnealingTop 
remark: /home/jeronimocosta/Documentos/GIT/PeR/src/hls/sa_hls/sa_kernel/saTop.cpp:25:5: Inferred burst reverted due to burst accesses data width is different from m_axi port width _XLX_SEP_ wseq13  c2n simulatedAnnealingTop 
remark: /home/jeronimocosta/Documentos/GIT/PeR/src/hls/sa_hls/sa_kernel/saTop.cpp:31:5: Inferred burst reverted due to burst accesses data width is different from m_axi port width _XLX_SEP_ wseq  c2n simulatedAnnealingTop 
remark: /home/jeronimocosta/Documentos/GIT/PeR/src/hls/sa_hls/sa_kernel/saTop.cpp:26:5: Multiple burst reads of length 25 and bit width 128 has been inferred. These burst requests might be further partitioned into multiple requests during RTL generation, based on max_read_burst_length or max_write_burst_length settings. _XLX_SEP_ seq  gmem simulatedAnnealingTop 
remark: /home/jeronimocosta/Documentos/GIT/PeR/src/hls/sa_hls/sa_kernel/saTop.cpp:26:5: Multiple burst reads of length 25 and bit width 128 has been inferred on bundle 'gmem'. These burst requests might be further partitioned into multiple requests during RTL generation, based on max_read_burst_length or max_write_burst_length settings.
