/home/jeronimocosta/Documentos/GIT/PeR/src/hls/sa_hls/sa_kernel/prj_ob/simulatedAnnealingTop/.autopilot/db/pipeline_sa_hls.pp.0.cpp:1337:7: warning: Added loop label VITIS_LOOP_1211_1:   [xilinx-label-all-loops]
      for (i = 0; i < __N - 1; ++i) {
      ^~~
      VITIS_LOOP_1211_1: 
/home/jeronimocosta/Documentos/GIT/PeR/src/hls/sa_hls/sa_kernel/prj_ob/simulatedAnnealingTop/.autopilot/db/pipeline_sa_hls.pp.0.cpp:1337:7: note: FIX-IT applied suggested code changes
/home/jeronimocosta/Documentos/GIT/PeR/src/hls/sa_hls/sa_kernel/prj_ob/simulatedAnnealingTop/.autopilot/db/pipeline_sa_hls.pp.0.cpp:2311:5: warning: Added loop label VITIS_LOOP_676_1:   [xilinx-label-all-loops]
    for (unsigned i = low; i != high; ++i) {
    ^~~
    VITIS_LOOP_676_1: 
/home/jeronimocosta/Documentos/GIT/PeR/src/hls/sa_hls/sa_kernel/prj_ob/simulatedAnnealingTop/.autopilot/db/pipeline_sa_hls.pp.0.cpp:2311:5: note: FIX-IT applied suggested code changes
/home/jeronimocosta/Documentos/GIT/PeR/src/hls/sa_hls/sa_kernel/prj_ob/simulatedAnnealingTop/.autopilot/db/pipeline_sa_hls.pp.0.cpp:2325:5: warning: Added loop label VITIS_LOOP_690_1:   [xilinx-label-all-loops]
    for (unsigned i = low; i != high; ++i) {
    ^~~
    VITIS_LOOP_690_1: 
/home/jeronimocosta/Documentos/GIT/PeR/src/hls/sa_hls/sa_kernel/prj_ob/simulatedAnnealingTop/.autopilot/db/pipeline_sa_hls.pp.0.cpp:2325:5: note: FIX-IT applied suggested code changes
/home/jeronimocosta/Documentos/GIT/PeR/src/hls/sa_hls/sa_kernel/prj_ob/simulatedAnnealingTop/.autopilot/db/pipeline_sa_hls.pp.0.cpp:2339:5: warning: Added loop label VITIS_LOOP_704_1:   [xilinx-label-all-loops]
    for (unsigned i = low; i != high; ++i) {
    ^~~
    VITIS_LOOP_704_1: 
/home/jeronimocosta/Documentos/GIT/PeR/src/hls/sa_hls/sa_kernel/prj_ob/simulatedAnnealingTop/.autopilot/db/pipeline_sa_hls.pp.0.cpp:2339:5: note: FIX-IT applied suggested code changes
/home/jeronimocosta/Documentos/GIT/PeR/src/hls/sa_hls/sa_kernel/prj_ob/simulatedAnnealingTop/.autopilot/db/pipeline_sa_hls.pp.0.cpp:3950:7: warning: Added loop label VITIS_LOOP_1245_1:   [xilinx-label-all-loops]
      for (i = 0; i < __N - 1; ++i) {
      ^~~
      VITIS_LOOP_1245_1: 
/home/jeronimocosta/Documentos/GIT/PeR/src/hls/sa_hls/sa_kernel/prj_ob/simulatedAnnealingTop/.autopilot/db/pipeline_sa_hls.pp.0.cpp:3950:7: note: FIX-IT applied suggested code changes
/home/jeronimocosta/Documentos/GIT/PeR/src/hls/sa_hls/sa_kernel/prj_ob/simulatedAnnealingTop/.autopilot/db/pipeline_sa_hls.pp.0.cpp:12279:5: warning: Added loop label VITIS_LOOP_27_1:   [xilinx-label-all-loops]
    for (long counter = 0; counter < (10000 * 1000); counter++)
    ^~~
    VITIS_LOOP_27_1: 
/home/jeronimocosta/Documentos/GIT/PeR/src/hls/sa_hls/sa_kernel/prj_ob/simulatedAnnealingTop/.autopilot/db/pipeline_sa_hls.pp.0.cpp:12279:5: note: FIX-IT applied suggested code changes
