

================================================================
== Vitis HLS Report for 'simulatedAnnealingTop'
================================================================
* Date:           Tue Mar 19 21:35:29 2024

* Version:        2022.2 (Build 3670227 on Oct 13 2022)
* Project:        prj_ob
* Solution:       simulatedAnnealingTop (Vitis Kernel Flow Target)
* Product family: virtexuplus
* Target device:  xcu55c-fsvh2892-2L-e


================================================================
== Performance Estimates
================================================================
+ Timing: 
    * Summary: 
    +--------+---------+----------+------------+
    |  Clock |  Target | Estimated| Uncertainty|
    +--------+---------+----------+------------+
    |ap_clk  |  3.12 ns|  2.423 ns|     0.84 ns|
    +--------+---------+----------+------------+

+ Latency: 
    * Summary: 
    +-----------+-----------+-----------+-----------+-----------+-----------+---------+
    |    Latency (cycles)   |   Latency (absolute)  |        Interval       | Pipeline|
    |    min    |    max    |    min    |    max    |    min    |    max    |   Type  |
    +-----------+-----------+-----------+-----------+-----------+-----------+---------+
    |  120002581|  120002581|  0.375 sec|  0.375 sec|  120002582|  120002582|       no|
    +-----------+-----------+-----------+-----------+-----------+-----------+---------+

    + Detail: 
        * Instance: 
        N/A

        * Loop: 
        N/A

============================================================
+ Verbose Summary: Synthesis Manager
============================================================
InlineROM: 1
ExposeGlobal: 0
============================================================
+ Verbose Summary: CDFG Model
============================================================
IsTopModel: 1
ResetActiveHigh: 1
IsCombinational: 0
IsDatapathOnly: 0
HasWiredReturn: 1
HasMFsm: 0
HasVarLatency: 1
IsPipeline: 0
IsRtlPipelined: 0
IsInstanceOverlapped: 0
IsDontTouch: 0
HasImplIP: 0
IsGatedGlobalClock: 0


============================================================
+ Verbose Summary: Schedule
============================================================
* Number of FSM states : 80
* Pipeline : 0
* Dataflow Pipeline: 0

* FSM state transitions: 
1 --> 2 
2 --> 3 
3 --> 4 
4 --> 5 
5 --> 6 
6 --> 7 
7 --> 8 
8 --> 9 
9 --> 10 
10 --> 11 
11 --> 12 
12 --> 13 
13 --> 14 
14 --> 15 
15 --> 16 
16 --> 17 
17 --> 18 
18 --> 19 
19 --> 20 
20 --> 21 
21 --> 22 
22 --> 23 
23 --> 24 
24 --> 25 
25 --> 26 
26 --> 27 
27 --> 28 
28 --> 29 
29 --> 30 
30 --> 31 
31 --> 32 
32 --> 33 
33 --> 34 
34 --> 35 
35 --> 36 
36 --> 37 
37 --> 38 
38 --> 39 
39 --> 40 
40 --> 41 
41 --> 42 
42 --> 43 
43 --> 44 
44 --> 45 
45 --> 46 
46 --> 47 
47 --> 48 
48 --> 49 
49 --> 50 
50 --> 51 
51 --> 52 
52 --> 53 
53 --> 54 
54 --> 55 
55 --> 56 
56 --> 57 
57 --> 58 
58 --> 59 
59 --> 60 
60 --> 61 
61 --> 62 
62 --> 63 
63 --> 64 
64 --> 65 
65 --> 66 
66 --> 67 
67 --> 68 
68 --> 69 
69 --> 70 
70 --> 71 
71 --> 72 
72 --> 73 
73 --> 74 
74 --> 75 
75 --> 76 
76 --> 77 
77 --> 78 
78 --> 79 
79 --> 80 
80 --> 

* FSM state operations: 

State 1 <SV = 0> <Delay = 2.14>
ST_1 : Operation 81 [1/1] (1.00ns)   --->   "%n_read = read i64 @_ssdm_op_Read.s_axilite.i64, i64 %n"   --->   Operation 81 'read' 'n_read' <Predicate = true> <Delay = 1.00> <CoreInst = "s_axilite">   --->   Core 122 's_axilite' <Latency = 0> <II = 1> <Delay = 1.00> <Adapter> <Opcode : 'read' 'write'>
ST_1 : Operation 82 [1/1] (1.00ns)   --->   "%c2n_read = read i64 @_ssdm_op_Read.s_axilite.i64, i64 %c2n"   --->   Operation 82 'read' 'c2n_read' <Predicate = true> <Delay = 1.00> <CoreInst = "s_axilite">   --->   Core 122 's_axilite' <Latency = 0> <II = 1> <Delay = 1.00> <Adapter> <Opcode : 'read' 'write'>
ST_1 : Operation 83 [1/1] (1.00ns)   --->   "%n2c_read = read i64 @_ssdm_op_Read.s_axilite.i64, i64 %n2c"   --->   Operation 83 'read' 'n2c_read' <Predicate = true> <Delay = 1.00> <CoreInst = "s_axilite">   --->   Core 122 's_axilite' <Latency = 0> <II = 1> <Delay = 1.00> <Adapter> <Opcode : 'read' 'write'>
ST_1 : Operation 84 [1/1] (0.00ns)   --->   "%n2c_l_V = alloca i64 1" [/home/jeronimocosta/Documentos/GIT/PeR/src/hls/sa_hls/sa_kernel/saTop.cpp:14]   --->   Operation 84 'alloca' 'n2c_l_V' <Predicate = true> <Delay = 0.00>
ST_1 : Operation 85 [1/1] (0.00ns)   --->   "%c2n_l_V = alloca i64 1" [/home/jeronimocosta/Documentos/GIT/PeR/src/hls/sa_hls/sa_kernel/saTop.cpp:15]   --->   Operation 85 'alloca' 'c2n_l_V' <Predicate = true> <Delay = 0.00>
ST_1 : Operation 86 [1/1] (0.00ns)   --->   "%n_l_V = alloca i64 1" [/home/jeronimocosta/Documentos/GIT/PeR/src/hls/sa_hls/sa_kernel/saTop.cpp:16]   --->   Operation 86 'alloca' 'n_l_V' <Predicate = true> <Delay = 0.00>
ST_1 : Operation 87 [1/1] (0.00ns)   --->   "%empty = trunc i64 %n2c_read"   --->   Operation 87 'trunc' 'empty' <Predicate = true> <Delay = 0.00>
ST_1 : Operation 88 [2/2] (1.14ns)   --->   "%call_ln0 = call void @simulatedAnnealingTop_Pipeline_1, i128 %gmem, i800 %n2c_l_V, i64 %n2c_read, i4 %empty"   --->   Operation 88 'call' 'call_ln0' <Predicate = true> <Delay = 1.14> <CoreType = "Generic">   --->   Core 0 '' <Latency = 0> <II = 1> <Delay = 1.00> <Generic> <Opcode : >
ST_1 : Operation 89 [1/1] (0.00ns)   --->   "%empty_93 = trunc i64 %c2n_read"   --->   Operation 89 'trunc' 'empty_93' <Predicate = true> <Delay = 0.00>
ST_1 : Operation 90 [1/1] (0.00ns)   --->   "%trunc_ln = partselect i60 @_ssdm_op_PartSelect.i60.i64.i32.i32, i64 %n_read, i32 4, i32 63" [/home/jeronimocosta/Documentos/GIT/PeR/src/hls/sa_hls/sa_kernel/saTop.cpp:26]   --->   Operation 90 'partselect' 'trunc_ln' <Predicate = true> <Delay = 0.00>

State 2 <SV = 1> <Delay = 0.00>
ST_2 : Operation 91 [1/2] (0.00ns)   --->   "%call_ln0 = call void @simulatedAnnealingTop_Pipeline_1, i128 %gmem, i800 %n2c_l_V, i64 %n2c_read, i4 %empty"   --->   Operation 91 'call' 'call_ln0' <Predicate = true> <Delay = 0.00> <CoreType = "Generic">   --->   Core 0 '' <Latency = 0> <II = 1> <Delay = 1.00> <Generic> <Opcode : >

State 3 <SV = 2> <Delay = 1.14>
ST_3 : Operation 92 [2/2] (1.14ns)   --->   "%call_ln0 = call void @simulatedAnnealingTop_Pipeline_2, i128 %gmem, i800 %c2n_l_V, i64 %c2n_read, i4 %empty_93"   --->   Operation 92 'call' 'call_ln0' <Predicate = true> <Delay = 1.14> <CoreType = "Generic">   --->   Core 0 '' <Latency = 0> <II = 1> <Delay = 1.00> <Generic> <Opcode : >

State 4 <SV = 3> <Delay = 0.00>
ST_4 : Operation 93 [1/2] (0.00ns)   --->   "%call_ln0 = call void @simulatedAnnealingTop_Pipeline_2, i128 %gmem, i800 %c2n_l_V, i64 %c2n_read, i4 %empty_93"   --->   Operation 93 'call' 'call_ln0' <Predicate = true> <Delay = 0.00> <CoreType = "Generic">   --->   Core 0 '' <Latency = 0> <II = 1> <Delay = 1.00> <Generic> <Opcode : >

State 5 <SV = 4> <Delay = 2.28>
ST_5 : Operation 94 [1/1] (0.00ns)   --->   "%sext_ln26 = sext i60 %trunc_ln" [/home/jeronimocosta/Documentos/GIT/PeR/src/hls/sa_hls/sa_kernel/saTop.cpp:26]   --->   Operation 94 'sext' 'sext_ln26' <Predicate = true> <Delay = 0.00>
ST_5 : Operation 95 [1/1] (0.00ns)   --->   "%gmem_addr = getelementptr i128 %gmem, i64 %sext_ln26" [/home/jeronimocosta/Documentos/GIT/PeR/src/hls/sa_hls/sa_kernel/saTop.cpp:26]   --->   Operation 95 'getelementptr' 'gmem_addr' <Predicate = true> <Delay = 0.00>
ST_5 : Operation 96 [70/70] (2.28ns)   --->   "%empty_94 = readreq i1 @_ssdm_op_ReadReq.m_axi.p1i128, i128 %gmem_addr, i32 25" [/home/jeronimocosta/Documentos/GIT/PeR/src/hls/sa_hls/sa_kernel/saTop.cpp:26]   --->   Operation 96 'readreq' 'empty_94' <Predicate = true> <Delay = 2.28> <CoreInst = "m_axi">   --->   Core 121 'm_axi' <Latency = 0> <II = 1> <Delay = 1.00> <Adapter> <Opcode : 'read' 'write' 'readreq' 'writereq' 'writeresp'>

State 6 <SV = 5> <Delay = 2.28>
ST_6 : Operation 97 [69/70] (2.28ns)   --->   "%empty_94 = readreq i1 @_ssdm_op_ReadReq.m_axi.p1i128, i128 %gmem_addr, i32 25" [/home/jeronimocosta/Documentos/GIT/PeR/src/hls/sa_hls/sa_kernel/saTop.cpp:26]   --->   Operation 97 'readreq' 'empty_94' <Predicate = true> <Delay = 2.28> <CoreInst = "m_axi">   --->   Core 121 'm_axi' <Latency = 0> <II = 1> <Delay = 1.00> <Adapter> <Opcode : 'read' 'write' 'readreq' 'writereq' 'writeresp'>

State 7 <SV = 6> <Delay = 2.28>
ST_7 : Operation 98 [68/70] (2.28ns)   --->   "%empty_94 = readreq i1 @_ssdm_op_ReadReq.m_axi.p1i128, i128 %gmem_addr, i32 25" [/home/jeronimocosta/Documentos/GIT/PeR/src/hls/sa_hls/sa_kernel/saTop.cpp:26]   --->   Operation 98 'readreq' 'empty_94' <Predicate = true> <Delay = 2.28> <CoreInst = "m_axi">   --->   Core 121 'm_axi' <Latency = 0> <II = 1> <Delay = 1.00> <Adapter> <Opcode : 'read' 'write' 'readreq' 'writereq' 'writeresp'>

State 8 <SV = 7> <Delay = 2.28>
ST_8 : Operation 99 [67/70] (2.28ns)   --->   "%empty_94 = readreq i1 @_ssdm_op_ReadReq.m_axi.p1i128, i128 %gmem_addr, i32 25" [/home/jeronimocosta/Documentos/GIT/PeR/src/hls/sa_hls/sa_kernel/saTop.cpp:26]   --->   Operation 99 'readreq' 'empty_94' <Predicate = true> <Delay = 2.28> <CoreInst = "m_axi">   --->   Core 121 'm_axi' <Latency = 0> <II = 1> <Delay = 1.00> <Adapter> <Opcode : 'read' 'write' 'readreq' 'writereq' 'writeresp'>

State 9 <SV = 8> <Delay = 2.28>
ST_9 : Operation 100 [66/70] (2.28ns)   --->   "%empty_94 = readreq i1 @_ssdm_op_ReadReq.m_axi.p1i128, i128 %gmem_addr, i32 25" [/home/jeronimocosta/Documentos/GIT/PeR/src/hls/sa_hls/sa_kernel/saTop.cpp:26]   --->   Operation 100 'readreq' 'empty_94' <Predicate = true> <Delay = 2.28> <CoreInst = "m_axi">   --->   Core 121 'm_axi' <Latency = 0> <II = 1> <Delay = 1.00> <Adapter> <Opcode : 'read' 'write' 'readreq' 'writereq' 'writeresp'>

State 10 <SV = 9> <Delay = 2.28>
ST_10 : Operation 101 [65/70] (2.28ns)   --->   "%empty_94 = readreq i1 @_ssdm_op_ReadReq.m_axi.p1i128, i128 %gmem_addr, i32 25" [/home/jeronimocosta/Documentos/GIT/PeR/src/hls/sa_hls/sa_kernel/saTop.cpp:26]   --->   Operation 101 'readreq' 'empty_94' <Predicate = true> <Delay = 2.28> <CoreInst = "m_axi">   --->   Core 121 'm_axi' <Latency = 0> <II = 1> <Delay = 1.00> <Adapter> <Opcode : 'read' 'write' 'readreq' 'writereq' 'writeresp'>

State 11 <SV = 10> <Delay = 2.28>
ST_11 : Operation 102 [64/70] (2.28ns)   --->   "%empty_94 = readreq i1 @_ssdm_op_ReadReq.m_axi.p1i128, i128 %gmem_addr, i32 25" [/home/jeronimocosta/Documentos/GIT/PeR/src/hls/sa_hls/sa_kernel/saTop.cpp:26]   --->   Operation 102 'readreq' 'empty_94' <Predicate = true> <Delay = 2.28> <CoreInst = "m_axi">   --->   Core 121 'm_axi' <Latency = 0> <II = 1> <Delay = 1.00> <Adapter> <Opcode : 'read' 'write' 'readreq' 'writereq' 'writeresp'>

State 12 <SV = 11> <Delay = 2.28>
ST_12 : Operation 103 [63/70] (2.28ns)   --->   "%empty_94 = readreq i1 @_ssdm_op_ReadReq.m_axi.p1i128, i128 %gmem_addr, i32 25" [/home/jeronimocosta/Documentos/GIT/PeR/src/hls/sa_hls/sa_kernel/saTop.cpp:26]   --->   Operation 103 'readreq' 'empty_94' <Predicate = true> <Delay = 2.28> <CoreInst = "m_axi">   --->   Core 121 'm_axi' <Latency = 0> <II = 1> <Delay = 1.00> <Adapter> <Opcode : 'read' 'write' 'readreq' 'writereq' 'writeresp'>

State 13 <SV = 12> <Delay = 2.28>
ST_13 : Operation 104 [62/70] (2.28ns)   --->   "%empty_94 = readreq i1 @_ssdm_op_ReadReq.m_axi.p1i128, i128 %gmem_addr, i32 25" [/home/jeronimocosta/Documentos/GIT/PeR/src/hls/sa_hls/sa_kernel/saTop.cpp:26]   --->   Operation 104 'readreq' 'empty_94' <Predicate = true> <Delay = 2.28> <CoreInst = "m_axi">   --->   Core 121 'm_axi' <Latency = 0> <II = 1> <Delay = 1.00> <Adapter> <Opcode : 'read' 'write' 'readreq' 'writereq' 'writeresp'>

State 14 <SV = 13> <Delay = 2.28>
ST_14 : Operation 105 [61/70] (2.28ns)   --->   "%empty_94 = readreq i1 @_ssdm_op_ReadReq.m_axi.p1i128, i128 %gmem_addr, i32 25" [/home/jeronimocosta/Documentos/GIT/PeR/src/hls/sa_hls/sa_kernel/saTop.cpp:26]   --->   Operation 105 'readreq' 'empty_94' <Predicate = true> <Delay = 2.28> <CoreInst = "m_axi">   --->   Core 121 'm_axi' <Latency = 0> <II = 1> <Delay = 1.00> <Adapter> <Opcode : 'read' 'write' 'readreq' 'writereq' 'writeresp'>

State 15 <SV = 14> <Delay = 2.28>
ST_15 : Operation 106 [60/70] (2.28ns)   --->   "%empty_94 = readreq i1 @_ssdm_op_ReadReq.m_axi.p1i128, i128 %gmem_addr, i32 25" [/home/jeronimocosta/Documentos/GIT/PeR/src/hls/sa_hls/sa_kernel/saTop.cpp:26]   --->   Operation 106 'readreq' 'empty_94' <Predicate = true> <Delay = 2.28> <CoreInst = "m_axi">   --->   Core 121 'm_axi' <Latency = 0> <II = 1> <Delay = 1.00> <Adapter> <Opcode : 'read' 'write' 'readreq' 'writereq' 'writeresp'>

State 16 <SV = 15> <Delay = 2.28>
ST_16 : Operation 107 [59/70] (2.28ns)   --->   "%empty_94 = readreq i1 @_ssdm_op_ReadReq.m_axi.p1i128, i128 %gmem_addr, i32 25" [/home/jeronimocosta/Documentos/GIT/PeR/src/hls/sa_hls/sa_kernel/saTop.cpp:26]   --->   Operation 107 'readreq' 'empty_94' <Predicate = true> <Delay = 2.28> <CoreInst = "m_axi">   --->   Core 121 'm_axi' <Latency = 0> <II = 1> <Delay = 1.00> <Adapter> <Opcode : 'read' 'write' 'readreq' 'writereq' 'writeresp'>

State 17 <SV = 16> <Delay = 2.28>
ST_17 : Operation 108 [58/70] (2.28ns)   --->   "%empty_94 = readreq i1 @_ssdm_op_ReadReq.m_axi.p1i128, i128 %gmem_addr, i32 25" [/home/jeronimocosta/Documentos/GIT/PeR/src/hls/sa_hls/sa_kernel/saTop.cpp:26]   --->   Operation 108 'readreq' 'empty_94' <Predicate = true> <Delay = 2.28> <CoreInst = "m_axi">   --->   Core 121 'm_axi' <Latency = 0> <II = 1> <Delay = 1.00> <Adapter> <Opcode : 'read' 'write' 'readreq' 'writereq' 'writeresp'>

State 18 <SV = 17> <Delay = 2.28>
ST_18 : Operation 109 [57/70] (2.28ns)   --->   "%empty_94 = readreq i1 @_ssdm_op_ReadReq.m_axi.p1i128, i128 %gmem_addr, i32 25" [/home/jeronimocosta/Documentos/GIT/PeR/src/hls/sa_hls/sa_kernel/saTop.cpp:26]   --->   Operation 109 'readreq' 'empty_94' <Predicate = true> <Delay = 2.28> <CoreInst = "m_axi">   --->   Core 121 'm_axi' <Latency = 0> <II = 1> <Delay = 1.00> <Adapter> <Opcode : 'read' 'write' 'readreq' 'writereq' 'writeresp'>

State 19 <SV = 18> <Delay = 2.28>
ST_19 : Operation 110 [56/70] (2.28ns)   --->   "%empty_94 = readreq i1 @_ssdm_op_ReadReq.m_axi.p1i128, i128 %gmem_addr, i32 25" [/home/jeronimocosta/Documentos/GIT/PeR/src/hls/sa_hls/sa_kernel/saTop.cpp:26]   --->   Operation 110 'readreq' 'empty_94' <Predicate = true> <Delay = 2.28> <CoreInst = "m_axi">   --->   Core 121 'm_axi' <Latency = 0> <II = 1> <Delay = 1.00> <Adapter> <Opcode : 'read' 'write' 'readreq' 'writereq' 'writeresp'>

State 20 <SV = 19> <Delay = 2.28>
ST_20 : Operation 111 [55/70] (2.28ns)   --->   "%empty_94 = readreq i1 @_ssdm_op_ReadReq.m_axi.p1i128, i128 %gmem_addr, i32 25" [/home/jeronimocosta/Documentos/GIT/PeR/src/hls/sa_hls/sa_kernel/saTop.cpp:26]   --->   Operation 111 'readreq' 'empty_94' <Predicate = true> <Delay = 2.28> <CoreInst = "m_axi">   --->   Core 121 'm_axi' <Latency = 0> <II = 1> <Delay = 1.00> <Adapter> <Opcode : 'read' 'write' 'readreq' 'writereq' 'writeresp'>

State 21 <SV = 20> <Delay = 2.28>
ST_21 : Operation 112 [54/70] (2.28ns)   --->   "%empty_94 = readreq i1 @_ssdm_op_ReadReq.m_axi.p1i128, i128 %gmem_addr, i32 25" [/home/jeronimocosta/Documentos/GIT/PeR/src/hls/sa_hls/sa_kernel/saTop.cpp:26]   --->   Operation 112 'readreq' 'empty_94' <Predicate = true> <Delay = 2.28> <CoreInst = "m_axi">   --->   Core 121 'm_axi' <Latency = 0> <II = 1> <Delay = 1.00> <Adapter> <Opcode : 'read' 'write' 'readreq' 'writereq' 'writeresp'>

State 22 <SV = 21> <Delay = 2.28>
ST_22 : Operation 113 [53/70] (2.28ns)   --->   "%empty_94 = readreq i1 @_ssdm_op_ReadReq.m_axi.p1i128, i128 %gmem_addr, i32 25" [/home/jeronimocosta/Documentos/GIT/PeR/src/hls/sa_hls/sa_kernel/saTop.cpp:26]   --->   Operation 113 'readreq' 'empty_94' <Predicate = true> <Delay = 2.28> <CoreInst = "m_axi">   --->   Core 121 'm_axi' <Latency = 0> <II = 1> <Delay = 1.00> <Adapter> <Opcode : 'read' 'write' 'readreq' 'writereq' 'writeresp'>

State 23 <SV = 22> <Delay = 2.28>
ST_23 : Operation 114 [52/70] (2.28ns)   --->   "%empty_94 = readreq i1 @_ssdm_op_ReadReq.m_axi.p1i128, i128 %gmem_addr, i32 25" [/home/jeronimocosta/Documentos/GIT/PeR/src/hls/sa_hls/sa_kernel/saTop.cpp:26]   --->   Operation 114 'readreq' 'empty_94' <Predicate = true> <Delay = 2.28> <CoreInst = "m_axi">   --->   Core 121 'm_axi' <Latency = 0> <II = 1> <Delay = 1.00> <Adapter> <Opcode : 'read' 'write' 'readreq' 'writereq' 'writeresp'>

State 24 <SV = 23> <Delay = 2.28>
ST_24 : Operation 115 [51/70] (2.28ns)   --->   "%empty_94 = readreq i1 @_ssdm_op_ReadReq.m_axi.p1i128, i128 %gmem_addr, i32 25" [/home/jeronimocosta/Documentos/GIT/PeR/src/hls/sa_hls/sa_kernel/saTop.cpp:26]   --->   Operation 115 'readreq' 'empty_94' <Predicate = true> <Delay = 2.28> <CoreInst = "m_axi">   --->   Core 121 'm_axi' <Latency = 0> <II = 1> <Delay = 1.00> <Adapter> <Opcode : 'read' 'write' 'readreq' 'writereq' 'writeresp'>

State 25 <SV = 24> <Delay = 2.28>
ST_25 : Operation 116 [50/70] (2.28ns)   --->   "%empty_94 = readreq i1 @_ssdm_op_ReadReq.m_axi.p1i128, i128 %gmem_addr, i32 25" [/home/jeronimocosta/Documentos/GIT/PeR/src/hls/sa_hls/sa_kernel/saTop.cpp:26]   --->   Operation 116 'readreq' 'empty_94' <Predicate = true> <Delay = 2.28> <CoreInst = "m_axi">   --->   Core 121 'm_axi' <Latency = 0> <II = 1> <Delay = 1.00> <Adapter> <Opcode : 'read' 'write' 'readreq' 'writereq' 'writeresp'>

State 26 <SV = 25> <Delay = 2.28>
ST_26 : Operation 117 [49/70] (2.28ns)   --->   "%empty_94 = readreq i1 @_ssdm_op_ReadReq.m_axi.p1i128, i128 %gmem_addr, i32 25" [/home/jeronimocosta/Documentos/GIT/PeR/src/hls/sa_hls/sa_kernel/saTop.cpp:26]   --->   Operation 117 'readreq' 'empty_94' <Predicate = true> <Delay = 2.28> <CoreInst = "m_axi">   --->   Core 121 'm_axi' <Latency = 0> <II = 1> <Delay = 1.00> <Adapter> <Opcode : 'read' 'write' 'readreq' 'writereq' 'writeresp'>

State 27 <SV = 26> <Delay = 2.28>
ST_27 : Operation 118 [48/70] (2.28ns)   --->   "%empty_94 = readreq i1 @_ssdm_op_ReadReq.m_axi.p1i128, i128 %gmem_addr, i32 25" [/home/jeronimocosta/Documentos/GIT/PeR/src/hls/sa_hls/sa_kernel/saTop.cpp:26]   --->   Operation 118 'readreq' 'empty_94' <Predicate = true> <Delay = 2.28> <CoreInst = "m_axi">   --->   Core 121 'm_axi' <Latency = 0> <II = 1> <Delay = 1.00> <Adapter> <Opcode : 'read' 'write' 'readreq' 'writereq' 'writeresp'>

State 28 <SV = 27> <Delay = 2.28>
ST_28 : Operation 119 [47/70] (2.28ns)   --->   "%empty_94 = readreq i1 @_ssdm_op_ReadReq.m_axi.p1i128, i128 %gmem_addr, i32 25" [/home/jeronimocosta/Documentos/GIT/PeR/src/hls/sa_hls/sa_kernel/saTop.cpp:26]   --->   Operation 119 'readreq' 'empty_94' <Predicate = true> <Delay = 2.28> <CoreInst = "m_axi">   --->   Core 121 'm_axi' <Latency = 0> <II = 1> <Delay = 1.00> <Adapter> <Opcode : 'read' 'write' 'readreq' 'writereq' 'writeresp'>

State 29 <SV = 28> <Delay = 2.28>
ST_29 : Operation 120 [46/70] (2.28ns)   --->   "%empty_94 = readreq i1 @_ssdm_op_ReadReq.m_axi.p1i128, i128 %gmem_addr, i32 25" [/home/jeronimocosta/Documentos/GIT/PeR/src/hls/sa_hls/sa_kernel/saTop.cpp:26]   --->   Operation 120 'readreq' 'empty_94' <Predicate = true> <Delay = 2.28> <CoreInst = "m_axi">   --->   Core 121 'm_axi' <Latency = 0> <II = 1> <Delay = 1.00> <Adapter> <Opcode : 'read' 'write' 'readreq' 'writereq' 'writeresp'>

State 30 <SV = 29> <Delay = 2.28>
ST_30 : Operation 121 [45/70] (2.28ns)   --->   "%empty_94 = readreq i1 @_ssdm_op_ReadReq.m_axi.p1i128, i128 %gmem_addr, i32 25" [/home/jeronimocosta/Documentos/GIT/PeR/src/hls/sa_hls/sa_kernel/saTop.cpp:26]   --->   Operation 121 'readreq' 'empty_94' <Predicate = true> <Delay = 2.28> <CoreInst = "m_axi">   --->   Core 121 'm_axi' <Latency = 0> <II = 1> <Delay = 1.00> <Adapter> <Opcode : 'read' 'write' 'readreq' 'writereq' 'writeresp'>

State 31 <SV = 30> <Delay = 2.28>
ST_31 : Operation 122 [44/70] (2.28ns)   --->   "%empty_94 = readreq i1 @_ssdm_op_ReadReq.m_axi.p1i128, i128 %gmem_addr, i32 25" [/home/jeronimocosta/Documentos/GIT/PeR/src/hls/sa_hls/sa_kernel/saTop.cpp:26]   --->   Operation 122 'readreq' 'empty_94' <Predicate = true> <Delay = 2.28> <CoreInst = "m_axi">   --->   Core 121 'm_axi' <Latency = 0> <II = 1> <Delay = 1.00> <Adapter> <Opcode : 'read' 'write' 'readreq' 'writereq' 'writeresp'>

State 32 <SV = 31> <Delay = 2.28>
ST_32 : Operation 123 [43/70] (2.28ns)   --->   "%empty_94 = readreq i1 @_ssdm_op_ReadReq.m_axi.p1i128, i128 %gmem_addr, i32 25" [/home/jeronimocosta/Documentos/GIT/PeR/src/hls/sa_hls/sa_kernel/saTop.cpp:26]   --->   Operation 123 'readreq' 'empty_94' <Predicate = true> <Delay = 2.28> <CoreInst = "m_axi">   --->   Core 121 'm_axi' <Latency = 0> <II = 1> <Delay = 1.00> <Adapter> <Opcode : 'read' 'write' 'readreq' 'writereq' 'writeresp'>

State 33 <SV = 32> <Delay = 2.28>
ST_33 : Operation 124 [42/70] (2.28ns)   --->   "%empty_94 = readreq i1 @_ssdm_op_ReadReq.m_axi.p1i128, i128 %gmem_addr, i32 25" [/home/jeronimocosta/Documentos/GIT/PeR/src/hls/sa_hls/sa_kernel/saTop.cpp:26]   --->   Operation 124 'readreq' 'empty_94' <Predicate = true> <Delay = 2.28> <CoreInst = "m_axi">   --->   Core 121 'm_axi' <Latency = 0> <II = 1> <Delay = 1.00> <Adapter> <Opcode : 'read' 'write' 'readreq' 'writereq' 'writeresp'>

State 34 <SV = 33> <Delay = 2.28>
ST_34 : Operation 125 [41/70] (2.28ns)   --->   "%empty_94 = readreq i1 @_ssdm_op_ReadReq.m_axi.p1i128, i128 %gmem_addr, i32 25" [/home/jeronimocosta/Documentos/GIT/PeR/src/hls/sa_hls/sa_kernel/saTop.cpp:26]   --->   Operation 125 'readreq' 'empty_94' <Predicate = true> <Delay = 2.28> <CoreInst = "m_axi">   --->   Core 121 'm_axi' <Latency = 0> <II = 1> <Delay = 1.00> <Adapter> <Opcode : 'read' 'write' 'readreq' 'writereq' 'writeresp'>

State 35 <SV = 34> <Delay = 2.28>
ST_35 : Operation 126 [40/70] (2.28ns)   --->   "%empty_94 = readreq i1 @_ssdm_op_ReadReq.m_axi.p1i128, i128 %gmem_addr, i32 25" [/home/jeronimocosta/Documentos/GIT/PeR/src/hls/sa_hls/sa_kernel/saTop.cpp:26]   --->   Operation 126 'readreq' 'empty_94' <Predicate = true> <Delay = 2.28> <CoreInst = "m_axi">   --->   Core 121 'm_axi' <Latency = 0> <II = 1> <Delay = 1.00> <Adapter> <Opcode : 'read' 'write' 'readreq' 'writereq' 'writeresp'>

State 36 <SV = 35> <Delay = 2.28>
ST_36 : Operation 127 [39/70] (2.28ns)   --->   "%empty_94 = readreq i1 @_ssdm_op_ReadReq.m_axi.p1i128, i128 %gmem_addr, i32 25" [/home/jeronimocosta/Documentos/GIT/PeR/src/hls/sa_hls/sa_kernel/saTop.cpp:26]   --->   Operation 127 'readreq' 'empty_94' <Predicate = true> <Delay = 2.28> <CoreInst = "m_axi">   --->   Core 121 'm_axi' <Latency = 0> <II = 1> <Delay = 1.00> <Adapter> <Opcode : 'read' 'write' 'readreq' 'writereq' 'writeresp'>

State 37 <SV = 36> <Delay = 2.28>
ST_37 : Operation 128 [38/70] (2.28ns)   --->   "%empty_94 = readreq i1 @_ssdm_op_ReadReq.m_axi.p1i128, i128 %gmem_addr, i32 25" [/home/jeronimocosta/Documentos/GIT/PeR/src/hls/sa_hls/sa_kernel/saTop.cpp:26]   --->   Operation 128 'readreq' 'empty_94' <Predicate = true> <Delay = 2.28> <CoreInst = "m_axi">   --->   Core 121 'm_axi' <Latency = 0> <II = 1> <Delay = 1.00> <Adapter> <Opcode : 'read' 'write' 'readreq' 'writereq' 'writeresp'>

State 38 <SV = 37> <Delay = 2.28>
ST_38 : Operation 129 [37/70] (2.28ns)   --->   "%empty_94 = readreq i1 @_ssdm_op_ReadReq.m_axi.p1i128, i128 %gmem_addr, i32 25" [/home/jeronimocosta/Documentos/GIT/PeR/src/hls/sa_hls/sa_kernel/saTop.cpp:26]   --->   Operation 129 'readreq' 'empty_94' <Predicate = true> <Delay = 2.28> <CoreInst = "m_axi">   --->   Core 121 'm_axi' <Latency = 0> <II = 1> <Delay = 1.00> <Adapter> <Opcode : 'read' 'write' 'readreq' 'writereq' 'writeresp'>

State 39 <SV = 38> <Delay = 2.28>
ST_39 : Operation 130 [36/70] (2.28ns)   --->   "%empty_94 = readreq i1 @_ssdm_op_ReadReq.m_axi.p1i128, i128 %gmem_addr, i32 25" [/home/jeronimocosta/Documentos/GIT/PeR/src/hls/sa_hls/sa_kernel/saTop.cpp:26]   --->   Operation 130 'readreq' 'empty_94' <Predicate = true> <Delay = 2.28> <CoreInst = "m_axi">   --->   Core 121 'm_axi' <Latency = 0> <II = 1> <Delay = 1.00> <Adapter> <Opcode : 'read' 'write' 'readreq' 'writereq' 'writeresp'>

State 40 <SV = 39> <Delay = 2.28>
ST_40 : Operation 131 [35/70] (2.28ns)   --->   "%empty_94 = readreq i1 @_ssdm_op_ReadReq.m_axi.p1i128, i128 %gmem_addr, i32 25" [/home/jeronimocosta/Documentos/GIT/PeR/src/hls/sa_hls/sa_kernel/saTop.cpp:26]   --->   Operation 131 'readreq' 'empty_94' <Predicate = true> <Delay = 2.28> <CoreInst = "m_axi">   --->   Core 121 'm_axi' <Latency = 0> <II = 1> <Delay = 1.00> <Adapter> <Opcode : 'read' 'write' 'readreq' 'writereq' 'writeresp'>

State 41 <SV = 40> <Delay = 2.28>
ST_41 : Operation 132 [34/70] (2.28ns)   --->   "%empty_94 = readreq i1 @_ssdm_op_ReadReq.m_axi.p1i128, i128 %gmem_addr, i32 25" [/home/jeronimocosta/Documentos/GIT/PeR/src/hls/sa_hls/sa_kernel/saTop.cpp:26]   --->   Operation 132 'readreq' 'empty_94' <Predicate = true> <Delay = 2.28> <CoreInst = "m_axi">   --->   Core 121 'm_axi' <Latency = 0> <II = 1> <Delay = 1.00> <Adapter> <Opcode : 'read' 'write' 'readreq' 'writereq' 'writeresp'>

State 42 <SV = 41> <Delay = 2.28>
ST_42 : Operation 133 [33/70] (2.28ns)   --->   "%empty_94 = readreq i1 @_ssdm_op_ReadReq.m_axi.p1i128, i128 %gmem_addr, i32 25" [/home/jeronimocosta/Documentos/GIT/PeR/src/hls/sa_hls/sa_kernel/saTop.cpp:26]   --->   Operation 133 'readreq' 'empty_94' <Predicate = true> <Delay = 2.28> <CoreInst = "m_axi">   --->   Core 121 'm_axi' <Latency = 0> <II = 1> <Delay = 1.00> <Adapter> <Opcode : 'read' 'write' 'readreq' 'writereq' 'writeresp'>

State 43 <SV = 42> <Delay = 2.28>
ST_43 : Operation 134 [32/70] (2.28ns)   --->   "%empty_94 = readreq i1 @_ssdm_op_ReadReq.m_axi.p1i128, i128 %gmem_addr, i32 25" [/home/jeronimocosta/Documentos/GIT/PeR/src/hls/sa_hls/sa_kernel/saTop.cpp:26]   --->   Operation 134 'readreq' 'empty_94' <Predicate = true> <Delay = 2.28> <CoreInst = "m_axi">   --->   Core 121 'm_axi' <Latency = 0> <II = 1> <Delay = 1.00> <Adapter> <Opcode : 'read' 'write' 'readreq' 'writereq' 'writeresp'>

State 44 <SV = 43> <Delay = 2.28>
ST_44 : Operation 135 [31/70] (2.28ns)   --->   "%empty_94 = readreq i1 @_ssdm_op_ReadReq.m_axi.p1i128, i128 %gmem_addr, i32 25" [/home/jeronimocosta/Documentos/GIT/PeR/src/hls/sa_hls/sa_kernel/saTop.cpp:26]   --->   Operation 135 'readreq' 'empty_94' <Predicate = true> <Delay = 2.28> <CoreInst = "m_axi">   --->   Core 121 'm_axi' <Latency = 0> <II = 1> <Delay = 1.00> <Adapter> <Opcode : 'read' 'write' 'readreq' 'writereq' 'writeresp'>

State 45 <SV = 44> <Delay = 2.28>
ST_45 : Operation 136 [30/70] (2.28ns)   --->   "%empty_94 = readreq i1 @_ssdm_op_ReadReq.m_axi.p1i128, i128 %gmem_addr, i32 25" [/home/jeronimocosta/Documentos/GIT/PeR/src/hls/sa_hls/sa_kernel/saTop.cpp:26]   --->   Operation 136 'readreq' 'empty_94' <Predicate = true> <Delay = 2.28> <CoreInst = "m_axi">   --->   Core 121 'm_axi' <Latency = 0> <II = 1> <Delay = 1.00> <Adapter> <Opcode : 'read' 'write' 'readreq' 'writereq' 'writeresp'>

State 46 <SV = 45> <Delay = 2.28>
ST_46 : Operation 137 [29/70] (2.28ns)   --->   "%empty_94 = readreq i1 @_ssdm_op_ReadReq.m_axi.p1i128, i128 %gmem_addr, i32 25" [/home/jeronimocosta/Documentos/GIT/PeR/src/hls/sa_hls/sa_kernel/saTop.cpp:26]   --->   Operation 137 'readreq' 'empty_94' <Predicate = true> <Delay = 2.28> <CoreInst = "m_axi">   --->   Core 121 'm_axi' <Latency = 0> <II = 1> <Delay = 1.00> <Adapter> <Opcode : 'read' 'write' 'readreq' 'writereq' 'writeresp'>

State 47 <SV = 46> <Delay = 2.28>
ST_47 : Operation 138 [28/70] (2.28ns)   --->   "%empty_94 = readreq i1 @_ssdm_op_ReadReq.m_axi.p1i128, i128 %gmem_addr, i32 25" [/home/jeronimocosta/Documentos/GIT/PeR/src/hls/sa_hls/sa_kernel/saTop.cpp:26]   --->   Operation 138 'readreq' 'empty_94' <Predicate = true> <Delay = 2.28> <CoreInst = "m_axi">   --->   Core 121 'm_axi' <Latency = 0> <II = 1> <Delay = 1.00> <Adapter> <Opcode : 'read' 'write' 'readreq' 'writereq' 'writeresp'>

State 48 <SV = 47> <Delay = 2.28>
ST_48 : Operation 139 [27/70] (2.28ns)   --->   "%empty_94 = readreq i1 @_ssdm_op_ReadReq.m_axi.p1i128, i128 %gmem_addr, i32 25" [/home/jeronimocosta/Documentos/GIT/PeR/src/hls/sa_hls/sa_kernel/saTop.cpp:26]   --->   Operation 139 'readreq' 'empty_94' <Predicate = true> <Delay = 2.28> <CoreInst = "m_axi">   --->   Core 121 'm_axi' <Latency = 0> <II = 1> <Delay = 1.00> <Adapter> <Opcode : 'read' 'write' 'readreq' 'writereq' 'writeresp'>

State 49 <SV = 48> <Delay = 2.28>
ST_49 : Operation 140 [26/70] (2.28ns)   --->   "%empty_94 = readreq i1 @_ssdm_op_ReadReq.m_axi.p1i128, i128 %gmem_addr, i32 25" [/home/jeronimocosta/Documentos/GIT/PeR/src/hls/sa_hls/sa_kernel/saTop.cpp:26]   --->   Operation 140 'readreq' 'empty_94' <Predicate = true> <Delay = 2.28> <CoreInst = "m_axi">   --->   Core 121 'm_axi' <Latency = 0> <II = 1> <Delay = 1.00> <Adapter> <Opcode : 'read' 'write' 'readreq' 'writereq' 'writeresp'>

State 50 <SV = 49> <Delay = 2.28>
ST_50 : Operation 141 [25/70] (2.28ns)   --->   "%empty_94 = readreq i1 @_ssdm_op_ReadReq.m_axi.p1i128, i128 %gmem_addr, i32 25" [/home/jeronimocosta/Documentos/GIT/PeR/src/hls/sa_hls/sa_kernel/saTop.cpp:26]   --->   Operation 141 'readreq' 'empty_94' <Predicate = true> <Delay = 2.28> <CoreInst = "m_axi">   --->   Core 121 'm_axi' <Latency = 0> <II = 1> <Delay = 1.00> <Adapter> <Opcode : 'read' 'write' 'readreq' 'writereq' 'writeresp'>

State 51 <SV = 50> <Delay = 2.28>
ST_51 : Operation 142 [24/70] (2.28ns)   --->   "%empty_94 = readreq i1 @_ssdm_op_ReadReq.m_axi.p1i128, i128 %gmem_addr, i32 25" [/home/jeronimocosta/Documentos/GIT/PeR/src/hls/sa_hls/sa_kernel/saTop.cpp:26]   --->   Operation 142 'readreq' 'empty_94' <Predicate = true> <Delay = 2.28> <CoreInst = "m_axi">   --->   Core 121 'm_axi' <Latency = 0> <II = 1> <Delay = 1.00> <Adapter> <Opcode : 'read' 'write' 'readreq' 'writereq' 'writeresp'>

State 52 <SV = 51> <Delay = 2.28>
ST_52 : Operation 143 [23/70] (2.28ns)   --->   "%empty_94 = readreq i1 @_ssdm_op_ReadReq.m_axi.p1i128, i128 %gmem_addr, i32 25" [/home/jeronimocosta/Documentos/GIT/PeR/src/hls/sa_hls/sa_kernel/saTop.cpp:26]   --->   Operation 143 'readreq' 'empty_94' <Predicate = true> <Delay = 2.28> <CoreInst = "m_axi">   --->   Core 121 'm_axi' <Latency = 0> <II = 1> <Delay = 1.00> <Adapter> <Opcode : 'read' 'write' 'readreq' 'writereq' 'writeresp'>

State 53 <SV = 52> <Delay = 2.28>
ST_53 : Operation 144 [22/70] (2.28ns)   --->   "%empty_94 = readreq i1 @_ssdm_op_ReadReq.m_axi.p1i128, i128 %gmem_addr, i32 25" [/home/jeronimocosta/Documentos/GIT/PeR/src/hls/sa_hls/sa_kernel/saTop.cpp:26]   --->   Operation 144 'readreq' 'empty_94' <Predicate = true> <Delay = 2.28> <CoreInst = "m_axi">   --->   Core 121 'm_axi' <Latency = 0> <II = 1> <Delay = 1.00> <Adapter> <Opcode : 'read' 'write' 'readreq' 'writereq' 'writeresp'>

State 54 <SV = 53> <Delay = 2.28>
ST_54 : Operation 145 [21/70] (2.28ns)   --->   "%empty_94 = readreq i1 @_ssdm_op_ReadReq.m_axi.p1i128, i128 %gmem_addr, i32 25" [/home/jeronimocosta/Documentos/GIT/PeR/src/hls/sa_hls/sa_kernel/saTop.cpp:26]   --->   Operation 145 'readreq' 'empty_94' <Predicate = true> <Delay = 2.28> <CoreInst = "m_axi">   --->   Core 121 'm_axi' <Latency = 0> <II = 1> <Delay = 1.00> <Adapter> <Opcode : 'read' 'write' 'readreq' 'writereq' 'writeresp'>

State 55 <SV = 54> <Delay = 2.28>
ST_55 : Operation 146 [20/70] (2.28ns)   --->   "%empty_94 = readreq i1 @_ssdm_op_ReadReq.m_axi.p1i128, i128 %gmem_addr, i32 25" [/home/jeronimocosta/Documentos/GIT/PeR/src/hls/sa_hls/sa_kernel/saTop.cpp:26]   --->   Operation 146 'readreq' 'empty_94' <Predicate = true> <Delay = 2.28> <CoreInst = "m_axi">   --->   Core 121 'm_axi' <Latency = 0> <II = 1> <Delay = 1.00> <Adapter> <Opcode : 'read' 'write' 'readreq' 'writereq' 'writeresp'>

State 56 <SV = 55> <Delay = 2.28>
ST_56 : Operation 147 [19/70] (2.28ns)   --->   "%empty_94 = readreq i1 @_ssdm_op_ReadReq.m_axi.p1i128, i128 %gmem_addr, i32 25" [/home/jeronimocosta/Documentos/GIT/PeR/src/hls/sa_hls/sa_kernel/saTop.cpp:26]   --->   Operation 147 'readreq' 'empty_94' <Predicate = true> <Delay = 2.28> <CoreInst = "m_axi">   --->   Core 121 'm_axi' <Latency = 0> <II = 1> <Delay = 1.00> <Adapter> <Opcode : 'read' 'write' 'readreq' 'writereq' 'writeresp'>

State 57 <SV = 56> <Delay = 2.28>
ST_57 : Operation 148 [18/70] (2.28ns)   --->   "%empty_94 = readreq i1 @_ssdm_op_ReadReq.m_axi.p1i128, i128 %gmem_addr, i32 25" [/home/jeronimocosta/Documentos/GIT/PeR/src/hls/sa_hls/sa_kernel/saTop.cpp:26]   --->   Operation 148 'readreq' 'empty_94' <Predicate = true> <Delay = 2.28> <CoreInst = "m_axi">   --->   Core 121 'm_axi' <Latency = 0> <II = 1> <Delay = 1.00> <Adapter> <Opcode : 'read' 'write' 'readreq' 'writereq' 'writeresp'>

State 58 <SV = 57> <Delay = 2.28>
ST_58 : Operation 149 [17/70] (2.28ns)   --->   "%empty_94 = readreq i1 @_ssdm_op_ReadReq.m_axi.p1i128, i128 %gmem_addr, i32 25" [/home/jeronimocosta/Documentos/GIT/PeR/src/hls/sa_hls/sa_kernel/saTop.cpp:26]   --->   Operation 149 'readreq' 'empty_94' <Predicate = true> <Delay = 2.28> <CoreInst = "m_axi">   --->   Core 121 'm_axi' <Latency = 0> <II = 1> <Delay = 1.00> <Adapter> <Opcode : 'read' 'write' 'readreq' 'writereq' 'writeresp'>

State 59 <SV = 58> <Delay = 2.28>
ST_59 : Operation 150 [16/70] (2.28ns)   --->   "%empty_94 = readreq i1 @_ssdm_op_ReadReq.m_axi.p1i128, i128 %gmem_addr, i32 25" [/home/jeronimocosta/Documentos/GIT/PeR/src/hls/sa_hls/sa_kernel/saTop.cpp:26]   --->   Operation 150 'readreq' 'empty_94' <Predicate = true> <Delay = 2.28> <CoreInst = "m_axi">   --->   Core 121 'm_axi' <Latency = 0> <II = 1> <Delay = 1.00> <Adapter> <Opcode : 'read' 'write' 'readreq' 'writereq' 'writeresp'>

State 60 <SV = 59> <Delay = 2.28>
ST_60 : Operation 151 [15/70] (2.28ns)   --->   "%empty_94 = readreq i1 @_ssdm_op_ReadReq.m_axi.p1i128, i128 %gmem_addr, i32 25" [/home/jeronimocosta/Documentos/GIT/PeR/src/hls/sa_hls/sa_kernel/saTop.cpp:26]   --->   Operation 151 'readreq' 'empty_94' <Predicate = true> <Delay = 2.28> <CoreInst = "m_axi">   --->   Core 121 'm_axi' <Latency = 0> <II = 1> <Delay = 1.00> <Adapter> <Opcode : 'read' 'write' 'readreq' 'writereq' 'writeresp'>

State 61 <SV = 60> <Delay = 2.28>
ST_61 : Operation 152 [14/70] (2.28ns)   --->   "%empty_94 = readreq i1 @_ssdm_op_ReadReq.m_axi.p1i128, i128 %gmem_addr, i32 25" [/home/jeronimocosta/Documentos/GIT/PeR/src/hls/sa_hls/sa_kernel/saTop.cpp:26]   --->   Operation 152 'readreq' 'empty_94' <Predicate = true> <Delay = 2.28> <CoreInst = "m_axi">   --->   Core 121 'm_axi' <Latency = 0> <II = 1> <Delay = 1.00> <Adapter> <Opcode : 'read' 'write' 'readreq' 'writereq' 'writeresp'>

State 62 <SV = 61> <Delay = 2.28>
ST_62 : Operation 153 [13/70] (2.28ns)   --->   "%empty_94 = readreq i1 @_ssdm_op_ReadReq.m_axi.p1i128, i128 %gmem_addr, i32 25" [/home/jeronimocosta/Documentos/GIT/PeR/src/hls/sa_hls/sa_kernel/saTop.cpp:26]   --->   Operation 153 'readreq' 'empty_94' <Predicate = true> <Delay = 2.28> <CoreInst = "m_axi">   --->   Core 121 'm_axi' <Latency = 0> <II = 1> <Delay = 1.00> <Adapter> <Opcode : 'read' 'write' 'readreq' 'writereq' 'writeresp'>

State 63 <SV = 62> <Delay = 2.28>
ST_63 : Operation 154 [12/70] (2.28ns)   --->   "%empty_94 = readreq i1 @_ssdm_op_ReadReq.m_axi.p1i128, i128 %gmem_addr, i32 25" [/home/jeronimocosta/Documentos/GIT/PeR/src/hls/sa_hls/sa_kernel/saTop.cpp:26]   --->   Operation 154 'readreq' 'empty_94' <Predicate = true> <Delay = 2.28> <CoreInst = "m_axi">   --->   Core 121 'm_axi' <Latency = 0> <II = 1> <Delay = 1.00> <Adapter> <Opcode : 'read' 'write' 'readreq' 'writereq' 'writeresp'>

State 64 <SV = 63> <Delay = 2.28>
ST_64 : Operation 155 [11/70] (2.28ns)   --->   "%empty_94 = readreq i1 @_ssdm_op_ReadReq.m_axi.p1i128, i128 %gmem_addr, i32 25" [/home/jeronimocosta/Documentos/GIT/PeR/src/hls/sa_hls/sa_kernel/saTop.cpp:26]   --->   Operation 155 'readreq' 'empty_94' <Predicate = true> <Delay = 2.28> <CoreInst = "m_axi">   --->   Core 121 'm_axi' <Latency = 0> <II = 1> <Delay = 1.00> <Adapter> <Opcode : 'read' 'write' 'readreq' 'writereq' 'writeresp'>

State 65 <SV = 64> <Delay = 2.28>
ST_65 : Operation 156 [10/70] (2.28ns)   --->   "%empty_94 = readreq i1 @_ssdm_op_ReadReq.m_axi.p1i128, i128 %gmem_addr, i32 25" [/home/jeronimocosta/Documentos/GIT/PeR/src/hls/sa_hls/sa_kernel/saTop.cpp:26]   --->   Operation 156 'readreq' 'empty_94' <Predicate = true> <Delay = 2.28> <CoreInst = "m_axi">   --->   Core 121 'm_axi' <Latency = 0> <II = 1> <Delay = 1.00> <Adapter> <Opcode : 'read' 'write' 'readreq' 'writereq' 'writeresp'>

State 66 <SV = 65> <Delay = 2.28>
ST_66 : Operation 157 [9/70] (2.28ns)   --->   "%empty_94 = readreq i1 @_ssdm_op_ReadReq.m_axi.p1i128, i128 %gmem_addr, i32 25" [/home/jeronimocosta/Documentos/GIT/PeR/src/hls/sa_hls/sa_kernel/saTop.cpp:26]   --->   Operation 157 'readreq' 'empty_94' <Predicate = true> <Delay = 2.28> <CoreInst = "m_axi">   --->   Core 121 'm_axi' <Latency = 0> <II = 1> <Delay = 1.00> <Adapter> <Opcode : 'read' 'write' 'readreq' 'writereq' 'writeresp'>

State 67 <SV = 66> <Delay = 2.28>
ST_67 : Operation 158 [8/70] (2.28ns)   --->   "%empty_94 = readreq i1 @_ssdm_op_ReadReq.m_axi.p1i128, i128 %gmem_addr, i32 25" [/home/jeronimocosta/Documentos/GIT/PeR/src/hls/sa_hls/sa_kernel/saTop.cpp:26]   --->   Operation 158 'readreq' 'empty_94' <Predicate = true> <Delay = 2.28> <CoreInst = "m_axi">   --->   Core 121 'm_axi' <Latency = 0> <II = 1> <Delay = 1.00> <Adapter> <Opcode : 'read' 'write' 'readreq' 'writereq' 'writeresp'>

State 68 <SV = 67> <Delay = 2.28>
ST_68 : Operation 159 [7/70] (2.28ns)   --->   "%empty_94 = readreq i1 @_ssdm_op_ReadReq.m_axi.p1i128, i128 %gmem_addr, i32 25" [/home/jeronimocosta/Documentos/GIT/PeR/src/hls/sa_hls/sa_kernel/saTop.cpp:26]   --->   Operation 159 'readreq' 'empty_94' <Predicate = true> <Delay = 2.28> <CoreInst = "m_axi">   --->   Core 121 'm_axi' <Latency = 0> <II = 1> <Delay = 1.00> <Adapter> <Opcode : 'read' 'write' 'readreq' 'writereq' 'writeresp'>

State 69 <SV = 68> <Delay = 2.28>
ST_69 : Operation 160 [6/70] (2.28ns)   --->   "%empty_94 = readreq i1 @_ssdm_op_ReadReq.m_axi.p1i128, i128 %gmem_addr, i32 25" [/home/jeronimocosta/Documentos/GIT/PeR/src/hls/sa_hls/sa_kernel/saTop.cpp:26]   --->   Operation 160 'readreq' 'empty_94' <Predicate = true> <Delay = 2.28> <CoreInst = "m_axi">   --->   Core 121 'm_axi' <Latency = 0> <II = 1> <Delay = 1.00> <Adapter> <Opcode : 'read' 'write' 'readreq' 'writereq' 'writeresp'>

State 70 <SV = 69> <Delay = 2.28>
ST_70 : Operation 161 [5/70] (2.28ns)   --->   "%empty_94 = readreq i1 @_ssdm_op_ReadReq.m_axi.p1i128, i128 %gmem_addr, i32 25" [/home/jeronimocosta/Documentos/GIT/PeR/src/hls/sa_hls/sa_kernel/saTop.cpp:26]   --->   Operation 161 'readreq' 'empty_94' <Predicate = true> <Delay = 2.28> <CoreInst = "m_axi">   --->   Core 121 'm_axi' <Latency = 0> <II = 1> <Delay = 1.00> <Adapter> <Opcode : 'read' 'write' 'readreq' 'writereq' 'writeresp'>

State 71 <SV = 70> <Delay = 2.28>
ST_71 : Operation 162 [4/70] (2.28ns)   --->   "%empty_94 = readreq i1 @_ssdm_op_ReadReq.m_axi.p1i128, i128 %gmem_addr, i32 25" [/home/jeronimocosta/Documentos/GIT/PeR/src/hls/sa_hls/sa_kernel/saTop.cpp:26]   --->   Operation 162 'readreq' 'empty_94' <Predicate = true> <Delay = 2.28> <CoreInst = "m_axi">   --->   Core 121 'm_axi' <Latency = 0> <II = 1> <Delay = 1.00> <Adapter> <Opcode : 'read' 'write' 'readreq' 'writereq' 'writeresp'>

State 72 <SV = 71> <Delay = 2.28>
ST_72 : Operation 163 [3/70] (2.28ns)   --->   "%empty_94 = readreq i1 @_ssdm_op_ReadReq.m_axi.p1i128, i128 %gmem_addr, i32 25" [/home/jeronimocosta/Documentos/GIT/PeR/src/hls/sa_hls/sa_kernel/saTop.cpp:26]   --->   Operation 163 'readreq' 'empty_94' <Predicate = true> <Delay = 2.28> <CoreInst = "m_axi">   --->   Core 121 'm_axi' <Latency = 0> <II = 1> <Delay = 1.00> <Adapter> <Opcode : 'read' 'write' 'readreq' 'writereq' 'writeresp'>

State 73 <SV = 72> <Delay = 2.28>
ST_73 : Operation 164 [2/70] (2.28ns)   --->   "%empty_94 = readreq i1 @_ssdm_op_ReadReq.m_axi.p1i128, i128 %gmem_addr, i32 25" [/home/jeronimocosta/Documentos/GIT/PeR/src/hls/sa_hls/sa_kernel/saTop.cpp:26]   --->   Operation 164 'readreq' 'empty_94' <Predicate = true> <Delay = 2.28> <CoreInst = "m_axi">   --->   Core 121 'm_axi' <Latency = 0> <II = 1> <Delay = 1.00> <Adapter> <Opcode : 'read' 'write' 'readreq' 'writereq' 'writeresp'>

State 74 <SV = 73> <Delay = 2.28>
ST_74 : Operation 165 [1/70] (2.28ns)   --->   "%empty_94 = readreq i1 @_ssdm_op_ReadReq.m_axi.p1i128, i128 %gmem_addr, i32 25" [/home/jeronimocosta/Documentos/GIT/PeR/src/hls/sa_hls/sa_kernel/saTop.cpp:26]   --->   Operation 165 'readreq' 'empty_94' <Predicate = true> <Delay = 2.28> <CoreInst = "m_axi">   --->   Core 121 'm_axi' <Latency = 0> <II = 1> <Delay = 1.00> <Adapter> <Opcode : 'read' 'write' 'readreq' 'writereq' 'writeresp'>

State 75 <SV = 74> <Delay = 0.00>
ST_75 : Operation 166 [2/2] (0.00ns)   --->   "%call_ln26 = call void @simulatedAnnealingTop_Pipeline_3, i128 %gmem, i60 %trunc_ln, i32 %n_l_V" [/home/jeronimocosta/Documentos/GIT/PeR/src/hls/sa_hls/sa_kernel/saTop.cpp:26]   --->   Operation 166 'call' 'call_ln26' <Predicate = true> <Delay = 0.00> <CoreType = "Generic">   --->   Core 0 '' <Latency = 0> <II = 1> <Delay = 1.00> <Generic> <Opcode : >

State 76 <SV = 75> <Delay = 0.00>
ST_76 : Operation 167 [1/2] (0.00ns)   --->   "%call_ln26 = call void @simulatedAnnealingTop_Pipeline_3, i128 %gmem, i60 %trunc_ln, i32 %n_l_V" [/home/jeronimocosta/Documentos/GIT/PeR/src/hls/sa_hls/sa_kernel/saTop.cpp:26]   --->   Operation 167 'call' 'call_ln26' <Predicate = true> <Delay = 0.00> <CoreType = "Generic">   --->   Core 0 '' <Latency = 0> <II = 1> <Delay = 1.00> <Generic> <Opcode : >

State 77 <SV = 76> <Delay = 0.00>
ST_77 : Operation 168 [2/2] (0.00ns)   --->   "%call_ln29 = call void @exec_pipeline, i800 %n2c_l_V, i800 %c2n_l_V, i32 %n_l_V, i8 %st3_m_th_idx_offset, i8 %st1_m_th_idx_offset" [/home/jeronimocosta/Documentos/GIT/PeR/src/hls/sa_hls/sa_kernel/saTop.cpp:29]   --->   Operation 168 'call' 'call_ln29' <Predicate = true> <Delay = 0.00> <CoreType = "Generic">   --->   Core 0 '' <Latency = 0> <II = 1> <Delay = 1.00> <Generic> <Opcode : >

State 78 <SV = 77> <Delay = 0.00>
ST_78 : Operation 169 [1/2] (0.00ns)   --->   "%call_ln29 = call void @exec_pipeline, i800 %n2c_l_V, i800 %c2n_l_V, i32 %n_l_V, i8 %st3_m_th_idx_offset, i8 %st1_m_th_idx_offset" [/home/jeronimocosta/Documentos/GIT/PeR/src/hls/sa_hls/sa_kernel/saTop.cpp:29]   --->   Operation 169 'call' 'call_ln29' <Predicate = true> <Delay = 0.00> <CoreType = "Generic">   --->   Core 0 '' <Latency = 0> <II = 1> <Delay = 1.00> <Generic> <Opcode : >

State 79 <SV = 78> <Delay = 0.00>
ST_79 : Operation 170 [2/2] (0.00ns)   --->   "%call_ln0 = call void @simulatedAnnealingTop_Pipeline_4, i128 %gmem, i800 %c2n_l_V, i64 %c2n_read, i4 %empty_93"   --->   Operation 170 'call' 'call_ln0' <Predicate = true> <Delay = 0.00> <CoreType = "Generic">   --->   Core 0 '' <Latency = 0> <II = 1> <Delay = 1.00> <Generic> <Opcode : >

State 80 <SV = 79> <Delay = 0.00>
ST_80 : Operation 171 [1/1] (0.00ns)   --->   "%spectopmodule_ln4 = spectopmodule void @_ssdm_op_SpecTopModule, void @empty_5" [/home/jeronimocosta/Documentos/GIT/PeR/src/hls/sa_hls/sa_kernel/saTop.cpp:4]   --->   Operation 171 'spectopmodule' 'spectopmodule_ln4' <Predicate = true> <Delay = 0.00>
ST_80 : Operation 172 [1/1] (0.00ns)   --->   "%specinterface_ln4 = specinterface void @_ssdm_op_SpecInterface, i32 0, void @empty_7, i32 0, i32 0, void @empty_1, i32 0, i32 0, void @empty_1, void @empty_1, void @empty_1, i32 0, i32 0, i32 0, i32 0, void @empty_1, void @empty_1, i32 4294967295, i32 0" [/home/jeronimocosta/Documentos/GIT/PeR/src/hls/sa_hls/sa_kernel/saTop.cpp:4]   --->   Operation 172 'specinterface' 'specinterface_ln4' <Predicate = true> <Delay = 0.00>
ST_80 : Operation 173 [1/1] (0.00ns)   --->   "%specinterface_ln0 = specinterface void @_ssdm_op_SpecInterface, i128 %gmem, void @empty_12, i32 0, i32 0, void @empty_1, i32 64, i32 0, void @empty_11, void @empty_10, void @empty_1, i32 16, i32 16, i32 16, i32 16, void @empty_1, void @empty_1, i32 4294967295, i32 0"   --->   Operation 173 'specinterface' 'specinterface_ln0' <Predicate = true> <Delay = 0.00>
ST_80 : Operation 174 [1/1] (0.00ns)   --->   "%specbitsmap_ln0 = specbitsmap void @_ssdm_op_SpecBitsMap, i128 %gmem"   --->   Operation 174 'specbitsmap' 'specbitsmap_ln0' <Predicate = true> <Delay = 0.00>
ST_80 : Operation 175 [1/1] (0.00ns)   --->   "%specinterface_ln0 = specinterface void @_ssdm_op_SpecInterface, i64 %n2c, void @empty_9, i32 0, i32 0, void @empty_1, i32 0, i32 0, void @empty_8, void @empty_4, void @empty_1, i32 0, i32 0, i32 0, i32 0, void @empty_1, void @empty_0, i32 4294967295, i32 0"   --->   Operation 175 'specinterface' 'specinterface_ln0' <Predicate = true> <Delay = 0.00>
ST_80 : Operation 176 [1/1] (0.00ns)   --->   "%specinterface_ln0 = specinterface void @_ssdm_op_SpecInterface, i64 %n2c, void @empty, i32 0, i32 0, void @empty_1, i32 0, i32 0, void @empty_1, void @empty_1, void @empty_1, i32 0, i32 0, i32 0, i32 0, void @empty_1, void @empty_0, i32 4294967295, i32 0"   --->   Operation 176 'specinterface' 'specinterface_ln0' <Predicate = true> <Delay = 0.00>
ST_80 : Operation 177 [1/1] (0.00ns)   --->   "%specinterface_ln0 = specinterface void @_ssdm_op_SpecInterface, i64 %c2n, void @empty_9, i32 0, i32 0, void @empty_1, i32 0, i32 0, void @empty_8, void @empty_13, void @empty_1, i32 0, i32 0, i32 0, i32 0, void @empty_1, void @empty_0, i32 4294967295, i32 0"   --->   Operation 177 'specinterface' 'specinterface_ln0' <Predicate = true> <Delay = 0.00>
ST_80 : Operation 178 [1/1] (0.00ns)   --->   "%specinterface_ln0 = specinterface void @_ssdm_op_SpecInterface, i64 %c2n, void @empty, i32 0, i32 0, void @empty_1, i32 0, i32 0, void @empty_1, void @empty_1, void @empty_1, i32 0, i32 0, i32 0, i32 0, void @empty_1, void @empty_0, i32 4294967295, i32 0"   --->   Operation 178 'specinterface' 'specinterface_ln0' <Predicate = true> <Delay = 0.00>
ST_80 : Operation 179 [1/1] (0.00ns)   --->   "%specinterface_ln0 = specinterface void @_ssdm_op_SpecInterface, i64 %n, void @empty_9, i32 0, i32 0, void @empty_1, i32 0, i32 0, void @empty_8, void @empty_6, void @empty_1, i32 0, i32 0, i32 0, i32 0, void @empty_1, void @empty_0, i32 4294967295, i32 0"   --->   Operation 179 'specinterface' 'specinterface_ln0' <Predicate = true> <Delay = 0.00>
ST_80 : Operation 180 [1/1] (0.00ns)   --->   "%specinterface_ln0 = specinterface void @_ssdm_op_SpecInterface, i64 %n, void @empty, i32 0, i32 0, void @empty_1, i32 0, i32 0, void @empty_1, void @empty_1, void @empty_1, i32 0, i32 0, i32 0, i32 0, void @empty_1, void @empty_0, i32 4294967295, i32 0"   --->   Operation 180 'specinterface' 'specinterface_ln0' <Predicate = true> <Delay = 0.00>
ST_80 : Operation 181 [1/1] (0.00ns)   --->   "%specinterface_ln0 = specinterface void @_ssdm_op_SpecInterface, i32 0, void @empty_9, i32 0, i32 0, void @empty_1, i32 0, i32 0, void @empty_8, void @empty_1, void @empty_1, i32 0, i32 0, i32 0, i32 0, void @empty_1, void @empty_1, i32 4294967295, i32 0"   --->   Operation 181 'specinterface' 'specinterface_ln0' <Predicate = true> <Delay = 0.00>
ST_80 : Operation 182 [1/1] (0.00ns)   --->   "%specbramwithbyteenable_ln0 = specbramwithbyteenable void @_ssdm_op_SpecBRAMWithByteEnable, i800 %n2c_l_V"   --->   Operation 182 'specbramwithbyteenable' 'specbramwithbyteenable_ln0' <Predicate = true> <Delay = 0.00>
ST_80 : Operation 183 [1/1] (0.00ns)   --->   "%specbramwithbyteenable_ln0 = specbramwithbyteenable void @_ssdm_op_SpecBRAMWithByteEnable, i800 %c2n_l_V"   --->   Operation 183 'specbramwithbyteenable' 'specbramwithbyteenable_ln0' <Predicate = true> <Delay = 0.00>
ST_80 : Operation 184 [1/1] (0.00ns)   --->   "%specbramwithbyteenable_ln0 = specbramwithbyteenable void @_ssdm_op_SpecBRAMWithByteEnable, i32 %n_l_V"   --->   Operation 184 'specbramwithbyteenable' 'specbramwithbyteenable_ln0' <Predicate = true> <Delay = 0.00>
ST_80 : Operation 185 [1/2] (0.00ns)   --->   "%call_ln0 = call void @simulatedAnnealingTop_Pipeline_4, i128 %gmem, i800 %c2n_l_V, i64 %c2n_read, i4 %empty_93"   --->   Operation 185 'call' 'call_ln0' <Predicate = true> <Delay = 0.00> <CoreType = "Generic">   --->   Core 0 '' <Latency = 0> <II = 1> <Delay = 1.00> <Generic> <Opcode : >
ST_80 : Operation 186 [1/1] (0.00ns)   --->   "%ret_ln67 = ret" [/home/jeronimocosta/Documentos/GIT/PeR/src/hls/sa_hls/sa_kernel/saTop.cpp:67]   --->   Operation 186 'ret' 'ret_ln67' <Predicate = true> <Delay = 0.00>


============================================================
+ Verbose Summary: Timing violations
============================================================
Target clock period: 3.12ns, clock uncertainty: 0.844ns.

 <State 1>: 2.15ns
The critical path consists of the following:
	s_axi read operation ('n2c_read') on port 'n2c' [20]  (1 ns)
	'call' operation ('call_ln0') to 'simulatedAnnealingTop_Pipeline_1' [28]  (1.15 ns)

 <State 2>: 0ns
The critical path consists of the following:

 <State 3>: 1.15ns
The critical path consists of the following:
	'call' operation ('call_ln0') to 'simulatedAnnealingTop_Pipeline_2' [30]  (1.15 ns)

 <State 4>: 0ns
The critical path consists of the following:

 <State 5>: 2.28ns
The critical path consists of the following:
	'getelementptr' operation ('gmem_addr', /home/jeronimocosta/Documentos/GIT/PeR/src/hls/sa_hls/sa_kernel/saTop.cpp:26) [33]  (0 ns)
	bus request operation ('empty_94', /home/jeronimocosta/Documentos/GIT/PeR/src/hls/sa_hls/sa_kernel/saTop.cpp:26) on port 'gmem' (/home/jeronimocosta/Documentos/GIT/PeR/src/hls/sa_hls/sa_kernel/saTop.cpp:26) [34]  (2.28 ns)

 <State 6>: 2.28ns
The critical path consists of the following:
	bus request operation ('empty_94', /home/jeronimocosta/Documentos/GIT/PeR/src/hls/sa_hls/sa_kernel/saTop.cpp:26) on port 'gmem' (/home/jeronimocosta/Documentos/GIT/PeR/src/hls/sa_hls/sa_kernel/saTop.cpp:26) [34]  (2.28 ns)

 <State 7>: 2.28ns
The critical path consists of the following:
	bus request operation ('empty_94', /home/jeronimocosta/Documentos/GIT/PeR/src/hls/sa_hls/sa_kernel/saTop.cpp:26) on port 'gmem' (/home/jeronimocosta/Documentos/GIT/PeR/src/hls/sa_hls/sa_kernel/saTop.cpp:26) [34]  (2.28 ns)

 <State 8>: 2.28ns
The critical path consists of the following:
	bus request operation ('empty_94', /home/jeronimocosta/Documentos/GIT/PeR/src/hls/sa_hls/sa_kernel/saTop.cpp:26) on port 'gmem' (/home/jeronimocosta/Documentos/GIT/PeR/src/hls/sa_hls/sa_kernel/saTop.cpp:26) [34]  (2.28 ns)

 <State 9>: 2.28ns
The critical path consists of the following:
	bus request operation ('empty_94', /home/jeronimocosta/Documentos/GIT/PeR/src/hls/sa_hls/sa_kernel/saTop.cpp:26) on port 'gmem' (/home/jeronimocosta/Documentos/GIT/PeR/src/hls/sa_hls/sa_kernel/saTop.cpp:26) [34]  (2.28 ns)

 <State 10>: 2.28ns
The critical path consists of the following:
	bus request operation ('empty_94', /home/jeronimocosta/Documentos/GIT/PeR/src/hls/sa_hls/sa_kernel/saTop.cpp:26) on port 'gmem' (/home/jeronimocosta/Documentos/GIT/PeR/src/hls/sa_hls/sa_kernel/saTop.cpp:26) [34]  (2.28 ns)

 <State 11>: 2.28ns
The critical path consists of the following:
	bus request operation ('empty_94', /home/jeronimocosta/Documentos/GIT/PeR/src/hls/sa_hls/sa_kernel/saTop.cpp:26) on port 'gmem' (/home/jeronimocosta/Documentos/GIT/PeR/src/hls/sa_hls/sa_kernel/saTop.cpp:26) [34]  (2.28 ns)

 <State 12>: 2.28ns
The critical path consists of the following:
	bus request operation ('empty_94', /home/jeronimocosta/Documentos/GIT/PeR/src/hls/sa_hls/sa_kernel/saTop.cpp:26) on port 'gmem' (/home/jeronimocosta/Documentos/GIT/PeR/src/hls/sa_hls/sa_kernel/saTop.cpp:26) [34]  (2.28 ns)

 <State 13>: 2.28ns
The critical path consists of the following:
	bus request operation ('empty_94', /home/jeronimocosta/Documentos/GIT/PeR/src/hls/sa_hls/sa_kernel/saTop.cpp:26) on port 'gmem' (/home/jeronimocosta/Documentos/GIT/PeR/src/hls/sa_hls/sa_kernel/saTop.cpp:26) [34]  (2.28 ns)

 <State 14>: 2.28ns
The critical path consists of the following:
	bus request operation ('empty_94', /home/jeronimocosta/Documentos/GIT/PeR/src/hls/sa_hls/sa_kernel/saTop.cpp:26) on port 'gmem' (/home/jeronimocosta/Documentos/GIT/PeR/src/hls/sa_hls/sa_kernel/saTop.cpp:26) [34]  (2.28 ns)

 <State 15>: 2.28ns
The critical path consists of the following:
	bus request operation ('empty_94', /home/jeronimocosta/Documentos/GIT/PeR/src/hls/sa_hls/sa_kernel/saTop.cpp:26) on port 'gmem' (/home/jeronimocosta/Documentos/GIT/PeR/src/hls/sa_hls/sa_kernel/saTop.cpp:26) [34]  (2.28 ns)

 <State 16>: 2.28ns
The critical path consists of the following:
	bus request operation ('empty_94', /home/jeronimocosta/Documentos/GIT/PeR/src/hls/sa_hls/sa_kernel/saTop.cpp:26) on port 'gmem' (/home/jeronimocosta/Documentos/GIT/PeR/src/hls/sa_hls/sa_kernel/saTop.cpp:26) [34]  (2.28 ns)

 <State 17>: 2.28ns
The critical path consists of the following:
	bus request operation ('empty_94', /home/jeronimocosta/Documentos/GIT/PeR/src/hls/sa_hls/sa_kernel/saTop.cpp:26) on port 'gmem' (/home/jeronimocosta/Documentos/GIT/PeR/src/hls/sa_hls/sa_kernel/saTop.cpp:26) [34]  (2.28 ns)

 <State 18>: 2.28ns
The critical path consists of the following:
	bus request operation ('empty_94', /home/jeronimocosta/Documentos/GIT/PeR/src/hls/sa_hls/sa_kernel/saTop.cpp:26) on port 'gmem' (/home/jeronimocosta/Documentos/GIT/PeR/src/hls/sa_hls/sa_kernel/saTop.cpp:26) [34]  (2.28 ns)

 <State 19>: 2.28ns
The critical path consists of the following:
	bus request operation ('empty_94', /home/jeronimocosta/Documentos/GIT/PeR/src/hls/sa_hls/sa_kernel/saTop.cpp:26) on port 'gmem' (/home/jeronimocosta/Documentos/GIT/PeR/src/hls/sa_hls/sa_kernel/saTop.cpp:26) [34]  (2.28 ns)

 <State 20>: 2.28ns
The critical path consists of the following:
	bus request operation ('empty_94', /home/jeronimocosta/Documentos/GIT/PeR/src/hls/sa_hls/sa_kernel/saTop.cpp:26) on port 'gmem' (/home/jeronimocosta/Documentos/GIT/PeR/src/hls/sa_hls/sa_kernel/saTop.cpp:26) [34]  (2.28 ns)

 <State 21>: 2.28ns
The critical path consists of the following:
	bus request operation ('empty_94', /home/jeronimocosta/Documentos/GIT/PeR/src/hls/sa_hls/sa_kernel/saTop.cpp:26) on port 'gmem' (/home/jeronimocosta/Documentos/GIT/PeR/src/hls/sa_hls/sa_kernel/saTop.cpp:26) [34]  (2.28 ns)

 <State 22>: 2.28ns
The critical path consists of the following:
	bus request operation ('empty_94', /home/jeronimocosta/Documentos/GIT/PeR/src/hls/sa_hls/sa_kernel/saTop.cpp:26) on port 'gmem' (/home/jeronimocosta/Documentos/GIT/PeR/src/hls/sa_hls/sa_kernel/saTop.cpp:26) [34]  (2.28 ns)

 <State 23>: 2.28ns
The critical path consists of the following:
	bus request operation ('empty_94', /home/jeronimocosta/Documentos/GIT/PeR/src/hls/sa_hls/sa_kernel/saTop.cpp:26) on port 'gmem' (/home/jeronimocosta/Documentos/GIT/PeR/src/hls/sa_hls/sa_kernel/saTop.cpp:26) [34]  (2.28 ns)

 <State 24>: 2.28ns
The critical path consists of the following:
	bus request operation ('empty_94', /home/jeronimocosta/Documentos/GIT/PeR/src/hls/sa_hls/sa_kernel/saTop.cpp:26) on port 'gmem' (/home/jeronimocosta/Documentos/GIT/PeR/src/hls/sa_hls/sa_kernel/saTop.cpp:26) [34]  (2.28 ns)

 <State 25>: 2.28ns
The critical path consists of the following:
	bus request operation ('empty_94', /home/jeronimocosta/Documentos/GIT/PeR/src/hls/sa_hls/sa_kernel/saTop.cpp:26) on port 'gmem' (/home/jeronimocosta/Documentos/GIT/PeR/src/hls/sa_hls/sa_kernel/saTop.cpp:26) [34]  (2.28 ns)

 <State 26>: 2.28ns
The critical path consists of the following:
	bus request operation ('empty_94', /home/jeronimocosta/Documentos/GIT/PeR/src/hls/sa_hls/sa_kernel/saTop.cpp:26) on port 'gmem' (/home/jeronimocosta/Documentos/GIT/PeR/src/hls/sa_hls/sa_kernel/saTop.cpp:26) [34]  (2.28 ns)

 <State 27>: 2.28ns
The critical path consists of the following:
	bus request operation ('empty_94', /home/jeronimocosta/Documentos/GIT/PeR/src/hls/sa_hls/sa_kernel/saTop.cpp:26) on port 'gmem' (/home/jeronimocosta/Documentos/GIT/PeR/src/hls/sa_hls/sa_kernel/saTop.cpp:26) [34]  (2.28 ns)

 <State 28>: 2.28ns
The critical path consists of the following:
	bus request operation ('empty_94', /home/jeronimocosta/Documentos/GIT/PeR/src/hls/sa_hls/sa_kernel/saTop.cpp:26) on port 'gmem' (/home/jeronimocosta/Documentos/GIT/PeR/src/hls/sa_hls/sa_kernel/saTop.cpp:26) [34]  (2.28 ns)

 <State 29>: 2.28ns
The critical path consists of the following:
	bus request operation ('empty_94', /home/jeronimocosta/Documentos/GIT/PeR/src/hls/sa_hls/sa_kernel/saTop.cpp:26) on port 'gmem' (/home/jeronimocosta/Documentos/GIT/PeR/src/hls/sa_hls/sa_kernel/saTop.cpp:26) [34]  (2.28 ns)

 <State 30>: 2.28ns
The critical path consists of the following:
	bus request operation ('empty_94', /home/jeronimocosta/Documentos/GIT/PeR/src/hls/sa_hls/sa_kernel/saTop.cpp:26) on port 'gmem' (/home/jeronimocosta/Documentos/GIT/PeR/src/hls/sa_hls/sa_kernel/saTop.cpp:26) [34]  (2.28 ns)

 <State 31>: 2.28ns
The critical path consists of the following:
	bus request operation ('empty_94', /home/jeronimocosta/Documentos/GIT/PeR/src/hls/sa_hls/sa_kernel/saTop.cpp:26) on port 'gmem' (/home/jeronimocosta/Documentos/GIT/PeR/src/hls/sa_hls/sa_kernel/saTop.cpp:26) [34]  (2.28 ns)

 <State 32>: 2.28ns
The critical path consists of the following:
	bus request operation ('empty_94', /home/jeronimocosta/Documentos/GIT/PeR/src/hls/sa_hls/sa_kernel/saTop.cpp:26) on port 'gmem' (/home/jeronimocosta/Documentos/GIT/PeR/src/hls/sa_hls/sa_kernel/saTop.cpp:26) [34]  (2.28 ns)

 <State 33>: 2.28ns
The critical path consists of the following:
	bus request operation ('empty_94', /home/jeronimocosta/Documentos/GIT/PeR/src/hls/sa_hls/sa_kernel/saTop.cpp:26) on port 'gmem' (/home/jeronimocosta/Documentos/GIT/PeR/src/hls/sa_hls/sa_kernel/saTop.cpp:26) [34]  (2.28 ns)

 <State 34>: 2.28ns
The critical path consists of the following:
	bus request operation ('empty_94', /home/jeronimocosta/Documentos/GIT/PeR/src/hls/sa_hls/sa_kernel/saTop.cpp:26) on port 'gmem' (/home/jeronimocosta/Documentos/GIT/PeR/src/hls/sa_hls/sa_kernel/saTop.cpp:26) [34]  (2.28 ns)

 <State 35>: 2.28ns
The critical path consists of the following:
	bus request operation ('empty_94', /home/jeronimocosta/Documentos/GIT/PeR/src/hls/sa_hls/sa_kernel/saTop.cpp:26) on port 'gmem' (/home/jeronimocosta/Documentos/GIT/PeR/src/hls/sa_hls/sa_kernel/saTop.cpp:26) [34]  (2.28 ns)

 <State 36>: 2.28ns
The critical path consists of the following:
	bus request operation ('empty_94', /home/jeronimocosta/Documentos/GIT/PeR/src/hls/sa_hls/sa_kernel/saTop.cpp:26) on port 'gmem' (/home/jeronimocosta/Documentos/GIT/PeR/src/hls/sa_hls/sa_kernel/saTop.cpp:26) [34]  (2.28 ns)

 <State 37>: 2.28ns
The critical path consists of the following:
	bus request operation ('empty_94', /home/jeronimocosta/Documentos/GIT/PeR/src/hls/sa_hls/sa_kernel/saTop.cpp:26) on port 'gmem' (/home/jeronimocosta/Documentos/GIT/PeR/src/hls/sa_hls/sa_kernel/saTop.cpp:26) [34]  (2.28 ns)

 <State 38>: 2.28ns
The critical path consists of the following:
	bus request operation ('empty_94', /home/jeronimocosta/Documentos/GIT/PeR/src/hls/sa_hls/sa_kernel/saTop.cpp:26) on port 'gmem' (/home/jeronimocosta/Documentos/GIT/PeR/src/hls/sa_hls/sa_kernel/saTop.cpp:26) [34]  (2.28 ns)

 <State 39>: 2.28ns
The critical path consists of the following:
	bus request operation ('empty_94', /home/jeronimocosta/Documentos/GIT/PeR/src/hls/sa_hls/sa_kernel/saTop.cpp:26) on port 'gmem' (/home/jeronimocosta/Documentos/GIT/PeR/src/hls/sa_hls/sa_kernel/saTop.cpp:26) [34]  (2.28 ns)

 <State 40>: 2.28ns
The critical path consists of the following:
	bus request operation ('empty_94', /home/jeronimocosta/Documentos/GIT/PeR/src/hls/sa_hls/sa_kernel/saTop.cpp:26) on port 'gmem' (/home/jeronimocosta/Documentos/GIT/PeR/src/hls/sa_hls/sa_kernel/saTop.cpp:26) [34]  (2.28 ns)

 <State 41>: 2.28ns
The critical path consists of the following:
	bus request operation ('empty_94', /home/jeronimocosta/Documentos/GIT/PeR/src/hls/sa_hls/sa_kernel/saTop.cpp:26) on port 'gmem' (/home/jeronimocosta/Documentos/GIT/PeR/src/hls/sa_hls/sa_kernel/saTop.cpp:26) [34]  (2.28 ns)

 <State 42>: 2.28ns
The critical path consists of the following:
	bus request operation ('empty_94', /home/jeronimocosta/Documentos/GIT/PeR/src/hls/sa_hls/sa_kernel/saTop.cpp:26) on port 'gmem' (/home/jeronimocosta/Documentos/GIT/PeR/src/hls/sa_hls/sa_kernel/saTop.cpp:26) [34]  (2.28 ns)

 <State 43>: 2.28ns
The critical path consists of the following:
	bus request operation ('empty_94', /home/jeronimocosta/Documentos/GIT/PeR/src/hls/sa_hls/sa_kernel/saTop.cpp:26) on port 'gmem' (/home/jeronimocosta/Documentos/GIT/PeR/src/hls/sa_hls/sa_kernel/saTop.cpp:26) [34]  (2.28 ns)

 <State 44>: 2.28ns
The critical path consists of the following:
	bus request operation ('empty_94', /home/jeronimocosta/Documentos/GIT/PeR/src/hls/sa_hls/sa_kernel/saTop.cpp:26) on port 'gmem' (/home/jeronimocosta/Documentos/GIT/PeR/src/hls/sa_hls/sa_kernel/saTop.cpp:26) [34]  (2.28 ns)

 <State 45>: 2.28ns
The critical path consists of the following:
	bus request operation ('empty_94', /home/jeronimocosta/Documentos/GIT/PeR/src/hls/sa_hls/sa_kernel/saTop.cpp:26) on port 'gmem' (/home/jeronimocosta/Documentos/GIT/PeR/src/hls/sa_hls/sa_kernel/saTop.cpp:26) [34]  (2.28 ns)

 <State 46>: 2.28ns
The critical path consists of the following:
	bus request operation ('empty_94', /home/jeronimocosta/Documentos/GIT/PeR/src/hls/sa_hls/sa_kernel/saTop.cpp:26) on port 'gmem' (/home/jeronimocosta/Documentos/GIT/PeR/src/hls/sa_hls/sa_kernel/saTop.cpp:26) [34]  (2.28 ns)

 <State 47>: 2.28ns
The critical path consists of the following:
	bus request operation ('empty_94', /home/jeronimocosta/Documentos/GIT/PeR/src/hls/sa_hls/sa_kernel/saTop.cpp:26) on port 'gmem' (/home/jeronimocosta/Documentos/GIT/PeR/src/hls/sa_hls/sa_kernel/saTop.cpp:26) [34]  (2.28 ns)

 <State 48>: 2.28ns
The critical path consists of the following:
	bus request operation ('empty_94', /home/jeronimocosta/Documentos/GIT/PeR/src/hls/sa_hls/sa_kernel/saTop.cpp:26) on port 'gmem' (/home/jeronimocosta/Documentos/GIT/PeR/src/hls/sa_hls/sa_kernel/saTop.cpp:26) [34]  (2.28 ns)

 <State 49>: 2.28ns
The critical path consists of the following:
	bus request operation ('empty_94', /home/jeronimocosta/Documentos/GIT/PeR/src/hls/sa_hls/sa_kernel/saTop.cpp:26) on port 'gmem' (/home/jeronimocosta/Documentos/GIT/PeR/src/hls/sa_hls/sa_kernel/saTop.cpp:26) [34]  (2.28 ns)

 <State 50>: 2.28ns
The critical path consists of the following:
	bus request operation ('empty_94', /home/jeronimocosta/Documentos/GIT/PeR/src/hls/sa_hls/sa_kernel/saTop.cpp:26) on port 'gmem' (/home/jeronimocosta/Documentos/GIT/PeR/src/hls/sa_hls/sa_kernel/saTop.cpp:26) [34]  (2.28 ns)

 <State 51>: 2.28ns
The critical path consists of the following:
	bus request operation ('empty_94', /home/jeronimocosta/Documentos/GIT/PeR/src/hls/sa_hls/sa_kernel/saTop.cpp:26) on port 'gmem' (/home/jeronimocosta/Documentos/GIT/PeR/src/hls/sa_hls/sa_kernel/saTop.cpp:26) [34]  (2.28 ns)

 <State 52>: 2.28ns
The critical path consists of the following:
	bus request operation ('empty_94', /home/jeronimocosta/Documentos/GIT/PeR/src/hls/sa_hls/sa_kernel/saTop.cpp:26) on port 'gmem' (/home/jeronimocosta/Documentos/GIT/PeR/src/hls/sa_hls/sa_kernel/saTop.cpp:26) [34]  (2.28 ns)

 <State 53>: 2.28ns
The critical path consists of the following:
	bus request operation ('empty_94', /home/jeronimocosta/Documentos/GIT/PeR/src/hls/sa_hls/sa_kernel/saTop.cpp:26) on port 'gmem' (/home/jeronimocosta/Documentos/GIT/PeR/src/hls/sa_hls/sa_kernel/saTop.cpp:26) [34]  (2.28 ns)

 <State 54>: 2.28ns
The critical path consists of the following:
	bus request operation ('empty_94', /home/jeronimocosta/Documentos/GIT/PeR/src/hls/sa_hls/sa_kernel/saTop.cpp:26) on port 'gmem' (/home/jeronimocosta/Documentos/GIT/PeR/src/hls/sa_hls/sa_kernel/saTop.cpp:26) [34]  (2.28 ns)

 <State 55>: 2.28ns
The critical path consists of the following:
	bus request operation ('empty_94', /home/jeronimocosta/Documentos/GIT/PeR/src/hls/sa_hls/sa_kernel/saTop.cpp:26) on port 'gmem' (/home/jeronimocosta/Documentos/GIT/PeR/src/hls/sa_hls/sa_kernel/saTop.cpp:26) [34]  (2.28 ns)

 <State 56>: 2.28ns
The critical path consists of the following:
	bus request operation ('empty_94', /home/jeronimocosta/Documentos/GIT/PeR/src/hls/sa_hls/sa_kernel/saTop.cpp:26) on port 'gmem' (/home/jeronimocosta/Documentos/GIT/PeR/src/hls/sa_hls/sa_kernel/saTop.cpp:26) [34]  (2.28 ns)

 <State 57>: 2.28ns
The critical path consists of the following:
	bus request operation ('empty_94', /home/jeronimocosta/Documentos/GIT/PeR/src/hls/sa_hls/sa_kernel/saTop.cpp:26) on port 'gmem' (/home/jeronimocosta/Documentos/GIT/PeR/src/hls/sa_hls/sa_kernel/saTop.cpp:26) [34]  (2.28 ns)

 <State 58>: 2.28ns
The critical path consists of the following:
	bus request operation ('empty_94', /home/jeronimocosta/Documentos/GIT/PeR/src/hls/sa_hls/sa_kernel/saTop.cpp:26) on port 'gmem' (/home/jeronimocosta/Documentos/GIT/PeR/src/hls/sa_hls/sa_kernel/saTop.cpp:26) [34]  (2.28 ns)

 <State 59>: 2.28ns
The critical path consists of the following:
	bus request operation ('empty_94', /home/jeronimocosta/Documentos/GIT/PeR/src/hls/sa_hls/sa_kernel/saTop.cpp:26) on port 'gmem' (/home/jeronimocosta/Documentos/GIT/PeR/src/hls/sa_hls/sa_kernel/saTop.cpp:26) [34]  (2.28 ns)

 <State 60>: 2.28ns
The critical path consists of the following:
	bus request operation ('empty_94', /home/jeronimocosta/Documentos/GIT/PeR/src/hls/sa_hls/sa_kernel/saTop.cpp:26) on port 'gmem' (/home/jeronimocosta/Documentos/GIT/PeR/src/hls/sa_hls/sa_kernel/saTop.cpp:26) [34]  (2.28 ns)

 <State 61>: 2.28ns
The critical path consists of the following:
	bus request operation ('empty_94', /home/jeronimocosta/Documentos/GIT/PeR/src/hls/sa_hls/sa_kernel/saTop.cpp:26) on port 'gmem' (/home/jeronimocosta/Documentos/GIT/PeR/src/hls/sa_hls/sa_kernel/saTop.cpp:26) [34]  (2.28 ns)

 <State 62>: 2.28ns
The critical path consists of the following:
	bus request operation ('empty_94', /home/jeronimocosta/Documentos/GIT/PeR/src/hls/sa_hls/sa_kernel/saTop.cpp:26) on port 'gmem' (/home/jeronimocosta/Documentos/GIT/PeR/src/hls/sa_hls/sa_kernel/saTop.cpp:26) [34]  (2.28 ns)

 <State 63>: 2.28ns
The critical path consists of the following:
	bus request operation ('empty_94', /home/jeronimocosta/Documentos/GIT/PeR/src/hls/sa_hls/sa_kernel/saTop.cpp:26) on port 'gmem' (/home/jeronimocosta/Documentos/GIT/PeR/src/hls/sa_hls/sa_kernel/saTop.cpp:26) [34]  (2.28 ns)

 <State 64>: 2.28ns
The critical path consists of the following:
	bus request operation ('empty_94', /home/jeronimocosta/Documentos/GIT/PeR/src/hls/sa_hls/sa_kernel/saTop.cpp:26) on port 'gmem' (/home/jeronimocosta/Documentos/GIT/PeR/src/hls/sa_hls/sa_kernel/saTop.cpp:26) [34]  (2.28 ns)

 <State 65>: 2.28ns
The critical path consists of the following:
	bus request operation ('empty_94', /home/jeronimocosta/Documentos/GIT/PeR/src/hls/sa_hls/sa_kernel/saTop.cpp:26) on port 'gmem' (/home/jeronimocosta/Documentos/GIT/PeR/src/hls/sa_hls/sa_kernel/saTop.cpp:26) [34]  (2.28 ns)

 <State 66>: 2.28ns
The critical path consists of the following:
	bus request operation ('empty_94', /home/jeronimocosta/Documentos/GIT/PeR/src/hls/sa_hls/sa_kernel/saTop.cpp:26) on port 'gmem' (/home/jeronimocosta/Documentos/GIT/PeR/src/hls/sa_hls/sa_kernel/saTop.cpp:26) [34]  (2.28 ns)

 <State 67>: 2.28ns
The critical path consists of the following:
	bus request operation ('empty_94', /home/jeronimocosta/Documentos/GIT/PeR/src/hls/sa_hls/sa_kernel/saTop.cpp:26) on port 'gmem' (/home/jeronimocosta/Documentos/GIT/PeR/src/hls/sa_hls/sa_kernel/saTop.cpp:26) [34]  (2.28 ns)

 <State 68>: 2.28ns
The critical path consists of the following:
	bus request operation ('empty_94', /home/jeronimocosta/Documentos/GIT/PeR/src/hls/sa_hls/sa_kernel/saTop.cpp:26) on port 'gmem' (/home/jeronimocosta/Documentos/GIT/PeR/src/hls/sa_hls/sa_kernel/saTop.cpp:26) [34]  (2.28 ns)

 <State 69>: 2.28ns
The critical path consists of the following:
	bus request operation ('empty_94', /home/jeronimocosta/Documentos/GIT/PeR/src/hls/sa_hls/sa_kernel/saTop.cpp:26) on port 'gmem' (/home/jeronimocosta/Documentos/GIT/PeR/src/hls/sa_hls/sa_kernel/saTop.cpp:26) [34]  (2.28 ns)

 <State 70>: 2.28ns
The critical path consists of the following:
	bus request operation ('empty_94', /home/jeronimocosta/Documentos/GIT/PeR/src/hls/sa_hls/sa_kernel/saTop.cpp:26) on port 'gmem' (/home/jeronimocosta/Documentos/GIT/PeR/src/hls/sa_hls/sa_kernel/saTop.cpp:26) [34]  (2.28 ns)

 <State 71>: 2.28ns
The critical path consists of the following:
	bus request operation ('empty_94', /home/jeronimocosta/Documentos/GIT/PeR/src/hls/sa_hls/sa_kernel/saTop.cpp:26) on port 'gmem' (/home/jeronimocosta/Documentos/GIT/PeR/src/hls/sa_hls/sa_kernel/saTop.cpp:26) [34]  (2.28 ns)

 <State 72>: 2.28ns
The critical path consists of the following:
	bus request operation ('empty_94', /home/jeronimocosta/Documentos/GIT/PeR/src/hls/sa_hls/sa_kernel/saTop.cpp:26) on port 'gmem' (/home/jeronimocosta/Documentos/GIT/PeR/src/hls/sa_hls/sa_kernel/saTop.cpp:26) [34]  (2.28 ns)

 <State 73>: 2.28ns
The critical path consists of the following:
	bus request operation ('empty_94', /home/jeronimocosta/Documentos/GIT/PeR/src/hls/sa_hls/sa_kernel/saTop.cpp:26) on port 'gmem' (/home/jeronimocosta/Documentos/GIT/PeR/src/hls/sa_hls/sa_kernel/saTop.cpp:26) [34]  (2.28 ns)

 <State 74>: 2.28ns
The critical path consists of the following:
	bus request operation ('empty_94', /home/jeronimocosta/Documentos/GIT/PeR/src/hls/sa_hls/sa_kernel/saTop.cpp:26) on port 'gmem' (/home/jeronimocosta/Documentos/GIT/PeR/src/hls/sa_hls/sa_kernel/saTop.cpp:26) [34]  (2.28 ns)

 <State 75>: 0ns
The critical path consists of the following:

 <State 76>: 0ns
The critical path consists of the following:

 <State 77>: 0ns
The critical path consists of the following:

 <State 78>: 0ns
The critical path consists of the following:

 <State 79>: 0ns
The critical path consists of the following:

 <State 80>: 0ns
The critical path consists of the following:


============================================================
+ Verbose Summary: Binding
============================================================
N/A
* FSMD analyzer results:
  - Output states:
 - Input state : 
  - Chain level:
	State 1
	State 2
	State 3
	State 4
	State 5
	State 6
	State 7
	State 8
	State 9
	State 10
	State 11
	State 12
	State 13
	State 14
	State 15
	State 16
	State 17
	State 18
	State 19
	State 20
	State 21
	State 22
	State 23
	State 24
	State 25
	State 26
	State 27
	State 28
	State 29
	State 30
	State 31
	State 32
	State 33
	State 34
	State 35
	State 36
	State 37
	State 38
	State 39
	State 40
	State 41
	State 42
	State 43
	State 44
	State 45
	State 46
	State 47
	State 48
	State 49
	State 50
	State 51
	State 52
	State 53
	State 54
	State 55
	State 56
	State 57
	State 58
	State 59
	State 60
	State 61
	State 62
	State 63
	State 64
	State 65
	State 66
	State 67
	State 68
	State 69
	State 70
	State 71
	State 72
	State 73
	State 74
	State 75
	State 76
	State 77
	State 78
	State 79
	State 80


============================================================
+ Verbose Summary: Datapath Resource usage 
============================================================
N/A
