/home/jeronimocosta/Documentos/GIT/PeR/src/hls/sa_hls/sa_kernel/prj_ob/simulatedAnnealingTop/.autopilot/db/stage1_sa_hls.pp.0.cpp:1332:7: warning: Added loop label VITIS_LOOP_1211_1:   [xilinx-label-all-loops]
      for (i = 0; i < __N - 1; ++i) {
      ^~~
      VITIS_LOOP_1211_1: 
/home/jeronimocosta/Documentos/GIT/PeR/src/hls/sa_hls/sa_kernel/prj_ob/simulatedAnnealingTop/.autopilot/db/stage1_sa_hls.pp.0.cpp:1332:7: note: FIX-IT applied suggested code changes
/home/jeronimocosta/Documentos/GIT/PeR/src/hls/sa_hls/sa_kernel/prj_ob/simulatedAnnealingTop/.autopilot/db/stage1_sa_hls.pp.0.cpp:2306:5: warning: Added loop label VITIS_LOOP_676_1:   [xilinx-label-all-loops]
    for (unsigned i = low; i != high; ++i) {
    ^~~
    VITIS_LOOP_676_1: 
/home/jeronimocosta/Documentos/GIT/PeR/src/hls/sa_hls/sa_kernel/prj_ob/simulatedAnnealingTop/.autopilot/db/stage1_sa_hls.pp.0.cpp:2306:5: note: FIX-IT applied suggested code changes
/home/jeronimocosta/Documentos/GIT/PeR/src/hls/sa_hls/sa_kernel/prj_ob/simulatedAnnealingTop/.autopilot/db/stage1_sa_hls.pp.0.cpp:2320:5: warning: Added loop label VITIS_LOOP_690_1:   [xilinx-label-all-loops]
    for (unsigned i = low; i != high; ++i) {
    ^~~
    VITIS_LOOP_690_1: 
/home/jeronimocosta/Documentos/GIT/PeR/src/hls/sa_hls/sa_kernel/prj_ob/simulatedAnnealingTop/.autopilot/db/stage1_sa_hls.pp.0.cpp:2320:5: note: FIX-IT applied suggested code changes
/home/jeronimocosta/Documentos/GIT/PeR/src/hls/sa_hls/sa_kernel/prj_ob/simulatedAnnealingTop/.autopilot/db/stage1_sa_hls.pp.0.cpp:2334:5: warning: Added loop label VITIS_LOOP_704_1:   [xilinx-label-all-loops]
    for (unsigned i = low; i != high; ++i) {
    ^~~
    VITIS_LOOP_704_1: 
/home/jeronimocosta/Documentos/GIT/PeR/src/hls/sa_hls/sa_kernel/prj_ob/simulatedAnnealingTop/.autopilot/db/stage1_sa_hls.pp.0.cpp:2334:5: note: FIX-IT applied suggested code changes
/home/jeronimocosta/Documentos/GIT/PeR/src/hls/sa_hls/sa_kernel/prj_ob/simulatedAnnealingTop/.autopilot/db/stage1_sa_hls.pp.0.cpp:3945:7: warning: Added loop label VITIS_LOOP_1245_1:   [xilinx-label-all-loops]
      for (i = 0; i < __N - 1; ++i) {
      ^~~
      VITIS_LOOP_1245_1: 
/home/jeronimocosta/Documentos/GIT/PeR/src/hls/sa_hls/sa_kernel/prj_ob/simulatedAnnealingTop/.autopilot/db/stage1_sa_hls.pp.0.cpp:3945:7: note: FIX-IT applied suggested code changes
/home/jeronimocosta/Documentos/GIT/PeR/src/hls/sa_hls/sa_kernel/prj_ob/simulatedAnnealingTop/.autopilot/db/stage1_sa_hls.pp.0.cpp:5885:5: warning: Added loop label VITIS_LOOP_6_1:   [xilinx-label-all-loops]
    for (ap_int<8> i = 0; i < 6 - 2; i++)
    ^~~
    VITIS_LOOP_6_1: 
/home/jeronimocosta/Documentos/GIT/PeR/src/hls/sa_hls/sa_kernel/prj_ob/simulatedAnnealingTop/.autopilot/db/stage1_sa_hls.pp.0.cpp:5885:5: note: FIX-IT applied suggested code changes
/home/jeronimocosta/Documentos/GIT/PeR/src/hls/sa_hls/sa_kernel/prj_ob/simulatedAnnealingTop/.autopilot/db/stage1_sa_hls.pp.0.cpp:5893:5: warning: Added loop label VITIS_LOOP_14_2:   [xilinx-label-all-loops]
    for (ap_int<8> i = 0; i < 6; i++)
    ^~~
    VITIS_LOOP_14_2: 
/home/jeronimocosta/Documentos/GIT/PeR/src/hls/sa_hls/sa_kernel/prj_ob/simulatedAnnealingTop/.autopilot/db/stage1_sa_hls.pp.0.cpp:5893:5: note: FIX-IT applied suggested code changes
