Tue Mar 19 21:36:09 2024: Running xcd server. This server was built by gradle.
Tue Mar 19 21:36:09 2024: Server was asked to start on port: '45659'
Tue Mar 19 21:36:09 2024: Server is using token UUID: '38b6353c-3822-4d68-8b52-cc48b7a1573f'
Tue Mar 19 21:36:09 2024: SESSION_MGR: creating session with session uuid: '6d04a3e9-ade5-4ab9-8d63-1f78fcd2ec76' and name 'default'
Tue Mar 19 21:36:09 2024: Attempting to start server on port '45659'
Tue Mar 19 21:36:09 2024: XCD main fifo: created main fifo '/tmp/xcdmain38b6353c-3822-4d68-8b52-cc48b7a1573f', fd read = 13
Tue Mar 19 21:36:09 2024: Running Dispatch Server
Tue Mar 19 21:36:09 2024: Version 2.2.0
Tue Mar 19 21:36:17 2024: Dispatch Server: Accepted socket connection from client
Tue Mar 19 21:36:17 2024: Starting Socket connection
Tue Mar 19 21:36:17 2024: EXCHANGE_TOKEN received, server token: 38b6353c-3822-4d68-8b52-cc48b7a1573f, passed token: 38b6353c-3822-4d68-8b52-cc48b7a1573f
Tue Mar 19 21:36:17 2024: DISPATCH_HANDLER: Adding handler from function makeHandler in library libxv_system_diagram
Tue Mar 19 21:36:17 2024: SESSION_MGR: creating session with session uuid: 'ba85d42e-69b6-44e8-ba75-032d57355e34' and name 'v++_link_sa_hw_emu'
Tue Mar 19 21:36:17 2024: KERNEL_SVC: creating session with uuid: 'ba85d42e-69b6-44e8-ba75-032d57355e34' and name 'v++_link_sa_hw_emu'
Tue Mar 19 21:36:17 2024: GUIDANCE_SMGR: creating guidance session with uuid: 'ba85d42e-69b6-44e8-ba75-032d57355e34' and name 'v++_link_sa_hw_emu'
Tue Mar 19 21:36:17 2024: SYSTEM_DIAGRAM: creating session with uuid: 'ba85d42e-69b6-44e8-ba75-032d57355e34' and name 'v++_link_sa_hw_emu'
Tue Mar 19 21:36:52 2024: Dispatch Server: Accepted socket connection from client
Tue Mar 19 21:36:52 2024: Starting Socket connection
Tue Mar 19 21:37:08 2024: Dispatch Server: Accepted socket connection from client
Tue Mar 19 21:37:08 2024: Starting Socket connection
Tue Mar 19 21:41:25 2024: SESSION_MGR: closing session for UUID 'ba85d42e-69b6-44e8-ba75-032d57355e34' with name 'v++_link_sa_hw_emu'
Tue Mar 19 21:41:25 2024: KERNEL_SVC: closing session for UUID 'ba85d42e-69b6-44e8-ba75-032d57355e34' with name 'v++_link_sa_hw_emu'
Tue Mar 19 21:41:25 2024: GUIDANCE_SMGR: closing session for UUID 'ba85d42e-69b6-44e8-ba75-032d57355e34' with name 'v++_link_sa_hw_emu'
Tue Mar 19 21:41:25 2024: SYSTEM_DIAGRAM: closing session for UUID 'ba85d42e-69b6-44e8-ba75-032d57355e34' with name 'v++_link_sa_hw_emu'
Tue Mar 19 21:41:25 2024: STOP_SERVER received, server token: 38b6353c-3822-4d68-8b52-cc48b7a1573f, passed token: 38b6353c-3822-4d68-8b52-cc48b7a1573f
Tue Mar 19 21:41:25 2024: Socket received request to stop server.
Tue Mar 19 21:41:25 2024: Dispatch Server: do_await_stop
Tue Mar 19 21:41:25 2024: Dispatch Server: stopping mainFifo_
Tue Mar 19 21:41:25 2024: XCD main fifo: Stopping
Tue Mar 19 21:41:25 2024: XCD main fifo: do_read error code: Operation canceled
Tue Mar 19 21:41:25 2024: XCD main fifo: bytes_transferred: 0
Tue Mar 19 21:41:25 2024: SERVER: destructor for server bound to port 45659
Tue Mar 19 21:41:25 2024: XCD main fifo: Good unlink of /tmp/xcdmain38b6353c-3822-4d68-8b52-cc48b7a1573f
Tue Mar 19 21:41:25 2024: Server exiting with status 0.
Tue Mar 19 21:41:25 2024: Closing log file.
