#! /usr/bin/vvp
:ivl_version "12.0 (stable)" "(v12_0-dirty)";
:ivl_delay_selection "TYPICAL";
:vpi_time_precision + 0;
:vpi_module "/usr/lib/ivl/system.vpi";
:vpi_module "/usr/lib/ivl/vhdl_sys.vpi";
:vpi_module "/usr/lib/ivl/vhdl_textio.vpi";
:vpi_module "/usr/lib/ivl/v2005_math.vpi";
:vpi_module "/usr/lib/ivl/va_math.vpi";
S_0x5614bf11aa20 .scope module, "test_bench_sa_single_0" "test_bench_sa_single_0" 2 3;
 .timescale 0 0;
v0x5614bf138050_0 .var "clk", 0 0;
o0x7f2752f000a8 .functor BUFZ 1, C4<z>; HiZ drive
v0x5614bf138110_0 .net "done", 0 0, o0x7f2752f000a8;  0 drivers
v0x5614bf1381b0_0 .var "rst", 0 0;
v0x5614bf138250_0 .var "start", 0 0;
S_0x5614bf11abb0 .scope module, "sa_single_16cells" "sa_single_16cells" 2 14, 2 62 0, S_0x5614bf11aa20;
 .timescale 0 0;
    .port_info 0 /INPUT 1 "clk";
    .port_info 1 /INPUT 1 "rst";
    .port_info 2 /INPUT 1 "start";
    .port_info 3 /INPUT 1 "done";
P_0x5614bf10b720 .param/l "CELL_TO_NODES" 1 2 73, C4<0001>;
P_0x5614bf10b760 .param/l "CHANGES" 1 2 79, C4<0111>;
P_0x5614bf10b7a0 .param/l "DECISION" 1 2 78, C4<0110>;
P_0x5614bf10b7e0 .param/l "DISTANCE_CALCULATOR" 1 2 76, C4<0100>;
P_0x5614bf10b820 .param/l "END" 1 2 80, C4<1000>;
P_0x5614bf10b860 .param/l "NEIGHBORHOOD" 1 2 74, C4<0010>;
P_0x5614bf10b8a0 .param/l "NODES_TO_CELL" 1 2 75, C4<0011>;
P_0x5614bf10b8e0 .param/l "SELECT_CELLS" 1 2 72, C4<0000>;
P_0x5614bf10b920 .param/l "SUM_REDUCTION" 1 2 77, C4<0101>;
v0x5614bf109240_0 .var "ca", 3 0;
v0x5614bf1092e0_0 .var "cb", 3 0;
v0x5614bf1096e0_0 .net "clk", 0 0, v0x5614bf138050_0;  1 drivers
v0x5614bf10ade0_0 .net "done", 0 0, o0x7f2752f000a8;  alias, 0 drivers
v0x5614bf137d70_0 .var "fsm_sa", 3 0;
v0x5614bf137e50_0 .net "rst", 0 0, v0x5614bf1381b0_0;  1 drivers
v0x5614bf137f10_0 .net "start", 0 0, v0x5614bf138250_0;  1 drivers
E_0x5614bf11bb90 .event posedge, v0x5614bf1096e0_0;
    .scope S_0x5614bf11abb0;
T_0 ;
    %wait E_0x5614bf11bb90;
    %load/vec4 v0x5614bf137e50_0;
    %flag_set/vec4 8;
    %jmp/0xz  T_0.0, 8;
    %pushi/vec4 0, 0, 4;
    %assign/vec4 v0x5614bf109240_0, 0;
    %pushi/vec4 0, 0, 4;
    %assign/vec4 v0x5614bf1092e0_0, 0;
    %pushi/vec4 1, 0, 4;
    %assign/vec4 v0x5614bf137d70_0, 0;
    %jmp T_0.1;
T_0.0 ;
    %load/vec4 v0x5614bf137f10_0;
    %flag_set/vec4 8;
    %jmp/0xz  T_0.2, 8;
    %load/vec4 v0x5614bf137d70_0;
    %dup/vec4;
    %pushi/vec4 0, 0, 4;
    %cmp/u;
    %jmp/1 T_0.4, 6;
    %dup/vec4;
    %pushi/vec4 1, 0, 4;
    %cmp/u;
    %jmp/1 T_0.5, 6;
    %dup/vec4;
    %pushi/vec4 2, 0, 4;
    %cmp/u;
    %jmp/1 T_0.6, 6;
    %dup/vec4;
    %pushi/vec4 3, 0, 4;
    %cmp/u;
    %jmp/1 T_0.7, 6;
    %dup/vec4;
    %pushi/vec4 4, 0, 4;
    %cmp/u;
    %jmp/1 T_0.8, 6;
    %dup/vec4;
    %pushi/vec4 5, 0, 4;
    %cmp/u;
    %jmp/1 T_0.9, 6;
    %dup/vec4;
    %pushi/vec4 6, 0, 4;
    %cmp/u;
    %jmp/1 T_0.10, 6;
    %dup/vec4;
    %pushi/vec4 7, 0, 4;
    %cmp/u;
    %jmp/1 T_0.11, 6;
    %dup/vec4;
    %pushi/vec4 8, 0, 4;
    %cmp/u;
    %jmp/1 T_0.12, 6;
    %jmp T_0.13;
T_0.4 ;
    %load/vec4 v0x5614bf109240_0;
    %pad/u 32;
    %cmpi/e 4, 0, 32;
    %jmp/0xz  T_0.14, 4;
    %pushi/vec4 0, 0, 4;
    %assign/vec4 v0x5614bf109240_0, 0;
    %load/vec4 v0x5614bf1092e0_0;
    %pad/u 32;
    %cmpi/e 4, 0, 32;
    %jmp/0xz  T_0.16, 4;
    %pushi/vec4 0, 0, 4;
    %assign/vec4 v0x5614bf1092e0_0, 0;
    %pushi/vec4 8, 0, 4;
    %assign/vec4 v0x5614bf137d70_0, 0;
    %jmp T_0.17;
T_0.16 ;
    %load/vec4 v0x5614bf1092e0_0;
    %addi 1, 0, 4;
    %assign/vec4 v0x5614bf1092e0_0, 0;
    %pushi/vec4 1, 0, 4;
    %assign/vec4 v0x5614bf137d70_0, 0;
T_0.17 ;
    %jmp T_0.15;
T_0.14 ;
    %load/vec4 v0x5614bf109240_0;
    %addi 1, 0, 4;
    %assign/vec4 v0x5614bf109240_0, 0;
    %pushi/vec4 1, 0, 4;
    %assign/vec4 v0x5614bf137d70_0, 0;
T_0.15 ;
    %jmp T_0.13;
T_0.5 ;
    %pushi/vec4 0, 0, 4;
    %assign/vec4 v0x5614bf137d70_0, 0;
    %jmp T_0.13;
T_0.6 ;
    %pushi/vec4 3, 0, 4;
    %assign/vec4 v0x5614bf137d70_0, 0;
    %jmp T_0.13;
T_0.7 ;
    %pushi/vec4 4, 0, 4;
    %assign/vec4 v0x5614bf137d70_0, 0;
    %jmp T_0.13;
T_0.8 ;
    %pushi/vec4 5, 0, 4;
    %assign/vec4 v0x5614bf137d70_0, 0;
    %jmp T_0.13;
T_0.9 ;
    %pushi/vec4 6, 0, 4;
    %assign/vec4 v0x5614bf137d70_0, 0;
    %jmp T_0.13;
T_0.10 ;
    %pushi/vec4 7, 0, 4;
    %assign/vec4 v0x5614bf137d70_0, 0;
    %pushi/vec4 0, 0, 4;
    %assign/vec4 v0x5614bf137d70_0, 0;
    %jmp T_0.13;
T_0.11 ;
    %pushi/vec4 0, 0, 4;
    %assign/vec4 v0x5614bf137d70_0, 0;
    %jmp T_0.13;
T_0.12 ;
    %pushi/vec4 8, 0, 4;
    %assign/vec4 v0x5614bf137d70_0, 0;
    %jmp T_0.13;
T_0.13 ;
    %pop/vec4 1;
T_0.2 ;
T_0.1 ;
    %jmp T_0;
    .thread T_0;
    .scope S_0x5614bf11abb0;
T_1 ;
    %pushi/vec4 0, 0, 4;
    %store/vec4 v0x5614bf137d70_0, 0, 4;
    %pushi/vec4 0, 0, 4;
    %store/vec4 v0x5614bf109240_0, 0, 4;
    %pushi/vec4 0, 0, 4;
    %store/vec4 v0x5614bf1092e0_0, 0, 4;
    %end;
    .thread T_1;
    .scope S_0x5614bf11aa20;
T_2 ;
    %pushi/vec4 0, 0, 1;
    %store/vec4 v0x5614bf138050_0, 0, 1;
    %pushi/vec4 1, 0, 1;
    %store/vec4 v0x5614bf1381b0_0, 0, 1;
    %pushi/vec4 0, 0, 1;
    %store/vec4 v0x5614bf138250_0, 0, 1;
    %end;
    .thread T_2;
    .scope S_0x5614bf11aa20;
T_3 ;
    %vpi_call 2 31 "$dumpfile", "/home/jeronimo/Documentos/GIT/sa_multi/verilog/test_bench_sa_single_0.vcd" {0 0 0};
    %vpi_call 2 32 "$dumpvars", 32'sb00000000000000000000000000000000 {0 0 0};
    %end;
    .thread T_3;
    .scope S_0x5614bf11aa20;
T_4 ;
    %wait E_0x5614bf11bb90;
    %wait E_0x5614bf11bb90;
    %wait E_0x5614bf11bb90;
    %pushi/vec4 0, 0, 1;
    %store/vec4 v0x5614bf1381b0_0, 0, 1;
    %pushi/vec4 1, 0, 1;
    %store/vec4 v0x5614bf138250_0, 0, 1;
    %delay 1000, 0;
    %vpi_call 2 43 "$finish" {0 0 0};
    %end;
    .thread T_4;
    .scope S_0x5614bf11aa20;
T_5 ;
    %delay 5, 0;
    %load/vec4 v0x5614bf138050_0;
    %inv;
    %store/vec4 v0x5614bf138050_0, 0, 1;
    %jmp T_5;
    .thread T_5;
    .scope S_0x5614bf11aa20;
T_6 ;
    %wait E_0x5614bf11bb90;
    %load/vec4 v0x5614bf138110_0;
    %flag_set/vec4 8;
    %jmp/0xz  T_6.0, 8;
    %vpi_call 2 50 "$display", "ACC DONE!" {0 0 0};
    %vpi_call 2 51 "$finish" {0 0 0};
T_6.0 ;
    %jmp T_6;
    .thread T_6;
# The file index is used to find the file name in the following table.
:file_names 3;
    "N/A";
    "<interactive>";
    "/tmp/tmpvm91n7dm";
