
VPR FPGA Placement and Routing.
Version: Version 5.0.2
Compiled: Dec 11 2020.
Original VPR by V. Betz.
Timing-driven placement enhancements by A. Marquardt.
Single-drivers enhancements by Andy Ye with additions by.
Mark Fang, Jason Luu, Ted Campbell
Heterogeneous stucture support by Jason Luu and Ted Campbell.
This code is licensed only for non-commercial use.

Auto-sizing FPGA, try x = 32 y = 32
Auto-sizing FPGA, try x = 64 y = 64
Auto-sizing FPGA, try x = 128 y = 128
Auto-sizing FPGA, try x = 256 y = 256
Auto-sizing FPGA, try x = 128 y = 128
Auto-sizing FPGA, try x = 192 y = 192
Auto-sizing FPGA, try x = 160 y = 160
Auto-sizing FPGA, try x = 144 y = 144
Auto-sizing FPGA, try x = 152 y = 152
Auto-sizing FPGA, try x = 156 y = 156
Auto-sizing FPGA, try x = 158 y = 158
Auto-sizing FPGA, try x = 159 y = 159
Auto-sizing FPGA, try x = 159 y = 159
FPGA auto-sized to, x = 160 y = 160

Resource Usage:
Netlist      0	blocks of type <EMPTY>
Architecture 4	blocks of type <EMPTY>
Netlist      639	blocks of type .io
Architecture 640	blocks of type .io
Netlist      383	blocks of type .clb
Architecture 25600	blocks of type .clb

Timing analysis: ON

Operation:  PLACE_AND_ROUTE

PlacerOpts.place_freq:  PLACE_ONCE
PlacerOpts.place_algorithm:  PATH_TIMING_DRIVEN_PLACE
PlacerOpts.place_cost_type:  LINEAR_CONG
PlacerOpts.pad_loc_type:  FREE
PlacerOpts.place_cost_exp:  1.000000
PlacerOpts.place_chan_width:  100
PlacerOpts.inner_loop_recompute_divider:  0
PlacerOpts.recompute_crit_iter:  1
PlacerOpts.timing_tradeoff:  0.500000
PlacerOpts.td_place_exp_first:  1.000000
PlacerOpts.td_place_exp_last:  8.000000
PlaceOpts.seed:  1
AnnealSched.type:  AUTO_SCHED
AnnealSched.inner_num:  1.000000

RouterOpts.route_type:  DETAILED
RouterOpts.router_algorithm:  TIMING_DRIVEN
RouterOpts.base_cost_type:  DELAY_NORMALIZED
RouterOpts.fixed_channel_width:  NO_FIXED_CHANNEL_WIDTH
RouterOpts.acc_fac:  1.000000
RouterOpts.bb_factor:  0
RouterOpts.bend_cost:  0.000000
RouterOpts.first_iter_pres_fac:  10000.000000
RouterOpts.initial_pres_fac:  10000.000000
RouterOpts.pres_fac_mult:  1.300000
RouterOpts.max_router_iterations:  10
RouterOpts.astar_fac:  1.200000
RouterOpts.criticality_exp:  1.000000
RouterOpts.max_criticality:  0.990000

RoutingArch.directionality:  UNI_DIRECTIONAL
RoutingArch.switch_block_type:  WILTON
RoutingArch.Fs:  3

The circuit will be mapped into a 160 x 160 array of clbs.

Netlist num_nets:  511
Netlist num_blocks:  1022
Netlist inputs pins:  128
Netlist output pins:  511

Computing delta_io_to_io lookup matrix, may take a few seconds, please wait...
Computing delta_io_to_fb lookup matrix, may take a few seconds, please wait...
Computing delta_fb_to_io lookup matrix, may take a few seconds, please wait...
Computing delta_fb_to_fb lookup matrix, may take a few seconds, please wait...

There are 894 point to point connections in this circuit

Initial Placement Cost: 1.00457 bb_cost: 905.896 td_cost: 2.39321e-06 delay_cost: 6.15105e-06

          T        Cost Av. BB Cost  Av. TD Cost   Av Tot Del  P to P Del        d_max   Ac Rate  Std Dev  R limit      Exp  Tot. Moves    Alpha
   --------  ---------- -----------  -----------    ---------  ----------        -----   -------  -------  -------  -------  ----------    -----
    0.10954     1.01801     920.013  2.47312e-06   6.2507e-06 6.88037e-09   1.532e-06    0.9979   0.0191      160        1       10292      0.5
   0.054769     0.99454     916.059  2.45357e-06   6.2018e-06 7.02392e-09   1.542e-06    0.9929    0.012      160        1       20584      0.5
   0.027384    0.967365      907.52  2.38677e-06  6.14953e-06 7.01879e-09   1.635e-06     0.987   0.0133      160        1       30876      0.5
   0.013692    0.995214     906.333   2.4218e-06  6.14056e-06 6.94027e-09   1.584e-06    0.9728   0.0137      160        1       41168      0.5
  0.0068461    0.967113     897.192   2.3262e-06  6.05045e-06 6.93268e-09   1.554e-06    0.9453   0.0133      160        1       51460      0.9
  0.0061615     1.00833     896.829  2.31379e-06  6.04519e-06 6.63388e-09   1.491e-06     0.939   0.0135      160        1       61752      0.9
  0.0055454      1.0043     888.085  2.24199e-06  5.98539e-06 6.60141e-09   1.444e-06    0.9328   0.0147      160        1       72044      0.9
  0.0049908    0.999367     881.334  2.29323e-06  5.95023e-06 6.70006e-09   1.415e-06    0.9258   0.0166      160        1       82336      0.9
  0.0044917     1.01076      881.36  2.23121e-06  5.91341e-06 6.50889e-09    1.43e-06    0.9144   0.0188      160        1       92628      0.9
  0.0040426     1.01365     872.637  2.24985e-06   5.8737e-06 6.47922e-09   1.403e-06    0.9035    0.016      160        1      102920      0.9
  0.0036383    0.988409      873.18  2.20272e-06  5.86769e-06 6.57106e-09   1.477e-06    0.8937   0.0114      160        1      113212      0.9
  0.0032745    0.992529     873.392   2.2365e-06  5.85298e-06 6.56717e-09   1.412e-06    0.8868   0.0109      160        1      123504      0.9
   0.002947    0.996378     869.071  2.19203e-06   5.8191e-06 6.49814e-09   1.382e-06    0.8757   0.0147      160        1      133796      0.9
  0.0026523    0.967348      852.19  2.08133e-06  5.70017e-06 6.51543e-09   1.431e-06    0.8558   0.0194      160        1      144088      0.9
  0.0023871    0.980216     844.065  2.07144e-06  5.63381e-06 6.38899e-09   1.289e-06    0.8374   0.0186      160        1      154380      0.9
  0.0021484     0.98991     832.753  2.03259e-06   5.5798e-06 6.30757e-09   1.268e-06    0.8185   0.0132      160        1      164672      0.9
  0.0019335    0.992219     824.521  1.98743e-06  5.49514e-06 6.11602e-09   1.288e-06    0.7947   0.0139      160        1      174964     0.95
  0.0018369    0.971307     819.543  1.94436e-06    5.457e-06 6.26583e-09   1.269e-06    0.7993   0.0121      160        1      185256     0.95
   0.001745    0.974737     811.065  1.91545e-06  5.40184e-06 6.10675e-09   1.204e-06     0.774   0.0201      160        1      195548     0.95
  0.0016578     1.03315      803.92  1.89874e-06  5.33515e-06 5.84616e-09   1.105e-06    0.7521    0.012      160        1      205840     0.95
  0.0015749    0.990874     801.943  1.86342e-06  5.31405e-06  5.9577e-09   1.142e-06    0.7436   0.0133      160        1      216132     0.95
  0.0014961     1.00253     790.577  1.82446e-06  5.23113e-06 5.86404e-09   1.119e-06    0.7157   0.0169      160        1      226424     0.95
  0.0014213    0.992008     786.186  1.80523e-06  5.20518e-06 5.87388e-09   1.114e-06     0.709   0.0136      160        1      236716     0.95
  0.0013503     0.98602     781.003  1.83761e-06   5.1885e-06 5.86465e-09   1.112e-06    0.6982   0.0124      160        1      247008     0.95
  0.0012828     0.96377     768.306   1.7356e-06  5.07755e-06 5.89024e-09   1.114e-06    0.6833   0.0157      160        1      257300     0.95
  0.0012186     0.96354     760.401  1.66839e-06  4.99306e-06 5.76849e-09   1.084e-06    0.6709   0.0186      160        1      267592     0.95
  0.0011577     0.98229      754.37  1.67774e-06  4.96326e-06 5.65781e-09   1.024e-06    0.6365    0.013      160        1      277884     0.95
  0.0010998     0.98823     749.041  1.67237e-06   4.9502e-06 5.57766e-09   1.028e-06    0.6232   0.0159      160        1      288176     0.95
  0.0010448    0.980485     733.435  1.60354e-06  4.81954e-06 5.43943e-09   9.712e-07    0.6073    0.011      160        1      298468     0.95
 0.00099257    0.981998     719.085  1.57104e-06  4.73128e-06 5.47413e-09   9.795e-07    0.5843   0.0117      160        1      308760     0.95
 0.00094294    0.956329     704.018  1.55212e-06  4.64236e-06 5.40508e-09   9.829e-07    0.5565   0.0197      160        1      319052     0.95
 0.00089579     0.96979     677.762   1.4309e-06  4.46922e-06 5.10661e-09   9.519e-07    0.5168    0.021      160        1      329344     0.95
   0.000851    0.950655      667.66  1.38265e-06  4.37492e-06 5.04757e-09   9.109e-07    0.4895   0.0194      160        1      339636     0.95
 0.00080845    0.961364     636.283  1.26733e-06  4.17082e-06 4.90545e-09   8.194e-07    0.4434   0.0167      160        1      349928     0.95
 0.00076803     0.98017     618.153  1.25326e-06  4.08332e-06 4.55142e-09     7.9e-07    0.4202   0.0092      160        1      360220     0.95
 0.00072963    0.999962     623.644  1.17395e-06  4.11028e-06  4.5952e-09   7.471e-07    0.4898   0.0128    156.8    1.139      370512     0.95
 0.00069315    0.959252     597.344  1.18312e-06  3.92842e-06 4.61413e-09   7.293e-07     0.382   0.0153      160        1      380804     0.95
 0.00065849    0.975324     590.675  1.02685e-06  3.88526e-06 4.44283e-09   7.491e-07    0.4615   0.0124    150.7    1.408      391096     0.95
 0.00062557    0.967084      564.17  9.93423e-07  3.69671e-06 4.24972e-09    6.77e-07    0.4184   0.0296      154    1.265      401388     0.95
 0.00059429    0.983248     541.879  8.82399e-07   3.5789e-06 4.07646e-09   6.284e-07    0.4068   0.0185    150.6    1.412      411680     0.95
 0.00056457    0.975997     512.009  8.19051e-07  3.39152e-06 3.93237e-09   6.102e-07    0.3767   0.0128    145.6    1.632      421972     0.95
 0.00053635    0.983794      505.95  7.33433e-07  3.33456e-06 3.79546e-09   5.864e-07    0.3784   0.0126    136.4    2.038      432264     0.95
 0.00050953    0.967473     487.703  6.60775e-07   3.1769e-06 3.63294e-09   5.694e-07    0.3593   0.0157      128    2.408      442556     0.95
 0.00048405    0.973546     467.315  5.93848e-07  3.06897e-06 3.48966e-09   5.268e-07    0.3738   0.0211    117.7    2.863      452848     0.95
 0.00045985    0.972714     436.452   5.5005e-07  2.87891e-06 3.34702e-09   4.983e-07    0.3574   0.0139    109.9    3.206      463140     0.95
 0.00043686    0.968133     417.235  5.14399e-07  2.74314e-06 3.13726e-09   4.906e-07    0.3446   0.0136    100.8    3.606      473432     0.95
 0.00041501    0.968105     389.418  4.79223e-07  2.55857e-06   2.976e-09   4.577e-07    0.3419   0.0182     91.2    4.029      483724     0.95
 0.00039426    0.989501     376.022   4.5849e-07  2.48139e-06 2.81671e-09    4.36e-07    0.3561    0.011    82.25    4.423      494016     0.95
 0.00037455    0.986485      362.33  4.38597e-07  2.39281e-06 2.72684e-09   4.324e-07    0.3453   0.0104    75.35    4.727      504308     0.95
 0.00035582    0.978093     344.382  4.19001e-07  2.28201e-06  2.6409e-09   4.307e-07    0.3578   0.0105    68.22    5.041      514600     0.95
 0.00033803    0.978928     336.637  4.07353e-07  2.23051e-06 2.54656e-09   4.172e-07    0.3682   0.0118    62.61    5.288      524892     0.95
 0.00032113    0.965126     311.851  3.87456e-07  2.07796e-06   2.439e-09   4.021e-07    0.3478   0.0122    58.11    5.486      535184     0.95
 0.00030507    0.974995     297.929  3.73264e-07  2.00892e-06 2.31755e-09   3.905e-07    0.3522   0.0147    52.76    5.721      545476     0.95
 0.00028982    0.959515     270.086  3.58837e-07  1.83855e-06  2.1932e-09   3.832e-07    0.3304    0.021    48.13    5.925      555768     0.95
 0.00027533    0.972943     250.583  3.49178e-07  1.71201e-06 2.01174e-09   3.751e-07    0.3199   0.0166    42.85    6.158      566060     0.95
 0.00026156    0.980463     234.054  3.34566e-07  1.60746e-06 1.83412e-09     3.7e-07    0.3236     0.01     37.7    6.384      576352     0.95
 0.00024848    0.975929     221.543  3.25815e-07  1.53512e-06 1.76301e-09   3.609e-07    0.3373   0.0115    33.32    6.577      586644     0.95
 0.00023606    0.974113     211.486  3.15317e-07  1.45406e-06  1.6956e-09   3.588e-07    0.3392    0.015    29.89    6.728      596936     0.95
 0.00022426    0.985943     199.849  3.06834e-07  1.39083e-06 1.58222e-09   3.476e-07    0.3457   0.0033    26.88    6.861      607228     0.95
 0.00021304    0.981159     193.199  3.00547e-07  1.34364e-06 1.54135e-09   3.429e-07    0.3355   0.0104    24.34    6.972      617520     0.95
 0.00020239    0.988149     186.181  2.94514e-07  1.30665e-06  1.4837e-09   3.356e-07    0.3416  0.00991     21.8    7.084      627812     0.95
 0.00019227    0.973242     176.205  2.85848e-07  1.24582e-06 1.43364e-09   3.326e-07    0.3509  0.00888    19.66    7.179      638104     0.95
 0.00018266     0.98613     169.957  2.83053e-07    1.213e-06 1.37539e-09   3.252e-07    0.3447  0.00314     17.9    7.256      648396     0.95
 0.00017353    0.985589     164.237  2.80824e-07  1.17683e-06 1.35511e-09   3.232e-07    0.3505  0.00801     16.2    7.331      658688     0.95
 0.00016485    0.986699      157.91  2.74922e-07    1.141e-06 1.29555e-09   3.224e-07    0.3598  0.00723    14.75    7.395      668980     0.95
 0.00015661    0.988387      153.68  2.70049e-07  1.11422e-06 1.26889e-09   3.182e-07    0.3585  0.00591    13.57    7.447      679272     0.95
 0.00014878    0.980643     148.557  2.64348e-07  1.07929e-06 1.22878e-09   3.148e-07    0.3512  0.00943    12.46    7.495      689564     0.95
 0.00014134    0.991829     145.727  2.59153e-07   1.0607e-06 1.20382e-09   3.101e-07    0.3587  0.00395    11.35    7.544      699856     0.95
 0.00013427    0.988878     143.832  2.57354e-07  1.04778e-06   1.191e-09   3.089e-07    0.3642  0.00835    10.43    7.585      710148     0.95
 0.00012756    0.986313     138.103  2.53862e-07  1.01131e-06  1.1442e-09   3.067e-07    0.3699  0.00486     9.64     7.62      720440     0.95
 0.00012118    0.990185     135.947  2.52559e-07   1.0029e-06 1.13495e-09   3.046e-07    0.3721  0.00406    8.964    7.649      730732     0.95
 0.00011512    0.988305     131.706  2.52019e-07  9.76823e-07 1.11098e-09   3.041e-07    0.3534  0.00401    8.356    7.676      741024     0.95
 0.00010936    0.995934     129.594  2.50873e-07  9.66531e-07 1.09016e-09   3.032e-07    0.3696  0.00293    7.632    7.708      751316     0.95
  0.0001039    0.994339      126.77  2.49505e-07  9.45945e-07 1.07315e-09   3.018e-07     0.352  0.00483    7.095    7.732      761608     0.95
 9.8701e-05     0.99227     123.278  2.48891e-07  9.25926e-07 1.04986e-09   3.011e-07     0.369  0.00232    6.471    7.759      771900     0.95
 9.3766e-05     0.99169     121.867  2.47101e-07   9.2101e-07 1.04006e-09   3.019e-07    0.3483  0.00299    6.012    7.779      782192     0.95
 8.9078e-05    0.992701     119.829  2.45909e-07  9.09095e-07 1.02371e-09   2.995e-07    0.3815  0.00287     5.46    7.804      792484     0.95
 8.4624e-05    0.994386     117.551  2.44949e-07  8.97209e-07 1.01263e-09   2.992e-07    0.3533   0.0035    5.141    7.818      802776     0.95
 8.0393e-05    0.994408     115.995  2.43202e-07  8.88201e-07 9.96861e-10   2.987e-07    0.3886  0.00282    4.695    7.837      813068     0.95
 7.6373e-05    0.999381     115.369  2.42767e-07  8.82392e-07 9.86858e-10   2.971e-07    0.3783  0.00108    4.453    7.848      823360     0.95
 7.2555e-05    0.995113     114.276  2.42246e-07  8.76393e-07 9.87304e-10   2.972e-07    0.3673  0.00278    4.178     7.86      833652     0.95
 6.8927e-05    0.996307     113.337  2.41441e-07  8.72808e-07 9.75836e-10   2.965e-07    0.4028  0.00167    3.875    7.873      843944     0.95
 6.5481e-05    0.993999     112.508  2.40196e-07    8.671e-07 9.80044e-10   2.954e-07    0.3943  0.00298    3.731     7.88      854236     0.95
 6.2206e-05    0.997848     111.333  2.40104e-07  8.58816e-07 9.63973e-10   2.948e-07    0.3797 0.000952     3.56    7.887      864528     0.95
 5.9096e-05    0.994652     110.319  2.39008e-07   8.4926e-07 9.54949e-10   2.954e-07    0.3704  0.00377    3.345    7.897      874820     0.95
 5.6141e-05    0.998221     109.103  2.37711e-07  8.41986e-07 9.44852e-10   2.938e-07    0.3493  0.00134    3.113    7.907      885112     0.95
 5.3334e-05    0.999243     108.345  2.37222e-07  8.38799e-07 9.34771e-10   2.936e-07    0.4096 0.000911     2.83    7.919      895404     0.95
 5.0668e-05    0.998526     108.357  2.36865e-07  8.37862e-07 9.40923e-10   2.932e-07    0.4139 0.000749    2.744    7.923      905696     0.95
 4.8134e-05    0.997073     107.707  2.36433e-07  8.32152e-07 9.35774e-10   2.925e-07    0.3872  0.00127    2.673    7.926      915988     0.95
 4.5727e-05    0.998031     107.445  2.36211e-07    8.312e-07 9.30675e-10    2.92e-07     0.387 0.000996    2.532    7.933      926280     0.95
 4.3441e-05    0.998746     106.803  2.35821e-07  8.25841e-07  9.2617e-10   2.919e-07    0.3672  0.00112    2.397    7.938      936572     0.95
 4.1269e-05     1.00021     106.625  2.35477e-07  8.26508e-07 9.22782e-10   2.914e-07    0.3563 0.000605    2.223    7.946      946864     0.95
 3.9206e-05    0.999676     106.502  2.34659e-07  8.23735e-07 9.20584e-10   2.912e-07    0.3507 0.000764    2.037    7.954      957156     0.95
 3.7245e-05     1.00075     106.518   2.3443e-07  8.25604e-07 9.23717e-10   2.907e-07    0.4266 0.000481    1.855    7.962      967448     0.95
 3.5383e-05     1.00241     107.321  2.34304e-07  8.28767e-07 9.24208e-10     2.9e-07    0.4189  0.00152     1.83    7.963      977740     0.95
 3.3614e-05     1.00077     108.023  2.34209e-07  8.31915e-07 9.30209e-10     2.9e-07    0.4106 0.000821    1.791    7.965      988032     0.95
 3.1933e-05     1.00163     108.877  2.33961e-07  8.35987e-07 9.32647e-10   2.897e-07    0.4095  0.00122    1.739    7.967      998324     0.95
 3.0337e-05     1.00147     109.652  2.33745e-07  8.41198e-07 9.37264e-10   2.896e-07    0.4086  0.00083    1.686     7.97     1008616     0.95
  2.882e-05     1.00018     109.927  2.33554e-07  8.40558e-07 9.38542e-10   2.895e-07    0.3914 0.000432    1.633    7.972     1018908     0.95
 2.7379e-05     1.00084     110.155  2.33551e-07  8.41861e-07 9.39515e-10   2.895e-07    0.3716 0.000519    1.553    7.976     1029200     0.95
  2.601e-05     1.00083     110.572  2.33326e-07  8.44629e-07 9.42382e-10   2.894e-07    0.3809 0.000388    1.447     7.98     1039492     0.95
 2.4709e-05    0.999277     110.623  2.33253e-07  8.43526e-07 9.45107e-10   2.892e-07    0.3688  0.00042    1.362    7.984     1049784     0.95
 2.3474e-05     1.00088     110.778  2.33202e-07  8.45887e-07 9.45677e-10   2.892e-07    0.3625 0.000438    1.265    7.988     1060076     0.95
   2.23e-05    0.999825      110.91  2.32961e-07  8.45514e-07 9.45744e-10   2.892e-07    0.3601 0.000304    1.167    7.993     1070368     0.95
 2.1185e-05    0.999727     110.956   2.3271e-07  8.46843e-07  9.4399e-10   2.889e-07    0.3423 0.000151    1.073    7.997     1080660     0.95
 2.0126e-05    0.999813     110.941  2.32572e-07  8.46458e-07 9.46212e-10   2.887e-07    0.3253 0.000242        1        8     1090952     0.95
  1.912e-05     1.00041     110.968  2.32377e-07  8.46155e-07 9.48009e-10   2.887e-07    0.3307 0.000201        1        8     1101244     0.95
 1.8164e-05     1.00017     111.002  2.32373e-07  8.46487e-07 9.45973e-10   2.887e-07    0.3341 0.000295        1        8     1111536     0.95
 1.7255e-05    0.999778     111.063  2.32354e-07   8.4727e-07 9.50996e-10   2.887e-07    0.3246 0.000205        1        8     1121828     0.95
 1.6393e-05    0.999545     111.067  2.32252e-07  8.49129e-07 9.48988e-10   2.887e-07    0.3195 0.000177        1        8     1132120     0.95
 1.5573e-05    0.999994     111.098  2.32206e-07  8.48953e-07 9.51264e-10   2.886e-07    0.3131 0.000198        1        8     1142412     0.95
 1.4794e-05    0.999969     111.049  2.32154e-07  8.47134e-07 9.49396e-10   2.885e-07    0.3013 5.78e-05        1        8     1152704     0.95
 1.4055e-05    0.999842     111.039  2.32026e-07  8.47418e-07  9.4673e-10   2.885e-07    0.2972 0.000196        1        8     1162996     0.95
 1.3352e-05    0.999868     111.027  2.31996e-07  8.48404e-07 9.49236e-10   2.885e-07    0.2901 7.68e-05        1        8     1173288     0.95
 1.2684e-05    0.999918     111.079  2.31912e-07  8.48095e-07 9.49075e-10   2.885e-07     0.293 0.000105        1        8     1183580     0.95
  1.205e-05    0.999978     111.054  2.31882e-07  8.46915e-07 9.46482e-10   2.884e-07    0.2913 0.000114        1        8     1193872     0.95
 1.1448e-05           1     111.094  2.31844e-07  8.46363e-07 9.47581e-10   2.884e-07    0.2811 3.67e-05        1        8     1204164     0.95
 1.0875e-05     1.00004     111.093  2.31835e-07  8.47824e-07 9.47211e-10   2.884e-07    0.2848 7.55e-05        1        8     1214456     0.95
 1.0331e-05    0.999795     111.104  2.31734e-07  8.47479e-07  9.4886e-10   2.884e-07    0.2759 9.81e-05        1        8     1224748     0.95
 9.8149e-06     1.00001     111.114  2.31714e-07  8.47932e-07 9.47736e-10   2.883e-07    0.2797 4.49e-05        1        8     1235040     0.95
          0     0.99988     111.111  2.31657e-07  8.41195e-07  9.4614e-10   2.883e-07   0.01545 9.95e-05        1        8     1245332  

BB estimate of min-dist (placement) wirelength is ;11107
bb_cost recomputed from scratch is 111.074.
timing_cost recomputed from scratch is 2.31645e-07. 
delay_cost recomputed from scratch is 8.37874e-07. 

Completed placement consistency check successfully.

Placement Estimated Crit Path Delay: 2.88286e-07

Placement. Cost: 0.999689  bb_cost: 111.074  td_cost: 2.31645e-07  delay_cost: 8.37874e-07.
low, high, current -1 -1 6
Confirming Router Algorithm: TIMING_DRIVEN.
Empty heap occurred in get_heap_head.
Some blocks are impossible to connect in this architecture.
Routing failed.
low, high, current 6 -1 12
Confirming Router Algorithm: TIMING_DRIVEN.
T_crit: 2.94479e-07.
Successfully routed after 2 routing iterations.
Completed net delay value cross check successfully.
low, high, current 6 12 10
Warning (check_all_tracks_reach_pins):  track 8 does not 
	connect to any FB IPINs.
Warning (check_all_tracks_reach_pins):  track 9 does not 
	connect to any FB IPINs.
Warning (check_all_tracks_reach_pins):  track 8 does not 
	connect to any FB IPINs.
Warning (check_all_tracks_reach_pins):  track 9 does not 
	connect to any FB IPINs.
Confirming Router Algorithm: TIMING_DRIVEN.
Empty heap occurred in get_heap_head.
Some blocks are impossible to connect in this architecture.
Routing failed.

Checking to ensure routing is legal ...
Completed routing consistency check successfully.

Serial number (magic cookie) for the routing is: 863302993
Best routing used a channel width factor of 12.


Average number of bends per net: 2.33659  Maximum # of bends: 10


The number of routed nets (nonglobal): 511
Wirelength results (all in units of 1 clb segments):
	Total wirelength: 12497   Average net length: 24.4560
	Maximum net length: 168

Wirelength results in terms of physical segments:
	Total wiring segments used: 6370   Av. wire segments per net: 12.4658
	Maximum segments used by a net: 85


X - Directed channels:

j	max occ	av_occ		capacity
0	6	2.88750  	12
1	4	0.631250 	12
2	3	0.462500 	12
3	2	0.175000 	12
4	2	0.181250 	12
5	2	0.0875000	12
6	2	0.0875000	12
7	2	0.493750 	12
8	2	0.312500 	12
9	1	0.0125000	12
10	1	0.00625000	12
11	3	0.125000 	12
12	2	0.0375000	12
13	2	0.0312500	12
14	1	0.0125000	12
15	2	0.106250 	12
16	1	0.00625000	12
17	1	0.0125000	12
18	0	0.00000  	12
19	1	0.0125000	12
20	2	0.0187500	12
21	2	0.0375000	12
22	1	0.0125000	12
23	0	0.00000  	12
24	2	0.200000 	12
25	2	0.0812500	12
26	1	0.0187500	12
27	2	0.0437500	12
28	4	0.0812500	12
29	1	0.0562500	12
30	1	0.0250000	12
31	1	0.0812500	12
32	2	0.406250 	12
33	1	0.143750 	12
34	3	0.737500 	12
35	1	0.0437500	12
36	1	0.0250000	12
37	1	0.0250000	12
38	0	0.00000  	12
39	1	0.00625000	12
40	1	0.00625000	12
41	1	0.0125000	12
42	1	0.0125000	12
43	1	0.0187500	12
44	1	0.00625000	12
45	1	0.0125000	12
46	1	0.0125000	12
47	2	0.162500 	12
48	1	0.0187500	12
49	1	0.0125000	12
50	1	0.118750 	12
51	1	0.0500000	12
52	0	0.00000  	12
53	0	0.00000  	12
54	0	0.00000  	12
55	1	0.00625000	12
56	2	0.0250000	12
57	3	0.600000 	12
58	2	0.656250 	12
59	3	1.29375  	12
60	2	0.381250 	12
61	3	0.400000 	12
62	3	0.218750 	12
63	1	0.0125000	12
64	2	0.0375000	12
65	2	0.850000 	12
66	2	0.268750 	12
67	2	0.0375000	12
68	2	0.150000 	12
69	1	0.0125000	12
70	1	0.0375000	12
71	2	0.125000 	12
72	2	0.106250 	12
73	3	0.0875000	12
74	2	0.275000 	12
75	2	0.625000 	12
76	3	1.04375  	12
77	4	0.381250 	12
78	2	0.0750000	12
79	3	0.106250 	12
80	4	0.0625000	12
81	2	0.0562500	12
82	3	0.275000 	12
83	1	0.0375000	12
84	2	0.0625000	12
85	1	0.0750000	12
86	2	0.0875000	12
87	3	0.625000 	12
88	2	0.406250 	12
89	2	0.531250 	12
90	4	0.137500 	12
91	2	0.662500 	12
92	1	0.0500000	12
93	2	0.337500 	12
94	4	0.550000 	12
95	2	0.606250 	12
96	2	0.431250 	12
97	2	0.293750 	12
98	2	0.137500 	12
99	3	0.112500 	12
100	1	0.0625000	12
101	1	0.00625000	12
102	1	0.0375000	12
103	1	0.287500 	12
104	0	0.00000  	12
105	3	0.425000 	12
106	3	0.250000 	12
107	2	0.0812500	12
108	2	0.437500 	12
109	1	0.106250 	12
110	2	0.700000 	12
111	3	0.606250 	12
112	3	0.175000 	12
113	2	0.512500 	12
114	3	0.562500 	12
115	3	0.0750000	12
116	3	0.443750 	12
117	2	0.387500 	12
118	1	0.0125000	12
119	2	0.0375000	12
120	0	0.00000  	12
121	2	0.0312500	12
122	1	0.0250000	12
123	2	0.737500 	12
124	1	0.0437500	12
125	1	0.0187500	12
126	2	0.337500 	12
127	2	0.112500 	12
128	1	0.0125000	12
129	1	0.00625000	12
130	1	0.0125000	12
131	1	0.00625000	12
132	1	0.00625000	12
133	2	0.0250000	12
134	0	0.00000  	12
135	1	0.0187500	12
136	0	0.00000  	12
137	2	0.0812500	12
138	1	0.0187500	12
139	0	0.00000  	12
140	1	0.0125000	12
141	0	0.00000  	12
142	3	0.0562500	12
143	1	0.0125000	12
144	0	0.00000  	12
145	1	0.0562500	12
146	2	0.325000 	12
147	4	0.556250 	12
148	3	0.481250 	12
149	3	0.412500 	12
150	2	0.256250 	12
151	2	0.175000 	12
152	2	0.300000 	12
153	1	0.243750 	12
154	2	0.187500 	12
155	3	0.375000 	12
156	2	0.168750 	12
157	2	0.112500 	12
158	2	0.237500 	12
159	1	0.106250 	12
160	3	1.94375  	12

Y - Directed channels:

i	max occ	av_occ		capacity
0	8	3.56250  	12
1	3	0.750000 	12
2	2	0.350000 	12
3	1	0.150000 	12
4	1	0.225000 	12
5	1	0.112500 	12
6	2	0.462500 	12
7	2	0.425000 	12
8	1	0.0250000	12
9	1	0.0312500	12
10	2	0.0687500	12
11	1	0.0500000	12
12	1	0.0375000	12
13	0	0.00000  	12
14	2	0.312500 	12
15	0	0.00000  	12
16	2	0.181250 	12
17	1	0.0500000	12
18	1	0.0125000	12
19	1	0.00625000	12
20	3	0.831250 	12
21	1	0.125000 	12
22	2	0.0375000	12
23	1	0.0437500	12
24	1	0.237500 	12
25	1	0.687500 	12
26	1	0.0750000	12
27	1	0.0375000	12
28	3	0.162500 	12
29	1	0.125000 	12
30	1	0.0375000	12
31	1	0.0312500	12
32	1	0.418750 	12
33	1	0.162500 	12
34	1	0.0500000	12
35	2	0.137500 	12
36	1	0.0687500	12
37	1	0.175000 	12
38	1	0.0125000	12
39	2	0.0562500	12
40	3	0.525000 	12
41	1	0.443750 	12
42	2	0.800000 	12
43	3	0.662500 	12
44	1	0.356250 	12
45	2	0.131250 	12
46	2	0.343750 	12
47	2	0.0562500	12
48	1	0.550000 	12
49	1	0.0687500	12
50	2	0.281250 	12
51	2	0.0562500	12
52	0	0.00000  	12
53	2	0.875000 	12
54	3	0.443750 	12
55	2	0.287500 	12
56	2	0.400000 	12
57	2	0.0937500	12
58	3	0.775000 	12
59	2	0.525000 	12
60	2	0.518750 	12
61	2	0.0250000	12
62	2	0.375000 	12
63	2	0.975000 	12
64	2	0.681250 	12
65	2	0.0937500	12
66	2	0.843750 	12
67	1	0.0250000	12
68	2	0.568750 	12
69	1	0.0937500	12
70	2	0.387500 	12
71	1	0.0250000	12
72	3	0.581250 	12
73	2	0.306250 	12
74	1	0.0250000	12
75	1	0.100000 	12
76	1	0.200000 	12
77	1	0.0437500	12
78	2	0.125000 	12
79	1	0.475000 	12
80	2	0.575000 	12
81	1	0.0562500	12
82	3	0.212500 	12
83	1	0.300000 	12
84	1	0.250000 	12
85	1	0.0125000	12
86	1	0.200000 	12
87	1	0.0250000	12
88	3	0.143750 	12
89	1	0.200000 	12
90	2	0.325000 	12
91	0	0.00000  	12
92	2	0.606250 	12
93	1	0.0750000	12
94	1	0.0375000	12
95	2	0.381250 	12
96	1	0.256250 	12
97	2	0.393750 	12
98	1	0.0687500	12
99	2	0.556250 	12
100	2	0.106250 	12
101	0	0.00000  	12
102	1	0.243750 	12
103	2	1.00625  	12
104	3	0.162500 	12
105	0	0.00000  	12
106	2	0.112500 	12
107	1	0.0750000	12
108	1	0.0250000	12
109	1	0.0687500	12
110	2	0.487500 	12
111	1	0.0250000	12
112	2	0.500000 	12
113	2	0.168750 	12
114	1	0.0875000	12
115	1	0.350000 	12
116	2	0.250000 	12
117	2	0.181250 	12
118	1	0.0250000	12
119	1	0.537500 	12
120	2	0.106250 	12
121	1	0.0625000	12
122	2	0.162500 	12
123	3	0.0812500	12
124	1	0.0625000	12
125	2	0.100000 	12
126	2	0.518750 	12
127	1	0.0125000	12
128	1	0.0250000	12
129	1	0.0250000	12
130	2	0.0812500	12
131	1	0.206250 	12
132	0	0.00000  	12
133	1	0.0375000	12
134	1	0.0875000	12
135	0	0.00000  	12
136	1	0.0750000	12
137	2	0.250000 	12
138	1	0.0125000	12
139	2	0.106250 	12
140	1	0.0562500	12
141	0	0.00000  	12
142	2	0.131250 	12
143	1	0.212500 	12
144	1	0.0312500	12
145	1	0.462500 	12
146	3	0.200000 	12
147	1	0.337500 	12
148	2	0.112500 	12
149	1	0.0125000	12
150	2	0.162500 	12
151	1	0.0437500	12
152	1	0.0125000	12
153	1	0.150000 	12
154	1	0.175000 	12
155	1	0.118750 	12
156	3	0.637500 	12
157	4	0.312500 	12
158	4	0.906250 	12
159	3	0.456250 	12
160	7	3.76875  	12

Total Tracks in X-direction: 1932  in Y-direction: 1932

Logic Area (in minimum width transistor areas):
Total Logic Area: 7.68e+08  Per 1x1 logic tile: 30000

Routing area (in minimum width transistor areas):
Total Routing Area: 3.94252e+07  Per logic tile: 1540.05

Segment usage by type (index):
Segment type       Fractional utilization
------------       ----------------------
       0                  0.0205

Segment usage by length:
Segment length       Fractional utilization
--------------       ----------------------
        2                   0.0205

Critical Path: 2.94272e-07 (s)

Time elapsed (PLACE&ROUTE): 15675.239000 ms


Time elapsed (Fernando): 15675.254000 ms

