Netlist file: ../../benchmarks/fpga/net_EPFL/adder.net   Architecture file: arch/k4-n1.xml
Array size: 160 x 160 logic blocks

#block name	x	y	subblk	block number
#----------	--	--	------	------------
b0		0	144	0	#0
b1		54	0	0	#1
b10		0	51	0	#2
b100		11	0	0	#3
b101		19	161	0	#4
b102		161	105	0	#5
b103		86	0	0	#6
b104		111	0	0	#7
b105		161	132	0	#8
b106		0	146	0	#9
b107		161	130	0	#10
b108		26	0	0	#11
b109		161	103	0	#12
b11		144	161	0	#13
b110		12	0	0	#14
b111		161	53	0	#15
b112		0	153	0	#16
b113		161	143	0	#17
b114		126	0	0	#18
b115		161	27	0	#19
b116		161	158	0	#20
b117		0	16	0	#21
b118		0	70	0	#22
b119		128	161	0	#23
b12		161	9	0	#24
b120		0	118	0	#25
b121		1	161	0	#26
b122		161	101	0	#27
b123		109	0	0	#28
b124		49	0	0	#29
b125		0	152	0	#30
b126		0	133	0	#31
b127		161	155	0	#32
b13		161	55	0	#33
b14		161	13	0	#34
b15		156	161	0	#35
b16		4	0	0	#36
b17		3	161	0	#37
b18		0	23	0	#38
b19		161	137	0	#39
b2		38	0	0	#40
b20		0	26	0	#41
b21		0	135	0	#42
b22		45	0	0	#43
b23		87	161	0	#44
b24		161	39	0	#45
b25		0	46	0	#46
b26		18	0	0	#47
b27		0	137	0	#48
b28		89	0	0	#49
b29		79	0	0	#50
b3		161	134	0	#51
b30		161	37	0	#52
b31		161	153	0	#53
b32		0	19	0	#54
b33		0	64	0	#55
b34		123	0	0	#56
b35		161	21	0	#57
b36		142	0	0	#58
b37		161	1	0	#59
b38		150	0	0	#60
b39		0	125	0	#61
b4		0	43	0	#62
b40		0	123	0	#63
b41		157	161	0	#64
b42		145	161	0	#65
b43		38	161	0	#66
b44		136	0	0	#67
b45		0	57	0	#68
b46		161	30	0	#69
b47		146	0	0	#70
b48		0	40	0	#71
b49		0	31	0	#72
b5		76	161	0	#73
b50		161	4	0	#74
b51		0	158	0	#75
b52		161	51	0	#76
b53		0	108	0	#77
b54		9	161	0	#78
b55		15	161	0	#79
b56		0	54	0	#80
b57		22	0	0	#81
b58		120	0	0	#82
b59		0	38	0	#83
b6		29	0	0	#84
b60		6	161	0	#85
b61		0	127	0	#86
b62		161	49	0	#87
b63		31	161	0	#88
b64		30	0	0	#89
b65		161	43	0	#90
b66		125	161	0	#91
b67		0	156	0	#92
b68		161	7	0	#93
b69		161	160	0	#94
b7		53	161	0	#95
b70		0	1	0	#96
b71		161	34	0	#97
b72		82	161	0	#98
b73		132	0	0	#99
b74		161	23	0	#100
b75		130	0	0	#101
b76		8	0	0	#102
b77		103	0	0	#103
b78		0	10	0	#104
b79		0	5	0	#105
b8		24	161	0	#106
b80		139	0	0	#107
b81		161	145	0	#108
b82		161	73	0	#109
b83		132	161	0	#110
b84		13	161	0	#111
b85		161	19	0	#112
b86		0	114	0	#113
b87		161	141	0	#114
b88		66	0	0	#115
b89		35	161	0	#116
b9		157	0	0	#117
b90		114	0	0	#118
b91		135	161	0	#119
b92		161	46	0	#120
b93		106	0	0	#121
b94		152	161	0	#122
b95		93	0	0	#123
b96		154	0	0	#124
b97		0	139	0	#125
b98		161	97	0	#126
b99		141	161	0	#127
out_cOut:new_n1277_	15	0	0	#128
out_f0:new_n387_	0	130	0	#129
out_f1:new_n394_	57	0	0	#130
out_f10:new_n458_	0	107	0	#131
out_f100:new_n1088_	161	119	0	#132
out_f101:new_n1095_	161	112	0	#133
out_f102:new_n1102_	161	72	0	#134
out_f103:new_n1109_	161	12	0	#135
out_f104:new_n1116_	117	0	0	#136
out_f105:new_n1123_	76	0	0	#137
out_f106:new_n1130_	24	0	0	#138
out_f107:new_n1137_	0	9	0	#139
out_f108:new_n1144_	0	13	0	#140
out_f109:new_n1151_	0	21	0	#141
out_f11:new_n465_	54	161	0	#142
out_f110:new_n1158_	0	68	0	#143
out_f111:new_n1165_	18	161	0	#144
out_f112:new_n1172_	29	161	0	#145
out_f113:new_n1179_	26	161	0	#146
out_f114:new_n1186_	0	48	0	#147
out_f115:new_n1193_	35	0	0	#148
out_f116:new_n1200_	62	0	0	#149
out_f117:new_n1207_	121	0	0	#150
out_f118:new_n1214_	161	71	0	#151
out_f119:new_n1221_	161	108	0	#152
out_f12:new_n472_	62	161	0	#153
out_f120:new_n1228_	149	161	0	#154
out_f121:new_n1235_	113	161	0	#155
out_f122:new_n1242_	107	161	0	#156
out_f123:new_n1249_	102	0	0	#157
out_f124:new_n1256_	98	0	0	#158
out_f125:new_n1263_	94	0	0	#159
out_f126:new_n1270_	32	0	0	#160
out_f127:new_n1277_	16	0	0	#161
out_f13:new_n479_	65	161	0	#162
out_f14:new_n486_	161	95	0	#163
out_f15:new_n493_	70	0	0	#164
out_f16:new_n500_	63	161	0	#165
out_f17:new_n507_	60	0	0	#166
out_f18:new_n514_	0	36	0	#167
out_f19:new_n521_	0	33	0	#168
out_f2:new_n402_	36	0	0	#169
out_f20:new_n528_	67	0	0	#170
out_f21:new_n535_	74	0	0	#171
out_f22:new_n542_	82	0	0	#172
out_f23:new_n549_	87	0	0	#173
out_f24:new_n556_	92	161	0	#174
out_f25:new_n563_	95	161	0	#175
out_f26:new_n570_	161	123	0	#176
out_f27:new_n577_	99	161	0	#177
out_f28:new_n584_	97	161	0	#178
out_f29:new_n591_	161	120	0	#179
out_f3:new_n409_	22	161	0	#180
out_f30:new_n598_	0	113	0	#181
out_f31:new_n605_	56	161	0	#182
out_f32:new_n612_	33	161	0	#183
out_f33:new_n619_	0	94	0	#184
out_f34:new_n626_	0	87	0	#185
out_f35:new_n633_	0	63	0	#186
out_f36:new_n640_	71	0	0	#187
out_f37:new_n647_	161	57	0	#188
out_f38:new_n654_	161	60	0	#189
out_f39:new_n661_	161	67	0	#190
out_f4:new_n416_	0	72	0	#191
out_f40:new_n668_	161	62	0	#192
out_f41:new_n675_	161	59	0	#193
out_f42:new_n682_	148	0	0	#194
out_f43:new_n689_	161	69	0	#195
out_f44:new_n696_	0	67	0	#196
out_f45:new_n703_	119	161	0	#197
out_f46:new_n710_	110	161	0	#198
out_f47:new_n717_	161	89	0	#199
out_f48:new_n724_	0	92	0	#200
out_f49:new_n731_	0	93	0	#201
out_f5:new_n423_	0	78	0	#202
out_f50:new_n738_	0	99	0	#203
out_f51:new_n745_	46	161	0	#204
out_f52:new_n752_	0	128	0	#205
out_f53:new_n759_	70	161	0	#206
out_f54:new_n766_	79	161	0	#207
out_f55:new_n773_	94	161	0	#208
out_f56:new_n780_	106	161	0	#209
out_f57:new_n787_	115	161	0	#210
out_f58:new_n794_	120	161	0	#211
out_f59:new_n801_	122	161	0	#212
out_f6:new_n430_	0	82	0	#213
out_f60:new_n808_	161	150	0	#214
out_f61:new_n815_	117	161	0	#215
out_f62:new_n822_	105	161	0	#216
out_f63:new_n829_	91	161	0	#217
out_f64:new_n836_	85	161	0	#218
out_f65:new_n843_	66	161	0	#219
out_f66:new_n850_	50	161	0	#220
out_f67:new_n857_	47	161	0	#221
out_f68:new_n864_	43	161	0	#222
out_f69:new_n871_	0	76	0	#223
out_f7:new_n437_	0	86	0	#224
out_f70:new_n878_	42	0	0	#225
out_f71:new_n885_	43	0	0	#226
out_f72:new_n892_	0	60	0	#227
out_f73:new_n899_	0	110	0	#228
out_f74:new_n906_	57	161	0	#229
out_f75:new_n913_	69	161	0	#230
out_f76:new_n920_	75	161	0	#231
out_f77:new_n927_	93	161	0	#232
out_f78:new_n934_	114	161	0	#233
out_f79:new_n941_	137	161	0	#234
out_f8:new_n444_	0	90	0	#235
out_f80:new_n948_	161	118	0	#236
out_f81:new_n955_	161	83	0	#237
out_f82:new_n962_	161	80	0	#238
out_f83:new_n969_	161	77	0	#239
out_f84:new_n976_	161	81	0	#240
out_f85:new_n983_	161	91	0	#241
out_f86:new_n990_	161	99	0	#242
out_f87:new_n997_	116	161	0	#243
out_f88:new_n1004_	72	161	0	#244
out_f89:new_n1011_	37	161	0	#245
out_f9:new_n451_	0	103	0	#246
out_f90:new_n1018_	0	101	0	#247
out_f91:new_n1025_	0	91	0	#248
out_f92:new_n1032_	0	84	0	#249
out_f93:new_n1039_	0	81	0	#250
out_f94:new_n1046_	59	0	0	#251
out_f95:new_n1053_	81	0	0	#252
out_f96:new_n1060_	161	107	0	#253
out_f97:new_n1067_	161	111	0	#254
out_f98:new_n1074_	161	115	0	#255
out_f99:new_n1081_	161	121	0	#256
new_n1000_	65	1	0	#257
out_new_n1001_:new_n1000_	65	0	0	#258
new_n1002_	109	124	0	#259
out_new_n1003_:new_n1002_	102	161	0	#260
new_n1004_	97	124	0	#261
out_new_n1006_:b89	34	161	0	#262
new_n1007_	35	153	0	#263
out_new_n1008_:new_n1007_	36	161	0	#264
new_n1009_	47	124	0	#265
out_new_n1010_:new_n1009_	44	161	0	#266
new_n1011_	43	124	0	#267
out_new_n1013_:b90	113	0	0	#268
new_n1014_	115	1	0	#269
out_new_n1015_:new_n1014_	115	0	0	#270
new_n1016_	23	107	0	#271
out_new_n1017_:new_n1016_	0	106	0	#272
new_n1018_	7	100	0	#273
out_new_n1020_:b91	134	161	0	#274
new_n1021_	135	155	0	#275
out_new_n1022_:new_n1021_	136	161	0	#276
new_n1023_	5	95	0	#277
out_new_n1024_:new_n1023_	0	96	0	#278
new_n1025_	3	88	0	#279
out_new_n1027_:b92	161	47	0	#280
new_n1028_	160	33	0	#281
out_new_n1029_:new_n1028_	161	33	0	#282
new_n1030_	1	87	0	#283
out_new_n1031_:new_n1030_	0	88	0	#284
new_n1032_	2	82	0	#285
out_new_n1034_:b93	104	0	0	#286
new_n1035_	105	1	0	#287
out_new_n1036_:new_n1035_	105	0	0	#288
new_n1037_	4	79	0	#289
out_new_n1038_:new_n1037_	0	79	0	#290
new_n1039_	6	78	0	#291
out_new_n1041_:b94	153	161	0	#292
new_n1042_	152	155	0	#293
out_new_n1043_:new_n1042_	151	161	0	#294
new_n1044_	8	77	0	#295
out_new_n1045_:new_n1044_	0	77	0	#296
new_n1046_	58	76	0	#297
out_new_n1048_:b95	97	0	0	#298
new_n1049_	93	1	0	#299
out_new_n1050_:new_n1049_	92	0	0	#300
new_n1051_	78	75	0	#301
out_new_n1052_:new_n1051_	80	0	0	#302
new_n1053_	80	76	0	#303
out_new_n1055_:b96	152	0	0	#304
new_n1056_	153	1	0	#305
out_new_n1057_:new_n1056_	153	0	0	#306
new_n1058_	126	89	0	#307
out_new_n1059_:new_n1058_	127	161	0	#308
new_n1060_	146	106	0	#309
out_new_n1062_:b97	0	140	0	#310
new_n1063_	1	122	0	#311
out_new_n1064_:new_n1063_	0	122	0	#312
new_n1065_	156	107	0	#313
out_new_n1066_:new_n1065_	161	109	0	#314
new_n1067_	158	108	0	#315
out_new_n1069_:b98	161	98	0	#316
new_n1070_	160	87	0	#317
out_new_n1071_:new_n1070_	161	87	0	#318
new_n1072_	160	111	0	#319
out_new_n1073_:new_n1072_	161	114	0	#320
new_n1074_	160	114	0	#321
out_new_n1076_:b99	139	161	0	#322
new_n1077_	140	152	0	#323
out_new_n1078_:new_n1077_	140	161	0	#324
new_n1079_	160	115	0	#325
out_new_n1080_:new_n1079_	161	116	0	#326
new_n1081_	160	116	0	#327
out_new_n1083_:b100	9	0	0	#328
new_n1084_	10	1	0	#329
out_new_n1085_:new_n1084_	10	0	0	#330
new_n1086_	159	115	0	#331
out_new_n1087_:new_n1086_	161	117	0	#332
new_n1088_	159	116	0	#333
out_new_n1090_:b101	20	161	0	#334
new_n1091_	20	156	0	#335
out_new_n1092_:new_n1091_	21	161	0	#336
new_n1093_	159	113	0	#337
out_new_n1094_:new_n1093_	161	113	0	#338
new_n1095_	159	112	0	#339
out_new_n1097_:b102	161	106	0	#340
new_n1098_	160	96	0	#341
out_new_n1099_:new_n1098_	161	96	0	#342
new_n1100_	159	81	0	#343
out_new_n1101_:new_n1100_	161	84	0	#344
new_n1102_	159	72	0	#345
out_new_n1104_:b103	84	0	0	#346
new_n1105_	85	1	0	#347
out_new_n1106_:new_n1105_	85	0	0	#348
new_n1107_	157	63	0	#349
out_new_n1108_:new_n1107_	161	63	0	#350
new_n1109_	155	12	0	#351
out_new_n1111_:b104	110	0	0	#352
new_n1112_	112	1	0	#353
out_new_n1113_:new_n1112_	112	0	0	#354
new_n1114_	137	5	0	#355
out_new_n1115_:new_n1114_	134	0	0	#356
new_n1116_	119	4	0	#357
out_new_n1118_:b105	161	133	0	#358
new_n1119_	160	126	0	#359
out_new_n1120_:new_n1119_	161	126	0	#360
new_n1121_	103	3	0	#361
out_new_n1122_:new_n1121_	95	0	0	#362
new_n1123_	79	2	0	#363
out_new_n1125_:b106	0	147	0	#364
new_n1126_	1	143	0	#365
out_new_n1127_:new_n1126_	0	143	0	#366
new_n1128_	69	1	0	#367
out_new_n1129_:new_n1128_	64	0	0	#368
new_n1130_	27	2	0	#369
out_new_n1132_:b107	161	131	0	#370
new_n1133_	160	129	0	#371
out_new_n1134_:new_n1133_	161	129	0	#372
new_n1135_	5	3	0	#373
out_new_n1136_:new_n1135_	0	7	0	#374
new_n1137_	3	8	0	#375
out_new_n1139_:b108	25	0	0	#376
new_n1140_	27	1	0	#377
out_new_n1141_:new_n1140_	27	0	0	#378
new_n1142_	1	9	0	#379
out_new_n1143_:new_n1142_	0	12	0	#380
new_n1144_	1	12	0	#381
out_new_n1146_:b109	161	104	0	#382
new_n1147_	160	99	0	#383
out_new_n1148_:new_n1147_	161	100	0	#384
new_n1149_	1	13	0	#385
out_new_n1150_:new_n1149_	0	14	0	#386
new_n1151_	1	14	0	#387
out_new_n1153_:b110	14	0	0	#388
new_n1154_	13	1	0	#389
out_new_n1155_:new_n1154_	13	0	0	#390
new_n1156_	3	22	0	#391
out_new_n1157_:new_n1156_	0	37	0	#392
new_n1158_	5	43	0	#393
out_new_n1160_:b111	161	54	0	#394
new_n1161_	160	42	0	#395
out_new_n1162_:new_n1161_	161	42	0	#396
new_n1163_	7	112	0	#397
out_new_n1164_:new_n1163_	8	161	0	#398
new_n1165_	15	153	0	#399
out_new_n1167_:b112	0	155	0	#400
new_n1168_	1	149	0	#401
out_new_n1169_:new_n1168_	0	149	0	#402
new_n1170_	27	156	0	#403
out_new_n1171_:new_n1170_	28	161	0	#404
new_n1172_	29	156	0	#405
out_new_n1174_:b113	161	144	0	#406
new_n1175_	160	127	0	#407
out_new_n1176_:new_n1175_	161	127	0	#408
new_n1177_	28	155	0	#409
out_new_n1178_:new_n1177_	27	161	0	#410
new_n1179_	27	154	0	#411
out_new_n1181_:b114	125	0	0	#412
new_n1182_	127	1	0	#413
out_new_n1183_:new_n1182_	127	0	0	#414
new_n1184_	25	51	0	#415
out_new_n1185_:new_n1184_	0	52	0	#416
new_n1186_	24	48	0	#417
out_new_n1188_:b115	161	25	0	#418
new_n1189_	160	16	0	#419
out_new_n1190_:new_n1189_	161	16	0	#420
new_n1191_	26	25	0	#421
out_new_n1192_:new_n1191_	0	25	0	#422
new_n1193_	34	9	0	#423
out_new_n1195_:b116	161	159	0	#424
new_n1196_	160	157	0	#425
out_new_n1197_:new_n1196_	161	157	0	#426
new_n1198_	39	8	0	#427
out_new_n1199_:new_n1198_	40	0	0	#428
new_n1200_	61	7	0	#429
out_new_n1202_:b117	0	17	0	#430
new_n1203_	1	3	0	#431
out_new_n1204_:new_n1203_	0	4	0	#432
new_n1205_	71	8	0	#433
out_new_n1206_:new_n1205_	72	0	0	#434
new_n1207_	121	9	0	#435
out_new_n1209_:b118	0	71	0	#436
new_n1210_	1	66	0	#437
out_new_n1211_:new_n1210_	0	66	0	#438
new_n1212_	155	26	0	#439
out_new_n1213_:new_n1212_	161	26	0	#440
new_n1214_	157	71	0	#441
out_new_n1216_:b119	129	161	0	#442
new_n1217_	129	156	0	#443
out_new_n1218_:new_n1217_	130	161	0	#444
new_n1219_	159	92	0	#445
out_new_n1220_:new_n1219_	161	92	0	#446
new_n1221_	160	107	0	#447
out_new_n1223_:b120	0	119	0	#448
new_n1224_	1	99	0	#449
out_new_n1225_:new_n1224_	0	102	0	#450
new_n1226_	158	138	0	#451
out_new_n1227_:new_n1226_	161	139	0	#452
new_n1228_	150	155	0	#453
out_new_n1230_:b121	0	160	0	#454
new_n1231_	1	147	0	#455
out_new_n1232_:new_n1231_	0	148	0	#456
new_n1233_	148	156	0	#457
out_new_n1234_:new_n1233_	148	161	0	#458
new_n1235_	114	157	0	#459
out_new_n1237_:b122	161	102	0	#460
new_n1238_	160	91	0	#461
out_new_n1239_:new_n1238_	161	93	0	#462
new_n1240_	112	158	0	#463
out_new_n1241_:new_n1240_	111	161	0	#464
new_n1242_	108	158	0	#465
out_new_n1244_:b123	107	0	0	#466
new_n1245_	108	1	0	#467
out_new_n1246_:new_n1245_	108	0	0	#468
new_n1247_	104	158	0	#469
out_new_n1248_:new_n1247_	103	161	0	#470
new_n1249_	102	1	0	#471
out_new_n1251_:b124	51	0	0	#472
new_n1252_	50	1	0	#473
out_new_n1253_:new_n1252_	50	0	0	#474
new_n1254_	100	1	0	#475
out_new_n1255_:new_n1254_	100	0	0	#476
new_n1256_	98	1	0	#477
out_new_n1258_:b125	0	150	0	#478
new_n1259_	1	141	0	#479
out_new_n1260_:new_n1259_	0	141	0	#480
new_n1261_	96	1	0	#481
out_new_n1262_:new_n1261_	96	0	0	#482
new_n1263_	94	1	0	#483
out_new_n1265_:b126	0	131	0	#484
new_n1266_	1	119	0	#485
out_new_n1267_:new_n1266_	0	120	0	#486
new_n1268_	68	1	0	#487
out_new_n1269_:new_n1268_	68	0	0	#488
new_n1270_	32	1	0	#489
out_new_n1272_:b127	161	156	0	#490
new_n1273_	160	148	0	#491
out_new_n1274_:new_n1273_	161	151	0	#492
new_n1275_	20	1	0	#493
out_new_n1276_:new_n1275_	20	0	0	#494
new_n1277_	16	1	0	#495
out_new_n386_:b0	0	142	0	#496
new_n387_	1	130	0	#497
out_new_n389_:b0	0	145	0	#498
out_new_n390_:b1	55	0	0	#499
new_n391_	55	1	0	#500
new_n392_	56	1	0	#501
out_new_n393_:new_n392_	56	0	0	#502
new_n394_	57	1	0	#503
out_new_n396_:b2	39	0	0	#504
new_n397_	37	1	0	#505
out_new_n398_:new_n397_	37	0	0	#506
new_n399_	55	2	0	#507
new_n400_	53	2	0	#508
out_new_n401_:new_n400_	52	0	0	#509
new_n402_	49	3	0	#510
out_new_n404_:b3	161	135	0	#511
new_n405_	160	128	0	#512
out_new_n406_:new_n405_	161	128	0	#513
new_n407_	35	16	0	#514
out_new_n408_:new_n407_	0	34	0	#515
new_n409_	22	35	0	#516
out_new_n411_:b4	0	45	0	#517
new_n412_	1	42	0	#518
out_new_n413_:new_n412_	0	42	0	#519
new_n414_	20	68	0	#520
out_new_n415_:new_n414_	0	69	0	#521
new_n416_	18	69	0	#522
out_new_n418_:b5	77	161	0	#523
new_n419_	77	156	0	#524
out_new_n420_:new_n419_	78	161	0	#525
new_n421_	16	72	0	#526
out_new_n422_:new_n421_	0	73	0	#527
new_n423_	14	73	0	#528
out_new_n425_:b6	33	0	0	#529
new_n426_	29	1	0	#530
out_new_n427_:new_n426_	28	0	0	#531
new_n428_	12	78	0	#532
out_new_n429_:new_n428_	0	80	0	#533
new_n430_	10	79	0	#534
out_new_n432_:b7	52	161	0	#535
new_n433_	52	156	0	#536
out_new_n434_:new_n433_	51	161	0	#537
new_n435_	8	82	0	#538
out_new_n436_:new_n435_	0	85	0	#539
new_n437_	6	85	0	#540
out_new_n439_:b8	25	161	0	#541
new_n440_	24	157	0	#542
out_new_n441_:new_n440_	23	161	0	#543
new_n442_	4	86	0	#544
out_new_n443_:new_n442_	0	89	0	#545
new_n444_	4	87	0	#546
out_new_n446_:b9	155	0	0	#547
new_n447_	156	1	0	#548
out_new_n448_:new_n447_	156	0	0	#549
new_n449_	6	90	0	#550
out_new_n450_:new_n449_	0	100	0	#551
new_n451_	8	100	0	#552
out_new_n453_:b10	0	53	0	#553
new_n454_	1	49	0	#554
out_new_n455_:new_n454_	0	50	0	#555
new_n456_	10	103	0	#556
out_new_n457_:new_n456_	0	105	0	#557
new_n458_	12	106	0	#558
out_new_n460_:b11	142	161	0	#559
new_n461_	143	152	0	#560
out_new_n462_:new_n461_	143	161	0	#561
new_n463_	42	107	0	#562
out_new_n464_:new_n463_	42	161	0	#563
new_n465_	54	114	0	#564
out_new_n467_:b12	161	10	0	#565
new_n468_	159	1	0	#566
out_new_n469_:new_n468_	159	0	0	#567
new_n470_	56	115	0	#568
out_new_n471_:new_n470_	61	161	0	#569
new_n472_	62	115	0	#570
out_new_n474_:b13	161	56	0	#571
new_n475_	160	48	0	#572
out_new_n476_:new_n475_	161	48	0	#573
new_n477_	64	114	0	#574
out_new_n478_:new_n477_	64	161	0	#575
new_n479_	65	113	0	#576
out_new_n481_:b14	161	11	0	#577
new_n482_	160	5	0	#578
out_new_n483_:new_n482_	161	5	0	#579
new_n484_	65	97	0	#580
out_new_n485_:new_n484_	0	98	0	#581
new_n486_	66	94	0	#582
out_new_n488_:b15	154	161	0	#583
new_n489_	155	154	0	#584
out_new_n490_:new_n489_	155	161	0	#585
new_n491_	67	93	0	#586
out_new_n492_:new_n491_	67	161	0	#587
new_n493_	67	80	0	#588
out_new_n495_:b16	3	0	0	#589
new_n496_	5	1	0	#590
out_new_n497_:new_n496_	5	0	0	#591
new_n498_	66	77	0	#592
out_new_n499_:new_n498_	161	76	0	#593
new_n500_	64	76	0	#594
out_new_n502_:b17	2	161	0	#595
new_n503_	3	155	0	#596
out_new_n504_:new_n503_	4	161	0	#597
new_n505_	62	37	0	#598
out_new_n506_:new_n505_	61	0	0	#599
new_n507_	60	36	0	#600
out_new_n509_:b18	0	24	0	#601
new_n510_	1	15	0	#602
out_new_n511_:new_n510_	0	15	0	#603
new_n512_	59	35	0	#604
out_new_n513_:new_n512_	0	35	0	#605
new_n514_	57	35	0	#606
out_new_n516_:b19	161	138	0	#607
new_n517_	160	123	0	#608
out_new_n518_:new_n517_	161	125	0	#609
new_n519_	58	34	0	#610
out_new_n520_:new_n519_	58	0	0	#611
new_n521_	59	33	0	#612
out_new_n523_:b20	0	27	0	#613
new_n524_	1	18	0	#614
out_new_n525_:new_n524_	0	18	0	#615
new_n526_	63	32	0	#616
out_new_n527_:new_n526_	63	0	0	#617
new_n528_	67	31	0	#618
out_new_n530_:b21	0	136	0	#619
new_n531_	1	133	0	#620
out_new_n532_:new_n531_	0	134	0	#621
new_n533_	69	30	0	#622
out_new_n534_:new_n533_	73	0	0	#623
new_n535_	73	29	0	#624
out_new_n537_:b22	47	0	0	#625
new_n538_	46	1	0	#626
out_new_n539_:new_n538_	46	0	0	#627
new_n540_	75	29	0	#628
out_new_n541_:new_n540_	75	0	0	#629
new_n542_	79	30	0	#630
out_new_n544_:b23	86	161	0	#631
new_n545_	88	154	0	#632
out_new_n546_:new_n545_	88	161	0	#633
new_n547_	83	31	0	#634
out_new_n548_:new_n547_	83	0	0	#635
new_n549_	85	32	0	#636
out_new_n551_:b24	161	40	0	#637
new_n552_	160	36	0	#638
out_new_n553_:new_n552_	161	36	0	#639
new_n554_	89	33	0	#640
out_new_n555_:new_n554_	91	0	0	#641
new_n556_	91	66	0	#642
out_new_n558_:b25	0	47	0	#643
new_n559_	1	28	0	#644
out_new_n560_:new_n559_	0	29	0	#645
new_n561_	93	109	0	#646
out_new_n562_:new_n561_	161	110	0	#647
new_n563_	95	110	0	#648
out_new_n565_:b26	19	0	0	#649
new_n566_	17	1	0	#650
out_new_n567_:new_n566_	17	0	0	#651
new_n568_	96	111	0	#652
out_new_n569_:new_n568_	96	161	0	#653
new_n570_	98	116	0	#654
out_new_n572_:b27	0	138	0	#655
new_n573_	1	132	0	#656
out_new_n574_:new_n573_	0	132	0	#657
new_n575_	100	117	0	#658
out_new_n576_:new_n575_	100	161	0	#659
new_n577_	100	118	0	#660
out_new_n579_:b28	90	0	0	#661
new_n580_	88	1	0	#662
out_new_n581_:new_n580_	88	0	0	#663
new_n582_	99	117	0	#664
out_new_n583_:new_n582_	161	124	0	#665
new_n584_	97	116	0	#666
out_new_n586_:b29	77	0	0	#667
new_n587_	78	1	0	#668
out_new_n588_:new_n587_	78	0	0	#669
new_n589_	97	115	0	#670
out_new_n590_:new_n589_	161	122	0	#671
new_n591_	95	114	0	#672
out_new_n593_:b30	161	38	0	#673
new_n594_	160	26	0	#674
out_new_n595_:new_n594_	161	29	0	#675
new_n596_	87	113	0	#676
out_new_n597_:new_n596_	84	161	0	#677
new_n598_	81	112	0	#678
out_new_n600_:b31	161	154	0	#679
new_n601_	160	146	0	#680
out_new_n602_:new_n601_	161	146	0	#681
new_n603_	61	111	0	#682
out_new_n604_:new_n603_	60	161	0	#683
new_n605_	59	111	0	#684
out_new_n607_:b32	0	20	0	#685
new_n608_	1	11	0	#686
out_new_n609_:new_n608_	0	11	0	#687
new_n610_	39	110	0	#688
out_new_n611_:new_n610_	0	111	0	#689
new_n612_	33	110	0	#690
out_new_n614_:b33	0	65	0	#691
new_n615_	1	56	0	#692
out_new_n616_:new_n615_	0	56	0	#693
new_n617_	31	95	0	#694
out_new_n618_:new_n617_	0	95	0	#695
new_n619_	29	94	0	#696
out_new_n621_:b34	124	0	0	#697
new_n622_	122	1	0	#698
out_new_n623_:new_n622_	122	0	0	#699
new_n624_	27	83	0	#700
out_new_n625_:new_n624_	0	83	0	#701
new_n626_	27	78	0	#702
out_new_n628_:b35	161	22	0	#703
new_n629_	160	18	0	#704
out_new_n630_:new_n629_	161	18	0	#705
new_n631_	29	75	0	#706
out_new_n632_:new_n631_	0	75	0	#707
new_n633_	31	62	0	#708
out_new_n635_:b36	141	0	0	#709
new_n636_	143	1	0	#710
out_new_n637_:new_n636_	143	0	0	#711
new_n638_	33	61	0	#712
out_new_n639_:new_n638_	0	62	0	#713
new_n640_	45	60	0	#714
out_new_n642_:b37	161	2	0	#715
new_n643_	158	1	0	#716
out_new_n644_:new_n643_	158	0	0	#717
new_n645_	87	59	0	#718
out_new_n646_:new_n645_	116	0	0	#719
new_n647_	123	58	0	#720
out_new_n649_:b38	151	0	0	#721
new_n650_	149	1	0	#722
out_new_n651_:new_n650_	149	0	0	#723
new_n652_	151	58	0	#724
out_new_n653_:new_n652_	161	58	0	#725
new_n654_	153	59	0	#726
out_new_n656_:b39	0	126	0	#727
new_n657_	1	117	0	#728
out_new_n658_:new_n657_	0	117	0	#729
new_n659_	155	60	0	#730
out_new_n660_:new_n659_	161	64	0	#731
new_n661_	157	61	0	#732
out_new_n663_:b40	0	124	0	#733
new_n664_	1	120	0	#734
out_new_n665_:new_n664_	0	121	0	#735
new_n666_	158	62	0	#736
out_new_n667_:new_n666_	161	65	0	#737
new_n668_	156	61	0	#738
out_new_n670_:b41	159	161	0	#739
new_n671_	158	152	0	#740
out_new_n672_:new_n671_	158	161	0	#741
new_n673_	154	60	0	#742
out_new_n674_:new_n673_	161	61	0	#743
new_n675_	152	59	0	#744
out_new_n677_:b42	146	161	0	#745
new_n678_	146	156	0	#746
out_new_n679_:new_n678_	147	161	0	#747
new_n680_	150	59	0	#748
out_new_n681_:new_n680_	0	61	0	#749
new_n682_	148	60	0	#750
out_new_n684_:b43	39	161	0	#751
new_n685_	39	156	0	#752
out_new_n686_:new_n685_	40	161	0	#753
new_n687_	146	61	0	#754
out_new_n688_:new_n687_	144	0	0	#755
new_n689_	144	62	0	#756
out_new_n691_:b44	135	0	0	#757
new_n692_	137	1	0	#758
out_new_n693_:new_n692_	137	0	0	#759
new_n694_	142	63	0	#760
out_new_n695_:new_n694_	161	66	0	#761
new_n696_	134	66	0	#762
out_new_n698_:b45	0	59	0	#763
new_n699_	1	44	0	#764
out_new_n700_:new_n699_	0	44	0	#765
new_n701_	128	67	0	#766
out_new_n702_:new_n701_	161	74	0	#767
new_n703_	124	74	0	#768
out_new_n705_:b46	161	31	0	#769
new_n706_	160	15	0	#770
out_new_n707_:new_n706_	161	15	0	#771
new_n708_	114	83	0	#772
out_new_n709_:new_n708_	112	161	0	#773
new_n710_	112	86	0	#774
out_new_n712_:b47	147	0	0	#775
new_n713_	145	1	0	#776
out_new_n714_:new_n713_	145	0	0	#777
new_n715_	110	87	0	#778
out_new_n716_:new_n715_	161	88	0	#779
new_n717_	106	88	0	#780
out_new_n719_:b48	0	41	0	#781
new_n720_	1	29	0	#782
out_new_n721_:new_n720_	0	30	0	#783
new_n722_	104	89	0	#784
out_new_n723_:new_n722_	161	90	0	#785
new_n724_	88	90	0	#786
out_new_n726_:b49	0	32	0	#787
new_n727_	1	21	0	#788
out_new_n728_:new_n727_	0	22	0	#789
new_n729_	56	91	0	#790
out_new_n730_:new_n729_	53	0	0	#791
new_n731_	50	92	0	#792
out_new_n733_:b50	161	6	0	#793
new_n734_	160	2	0	#794
out_new_n735_:new_n734_	161	3	0	#795
new_n736_	48	93	0	#796
out_new_n737_:new_n736_	0	97	0	#797
new_n738_	46	94	0	#798
out_new_n740_:b51	0	159	0	#799
new_n741_	1	154	0	#800
out_new_n742_:new_n741_	0	154	0	#801
new_n743_	45	97	0	#802
out_new_n744_:new_n743_	0	104	0	#803
new_n745_	47	104	0	#804
out_new_n747_:b52	161	52	0	#805
new_n748_	160	40	0	#806
out_new_n749_:new_n748_	161	41	0	#807
new_n750_	49	123	0	#808
out_new_n751_:new_n750_	49	161	0	#809
new_n752_	51	127	0	#810
out_new_n754_:b53	0	109	0	#811
new_n755_	1	73	0	#812
out_new_n756_:new_n755_	0	74	0	#813
new_n757_	55	128	0	#814
out_new_n758_:new_n757_	68	161	0	#815
new_n759_	69	143	0	#816
out_new_n761_:b54	10	161	0	#817
new_n762_	10	156	0	#818
out_new_n763_:new_n762_	11	161	0	#819
new_n764_	73	150	0	#820
out_new_n765_:new_n764_	74	161	0	#821
new_n766_	77	151	0	#822
out_new_n768_:b55	17	161	0	#823
new_n769_	16	152	0	#824
out_new_n770_:new_n769_	16	161	0	#825
new_n771_	87	151	0	#826
out_new_n772_:new_n771_	90	161	0	#827
new_n773_	95	151	0	#828
out_new_n775_:b56	0	55	0	#829
new_n776_	1	48	0	#830
out_new_n777_:new_n776_	0	49	0	#831
new_n778_	103	151	0	#832
out_new_n779_:new_n778_	104	161	0	#833
new_n780_	105	150	0	#834
out_new_n782_:b57	21	0	0	#835
new_n783_	23	1	0	#836
out_new_n784_:new_n783_	23	0	0	#837
new_n785_	107	149	0	#838
out_new_n786_:new_n785_	108	161	0	#839
new_n787_	113	149	0	#840
out_new_n789_:b58	118	0	0	#841
new_n790_	119	1	0	#842
out_new_n791_:new_n790_	119	0	0	#843
new_n792_	117	149	0	#844
out_new_n793_:new_n792_	118	161	0	#845
new_n794_	119	149	0	#846
out_new_n796_:b59	0	39	0	#847
new_n797_	1	27	0	#848
out_new_n798_:new_n797_	0	28	0	#849
new_n799_	121	149	0	#850
out_new_n800_:new_n799_	121	161	0	#851
new_n801_	123	149	0	#852
out_new_n803_:b60	5	161	0	#853
new_n804_	6	155	0	#854
out_new_n805_:new_n804_	7	161	0	#855
new_n806_	123	148	0	#856
out_new_n807_:new_n806_	161	148	0	#857
new_n808_	124	147	0	#858
out_new_n810_:b61	0	129	0	#859
new_n811_	1	116	0	#860
out_new_n812_:new_n811_	0	116	0	#861
new_n813_	122	148	0	#862
out_new_n814_:new_n813_	161	149	0	#863
new_n815_	118	149	0	#864
out_new_n817_:b62	161	50	0	#865
new_n818_	160	45	0	#866
out_new_n819_:new_n818_	161	45	0	#867
new_n820_	112	150	0	#868
out_new_n821_:new_n820_	109	161	0	#869
new_n822_	108	151	0	#870
out_new_n824_:b63	30	161	0	#871
new_n825_	31	155	0	#872
out_new_n826_:new_n825_	32	161	0	#873
new_n827_	104	152	0	#874
out_new_n828_:new_n827_	98	161	0	#875
new_n829_	96	153	0	#876
out_new_n831_:b64	34	0	0	#877
new_n832_	31	1	0	#878
out_new_n833_:new_n832_	31	0	0	#879
new_n834_	90	153	0	#880
out_new_n835_:new_n834_	89	161	0	#881
new_n836_	88	153	0	#882
out_new_n838_:b65	161	44	0	#883
new_n839_	160	32	0	#884
out_new_n840_:new_n839_	161	32	0	#885
new_n841_	76	154	0	#886
out_new_n842_:new_n841_	71	161	0	#887
new_n843_	66	154	0	#888
out_new_n845_:b66	124	161	0	#889
new_n846_	124	156	0	#890
out_new_n847_:new_n846_	123	161	0	#891
new_n848_	58	154	0	#892
out_new_n849_:new_n848_	58	161	0	#893
new_n850_	54	154	0	#894
out_new_n852_:b67	0	157	0	#895
new_n853_	1	151	0	#896
out_new_n854_:new_n853_	0	151	0	#897
new_n855_	50	153	0	#898
out_new_n856_:new_n855_	48	161	0	#899
new_n857_	48	153	0	#900
out_new_n859_:b68	161	8	0	#901
new_n860_	160	1	0	#902
out_new_n861_:new_n860_	160	0	0	#903
new_n862_	47	150	0	#904
out_new_n863_:new_n862_	45	161	0	#905
new_n864_	45	150	0	#906
out_new_n866_:b69	160	161	0	#907
new_n867_	160	152	0	#908
out_new_n868_:new_n867_	161	152	0	#909
new_n869_	43	150	0	#910
out_new_n870_:new_n869_	41	161	0	#911
new_n871_	41	75	0	#912
out_new_n873_:b70	0	2	0	#913
new_n874_	1	1	0	#914
out_new_n875_:new_n874_	1	0	0	#915
new_n876_	41	58	0	#916
out_new_n877_:new_n876_	41	0	0	#917
new_n878_	41	57	0	#918
out_new_n880_:b71	161	35	0	#919
new_n881_	160	28	0	#920
out_new_n882_:new_n881_	161	28	0	#921
new_n883_	42	58	0	#922
out_new_n884_:new_n883_	0	58	0	#923
new_n885_	42	57	0	#924
out_new_n887_:b72	83	161	0	#925
new_n888_	81	154	0	#926
out_new_n889_:new_n888_	81	161	0	#927
new_n890_	44	58	0	#928
out_new_n891_:new_n890_	44	0	0	#929
new_n892_	46	59	0	#930
out_new_n894_:b73	133	0	0	#931
new_n895_	131	1	0	#932
out_new_n896_:new_n895_	131	0	0	#933
new_n897_	48	60	0	#934
out_new_n898_:new_n897_	48	0	0	#935
new_n899_	50	61	0	#936
out_new_n901_:b74	161	24	0	#937
new_n902_	160	13	0	#938
out_new_n903_:new_n902_	161	17	0	#939
new_n904_	54	110	0	#940
out_new_n905_:new_n904_	55	161	0	#941
new_n906_	56	147	0	#942
out_new_n908_:b75	128	0	0	#943
new_n909_	129	1	0	#944
out_new_n910_:new_n909_	129	0	0	#945
new_n911_	58	148	0	#946
out_new_n912_:new_n911_	59	161	0	#947
new_n913_	64	149	0	#948
out_new_n915_:b76	6	0	0	#949
new_n916_	7	1	0	#950
out_new_n917_:new_n916_	7	0	0	#951
new_n918_	72	149	0	#952
out_new_n919_:new_n918_	73	161	0	#953
new_n920_	74	149	0	#954
out_new_n922_:b77	101	0	0	#955
new_n923_	99	1	0	#956
out_new_n924_:new_n923_	99	0	0	#957
new_n925_	80	149	0	#958
out_new_n926_:new_n925_	80	161	0	#959
new_n927_	88	149	0	#960
out_new_n929_:b78	0	8	0	#961
new_n930_	1	2	0	#962
out_new_n931_:new_n930_	0	3	0	#963
new_n932_	101	148	0	#964
out_new_n933_:new_n932_	101	161	0	#965
new_n934_	109	148	0	#966
out_new_n936_:b79	0	6	0	#967
new_n937_	2	1	0	#968
out_new_n938_:new_n937_	2	0	0	#969
new_n939_	125	148	0	#970
out_new_n940_:new_n939_	126	161	0	#971
new_n941_	131	147	0	#972
out_new_n943_:b80	138	0	0	#973
new_n944_	140	1	0	#974
out_new_n945_:new_n944_	140	0	0	#975
new_n946_	139	146	0	#976
out_new_n947_:new_n946_	150	161	0	#977
new_n948_	151	113	0	#978
out_new_n950_:b81	161	147	0	#979
new_n951_	160	136	0	#980
out_new_n952_:new_n951_	161	136	0	#981
new_n953_	155	86	0	#982
out_new_n954_:new_n953_	161	86	0	#983
new_n955_	157	83	0	#984
out_new_n957_:b82	161	75	0	#985
new_n958_	160	68	0	#986
out_new_n959_:new_n958_	161	68	0	#987
new_n960_	159	80	0	#988
out_new_n961_:new_n960_	161	82	0	#989
new_n962_	160	79	0	#990
out_new_n964_:b83	133	161	0	#991
new_n965_	132	155	0	#992
out_new_n966_:new_n965_	131	161	0	#993
new_n967_	160	78	0	#994
out_new_n968_:new_n967_	161	79	0	#995
new_n969_	160	77	0	#996
out_new_n971_:b84	12	161	0	#997
new_n972_	13	157	0	#998
out_new_n973_:new_n972_	14	161	0	#999
new_n974_	158	77	0	#1000
out_new_n975_:new_n974_	161	78	0	#1001
new_n976_	158	78	0	#1002
out_new_n978_:b85	161	20	0	#1003
new_n979_	160	14	0	#1004
out_new_n980_:new_n979_	161	14	0	#1005
new_n981_	158	81	0	#1006
out_new_n982_:new_n981_	161	85	0	#1007
new_n983_	158	82	0	#1008
out_new_n985_:b86	0	115	0	#1009
new_n986_	1	112	0	#1010
out_new_n987_:new_n986_	0	112	0	#1011
new_n988_	157	91	0	#1012
out_new_n989_:new_n988_	161	94	0	#1013
new_n990_	155	94	0	#1014
out_new_n992_:b87	161	142	0	#1015
new_n993_	160	139	0	#1016
out_new_n994_:new_n993_	161	140	0	#1017
new_n995_	139	99	0	#1018
out_new_n996_:new_n995_	138	161	0	#1019
new_n997_	131	124	0	#1020
out_new_n999_:b88	69	0	0	#1021
