Array size: 38 x 38 logic blocks.

Routing:

Net 0 (new_n100_)

SOURCE (1,13)  Class: 1  
  OPIN (1,13)  Pin: 4  
 CHANX (1,12)  Track: 3  
 CHANY (0,11) to (0,12)  Track: 5  
  IPIN (0,12)  Pad: 0  
  SINK (0,12)  Pad: 0  
  OPIN (1,13)  Pin: 4  
 CHANX (1,12)  Track: 11  
 CHANY (0,13) to (0,14)  Track: 8  
  IPIN (1,14)  Pin: 1  
  SINK (1,14)  Class: 0  


Net 1 (new_n101_)

SOURCE (8,27)  Class: 1  
  OPIN (8,27)  Pin: 4  
 CHANX (8,26) to (9,26)  Track: 10  
 CHANY (8,27) to (8,28)  Track: 8  
 CHANY (8,29) to (8,30)  Track: 8  
 CHANY (8,31) to (8,32)  Track: 8  
 CHANY (8,33) to (8,34)  Track: 8  
 CHANY (8,35) to (8,36)  Track: 8  
  IPIN (9,36)  Pin: 1  
  SINK (9,36)  Class: 0  
 CHANY (8,35) to (8,36)  Track: 8  
 CHANX (9,36) to (10,36)  Track: 8  
 CHANX (11,36) to (12,36)  Track: 8  
 CHANX (13,36) to (14,36)  Track: 8  
 CHANX (15,36) to (16,36)  Track: 8  
 CHANX (17,36) to (18,36)  Track: 8  
 CHANX (19,36) to (20,36)  Track: 8  
 CHANX (21,36) to (22,36)  Track: 8  
 CHANX (23,36) to (24,36)  Track: 8  
 CHANY (24,37) to (24,38)  Track: 4  
 CHANX (25,38) to (26,38)  Track: 8  
  IPIN (25,39)  Pad: 0  
  SINK (25,39)  Pad: 0  
  OPIN (8,27)  Pin: 4  
 CHANX (7,26) to (8,26)  Track: 5  
 CHANY (7,27) to (7,28)  Track: 6  
 CHANY (7,29) to (7,30)  Track: 6  
 CHANY (7,31) to (7,32)  Track: 6  
 CHANY (7,33) to (7,34)  Track: 6  
 CHANY (7,35) to (7,36)  Track: 6  
  IPIN (7,36)  Pin: 3  
  SINK (7,36)  Class: 0  
 CHANX (8,26) to (9,26)  Track: 10  
 CHANX (10,26) to (11,26)  Track: 10  
 CHANX (12,26) to (13,26)  Track: 10  
 CHANX (14,26) to (15,26)  Track: 10  
 CHANX (16,26) to (17,26)  Track: 10  
 CHANX (18,26) to (19,26)  Track: 10  
 CHANX (20,26) to (21,26)  Track: 10  
 CHANX (22,26) to (23,26)  Track: 10  
 CHANX (24,26) to (25,26)  Track: 10  
 CHANX (26,26) to (27,26)  Track: 10  
 CHANX (28,26) to (29,26)  Track: 10  
 CHANX (30,26) to (31,26)  Track: 10  
 CHANX (32,26) to (33,26)  Track: 10  
 CHANX (34,26) to (35,26)  Track: 10  
 CHANX (36,26) to (37,26)  Track: 10  
 CHANX (38,26)  Track: 10  
  IPIN (38,27)  Pin: 0  
  SINK (38,27)  Class: 0  


Net 2 (new_n106_)

SOURCE (2,22)  Class: 1  
  OPIN (2,22)  Pin: 4  
 CHANX (1,21) to (2,21)  Track: 7  
 CHANY (0,22) to (0,23)  Track: 2  
  IPIN (0,22)  Pad: 0  
  SINK (0,22)  Pad: 0  


Net 3 (new_n107_)

SOURCE (1,21)  Class: 1  
  OPIN (1,21)  Pin: 4  
 CHANX (1,20)  Track: 7  
  IPIN (1,20)  Pin: 2  
  SINK (1,20)  Class: 0  
  OPIN (1,21)  Pin: 4  
 CHANX (1,20)  Track: 11  
 CHANY (0,21) to (0,22)  Track: 8  
  IPIN (1,22)  Pin: 1  
  SINK (1,22)  Class: 0  
  OPIN (1,21)  Pin: 4  
 CHANX (1,20) to (2,20)  Track: 0  
 CHANY (2,21) to (2,22)  Track: 0  
 CHANX (1,22) to (2,22)  Track: 5  
  IPIN (2,22)  Pin: 2  
  SINK (2,22)  Class: 0  


Net 4 (new_n108_)

SOURCE (1,14)  Class: 1  
  OPIN (1,14)  Pin: 4  
 CHANX (1,13)  Track: 1  
 CHANY (0,14) to (0,15)  Track: 2  
 CHANY (0,16) to (0,17)  Track: 2  
  IPIN (0,16)  Pad: 0  
  SINK (0,16)  Pad: 0  
  OPIN (1,14)  Pin: 4  
 CHANX (1,13)  Track: 9  
 CHANY (0,14) to (0,15)  Track: 6  
 CHANY (0,16) to (0,17)  Track: 6  
 CHANY (0,18) to (0,19)  Track: 6  
  IPIN (1,18)  Pin: 1  
  SINK (1,18)  Class: 0  
  OPIN (1,14)  Pin: 4  
 CHANX (1,13)  Track: 5  
 CHANY (0,14) to (0,15)  Track: 10  
 CHANY (0,16) to (0,17)  Track: 10  
 CHANY (0,18) to (0,19)  Track: 10  
 CHANY (0,20) to (0,21)  Track: 10  
  IPIN (1,21)  Pin: 1  
  SINK (1,21)  Class: 0  


Net 5 (new_n110_)

SOURCE (23,1)  Class: 1  
  OPIN (23,1)  Pin: 4  
 CHANX (22,0) to (23,0)  Track: 7  
  IPIN (23,0)  Pad: 0  
  SINK (23,0)  Pad: 0  


Net 6 (new_n111_)

SOURCE (34,1)  Class: 1  
  OPIN (34,1)  Pin: 4  
 CHANX (34,0) to (35,0)  Track: 2  
  IPIN (35,1)  Pin: 0  
  SINK (35,1)  Class: 0  


Net 7 (new_n112_)

SOURCE (35,37)  Class: 1  
  OPIN (35,37)  Pin: 4  
 CHANX (35,36) to (36,36)  Track: 4  
 CHANY (35,37) to (35,38)  Track: 6  
 CHANX (34,38) to (35,38)  Track: 3  
  IPIN (35,39)  Pad: 0  
  SINK (35,39)  Pad: 0  


Net 8 (new_n118_)

SOURCE (1,25)  Class: 1  
  OPIN (1,25)  Pin: 4  
 CHANX (1,24)  Track: 7  
 CHANY (0,25) to (0,26)  Track: 0  
  IPIN (0,25)  Pad: 0  
  SINK (0,25)  Pad: 0  


Net 9 (new_n121_)

SOURCE (1,22)  Class: 1  
  OPIN (1,22)  Pin: 4  
 CHANX (1,21)  Track: 9  
 CHANY (0,22) to (0,23)  Track: 6  
  IPIN (0,23)  Pad: 0  
  SINK (0,23)  Pad: 0  


Net 10 (new_n124_)

SOURCE (38,28)  Class: 1  
  OPIN (38,28)  Pin: 4  
 CHANX (38,27)  Track: 4  
 CHANY (38,28) to (38,29)  Track: 10  
 CHANY (38,30) to (38,31)  Track: 10  
  IPIN (39,31)  Pad: 0  
  SINK (39,31)  Pad: 0  
  OPIN (38,28)  Pin: 4  
 CHANX (38,27)  Track: 8  
 CHANY (38,28) to (38,29)  Track: 6  
 CHANY (38,30) to (38,31)  Track: 6  
 CHANY (38,32) to (38,33)  Track: 6  
  IPIN (39,32)  Pad: 0  
  SINK (39,32)  Pad: 0  


Net 11 (new_n125_)

SOURCE (38,27)  Class: 1  
  OPIN (38,27)  Pin: 4  
 CHANX (38,26)  Track: 3  
 CHANY (37,27) to (37,28)  Track: 10  
 CHANX (38,28)  Track: 10  
 CHANY (38,27) to (38,28)  Track: 9  
  IPIN (39,28)  Pad: 0  
  SINK (39,28)  Pad: 0  


Net 12 (new_n128_)

SOURCE (7,36)  Class: 1  
  OPIN (7,36)  Pin: 4  
 CHANX (6,35) to (7,35)  Track: 5  
 CHANY (5,36) to (5,37)  Track: 0  
 CHANY (5,38)  Track: 0  
 CHANX (4,38) to (5,38)  Track: 3  
  IPIN (5,39)  Pad: 0  
  SINK (5,39)  Pad: 0  
  OPIN (7,36)  Pin: 4  
 CHANX (6,35) to (7,35)  Track: 9  
 CHANY (5,36) to (5,37)  Track: 4  
 CHANY (5,38)  Track: 4  
 CHANX (4,38) to (5,38)  Track: 11  
  IPIN (4,39)  Pad: 0  
  SINK (4,39)  Pad: 0  


Net 13 (new_n129_)

SOURCE (23,33)  Class: 1  
  OPIN (23,33)  Pin: 4  
 CHANX (23,32) to (24,32)  Track: 8  
 CHANX (25,32) to (26,32)  Track: 8  
 CHANX (27,32) to (28,32)  Track: 8  
 CHANX (29,32) to (30,32)  Track: 8  
 CHANX (31,32) to (32,32)  Track: 8  
 CHANY (32,31) to (32,32)  Track: 5  
 CHANX (33,31) to (34,31)  Track: 6  
 CHANX (35,31) to (36,31)  Track: 6  
 CHANY (36,30) to (36,31)  Track: 3  
 CHANX (37,30) to (38,30)  Track: 0  
  IPIN (37,30)  Pin: 2  
  SINK (37,30)  Class: 0  
  OPIN (23,33)  Pin: 4  
 CHANX (22,32) to (23,32)  Track: 11  
 CHANY (22,33) to (22,34)  Track: 8  
  IPIN (23,34)  Pin: 1  
  SINK (23,34)  Class: 0  
  OPIN (23,33)  Pin: 4  
 CHANX (23,32) to (24,32)  Track: 4  
 CHANY (24,33) to (24,34)  Track: 8  
  IPIN (25,34)  Pin: 1  
  SINK (25,34)  Class: 0  


Net 14 (new_n131_)

SOURCE (38,15)  Class: 1  
  OPIN (38,15)  Pin: 4  
 CHANX (38,14)  Track: 10  
 CHANY (38,15) to (38,16)  Track: 8  
  IPIN (39,16)  Pad: 0  
  SINK (39,16)  Pad: 0  
 CHANX (38,14)  Track: 10  
 CHANY (38,13) to (38,14)  Track: 9  
  IPIN (39,14)  Pad: 0  
  SINK (39,14)  Pad: 0  


Net 15 (new_n132_)

SOURCE (25,34)  Class: 1  
  OPIN (25,34)  Pin: 4  
 CHANX (25,33) to (26,33)  Track: 10  
 CHANY (26,34) to (26,35)  Track: 6  
 CHANY (26,36) to (26,37)  Track: 6  
 CHANY (26,38)  Track: 6  
 CHANX (25,38) to (26,38)  Track: 1  
  IPIN (26,39)  Pad: 0  
  SINK (26,39)  Pad: 0  


Net 16 (new_n133_)

SOURCE (23,34)  Class: 1  
  OPIN (23,34)  Pin: 4  
 CHANX (23,33) to (24,33)  Track: 10  
 CHANY (24,34) to (24,35)  Track: 6  
 CHANY (24,36) to (24,37)  Track: 6  
 CHANY (24,38)  Track: 6  
 CHANX (23,38) to (24,38)  Track: 1  
  IPIN (24,39)  Pad: 0  
  SINK (24,39)  Pad: 0  


Net 17 (new_n134_)

SOURCE (38,12)  Class: 1  
  OPIN (38,12)  Pin: 4  
 CHANX (38,11)  Track: 8  
 CHANY (38,12) to (38,13)  Track: 6  
  IPIN (39,12)  Pad: 0  
  SINK (39,12)  Pad: 0  


Net 18 (new_n141_)

SOURCE (10,36)  Class: 1  
  OPIN (10,36)  Pin: 4  
 CHANX (9,35) to (10,35)  Track: 7  
 CHANY (9,36) to (9,37)  Track: 4  
 CHANY (9,38)  Track: 4  
 CHANX (10,38) to (11,38)  Track: 10  
  IPIN (10,39)  Pad: 0  
  SINK (10,39)  Pad: 0  
  OPIN (10,36)  Pin: 4  
 CHANX (9,35) to (10,35)  Track: 11  
  IPIN (9,36)  Pin: 0  
  SINK (9,36)  Class: 0  


Net 19 (new_n142_)

SOURCE (35,1)  Class: 1  
  OPIN (35,1)  Pin: 4  
 CHANX (34,0) to (35,0)  Track: 7  
  IPIN (35,0)  Pad: 0  
  SINK (35,0)  Pad: 0  


Net 20 (new_n145_)

SOURCE (37,19)  Class: 1  
  OPIN (37,19)  Pin: 4  
 CHANX (37,18) to (38,18)  Track: 4  
 CHANY (38,17) to (38,18)  Track: 9  
  IPIN (39,18)  Pad: 0  
  SINK (39,18)  Pad: 0  
  OPIN (37,19)  Pin: 4  
 CHANX (37,18) to (38,18)  Track: 8  
 CHANY (38,19) to (38,20)  Track: 4  
  IPIN (39,19)  Pad: 0  
  SINK (39,19)  Pad: 0  


Net 21 (new_n146_)

SOURCE (37,30)  Class: 1  
  OPIN (37,30)  Pin: 4  
 CHANX (37,29) to (38,29)  Track: 10  
 CHANY (37,30) to (37,31)  Track: 8  
 CHANX (38,30)  Track: 10  
 CHANY (38,29) to (38,30)  Track: 9  
  IPIN (39,30)  Pad: 0  
  SINK (39,30)  Pad: 0  


Net 22 (new_n147_)

SOURCE (37,22)  Class: 1  
  OPIN (37,22)  Pin: 4  
 CHANX (36,21) to (37,21)  Track: 5  
 CHANY (36,22) to (36,23)  Track: 6  
 CHANY (36,24) to (36,25)  Track: 6  
 CHANY (36,26) to (36,27)  Track: 6  
 CHANY (36,28) to (36,29)  Track: 6  
 CHANY (36,30) to (36,31)  Track: 6  
  IPIN (37,30)  Pin: 1  
  SINK (37,30)  Class: 0  


Net 23 (new_n156_)

SOURCE (1,18)  Class: 1  
  OPIN (1,18)  Pin: 4  
 CHANX (1,17)  Track: 9  
 CHANY (0,16) to (0,17)  Track: 7  
  IPIN (0,17)  Pad: 0  
  SINK (0,17)  Pad: 0  
  OPIN (1,18)  Pin: 4  
 CHANX (1,17)  Track: 1  
 CHANY (0,18) to (0,19)  Track: 2  
  IPIN (0,18)  Pad: 0  
  SINK (0,18)  Pad: 0  


Net 24 (new_n161_)

SOURCE (1,20)  Class: 1  
  OPIN (1,20)  Pin: 4  
 CHANX (1,19)  Track: 9  
 CHANY (0,20) to (0,21)  Track: 6  
  IPIN (0,21)  Pad: 0  
  SINK (0,21)  Pad: 0  


Net 25 (new_n164_)

SOURCE (9,36)  Class: 1  
  OPIN (9,36)  Pin: 4  
 CHANX (8,35) to (9,35)  Track: 9  
 CHANY (8,36) to (8,37)  Track: 10  
 CHANY (8,38)  Track: 10  
 CHANX (9,38) to (10,38)  Track: 8  
  IPIN (9,39)  Pad: 0  
  SINK (9,39)  Pad: 0  


Net 26 (new_n93_)

SOURCE (9,34)  Class: 1  
  OPIN (9,34)  Pin: 4  
 CHANX (8,33) to (9,33)  Track: 9  
 CHANY (8,34) to (8,35)  Track: 10  
  IPIN (9,35)  Pin: 1  
  SINK (9,35)  Class: 0  
  OPIN (9,34)  Pin: 4  
 CHANX (9,33) to (10,33)  Track: 6  
 CHANX (11,33) to (12,33)  Track: 6  
 CHANX (13,33) to (14,33)  Track: 6  
 CHANX (15,33) to (16,33)  Track: 6  
 CHANX (17,33) to (18,33)  Track: 6  
 CHANX (19,33) to (20,33)  Track: 6  
 CHANX (21,33) to (22,33)  Track: 6  
 CHANX (23,33) to (24,33)  Track: 6  
 CHANY (23,32) to (23,33)  Track: 5  
  IPIN (23,33)  Pin: 3  
  SINK (23,33)  Class: 0  


Net 27 (new_n94_)

SOURCE (7,37)  Class: 1  
  OPIN (7,37)  Pin: 4  
 CHANX (7,36) to (8,36)  Track: 0  
 CHANY (7,35) to (7,36)  Track: 3  
 CHANX (8,34) to (9,34)  Track: 6  
  IPIN (9,34)  Pin: 2  
  SINK (9,34)  Class: 0  


Net 28 (new_n97_)

SOURCE (1,23)  Class: 1  
  OPIN (1,23)  Pin: 4  
 CHANX (1,22)  Track: 7  
 CHANY (0,21) to (0,22)  Track: 1  
 CHANY (0,19) to (0,20)  Track: 1  
  IPIN (0,19)  Pad: 0  
  SINK (0,19)  Pad: 0  
 CHANY (0,19) to (0,20)  Track: 1  
 CHANX (1,18) to (2,18)  Track: 0  
  IPIN (1,18)  Pin: 2  
  SINK (1,18)  Class: 0  
  OPIN (1,23)  Pin: 4  
 CHANX (1,22)  Track: 3  
 CHANY (0,23) to (0,24)  Track: 4  
  IPIN (0,24)  Pad: 0  
  SINK (0,24)  Pad: 0  


Net 29 (new_n98_)

SOURCE (38,22)  Class: 1  
  OPIN (38,22)  Pin: 4  
 CHANX (38,21)  Track: 4  
 CHANY (38,22) to (38,23)  Track: 10  
 CHANY (38,24) to (38,25)  Track: 10  
  IPIN (39,25)  Pad: 0  
  SINK (39,25)  Pad: 0  
  OPIN (38,22)  Pin: 4  
 CHANX (38,21)  Track: 1  
 CHANY (37,22) to (37,23)  Track: 8  
 CHANY (37,24) to (37,25)  Track: 8  
 CHANY (37,26) to (37,27)  Track: 8  
  IPIN (38,27)  Pin: 1  
  SINK (38,27)  Class: 0  


Net 30 (new_n99_)

SOURCE (38,21)  Class: 1  
  OPIN (38,21)  Pin: 4  
 CHANX (38,20)  Track: 2  
 CHANY (38,21) to (38,22)  Track: 4  
  IPIN (38,22)  Pin: 3  
  SINK (38,22)  Class: 0  
  OPIN (38,21)  Pin: 4  
 CHANX (38,20)  Track: 10  
 CHANY (38,19) to (38,20)  Track: 9  
  IPIN (39,20)  Pad: 0  
  SINK (39,20)  Pad: 0  
  OPIN (38,21)  Pin: 4  
 CHANX (37,20) to (38,20)  Track: 5  
 CHANY (37,21) to (37,22)  Track: 6  
  IPIN (37,22)  Pin: 3  
  SINK (37,22)  Class: 0  
  OPIN (38,21)  Pin: 4  
 CHANX (37,20) to (38,20)  Track: 1  
 CHANY (37,19) to (37,20)  Track: 3  
  IPIN (37,19)  Pin: 3  
  SINK (37,19)  Class: 0  


Net 31 (paccrpy)

SOURCE (0,1)  Pad: 1  
  OPIN (0,1)  Pad: 1  
 CHANY (0,1)  Track: 11  
 CHANX (1,0) to (2,0)  Track: 0  
  IPIN (1,0)  Pad: 0  
  SINK (1,0)  Pad: 0  


Net 32 (pbull0)

SOURCE (16,0)  Pad: 1  
  OPIN (16,0)  Pad: 1  
 CHANX (15,0) to (16,0)  Track: 1  
  IPIN (15,0)  Pad: 0  
  SINK (15,0)  Pad: 0  


Net 33 (pbull1)

SOURCE (31,0)  Pad: 1  
  OPIN (31,0)  Pad: 1  
 CHANX (30,0) to (31,0)  Track: 3  
  IPIN (30,0)  Pad: 0  
  SINK (30,0)  Pad: 0  
  OPIN (31,0)  Pad: 1  
 CHANX (31,0) to (32,0)  Track: 0  
 CHANX (33,0) to (34,0)  Track: 0  
  IPIN (34,1)  Pin: 0  
  SINK (34,1)  Class: 0  


Net 34 (pbull2)

SOURCE (22,0)  Pad: 1  
  OPIN (22,0)  Pad: 1  
 CHANX (21,0) to (22,0)  Track: 1  
  IPIN (21,0)  Pad: 0  
  SINK (21,0)  Pad: 0  
  OPIN (22,0)  Pad: 1  
 CHANX (22,0) to (23,0)  Track: 2  
  IPIN (23,1)  Pin: 0  
  SINK (23,1)  Class: 0  
  OPIN (22,0)  Pad: 1  
 CHANX (21,0) to (22,0)  Track: 5  
 CHANX (19,0) to (20,0)  Track: 5  
  IPIN (20,0)  Pad: 0  
  SINK (20,0)  Pad: 0  


Net 35 (pbull3)

SOURCE (10,0)  Pad: 1  
  OPIN (10,0)  Pad: 1  
 CHANX (10,0) to (11,0)  Track: 6  
  IPIN (11,0)  Pad: 0  
  SINK (11,0)  Pad: 0  
  OPIN (10,0)  Pad: 1  
 CHANX (10,0) to (11,0)  Track: 2  
 CHANX (12,0) to (13,0)  Track: 2  
  IPIN (12,0)  Pad: 0  
  SINK (12,0)  Pad: 0  
  OPIN (10,0)  Pad: 1  
 CHANX (9,0) to (10,0)  Track: 1  
  IPIN (9,0)  Pad: 0  
  SINK (9,0)  Pad: 0  


Net 36 (pbull4)

SOURCE (37,0)  Pad: 1  
  OPIN (37,0)  Pad: 1  
 CHANX (36,0) to (37,0)  Track: 3  
  IPIN (36,0)  Pad: 0  
  SINK (36,0)  Pad: 0  
  OPIN (37,0)  Pad: 1  
 CHANX (37,0) to (38,0)  Track: 4  
  IPIN (38,0)  Pad: 0  
  SINK (38,0)  Pad: 0  
 CHANX (36,0) to (37,0)  Track: 3  
 CHANY (35,1) to (35,2)  Track: 2  
 CHANX (34,1) to (35,1)  Track: 1  
  IPIN (34,1)  Pin: 2  
  SINK (34,1)  Class: 0  


Net 37 (pbull5)

SOURCE (33,0)  Pad: 1  
  OPIN (33,0)  Pad: 1  
 CHANX (32,0) to (33,0)  Track: 3  
  IPIN (32,0)  Pad: 0  
  SINK (32,0)  Pad: 0  
  OPIN (33,0)  Pad: 1  
 CHANX (33,0) to (34,0)  Track: 4  
  IPIN (34,0)  Pad: 0  
  SINK (34,0)  Pad: 0  
  OPIN (33,0)  Pad: 1  
 CHANX (33,0) to (34,0)  Track: 8  
 CHANY (33,1)  Track: 8  
  IPIN (34,1)  Pin: 1  
  SINK (34,1)  Class: 0  


Net 38 (pbull6)

SOURCE (24,0)  Pad: 1  
  OPIN (24,0)  Pad: 1  
 CHANX (24,0) to (25,0)  Track: 6  
  IPIN (25,0)  Pad: 0  
  SINK (25,0)  Pad: 0  
  OPIN (24,0)  Pad: 1  
 CHANX (23,0) to (24,0)  Track: 5  
 CHANY (23,1)  Track: 4  
  IPIN (23,1)  Pin: 3  
  SINK (23,1)  Class: 0  


Net 39 (pcapsd)

SOURCE (0,29)  Pad: 1  
  OPIN (0,29)  Pad: 1  
 CHANY (0,28) to (0,29)  Track: 3  
  IPIN (0,28)  Pad: 0  
  SINK (0,28)  Pad: 0  


Net 40 (pcat0)

SOURCE (31,39)  Pad: 1  
  OPIN (31,39)  Pad: 1  
 CHANX (30,38) to (31,38)  Track: 11  
  IPIN (30,39)  Pad: 0  
  SINK (30,39)  Pad: 0  


Net 41 (pcat1)

SOURCE (39,35)  Pad: 1  
  OPIN (39,35)  Pad: 1  
 CHANY (38,35) to (38,36)  Track: 8  
  IPIN (39,36)  Pad: 0  
  SINK (39,36)  Pad: 0  


Net 42 (pcat3)

SOURCE (8,39)  Pad: 1  
  OPIN (8,39)  Pad: 1  
 CHANX (7,38) to (8,38)  Track: 5  
 CHANY (6,37) to (6,38)  Track: 5  
  IPIN (7,37)  Pin: 1  
  SINK (7,37)  Class: 0  


Net 43 (pcat4)

SOURCE (5,0)  Pad: 1  
  OPIN (5,0)  Pad: 1  
 CHANX (5,0) to (6,0)  Track: 4  
  IPIN (6,0)  Pad: 0  
  SINK (6,0)  Pad: 0  


Net 44 (pcomppar)

SOURCE (0,15)  Pad: 1  
  OPIN (0,15)  Pad: 1  
 CHANY (0,14) to (0,15)  Track: 7  
 CHANY (0,12) to (0,13)  Track: 7  
  IPIN (0,13)  Pad: 0  
  SINK (0,13)  Pad: 0  
 CHANY (0,14) to (0,15)  Track: 7  
 CHANX (1,14)  Track: 6  
  IPIN (1,14)  Pin: 2  
  SINK (1,14)  Class: 0  


Net 45 (pdel1)

SOURCE (0,5)  Pad: 1  
  OPIN (0,5)  Pad: 1  
 CHANY (0,5) to (0,6)  Track: 4  
  IPIN (0,6)  Pad: 0  
  SINK (0,6)  Pad: 0  


Net 46 (pend)

SOURCE (39,4)  Pad: 1  
  OPIN (39,4)  Pad: 1  
 CHANY (38,3) to (38,4)  Track: 5  
  IPIN (39,3)  Pad: 0  
  SINK (39,3)  Pad: 0  


Net 47 (pfbi)

SOURCE (39,26)  Pad: 1  
  OPIN (39,26)  Pad: 1  
 CHANY (38,26) to (38,27)  Track: 2  
 CHANY (38,28) to (38,29)  Track: 2  
 CHANY (38,30) to (38,31)  Track: 2  
 CHANY (38,32) to (38,33)  Track: 2  
 CHANX (37,33) to (38,33)  Track: 3  
 CHANX (35,33) to (36,33)  Track: 3  
 CHANX (33,33) to (34,33)  Track: 3  
 CHANX (31,33) to (32,33)  Track: 3  
 CHANX (29,33) to (30,33)  Track: 3  
 CHANX (27,33) to (28,33)  Track: 3  
 CHANX (25,33) to (26,33)  Track: 3  
 CHANY (25,34) to (25,35)  Track: 0  
  IPIN (25,34)  Pin: 3  
  SINK (25,34)  Class: 0  
 CHANX (29,33) to (30,33)  Track: 3  
 CHANY (28,34) to (28,35)  Track: 10  
 CHANY (28,36) to (28,37)  Track: 10  
 CHANY (28,38)  Track: 10  
 CHANX (27,38) to (28,38)  Track: 9  
  IPIN (27,39)  Pad: 0  
  SINK (27,39)  Pad: 0  
 CHANX (37,33) to (38,33)  Track: 3  
 CHANY (37,34) to (37,35)  Track: 0  
 CHANX (38,35)  Track: 4  
 CHANY (38,36) to (38,37)  Track: 10  
  IPIN (39,37)  Pad: 0  
  SINK (39,37)  Pad: 0  
 CHANX (31,33) to (32,33)  Track: 3  
 CHANY (30,34) to (30,35)  Track: 10  
 CHANY (30,36) to (30,37)  Track: 10  
 CHANX (29,36) to (30,36)  Track: 9  
 CHANY (29,37) to (29,38)  Track: 10  
 CHANX (28,38) to (29,38)  Track: 11  
  IPIN (28,39)  Pad: 0  
  SINK (28,39)  Pad: 0  
  OPIN (39,26)  Pad: 1  
 CHANY (38,25) to (38,26)  Track: 9  
 CHANY (38,23) to (38,24)  Track: 9  
  IPIN (39,24)  Pad: 0  
  SINK (39,24)  Pad: 0  
 CHANY (30,36) to (30,37)  Track: 10  
 CHANY (30,38)  Track: 10  
 CHANX (29,38) to (30,38)  Track: 9  
  IPIN (29,39)  Pad: 0  
  SINK (29,39)  Pad: 0  
  OPIN (39,26)  Pad: 1  
 CHANY (38,25) to (38,26)  Track: 1  
 CHANY (38,23) to (38,24)  Track: 1  
 CHANX (37,22) to (38,22)  Track: 1  
 CHANY (36,21) to (36,22)  Track: 5  
 CHANY (36,19) to (36,20)  Track: 5  
  IPIN (37,19)  Pin: 1  
  SINK (37,19)  Class: 0  
 CHANY (38,23) to (38,24)  Track: 1  
 CHANY (38,21) to (38,22)  Track: 1  
 CHANY (38,19) to (38,20)  Track: 1  
 CHANY (38,17) to (38,18)  Track: 1  
 CHANY (38,15) to (38,16)  Track: 1  
  IPIN (38,15)  Pin: 3  
  SINK (38,15)  Class: 0  
  OPIN (39,26)  Pad: 1  
 CHANY (38,25) to (38,26)  Track: 5  
 CHANY (38,23) to (38,24)  Track: 5  
 CHANY (38,21) to (38,22)  Track: 5  
 CHANY (38,19) to (38,20)  Track: 5  
 CHANY (38,17) to (38,18)  Track: 5  
 CHANY (38,15) to (38,16)  Track: 5  
  IPIN (39,15)  Pad: 0  
  SINK (39,15)  Pad: 0  


Net 48 (pibt0)

SOURCE (6,39)  Pad: 1  
  OPIN (6,39)  Pad: 1  
 CHANX (5,38) to (6,38)  Track: 9  
 CHANY (4,37) to (4,38)  Track: 9  
 CHANY (4,35) to (4,36)  Track: 9  
 CHANY (4,33) to (4,34)  Track: 9  
 CHANY (4,31) to (4,32)  Track: 9  
 CHANY (4,29) to (4,30)  Track: 9  
 CHANY (4,27) to (4,28)  Track: 9  
 CHANY (4,25) to (4,26)  Track: 9  
 CHANY (4,23) to (4,24)  Track: 9  
 CHANY (4,21) to (4,22)  Track: 9  
 CHANX (3,20) to (4,20)  Track: 5  
 CHANX (1,20) to (2,20)  Track: 5  
 CHANY (0,19) to (0,20)  Track: 9  
  IPIN (1,20)  Pin: 1  
  SINK (1,20)  Class: 0  
 CHANY (4,31) to (4,32)  Track: 9  
 CHANX (3,30) to (4,30)  Track: 5  
 CHANY (2,29) to (2,30)  Track: 1  
 CHANX (1,28) to (2,28)  Track: 1  
 CHANY (1,27) to (1,28)  Track: 3  
 CHANX (1,27)  Track: 1  
 CHANY (0,26) to (0,27)  Track: 3  
  IPIN (0,26)  Pad: 0  
  SINK (0,26)  Pad: 0  
 CHANX (1,28) to (2,28)  Track: 1  
 CHANY (0,27) to (0,28)  Track: 1  
  IPIN (0,27)  Pad: 0  
  SINK (0,27)  Pad: 0  
 CHANX (5,38) to (6,38)  Track: 9  
 CHANX (3,38) to (4,38)  Track: 9  
 CHANX (1,38) to (2,38)  Track: 9  
  IPIN (1,39)  Pad: 0  
  SINK (1,39)  Pad: 0  
 CHANX (1,38) to (2,38)  Track: 9  
 CHANY (0,37) to (0,38)  Track: 1  
 CHANY (0,35) to (0,36)  Track: 1  
 CHANY (0,33) to (0,34)  Track: 1  
 CHANY (0,31) to (0,32)  Track: 1  
  IPIN (0,31)  Pad: 0  
  SINK (0,31)  Pad: 0  
  OPIN (6,39)  Pad: 1  
 CHANX (6,38) to (7,38)  Track: 2  
 CHANY (7,37) to (7,38)  Track: 3  
  IPIN (7,37)  Pin: 3  
  SINK (7,37)  Class: 0  
 CHANY (1,27) to (1,28)  Track: 3  
 CHANY (1,25) to (1,26)  Track: 3  
  IPIN (1,25)  Pin: 3  
  SINK (1,25)  Class: 0  
 CHANY (4,23) to (4,24)  Track: 9  
 CHANX (3,22) to (4,22)  Track: 5  
 CHANY (2,21) to (2,22)  Track: 1  
 CHANX (1,21) to (2,21)  Track: 3  
  IPIN (2,22)  Pin: 0  
  SINK (2,22)  Class: 0  


Net 49 (pibt1)

SOURCE (7,39)  Pad: 1  
  OPIN (7,39)  Pad: 1  
 CHANX (7,38) to (8,38)  Track: 8  
 CHANY (7,38)  Track: 9  
 CHANX (6,37) to (7,37)  Track: 5  
  IPIN (7,37)  Pin: 2  
  SINK (7,37)  Class: 0  
  OPIN (7,39)  Pad: 1  
 CHANX (6,38) to (7,38)  Track: 7  
 CHANX (4,38) to (5,38)  Track: 7  
 CHANX (2,38) to (3,38)  Track: 7  
 CHANY (1,37) to (1,38)  Track: 7  
 CHANY (1,35) to (1,36)  Track: 7  
 CHANY (1,33) to (1,34)  Track: 7  
 CHANY (1,31) to (1,32)  Track: 7  
 CHANY (1,29) to (1,30)  Track: 7  
 CHANY (1,27) to (1,28)  Track: 7  
 CHANY (1,25) to (1,26)  Track: 7  
 CHANY (1,23) to (1,24)  Track: 7  
 CHANX (1,23)  Track: 5  
  IPIN (1,23)  Pin: 2  
  SINK (1,23)  Class: 0  
 CHANX (2,38) to (3,38)  Track: 7  
 CHANX (1,38)  Track: 7  
 CHANY (0,38)  Track: 3  
 CHANY (0,36) to (0,37)  Track: 3  
 CHANY (0,34) to (0,35)  Track: 3  
 CHANY (0,32) to (0,33)  Track: 3  
  IPIN (0,32)  Pad: 0  
  SINK (0,32)  Pad: 0  
 CHANY (1,23) to (1,24)  Track: 7  
 CHANY (1,21) to (1,22)  Track: 7  
  IPIN (1,22)  Pin: 3  
  SINK (1,22)  Class: 0  
 CHANY (1,25) to (1,26)  Track: 7  
 CHANX (1,25)  Track: 5  
  IPIN (1,25)  Pin: 2  
  SINK (1,25)  Class: 0  


Net 50 (pibt2)

SOURCE (0,33)  Pad: 1  
  OPIN (0,33)  Pad: 1  
 CHANY (0,33) to (0,34)  Track: 0  
 CHANX (1,33)  Track: 0  
 CHANX (2,33) to (3,33)  Track: 0  
 CHANX (4,33) to (5,33)  Track: 0  
 CHANX (6,33) to (7,33)  Track: 0  
 CHANX (8,33) to (9,33)  Track: 0  
  IPIN (9,34)  Pin: 0  
  SINK (9,34)  Class: 0  
  OPIN (0,33)  Pad: 1  
 CHANY (0,32) to (0,33)  Track: 7  
 CHANY (0,30) to (0,31)  Track: 7  
 CHANY (0,28) to (0,29)  Track: 7  
 CHANY (0,26) to (0,27)  Track: 7  
 CHANY (0,24) to (0,25)  Track: 7  
 CHANY (0,22) to (0,23)  Track: 7  
 CHANX (1,21) to (2,21)  Track: 6  
 CHANY (1,20) to (1,21)  Track: 5  
  IPIN (1,21)  Pin: 3  
  SINK (1,21)  Class: 0  


Net 51 (piclr)

SOURCE (39,8)  Pad: 1  
  OPIN (39,8)  Pad: 1  
 CHANY (38,8) to (38,9)  Track: 10  
  IPIN (39,9)  Pad: 0  
  SINK (39,9)  Pad: 0  
  OPIN (39,8)  Pad: 1  
 CHANY (38,7) to (38,8)  Track: 9  
 CHANY (38,5) to (38,6)  Track: 9  
  IPIN (39,6)  Pad: 0  
  SINK (39,6)  Pad: 0  
  OPIN (39,8)  Pad: 1  
 CHANY (38,7) to (38,8)  Track: 5  
  IPIN (39,7)  Pad: 0  
  SINK (39,7)  Pad: 0  
 CHANY (38,7) to (38,8)  Track: 5  
 CHANY (38,5) to (38,6)  Track: 5  
  IPIN (39,5)  Pad: 0  
  SINK (39,5)  Pad: 0  


Net 52 (pkbg_n)

SOURCE (34,39)  Pad: 1  
  OPIN (34,39)  Pad: 1  
 CHANX (33,38) to (34,38)  Track: 1  
 CHANX (31,38) to (32,38)  Track: 1  
  IPIN (32,39)  Pad: 0  
  SINK (32,39)  Pad: 0  
  OPIN (34,39)  Pad: 1  
 CHANX (33,38) to (34,38)  Track: 9  
  IPIN (33,39)  Pad: 0  
  SINK (33,39)  Pad: 0  
  OPIN (34,39)  Pad: 1  
 CHANX (34,38) to (35,38)  Track: 2  
 CHANY (35,37) to (35,38)  Track: 3  
  IPIN (35,37)  Pin: 3  
  SINK (35,37)  Class: 0  


Net 53 (plsd)

SOURCE (19,39)  Pad: 1  
  OPIN (19,39)  Pad: 1  
 CHANX (18,38) to (19,38)  Track: 11  
  IPIN (18,39)  Pad: 0  
  SINK (18,39)  Pad: 0  


Net 54 (porwd_f)

SOURCE (9,35)  Class: 1  
  OPIN (9,35)  Pin: 4  
 CHANX (9,34) to (10,34)  Track: 4  
 CHANY (9,35) to (9,36)  Track: 6  
  IPIN (9,36)  Pin: 3  
  SINK (9,36)  Class: 0  
  OPIN (9,35)  Pin: 4  
 CHANX (8,34) to (9,34)  Track: 7  
 CHANX (6,34) to (7,34)  Track: 7  
 CHANX (4,34) to (5,34)  Track: 7  
 CHANX (2,34) to (3,34)  Track: 7  
 CHANX (1,34)  Track: 7  
 CHANY (0,35) to (0,36)  Track: 0  
  IPIN (0,35)  Pad: 0  
  SINK (0,35)  Pad: 0  
  OPIN (9,35)  Pin: 4  
 CHANX (8,34) to (9,34)  Track: 3  
 CHANX (6,34) to (7,34)  Track: 3  
 CHANX (4,34) to (5,34)  Track: 3  
 CHANX (2,34) to (3,34)  Track: 3  
 CHANX (1,34)  Track: 3  
 CHANY (0,35) to (0,36)  Track: 4  
  IPIN (0,36)  Pad: 0  
  SINK (0,36)  Pad: 0  
 CHANX (8,34) to (9,34)  Track: 7  
 CHANY (7,35) to (7,36)  Track: 2  
 CHANX (6,36) to (7,36)  Track: 7  
  IPIN (7,36)  Pin: 2  
  SINK (7,36)  Class: 0  


Net 55 (porwd_n)

SOURCE (23,39)  Pad: 1  
  OPIN (23,39)  Pad: 1  
 CHANX (22,38) to (23,38)  Track: 11  
 CHANY (22,38)  Track: 11  
 CHANY (22,36) to (22,37)  Track: 11  
 CHANY (22,34) to (22,35)  Track: 11  
 CHANY (22,32) to (22,33)  Track: 11  
  IPIN (23,33)  Pin: 1  
  SINK (23,33)  Class: 0  


Net 56 (povacc)

SOURCE (13,39)  Pad: 1  
  OPIN (13,39)  Pad: 1  
 CHANX (12,38) to (13,38)  Track: 11  
  IPIN (12,39)  Pad: 0  
  SINK (12,39)  Pad: 0  


Net 57 (powl_n)

SOURCE (0,20)  Pad: 1  
  OPIN (0,20)  Pad: 1  
 CHANY (0,20) to (0,21)  Track: 2  
 CHANX (1,20)  Track: 2  
  IPIN (1,21)  Pin: 0  
  SINK (1,21)  Class: 0  
 CHANY (0,20) to (0,21)  Track: 2  
 CHANX (1,21) to (2,21)  Track: 2  
 CHANY (2,22) to (2,23)  Track: 2  
 CHANY (2,24) to (2,25)  Track: 2  
 CHANY (2,26) to (2,27)  Track: 2  
 CHANY (2,28) to (2,29)  Track: 2  
 CHANY (2,30) to (2,31)  Track: 2  
 CHANY (2,32) to (2,33)  Track: 2  
 CHANX (3,32) to (4,32)  Track: 0  
 CHANX (5,32) to (6,32)  Track: 0  
 CHANX (7,32) to (8,32)  Track: 0  
 CHANX (9,32) to (10,32)  Track: 0  
 CHANX (11,32) to (12,32)  Track: 0  
 CHANX (13,32) to (14,32)  Track: 0  
 CHANX (15,32) to (16,32)  Track: 0  
 CHANX (17,32) to (18,32)  Track: 0  
 CHANX (19,32) to (20,32)  Track: 0  
 CHANX (21,32) to (22,32)  Track: 0  
 CHANX (23,32) to (24,32)  Track: 0  
 CHANY (23,33) to (23,34)  Track: 2  
 CHANX (24,34) to (25,34)  Track: 6  
  IPIN (25,34)  Pin: 2  
  SINK (25,34)  Class: 0  
 CHANX (21,32) to (22,32)  Track: 0  
 CHANY (21,33) to (21,34)  Track: 2  
 CHANX (22,34) to (23,34)  Track: 6  
  IPIN (23,34)  Pin: 2  
  SINK (23,34)  Class: 0  
  OPIN (0,20)  Pad: 1  
 CHANY (0,19) to (0,20)  Track: 5  
 CHANX (1,19)  Track: 4  
 CHANX (2,19) to (3,19)  Track: 4  
 CHANX (4,19) to (5,19)  Track: 4  
 CHANX (6,19) to (7,19)  Track: 4  
 CHANX (8,19) to (9,19)  Track: 4  
 CHANX (10,19) to (11,19)  Track: 4  
 CHANX (12,19) to (13,19)  Track: 4  
 CHANX (14,19) to (15,19)  Track: 4  
 CHANX (16,19) to (17,19)  Track: 4  
 CHANX (18,19) to (19,19)  Track: 4  
 CHANX (20,19) to (21,19)  Track: 4  
 CHANX (22,19) to (23,19)  Track: 4  
 CHANX (24,19) to (25,19)  Track: 4  
 CHANX (26,19) to (27,19)  Track: 4  
 CHANX (28,19) to (29,19)  Track: 4  
 CHANX (30,19) to (31,19)  Track: 4  
 CHANX (32,19) to (33,19)  Track: 4  
 CHANX (34,19) to (35,19)  Track: 4  
 CHANX (36,19) to (37,19)  Track: 4  
  IPIN (37,19)  Pin: 2  
  SINK (37,19)  Class: 0  
 CHANX (36,19) to (37,19)  Track: 4  
 CHANY (37,18) to (37,19)  Track: 1  
 CHANX (38,17)  Track: 4  
 CHANY (38,16) to (38,17)  Track: 11  
  IPIN (39,17)  Pad: 0  
  SINK (39,17)  Pad: 0  
 CHANY (0,19) to (0,20)  Track: 5  
 CHANX (1,18) to (2,18)  Track: 4  
 CHANY (1,17) to (1,18)  Track: 7  
  IPIN (1,18)  Pin: 3  
  SINK (1,18)  Class: 0  
 CHANY (0,19) to (0,20)  Track: 5  
 CHANY (0,17) to (0,18)  Track: 5  
 CHANY (0,15) to (0,16)  Track: 5  
 CHANY (0,13) to (0,14)  Track: 5  
 CHANX (1,13)  Track: 4  
 CHANY (1,12) to (1,13)  Track: 1  
 CHANX (1,11)  Track: 1  
 CHANY (0,10) to (0,11)  Track: 3  
 CHANY (0,8) to (0,9)  Track: 3  
 CHANY (0,6) to (0,7)  Track: 3  
 CHANY (0,4) to (0,5)  Track: 3  
 CHANY (0,2) to (0,3)  Track: 3  
  IPIN (0,2)  Pad: 0  
  SINK (0,2)  Pad: 0  
 CHANY (0,8) to (0,9)  Track: 3  
  IPIN (0,8)  Pad: 0  
  SINK (0,8)  Pad: 0  
 CHANY (0,13) to (0,14)  Track: 5  
 CHANX (1,12) to (2,12)  Track: 4  
 CHANY (2,11) to (2,12)  Track: 1  
 CHANX (1,10) to (2,10)  Track: 1  
 CHANY (0,9) to (0,10)  Track: 1  
 CHANY (0,7) to (0,8)  Track: 1  
  IPIN (0,7)  Pad: 0  
  SINK (0,7)  Pad: 0  
 CHANY (0,4) to (0,5)  Track: 3  
  IPIN (0,4)  Pad: 0  
  SINK (0,4)  Pad: 0  
 CHANY (0,10) to (0,11)  Track: 3  
  IPIN (0,10)  Pad: 0  
  SINK (0,10)  Pad: 0  
 CHANY (2,11) to (2,12)  Track: 1  
 CHANY (2,9) to (2,10)  Track: 1  
 CHANY (2,7) to (2,8)  Track: 1  
 CHANY (2,5) to (2,6)  Track: 1  
 CHANY (2,3) to (2,4)  Track: 1  
 CHANX (3,2) to (4,2)  Track: 4  
 CHANX (5,2) to (6,2)  Track: 4  
 CHANX (7,2) to (8,2)  Track: 4  
 CHANY (7,1) to (7,2)  Track: 7  
 CHANX (8,0) to (9,0)  Track: 2  
  IPIN (8,0)  Pad: 0  
  SINK (8,0)  Pad: 0  
 CHANX (1,10) to (2,10)  Track: 1  
 CHANY (0,11) to (0,12)  Track: 0  
  IPIN (0,11)  Pad: 0  
  SINK (0,11)  Pad: 0  
 CHANX (17,32) to (18,32)  Track: 0  
 CHANY (18,33) to (18,34)  Track: 0  
 CHANY (18,35) to (18,36)  Track: 0  
 CHANX (19,36) to (20,36)  Track: 4  
 CHANY (19,37) to (19,38)  Track: 6  
 CHANX (20,38) to (21,38)  Track: 2  
  IPIN (21,39)  Pad: 0  
  SINK (21,39)  Pad: 0  
 CHANY (2,32) to (2,33)  Track: 2  
 CHANY (2,34) to (2,35)  Track: 2  
 CHANY (2,36) to (2,37)  Track: 2  
 CHANX (1,37) to (2,37)  Track: 7  
 CHANY (0,38)  Track: 2  
  IPIN (0,38)  Pad: 0  
  SINK (0,38)  Pad: 0  
 CHANX (7,2) to (8,2)  Track: 4  
 CHANX (9,2) to (10,2)  Track: 4  
 CHANX (11,2) to (12,2)  Track: 4  
 CHANX (13,2) to (14,2)  Track: 4  
 CHANY (14,1) to (14,2)  Track: 1  
 CHANX (15,0) to (16,0)  Track: 0  
 CHANX (17,0) to (18,0)  Track: 0  
 CHANX (19,0) to (20,0)  Track: 0  
  IPIN (19,0)  Pad: 0  
  SINK (19,0)  Pad: 0  
 CHANY (0,7) to (0,8)  Track: 1  
 CHANY (0,5) to (0,6)  Track: 1  
 CHANY (0,3) to (0,4)  Track: 1  
  IPIN (0,3)  Pad: 0  
  SINK (0,3)  Pad: 0  
 CHANX (1,37) to (2,37)  Track: 7  
 CHANY (1,38)  Track: 4  
 CHANX (2,38) to (3,38)  Track: 10  
  IPIN (2,39)  Pad: 0  
  SINK (2,39)  Pad: 0  
 CHANY (1,12) to (1,13)  Track: 1  
 CHANY (1,10) to (1,11)  Track: 1  
 CHANY (1,8) to (1,9)  Track: 1  
 CHANY (1,6) to (1,7)  Track: 1  
 CHANY (1,4) to (1,5)  Track: 1  
 CHANY (1,2) to (1,3)  Track: 1  
 CHANY (1,1)  Track: 1  
 CHANX (2,0) to (3,0)  Track: 2  
  IPIN (2,0)  Pad: 0  
  SINK (2,0)  Pad: 0  
 CHANY (2,3) to (2,4)  Track: 1  
 CHANY (2,1) to (2,2)  Track: 1  
 CHANX (3,0) to (4,0)  Track: 0  
  IPIN (3,0)  Pad: 0  
  SINK (3,0)  Pad: 0  
 CHANX (7,32) to (8,32)  Track: 0  
 CHANY (8,33) to (8,34)  Track: 0  
 CHANY (8,35) to (8,36)  Track: 0  
 CHANX (9,36) to (10,36)  Track: 4  
 CHANY (9,37) to (9,38)  Track: 6  
 CHANX (10,38) to (11,38)  Track: 2  
  IPIN (11,39)  Pad: 0  
  SINK (11,39)  Pad: 0  
 CHANX (5,2) to (6,2)  Track: 4  
 CHANY (6,1) to (6,2)  Track: 1  
 CHANX (7,0) to (8,0)  Track: 0  
  IPIN (7,0)  Pad: 0  
  SINK (7,0)  Pad: 0  
 CHANX (10,38) to (11,38)  Track: 2  
 CHANX (12,38) to (13,38)  Track: 2  
 CHANX (14,38) to (15,38)  Track: 2  
  IPIN (15,39)  Pad: 0  
  SINK (15,39)  Pad: 0  
 CHANX (1,21) to (2,21)  Track: 2  
 CHANY (1,22) to (1,23)  Track: 0  
 CHANY (1,24) to (1,25)  Track: 0  
 CHANY (1,26) to (1,27)  Track: 0  
 CHANY (1,28) to (1,29)  Track: 0  
 CHANX (1,28)  Track: 3  
 CHANY (0,29) to (0,30)  Track: 4  
  IPIN (0,30)  Pad: 0  
  SINK (0,30)  Pad: 0  
 CHANX (3,2) to (4,2)  Track: 4  
 CHANY (3,1) to (3,2)  Track: 7  
 CHANX (4,0) to (5,0)  Track: 2  
  IPIN (4,0)  Pad: 0  
  SINK (4,0)  Pad: 0  
 CHANY (0,9) to (0,10)  Track: 1  
  IPIN (0,9)  Pad: 0  
  SINK (0,9)  Pad: 0  
 CHANY (2,36) to (2,37)  Track: 2  
 CHANX (1,36) to (2,36)  Track: 1  
 CHANY (0,37) to (0,38)  Track: 0  
  IPIN (0,37)  Pad: 0  
  SINK (0,37)  Pad: 0  
 CHANX (34,19) to (35,19)  Track: 4  
 CHANY (35,20) to (35,21)  Track: 8  
 CHANY (35,22) to (35,23)  Track: 8  
 CHANY (35,24) to (35,25)  Track: 8  
 CHANY (35,26) to (35,27)  Track: 8  
 CHANY (35,28) to (35,29)  Track: 8  
 CHANX (36,28) to (37,28)  Track: 10  
 CHANY (37,29) to (37,30)  Track: 6  
  IPIN (37,30)  Pin: 3  
  SINK (37,30)  Class: 0  
 CHANX (34,19) to (35,19)  Track: 4  
 CHANY (35,18) to (35,19)  Track: 1  
 CHANX (36,17) to (37,17)  Track: 4  
 CHANY (36,16) to (36,17)  Track: 7  
 CHANX (37,15) to (38,15)  Track: 10  
 CHANY (37,14) to (37,15)  Track: 9  
  IPIN (38,15)  Pin: 1  
  SINK (38,15)  Class: 0  
 CHANY (2,26) to (2,27)  Track: 2  
 CHANX (3,27) to (4,27)  Track: 6  
 CHANX (5,27) to (6,27)  Track: 6  
 CHANX (7,27) to (8,27)  Track: 6  
  IPIN (8,27)  Pin: 2  
  SINK (8,27)  Class: 0  
 CHANY (0,13) to (0,14)  Track: 5  
  IPIN (1,13)  Pin: 1  
  SINK (1,13)  Class: 0  


Net 58 (ppluto1)

SOURCE (39,11)  Pad: 1  
  OPIN (39,11)  Pad: 1  
 CHANY (38,10) to (38,11)  Track: 7  
  IPIN (39,10)  Pad: 0  
  SINK (39,10)  Pad: 0  


Net 59 (ppluto2)

SOURCE (13,0)  Pad: 1  
  OPIN (13,0)  Pad: 1  
 CHANX (13,0) to (14,0)  Track: 4  
  IPIN (14,0)  Pad: 0  
  SINK (14,0)  Pad: 0  


Net 60 (ppluto3)

SOURCE (26,0)  Pad: 1  
  OPIN (26,0)  Pad: 1  
 CHANX (26,0) to (27,0)  Track: 6  
  IPIN (27,0)  Pad: 0  
  SINK (27,0)  Pad: 0  


Net 61 (pstar0)

SOURCE (39,13)  Pad: 1  
  OPIN (39,13)  Pad: 1  
 CHANY (38,12) to (38,13)  Track: 3  
  IPIN (38,12)  Pin: 3  
  SINK (38,12)  Class: 0  
  OPIN (39,13)  Pad: 1  
 CHANY (38,13) to (38,14)  Track: 0  
 CHANX (37,14) to (38,14)  Track: 1  
  IPIN (38,15)  Pin: 0  
  SINK (38,15)  Class: 0  


Net 62 (pstar1)

SOURCE (39,21)  Pad: 1  
  OPIN (39,21)  Pad: 1  
 CHANY (38,21) to (38,22)  Track: 0  
  IPIN (38,21)  Pin: 3  
  SINK (38,21)  Class: 0  


Net 63 (pstar2)

SOURCE (39,22)  Pad: 1  
  OPIN (39,22)  Pad: 1  
 CHANY (38,22) to (38,23)  Track: 2  
 CHANX (37,23) to (38,23)  Track: 3  
 CHANY (37,22) to (37,23)  Track: 1  
 CHANX (38,22)  Track: 2  
 CHANY (38,23) to (38,24)  Track: 4  
  IPIN (39,23)  Pad: 0  
  SINK (39,23)  Pad: 0  
  OPIN (39,22)  Pad: 1  
 CHANY (38,22) to (38,23)  Track: 6  
 CHANX (38,22)  Track: 7  
 CHANX (36,22) to (37,22)  Track: 7  
  IPIN (37,22)  Pin: 2  
  SINK (37,22)  Class: 0  


Net 64 (pstar3)

SOURCE (39,29)  Pad: 1  
  OPIN (39,29)  Pad: 1  
 CHANY (38,28) to (38,29)  Track: 11  
 CHANY (38,26) to (38,27)  Track: 11  
  IPIN (39,27)  Pad: 0  
  SINK (39,27)  Pad: 0  
  OPIN (39,29)  Pad: 1  
 CHANY (38,28) to (38,29)  Track: 7  
 CHANX (37,27) to (38,27)  Track: 7  
  IPIN (38,27)  Pin: 2  
  SINK (38,27)  Class: 0  
  OPIN (39,29)  Pad: 1  
 CHANY (38,28) to (38,29)  Track: 3  
  IPIN (38,28)  Pin: 3  
  SINK (38,28)  Class: 0  


Net 65 (pvacc)

SOURCE (17,0)  Pad: 1  
  OPIN (17,0)  Pad: 1  
 CHANX (17,0) to (18,0)  Track: 4  
  IPIN (18,0)  Pad: 0  
  SINK (18,0)  Pad: 0  


Net 66 (pverr_n)

SOURCE (29,0)  Pad: 1  
  OPIN (29,0)  Pad: 1  
 CHANX (28,0) to (29,0)  Track: 3  
  IPIN (28,0)  Pad: 0  
  SINK (28,0)  Pad: 0  


Net 67 (pvlenesr)

SOURCE (39,33)  Pad: 1  
  OPIN (39,33)  Pad: 1  
 CHANY (38,33) to (38,34)  Track: 8  
  IPIN (39,34)  Pad: 0  
  SINK (39,34)  Pad: 0  


Net 68 (pvst0)

SOURCE (0,14)  Pad: 1  
  OPIN (0,14)  Pad: 1  
 CHANY (0,13) to (0,14)  Track: 1  
 CHANX (1,13)  Track: 0  
  IPIN (1,14)  Pin: 0  
  SINK (1,14)  Class: 0  


Net 69 (pvst1)

SOURCE (36,39)  Pad: 1  
  OPIN (36,39)  Pad: 1  
 CHANX (36,38) to (37,38)  Track: 10  
 CHANX (38,38)  Track: 10  
 CHANY (38,37) to (38,38)  Track: 9  
  IPIN (39,38)  Pad: 0  
  SINK (39,38)  Pad: 0  
  OPIN (36,39)  Pad: 1  
 CHANX (36,38) to (37,38)  Track: 2  
  IPIN (37,39)  Pad: 0  
  SINK (37,39)  Pad: 0  
 CHANX (38,38)  Track: 10  
  IPIN (38,39)  Pad: 0  
  SINK (38,39)  Pad: 0  
  OPIN (36,39)  Pad: 1  
 CHANX (35,38) to (36,38)  Track: 5  
 CHANY (34,37) to (34,38)  Track: 5  
  IPIN (35,37)  Pin: 1  
  SINK (35,37)  Class: 0  


Net 70 (pvsumesr)

SOURCE (39,2)  Pad: 1  
  OPIN (39,2)  Pad: 1  
 CHANY (38,1) to (38,2)  Track: 5  
  IPIN (39,1)  Pad: 0  
  SINK (39,1)  Pad: 0  


Net 71 (pwatch)

SOURCE (22,39)  Pad: 1  
  OPIN (22,39)  Pad: 1  
 CHANX (21,38) to (22,38)  Track: 1  
 CHANX (19,38) to (20,38)  Track: 1  
  IPIN (20,39)  Pad: 0  
  SINK (20,39)  Pad: 0  
  OPIN (22,39)  Pad: 1  
 CHANX (21,38) to (22,38)  Track: 9  
 CHANX (19,38) to (20,38)  Track: 9  
 CHANX (17,38) to (18,38)  Track: 9  
  IPIN (17,39)  Pad: 0  
  SINK (17,39)  Pad: 0  
 CHANX (19,38) to (20,38)  Track: 1  
 CHANX (17,38) to (18,38)  Track: 1  
 CHANX (15,38) to (16,38)  Track: 1  
 CHANX (13,38) to (14,38)  Track: 1  
  IPIN (14,39)  Pad: 0  
  SINK (14,39)  Pad: 0  
 CHANX (13,38) to (14,38)  Track: 1  
 CHANY (12,37) to (12,38)  Track: 1  
 CHANX (11,36) to (12,36)  Track: 1  
 CHANX (9,36) to (10,36)  Track: 1  
 CHANY (8,35) to (8,36)  Track: 5  
 CHANX (7,34) to (8,34)  Track: 9  
 CHANX (5,34) to (6,34)  Track: 9  
 CHANX (3,34) to (4,34)  Track: 9  
 CHANX (1,34) to (2,34)  Track: 9  
 CHANY (0,33) to (0,34)  Track: 5  
  IPIN (0,34)  Pad: 0  
  SINK (0,34)  Pad: 0  
 CHANY (12,37) to (12,38)  Track: 1  
 CHANX (11,37) to (12,37)  Track: 3  
 CHANX (9,37) to (10,37)  Track: 3  
 CHANX (7,37) to (8,37)  Track: 3  
 CHANX (5,37) to (6,37)  Track: 3  
 CHANX (3,37) to (4,37)  Track: 3  
 CHANY (2,38)  Track: 10  
 CHANX (3,38) to (4,38)  Track: 8  
  IPIN (3,39)  Pad: 0  
  SINK (3,39)  Pad: 0  
 CHANX (9,36) to (10,36)  Track: 1  
 CHANY (9,35) to (9,36)  Track: 3  
  IPIN (9,35)  Pin: 3  
  SINK (9,35)  Class: 0  
 CHANX (11,36) to (12,36)  Track: 1  
 CHANY (10,35) to (10,36)  Track: 5  
  IPIN (10,36)  Pin: 3  
  SINK (10,36)  Class: 0  
  OPIN (22,39)  Pad: 1  
 CHANX (22,38) to (23,38)  Track: 2  
 CHANY (23,37) to (23,38)  Track: 3  
 CHANY (23,35) to (23,36)  Track: 3  
 CHANY (23,33) to (23,34)  Track: 3  
 CHANX (22,32) to (23,32)  Track: 3  
  IPIN (23,33)  Pin: 0  
  SINK (23,33)  Class: 0  
 CHANX (15,38) to (16,38)  Track: 1  
  IPIN (16,39)  Pad: 0  
  SINK (16,39)  Pad: 0  
