
VPR FPGA Placement and Routing.
Version: Version 5.0.2
Compiled: Dec 11 2020.
Original VPR by V. Betz.
Timing-driven placement enhancements by A. Marquardt.
Single-drivers enhancements by Andy Ye with additions by.
Mark Fang, Jason Luu, Ted Campbell
Heterogeneous stucture support by Jason Luu and Ted Campbell.
This code is licensed only for non-commercial use.

Auto-sizing FPGA, try x = 14 y = 14
Auto-sizing FPGA, try x = 28 y = 28
Auto-sizing FPGA, try x = 56 y = 56
Auto-sizing FPGA, try x = 28 y = 28
Auto-sizing FPGA, try x = 42 y = 42
Auto-sizing FPGA, try x = 35 y = 35
Auto-sizing FPGA, try x = 38 y = 38
Auto-sizing FPGA, try x = 36 y = 36
Auto-sizing FPGA, try x = 37 y = 37
Auto-sizing FPGA, try x = 37 y = 37
FPGA auto-sized to, x = 38 y = 38

Resource Usage:
Netlist      0	blocks of type <EMPTY>
Architecture 4	blocks of type <EMPTY>
Netlist      152	blocks of type .io
Architecture 152	blocks of type .io
Netlist      32	blocks of type .clb
Architecture 1444	blocks of type .clb

Timing analysis: ON

Operation:  PLACE_AND_ROUTE

PlacerOpts.place_freq:  PLACE_ONCE
PlacerOpts.place_algorithm:  PATH_TIMING_DRIVEN_PLACE
PlacerOpts.place_cost_type:  LINEAR_CONG
PlacerOpts.pad_loc_type:  FREE
PlacerOpts.place_cost_exp:  1.000000
PlacerOpts.place_chan_width:  100
PlacerOpts.inner_loop_recompute_divider:  0
PlacerOpts.recompute_crit_iter:  1
PlacerOpts.timing_tradeoff:  0.500000
PlacerOpts.td_place_exp_first:  1.000000
PlacerOpts.td_place_exp_last:  8.000000
PlaceOpts.seed:  1
AnnealSched.type:  AUTO_SCHED
AnnealSched.inner_num:  1.000000

RouterOpts.route_type:  DETAILED
RouterOpts.router_algorithm:  TIMING_DRIVEN
RouterOpts.base_cost_type:  DELAY_NORMALIZED
RouterOpts.fixed_channel_width:  NO_FIXED_CHANNEL_WIDTH
RouterOpts.acc_fac:  1.000000
RouterOpts.bb_factor:  0
RouterOpts.bend_cost:  0.000000
RouterOpts.first_iter_pres_fac:  10000.000000
RouterOpts.initial_pres_fac:  10000.000000
RouterOpts.pres_fac_mult:  1.300000
RouterOpts.max_router_iterations:  10
RouterOpts.astar_fac:  1.200000
RouterOpts.criticality_exp:  1.000000
RouterOpts.max_criticality:  0.990000

RoutingArch.directionality:  UNI_DIRECTIONAL
RoutingArch.switch_block_type:  WILTON
RoutingArch.Fs:  3

The circuit will be mapped into a 38 x 38 array of clbs.

Netlist num_nets:  72
Netlist num_blocks:  184
Netlist inputs pins:  40
Netlist output pins:  112

Computing delta_io_to_io lookup matrix, may take a few seconds, please wait...
Computing delta_io_to_fb lookup matrix, may take a few seconds, please wait...
Computing delta_fb_to_io lookup matrix, may take a few seconds, please wait...
Computing delta_fb_to_fb lookup matrix, may take a few seconds, please wait...

There are 179 point to point connections in this circuit

Initial Placement Cost: 1.04245 bb_cost: 36.2129 td_cost: 1.06547e-07 delay_cost: 3.61898e-07

          T        Cost Av. BB Cost  Av. TD Cost   Av Tot Del  P to P Del        d_max   Ac Rate  Std Dev  R limit      Exp  Tot. Moves    Alpha
   --------  ---------- -----------  -----------    ---------  ----------        -----   -------  -------  -------  -------  ----------    -----
    0.47358    0.943215     34.9017  1.42433e-07  3.59144e-07 2.02178e-09   1.172e-08    0.9981    0.038       38        1        1046      0.5
    0.23679    0.980019     34.9531  1.22135e-07  3.58569e-07 1.94788e-09   1.348e-08    0.9971   0.0306       38        1        2092      0.5
    0.11839    0.903737     35.3167   1.3421e-07  3.59787e-07 2.12824e-09   1.335e-08    0.9943   0.0235       38        1        3138      0.5
   0.059197    0.920624     34.9763  1.28558e-07  3.57053e-07   2.167e-09   1.367e-08    0.9637   0.0255       38        1        4184      0.5
   0.029599    0.944158     33.3798  1.46289e-07   3.4525e-07 1.97266e-09   1.006e-08    0.9379   0.0227       38        1        5230      0.9
   0.026639    0.976631     33.9412  1.16931e-07  3.43511e-07 1.87135e-09   1.267e-08    0.9321   0.0346       38        1        6276      0.9
   0.023975    0.991165     33.7242   1.4755e-07  3.46907e-07 1.93456e-09   9.754e-09    0.9149    0.037       38        1        7322      0.9
   0.021577    0.919022     34.1718  1.27182e-07  3.48535e-07  2.0397e-09   1.285e-08    0.9187   0.0351       38        1        8368      0.9
    0.01942    0.916125     32.8112  1.37798e-07  3.35491e-07 1.93652e-09   1.107e-08    0.8872   0.0247       38        1        9414      0.9
   0.017478     1.00691     34.1082  1.40156e-07  3.49363e-07 1.90221e-09   1.068e-08    0.8977   0.0291       38        1       10460      0.9
    0.01573    0.908657     33.2017  1.26588e-07  3.40315e-07 1.96838e-09   1.223e-08    0.9006   0.0373       38        1       11506      0.9
   0.014157    0.944509     32.7659  1.38989e-07  3.39516e-07 1.85987e-09   1.026e-08    0.8728   0.0307       38        1       12552      0.9
   0.012741     0.97468     32.0976  1.32599e-07  3.31152e-07 1.84139e-09   1.048e-08     0.805   0.0281       38        1       13598      0.9
   0.011467    0.960737     32.1636  1.21374e-07  3.37623e-07 1.89801e-09   1.202e-08    0.7945   0.0233       38        1       14644     0.95
   0.010894    0.968472     31.4484  1.05359e-07  3.18646e-07 1.78081e-09   1.304e-08    0.7945   0.0293       38        1       15690     0.95
   0.010349    0.981385      31.822  1.13434e-07  3.22599e-07  1.7881e-09   1.141e-08    0.7935   0.0271       38        1       16736     0.95
  0.0098316     1.02489     31.8847  1.26782e-07  3.29229e-07 1.80343e-09   1.057e-08    0.7706    0.037       38        1       17782     0.95
    0.00934    0.908165     32.5461  1.14063e-07  3.34508e-07 1.90363e-09   1.356e-08    0.8203   0.0387       38        1       18828      0.9
   0.008406     0.94649     31.3853  1.17166e-07  3.23057e-07 1.77406e-09   1.099e-08     0.762   0.0295       38        1       19874     0.95
  0.0079857    0.924271     30.3865  1.36521e-07  3.19585e-07 1.83122e-09   9.744e-09     0.739   0.0385       38        1       20920     0.95
  0.0075864     1.02992     30.7621  1.31112e-07  3.18885e-07 1.65339e-09   9.444e-09    0.7266   0.0347       38        1       21966     0.95
  0.0072071    0.907562     29.7302  1.16821e-07  3.15109e-07 1.83346e-09   1.161e-08    0.7457    0.031       38        1       23012     0.95
  0.0068468     1.00227     30.2113  1.28328e-07  3.20988e-07 1.73718e-09   9.426e-09    0.6922   0.0368       38        1       24058     0.95
  0.0065044    0.967474      29.734  1.15235e-07  3.11695e-07 1.70078e-09   1.089e-08    0.6702   0.0283       38        1       25104     0.95
  0.0061792    0.910238     28.4699  1.12255e-07  2.99554e-07 1.77425e-09   1.099e-08    0.6348   0.0207       38        1       26150     0.95
  0.0058702    0.932556     28.7459  1.19912e-07  3.04059e-07 1.77445e-09   9.736e-09    0.6367   0.0342       38        1       27196     0.95
  0.0055767    0.970153      29.087  1.25187e-07  3.03829e-07 1.65388e-09    9.03e-09    0.6319   0.0281       38        1       28242     0.95
  0.0052979     0.94594     28.0888  9.81054e-08   2.9479e-07 1.62744e-09    1.13e-08    0.6033   0.0448       38        1       29288     0.95
   0.005033    0.931645     28.3368  1.08251e-07  3.00259e-07 1.68514e-09   1.036e-08    0.5908   0.0339       38        1       30334     0.95
  0.0047813    0.920783     27.3314  1.06027e-07  2.89564e-07  1.6935e-09   1.047e-08     0.544   0.0424       38        1       31380     0.95
  0.0045423    0.946018     27.4043  1.23204e-07  3.00892e-07 1.74763e-09   9.134e-09    0.5717   0.0221       38        1       32426     0.95
  0.0043152    0.911482     26.0814  1.07951e-07  2.85461e-07 1.61592e-09   9.961e-09    0.5239   0.0416       38        1       33472     0.95
  0.0040994    0.948279     24.8936  1.04417e-07  2.74384e-07 1.49821e-09   8.927e-09    0.4694   0.0348       38        1       34518     0.95
  0.0038944    0.942988     23.7026  1.05965e-07    2.647e-07 1.46208e-09   8.306e-09    0.4044   0.0187       38        1       35564     0.95
  0.0036997    0.985887      24.624  9.54573e-08  2.73236e-07 1.46281e-09   7.883e-09    0.5679    0.026    36.65    1.256       36610     0.95
  0.0035147    0.956581     24.6717  1.12842e-07  2.70466e-07 1.51724e-09   8.203e-09    0.4455   0.0282       38        1       37656     0.95
   0.003339    0.898293     23.3549  9.82621e-08  2.49379e-07 1.48707e-09   8.711e-09    0.3776   0.0347       38        1       38702     0.95
   0.003172    0.951938     22.5704  6.95068e-08  2.56034e-07 1.40561e-09   9.134e-09    0.4981   0.0191    35.63    1.448       39748     0.95
  0.0030134    0.939013     21.9646   1.0418e-07  2.49578e-07 1.44065e-09   7.583e-09    0.4417   0.0364     37.7    1.057       40794     0.95
  0.0028628    0.937176     21.2114  9.41179e-08  2.37395e-07  1.3611e-09   7.572e-09    0.4149   0.0342    37.76    1.045       41840     0.95
  0.0027196    0.958481      21.315  8.90123e-08  2.40725e-07 1.30014e-09   7.262e-09     0.414   0.0403    36.82    1.224       42886     0.95
  0.0025836     0.96436     20.7829  6.97871e-08  2.37602e-07 1.28409e-09   7.798e-09    0.4187   0.0198    35.86    1.405       43932     0.95
  0.0024545     0.95174     19.9383   7.1244e-08  2.35904e-07 1.27944e-09   7.273e-09    0.4044   0.0287    35.09     1.55       44978     0.95
  0.0023317    0.889692     19.4298  4.00514e-08  2.39423e-07 1.28474e-09   9.539e-09    0.3824   0.0357    33.85    1.786       46024     0.95
  0.0022152    0.911604     19.1219  4.64006e-08  2.34157e-07 1.30178e-09   7.161e-09    0.3891   0.0369     31.9    2.155       47070     0.95
  0.0021044    0.899272     18.0119  3.35347e-08  2.27604e-07 1.28768e-09   7.583e-09    0.3862    0.041    30.27    2.462       48116     0.95
  0.0019992    0.912721     16.4562  4.12783e-08   2.0719e-07  1.1827e-09   6.226e-09    0.3413   0.0322    28.64     2.77       49162     0.95
  0.0018992    0.935344     15.7566  3.41712e-08  2.09474e-07 1.17321e-09   6.342e-09    0.3461   0.0291    25.82    3.305       50208     0.95
  0.0018043    0.923048     15.1305  2.46759e-08  2.05513e-07 1.14532e-09   6.235e-09    0.3757   0.0259    23.39    3.764       51254     0.95
   0.001714    0.918278     14.6496   3.2483e-08  1.98359e-07 1.13312e-09   5.825e-09    0.3776   0.0346    21.89    4.048       52300     0.95
  0.0016283    0.934269      14.085  2.20546e-08  1.86053e-07 1.06248e-09   5.823e-09    0.3614   0.0411    20.52    4.306       53346     0.95
  0.0015469    0.949907     12.9477  2.17923e-08  1.77695e-07 1.00621e-09   5.413e-09     0.326   0.0205    18.91    4.612       54392     0.95
  0.0014696    0.962408     12.6742  2.06017e-08  1.80224e-07 1.01136e-09   5.093e-09    0.3442     0.02    16.75    5.019       55438     0.95
  0.0013961    0.967181     12.1694  2.33653e-08  1.83435e-07 1.01474e-09   4.792e-09    0.3327   0.0131    15.15    5.323       56484     0.95
  0.0013263     0.96865     11.6543  2.41998e-08  1.75749e-07 1.01201e-09   4.697e-09    0.3585   0.0156    13.52    5.631       57530     0.95
    0.00126    0.945059     10.9741  1.80999e-08  1.66937e-07 9.41326e-10   4.783e-09    0.3384   0.0255    12.42    5.839       58576     0.95
   0.001197    0.977403     10.5778  1.55767e-08    1.604e-07 9.11045e-10   4.678e-09     0.347  0.00738    11.16    6.078       59622     0.95
  0.0011371    0.970481     10.4247  1.22061e-08  1.61521e-07 8.96587e-10   4.783e-09    0.3929   0.0139    10.12    6.274       60668     0.95
  0.0010803    0.965682     10.1409  1.17283e-08  1.57269e-07 9.32782e-10   4.885e-09    0.3384   0.0199    9.646    6.364       61714     0.95
  0.0010263    0.980788     9.87396  1.07069e-08  1.51562e-07 8.63512e-10   4.783e-09    0.3738  0.00788    8.666     6.55       62760     0.95
 0.00097495      0.9751     9.62631  9.26896e-09  1.50798e-07 8.35489e-10   4.791e-09    0.3604   0.0142    8.092    6.658       63806     0.95
  0.0009262    0.964607     9.14088  1.05355e-08  1.50163e-07 8.54775e-10   4.688e-09    0.3289   0.0126    7.448     6.78       64852     0.95
 0.00087989    0.993078     9.02128  8.81997e-09  1.49834e-07 8.45986e-10   4.688e-09    0.3967   0.0055    6.621    6.937       65898     0.95
  0.0008359    0.984673     8.79912  8.45587e-09  1.46684e-07 8.19305e-10   4.697e-09     0.348  0.00706    6.334    6.991       66944     0.95
  0.0007941    0.980507     8.54529  8.24743e-09  1.42895e-07 8.05161e-10   4.697e-09    0.4034   0.0124    5.752    7.101       67990     0.95
  0.0007544    0.999695     8.49199  8.65093e-09  1.39347e-07 7.84127e-10   4.586e-09    0.3547   0.0046    5.541    7.141       69036     0.95
 0.00071668    0.992062     8.29838  8.33501e-09  1.40823e-07 7.77743e-10   4.586e-09    0.3365  0.00583    5.069     7.23       70082     0.95
 0.00068084    0.984688     8.04231  8.59273e-09  1.38094e-07 7.83342e-10   4.586e-09    0.3623  0.00843    4.544     7.33       71128     0.95
  0.0006468    0.999333     8.06842  8.01759e-09  1.35977e-07 7.62508e-10   4.586e-09    0.3834  0.00362    4.191    7.396       72174     0.95
 0.00061446    0.993863     8.07574  7.64863e-09  1.36413e-07 7.63166e-10   4.586e-09    0.4618  0.00475    3.954    7.441       73220     0.95
 0.00058374     1.00156     7.99895  7.50551e-09  1.35188e-07 7.44554e-10   4.586e-09    0.3738  0.00417     4.04    7.425       74266     0.95
 0.00055455    0.992917     7.90355  8.17361e-09  1.34343e-07 7.63951e-10   4.586e-09    0.4293  0.00238    3.772    7.476       75312     0.95
 0.00052682    0.988238     7.84688  8.01824e-09  1.35353e-07 7.49039e-10   4.586e-09     0.414  0.00968    3.732    7.483       76358     0.95
 0.00050048    0.989908     7.78402  8.71898e-09  1.33239e-07  7.5462e-10   4.474e-09    0.3881  0.00527    3.635    7.502       77404     0.95
 0.00047546    0.993629     7.72445  9.13767e-09  1.33424e-07 7.30847e-10   4.379e-09    0.3604  0.00358    3.446    7.537       78450     0.95
 0.00045168    0.980173     7.65461  1.02166e-08  1.32216e-07 7.54541e-10   4.379e-09    0.3834   0.0115    3.172    7.589       79496     0.95
  0.0004291    0.990114     7.66051  1.02046e-08  1.30874e-07 7.25287e-10   4.379e-09     0.435    0.006    2.992    7.623       80542     0.95
 0.00040765    0.996063     7.58959  1.01639e-08  1.31437e-07 7.43267e-10   4.276e-09    0.3872  0.00235    2.977    7.626       81588     0.95
 0.00038726    0.996159      7.5775  9.16787e-09  1.30545e-07 7.38818e-10   4.276e-09    0.4264   0.0026     2.82    7.656       82634     0.95
  0.0003679    0.991755     7.53683  9.26925e-09  1.31191e-07 7.34547e-10   4.276e-09    0.4063   0.0024    2.782    7.663       83680     0.95
 0.00034951    0.996975     7.51553  9.05827e-09  1.32646e-07 7.37537e-10   4.276e-09    0.4149  0.00132    2.688    7.681       84726     0.95
 0.00033203    0.997218     7.50067  9.12218e-09  1.30832e-07 7.46065e-10   4.276e-09    0.3786  0.00206    2.621    7.693       85772     0.95
 0.00031543    0.992959     7.49544  9.71499e-09  1.32107e-07 7.22203e-10   4.276e-09    0.4054  0.00353     2.46    7.724       86818     0.95
 0.00029966      0.9748     7.46924  1.18424e-08  1.31163e-07 7.61597e-10   4.276e-09    0.4034   0.0112    2.374     7.74       87864     0.95
 0.00028467    0.982783      7.4495   9.9445e-09  1.30419e-07 7.18804e-10   4.276e-09    0.3853  0.00642    2.288    7.756       88910     0.95
 0.00027044    0.979636     7.41502  1.05888e-08  1.30295e-07  7.3888e-10   4.276e-09    0.3518  0.00953    2.162     7.78       89956     0.95
 0.00025692    0.997477     7.38917  8.72791e-09  1.30397e-07 7.30653e-10   4.276e-09    0.4273  0.00246    1.972    7.816       91002     0.95
 0.00024407     1.00028     7.34316  8.64673e-09  1.29991e-07 7.27269e-10   4.276e-09    0.4168 0.000687    1.947    7.821       92048     0.95
 0.00023187    0.999315     7.35648  8.85379e-09   1.2983e-07 7.26457e-10   4.276e-09    0.4159 0.000897    1.902    7.829       93094     0.95
 0.00022028    0.998232     7.37313  8.91865e-09   1.3045e-07 7.25404e-10   4.276e-09    0.4187  0.00115    1.856    7.838       94140     0.95
 0.00020926    0.999258     7.36692  8.71201e-09  1.29783e-07 7.33689e-10   4.276e-09    0.4426  0.00116    1.816    7.846       95186     0.95
  0.0001988    0.999882     7.34635  8.68121e-09  1.29844e-07 7.22141e-10   4.276e-09    0.3958  0.00067    1.821    7.845       96232     0.95
 0.00018886    0.998245     7.32819  8.91357e-09  1.29209e-07 7.23384e-10   4.276e-09    0.3967 0.000801    1.741     7.86       97278     0.95
 0.00017942     1.00131     7.35849  8.59977e-09  1.28519e-07 7.12582e-10   4.276e-09    0.4197 0.000597    1.665    7.874       98324     0.95
 0.00017044    0.999334     7.36579  8.57673e-09  1.27744e-07 7.17262e-10   4.276e-09    0.4254 0.000388    1.631    7.881       99370     0.95
 0.00016192    0.998122     7.33934  8.71352e-09   1.2878e-07 7.14757e-10   4.276e-09    0.3939  0.00106    1.608    7.885      100416     0.95
 0.00015383     1.00054     7.32938  8.51979e-09  1.28909e-07 7.20929e-10   4.276e-09    0.3776 0.000464    1.534    7.899      101462     0.95
 0.00014614    0.998975     7.33227  8.58479e-09  1.28653e-07 7.18902e-10   4.276e-09    0.3709 0.000537    1.438    7.917      102508     0.95
 0.00013883     0.99989     7.33413  8.59533e-09  1.29562e-07 7.24771e-10   4.276e-09    0.3929 0.000454    1.339    7.936      103554     0.95
 0.00013189    0.999981     7.32973   8.4027e-09  1.29025e-07 7.20246e-10   4.276e-09    0.3853 0.000256    1.276    7.948      104600     0.95
 0.00012529    0.999671     7.32235   8.5727e-09  1.29469e-07 7.17401e-10   4.276e-09     0.392  0.00021    1.206    7.961      105646     0.95
 0.00011903    0.999845     7.32027  8.44982e-09  1.29993e-07 7.28477e-10   4.276e-09    0.3862 0.000235    1.148    7.972      106692     0.95
 0.00011308    0.999727      7.3364  8.47445e-09  1.28668e-07 7.15602e-10   4.276e-09    0.3948 0.000202    1.086    7.984      107738     0.95
 0.00010742    0.999846     7.33517  8.42303e-09  1.28388e-07 7.19034e-10   4.276e-09    0.4092 0.000391    1.037    7.993      108784     0.95
 0.00010205    0.999807     7.31335  8.45041e-09  1.29835e-07 7.21464e-10   4.276e-09    0.3977 0.000204    1.005    7.999      109830     0.95
 9.6949e-05    0.999128      7.3401  8.77365e-09  1.29541e-07 7.28335e-10   4.276e-09    0.3939 0.000251        1        8      110876     0.95
 9.2102e-05    0.999691      7.3253  8.51456e-09  1.30113e-07 7.27546e-10   4.276e-09      0.37 0.000212        1        8      111922     0.95
 8.7497e-05    0.999303     7.31925  8.58378e-09  1.29814e-07 7.27107e-10   4.276e-09    0.3671 0.000256        1        8      112968     0.95
 8.3122e-05    0.999201     7.31308  8.42561e-09   1.2953e-07 7.24322e-10   4.276e-09    0.3939 0.000312        1        8      114014     0.95
 7.8966e-05    0.999802     7.31824   8.4733e-09  1.29286e-07 7.19305e-10   4.276e-09    0.3901 0.000123        1        8      115060     0.95
 7.5017e-05    0.999558     7.31831  8.52259e-09  1.29239e-07  7.2643e-10   4.276e-09     0.413 0.000151        1        8      116106     0.95
 7.1266e-05    0.999096     7.31275  8.60378e-09  1.29339e-07  7.2614e-10   4.276e-09     0.369 0.000266        1        8      117152     0.95
          0    0.998152     7.31755  8.54834e-09  1.28336e-07  7.2319e-10   4.276e-09    0.1587 0.000306        1        8      118198  

BB estimate of min-dist (placement) wirelength is ;732
bb_cost recomputed from scratch is 7.32429.
timing_cost recomputed from scratch is 8.53437e-09. 
delay_cost recomputed from scratch is 1.27774e-07. 

Completed placement consistency check successfully.

Placement Estimated Crit Path Delay: 4.27556e-09

Placement. Cost: 0.997797  bb_cost: 7.32429  td_cost: 8.53437e-09  delay_cost: 1.27774e-07.
low, high, current -1 -1 6
Confirming Router Algorithm: TIMING_DRIVEN.
Empty heap occurred in get_heap_head.
Some blocks are impossible to connect in this architecture.
Routing failed.
low, high, current 6 -1 12
Confirming Router Algorithm: TIMING_DRIVEN.
Successfully routed after 1 routing iterations.
Completed net delay value cross check successfully.
low, high, current 6 12 10
Warning (check_all_tracks_reach_pins):  track 8 does not 
	connect to any FB IPINs.
Warning (check_all_tracks_reach_pins):  track 9 does not 
	connect to any FB IPINs.
Warning (check_all_tracks_reach_pins):  track 8 does not 
	connect to any FB IPINs.
Warning (check_all_tracks_reach_pins):  track 9 does not 
	connect to any FB IPINs.
Confirming Router Algorithm: TIMING_DRIVEN.
Empty heap occurred in get_heap_head.
Some blocks are impossible to connect in this architecture.
Routing failed.

Checking to ensure routing is legal ...
Completed routing consistency check successfully.

Serial number (magic cookie) for the routing is: 15376567
Best routing used a channel width factor of 12.


Average number of bends per net: 2.77778  Maximum # of bends: 60


The number of routed nets (nonglobal): 72
Wirelength results (all in units of 1 clb segments):
	Total wirelength: 1065   Average net length: 14.7917
	Maximum net length: 267

Wirelength results in terms of physical segments:
	Total wiring segments used: 564   Av. wire segments per net: 7.83333
	Maximum segments used by a net: 138


X - Directed channels:

j	max occ	av_occ		capacity
0	5	1.89474  	12
1	1	0.0526316	12
2	1	0.315789 	12
3	0	0.00000  	12
4	0	0.00000  	12
5	0	0.00000  	12
6	0	0.00000  	12
7	0	0.00000  	12
8	0	0.00000  	12
9	0	0.00000  	12
10	1	0.0526316	12
11	1	0.0526316	12
12	3	0.105263 	12
13	5	0.131579 	12
14	2	0.105263 	12
15	1	0.0526316	12
16	0	0.00000  	12
17	2	0.131579 	12
18	2	0.210526 	12
19	2	1.00000  	12
20	5	0.394737 	12
21	5	0.342105 	12
22	3	0.315789 	12
23	1	0.0789474	12
24	1	0.0263158	12
25	1	0.0263158	12
26	2	0.894737 	12
27	3	0.289474 	12
28	2	0.157895 	12
29	1	0.0526316	12
30	2	0.131579 	12
31	1	0.105263 	12
32	5	1.00000  	12
33	3	1.18421  	12
34	4	0.894737 	12
35	3	0.289474 	12
36	3	0.894737 	12
37	2	0.368421 	12
38	5	2.47368  	12

Y - Directed channels:

i	max occ	av_occ		capacity
0	7	3.39474  	12
1	3	1.26316  	12
2	3	0.921053 	12
3	1	0.0526316	12
4	1	0.473684 	12
5	2	0.157895 	12
6	1	0.105263 	12
7	3	0.500000 	12
8	4	0.552632 	12
9	3	0.236842 	12
10	1	0.0526316	12
11	0	0.00000  	12
12	1	0.0526316	12
13	0	0.00000  	12
14	1	0.0526316	12
15	0	0.00000  	12
16	0	0.00000  	12
17	0	0.00000  	12
18	1	0.105263 	12
19	1	0.0526316	12
20	0	0.00000  	12
21	1	0.0526316	12
22	2	0.236842 	12
23	3	0.289474 	12
24	2	0.236842 	12
25	1	0.0526316	12
26	1	0.131579 	12
27	0	0.00000  	12
28	1	0.131579 	12
29	1	0.0526316	12
30	1	0.131579 	12
31	0	0.00000  	12
32	1	0.0526316	12
33	1	0.0263158	12
34	1	0.0526316	12
35	2	0.473684 	12
36	2	0.473684 	12
37	3	0.631579 	12
38	7	3.00000  	12

Total Tracks in X-direction: 468  in Y-direction: 468

Logic Area (in minimum width transistor areas):
Total Logic Area: 4.332e+07  Per 1x1 logic tile: 30000

Routing area (in minimum width transistor areas):
Total Routing Area: 2.23669e+06  Per logic tile: 1548.96

Segment usage by type (index):
Segment type       Fractional utilization
------------       ----------------------
       0                  0.0309

Segment usage by length:
Segment length       Fractional utilization
--------------       ----------------------
        2                   0.0309

Critical Path: 4.79634e-09 (s)

Time elapsed (PLACE&ROUTE): 412.933000 ms


Time elapsed (Fernando): 412.938000 ms

