
VPR FPGA Placement and Routing.
Version: Version 5.0.2
Compiled: Dec 11 2020.
Original VPR by V. Betz.
Timing-driven placement enhancements by A. Marquardt.
Single-drivers enhancements by Andy Ye with additions by.
Mark Fang, Jason Luu, Ted Campbell
Heterogeneous stucture support by Jason Luu and Ted Campbell.
This code is licensed only for non-commercial use.

Auto-sizing FPGA, try x = 109 y = 109
Auto-sizing FPGA, try x = 218 y = 218
Auto-sizing FPGA, try x = 109 y = 109
Auto-sizing FPGA, try x = 163 y = 163
Auto-sizing FPGA, try x = 190 y = 190
Auto-sizing FPGA, try x = 176 y = 176
Auto-sizing FPGA, try x = 169 y = 169
Auto-sizing FPGA, try x = 166 y = 166
Auto-sizing FPGA, try x = 167 y = 167
Auto-sizing FPGA, try x = 168 y = 168
Auto-sizing FPGA, try x = 167 y = 167
FPGA auto-sized to, x = 168 y = 168

Resource Usage:
Netlist      0	blocks of type <EMPTY>
Architecture 4	blocks of type <EMPTY>
Netlist      672	blocks of type .io
Architecture 672	blocks of type .io
Netlist      11295	blocks of type .clb
Architecture 28224	blocks of type .clb

Timing analysis: ON

Operation:  PLACE_AND_ROUTE

PlacerOpts.place_freq:  PLACE_ONCE
PlacerOpts.place_algorithm:  PATH_TIMING_DRIVEN_PLACE
PlacerOpts.place_cost_type:  LINEAR_CONG
PlacerOpts.pad_loc_type:  FREE
PlacerOpts.place_cost_exp:  1.000000
PlacerOpts.place_chan_width:  100
PlacerOpts.inner_loop_recompute_divider:  0
PlacerOpts.recompute_crit_iter:  1
PlacerOpts.timing_tradeoff:  0.500000
PlacerOpts.td_place_exp_first:  1.000000
PlacerOpts.td_place_exp_last:  8.000000
PlaceOpts.seed:  1
AnnealSched.type:  AUTO_SCHED
AnnealSched.inner_num:  1.000000

RouterOpts.route_type:  DETAILED
RouterOpts.router_algorithm:  TIMING_DRIVEN
RouterOpts.base_cost_type:  DELAY_NORMALIZED
RouterOpts.fixed_channel_width:  NO_FIXED_CHANNEL_WIDTH
RouterOpts.acc_fac:  1.000000
RouterOpts.bb_factor:  0
RouterOpts.bend_cost:  0.000000
RouterOpts.first_iter_pres_fac:  10000.000000
RouterOpts.initial_pres_fac:  10000.000000
RouterOpts.pres_fac_mult:  1.300000
RouterOpts.max_router_iterations:  10
RouterOpts.astar_fac:  1.200000
RouterOpts.criticality_exp:  1.000000
RouterOpts.max_criticality:  0.990000

RoutingArch.directionality:  UNI_DIRECTIONAL
RoutingArch.switch_block_type:  WILTON
RoutingArch.Fs:  3

The circuit will be mapped into a 168 x 168 array of clbs.

Netlist num_nets:  11423
Netlist num_blocks:  11967
Netlist inputs pins:  128
Netlist output pins:  544

Computing delta_io_to_io lookup matrix, may take a few seconds, please wait...
Computing delta_io_to_fb lookup matrix, may take a few seconds, please wait...
Computing delta_fb_to_io lookup matrix, may take a few seconds, please wait...
Computing delta_fb_to_fb lookup matrix, may take a few seconds, please wait...

There are 11839 point to point connections in this circuit

Initial Placement Cost: 0.994518 bb_cost: 13355 td_cost: 6.55039e-05 delay_cost: 7.35657e-05

          T        Cost Av. BB Cost  Av. TD Cost   Av Tot Del  P to P Del        d_max   Ac Rate  Std Dev  R limit      Exp  Tot. Moves    Alpha
   --------  ---------- -----------  -----------    ---------  ----------        -----   -------  -------  -------  -------  ----------    -----
   0.061179     1.00081     13386.5   5.6476e-05  7.37236e-05 6.21384e-09    6.41e-07    0.9994  0.00527      168        1      273638      0.5
    0.03059    0.988131     13381.3  5.95581e-05  7.37013e-05 6.28799e-09   6.142e-07    0.9989   0.0054      168        1      547276      0.5
   0.015295    0.999171       13380  5.67637e-05  7.36864e-05 6.21875e-09   6.377e-07    0.9979  0.00467      168        1      820914      0.5
  0.0076474    0.991195       13366  5.64374e-05  7.35974e-05 6.24595e-09   6.457e-07    0.9956  0.00488      168        1     1094552      0.5
  0.0038237    0.991163       13323  5.68792e-05  7.33646e-05 6.24144e-09   6.354e-07    0.9911  0.00421      168        1     1368190      0.5
  0.0019118    0.992517       13245  5.86871e-05  7.29768e-05 6.19444e-09   6.082e-07    0.9823  0.00466      168        1     1641828      0.5
 0.00095592    0.993119     13090.9  5.64008e-05  7.21486e-05 6.12757e-09   6.175e-07     0.964  0.00429      168        1     1915466      0.5
 0.00047796    0.989297     12817.4  5.67953e-05   7.0715e-05 6.03127e-09   5.894e-07    0.9279  0.00566      168        1     2189104      0.9
 0.00043016    0.990715     12746.4  5.39883e-05  7.03537e-05 5.98862e-09   6.123e-07    0.9186  0.00488      168        1     2462742      0.9
 0.00038715    0.998472     12675.6  5.56639e-05  6.99825e-05 5.91484e-09   5.836e-07    0.9085  0.00443      168        1     2736380      0.9
 0.00034843    0.997884     12599.3  5.48743e-05  6.95742e-05 5.87979e-09   5.845e-07     0.898  0.00443      168        1     3010018      0.9
 0.00031359    0.982205     12484.2  5.58624e-05  6.89724e-05 5.91936e-09   5.733e-07     0.888  0.00445      168        1     3283656      0.9
 0.00028223    0.988172     12402.2  5.23716e-05  6.85162e-05 5.83819e-09   5.989e-07     0.875  0.00418      168        1     3557294      0.9
 0.00025401    0.988302     12266.2  5.14032e-05  6.78051e-05 5.78339e-09   5.967e-07    0.8593  0.00396      168        1     3830932      0.9
 0.00022861    0.987573       12147  5.12328e-05  6.71874e-05 5.74221e-09   5.871e-07    0.8434  0.00451      168        1     4104570      0.9
 0.00020575    0.988023     11990.1   5.1712e-05  6.63622e-05 5.65165e-09   5.678e-07    0.8227  0.00491      168        1     4378208      0.9
 0.00018517    0.985023     11864.3  5.02515e-05  6.56948e-05 5.61942e-09    5.74e-07    0.8055  0.00514      168        1     4651846      0.9
 0.00016665    0.989756     11682.2  4.99596e-05  6.47466e-05 5.49978e-09   5.577e-07    0.7816  0.00574      168        1     4925484     0.95
 0.00015832    0.984639       11557  4.81913e-05  6.40704e-05 5.49076e-09    5.67e-07    0.7673  0.00574      168        1     5199122     0.95
 0.00015041     0.98506     11452.2  4.86042e-05  6.35276e-05 5.42759e-09   5.534e-07    0.7531  0.00451      168        1     5472760     0.95
 0.00014289    0.994337     11332.1  4.99214e-05  6.29047e-05 5.34099e-09   5.222e-07    0.7376  0.00523      168        1     5746398     0.95
 0.00013574    0.989092     11231.3  4.59262e-05   6.2346e-05 5.30931e-09   5.612e-07    0.7256  0.00492      168        1     6020036     0.95
 0.00012895      0.9886     11109.8  4.85901e-05  6.17074e-05 5.26167e-09   5.188e-07    0.7107    0.006      168        1     6293674     0.95
 0.00012251    0.984764     10949.4  4.68843e-05  6.08964e-05 5.21276e-09    5.25e-07    0.6929  0.00429      168        1     6567312     0.95
 0.00011638    0.984672     10831.3  4.69875e-05  6.02474e-05   5.152e-09   5.117e-07    0.6742  0.00488      168        1     6840950     0.95
 0.00011056    0.980803     10677.4  4.55895e-05  5.94643e-05 5.09858e-09   5.155e-07    0.6555  0.00516      168        1     7114588     0.95
 0.00010503     0.98009     10510.7  4.53868e-05  5.85681e-05 5.02652e-09   5.023e-07    0.6363  0.00615      168        1     7388226     0.95
 9.9782e-05    0.985381       10323  4.35858e-05  5.75685e-05 4.93086e-09   5.017e-07    0.6145  0.00439      168        1     7661864     0.95
 9.4793e-05    0.982299     10188.6  4.32655e-05  5.68638e-05 4.87571e-09   4.934e-07    0.5933  0.00425      168        1     7935502     0.95
 9.0054e-05    0.974664        9987  4.34051e-05  5.57698e-05 4.80329e-09   4.765e-07    0.5728  0.00577      168        1     8209140     0.95
 8.5551e-05    0.968144     9805.28  4.13892e-05  5.48104e-05 4.75481e-09    4.85e-07    0.5498  0.00539      168        1     8482778     0.95
 8.1273e-05    0.974382      9560.7  3.95863e-05   5.3554e-05 4.63247e-09   4.788e-07    0.5211  0.00614      168        1     8756416     0.95
  7.721e-05      0.9757     9368.26  3.96229e-05  5.25076e-05 4.53048e-09   4.604e-07    0.4971  0.00675      168        1     9030054     0.95
 7.3349e-05    0.969907     9125.93  3.94611e-05  5.12038e-05 4.43894e-09   4.402e-07    0.4712   0.0065      168        1     9303692     0.95
 6.9682e-05    0.965557     8855.51  3.76973e-05  4.98107e-05 4.33944e-09   4.381e-07    0.4401  0.00862      168        1     9577330     0.95
 6.6198e-05    0.966185     8591.64  3.68533e-05  4.83856e-05 4.20822e-09   4.206e-07    0.4123  0.00874      168        1     9850968     0.95
 6.2888e-05    0.965046     8208.05  3.41672e-05  4.63466e-05 4.03449e-09   4.025e-07     0.381  0.00924    163.3    1.195    10124606     0.95
 5.9743e-05    0.963813     7873.81  3.04862e-05  4.45984e-05 3.88414e-09    3.91e-07    0.3512  0.00949    153.7    1.599    10398244     0.95
 5.6756e-05    0.956762     7558.05  2.77718e-05  4.29515e-05 3.75316e-09    3.73e-07    0.3315  0.00923    140.1    2.171    10671882     0.95
 5.3918e-05    0.949714     7208.44  2.38173e-05  4.10771e-05  3.6132e-09   3.617e-07    0.3146   0.0136    124.9    2.808    10945520     0.95
 5.1222e-05     0.94815     6851.59  2.02809e-05   3.9206e-05 3.43325e-09   3.461e-07    0.3039   0.0149    109.2    3.465    11219158     0.95
 4.8661e-05    0.936397     6515.05   1.2423e-05  3.74082e-05 3.28681e-09   3.617e-07    0.3033   0.0177    94.34    4.088    11492796     0.95
 4.6228e-05    0.931498     6217.49  1.02544e-05  3.58072e-05 3.10376e-09   3.457e-07    0.3104   0.0222    81.44    4.628    11766434     0.95
 4.3917e-05    0.911881     5991.19    8.545e-06  3.46074e-05 2.99213e-09   3.391e-07    0.3273   0.0266    70.88    5.071    12040072     0.95
 4.1721e-05    0.904299     5823.23  6.56838e-06  3.37094e-05 2.88034e-09   3.396e-07      0.34   0.0281    62.89    5.406    12313710     0.95
 3.9635e-05    0.883742     5653.49   5.4536e-06  3.28042e-05 2.81876e-09    3.42e-07    0.3507   0.0377     56.6    5.669    12587348     0.95
 3.7653e-05    0.862423     5495.77  4.48415e-06  3.19453e-05 2.74665e-09   3.453e-07    0.3609   0.0439    51.55    5.881    12860986     0.95
 3.5771e-05    0.854307      5238.1  5.52785e-06  3.05162e-05 2.64433e-09   3.175e-07    0.3583   0.0438    47.47    6.052    13134624     0.95
 3.3982e-05    0.849103     5019.43  4.98529e-06  2.93561e-05 2.54198e-09   3.109e-07    0.3611   0.0519    43.59    6.215    13408262     0.95
 3.2283e-05    0.837172     4786.06  3.21767e-06  2.81002e-05 2.42984e-09   3.208e-07    0.3596   0.0535    40.15    6.359    13681900     0.95
 3.0669e-05    0.830838     4476.57  4.82813e-06  2.63871e-05 2.31811e-09   2.828e-07    0.3545   0.0519    36.92    6.494    13955538     0.95
 2.9135e-05    0.828949     4209.09  3.53311e-06  2.49713e-05 2.20209e-09   2.789e-07    0.3511   0.0559    33.77    6.627    14229176     0.95
 2.7679e-05      0.8352     3860.76  3.35072e-06  2.30768e-05 2.04736e-09   2.568e-07    0.3389    0.056    30.77    6.752    14502814     0.95
 2.6295e-05    0.837618     3505.27  3.08559e-06  2.11206e-05 1.87597e-09   2.365e-07    0.3257   0.0538    27.66    6.883    14776452     0.95
  2.498e-05    0.843189     3204.82  3.06438e-06  1.94702e-05 1.73794e-09   2.178e-07    0.3212   0.0541    24.49    7.015    15050090     0.95
 2.3731e-05    0.852811     2872.01  3.59446e-06   1.7604e-05 1.58501e-09   1.911e-07    0.3128   0.0523    21.58    7.137    15323728     0.95
 2.2544e-05    0.856547     2561.17  2.86562e-06  1.59013e-05 1.42924e-09   1.778e-07    0.3111   0.0504    18.84    7.252    15597366     0.95
 2.1417e-05    0.873877     2280.32  3.45947e-06  1.43585e-05 1.29669e-09   1.555e-07    0.2943   0.0456    16.41    7.354    15871004     0.95
 2.0346e-05    0.893063     2037.78   2.7697e-06  1.30173e-05 1.16807e-09   1.436e-07    0.2814   0.0356    14.02    7.454    16144642     0.95
 1.9329e-05    0.911826     1847.69  2.34576e-06  1.19795e-05  1.0678e-09    1.34e-07    0.3051   0.0319     11.8    7.547    16418280     0.95
 1.8363e-05    0.926629     1689.13   3.8888e-06  1.11129e-05 9.84766e-10   1.155e-07    0.2853   0.0276     10.2    7.614    16691918     0.95
 1.7444e-05    0.942138      1555.8  3.61329e-06  1.03858e-05 9.14456e-10   1.087e-07    0.3102   0.0229    8.626     7.68    16965556     0.95
 1.6572e-05    0.957541     1450.74  4.21721e-06  9.82247e-06 8.57431e-10   1.003e-07    0.3125   0.0168    7.506    7.727    17239194     0.95
 1.5744e-05    0.965378     1365.14  3.19155e-06   9.3649e-06  8.1218e-10   9.945e-08    0.3236    0.014    6.549    7.767    17512832     0.95
 1.4956e-05    0.972144     1297.04  4.14774e-06  8.99848e-06 7.76778e-10   9.243e-08    0.3495   0.0112    5.787    7.799    17786470     0.95
 1.4209e-05    0.976111     1243.94  3.63578e-06  8.71576e-06 7.50742e-10   9.118e-08    0.3204   0.0101    5.263    7.821    18060108     0.95
 1.3498e-05     0.98072      1195.1  3.36076e-06  8.45766e-06 7.24574e-10   8.954e-08    0.3598  0.00822    4.634    7.848    18333746     0.95
 1.2823e-05    0.979042     1154.35  3.76818e-06  8.23948e-06 7.08875e-10   8.632e-08    0.3331  0.00817    4.262    7.863    18607384     0.95
 1.2182e-05    0.985409     1125.09  3.58551e-06  8.08601e-06  6.8946e-10   8.487e-08    0.3896  0.00694    3.806    7.882    18881022     0.95
 1.1573e-05    0.987401     1099.11  3.42572e-06  7.96105e-06 6.77905e-10   8.374e-08     0.365   0.0051    3.615     7.89    19154660     0.95
 1.0994e-05    0.988877     1078.16  3.65358e-06  7.85635e-06 6.68708e-10   8.178e-08    0.3415  0.00468    3.344    7.902    19428298     0.95
 1.0445e-05    0.987038     1055.99  3.08345e-06  7.74507e-06  6.6085e-10   8.239e-08    0.3221  0.00523    3.014    7.916    19701936     0.95
 9.9224e-06    0.988935      1036.8  3.10465e-06  7.64472e-06 6.50674e-10   8.104e-08    0.3963    0.004    2.659     7.93    19975574     0.95
 9.4263e-06    0.990906     1027.19  3.19016e-06  7.59486e-06 6.45129e-10   7.971e-08    0.3744  0.00318    2.543    7.935    20249212     0.95
  8.955e-06    0.992241     1018.03  3.14457e-06  7.56498e-06 6.41431e-10   7.887e-08    0.3564  0.00302    2.376    7.942    20522850     0.95
 8.5072e-06     0.99213      1009.6   3.0989e-06  7.52963e-06 6.37907e-10   7.815e-08    0.3322  0.00348    2.177    7.951    20796488     0.95
 8.0818e-06    0.998308     1009.02  2.94301e-06  7.54993e-06 6.34932e-10   7.775e-08    0.4009  0.00108    1.943     7.96    21070126     0.95
 7.6778e-06    0.998316     1018.04  3.02343e-06   7.6257e-06  6.4203e-10   7.701e-08    0.3768 0.000961    1.867    7.964    21343764     0.95
 7.2939e-06    0.996548     1025.21  3.26927e-06  7.68053e-06 6.47871e-10   7.577e-08    0.3585   0.0012    1.749    7.969    21617402     0.95
 6.9292e-06     0.99837     1029.15   3.0493e-06  7.71299e-06 6.49314e-10   7.567e-08    0.3341 0.000499    1.606    7.975    21891040     0.95
 6.5827e-06    0.997649     1032.87  2.79378e-06  7.75363e-06 6.53335e-10   7.608e-08    0.3175 0.000796    1.436    7.982    22164678     0.95
 6.2536e-06     0.99626      1034.8  2.80325e-06  7.77648e-06 6.56908e-10   7.556e-08    0.2951  0.00178     1.26    7.989    22438316     0.95
 5.9409e-06    0.996828     1035.26  2.74089e-06  7.78643e-06 6.57396e-10   7.515e-08    0.2729   0.0013    1.078    7.997    22711954     0.95
 5.6439e-06    0.996783     1035.95  2.72426e-06  7.80304e-06 6.58995e-10   7.463e-08    0.2573  0.00128        1        8    22985592     0.95
 5.3617e-06    0.997391     1036.35  2.67465e-06  7.80577e-06  6.5954e-10   7.432e-08    0.2369 0.000856        1        8    23259230     0.95
 5.0936e-06    0.996985     1037.52  2.48356e-06  7.81004e-06 6.59678e-10   7.463e-08    0.2236 0.000872        1        8    23532868     0.95
 4.8389e-06    0.996858     1036.23  2.48197e-06    7.806e-06 6.59867e-10   7.422e-08    0.2078  0.00144        1        8    23806506     0.95
  4.597e-06    0.997027     1034.39      2.5e-06  7.79555e-06 6.59032e-10    7.37e-08    0.1884    0.001        1        8    24080144     0.95
 4.3671e-06    0.998494     1033.86  2.45905e-06  7.79973e-06  6.5939e-10    7.35e-08    0.1764 0.000677        1        8    24353782     0.95
 4.1488e-06    0.997633     1033.45  2.43165e-06  7.79317e-06 6.58866e-10   7.329e-08    0.1632  0.00108        1        8    24627420     0.95
 3.9413e-06    0.997709     1031.13  2.28878e-06   7.7795e-06 6.57767e-10    7.35e-08    0.1526  0.00099        1        8    24901058     0.95
 3.7442e-06    0.997976     1029.84  2.24267e-06  7.77433e-06 6.56568e-10   7.339e-08    0.1388 0.000715        1        8    25174696      0.8
 2.9954e-06    0.995331     1026.13  2.22992e-06  7.74778e-06 6.56853e-10   7.319e-08    0.1092  0.00178        1        8    25448334      0.8
 2.3963e-06    0.997017     1020.79  2.14143e-06    7.713e-06 6.53241e-10   7.308e-08   0.08435  0.00126        1        8    25721972      0.8
 1.9171e-06    0.997913     1017.09  2.07385e-06  7.69069e-06 6.50622e-10   7.308e-08   0.06675 0.000888        1        8    25995610      0.8
 1.5336e-06    0.998818     1014.99  2.02837e-06  7.67037e-06  6.4882e-10   7.308e-08   0.05803 0.000564        1        8    26269248      0.8
 1.2269e-06    0.999287     1013.34  2.02364e-06  7.65793e-06 6.47348e-10   7.298e-08   0.05035 0.000356        1        8    26542886      0.8
 9.8153e-07    0.999465     1012.17   2.0311e-06  7.64658e-06 6.46543e-10   7.288e-08   0.04666 0.000268        1        8    26816524      0.8
 7.8523e-07    0.999682     1011.48  2.01913e-06  7.63466e-06 6.45381e-10   7.288e-08   0.04384 0.000169        1        8    27090162      0.8
 6.2818e-07    0.999806     1010.92  2.01347e-06  7.63244e-06 6.44869e-10   7.288e-08   0.04106 0.000106        1        8    27363800      0.8
 5.0254e-07    0.999863     1010.64  2.01107e-06  7.62875e-06  6.4472e-10   7.288e-08   0.04012  4.7e-05        1        8    27637438      0.8
          0     0.99972      1010.5  2.00834e-06  7.61504e-06 6.44573e-10   7.288e-08  0.006406        0        1        8    27911076  

BB estimate of min-dist (placement) wirelength is ;101041
bb_cost recomputed from scratch is 1010.41.
timing_cost recomputed from scratch is 2.00837e-06. 
delay_cost recomputed from scratch is 7.61217e-06. 

Completed placement consistency check successfully.

Placement Estimated Crit Path Delay: 7.28752e-08

Placement. Cost: 0.999681  bb_cost: 1010.41  td_cost: 2.00837e-06  delay_cost: 7.61217e-06.
low, high, current -1 -1 6
Confirming Router Algorithm: TIMING_DRIVEN.
Empty heap occurred in get_heap_head.
Some blocks are impossible to connect in this architecture.
Routing failed.
low, high, current 6 -1 12
Confirming Router Algorithm: TIMING_DRIVEN.
T_crit: 7.50376e-08.
T_crit: 7.50862e-08.
T_crit: 7.50862e-08.
T_crit: 7.50862e-08.
T_crit: 7.50862e-08.
T_crit: 7.50862e-08.
T_crit: 7.50862e-08.
T_crit: 7.50862e-08.
T_crit: 7.50862e-08.
T_crit: 7.50862e-08.
Routing failed.
low, high, current 12 -1 24
Confirming Router Algorithm: TIMING_DRIVEN.
Empty heap occurred in get_heap_head.
Some blocks are impossible to connect in this architecture.
Routing failed.
low, high, current 24 -1 48
Confirming Router Algorithm: TIMING_DRIVEN.
Empty heap occurred in get_heap_head.
Some blocks are impossible to connect in this architecture.
Routing failed.
low, high, current 48 -1 96
Confirming Router Algorithm: TIMING_DRIVEN.
Empty heap occurred in get_heap_head.
Some blocks are impossible to connect in this architecture.
Routing failed.
low, high, current 96 -1 192
Confirming Router Algorithm: TIMING_DRIVEN.
Empty heap occurred in get_heap_head.
Some blocks are impossible to connect in this architecture.
Routing failed.
low, high, current 192 -1 384
This circuit appears to be unroutable with the current router options. Last failed at 192
Aborting routing procedure.
