
VPR FPGA Placement and Routing.
Version: Version 5.0.2
Compiled: Dec 11 2020.
Original VPR by V. Betz.
Timing-driven placement enhancements by A. Marquardt.
Single-drivers enhancements by Andy Ye with additions by.
Mark Fang, Jason Luu, Ted Campbell
Heterogeneous stucture support by Jason Luu and Ted Campbell.
This code is licensed only for non-commercial use.

Auto-sizing FPGA, try x = 56 y = 56
Auto-sizing FPGA, try x = 112 y = 112
Auto-sizing FPGA, try x = 224 y = 224
Auto-sizing FPGA, try x = 448 y = 448
Auto-sizing FPGA, try x = 224 y = 224
Auto-sizing FPGA, try x = 336 y = 336
Auto-sizing FPGA, try x = 280 y = 280
Auto-sizing FPGA, try x = 308 y = 308
Auto-sizing FPGA, try x = 322 y = 322
Auto-sizing FPGA, try x = 329 y = 329
Auto-sizing FPGA, try x = 332 y = 332
Auto-sizing FPGA, try x = 334 y = 334
Auto-sizing FPGA, try x = 335 y = 335
Auto-sizing FPGA, try x = 335 y = 335
FPGA auto-sized to, x = 336 y = 336

Resource Usage:
Netlist      0	blocks of type <EMPTY>
Architecture 4	blocks of type <EMPTY>
Netlist      1344	blocks of type .io
Architecture 1344	blocks of type .io
Netlist      1800	blocks of type .clb
Architecture 112896	blocks of type .clb

Timing analysis: ON

Operation:  PLACE_AND_ROUTE

PlacerOpts.place_freq:  PLACE_ONCE
PlacerOpts.place_algorithm:  PATH_TIMING_DRIVEN_PLACE
PlacerOpts.place_cost_type:  LINEAR_CONG
PlacerOpts.pad_loc_type:  FREE
PlacerOpts.place_cost_exp:  1.000000
PlacerOpts.place_chan_width:  100
PlacerOpts.inner_loop_recompute_divider:  0
PlacerOpts.recompute_crit_iter:  1
PlacerOpts.timing_tradeoff:  0.500000
PlacerOpts.td_place_exp_first:  1.000000
PlacerOpts.td_place_exp_last:  8.000000
PlaceOpts.seed:  1
AnnealSched.type:  AUTO_SCHED
AnnealSched.inner_num:  1.000000

RouterOpts.route_type:  DETAILED
RouterOpts.router_algorithm:  TIMING_DRIVEN
RouterOpts.base_cost_type:  DELAY_NORMALIZED
RouterOpts.fixed_channel_width:  NO_FIXED_CHANNEL_WIDTH
RouterOpts.acc_fac:  1.000000
RouterOpts.bb_factor:  0
RouterOpts.bend_cost:  0.000000
RouterOpts.first_iter_pres_fac:  10000.000000
RouterOpts.initial_pres_fac:  10000.000000
RouterOpts.pres_fac_mult:  1.300000
RouterOpts.max_router_iterations:  10
RouterOpts.astar_fac:  1.200000
RouterOpts.criticality_exp:  1.000000
RouterOpts.max_criticality:  0.990000

RoutingArch.directionality:  UNI_DIRECTIONAL
RoutingArch.switch_block_type:  WILTON
RoutingArch.Fs:  3

The circuit will be mapped into a 336 x 336 array of clbs.

Netlist num_nets:  1803
Netlist num_blocks:  3144
Netlist inputs pins:  3
Netlist output pins:  1341

Computing delta_io_to_io lookup matrix, may take a few seconds, please wait...
Computing delta_io_to_fb lookup matrix, may take a few seconds, please wait...
Computing delta_fb_to_io lookup matrix, may take a few seconds, please wait...
Computing delta_fb_to_fb lookup matrix, may take a few seconds, please wait...

There are 3141 point to point connections in this circuit

Initial Placement Cost: 1.00794 bb_cost: 5853.26 td_cost: 2.72466e-05 delay_cost: 4.21948e-05

          T        Cost Av. BB Cost  Av. TD Cost   Av Tot Del  P to P Del        d_max   Ac Rate  Std Dev  R limit      Exp  Tot. Moves    Alpha
   --------  ---------- -----------  -----------    ---------  ----------        -----   -------  -------  -------  -------  ----------    -----
   0.065671    0.984014     5876.89   1.9092e-05   4.1887e-05 1.34336e-08   2.339e-07     0.998  0.00815      336        1       46046      0.5
   0.032836    0.979324     5867.34  2.13946e-05  4.20604e-05 1.33771e-08    2.07e-07    0.9966  0.00752      336        1       92092      0.5
   0.016418    0.992218     5861.33  2.03963e-05  4.19747e-05 1.31451e-08   2.158e-07    0.9924  0.00762      336        1      138138      0.5
  0.0082089    0.970777     5828.94  2.31246e-05   4.1596e-05 1.35231e-08   1.908e-07    0.9864  0.00991      336        1      184184      0.5
  0.0041044     0.97364     5751.97  1.99868e-05  4.09913e-05 1.32801e-08   2.137e-07    0.9703  0.00962      336        1      230230      0.5
  0.0020522    0.977502     5702.95  2.01805e-05  4.06539e-05 1.29962e-08   2.036e-07     0.944   0.0088      336        1      276276      0.9
   0.001847    0.974896     5649.45  1.92984e-05  4.02717e-05 1.29833e-08   2.091e-07    0.9388  0.00954      336        1      322322      0.9
  0.0016623     0.97774     5650.55   2.0031e-05   4.0154e-05 1.29369e-08   2.013e-07     0.931  0.00814      336        1      368368      0.9
  0.0014961    0.973511     5591.74  1.74475e-05  3.98104e-05 1.28429e-08   2.258e-07    0.9231  0.00755      336        1      414414      0.9
  0.0013465    0.978943     5556.12  1.95991e-05   3.9491e-05 1.26597e-08   2.003e-07    0.9117  0.00859      336        1      460460      0.9
  0.0012118    0.990966     5559.97  1.97961e-05  3.95388e-05 1.24686e-08   1.956e-07    0.9024  0.00793      336        1      506506      0.9
  0.0010906    0.975861     5500.27  2.00747e-05  3.91403e-05  1.2546e-08   1.869e-07    0.8919  0.00994      336        1      552552      0.9
 0.00098157    0.991913     5445.27  2.01633e-05  3.88079e-05 1.22785e-08   1.815e-07    0.8761  0.00844      336        1      598598      0.9
 0.00088341    0.978699     5408.29  1.85653e-05   3.8481e-05 1.23044e-08   1.961e-07    0.8636  0.00874      336        1      644644      0.9
 0.00079507    0.982032     5331.71  1.83079e-05   3.7921e-05 1.21396e-08   1.907e-07    0.8429  0.00626      336        1      690690      0.9
 0.00071557    0.984091     5305.77  2.00008e-05  3.78689e-05 1.20688e-08   1.743e-07    0.8298  0.00912      336        1      736736      0.9
 0.00064401     0.96986     5227.83  1.75584e-05  3.71113e-05 1.19586e-08   1.927e-07      0.81   0.0121      336        1      782782      0.9
 0.00057961    0.965791     5156.34  1.81413e-05  3.67166e-05 1.19572e-08   1.788e-07    0.7881  0.00818      336        1      828828     0.95
 0.00055063    0.981613     5108.12  1.75204e-05  3.63725e-05 1.16545e-08   1.813e-07    0.7719  0.00709      336        1      874874     0.95
  0.0005231    0.979449     5072.58  1.68005e-05  3.60221e-05 1.15853e-08   1.841e-07    0.7637  0.00926      336        1      920920     0.95
 0.00049694    0.971424     5034.47  1.68045e-05  3.60112e-05 1.16526e-08   1.875e-07    0.7497  0.00903      336        1      966966     0.95
 0.00047209    0.973123     4987.17  1.63625e-05  3.54768e-05 1.13141e-08   1.833e-07    0.7355    0.011      336        1     1013012     0.95
 0.00044849    0.971082     4938.58  1.64589e-05  3.51003e-05  1.1308e-08   1.776e-07    0.7272   0.0111      336        1     1059058     0.95
 0.00042607    0.968523     4863.95  1.73522e-05  3.45891e-05  1.1152e-08   1.656e-07    0.7026   0.0127      336        1     1105104     0.95
 0.00040476    0.979497     4807.08  1.49992e-05  3.43467e-05 1.09405e-08   1.823e-07    0.6869  0.00892      336        1     1151150     0.95
 0.00038452     0.97134     4752.95  1.35144e-05  3.39687e-05 1.08921e-08   2.024e-07    0.6692  0.00836      336        1     1197196     0.95
  0.0003653    0.970386     4692.68  1.65352e-05  3.35757e-05 1.08642e-08    1.61e-07     0.652   0.0103      336        1     1243242     0.95
 0.00034703     0.96615     4586.14  1.63268e-05  3.27473e-05 1.05836e-08   1.564e-07    0.6251   0.0126      336        1     1289288     0.95
 0.00032968     0.97652     4520.69  1.45461e-05  3.22091e-05 1.03007e-08    1.63e-07    0.6024  0.00881      336        1     1335334     0.95
  0.0003132    0.976824     4441.73  1.48411e-05  3.18079e-05 1.01715e-08   1.574e-07    0.5861   0.0101      336        1     1381380     0.95
 0.00029754    0.956588     4386.04  1.48226e-05  3.15173e-05 1.02074e-08   1.577e-07    0.5652   0.0155      336        1     1427426     0.95
 0.00028266    0.971935     4344.48  1.53767e-05  3.11794e-05 1.01482e-08   1.478e-07    0.5475   0.0085      336        1     1473472     0.95
 0.00026853     0.95994     4260.14  1.50744e-05  3.05502e-05 9.90901e-09   1.431e-07    0.5222   0.0121      336        1     1519518     0.95
  0.0002551    0.965251     4141.91  1.52642e-05  2.97725e-05 9.65562e-09   1.335e-07     0.495   0.0103      336        1     1565564     0.95
 0.00024235    0.965817     4044.74  1.39275e-05  2.90654e-05 9.42264e-09   1.395e-07    0.4641   0.0124      336        1     1611610     0.95
 0.00023023    0.950549     3929.98  1.40894e-05  2.83903e-05  9.3171e-09   1.332e-07    0.4399   0.0138      336        1     1657656     0.95
 0.00021872     0.95395     3757.05  1.31137e-05  2.73629e-05 8.93616e-09   1.321e-07    0.4556   0.0147      336        1     1703702     0.95
 0.00020778    0.949746     3658.67   1.2344e-05  2.65406e-05 8.68318e-09   1.317e-07    0.3692   0.0171      336        1     1749748     0.95
 0.00019739    0.941733     3528.64  8.47405e-06  2.58532e-05 8.36662e-09   1.302e-07    0.4107   0.0198    312.2    1.497     1795794     0.95
 0.00018752    0.937588      3385.7  8.39024e-06  2.49842e-05 8.15978e-09   1.103e-07    0.3845   0.0163    303.1    1.688     1841840     0.95
 0.00017815    0.931576     3292.31  4.96805e-06  2.43627e-05 7.97072e-09   1.263e-07    0.3753   0.0236    286.3    2.039     1887886     0.95
 0.00016924    0.936285     3220.69  4.53804e-06  2.40164e-05 7.71893e-09   1.125e-07    0.3721   0.0196    267.7    2.427     1933932     0.95
 0.00016078    0.922095     3120.87  2.49632e-06  2.36088e-05 7.55217e-09   1.254e-07    0.3609   0.0281    249.6    2.806     1979978     0.95
 0.00015274    0.919214      3001.6  3.77237e-06  2.28209e-05 7.38869e-09   9.659e-08    0.3567   0.0271    229.8    3.219     2026024     0.95
  0.0001451    0.921519     2904.93  3.74348e-06  2.20898e-05 7.27129e-09   8.472e-08    0.3543   0.0288    210.7    3.619     2072070     0.95
 0.00013785    0.919873     2862.87  1.33437e-06  2.19795e-05 6.94289e-09    1.04e-07    0.3588   0.0285    192.6    3.996     2118116     0.95
 0.00013095    0.907093     2780.84  2.11283e-06  2.16079e-05 6.95461e-09   8.822e-08    0.3715   0.0342      177    4.323     2164162     0.95
 0.00012441    0.896563     2662.86  1.73995e-06  2.08703e-05 6.81175e-09   8.315e-08    0.3579   0.0366    164.9    4.576     2210208     0.95
 0.00011819    0.899482     2578.32  1.27325e-06  2.03906e-05 6.60173e-09   8.441e-08    0.3566   0.0368    151.3    4.859     2256254     0.95
 0.00011228    0.884885      2409.7  5.74205e-07  1.95059e-05 6.34969e-09   9.391e-08    0.3549   0.0386    138.7    5.123     2302300     0.95
 0.00010666    0.896005     2290.42  1.44253e-06  1.88549e-05 6.17259e-09   7.313e-08    0.3481   0.0348    126.9    5.369     2348346     0.95
 0.00010133    0.896116     2152.39  1.39888e-06  1.80917e-05 5.92608e-09   6.775e-08    0.3401   0.0392    115.2    5.613     2394392     0.95
 9.6263e-05    0.893421     2035.33  9.97616e-07  1.75187e-05 5.71386e-09    6.89e-08    0.3515   0.0419    103.7    5.854     2440438     0.95
  9.145e-05    0.900768     1910.46  9.09132e-07  1.66845e-05 5.44094e-09   6.487e-08    0.3433   0.0405    94.54    6.045     2486484     0.95
 8.6878e-05    0.899727     1749.39  5.46265e-07  1.56869e-05 5.14622e-09   6.601e-08    0.3348   0.0382    85.41    6.236     2532530     0.95
 8.2534e-05    0.900527     1638.39   6.7623e-07  1.49475e-05 4.90475e-09   6.094e-08      0.33   0.0351    76.42    6.424     2578576     0.95
 7.8407e-05    0.906822      1508.1  8.13981e-07  1.41687e-05 4.67768e-09   5.431e-08    0.3278   0.0336    68.02      6.6     2624622     0.95
 7.4487e-05    0.925073     1388.55  1.35541e-06  1.34711e-05 4.42046e-09   4.749e-08     0.322   0.0301    60.38    6.759     2670668     0.95
 7.0762e-05    0.941419     1295.45  1.02246e-06  1.27925e-05 4.17209e-09   4.605e-08    0.3179   0.0276    53.26    6.908     2716714     0.95
 6.7224e-05    0.939415     1208.06  9.12481e-07  1.22549e-05 4.00906e-09   4.469e-08    0.3296   0.0251    46.75    7.044     2762760     0.95
 6.3863e-05    0.948516     1111.81  9.55919e-07  1.16405e-05 3.80617e-09   4.234e-08    0.3253   0.0209    41.59    7.152     2808806     0.95
  6.067e-05    0.954025     1033.86  1.33873e-06  1.11259e-05 3.62933e-09   3.902e-08    0.3231   0.0185    36.82    7.251     2854852     0.95
 5.7636e-05    0.961579     972.989  6.21447e-07  1.07305e-05 3.47977e-09   4.253e-08    0.3305   0.0153    32.52    7.341     2900898     0.95
 5.4755e-05    0.961398     920.422  1.24681e-06  1.03246e-05 3.37368e-09   3.778e-08    0.3394   0.0157    28.96    7.416     2946944     0.95
 5.2017e-05    0.974012     871.928  1.37282e-06  1.00393e-05 3.22145e-09   3.655e-08    0.3307   0.0126    26.04    7.477     2992990     0.95
 4.9416e-05    0.970017     835.727  1.38241e-06  9.79952e-06  3.1757e-09   3.601e-08    0.3408   0.0143     23.2    7.536     3039036     0.95
 4.6945e-05     0.97473     795.294  1.37268e-06  9.58512e-06 3.08551e-09   3.562e-08    0.3519   0.0117     20.9    7.584     3085082     0.95
 4.4598e-05    0.979189     761.911  1.39348e-06  9.37988e-06 3.03388e-09     3.5e-08    0.3443   0.0105    19.06    7.623     3131128     0.95
 4.2368e-05    0.982162     728.569  1.14857e-06  9.17872e-06  2.9495e-09   3.549e-08    0.3451   0.0078    17.23    7.661     3177174     0.95
  4.025e-05    0.982426     701.684  1.20075e-06  8.97243e-06   2.895e-09   3.508e-08    0.3556  0.00787     15.6    7.695     3223220     0.95
 3.8237e-05    0.988802     678.565  1.24435e-06  8.84934e-06 2.83752e-09   3.456e-08    0.3475  0.00551    14.28    7.723     3269266     0.95
 3.6325e-05    0.989669     661.215  1.38699e-06  8.70766e-06 2.79604e-09   3.385e-08    0.3717  0.00455    12.96     7.75     3315312     0.95
 3.4509e-05    0.988965     642.078  1.51473e-06   8.5859e-06 2.75185e-09   3.332e-08    0.3517  0.00483    12.07    7.769     3361358     0.95
 3.2784e-05    0.989417     626.812  1.47523e-06  8.47043e-06 2.71392e-09   3.324e-08    0.3529  0.00494    11.01    7.791     3407404     0.95
 3.1144e-05    0.989377     610.776  1.31133e-06  8.38926e-06 2.68002e-09   3.354e-08    0.3655  0.00494    10.05    7.811     3453450     0.95
 2.9587e-05    0.987195     596.177  1.44548e-06  8.27304e-06 2.65785e-09   3.314e-08    0.3689  0.00663    9.299    7.827     3499496     0.95
 2.8108e-05    0.992376     582.452  1.35755e-06  8.18968e-06 2.61625e-09   3.312e-08    0.3797  0.00366    8.638     7.84     3545542     0.95
 2.6702e-05    0.993828     570.734  1.29483e-06  8.12423e-06  2.5922e-09   3.321e-08     0.351   0.0042    8.117    7.851     3591588     0.95
 2.5367e-05    0.994074     561.987  1.36735e-06  8.08673e-06 2.57787e-09    3.29e-08    0.3755  0.00232    7.395    7.866     3637634     0.95
 2.4099e-05    0.992555     553.361  1.45234e-06  8.02657e-06 2.56908e-09   3.259e-08    0.4051  0.00343    6.918    7.876     3683680     0.95
 2.2894e-05    0.993677     544.918  1.37284e-06  7.98105e-06 2.54879e-09   3.281e-08    0.3872  0.00302    6.676    7.881     3729726     0.95
 2.1749e-05    0.992078     535.876  1.33673e-06  7.91752e-06 2.53297e-09   3.281e-08    0.3622  0.00368    6.324    7.889     3775772     0.95
 2.0662e-05    0.995094     528.067  1.37167e-06  7.87654e-06 2.51496e-09   3.263e-08    0.3923  0.00288    5.832    7.899     3821818     0.95
 1.9629e-05    0.996212     521.934  1.26767e-06  7.85056e-06 2.50309e-09   3.282e-08    0.3717  0.00273    5.554    7.905     3867864     0.95
 1.8647e-05    0.996557     516.338  1.35218e-06  7.80447e-06 2.49071e-09    3.25e-08    0.3544  0.00174    5.175    7.913     3913910     0.95
 1.7715e-05    0.995628     510.561  1.29868e-06  7.77565e-06 2.47812e-09    3.26e-08    0.3975  0.00223    4.732    7.922     3959956     0.95
 1.6829e-05    0.996082     506.023  1.31426e-06  7.77095e-06 2.47651e-09    3.25e-08    0.3814  0.00166    4.531    7.926     4006002     0.95
 1.5988e-05    0.994785     500.648  1.27665e-06  7.74315e-06 2.47102e-09    3.26e-08    0.3593  0.00214    4.265    7.932     4052048     0.95
 1.5188e-05    0.997937     496.505  1.25406e-06  7.72603e-06 2.46145e-09   3.261e-08    0.4104 0.000969    3.921    7.939     4098094     0.95
 1.4429e-05    0.996555      493.23  1.23869e-06  7.70646e-06 2.45646e-09   3.259e-08    0.3897   0.0014    3.805    7.941     4144140     0.95
 1.3707e-05    0.996111     489.593  1.33262e-06  7.68089e-06 2.45082e-09   3.229e-08    0.3735  0.00162    3.613    7.945     4190186     0.95
 1.3022e-05     0.99821     486.793   1.3497e-06  7.66997e-06  2.4417e-09   3.219e-08    0.3587 0.000847    3.373     7.95     4236232     0.95
 1.2371e-05    0.996937      483.62  1.38158e-06  7.66235e-06 2.44121e-09   3.208e-08    0.3476  0.00123    3.099    7.956     4282278     0.95
 1.1752e-05    0.997739     480.787  1.30124e-06  7.65373e-06 2.43914e-09   3.231e-08    0.4116 0.000848    2.813    7.962     4328324     0.95
 1.1165e-05    0.999836      480.08  1.37946e-06  7.66459e-06  2.4374e-09     3.2e-08    0.4007 0.000282    2.733    7.964     4374370     0.95
 1.0607e-05    0.998116     479.307  1.38048e-06  7.66916e-06 2.44259e-09   3.198e-08    0.3725 0.000599    2.625    7.966     4420416     0.95
 1.0076e-05    0.999812     479.175  1.36647e-06  7.66809e-06 2.44412e-09   3.197e-08     0.362 0.000327    2.448     7.97     4466462     0.95
 9.5724e-06    0.999371     478.938  1.35503e-06  7.67437e-06 2.44312e-09   3.198e-08    0.3519   0.0005    2.257    7.974     4512508     0.95
 9.0938e-06    0.999038     478.058  1.40991e-06  7.67581e-06 2.44218e-09   3.176e-08    0.3353 0.000475    2.058    7.978     4558554     0.95
 8.6391e-06     1.00244     479.814  1.43361e-06  7.68131e-06 2.44342e-09   3.167e-08    0.3987  0.00182    1.843    7.982     4604600     0.95
 8.2072e-06     1.00235     485.225  1.43003e-06  7.71977e-06 2.45263e-09   3.168e-08    0.3853  0.00208    1.767    7.984     4650646     0.95
 7.7968e-06     1.00251     490.912  1.42573e-06  7.75494e-06 2.46519e-09   3.168e-08     0.376  0.00166     1.67    7.986     4696692     0.95
  7.407e-06     1.00292     495.358  1.44532e-06  7.78641e-06 2.47596e-09   3.157e-08    0.3549  0.00175    1.563    7.988     4742738     0.95
 7.0366e-06     1.00142     499.555  1.44779e-06  7.82155e-06 2.48544e-09   3.157e-08    0.3499  0.00102     1.43    7.991     4788784     0.95
 6.6848e-06      1.0014     502.725  1.44614e-06   7.8519e-06 2.49461e-09   3.157e-08    0.3362 0.000921    1.301    7.994     4834830     0.95
 6.3506e-06     1.00162     505.506  1.43781e-06  7.87137e-06 2.50375e-09   3.157e-08    0.3224   0.0011    1.166    7.997     4880876     0.95
  6.033e-06     1.00171     508.704   1.4421e-06  7.89294e-06 2.51019e-09   3.157e-08    0.3109 0.000944    1.029    7.999     4926922     0.95
 5.7314e-06     1.00116     511.292   1.4389e-06  7.91231e-06 2.51691e-09   3.157e-08    0.3016 0.000732        1        8     4972968     0.95
 5.4448e-06     1.00066     513.145  1.40095e-06  7.92797e-06 2.52247e-09   3.168e-08    0.2876 0.000377        1        8     5019014     0.95
 5.1726e-06     1.00104     515.106  1.42564e-06  7.94265e-06 2.52704e-09   3.157e-08    0.2779 0.000582        1        8     5065060     0.95
 4.9139e-06     1.00045     516.586  1.42714e-06  7.95605e-06 2.53099e-09   3.157e-08    0.2647 0.000396        1        8     5111106     0.95
 4.6682e-06     1.00048     517.965  1.42183e-06  7.96256e-06 2.53455e-09   3.157e-08     0.255 0.000273        1        8     5157152     0.95
 4.4348e-06     1.00021     518.651  1.41879e-06   7.9734e-06 2.53714e-09   3.157e-08    0.2479 0.000276        1        8     5203198     0.95
 4.2131e-06     1.00027     519.537   1.4187e-06  7.98069e-06 2.54018e-09   3.157e-08    0.2309 0.000297        1        8     5249244     0.95
 4.0024e-06     1.00046     520.735  1.42037e-06  7.99076e-06 2.54184e-09   3.157e-08     0.224 0.000246        1        8     5295290     0.95
 3.8023e-06      1.0002     521.235  1.41425e-06  7.99931e-06 2.54461e-09   3.157e-08    0.2195 0.000207        1        8     5341336     0.95
 3.6122e-06     1.00002     521.712  1.41629e-06  8.00588e-06  2.5481e-09   3.157e-08    0.2077 0.000125        1        8     5387382     0.95
 3.4316e-06     1.00021     522.211  1.41467e-06  8.01086e-06 2.54795e-09   3.157e-08    0.2017 0.000159        1        8     5433428     0.95
   3.26e-06    0.999947     522.347  1.41701e-06  8.01419e-06 2.55082e-09   3.157e-08    0.1918 4.27e-05        1        8     5479474     0.95
  3.097e-06     1.00004     522.452  1.41549e-06  8.01766e-06 2.55284e-09   3.157e-08    0.1836        0        1        8     5525520     0.95
 2.9422e-06     1.00007     522.589  1.41451e-06   8.0199e-06 2.55354e-09   3.157e-08     0.178        0        1        8     5571566     0.95
  2.795e-06      1.0001     522.708  1.41677e-06  8.01984e-06 2.55334e-09   3.157e-08    0.1735 8.88e-05        1        8     5617612     0.95
          0    0.999803      522.57  1.41495e-06  8.00847e-06 2.55287e-09   3.157e-08   0.02369 0.000233        1        8     5663658  

BB estimate of min-dist (placement) wirelength is ;50415
bb_cost recomputed from scratch is 522.338.
timing_cost recomputed from scratch is 1.41475e-06. 
delay_cost recomputed from scratch is 8.00465e-06. 

Completed placement consistency check successfully.

Placement Estimated Crit Path Delay: 3.15665e-08

Placement. Cost: 0.999512  bb_cost: 522.338  td_cost: 1.41475e-06  delay_cost: 8.00465e-06.
low, high, current -1 -1 6
Confirming Router Algorithm: TIMING_DRIVEN.
Empty heap occurred in get_heap_head.
Some blocks are impossible to connect in this architecture.
Routing failed.
low, high, current 6 -1 12
Confirming Router Algorithm: TIMING_DRIVEN.
T_crit: 3.27434e-08.
T_crit: 3.23833e-08.
T_crit: 3.21904e-08.
T_crit: 3.21147e-08.
T_crit: 3.21904e-08.
T_crit: 3.21147e-08.
T_crit: 3.21904e-08.
T_crit: 3.21147e-08.
T_crit: 3.21904e-08.
T_crit: 3.21147e-08.
Routing failed.
low, high, current 12 -1 24
Confirming Router Algorithm: TIMING_DRIVEN.
Empty heap occurred in get_heap_head.
Some blocks are impossible to connect in this architecture.
Routing failed.
low, high, current 24 -1 48
Confirming Router Algorithm: TIMING_DRIVEN.
Empty heap occurred in get_heap_head.
Some blocks are impossible to connect in this architecture.
Routing failed.
low, high, current 48 -1 96
Confirming Router Algorithm: TIMING_DRIVEN.
Empty heap occurred in get_heap_head.
Some blocks are impossible to connect in this architecture.
Routing failed.
low, high, current 96 -1 192
Confirming Router Algorithm: TIMING_DRIVEN.
Empty heap occurred in get_heap_head.
Some blocks are impossible to connect in this architecture.
Routing failed.
low, high, current 192 -1 384
This circuit appears to be unroutable with the current router options. Last failed at 192
Aborting routing procedure.
