Netlist file: ../../benchmarks/fpga/net_EPFL/bar.net   Architecture file: arch/k4-n1.xml
Array size: 336 x 336 logic blocks

#block name	x	y	subblk	block number
#----------	--	--	------	------------
out_new_n1000_:new_n999_	0	112	0	#0
new_n1001_	140	301	0	#1
new_n1002_	139	306	0	#2
out_new_n1003_:new_n1002_	139	337	0	#3
new_n1004_	108	309	0	#4
out_new_n1005_:new_n1004_	108	337	0	#5
new_n1006_	80	1	0	#6
new_n1007_	78	48	0	#7
new_n1008_	76	77	0	#8
new_n1009_	76	254	0	#9
out_new_n1010_:new_n1009_	77	337	0	#10
new_n1011_	336	18	0	#11
out_new_n1012_:new_n1011_	337	45	0	#12
new_n1013_	143	307	0	#13
new_n1014_	143	313	0	#14
out_new_n1015_:new_n1014_	143	337	0	#15
new_n1016_	214	2	0	#16
out_new_n1017_:new_n1016_	214	0	0	#17
new_n1018_	329	2	0	#18
new_n1019_	330	1	0	#19
new_n1020_	330	2	0	#20
new_n1021_	332	2	0	#21
new_n1022_	336	1	0	#22
new_n1023_	336	19	0	#23
out_new_n1024_:new_n1023_	337	32	0	#24
new_n1025_	281	314	0	#25
new_n1026_	282	315	0	#26
out_new_n1027_:new_n1026_	282	337	0	#27
new_n1028_	260	1	0	#28
out_new_n1029_:new_n1028_	262	0	0	#29
new_n1030_	296	266	0	#30
new_n1031_	298	267	0	#31
new_n1032_	298	268	0	#32
new_n1033_	298	269	0	#33
out_new_n1034_:new_n1033_	337	272	0	#34
new_n1035_	77	1	0	#35
out_new_n1036_:new_n1035_	77	0	0	#36
new_n1037_	80	305	0	#37
new_n1038_	81	310	0	#38
out_new_n1039_:new_n1038_	81	337	0	#39
new_n1040_	320	1	0	#40
out_new_n1041_:new_n1040_	320	0	0	#41
new_n1042_	97	1	0	#42
new_n1043_	98	1	0	#43
new_n1044_	98	2	0	#44
new_n1045_	100	2	0	#45
new_n1046_	142	2	0	#46
out_new_n1047_:new_n1022_	336	0	0	#47
new_n1048_	210	2	0	#48
new_n1049_	218	2	0	#49
new_n1050_	220	2	0	#50
out_new_n1051_:new_n950_	117	0	0	#51
new_n1052_	219	2	0	#52
new_n1053_	219	1	0	#53
new_n1054_	220	1	0	#54
out_new_n1056_:new_n335_	337	225	0	#55
new_n1057_	153	1	0	#56
new_n1058_	152	1	0	#57
out_new_n1059_:new_n1058_	149	0	0	#58
out_new_n1060_:new_n266_	269	0	0	#59
new_n1061_	315	194	0	#60
new_n1062_	315	223	0	#61
new_n1063_	336	222	0	#62
out_new_n1064_:new_n299_	337	70	0	#63
new_n1065_	203	2	0	#64
new_n1066_	193	2	0	#65
out_new_n1067_:new_n1066_	190	0	0	#66
out_new_n1068_:new_n277_	106	0	0	#67
new_n1069_	334	112	0	#68
new_n1070_	336	112	0	#69
new_n1071_	336	110	0	#70
out_new_n1072_:new_n1063_	337	222	0	#71
new_n1073_	335	110	0	#72
new_n1074_	335	111	0	#73
out_new_n1075_:new_n1074_	337	130	0	#74
out_new_n1076_:new_n425_	307	0	0	#75
new_n1077_	106	81	0	#76
new_n1078_	107	96	0	#77
out_new_n1079_:new_n1078_	106	337	0	#78
out_new_n1080_:new_n315_	337	263	0	#79
new_n1081_	33	153	0	#80
new_n1082_	3	231	0	#81
new_n1083_	1	232	0	#82
out_new_n1084_:new_n345_	300	0	0	#83
new_n1085_	54	286	0	#84
new_n1086_	42	287	0	#85
out_new_n1087_:new_n1086_	0	288	0	#86
out_new_n1088_:new_n325_	337	247	0	#87
new_n1089_	254	5	0	#88
new_n1090_	254	157	0	#89
new_n1091_	254	208	0	#90
out_new_n1092_:new_n1083_	0	237	0	#91
new_n1093_	252	209	0	#92
new_n1094_	250	250	0	#93
new_n1095_	246	316	0	#94
out_new_n1096_:new_n474_	285	337	0	#95
new_n1097_	189	2	0	#96
new_n1098_	194	1	0	#97
out_new_n1099_:new_n1098_	203	0	0	#98
out_new_n1100_:new_n360_	112	0	0	#99
new_n1101_	190	1	0	#100
new_n1102_	189	1	0	#101
new_n1103_	188	1	0	#102
out_new_n1104_:new_n390_	3	0	0	#103
new_n1105_	2	17	0	#104
new_n1106_	2	18	0	#105
out_new_n1107_:new_n1106_	0	163	0	#106
out_new_n1108_:new_n370_	231	0	0	#107
new_n1109_	191	2	0	#108
new_n1110_	243	2	0	#109
new_n1111_	244	2	0	#110
out_new_n1112_:new_n1103_	188	0	0	#111
new_n1113_	242	2	0	#112
new_n1114_	242	1	0	#113
out_new_n1115_:new_n1114_	242	0	0	#114
out_new_n1116_:new_n380_	337	54	0	#115
new_n1117_	52	2	0	#116
new_n1118_	52	1	0	#117
out_new_n1119_:new_n1118_	51	0	0	#118
out_new_n1120_:new_n405_	0	79	0	#119
new_n1121_	149	45	0	#120
new_n1122_	139	44	0	#121
new_n1123_	128	1	0	#122
out_new_n1124_:new_n435_	29	337	0	#123
new_n1125_	170	226	0	#124
new_n1126_	168	227	0	#125
out_new_n1127_:new_n1126_	0	245	0	#126
out_new_n1128_:new_n415_	315	337	0	#127
new_n1129_	140	2	0	#128
new_n1130_	137	1	0	#129
new_n1131_	126	1	0	#130
out_new_n1132_:new_n1123_	128	0	0	#131
new_n1133_	116	1	0	#132
new_n1134_	81	1	0	#133
new_n1135_	78	1	0	#134
out_new_n1136_:new_n1095_	247	337	0	#135
new_n1137_	76	1	0	#136
new_n1138_	75	1	0	#137
out_new_n1139_:new_n1138_	75	0	0	#138
out_new_n1140_:new_n288_	296	0	0	#139
new_n1141_	162	256	0	#140
new_n1142_	146	256	0	#141
out_new_n1143_:new_n1142_	144	337	0	#142
out_new_n1144_:new_n542_	0	194	0	#143
new_n1145_	284	105	0	#144
new_n1146_	332	105	0	#145
new_n1147_	336	137	0	#146
out_new_n1148_:new_n572_	0	299	0	#147
new_n1149_	327	231	0	#148
new_n1150_	327	232	0	#149
out_new_n1151_:new_n1150_	328	337	0	#150
out_new_n1152_:new_n552_	0	280	0	#151
new_n1153_	4	2	0	#152
new_n1154_	3	2	0	#153
new_n1155_	2	1	0	#154
out_new_n1156_:new_n1147_	337	139	0	#155
new_n1157_	2	2	0	#156
new_n1158_	1	2	0	#157
out_new_n1159_:new_n1158_	0	36	0	#158
out_new_n1160_:new_n518_	337	264	0	#159
new_n1161_	159	2	0	#160
new_n1162_	151	2	0	#161
out_new_n1163_:new_n1162_	145	0	0	#162
out_new_n1164_:new_n454_	0	66	0	#163
new_n1165_	182	172	0	#164
new_n1166_	204	255	0	#165
new_n1167_	336	259	0	#166
out_new_n1168_:new_n484_	199	0	0	#167
new_n1169_	318	141	0	#168
new_n1170_	318	282	0	#169
out_new_n1171_:new_n1170_	319	337	0	#170
out_new_n1172_:new_n464_	0	65	0	#171
new_n1173_	65	221	0	#172
new_n1174_	61	222	0	#173
new_n1175_	59	223	0	#174
out_new_n1176_:new_n1167_	337	260	0	#175
new_n1177_	59	224	0	#176
new_n1178_	59	227	0	#177
new_n1179_	2	226	0	#178
out_new_n1180_:new_n562_	337	241	0	#179
new_n1181_	220	305	0	#180
new_n1182_	204	308	0	#181
out_new_n1183_:new_n1182_	202	337	0	#182
out_new_n1184_:new_n600_	154	337	0	#183
new_n1185_	43	205	0	#184
new_n1186_	3	206	0	#185
new_n1187_	1	209	0	#186
new_n1188_	286	317	0	#187
out_new_n1189_:new_n1188_	286	337	0	#188
new_n1190_	307	119	0	#189
new_n1191_	315	118	0	#190
out_new_n1192_:new_n1191_	337	174	0	#191
out_new_n1193_:new_n596_	320	337	0	#192
new_n1194_	104	33	0	#193
new_n1195_	54	40	0	#194
new_n1196_	8	330	0	#195
new_n1197_	4	330	0	#196
out_new_n1198_:new_n1187_	0	218	0	#197
new_n1199_	2	330	0	#198
new_n1200_	1	333	0	#199
out_new_n1201_:new_n1200_	0	335	0	#200
out_new_n1202_:new_n606_	0	326	0	#201
new_n1203_	2	74	0	#202
new_n1204_	1	75	0	#203
out_new_n1205_:new_n1204_	0	158	0	#204
out_new_n1206_:new_n498_	0	277	0	#205
new_n1207_	335	20	0	#206
new_n1208_	335	21	0	#207
new_n1209_	336	36	0	#208
out_new_n1210_:new_n528_	306	337	0	#209
new_n1211_	151	88	0	#210
new_n1212_	139	88	0	#211
out_new_n1213_:new_n1212_	138	337	0	#212
out_new_n1214_:new_n508_	37	337	0	#213
new_n1215_	213	150	0	#214
new_n1216_	213	291	0	#215
new_n1217_	211	300	0	#216
out_new_n1218_:new_n1209_	337	36	0	#217
new_n1219_	209	301	0	#218
new_n1220_	208	314	0	#219
new_n1221_	206	317	0	#220
out_new_n1222_:new_n1179_	0	226	0	#221
new_n1223_	206	318	0	#222
new_n1224_	206	319	0	#223
new_n1225_	206	330	0	#224
out_new_n1227_:new_n763_	0	52	0	#225
new_n1228_	336	7	0	#226
out_new_n1229_:new_n1228_	337	8	0	#227
out_new_n1230_:new_n798_	172	0	0	#228
new_n1231_	239	161	0	#229
new_n1232_	239	164	0	#230
new_n1233_	239	165	0	#231
out_new_n1234_:new_n1233_	337	182	0	#232
out_new_n1235_:new_n791_	337	64	0	#233
new_n1236_	1	217	0	#234
out_new_n1237_:new_n1236_	0	232	0	#235
out_new_n1238_:new_n810_	337	72	0	#236
new_n1239_	137	203	0	#237
new_n1240_	137	204	0	#238
new_n1241_	137	231	0	#239
new_n1242_	335	230	0	#240
out_new_n1243_:new_n827_	27	337	0	#241
new_n1244_	2	9	0	#242
out_new_n1245_:new_n1244_	0	9	0	#243
out_new_n1246_:new_n822_	22	0	0	#244
new_n1247_	177	1	0	#245
new_n1248_	177	2	0	#246
new_n1249_	175	2	0	#247
out_new_n1250_:new_n1249_	170	0	0	#248
out_new_n1251_:new_n803_	337	60	0	#249
new_n1252_	335	9	0	#250
out_new_n1253_:new_n1252_	337	13	0	#251
out_new_n1254_:new_n834_	103	0	0	#252
new_n1255_	254	314	0	#253
new_n1256_	255	315	0	#254
new_n1257_	255	316	0	#255
new_n1258_	255	317	0	#256
out_new_n1259_:new_n1242_	337	230	0	#257
new_n1260_	255	318	0	#258
new_n1261_	255	334	0	#259
out_new_n1262_:new_n1261_	253	337	0	#260
out_new_n1263_:new_n815_	0	80	0	#261
new_n1264_	335	189	0	#262
out_new_n1265_:new_n1264_	337	201	0	#263
out_new_n1266_:new_n694_	4	0	0	#264
new_n1267_	57	2	0	#265
new_n1268_	55	3	0	#266
new_n1269_	55	54	0	#267
out_new_n1270_:new_n1269_	0	155	0	#268
out_new_n1271_:new_n687_	337	328	0	#269
new_n1272_	336	184	0	#270
out_new_n1273_:new_n1272_	337	189	0	#271
out_new_n1274_:new_n706_	54	0	0	#272
new_n1275_	156	1	0	#273
new_n1276_	156	2	0	#274
new_n1277_	157	2	0	#275
new_n1278_	159	1	0	#276
out_new_n1279_:new_n723_	0	305	0	#277
new_n1280_	336	248	0	#278
out_new_n1281_:new_n1280_	337	257	0	#279
out_new_n1282_:new_n718_	0	173	0	#280
new_n1283_	267	1	0	#281
new_n1284_	267	2	0	#282
new_n1285_	269	92	0	#283
out_new_n1286_:new_n1285_	271	337	0	#284
out_new_n1287_:new_n699_	213	0	0	#285
new_n1288_	13	1	0	#286
out_new_n1289_:new_n1288_	13	0	0	#287
out_new_n1290_:new_n730_	268	0	0	#288
new_n1291_	59	279	0	#289
new_n1292_	59	280	0	#290
new_n1293_	59	289	0	#291
new_n1294_	65	289	0	#292
out_new_n1295_:new_n1278_	159	0	0	#293
new_n1296_	67	290	0	#294
new_n1297_	69	329	0	#295
new_n1298_	69	330	0	#296
out_new_n1299_:new_n923_	0	22	0	#297
new_n1300_	277	1	0	#298
out_new_n1301_:new_n1300_	277	0	0	#299
out_new_n1302_:new_n746_	337	197	0	#300
new_n1303_	1	13	0	#301
new_n1304_	1	14	0	#302
new_n1305_	1	15	0	#303
out_new_n1306_:new_n1305_	0	94	0	#304
out_new_n1307_:new_n739_	230	0	0	#305
new_n1308_	189	304	0	#306
out_new_n1309_:new_n1308_	189	337	0	#307
out_new_n1310_:new_n758_	333	0	0	#308
new_n1311_	174	2	0	#309
new_n1312_	172	2	0	#310
new_n1313_	172	280	0	#311
new_n1314_	172	304	0	#312
out_new_n1315_:new_n775_	303	0	0	#313
new_n1316_	229	299	0	#314
out_new_n1317_:new_n1316_	229	337	0	#315
out_new_n1318_:new_n770_	0	95	0	#316
new_n1319_	7	2	0	#317
new_n1320_	7	3	0	#318
new_n1321_	5	182	0	#319
out_new_n1322_:new_n1321_	0	198	0	#320
out_new_n1323_:new_n751_	337	40	0	#321
new_n1324_	2	266	0	#322
out_new_n1325_:new_n1324_	0	271	0	#323
out_new_n1326_:new_n782_	55	0	0	#324
new_n1327_	2	280	0	#325
new_n1328_	2	281	0	#326
new_n1329_	1	282	0	#327
new_n1330_	1	283	0	#328
out_new_n1331_:new_n1314_	171	337	0	#329
new_n1332_	1	286	0	#330
new_n1333_	1	311	0	#331
out_new_n1334_:new_n1333_	0	314	0	#332
out_new_n1335_:new_n711_	337	170	0	#333
new_n1336_	1	121	0	#334
out_new_n1337_:new_n1336_	0	144	0	#335
out_new_n1338_:new_n642_	211	0	0	#336
new_n1339_	55	46	0	#337
new_n1340_	53	69	0	#338
new_n1341_	53	152	0	#339
out_new_n1342_:new_n1341_	0	203	0	#340
out_new_n1343_:new_n635_	0	26	0	#341
new_n1344_	138	1	0	#342
out_new_n1345_:new_n1344_	138	0	0	#343
out_new_n1346_:new_n654_	22	337	0	#344
new_n1347_	193	5	0	#345
new_n1348_	194	20	0	#346
new_n1349_	196	41	0	#347
new_n1350_	336	82	0	#348
out_new_n1351_:new_n671_	337	331	0	#349
new_n1352_	314	318	0	#350
out_new_n1353_:new_n1352_	314	337	0	#351
out_new_n1354_:new_n666_	337	11	0	#352
new_n1355_	336	11	0	#353
new_n1356_	336	12	0	#354
new_n1357_	336	13	0	#355
out_new_n1358_:new_n1357_	337	62	0	#356
out_new_n1359_:new_n647_	337	324	0	#357
new_n1360_	1	5	0	#358
out_new_n1361_:new_n1360_	0	5	0	#359
out_new_n1362_:new_n678_	0	250	0	#360
new_n1363_	136	1	0	#361
new_n1364_	134	1	0	#362
new_n1365_	134	2	0	#363
new_n1366_	134	171	0	#364
out_new_n1367_:new_n1350_	337	83	0	#365
new_n1368_	134	172	0	#366
new_n1369_	133	173	0	#367
new_n1370_	3	170	0	#368
out_new_n1371_:new_n1298_	69	337	0	#369
new_n1372_	3	169	0	#370
new_n1373_	1	169	0	#371
out_new_n1374_:new_n1373_	0	178	0	#372
out_new_n1375_:new_n659_	0	60	0	#373
new_n1376_	1	157	0	#374
out_new_n1377_:new_n1376_	0	188	0	#375
out_new_n1378_:new_n854_	263	0	0	#376
new_n1379_	3	3	0	#377
new_n1380_	3	4	0	#378
new_n1381_	3	5	0	#379
out_new_n1382_:new_n1381_	0	73	0	#380
out_new_n1383_:new_n847_	337	320	0	#381
new_n1384_	1	289	0	#382
out_new_n1385_:new_n1384_	0	292	0	#383
out_new_n1386_:new_n866_	71	0	0	#384
new_n1387_	250	135	0	#385
new_n1388_	258	135	0	#386
new_n1389_	274	135	0	#387
new_n1390_	336	151	0	#388
out_new_n1391_:new_n883_	337	283	0	#389
new_n1392_	1	325	0	#390
out_new_n1393_:new_n1392_	0	330	0	#391
out_new_n1394_:new_n878_	0	70	0	#392
new_n1395_	161	17	0	#393
new_n1396_	161	50	0	#394
new_n1397_	161	329	0	#395
out_new_n1398_:new_n1397_	147	337	0	#396
out_new_n1399_:new_n859_	337	80	0	#397
new_n1400_	336	161	0	#398
out_new_n1401_:new_n1400_	337	164	0	#399
out_new_n1402_:new_n890_	28	0	0	#400
new_n1403_	2	309	0	#401
new_n1404_	2	310	0	#402
new_n1405_	2	319	0	#403
new_n1406_	1	320	0	#404
out_new_n1407_:new_n1390_	337	152	0	#405
new_n1408_	1	321	0	#406
new_n1409_	1	322	0	#407
out_new_n1410_:new_n1409_	0	323	0	#408
out_new_n1411_:new_n871_	35	337	0	#409
new_n1412_	336	300	0	#410
out_new_n1413_:new_n1412_	337	305	0	#411
out_new_n1414_:new_n958_	259	337	0	#412
new_n1415_	1	177	0	#413
new_n1416_	1	178	0	#414
new_n1417_	1	179	0	#415
out_new_n1418_:new_n1417_	0	214	0	#416
out_new_n1419_:new_n969_	4	337	0	#417
new_n1420_	329	324	0	#418
new_n1421_	331	325	0	#419
new_n1422_	331	332	0	#420
new_n1423_	333	332	0	#421
out_new_n1424_:new_n990_	0	28	0	#422
new_n1425_	234	1	0	#423
out_new_n1426_:new_n1425_	235	0	0	#424
out_new_n1427_:new_n980_	337	261	0	#425
new_n1428_	103	2	0	#426
new_n1429_	102	2	0	#427
new_n1430_	101	2	0	#428
out_new_n1431_:new_n1430_	97	0	0	#429
out_new_n1432_:new_n963_	155	337	0	#430
new_n1433_	1	148	0	#431
out_new_n1434_:new_n1433_	0	177	0	#432
out_new_n1435_:new_n986_	337	295	0	#433
new_n1436_	144	1	0	#434
new_n1437_	146	1	0	#435
new_n1438_	146	2	0	#436
new_n1439_	148	2	0	#437
out_new_n1440_:new_n1423_	333	337	0	#438
new_n1441_	150	2	0	#439
new_n1442_	152	2	0	#440
new_n1443_	153	2	0	#441
out_new_n1444_:new_n1023_	337	29	0	#442
new_n1445_	275	1	0	#443
out_new_n1446_:new_n1445_	275	0	0	#444
out_new_n1447_:new_n906_	281	0	0	#445
new_n1448_	262	2	0	#446
new_n1449_	263	1	0	#447
new_n1450_	264	2	0	#448
out_new_n1451_:new_n1450_	265	0	0	#449
out_new_n1452_:new_n899_	337	90	0	#450
new_n1453_	323	314	0	#451
out_new_n1454_:new_n1453_	324	337	0	#452
out_new_n1455_:new_n918_	0	220	0	#453
new_n1456_	113	1	0	#454
new_n1457_	112	1	0	#455
new_n1458_	109	1	0	#456
new_n1459_	108	1	0	#457
out_new_n1460_:new_n935_	247	0	0	#458
new_n1461_	336	253	0	#459
out_new_n1462_:new_n1461_	337	259	0	#460
out_new_n1463_:new_n930_	0	78	0	#461
new_n1464_	211	99	0	#462
new_n1465_	213	157	0	#463
new_n1466_	215	276	0	#464
out_new_n1467_:new_n1466_	216	337	0	#465
out_new_n1468_:new_n911_	5	337	0	#466
new_n1469_	14	326	0	#467
out_new_n1470_:new_n1469_	14	337	0	#468
out_new_n1471_:new_n942_	119	0	0	#469
new_n1472_	195	2	0	#470
new_n1473_	196	2	0	#471
new_n1474_	196	1	0	#472
new_n1475_	198	1	0	#473
out_new_n1476_:new_n1459_	108	0	0	#474
new_n1477_	198	2	0	#475
new_n1478_	199	1	0	#476
out_new_n1479_:new_n1478_	244	0	0	#477
out_new_n1480_:new_n973_	337	317	0	#478
new_n1481_	140	306	0	#479
out_new_n1482_:new_n1481_	140	337	0	#480
out_new_n1483_:new_n1006_	80	0	0	#481
new_n1484_	334	288	0	#482
new_n1485_	334	293	0	#483
new_n1486_	334	318	0	#484
out_new_n1487_:new_n1486_	337	319	0	#485
out_new_n1488_:new_n999_	0	111	0	#486
new_n1489_	142	313	0	#487
out_new_n1490_:new_n1489_	142	337	0	#488
out_new_n1491_:new_n1018_	330	0	0	#489
new_n1492_	108	318	0	#490
new_n1493_	107	319	0	#491
new_n1494_	107	320	0	#492
new_n1495_	109	320	0	#493
out_new_n1496_:new_n1035_	76	0	0	#494
new_n1497_	281	315	0	#495
out_new_n1498_:new_n1497_	281	337	0	#496
out_new_n1499_:new_n1030_	337	267	0	#497
new_n1500_	320	2	0	#498
new_n1501_	322	2	0	#499
new_n1502_	323	2	0	#500
out_new_n1503_:new_n1502_	325	0	0	#501
out_new_n1504_:new_n1011_	337	44	0	#502
new_n1505_	80	310	0	#503
out_new_n1506_:new_n1505_	80	337	0	#504
out_new_n1507_:new_n1042_	48	0	0	#505
new_n1508_	214	1	0	#506
new_n1509_	216	1	0	#507
new_n1510_	218	1	0	#508
new_n1511_	222	1	0	#509
out_new_n1512_:new_n1495_	110	337	0	#510
new_n1513_	222	2	0	#511
new_n1514_	223	2	0	#512
new_n1515_	225	2	0	#513
out_new_n1516_:new_n1443_	154	0	0	#514
new_n1517_	224	2	0	#515
new_n1518_	224	1	0	#516
new_n1519_	223	1	0	#517
out_new_n1521_:new_n341_	101	337	0	#518
new_n1522_	162	1	0	#519
out_new_n1523_:new_n305_	337	206	0	#520
new_n1524_	335	2	0	#521
out_new_n1525_:new_n1522_	162	0	0	#522
new_n1526_	335	3	0	#523
new_n1527_	335	4	0	#524
out_new_n1528_:new_n1527_	337	78	0	#525
out_new_n1529_:new_n431_	215	337	0	#526
new_n1530_	1	82	0	#527
out_new_n1531_:new_n351_	255	0	0	#528
new_n1532_	37	154	0	#529
out_new_n1533_:new_n1530_	0	83	0	#530
new_n1534_	39	155	0	#531
new_n1535_	39	332	0	#532
new_n1536_	41	334	0	#533
out_new_n1537_:new_n480_	337	95	0	#534
new_n1538_	1	175	0	#535
out_new_n1539_:new_n396_	89	0	0	#536
new_n1540_	302	1	0	#537
out_new_n1541_:new_n1538_	0	182	0	#538
new_n1542_	314	1	0	#539
new_n1543_	316	1	0	#540
out_new_n1544_:new_n1543_	327	0	0	#541
out_new_n1545_:new_n386_	0	54	0	#542
new_n1546_	1	98	0	#543
out_new_n1547_:new_n441_	165	337	0	#544
new_n1548_	333	72	0	#545
out_new_n1549_:new_n1546_	0	98	0	#546
new_n1550_	334	73	0	#547
new_n1551_	334	176	0	#548
new_n1552_	335	185	0	#549
out_new_n1553_:new_n1536_	42	337	0	#550
new_n1554_	335	186	0	#551
new_n1555_	336	188	0	#552
out_new_n1556_:new_n1555_	337	193	0	#553
out_new_n1557_:new_n568_	337	300	0	#554
new_n1558_	280	328	0	#555
out_new_n1559_:new_n624_	254	0	0	#556
new_n1560_	152	116	0	#557
out_new_n1561_:new_n1558_	280	337	0	#558
new_n1562_	52	116	0	#559
new_n1563_	2	116	0	#560
out_new_n1564_:new_n1563_	0	149	0	#561
out_new_n1565_:new_n294_	208	0	0	#562
new_n1566_	224	310	0	#563
out_new_n1567_:new_n578_	0	17	0	#564
new_n1568_	249	110	0	#565
out_new_n1569_:new_n1566_	224	337	0	#566
new_n1570_	249	131	0	#567
new_n1571_	249	240	0	#568
new_n1572_	243	324	0	#569
out_new_n1573_:new_n612_	85	337	0	#570
new_n1574_	1	114	0	#571
out_new_n1575_:new_n534_	245	337	0	#572
new_n1576_	336	256	0	#573
out_new_n1577_:new_n1574_	0	115	0	#574
new_n1578_	336	257	0	#575
new_n1579_	336	286	0	#576
out_new_n1580_:new_n1579_	337	287	0	#577
out_new_n1581_:new_n524_	337	176	0	#578
new_n1582_	181	1	0	#579
out_new_n1583_:new_n490_	65	337	0	#580
new_n1584_	96	141	0	#581
out_new_n1585_:new_n1582_	181	0	0	#582
new_n1586_	96	142	0	#583
new_n1587_	95	146	0	#584
new_n1588_	93	318	0	#585
out_new_n1589_:new_n1572_	242	337	0	#586
new_n1590_	91	319	0	#587
new_n1591_	91	322	0	#588
new_n1592_	90	324	0	#589
out_new_n1594_:new_n721_	337	217	0	#590
new_n1595_	215	1	0	#591
out_new_n1596_:new_n681_	0	310	0	#592
new_n1597_	9	329	0	#593
out_new_n1598_:new_n1595_	215	0	0	#594
new_n1599_	7	329	0	#595
new_n1600_	3	334	0	#596
out_new_n1601_:new_n1600_	3	337	0	#597
out_new_n1602_:new_n825_	0	295	0	#598
new_n1603_	1	17	0	#599
out_new_n1604_:new_n733_	278	0	0	#600
new_n1605_	40	1	0	#601
out_new_n1606_:new_n1603_	0	18	0	#602
new_n1607_	31	1	0	#603
new_n1608_	25	1	0	#604
new_n1609_	17	1	0	#605
out_new_n1610_:new_n933_	0	153	0	#606
new_n1611_	117	261	0	#607
out_new_n1612_:new_n785_	59	0	0	#608
new_n1613_	335	16	0	#609
out_new_n1614_:new_n1611_	0	270	0	#610
new_n1615_	335	17	0	#611
new_n1616_	335	64	0	#612
out_new_n1617_:new_n1616_	337	125	0	#613
out_new_n1618_:new_n773_	0	210	0	#614
new_n1619_	1	141	0	#615
out_new_n1620_:new_n837_	96	0	0	#616
new_n1621_	336	70	0	#617
out_new_n1622_:new_n1619_	0	142	0	#618
new_n1623_	335	69	0	#619
new_n1624_	336	69	0	#620
new_n1625_	336	56	0	#621
out_new_n1626_:new_n1609_	17	0	0	#622
new_n1627_	335	56	0	#623
new_n1628_	335	55	0	#624
out_new_n1629_:new_n1628_	337	55	0	#625
out_new_n1630_:new_n881_	0	97	0	#626
new_n1631_	261	317	0	#627
out_new_n1632_:new_n993_	0	76	0	#628
new_n1633_	2	96	0	#629
out_new_n1634_:new_n1631_	261	337	0	#630
new_n1635_	2	97	0	#631
new_n1636_	2	98	0	#632
out_new_n1637_:new_n1636_	0	125	0	#633
out_new_n1638_:new_n669_	337	159	0	#634
new_n1639_	336	214	0	#635
out_new_n1640_:new_n893_	26	0	0	#636
new_n1641_	64	2	0	#637
out_new_n1642_:new_n1639_	337	215	0	#638
new_n1643_	32	2	0	#639
new_n1644_	13	2	0	#640
new_n1645_	1	7	0	#641
out_new_n1646_:new_n983_	337	298	0	#642
new_n1647_	78	323	0	#643
out_new_n1648_:new_n1045_	0	63	0	#644
new_n1649_	332	5	0	#645
out_new_n1650_:new_n1647_	78	337	0	#646
new_n1651_	333	5	0	#647
new_n1652_	334	5	0	#648
out_new_n1653_:new_n1652_	337	48	0	#649
out_new_n1654_:new_n1033_	337	271	0	#650
new_n1655_	336	27	0	#651
out_new_n1656_:new_n945_	121	0	0	#652
new_n1657_	197	233	0	#653
out_new_n1658_:new_n1655_	337	28	0	#654
new_n1659_	197	234	0	#655
new_n1660_	198	243	0	#656
new_n1661_	118	244	0	#657
out_new_n1662_:new_n1645_	0	8	0	#658
new_n1663_	86	245	0	#659
new_n1664_	6	252	0	#660
new_n1665_	2	253	0	#661
out_new_n1667_:new_n1086_	0	287	0	#662
new_n1668_	151	1	0	#663
out_new_n1669_:new_n1070_	337	177	0	#664
new_n1670_	313	230	0	#665
out_new_n1671_:new_n1668_	151	0	0	#666
new_n1672_	311	231	0	#667
new_n1673_	311	334	0	#668
out_new_n1674_:new_n1673_	311	337	0	#669
out_new_n1675_:new_n1126_	0	244	0	#670
new_n1676_	104	121	0	#671
out_new_n1677_:new_n1090_	337	227	0	#672
new_n1678_	3	236	0	#673
out_new_n1679_:new_n1676_	0	122	0	#674
new_n1680_	3	237	0	#675
new_n1681_	3	258	0	#676
new_n1682_	1	262	0	#677
out_new_n1683_:new_n1170_	317	337	0	#678
new_n1684_	202	1	0	#679
out_new_n1685_:new_n1110_	260	0	0	#680
new_n1686_	186	1	0	#681
out_new_n1687_:new_n1684_	202	0	0	#682
new_n1688_	182	1	0	#683
new_n1689_	180	1	0	#684
out_new_n1690_:new_n1689_	177	0	0	#685
out_new_n1691_:new_n1106_	0	162	0	#686
new_n1692_	53	1	0	#687
out_new_n1693_:new_n1130_	126	0	0	#688
new_n1694_	117	44	0	#689
out_new_n1695_:new_n1692_	53	0	0	#690
new_n1696_	115	234	0	#691
new_n1697_	115	317	0	#692
new_n1698_	114	319	0	#693
out_new_n1699_:new_n1682_	0	263	0	#694
new_n1700_	113	320	0	#695
new_n1701_	113	321	0	#696
out_new_n1702_:new_n1701_	112	337	0	#697
out_new_n1703_:new_n1150_	326	337	0	#698
new_n1704_	204	309	0	#699
out_new_n1705_:new_n1196_	7	337	0	#700
new_n1706_	2	210	0	#701
out_new_n1707_:new_n1704_	204	337	0	#702
new_n1708_	2	211	0	#703
new_n1709_	2	217	0	#704
out_new_n1710_:new_n1709_	0	230	0	#705
out_new_n1711_:new_n1066_	191	0	0	#706
new_n1712_	145	321	0	#707
out_new_n1713_:new_n1154_	0	2	0	#708
new_n1714_	334	105	0	#709
out_new_n1715_:new_n1712_	145	337	0	#710
new_n1716_	335	105	0	#711
new_n1717_	335	106	0	#712
new_n1718_	336	113	0	#713
out_new_n1719_:new_n1191_	337	173	0	#714
new_n1720_	1	142	0	#715
out_new_n1721_:new_n1216_	211	337	0	#716
new_n1722_	336	21	0	#717
out_new_n1723_:new_n1720_	0	146	0	#718
new_n1724_	336	20	0	#719
new_n1725_	336	23	0	#720
out_new_n1726_:new_n1725_	337	93	0	#721
out_new_n1727_:new_n1212_	136	337	0	#722
new_n1728_	133	1	0	#723
out_new_n1729_:new_n1174_	0	234	0	#724
new_n1730_	206	256	0	#725
out_new_n1731_:new_n1728_	133	0	0	#726
new_n1732_	207	261	0	#727
new_n1733_	207	282	0	#728
new_n1734_	261	283	0	#729
out_new_n1735_:new_n1718_	337	131	0	#730
new_n1736_	273	283	0	#731
new_n1737_	335	288	0	#732
new_n1738_	336	289	0	#733
out_new_n1740_:new_n1285_	270	337	0	#734
new_n1741_	1	159	0	#735
out_new_n1742_:new_n1365_	134	0	0	#736
new_n1743_	196	142	0	#737
out_new_n1744_:new_n1741_	0	159	0	#738
new_n1745_	196	173	0	#739
new_n1746_	196	211	0	#740
out_new_n1747_:new_n1746_	195	337	0	#741
out_new_n1748_:new_n1249_	173	0	0	#742
new_n1749_	1	89	0	#743
out_new_n1750_:new_n1293_	0	298	0	#744
new_n1751_	160	1	0	#745
out_new_n1752_:new_n1749_	0	89	0	#746
new_n1753_	160	2	0	#747
new_n1754_	160	3	0	#748
new_n1755_	336	15	0	#749
out_new_n1756_:new_n1466_	218	337	0	#750
new_n1757_	1	48	0	#751
out_new_n1758_:new_n1329_	0	289	0	#752
new_n1759_	173	297	0	#753
out_new_n1760_:new_n1757_	0	49	0	#754
new_n1761_	174	297	0	#755
new_n1762_	174	306	0	#756
out_new_n1763_:new_n1762_	176	337	0	#757
out_new_n1764_:new_n1321_	0	199	0	#758
new_n1765_	336	166	0	#759
out_new_n1766_:new_n1257_	257	337	0	#760
new_n1767_	129	230	0	#761
out_new_n1768_:new_n1765_	337	167	0	#762
new_n1769_	111	230	0	#763
new_n1770_	73	240	0	#764
new_n1771_	71	327	0	#765
out_new_n1772_:new_n1755_	337	16	0	#766
new_n1773_	71	328	0	#767
new_n1774_	71	329	0	#768
out_new_n1775_:new_n1774_	71	337	0	#769
out_new_n1776_:new_n1417_	0	213	0	#770
new_n1777_	331	334	0	#771
out_new_n1778_:new_n1438_	148	0	0	#772
new_n1779_	29	329	0	#773
out_new_n1780_:new_n1777_	330	337	0	#774
new_n1781_	27	329	0	#775
new_n1782_	25	334	0	#776
out_new_n1783_:new_n1782_	25	337	0	#777
out_new_n1784_:new_n1357_	337	61	0	#778
new_n1785_	1	31	0	#779
out_new_n1786_:new_n1405_	0	322	0	#780
new_n1787_	282	135	0	#781
out_new_n1788_:new_n1785_	0	32	0	#782
new_n1789_	284	136	0	#783
new_n1790_	285	137	0	#784
new_n1791_	285	188	0	#785
out_new_n1792_:new_n1430_	98	0	0	#786
new_n1793_	336	317	0	#787
out_new_n1794_:new_n1510_	218	0	0	#788
new_n1795_	105	320	0	#789
out_new_n1796_:new_n1793_	337	318	0	#790
new_n1797_	103	320	0	#791
new_n1798_	103	321	0	#792
out_new_n1799_:new_n1798_	100	337	0	#793
out_new_n1800_:new_n1502_	323	0	0	#794
new_n1801_	265	30	0	#795
out_new_n1802_:new_n1474_	196	0	0	#796
new_n1803_	107	1	0	#797
out_new_n1804_:new_n1801_	337	30	0	#798
new_n1805_	82	1	0	#799
new_n1806_	50	1	0	#800
new_n1807_	22	1	0	#801
out_new_n1808_:new_n1791_	284	337	0	#802
new_n1809_	22	2	0	#803
new_n1810_	21	1	0	#804
new_n1811_	15	1	0	#805
out_new_n1813_:new_n351_	257	0	0	#806
new_n1814_	98	318	0	#807
out_new_n1815_:new_n295_	309	0	0	#808
new_n1816_	332	3	0	#809
out_new_n1817_:new_n1814_	97	337	0	#810
new_n1818_	332	4	0	#811
new_n1819_	332	6	0	#812
out_new_n1820_:new_n1819_	337	196	0	#813
out_new_n1821_:new_n441_	164	337	0	#814
new_n1822_	210	314	0	#815
out_new_n1823_:new_n331_	34	0	0	#816
new_n1824_	2	64	0	#817
out_new_n1825_:new_n1822_	210	337	0	#818
new_n1826_	1	64	0	#819
new_n1827_	1	65	0	#820
new_n1828_	1	81	0	#821
out_new_n1829_:new_n490_	66	337	0	#822
new_n1830_	336	75	0	#823
out_new_n1831_:new_n376_	295	0	0	#824
new_n1832_	120	184	0	#825
out_new_n1833_:new_n1830_	337	75	0	#826
new_n1834_	120	185	0	#827
new_n1835_	120	322	0	#828
out_new_n1836_:new_n1835_	121	337	0	#829
out_new_n1837_:new_n396_	104	0	0	#830
new_n1838_	1	41	0	#831
out_new_n1839_:new_n421_	337	88	0	#832
new_n1840_	48	118	0	#833
out_new_n1841_:new_n1838_	0	41	0	#834
new_n1842_	47	119	0	#835
new_n1843_	46	134	0	#836
new_n1844_	44	165	0	#837
out_new_n1845_:new_n1828_	0	82	0	#838
new_n1846_	38	165	0	#839
new_n1847_	2	165	0	#840
out_new_n1848_:new_n1847_	0	184	0	#841
out_new_n1849_:new_n578_	0	16	0	#842
new_n1850_	336	296	0	#843
out_new_n1851_:new_n602_	157	337	0	#844
new_n1852_	280	326	0	#845
out_new_n1853_:new_n1850_	337	297	0	#846
new_n1854_	294	326	0	#847
new_n1855_	298	334	0	#848
out_new_n1856_:new_n1855_	299	337	0	#849
out_new_n1857_:new_n305_	337	205	0	#850
new_n1858_	209	1	0	#851
out_new_n1859_:new_n558_	249	0	0	#852
new_n1860_	224	301	0	#853
out_new_n1861_:new_n1858_	209	0	0	#854
new_n1862_	236	302	0	#855
new_n1863_	292	333	0	#856
new_n1864_	294	332	0	#857
out_new_n1865_:new_n624_	253	0	0	#858
new_n1866_	84	318	0	#859
out_new_n1867_:new_n514_	337	268	0	#860
new_n1868_	2	81	0	#861
out_new_n1869_:new_n1866_	83	337	0	#862
new_n1870_	2	82	0	#863
new_n1871_	2	83	0	#864
out_new_n1872_:new_n1871_	0	148	0	#865
out_new_n1873_:new_n534_	246	337	0	#866
new_n1874_	336	135	0	#867
out_new_n1875_:new_n470_	0	164	0	#868
new_n1876_	182	2	0	#869
out_new_n1877_:new_n1874_	337	142	0	#870
new_n1878_	201	2	0	#871
new_n1879_	202	2	0	#872
new_n1880_	204	2	0	#873
out_new_n1881_:new_n1864_	295	337	0	#874
new_n1882_	205	2	0	#875
new_n1883_	205	1	0	#876
new_n1884_	207	1	0	#877
out_new_n1886_:new_n733_	271	0	0	#878
new_n1887_	336	190	0	#879
out_new_n1888_:new_n657_	11	337	0	#880
new_n1889_	217	1	0	#881
out_new_n1890_:new_n1887_	337	195	0	#882
new_n1891_	262	1	0	#883
new_n1892_	278	1	0	#884
out_new_n1893_:new_n1892_	321	0	0	#885
out_new_n1894_:new_n837_	101	0	0	#886
new_n1895_	1	291	0	#887
out_new_n1896_:new_n709_	44	0	0	#888
new_n1897_	8	2	0	#889
out_new_n1898_:new_n1895_	0	294	0	#890
new_n1899_	9	2	0	#891
new_n1900_	9	1	0	#892
new_n1901_	10	1	0	#893
out_new_n1902_:new_n945_	123	0	0	#894
new_n1903_	1	107	0	#895
out_new_n1904_:new_n761_	337	42	0	#896
new_n1905_	161	297	0	#897
out_new_n1906_:new_n1903_	0	109	0	#898
new_n1907_	161	298	0	#899
new_n1908_	161	312	0	#900
out_new_n1909_:new_n1908_	163	337	0	#901
out_new_n1910_:new_n785_	56	0	0	#902
new_n1911_	40	2	0	#903
out_new_n1912_:new_n813_	337	156	0	#904
new_n1913_	175	176	0	#905
out_new_n1914_:new_n1911_	40	0	0	#906
new_n1915_	178	183	0	#907
new_n1916_	188	278	0	#908
new_n1917_	184	307	0	#909
out_new_n1918_:new_n1901_	10	0	0	#910
new_n1919_	170	307	0	#911
new_n1920_	160	310	0	#912
out_new_n1921_:new_n1920_	159	337	0	#913
out_new_n1922_:new_n893_	25	0	0	#914
new_n1923_	1	83	0	#915
out_new_n1924_:new_n971_	0	133	0	#916
new_n1925_	263	315	0	#917
out_new_n1926_:new_n1923_	0	84	0	#918
new_n1927_	265	315	0	#919
new_n1928_	273	332	0	#920
out_new_n1929_:new_n1928_	273	337	0	#921
out_new_n1930_:new_n681_	0	308	0	#922
new_n1931_	336	80	0	#923
out_new_n1932_:new_n869_	67	0	0	#924
new_n1933_	264	217	0	#925
out_new_n1934_:new_n1931_	337	101	0	#926
new_n1935_	263	218	0	#927
new_n1936_	263	325	0	#928
new_n1937_	265	326	0	#929
out_new_n1938_:new_n993_	0	75	0	#930
new_n1939_	336	293	0	#931
out_new_n1940_:new_n1021_	337	6	0	#932
new_n1941_	66	254	0	#933
out_new_n1942_:new_n1939_	337	294	0	#934
new_n1943_	53	255	0	#935
new_n1944_	3	262	0	#936
out_new_n1945_:new_n1944_	0	274	0	#937
out_new_n1946_:new_n1045_	0	62	0	#938
new_n1947_	336	270	0	#939
out_new_n1948_:new_n921_	337	238	0	#940
new_n1949_	287	3	0	#941
out_new_n1950_:new_n1947_	337	279	0	#942
new_n1951_	286	3	0	#943
new_n1952_	286	2	0	#944
new_n1953_	280	2	0	#945
out_new_n1954_:new_n1937_	265	337	0	#946
new_n1955_	279	2	0	#947
new_n1956_	279	1	0	#948
new_n1957_	280	1	0	#949
out_new_n1959_:new_n1090_	337	228	0	#950
new_n1960_	2	286	0	#951
out_new_n1961_:new_n1062_	337	236	0	#952
new_n1962_	150	1	0	#953
out_new_n1963_:new_n1960_	0	286	0	#954
new_n1964_	148	1	0	#955
new_n1965_	147	1	0	#956
out_new_n1966_:new_n1965_	144	0	0	#957
out_new_n1967_:new_n1130_	127	0	0	#958
new_n1968_	1	228	0	#959
out_new_n1969_:new_n1082_	0	243	0	#960
new_n1970_	109	97	0	#961
out_new_n1971_:new_n1968_	0	231	0	#962
new_n1972_	113	97	0	#963
new_n1973_	115	97	0	#964
new_n1974_	115	1	0	#965
out_new_n1975_:new_n1174_	0	233	0	#966
new_n1976_	318	325	0	#967
out_new_n1977_:new_n1102_	189	0	0	#968
new_n1978_	203	1	0	#969
out_new_n1979_:new_n1976_	318	337	0	#970
new_n1980_	229	1	0	#971
new_n1981_	235	1	0	#972
out_new_n1982_:new_n1981_	243	0	0	#973
out_new_n1983_:new_n1110_	258	0	0	#974
new_n1984_	1	138	0	#975
out_new_n1985_:new_n1122_	125	0	0	#976
new_n1986_	51	1	0	#977
out_new_n1987_:new_n1984_	0	139	0	#978
new_n1988_	48	1	0	#979
new_n1989_	43	1	0	#980
new_n1990_	38	1	0	#981
out_new_n1991_:new_n1974_	114	0	0	#982
new_n1992_	26	1	0	#983
new_n1993_	16	1	0	#984
out_new_n1994_:new_n1993_	5	0	0	#985
out_new_n1995_:new_n1154_	0	1	0	#986
new_n1996_	327	313	0	#987
out_new_n1997_:new_n1186_	0	219	0	#988
new_n1998_	202	309	0	#989
out_new_n1999_:new_n1996_	327	337	0	#990
new_n2000_	201	309	0	#991
new_n2001_	201	330	0	#992
out_new_n2002_:new_n2001_	199	337	0	#993
out_new_n2003_:new_n1070_	337	178	0	#994
new_n2004_	193	1	0	#995
out_new_n2005_:new_n1146_	337	162	0	#996
new_n2006_	143	253	0	#997
out_new_n2007_:new_n2004_	193	0	0	#998
new_n2008_	123	253	0	#999
new_n2009_	3	253	0	#1000
new_n2010_	1	256	0	#1001
out_new_n2011_:new_n1196_	8	337	0	#1002
new_n2012_	336	130	0	#1003
out_new_n2013_:new_n1208_	337	51	0	#1004
new_n2014_	1	133	0	#1005
out_new_n2015_:new_n2012_	337	137	0	#1006
new_n2016_	1	134	0	#1007
new_n2017_	1	136	0	#1008
out_new_n2018_:new_n2017_	0	191	0	#1009
out_new_n2019_:new_n1216_	212	337	0	#1010
new_n2020_	137	2	0	#1011
out_new_n2021_:new_n1166_	337	270	0	#1012
new_n2022_	125	2	0	#1013
out_new_n2023_:new_n2020_	137	0	0	#1014
new_n2024_	119	2	0	#1015
new_n2025_	115	2	0	#1016
new_n2026_	2	105	0	#1017
out_new_n2027_:new_n2010_	0	257	0	#1018
new_n2028_	2	106	0	#1019
new_n2029_	2	107	0	#1020
new_n2030_	1	131	0	#1021
out_new_n2032_:new_n1293_	0	297	0	#1022
new_n2033_	269	320	0	#1023
out_new_n2034_:new_n1349_	337	180	0	#1024
new_n2035_	53	179	0	#1025
out_new_n2036_:new_n2033_	268	337	0	#1026
new_n2037_	53	180	0	#1027
new_n2038_	53	201	0	#1028
out_new_n2039_:new_n2038_	0	206	0	#1029
out_new_n2040_:new_n1257_	256	337	0	#1030
new_n2041_	175	1	0	#1031
out_new_n2042_:new_n1277_	158	0	0	#1032
new_n2043_	57	155	0	#1033
out_new_n2044_:new_n2041_	175	0	0	#1034
new_n2045_	57	156	0	#1035
new_n2046_	57	197	0	#1036
new_n2047_	1	194	0	#1037
out_new_n2048_:new_n1474_	198	0	0	#1038
new_n2049_	217	309	0	#1039
out_new_n2050_:new_n1313_	173	337	0	#1040
new_n2051_	1	76	0	#1041
out_new_n2052_:new_n2049_	217	337	0	#1042
new_n2053_	1	77	0	#1043
new_n2054_	1	88	0	#1044
out_new_n2055_:new_n2054_	0	128	0	#1045
out_new_n2056_:new_n1329_	0	291	0	#1046
new_n2057_	1	183	0	#1047
out_new_n2058_:new_n1241_	337	232	0	#1048
new_n2059_	238	166	0	#1049
out_new_n2060_:new_n2057_	0	186	0	#1050
new_n2061_	236	166	0	#1051
new_n2062_	234	167	0	#1052
new_n2063_	218	168	0	#1053
out_new_n2064_:new_n2047_	0	195	0	#1054
new_n2065_	134	169	0	#1055
new_n2066_	2	172	0	#1056
out_new_n2067_:new_n2066_	0	172	0	#1057
out_new_n2068_:new_n1405_	0	321	0	#1058
new_n2069_	1	185	0	#1059
out_new_n2070_:new_n1422_	331	337	0	#1060
new_n2071_	171	330	0	#1061
out_new_n2072_:new_n2069_	0	190	0	#1062
new_n2073_	195	331	0	#1063
new_n2074_	335	334	0	#1064
out_new_n2075_:new_n2074_	334	337	0	#1065
out_new_n2076_:new_n1365_	135	337	0	#1066
new_n2077_	336	40	0	#1067
out_new_n2078_:new_n1389_	337	214	0	#1068
new_n2079_	2	7	0	#1069
out_new_n2080_:new_n2077_	337	41	0	#1070
new_n2081_	2	8	0	#1071
new_n2082_	1	8	0	#1072
new_n2083_	1	9	0	#1073
out_new_n2084_:new_n1438_	146	0	0	#1074
new_n2085_	99	1	0	#1075
out_new_n2086_:new_n1494_	107	337	0	#1076
new_n2087_	335	319	0	#1077
out_new_n2088_:new_n2085_	99	0	0	#1078
new_n2089_	335	320	0	#1079
new_n2090_	336	324	0	#1080
out_new_n2091_:new_n2090_	337	326	0	#1081
out_new_n2092_:new_n1510_	222	0	0	#1082
new_n2093_	325	1	0	#1083
out_new_n2094_:new_n1458_	109	0	0	#1084
new_n2095_	264	55	0	#1085
out_new_n2096_:new_n2093_	326	0	0	#1086
new_n2097_	262	90	0	#1087
new_n2098_	262	201	0	#1088
new_n2099_	260	210	0	#1089
out_new_n2100_:new_n2083_	0	12	0	#1090
new_n2101_	248	213	0	#1091
new_n2102_	244	324	0	#1092
new_n2103_	242	330	0	#1093
out_new_n2105_:new_n331_	33	0	0	#1094
new_n2106_	256	1	0	#1095
out_new_n2107_:new_n295_	310	0	0	#1096
new_n2108_	106	318	0	#1097
out_new_n2109_:new_n2106_	256	0	0	#1098
new_n2110_	124	319	0	#1099
new_n2111_	126	328	0	#1100
out_new_n2112_:new_n2111_	126	337	0	#1101
out_new_n2113_:new_n421_	337	87	0	#1102
new_n2114_	166	306	0	#1103
out_new_n2115_:new_n321_	0	86	0	#1104
new_n2116_	218	313	0	#1105
out_new_n2117_:new_n2114_	166	337	0	#1106
new_n2118_	220	313	0	#1107
new_n2119_	220	316	0	#1108
new_n2120_	220	318	0	#1109
out_new_n2121_:new_n470_	0	165	0	#1110
new_n2122_	66	314	0	#1111
out_new_n2123_:new_n366_	0	201	0	#1112
new_n2124_	335	63	0	#1113
out_new_n2125_:new_n2122_	67	337	0	#1114
new_n2126_	335	62	0	#1115
new_n2127_	336	62	0	#1116
out_new_n2128_:new_n2127_	337	66	0	#1117
out_new_n2129_:new_n376_	299	0	0	#1118
new_n2130_	46	1	0	#1119
out_new_n2131_:new_n411_	0	127	0	#1120
new_n2132_	3	19	0	#1121
out_new_n2133_:new_n2130_	46	0	0	#1122
new_n2134_	2	19	0	#1123
new_n2135_	1	19	0	#1124
new_n2136_	1	20	0	#1125
out_new_n2137_:new_n2120_	220	337	0	#1126
new_n2138_	1	21	0	#1127
new_n2139_	1	22	0	#1128
out_new_n2140_:new_n2139_	0	23	0	#1129
out_new_n2141_:new_n558_	250	0	0	#1130
new_n2142_	1	4	0	#1131
out_new_n2143_:new_n592_	279	337	0	#1132
new_n2144_	335	295	0	#1133
out_new_n2145_:new_n2142_	0	4	0	#1134
new_n2146_	335	298	0	#1135
new_n2147_	336	307	0	#1136
out_new_n2148_:new_n2147_	337	306	0	#1137
out_new_n2149_:new_n283_	337	200	0	#1138
new_n2150_	336	164	0	#1139
out_new_n2151_:new_n548_	219	337	0	#1140
new_n2152_	333	3	0	#1141
out_new_n2153_:new_n2150_	337	165	0	#1142
new_n2154_	333	4	0	#1143
new_n2155_	334	4	0	#1144
new_n2156_	336	32	0	#1145
out_new_n2157_:new_n602_	156	337	0	#1146
new_n2158_	252	1	0	#1147
out_new_n2159_:new_n504_	0	152	0	#1148
new_n2160_	84	317	0	#1149
out_new_n2161_:new_n2158_	252	0	0	#1150
new_n2162_	76	317	0	#1151
new_n2163_	62	334	0	#1152
out_new_n2164_:new_n2163_	57	337	0	#1153
out_new_n2165_:new_n514_	337	266	0	#1154
new_n2166_	245	310	0	#1155
out_new_n2167_:new_n460_	180	0	0	#1156
new_n2168_	242	140	0	#1157
out_new_n2169_:new_n2166_	244	337	0	#1158
new_n2170_	242	141	0	#1159
new_n2171_	242	142	0	#1160
new_n2172_	242	157	0	#1161
out_new_n2173_:new_n2156_	337	33	0	#1162
new_n2174_	242	160	0	#1163
new_n2175_	242	306	0	#1164
new_n2176_	240	326	0	#1165
out_new_n2178_:new_n709_	45	0	0	#1166
new_n2179_	272	1	0	#1167
out_new_n2180_:new_n645_	216	0	0	#1168
new_n2181_	280	160	0	#1169
out_new_n2182_:new_n2179_	272	0	0	#1170
new_n2183_	282	160	0	#1171
new_n2184_	282	159	0	#1172
out_new_n2185_:new_n2184_	337	185	0	#1173
out_new_n2186_:new_n813_	337	155	0	#1174
new_n2187_	100	1	0	#1175
out_new_n2188_:new_n697_	0	20	0	#1176
new_n2189_	18	289	0	#1177
out_new_n2190_:new_n2187_	100	0	0	#1178
new_n2191_	19	290	0	#1179
new_n2192_	19	318	0	#1180
new_n2193_	21	330	0	#1181
out_new_n2194_:new_n921_	337	239	0	#1182
new_n2195_	122	1	0	#1183
out_new_n2196_:new_n749_	151	337	0	#1184
new_n2197_	1	99	0	#1185
out_new_n2198_:new_n2195_	122	0	0	#1186
new_n2199_	1	100	0	#1187
new_n2200_	1	101	0	#1188
out_new_n2201_:new_n2200_	0	106	0	#1189
out_new_n2202_:new_n761_	337	43	0	#1190
new_n2203_	58	1	0	#1191
out_new_n2204_:new_n801_	0	196	0	#1192
new_n2205_	93	195	0	#1193
out_new_n2206_:new_n2203_	58	0	0	#1194
new_n2207_	93	284	0	#1195
new_n2208_	93	325	0	#1196
new_n2209_	93	326	0	#1197
out_new_n2210_:new_n2193_	21	337	0	#1198
new_n2211_	95	327	0	#1199
new_n2212_	95	328	0	#1200
out_new_n2213_:new_n2212_	95	337	0	#1201
out_new_n2214_:new_n869_	66	0	0	#1202
new_n2215_	30	1	0	#1203
out_new_n2216_:new_n961_	262	337	0	#1204
new_n2217_	1	70	0	#1205
out_new_n2218_:new_n2215_	30	0	0	#1206
new_n2219_	2	70	0	#1207
new_n2220_	2	71	0	#1208
out_new_n2221_:new_n2220_	0	117	0	#1209
out_new_n2222_:new_n657_	12	337	0	#1210
new_n2223_	1	304	0	#1211
out_new_n2224_:new_n857_	337	223	0	#1212
new_n2225_	336	73	0	#1213
out_new_n2226_:new_n2223_	0	307	0	#1214
new_n2227_	336	74	0	#1215
new_n2228_	336	76	0	#1216
new_n2229_	336	118	0	#1217
out_new_n2230_:new_n971_	0	134	0	#1218
new_n2231_	1	47	0	#1219
out_new_n2232_:new_n1009_	75	337	0	#1220
new_n2233_	335	293	0	#1221
out_new_n2234_:new_n2231_	0	48	0	#1222
new_n2235_	335	294	0	#1223
new_n2236_	336	311	0	#1224
out_new_n2237_:new_n2236_	337	313	0	#1225
out_new_n2238_:new_n1021_	337	1	0	#1226
new_n2239_	1	38	0	#1227
out_new_n2240_:new_n909_	337	57	0	#1228
new_n2241_	296	269	0	#1229
out_new_n2242_:new_n2239_	0	38	0	#1230
new_n2243_	294	272	0	#1231
new_n2244_	296	305	0	#1232
new_n2245_	294	328	0	#1233
out_new_n2246_:new_n2229_	337	119	0	#1234
new_n2247_	294	329	0	#1235
new_n2248_	293	330	0	#1236
new_n2249_	295	334	0	#1237
out_new_n2251_:new_n1082_	0	242	0	#1238
new_n2252_	336	172	0	#1239
out_new_n2253_:new_n1058_	150	0	0	#1240
new_n2254_	42	288	0	#1241
out_new_n2255_:new_n2252_	337	172	0	#1242
new_n2256_	42	289	0	#1243
new_n2257_	42	306	0	#1244
out_new_n2258_:new_n2257_	44	337	0	#1245
out_new_n2259_:new_n1122_	120	0	0	#1246
new_n2260_	129	1	0	#1247
out_new_n2261_:new_n1078_	105	337	0	#1248
new_n2262_	167	228	0	#1249
out_new_n2263_:new_n2260_	129	0	0	#1250
new_n2264_	167	229	0	#1251
new_n2265_	168	228	0	#1252
new_n2266_	275	221	0	#1253
out_new_n2267_:new_n1166_	337	269	0	#1254
new_n2268_	1	223	0	#1255
out_new_n2269_:new_n1098_	194	0	0	#1256
new_n2270_	322	279	0	#1257
out_new_n2271_:new_n2268_	0	228	0	#1258
new_n2272_	326	278	0	#1259
new_n2273_	334	279	0	#1260
out_new_n2274_:new_n2273_	337	284	0	#1261
out_new_n2275_:new_n1102_	186	0	0	#1262
new_n2276_	261	1	0	#1263
out_new_n2277_:new_n1118_	52	0	0	#1264
new_n2278_	2	123	0	#1265
out_new_n2279_:new_n2276_	261	0	0	#1266
new_n2280_	2	124	0	#1267
new_n2281_	1	126	0	#1268
new_n2282_	1	129	0	#1269
out_new_n2283_:new_n2266_	337	221	0	#1270
new_n2284_	1	130	0	#1271
new_n2285_	1	132	0	#1272
out_new_n2286_:new_n2285_	0	137	0	#1273
out_new_n2287_:new_n1146_	337	160	0	#1274
new_n2288_	1	1	0	#1275
out_new_n2289_:new_n1182_	203	337	0	#1276
new_n2290_	328	227	0	#1277
out_new_n2291_:new_n2288_	1	0	0	#1278
new_n2292_	330	100	0	#1279
new_n2293_	336	99	0	#1280
out_new_n2294_:new_n2293_	337	104	0	#1281
out_new_n2295_:new_n1062_	337	237	0	#1282
new_n2296_	336	147	0	#1283
out_new_n2297_:new_n1142_	146	337	0	#1284
new_n2298_	190	2	0	#1285
out_new_n2299_:new_n2296_	337	148	0	#1286
new_n2300_	188	2	0	#1287
new_n2301_	187	1	0	#1288
new_n2302_	183	1	0	#1289
out_new_n2303_:new_n1186_	0	221	0	#1290
new_n2304_	10	330	0	#1291
out_new_n2305_:new_n1204_	0	157	0	#1292
new_n2306_	317	89	0	#1293
out_new_n2307_:new_n2304_	10	337	0	#1294
new_n2308_	317	2	0	#1295
new_n2309_	317	1	0	#1296
out_new_n2310_:new_n2309_	316	0	0	#1297
out_new_n2311_:new_n1208_	337	52	0	#1298
new_n2312_	213	310	0	#1299
out_new_n2313_:new_n1162_	132	0	0	#1300
new_n2314_	131	40	0	#1301
out_new_n2315_:new_n2312_	213	337	0	#1302
new_n2316_	129	40	0	#1303
new_n2317_	83	40	0	#1304
new_n2318_	3	39	0	#1305
out_new_n2319_:new_n2302_	183	0	0	#1306
new_n2320_	3	42	0	#1307
new_n2321_	3	44	0	#1308
new_n2322_	1	71	0	#1309
out_new_n2324_:new_n1277_	157	0	0	#1310
new_n2325_	2	290	0	#1311
out_new_n2326_:new_n1341_	0	202	0	#1312
new_n2327_	271	79	0	#1313
out_new_n2328_:new_n2325_	0	290	0	#1314
new_n2329_	282	78	0	#1315
new_n2330_	290	78	0	#1316
out_new_n2331_:new_n2330_	337	111	0	#1317
out_new_n2332_:new_n1241_	337	231	0	#1318
new_n2333_	257	318	0	#1319
out_new_n2334_:new_n1269_	0	156	0	#1320
new_n2335_	170	2	0	#1321
out_new_n2336_:new_n2333_	258	337	0	#1322
new_n2337_	158	2	0	#1323
new_n2338_	10	2	0	#1324
new_n2339_	1	51	0	#1325
out_new_n2340_:new_n1458_	107	0	0	#1326
new_n2341_	197	1	0	#1327
out_new_n2342_:new_n1305_	0	93	0	#1328
new_n2343_	223	313	0	#1329
out_new_n2344_:new_n2341_	197	0	0	#1330
new_n2345_	229	314	0	#1331
new_n2346_	231	325	0	#1332
out_new_n2347_:new_n2346_	232	337	0	#1333
out_new_n2348_:new_n1313_	172	337	0	#1334
new_n2349_	1	281	0	#1335
out_new_n2350_:new_n1233_	337	181	0	#1336
new_n2351_	3	191	0	#1337
out_new_n2352_:new_n2349_	0	282	0	#1338
new_n2353_	2	202	0	#1339
new_n2354_	2	239	0	#1340
new_n2355_	2	240	0	#1341
out_new_n2356_:new_n2339_	0	51	0	#1342
new_n2357_	2	241	0	#1343
new_n2358_	1	258	0	#1344
out_new_n2359_:new_n2358_	0	259	0	#1345
out_new_n2360_:new_n1389_	337	213	0	#1346
new_n2361_	2	320	0	#1347
out_new_n2362_:new_n1417_	0	216	0	#1348
new_n2363_	28	328	0	#1349
out_new_n2364_:new_n2361_	0	320	0	#1350
new_n2365_	24	329	0	#1351
new_n2366_	18	334	0	#1352
out_new_n2367_:new_n2366_	15	337	0	#1353
out_new_n2368_:new_n1349_	337	179	0	#1354
new_n2369_	135	1	0	#1355
out_new_n2370_:new_n1381_	0	74	0	#1356
new_n2371_	336	46	0	#1357
out_new_n2372_:new_n2369_	135	0	0	#1358
new_n2373_	336	47	0	#1359
new_n2374_	336	48	0	#1360
new_n2375_	336	102	0	#1361
out_new_n2376_:new_n1422_	332	337	0	#1362
new_n2377_	147	2	0	#1363
out_new_n2378_:new_n1486_	337	321	0	#1364
new_n2379_	97	2	0	#1365
out_new_n2380_:new_n2377_	147	0	0	#1366
new_n2381_	95	2	0	#1367
new_n2382_	95	1	0	#1368
out_new_n2383_:new_n2382_	95	0	0	#1369
out_new_n2384_:new_n1494_	109	337	0	#1370
new_n2385_	221	1	0	#1371
out_new_n2386_:new_n1450_	264	0	0	#1372
new_n2387_	325	2	0	#1373
out_new_n2388_:new_n2385_	221	0	0	#1374
new_n2389_	326	2	0	#1375
new_n2390_	328	2	0	#1376
new_n2391_	331	2	0	#1377
out_new_n2392_:new_n2375_	337	115	0	#1378
new_n2393_	331	3	0	#1379
new_n2394_	331	4	0	#1380
new_n2395_	336	14	0	#1381
out_new_n2397_:new_n355_	259	0	0	#1382
new_n2398_	180	316	0	#1383
out_new_n2399_:new_n494_	51	337	0	#1384
new_n2400_	240	77	0	#1385
out_new_n2401_:new_n2398_	180	337	0	#1386
new_n2402_	308	78	0	#1387
new_n2403_	334	81	0	#1388
out_new_n2404_:new_n2403_	337	106	0	#1389
out_new_n2405_:new_n401_	0	283	0	#1390
new_n2406_	336	101	0	#1391
out_new_n2407_:new_n582_	0	42	0	#1392
new_n2408_	288	2	0	#1393
out_new_n2409_:new_n2406_	337	112	0	#1394
new_n2410_	288	1	0	#1395
new_n2411_	287	1	0	#1396
new_n2412_	286	1	0	#1397
out_new_n2414_:new_n737_	337	129	0	#1398
new_n2415_	73	1	0	#1399
out_new_n2416_:new_n949_	124	0	0	#1400
new_n2417_	66	1	0	#1401
out_new_n2418_:new_n2415_	73	0	0	#1402
new_n2419_	67	1	0	#1403
new_n2420_	69	1	0	#1404
out_new_n2421_:new_n2420_	69	0	0	#1405
out_new_n2422_:new_n897_	37	0	0	#1406
new_n2423_	33	334	0	#1407
out_new_n2424_:new_n997_	0	99	0	#1408
new_n2425_	227	2	0	#1409
out_new_n2426_:new_n2423_	34	337	0	#1410
new_n2427_	226	2	0	#1411
new_n2428_	226	1	0	#1412
new_n2429_	225	1	0	#1413
out_new_n2431_:new_n1094_	249	337	0	#1414
new_n2432_	79	1	0	#1415
out_new_n2433_:new_n1178_	0	240	0	#1416
new_n2434_	240	1	0	#1417
out_new_n2435_:new_n2432_	79	0	0	#1418
new_n2436_	240	2	0	#1419
new_n2437_	239	1	0	#1420
out_new_n2438_:new_n2437_	239	0	0	#1421
out_new_n2439_:new_n1158_	0	37	0	#1422
new_n2440_	335	126	0	#1423
out_new_n2441_:new_n1200_	0	336	0	#1424
new_n2442_	207	314	0	#1425
out_new_n2443_:new_n2440_	337	135	0	#1426
new_n2444_	207	315	0	#1427
new_n2445_	207	316	0	#1428
new_n2446_	209	332	0	#1429
out_new_n2448_:new_n1261_	255	337	0	#1430
new_n2449_	68	330	0	#1431
out_new_n2450_:new_n1333_	0	315	0	#1432
new_n2451_	229	2	0	#1433
out_new_n2452_:new_n2449_	68	337	0	#1434
new_n2453_	228	2	0	#1435
new_n2454_	228	1	0	#1436
out_new_n2455_:new_n2454_	228	0	0	#1437
out_new_n2456_:new_n1409_	0	327	0	#1438
new_n2457_	1	172	0	#1439
out_new_n2458_:new_n1514_	337	82	0	#1440
new_n2459_	153	3	0	#1441
out_new_n2460_:new_n2457_	0	179	0	#1442
new_n2461_	153	19	0	#1443
new_n2462_	153	294	0	#1444
new_n2463_	153	314	0	#1445
out_new_n2465_:new_n1535_	40	337	0	#1446
new_n2466_	336	186	0	#1447
out_new_n2467_:new_n1587_	94	337	0	#1448
new_n2468_	327	1	0	#1449
out_new_n2469_:new_n2466_	337	191	0	#1450
new_n2470_	329	1	0	#1451
new_n2471_	332	1	0	#1452
out_new_n2472_:new_n2471_	335	0	0	#1453
out_new_n2473_:new_n1527_	337	76	0	#1454
new_n2474_	1	123	0	#1455
out_new_n2475_:new_n1579_	337	291	0	#1456
new_n2476_	250	240	0	#1457
out_new_n2477_:new_n2474_	0	123	0	#1458
new_n2478_	256	240	0	#1459
new_n2479_	334	240	0	#1460
new_n2480_	336	241	0	#1461
out_new_n2482_:new_n1608_	21	0	0	#1462
new_n2483_	336	72	0	#1463
out_new_n2484_:new_n1660_	337	244	0	#1464
new_n2485_	335	99	0	#1465
out_new_n2486_:new_n2483_	337	73	0	#1466
new_n2487_	335	100	0	#1467
new_n2488_	336	100	0	#1468
out_new_n2489_:new_n2488_	337	123	0	#1469
out_new_n2490_:new_n1600_	2	337	0	#1470
new_n2491_	1	104	0	#1471
out_new_n2492_:new_n1652_	337	49	0	#1472
new_n2493_	2	3	0	#1473
out_new_n2494_:new_n2491_	0	105	0	#1474
new_n2495_	2	4	0	#1475
new_n2496_	2	6	0	#1476
new_n2497_	1	30	0	#1477
out_new_n2499_:new_n1681_	0	265	0	#1478
new_n2500_	114	318	0	#1479
out_new_n2501_:new_n1733_	194	337	0	#1480
new_n2502_	173	1	0	#1481
out_new_n2503_:new_n2500_	113	337	0	#1482
new_n2504_	169	1	0	#1483
new_n2505_	167	1	0	#1484
out_new_n2506_:new_n2505_	167	0	0	#1485
out_new_n2507_:new_n1673_	312	337	0	#1486
new_n2508_	1	222	0	#1487
out_new_n2509_:new_n1725_	337	91	0	#1488
new_n2510_	335	109	0	#1489
out_new_n2511_:new_n2508_	0	225	0	#1490
new_n2512_	335	108	0	#1491
new_n2513_	336	109	0	#1492
new_n2514_	336	128	0	#1493
out_new_n2516_:new_n1754_	0	27	0	#1494
new_n2517_	24	1	0	#1495
out_new_n2518_:new_n1762_	174	337	0	#1496
new_n2519_	41	235	0	#1497
out_new_n2520_:new_n2517_	24	0	0	#1498
new_n2521_	15	235	0	#1499
new_n2522_	3	235	0	#1500
out_new_n2523_:new_n2522_	0	236	0	#1501
out_new_n2524_:new_n1782_	26	337	0	#1502
new_n2525_	289	1	0	#1503
out_new_n2526_:new_n1798_	102	337	0	#1504
new_n2527_	332	212	0	#1505
out_new_n2528_:new_n2525_	289	0	0	#1506
new_n2529_	334	213	0	#1507
new_n2530_	336	220	0	#1508
new_n2531_	336	233	0	#1509
out_new_n2533_:new_n1827_	0	92	0	#1510
new_n2534_	204	1	0	#1511
out_new_n2535_:new_n1835_	120	337	0	#1512
new_n2536_	48	321	0	#1513
out_new_n2537_:new_n2534_	205	0	0	#1514
new_n2538_	48	322	0	#1515
new_n2539_	48	323	0	#1516
out_new_n2540_:new_n2539_	48	337	0	#1517
out_new_n2541_:new_n1855_	301	337	0	#1518
new_n2542_	291	334	0	#1519
out_new_n2543_:new_n1871_	0	147	0	#1520
new_n2544_	335	30	0	#1521
out_new_n2545_:new_n2542_	290	337	0	#1522
new_n2546_	335	31	0	#1523
new_n2547_	335	32	0	#1524
new_n2548_	335	37	0	#1525
out_new_n2550_:new_n1900_	8	0	0	#1526
new_n2551_	336	24	0	#1527
out_new_n2552_:new_n1908_	161	337	0	#1528
new_n2553_	274	317	0	#1529
out_new_n2554_:new_n2551_	337	24	0	#1530
new_n2555_	276	317	0	#1531
new_n2556_	276	322	0	#1532
out_new_n2557_:new_n2556_	277	337	0	#1533
out_new_n2558_:new_n1928_	272	337	0	#1534
new_n2559_	265	328	0	#1535
out_new_n2560_:new_n1944_	0	273	0	#1536
new_n2561_	307	1	0	#1537
out_new_n2562_:new_n2559_	266	337	0	#1538
new_n2563_	306	1	0	#1539
new_n2564_	305	1	0	#1540
new_n2565_	304	1	0	#1541
out_new_n2567_:new_n1973_	115	0	0	#1542
new_n2568_	39	1	0	#1543
out_new_n2569_:new_n2025_	0	145	0	#1544
new_n2570_	243	1	0	#1545
out_new_n2571_:new_n2568_	39	0	0	#1546
new_n2572_	244	1	0	#1547
new_n2573_	245	1	0	#1548
out_new_n2574_:new_n2573_	245	0	0	#1549
out_new_n2575_:new_n2001_	198	337	0	#1550
new_n2576_	1	254	0	#1551
out_new_n2577_:new_n2017_	0	192	0	#1552
new_n2578_	141	1	0	#1553
out_new_n2579_:new_n2576_	0	255	0	#1554
new_n2580_	132	1	0	#1555
new_n2581_	131	1	0	#1556
new_n2582_	130	1	0	#1557
out_new_n2584_:new_n2046_	0	211	0	#1558
new_n2585_	336	170	0	#1559
out_new_n2586_:new_n2098_	337	210	0	#1560
new_n2587_	1	109	0	#1561
out_new_n2588_:new_n2585_	337	171	0	#1562
new_n2589_	1	111	0	#1563
new_n2590_	1	112	0	#1564
out_new_n2591_:new_n2590_	0	143	0	#1565
out_new_n2592_:new_n2074_	335	337	0	#1566
new_n2593_	1	10	0	#1567
out_new_n2594_:new_n2090_	337	325	0	#1568
new_n2595_	53	204	0	#1569
out_new_n2596_:new_n2593_	0	13	0	#1570
new_n2597_	54	211	0	#1571
new_n2598_	54	320	0	#1572
new_n2599_	53	324	0	#1573
out_new_n2601_:new_n2119_	221	337	0	#1574
new_n2602_	1	46	0	#1575
out_new_n2603_:new_n2171_	337	157	0	#1576
new_n2604_	336	63	0	#1577
out_new_n2605_:new_n2602_	0	47	0	#1578
new_n2606_	336	64	0	#1579
new_n2607_	335	66	0	#1580
out_new_n2608_:new_n2607_	337	68	0	#1581
out_new_n2609_:new_n2147_	337	308	0	#1582
new_n2610_	336	34	0	#1583
out_new_n2611_:new_n2163_	58	337	0	#1584
new_n2612_	128	327	0	#1585
out_new_n2613_:new_n2610_	337	35	0	#1586
new_n2614_	126	327	0	#1587
new_n2615_	125	328	0	#1588
new_n2616_	125	330	0	#1589
out_new_n2618_:new_n2192_	20	337	0	#1590
new_n2619_	92	326	0	#1591
out_new_n2620_:new_n2244_	297	337	0	#1592
new_n2621_	1	102	0	#1593
out_new_n2622_:new_n2619_	91	337	0	#1594
new_n2623_	2	102	0	#1595
new_n2624_	2	103	0	#1596
out_new_n2625_:new_n2624_	0	103	0	#1597
out_new_n2626_:new_n2220_	0	118	0	#1598
new_n2627_	336	103	0	#1599
out_new_n2628_:new_n2236_	337	314	0	#1600
new_n2629_	282	95	0	#1601
out_new_n2630_:new_n2627_	337	116	0	#1602
new_n2631_	282	2	0	#1603
new_n2632_	282	1	0	#1604
new_n2633_	283	1	0	#1605
out_new_n2635_:new_n2265_	168	337	0	#1606
new_n2636_	1	139	0	#1607
out_new_n2637_:new_n2317_	82	0	0	#1608
new_n2638_	336	279	0	#1609
out_new_n2639_:new_n2636_	0	140	0	#1610
new_n2640_	336	278	0	#1611
new_n2641_	336	277	0	#1612
out_new_n2642_:new_n2641_	337	278	0	#1613
out_new_n2643_:new_n2293_	337	100	0	#1614
new_n2644_	185	1	0	#1615
out_new_n2645_:new_n2309_	317	0	0	#1616
new_n2646_	44	307	0	#1617
out_new_n2647_:new_n2644_	185	0	0	#1618
new_n2648_	44	308	0	#1619
new_n2649_	44	322	0	#1620
out_new_n264_:shift0	133	337	0	#1621
new_n2650_	45	326	0	#1622
out_new_n2652_:new_n2338_	0	56	0	#1623
new_n2653_	2	238	0	#1624
out_new_n2654_:new_n2390_	337	17	0	#1625
new_n2655_	237	328	0	#1626
out_new_n2656_:new_n2653_	0	238	0	#1627
new_n2657_	311	329	0	#1628
new_n2658_	321	330	0	#1629
out_new_n2659_:new_n2658_	322	337	0	#1630
new_n265_	270	2	0	#1631
out_new_n2660_:new_n2366_	19	337	0	#1632
new_n2661_	336	83	0	#1633
out_new_n2662_:new_n2382_	94	0	0	#1634
new_n2663_	290	15	0	#1635
out_new_n2664_:new_n2661_	337	84	0	#1636
new_n2665_	290	2	0	#1637
new_n2666_	290	1	0	#1638
new_n2667_	291	1	0	#1639
out_new_n2669_:new_n445_	181	337	0	#1640
new_n266_	270	1	0	#1641
new_n2670_	32	1	0	#1642
out_new_n2671_:new_n538_	337	103	0	#1643
new_n2672_	50	315	0	#1644
out_new_n2673_:new_n2670_	32	0	0	#1645
new_n2674_	32	315	0	#1646
new_n2675_	4	315	0	#1647
out_new_n2676_:new_n2675_	0	317	0	#1648
out_new_n2677_:new_n446_	169	0	0	#1649
new_n2678_	1	267	0	#1650
out_new_n2679_:new_n582_	0	40	0	#1651
out_new_n267_:new_n266_	270	0	0	#1652
new_n2680_	284	2	0	#1653
out_new_n2681_:new_n2678_	0	275	0	#1654
new_n2682_	285	2	0	#1655
new_n2683_	285	1	0	#1656
new_n2684_	284	1	0	#1657
out_new_n2686_:new_n841_	72	0	0	#1658
new_n2687_	62	1	0	#1659
out_new_n2688_:new_n1049_	234	0	0	#1660
new_n2689_	127	1	0	#1661
out_new_n268_:shift0	0	331	0	#1662
out_new_n2690_:new_n2687_	62	0	0	#1663
new_n2691_	249	1	0	#1664
new_n2692_	327	2	0	#1665
out_new_n2693_:new_n2692_	337	4	0	#1666
out_new_n2694_:new_n897_	36	0	0	#1667
new_n2695_	32	334	0	#1668
out_new_n2696_:new_n997_	0	100	0	#1669
new_n2697_	335	120	0	#1670
out_new_n2698_:new_n2695_	32	337	0	#1671
new_n2699_	335	121	0	#1672
new_n269_	157	1	0	#1673
new_n2700_	335	122	0	#1674
new_n2701_	336	136	0	#1675
out_new_n2703_:new_n1134_	81	0	0	#1676
new_n2704_	241	1	0	#1677
out_new_n2705_:new_n1220_	207	337	0	#1678
new_n2706_	59	240	0	#1679
out_new_n2707_:new_n2704_	241	0	0	#1680
new_n2708_	60	241	0	#1681
new_n2709_	60	322	0	#1682
new_n270_	155	1	0	#1683
out_new_n2710_:new_n2709_	59	337	0	#1684
out_new_n2711_:new_n1158_	0	35	0	#1685
new_n2712_	336	120	0	#1686
out_new_n2713_:new_n1200_	0	332	0	#1687
new_n2714_	266	249	0	#1688
out_new_n2715_:new_n2712_	337	120	0	#1689
new_n2716_	292	248	0	#1690
new_n2717_	334	249	0	#1691
new_n2718_	336	252	0	#1692
new_n271_	154	1	0	#1693
out_new_n2720_:new_n1261_	254	337	0	#1694
new_n2721_	336	22	0	#1695
out_new_n2722_:new_n1333_	0	312	0	#1696
new_n2723_	247	1	0	#1697
out_new_n2724_:new_n2721_	337	23	0	#1698
new_n2725_	299	1	0	#1699
new_n2726_	312	1	0	#1700
out_new_n2727_:new_n2726_	337	14	0	#1701
out_new_n2728_:new_n1409_	0	324	0	#1702
new_n2729_	70	330	0	#1703
out_new_n272_:new_n271_	155	0	0	#1704
out_new_n2730_:new_n1442_	153	0	0	#1705
new_n2731_	134	174	0	#1706
out_new_n2732_:new_n2729_	70	337	0	#1707
new_n2733_	166	175	0	#1708
new_n2734_	334	182	0	#1709
new_n2735_	336	183	0	#1710
out_new_n2737_:new_n1551_	337	220	0	#1711
new_n2738_	319	1	0	#1712
out_new_n2739_:new_n1579_	337	289	0	#1713
new_n273_	315	1	0	#1714
new_n2740_	93	115	0	#1715
out_new_n2741_:new_n2738_	319	0	0	#1716
new_n2742_	92	1	0	#1717
new_n2743_	90	1	0	#1718
out_new_n2744_:new_n2743_	90	0	0	#1719
out_new_n2745_:new_n1527_	337	74	0	#1720
new_n2746_	41	332	0	#1721
out_new_n2747_:new_n1571_	250	337	0	#1722
new_n2748_	1	117	0	#1723
out_new_n2749_:new_n2746_	41	337	0	#1724
out_new_n274_:new_n273_	315	0	0	#1725
new_n2750_	1	118	0	#1726
new_n2751_	1	119	0	#1727
new_n2752_	1	120	0	#1728
out_new_n2754_:new_n1624_	337	85	0	#1729
new_n2755_	335	123	0	#1730
out_new_n2756_:new_n1652_	337	47	0	#1731
new_n2757_	328	243	0	#1732
out_new_n2758_:new_n2755_	337	134	0	#1733
new_n2759_	330	243	0	#1734
out_new_n275_:shift0	337	335	0	#1735
new_n2760_	334	244	0	#1736
out_new_n2761_:new_n2760_	337	246	0	#1737
out_new_n2762_:new_n1600_	0	333	0	#1738
new_n2763_	18	1	0	#1739
out_new_n2764_:new_n1644_	0	7	0	#1740
new_n2765_	2	100	0	#1741
out_new_n2766_:new_n2763_	18	0	0	#1742
new_n2767_	2	101	0	#1743
new_n2768_	2	104	0	#1744
new_n2769_	1	113	0	#1745
new_n276_	106	1	0	#1746
out_new_n2771_:new_n1697_	115	337	0	#1747
new_n2772_	179	1	0	#1748
out_new_n2773_:new_n1725_	337	94	0	#1749
new_n2774_	177	313	0	#1750
out_new_n2775_:new_n2772_	179	0	0	#1751
new_n2776_	175	313	0	#1752
new_n2777_	172	316	0	#1753
out_new_n2778_:new_n2777_	170	337	0	#1754
out_new_n2779_:new_n1673_	309	337	0	#1755
new_n277_	105	1	0	#1756
new_n2780_	1	261	0	#1757
out_new_n2781_:new_n1717_	337	113	0	#1758
new_n2782_	2	218	0	#1759
out_new_n2783_:new_n2780_	0	262	0	#1760
new_n2784_	2	219	0	#1761
new_n2785_	1	220	0	#1762
new_n2786_	1	221	0	#1763
out_new_n2788_:new_n1806_	50	0	0	#1764
new_n2789_	103	322	0	#1765
out_new_n278_:new_n277_	105	0	0	#1766
out_new_n2790_:new_n1762_	177	337	0	#1767
new_n2791_	63	324	0	#1768
out_new_n2792_:new_n2789_	104	337	0	#1769
new_n2793_	63	325	0	#1770
new_n2794_	63	326	0	#1771
out_new_n2795_:new_n2794_	63	337	0	#1772
out_new_n2796_:new_n1782_	24	337	0	#1773
new_n2797_	335	145	0	#1774
out_new_n2798_:new_n1754_	337	27	0	#1775
new_n2799_	194	212	0	#1776
out_new_n279_:shift0	0	246	0	#1777
out_new_n2800_:new_n2797_	337	145	0	#1778
new_n2801_	132	212	0	#1779
new_n2802_	2	215	0	#1780
new_n2803_	1	216	0	#1781
out_new_n2805_:new_n1879_	204	0	0	#1782
new_n2806_	1	90	0	#1783
out_new_n2807_:new_n1835_	123	337	0	#1784
new_n2808_	47	127	0	#1785
out_new_n2809_:new_n2806_	0	90	0	#1786
new_n280_	314	188	0	#1787
new_n2810_	47	2	0	#1788
new_n2811_	47	1	0	#1789
out_new_n2812_:new_n2811_	47	0	0	#1790
out_new_n2813_:new_n1855_	300	337	0	#1791
new_n2814_	292	334	0	#1792
out_new_n2815_:new_n1827_	0	91	0	#1793
new_n2816_	335	159	0	#1794
out_new_n2817_:new_n2814_	292	337	0	#1795
new_n2818_	335	160	0	#1796
new_n2819_	336	160	0	#1797
new_n281_	315	189	0	#1798
new_n2820_	336	193	0	#1799
out_new_n2822_:new_n1952_	337	25	0	#1800
new_n2823_	1	263	0	#1801
out_new_n2824_:new_n1908_	160	337	0	#1802
new_n2825_	276	278	0	#1803
out_new_n2826_:new_n2823_	0	264	0	#1804
new_n2827_	318	278	0	#1805
new_n2828_	334	280	0	#1806
out_new_n2829_:new_n2828_	337	281	0	#1807
new_n282_	319	187	0	#1808
out_new_n2830_:new_n1928_	275	337	0	#1809
new_n2831_	264	326	0	#1810
out_new_n2832_:new_n1900_	9	0	0	#1811
new_n2833_	321	1	0	#1812
out_new_n2834_:new_n2831_	264	337	0	#1813
new_n2835_	323	1	0	#1814
new_n2836_	326	1	0	#1815
new_n2837_	331	1	0	#1816
out_new_n2839_:new_n1989_	43	0	0	#1817
new_n283_	333	187	0	#1818
new_n2840_	238	1	0	#1819
out_new_n2841_:new_n2017_	0	167	0	#1820
new_n2842_	113	145	0	#1821
out_new_n2843_:new_n2840_	238	0	0	#1822
new_n2844_	115	208	0	#1823
new_n2845_	115	311	0	#1824
out_new_n2846_:new_n2845_	116	337	0	#1825
out_new_n2847_:new_n2001_	201	337	0	#1826
new_n2848_	1	253	0	#1827
out_new_n2849_:new_n1973_	116	0	0	#1828
new_n284_	310	1	0	#1829
new_n2850_	149	1	0	#1830
out_new_n2851_:new_n2848_	0	254	0	#1831
new_n2852_	149	2	0	#1832
new_n2853_	149	282	0	#1833
new_n2854_	149	314	0	#1834
out_new_n2856_:new_n2062_	337	202	0	#1835
new_n2857_	1	127	0	#1836
out_new_n2858_:new_n2090_	337	327	0	#1837
new_n2859_	334	201	0	#1838
new_n285_	161	1	0	#1839
out_new_n2860_:new_n2857_	0	130	0	#1840
new_n2861_	336	201	0	#1841
new_n2862_	336	202	0	#1842
out_new_n2863_:new_n2862_	337	207	0	#1843
out_new_n2864_:new_n2074_	337	334	0	#1844
new_n2865_	1	11	0	#1845
out_new_n2866_:new_n2046_	0	212	0	#1846
new_n2867_	1	201	0	#1847
out_new_n2868_:new_n2865_	0	14	0	#1848
new_n2869_	1	202	0	#1849
out_new_n286_:shift0	337	332	0	#1850
new_n2870_	1	203	0	#1851
new_n2871_	1	204	0	#1852
out_new_n2873_:new_n2135_	0	59	0	#1853
new_n2874_	336	66	0	#1854
out_new_n2875_:new_n2163_	61	337	0	#1855
new_n2876_	335	141	0	#1856
out_new_n2877_:new_n2874_	337	67	0	#1857
new_n2878_	335	142	0	#1858
new_n2879_	335	143	0	#1859
new_n287_	296	1	0	#1860
out_new_n2880_:new_n2879_	337	146	0	#1861
out_new_n2881_:new_n2147_	337	309	0	#1862
new_n2882_	336	31	0	#1863
out_new_n2883_:new_n2119_	222	337	0	#1864
new_n2884_	127	327	0	#1865
out_new_n2885_:new_n2882_	337	31	0	#1866
new_n2886_	127	328	0	#1867
new_n2887_	129	328	0	#1868
new_n2888_	131	328	0	#1869
new_n288_	297	1	0	#1870
out_new_n2890_:new_n2208_	93	337	0	#1871
new_n2891_	1	105	0	#1872
out_new_n2892_:new_n2236_	337	312	0	#1873
new_n2893_	298	302	0	#1874
out_new_n2894_:new_n2891_	0	108	0	#1875
new_n2895_	310	302	0	#1876
new_n2896_	334	303	0	#1877
out_new_n2897_:new_n2896_	337	304	0	#1878
out_new_n2898_:new_n2220_	0	119	0	#1879
new_n2899_	336	92	0	#1880
out_new_n289_:new_n288_	297	0	0	#1881
out_new_n2900_:new_n2192_	18	337	0	#1882
new_n2901_	336	148	0	#1883
out_new_n2902_:new_n2899_	337	117	0	#1884
new_n2903_	336	149	0	#1885
new_n2904_	336	150	0	#1886
new_n2905_	336	163	0	#1887
out_new_n2907_:new_n2281_	0	160	0	#1888
new_n2908_	336	284	0	#1889
out_new_n2909_:new_n2309_	318	0	0	#1890
out_new_n290_:shift0	337	333	0	#1891
new_n2910_	83	1	0	#1892
out_new_n2911_:new_n2908_	337	285	0	#1893
new_n2912_	84	1	0	#1894
new_n2913_	85	1	0	#1895
out_new_n2914_:new_n2913_	85	0	0	#1896
out_new_n2915_:new_n2293_	337	98	0	#1897
new_n2916_	184	1	0	#1898
out_new_n2917_:new_n2265_	185	337	0	#1899
new_n2918_	40	305	0	#1900
out_new_n2919_:new_n2916_	184	0	0	#1901
new_n291_	206	1	0	#1902
new_n2920_	4	304	0	#1903
new_n2921_	2	304	0	#1904
new_n2922_	1	305	0	#1905
out_new_n2924_:new_n2354_	0	241	0	#1906
new_n2925_	233	326	0	#1907
out_new_n2926_:new_n2382_	92	0	0	#1908
new_n2927_	334	17	0	#1909
out_new_n2928_:new_n2925_	233	337	0	#1910
new_n2929_	336	17	0	#1911
new_n292_	206	2	0	#1912
new_n2930_	336	126	0	#1913
out_new_n2931_:new_n2930_	337	153	0	#1914
out_new_n2932_:new_n2366_	17	337	0	#1915
new_n2933_	336	79	0	#1916
out_new_n2934_:new_n2338_	0	57	0	#1917
new_n2935_	334	75	0	#1918
out_new_n2936_:new_n2933_	337	79	0	#1919
new_n2937_	335	75	0	#1920
new_n2938_	336	78	0	#1921
new_n2939_	336	111	0	#1922
new_n293_	207	2	0	#1923
out_new_n2941_:new_n400_	31	0	0	#1924
new_n2942_	51	322	0	#1925
out_new_n2943_:new_n628_	288	0	0	#1926
new_n2944_	335	89	0	#1927
out_new_n2945_:new_n2942_	50	337	0	#1928
new_n2946_	335	90	0	#1929
new_n2947_	336	91	0	#1930
out_new_n2948_:new_n2947_	337	108	0	#1931
out_new_n2949_:new_n356_	337	187	0	#1932
new_n294_	208	1	0	#1933
new_n2950_	140	1	0	#1934
out_new_n2951_:new_n582_	0	39	0	#1935
new_n2952_	181	304	0	#1936
out_new_n2953_:new_n2950_	140	0	0	#1937
new_n2954_	182	305	0	#1938
new_n2955_	182	306	0	#1939
new_n2956_	182	316	0	#1940
out_new_n2958_:new_n789_	61	0	0	#1941
new_n2959_	118	1	0	#1942
new_n295_	311	1	0	#1943
out_new_n2960_:new_n997_	0	101	0	#1944
new_n2961_	234	2	0	#1945
out_new_n2962_:new_n2959_	118	0	0	#1946
new_n2963_	308	2	0	#1947
new_n2964_	324	2	0	#1948
out_new_n2965_:new_n2964_	329	0	0	#1949
out_new_n2966_:new_n897_	38	0	0	#1950
new_n2967_	31	334	0	#1951
out_new_n2968_:new_n841_	84	0	0	#1952
new_n2969_	336	115	0	#1953
out_new_n296_:new_n295_	311	0	0	#1954
out_new_n2970_:new_n2967_	31	337	0	#1955
new_n2971_	336	116	0	#1956
new_n2972_	336	117	0	#1957
new_n2973_	336	133	0	#1958
out_new_n2975_:new_n1114_	240	0	0	#1959
new_n2976_	1	226	0	#1960
out_new_n2977_:new_n1200_	0	334	0	#1961
new_n2978_	202	313	0	#1962
out_new_n2979_:new_n2976_	0	227	0	#1963
out_new_n297_:shift0	0	266	0	#1964
new_n2980_	200	313	0	#1965
new_n2981_	198	316	0	#1966
out_new_n2982_:new_n2981_	197	337	0	#1967
out_new_n2983_:new_n1158_	0	34	0	#1968
new_n2984_	336	122	0	#1969
out_new_n2985_:new_n1134_	78	0	0	#1970
new_n2986_	246	317	0	#1971
out_new_n2987_:new_n2984_	337	124	0	#1972
new_n2988_	242	317	0	#1973
new_n2989_	237	320	0	#1974
new_n298_	335	26	0	#1975
new_n2990_	235	328	0	#1976
out_new_n2992_:new_n1442_	152	0	0	#1977
new_n2993_	227	82	0	#1978
out_new_n2994_:new_n1333_	0	313	0	#1979
new_n2995_	199	2	0	#1980
out_new_n2996_:new_n2993_	227	337	0	#1981
new_n2997_	185	2	0	#1982
new_n2998_	171	1	0	#1983
out_new_n2999_:new_n2998_	165	0	0	#1984
new_n299_	336	26	0	#1985
out_new_n3000_:new_n1409_	0	325	0	#1986
new_n3001_	253	334	0	#1987
out_new_n3002_:new_n1369_	0	180	0	#1988
new_n3003_	71	330	0	#1989
out_new_n3004_:new_n3001_	252	337	0	#1990
new_n3005_	73	331	0	#1991
new_n3006_	73	332	0	#1992
new_n3007_	75	332	0	#1993
out_new_n3009_:new_n1563_	0	150	0	#1994
out_new_n300_:new_n299_	337	71	0	#1995
new_n3010_	324	1	0	#1996
out_new_n3011_:new_n1579_	337	293	0	#1997
new_n3012_	93	309	0	#1998
out_new_n3013_:new_n3010_	324	0	0	#1999
new_n3014_	91	309	0	#2000
new_n3015_	89	314	0	#2001
out_new_n3016_:new_n3015_	88	337	0	#2002
out_new_n3017_:new_n1527_	337	77	0	#2003
new_n3018_	39	334	0	#2004
out_new_n3019_:new_n1551_	337	219	0	#2005
out_new_n301_:shift0	337	273	0	#2006
new_n3020_	243	313	0	#2007
out_new_n3021_:new_n3018_	39	337	0	#2008
new_n3022_	241	314	0	#2009
new_n3023_	239	326	0	#2010
new_n3024_	238	330	0	#2011
out_new_n3026_:new_n1636_	0	124	0	#2012
new_n3027_	336	125	0	#2013
out_new_n3028_:new_n1652_	337	46	0	#2014
new_n3029_	334	243	0	#2015
new_n302_	333	111	0	#2016
out_new_n3030_:new_n3027_	337	126	0	#2017
new_n3031_	336	243	0	#2018
new_n3032_	336	246	0	#2019
out_new_n3033_:new_n3032_	337	251	0	#2020
out_new_n3034_:new_n1600_	1	337	0	#2021
new_n3035_	19	1	0	#2022
out_new_n3036_:new_n1624_	337	86	0	#2023
new_n3037_	6	4	0	#2024
out_new_n3038_:new_n3035_	19	0	0	#2025
new_n3039_	5	4	0	#2026
new_n303_	333	112	0	#2027
new_n3040_	5	5	0	#2028
new_n3041_	1	29	0	#2029
out_new_n3043_:new_n1709_	0	229	0	#2030
new_n3044_	178	1	0	#2031
out_new_n3045_:new_n1725_	337	92	0	#2032
new_n3046_	179	310	0	#2033
out_new_n3047_:new_n3044_	178	0	0	#2034
new_n3048_	179	311	0	#2035
new_n3049_	179	312	0	#2036
new_n304_	334	113	0	#2037
out_new_n3050_:new_n3049_	178	337	0	#2038
out_new_n3051_:new_n1673_	310	337	0	#2039
new_n3052_	1	260	0	#2040
out_new_n3053_:new_n1697_	114	337	0	#2041
new_n3054_	335	112	0	#2042
out_new_n3055_:new_n3052_	0	261	0	#2043
new_n3056_	335	113	0	#2044
new_n3057_	336	114	0	#2045
new_n3058_	336	127	0	#2046
new_n305_	335	117	0	#2047
out_new_n3060_:new_n1782_	23	337	0	#2048
new_n3061_	23	1	0	#2049
out_new_n3062_:new_n1762_	175	337	0	#2050
new_n3063_	99	321	0	#2051
out_new_n3064_:new_n3061_	23	0	0	#2052
new_n3065_	99	322	0	#2053
new_n3066_	99	323	0	#2054
out_new_n3067_:new_n3066_	99	337	0	#2055
out_new_n3068_:new_n1790_	337	188	0	#2056
new_n3069_	332	213	0	#2057
new_n306_	318	1	0	#2058
out_new_n3070_:new_n1770_	73	337	0	#2059
new_n3071_	328	3	0	#2060
out_new_n3072_:new_n3069_	337	216	0	#2061
new_n3073_	329	3	0	#2062
new_n3074_	330	3	0	#2063
new_n3075_	336	6	0	#2064
out_new_n3077_:new_n1855_	298	337	0	#2065
new_n3078_	201	1	0	#2066
out_new_n3079_:new_n1835_	122	337	0	#2067
new_n307_	335	1	0	#2068
new_n3080_	1	84	0	#2069
out_new_n3081_:new_n3078_	201	0	0	#2070
new_n3082_	1	85	0	#2071
new_n3083_	1	86	0	#2072
out_new_n3084_:new_n3083_	0	87	0	#2073
out_new_n3085_:new_n1863_	293	337	0	#2074
new_n3086_	336	192	0	#2075
out_new_n3087_:new_n1843_	47	337	0	#2076
new_n3088_	1	66	0	#2077
out_new_n3089_:new_n3086_	337	194	0	#2078
out_new_n308_:new_n285_	161	0	0	#2079
new_n3090_	2	66	0	#2080
new_n3091_	1	67	0	#2081
new_n3092_	1	68	0	#2082
out_new_n3094_:new_n1928_	274	337	0	#2083
new_n3095_	336	25	0	#2084
out_new_n3096_:new_n1908_	162	337	0	#2085
new_n3097_	2	263	0	#2086
out_new_n3098_:new_n3095_	337	26	0	#2087
new_n3099_	2	264	0	#2088
new_n309_	336	2	0	#2089
new_n3100_	1	265	0	#2090
out_new_n3101_:new_n3100_	0	268	0	#2091
out_new_n3102_:new_n1936_	263	337	0	#2092
new_n3103_	322	1	0	#2093
out_new_n3104_:new_n1916_	191	337	0	#2094
new_n3105_	11	1	0	#2095
out_new_n3106_:new_n3103_	322	0	0	#2096
new_n3107_	11	2	0	#2097
new_n3108_	12	2	0	#2098
new_n3109_	12	1	0	#2099
out_new_n310_:new_n309_	337	2	0	#2100
out_new_n3111_:new_n2001_	200	337	0	#2101
new_n3112_	236	1	0	#2102
out_new_n3113_:new_n2017_	0	171	0	#2103
new_n3114_	89	2	0	#2104
out_new_n3115_:new_n3112_	236	0	0	#2105
new_n3116_	89	1	0	#2106
new_n3117_	88	1	0	#2107
out_new_n3118_:new_n3117_	88	0	0	#2108
out_new_n3119_:new_n2009_	0	256	0	#2109
new_n311_	1	170	0	#2110
new_n3120_	142	1	0	#2111
out_new_n3121_:new_n1989_	42	0	0	#2112
new_n3122_	119	98	0	#2113
out_new_n3123_:new_n3120_	142	0	0	#2114
new_n3124_	119	199	0	#2115
new_n3125_	119	318	0	#2116
new_n3126_	119	326	0	#2117
out_new_n3128_:new_n2074_	336	337	0	#2118
new_n3129_	1	128	0	#2119
out_new_n312_:new_n311_	0	183	0	#2120
out_new_n3130_:new_n2090_	337	323	0	#2121
new_n3131_	334	202	0	#2122
out_new_n3132_:new_n3129_	0	129	0	#2123
new_n3133_	334	203	0	#2124
new_n3134_	336	203	0	#2125
out_new_n3135_:new_n3134_	337	204	0	#2126
out_new_n3136_:new_n2082_	0	11	0	#2127
new_n3137_	1	205	0	#2128
out_new_n3138_:new_n2062_	337	203	0	#2129
new_n3139_	56	206	0	#2130
out_new_n313_:shift0	0	285	0	#2131
out_new_n3140_:new_n3137_	0	208	0	#2132
new_n3141_	56	237	0	#2133
new_n3142_	56	332	0	#2134
new_n3143_	56	334	0	#2135
out_new_n3145_:new_n2147_	337	310	0	#2136
new_n3146_	336	65	0	#2137
out_new_n3147_:new_n2163_	62	337	0	#2138
new_n3148_	336	141	0	#2139
out_new_n3149_:new_n3146_	337	65	0	#2140
new_n314_	335	245	0	#2141
new_n3150_	336	142	0	#2142
new_n3151_	336	143	0	#2143
out_new_n3152_:new_n3151_	337	144	0	#2144
out_new_n3153_:new_n2155_	337	34	0	#2145
new_n3154_	128	328	0	#2146
out_new_n3155_:new_n2135_	0	58	0	#2147
new_n3156_	222	317	0	#2148
out_new_n3157_:new_n3154_	128	337	0	#2149
new_n3158_	222	318	0	#2150
new_n3159_	224	318	0	#2151
new_n315_	335	246	0	#2152
new_n3160_	225	322	0	#2153
out_new_n3162_:new_n2220_	0	116	0	#2154
new_n3163_	1	106	0	#2155
out_new_n3164_:new_n2236_	337	311	0	#2156
new_n3165_	294	330	0	#2157
out_new_n3166_:new_n3163_	0	107	0	#2158
new_n3167_	294	331	0	#2159
new_n3168_	292	332	0	#2160
out_new_n3169_:new_n3168_	291	337	0	#2161
out_new_n316_:new_n315_	337	265	0	#2162
out_new_n3170_:new_n2228_	337	118	0	#2163
new_n3171_	336	171	0	#2164
out_new_n3172_:new_n2208_	92	337	0	#2165
new_n3173_	17	317	0	#2166
out_new_n3174_:new_n3171_	337	190	0	#2167
new_n3175_	9	317	0	#2168
new_n3176_	3	318	0	#2169
new_n3177_	1	319	0	#2170
out_new_n3179_:new_n2293_	337	102	0	#2171
out_new_n317_:shift0	337	249	0	#2172
new_n3180_	335	280	0	#2173
out_new_n3181_:new_n2309_	314	0	0	#2174
new_n3182_	3	40	0	#2175
out_new_n3183_:new_n3180_	337	280	0	#2176
new_n3184_	3	41	0	#2177
new_n3185_	1	42	0	#2178
out_new_n3186_:new_n3185_	0	45	0	#2179
out_new_n3187_:new_n2301_	187	0	0	#2180
new_n3188_	42	316	0	#2181
out_new_n3189_:new_n2281_	0	161	0	#2182
new_n318_	108	80	0	#2183
new_n3190_	168	137	0	#2184
out_new_n3191_:new_n3188_	43	337	0	#2185
new_n3192_	168	136	0	#2186
new_n3193_	168	1	0	#2187
new_n3194_	166	1	0	#2188
out_new_n3196_:new_n2366_	16	337	0	#2189
new_n3197_	233	325	0	#2190
out_new_n3198_:new_n2382_	93	0	0	#2191
new_n3199_	333	6	0	#2192
new_n319_	106	80	0	#2193
out_new_n3200_:new_n3197_	234	337	0	#2194
new_n3201_	334	6	0	#2195
new_n3202_	334	7	0	#2196
out_new_n3203_:new_n3202_	337	18	0	#2197
out_new_n3204_:new_n2374_	337	105	0	#2198
new_n3205_	336	95	0	#2199
out_new_n3206_:new_n2354_	0	239	0	#2200
new_n3207_	2	31	0	#2201
out_new_n3208_:new_n3205_	337	110	0	#2202
new_n3209_	2	32	0	#2203
new_n320_	103	65	0	#2204
new_n3210_	1	33	0	#2205
new_n3211_	1	43	0	#2206
out_new_n3213_:new_n632_	293	0	0	#2207
new_n3214_	63	1	0	#2208
out_new_n3216_:new_n1053_	219	0	0	#2209
new_n3217_	27	1	0	#2210
out_new_n3219_:new_n1224_	206	337	0	#2211
new_n321_	3	65	0	#2212
new_n3220_	74	1	0	#2213
out_new_n3222_:new_n1518_	224	0	0	#2214
new_n3223_	1	174	0	#2215
out_new_n3225_:new_n1591_	90	337	0	#2216
new_n3226_	336	191	0	#2217
out_new_n3228_:new_n1664_	0	252	0	#2218
new_n3229_	336	55	0	#2219
out_new_n322_:new_n321_	0	85	0	#2220
out_new_n3231_:new_n1737_	337	288	0	#2221
new_n3232_	112	322	0	#2222
out_new_n3234_:new_n1810_	16	0	0	#2223
new_n3235_	71	334	0	#2224
out_new_n3237_:new_n1883_	206	0	0	#2225
new_n3238_	1	184	0	#2226
out_new_n323_:shift0	79	337	0	#2227
out_new_n3240_:new_n1956_	279	0	0	#2228
new_n3241_	158	330	0	#2229
out_new_n3243_:new_n2029_	0	131	0	#2230
new_n3244_	6	1	0	#2231
out_new_n3246_:new_n2102_	243	337	0	#2232
new_n3247_	1	173	0	#2233
out_new_n3249_:new_n2175_	240	337	0	#2234
new_n324_	336	208	0	#2235
new_n3250_	1	23	0	#2236
out_new_n3252_:new_n2248_	294	337	0	#2237
new_n3253_	95	334	0	#2238
out_new_n3255_:new_n2321_	0	71	0	#2239
new_n3256_	1	137	0	#2240
out_new_n3258_:new_n2394_	337	20	0	#2241
new_n3259_	1	259	0	#2242
new_n325_	336	209	0	#2243
out_new_n3261_:new_n2411_	287	0	0	#2244
new_n3262_	336	90	0	#2245
out_new_n3264_:new_n2428_	226	0	0	#2246
new_n3265_	70	1	0	#2247
out_new_n3267_:new_n2445_	208	337	0	#2248
new_n3268_	237	1	0	#2249
out_new_n326_:new_n325_	337	248	0	#2250
out_new_n3270_:new_n2462_	153	337	0	#2251
new_n3271_	227	1	0	#2252
out_new_n3273_:new_n2479_	337	243	0	#2253
new_n3274_	334	1	0	#2254
out_new_n3276_:new_n2496_	0	33	0	#2255
new_n3277_	336	121	0	#2256
out_new_n3279_:new_n2513_	337	128	0	#2257
out_new_n327_:shift0	0	169	0	#2258
new_n3280_	164	1	0	#2259
out_new_n3282_:new_n2530_	337	233	0	#2260
new_n3283_	1	234	0	#2261
out_new_n3285_:new_n2547_	337	38	0	#2262
new_n3286_	48	330	0	#2263
out_new_n3288_:new_n2564_	305	0	0	#2264
new_n3289_	276	330	0	#2265
new_n328_	38	152	0	#2266
out_new_n3291_:new_n2581_	131	0	0	#2267
new_n3292_	246	1	0	#2268
out_new_n3294_:new_n2598_	53	337	0	#2269
new_n3295_	1	135	0	#2270
out_new_n3297_:new_n2615_	125	337	0	#2271
new_n3298_	336	68	0	#2272
new_n329_	37	153	0	#2273
out_new_n3300_:new_n2632_	282	0	0	#2274
new_n3301_	1	103	0	#2275
out_new_n3303_:new_n2649_	45	337	0	#2276
new_n3304_	336	276	0	#2277
out_new_n3306_:new_n2666_	290	0	0	#2278
new_n3307_	322	334	0	#2279
out_new_n3309_:new_n2683_	285	0	0	#2280
new_n330_	35	154	0	#2281
new_n3310_	2	316	0	#2282
out_new_n3312_:new_n2700_	337	138	0	#2283
new_n3313_	336	4	0	#2284
out_new_n3315_:new_n2717_	337	254	0	#2285
new_n3316_	60	332	0	#2286
out_new_n3318_:new_n2734_	337	183	0	#2287
new_n3319_	336	8	0	#2288
new_n331_	35	155	0	#2289
out_new_n3321_:new_n2751_	0	120	0	#2290
new_n3322_	91	1	0	#2291
out_new_n3324_:new_n2768_	0	113	0	#2292
new_n3325_	336	244	0	#2293
out_new_n3327_:new_n2785_	0	223	0	#2294
new_n3328_	170	316	0	#2295
new_n332_	33	134	0	#2296
out_new_n3330_:new_n2802_	0	215	0	#2297
new_n3331_	63	332	0	#2298
out_new_n3333_:new_n2819_	337	199	0	#2299
new_n3334_	49	1	0	#2300
out_new_n3336_:new_n2836_	332	0	0	#2301
new_n3337_	336	281	0	#2302
out_new_n3339_:new_n2853_	149	337	0	#2303
out_new_n333_:shift0	192	337	0	#2304
new_n3340_	116	328	0	#2305
out_new_n3342_:new_n2870_	0	204	0	#2306
new_n3343_	336	207	0	#2307
out_new_n3345_:new_n2887_	130	337	0	#2308
new_n3346_	336	145	0	#2309
out_new_n3348_:new_n2904_	337	163	0	#2310
new_n3349_	335	302	0	#2311
new_n334_	336	168	0	#2312
out_new_n3351_:new_n2921_	0	304	0	#2313
new_n3352_	86	1	0	#2314
out_new_n3354_:new_n2938_	337	121	0	#2315
new_n3355_	336	153	0	#2316
out_new_n3357_:new_n2955_	182	337	0	#2317
new_n3358_	336	108	0	#2318
new_n335_	336	169	0	#2319
out_new_n3360_:new_n2972_	337	140	0	#2320
new_n3361_	328	1	0	#2321
out_new_n3363_:new_n2989_	236	337	0	#2322
new_n3364_	196	328	0	#2323
out_new_n3366_:new_n3006_	74	337	0	#2324
new_n3367_	163	1	0	#2325
out_new_n3369_:new_n3023_	238	337	0	#2326
out_new_n336_:new_n335_	337	226	0	#2327
new_n3370_	87	326	0	#2328
out_new_n3372_:new_n3040_	0	29	0	#2329
new_n3373_	336	249	0	#2330
out_new_n3375_:new_n3057_	337	127	0	#2331
new_n3376_	179	328	0	#2332
out_new_n3378_:new_n3074_	337	7	0	#2333
new_n3379_	99	332	0	#2334
out_new_n337_:shift0	86	337	0	#2335
out_new_n3381_:new_n3091_	0	68	0	#2336
new_n3382_	1	87	0	#2337
out_new_n3384_:new_n3108_	11	0	0	#2338
new_n3385_	1	266	0	#2339
out_new_n3387_:new_n3125_	118	337	0	#2340
new_n3388_	87	1	0	#2341
new_n338_	96	284	0	#2342
out_new_n3390_:new_n3142_	56	337	0	#2343
new_n3391_	336	204	0	#2344
out_new_n3393_:new_n3159_	225	337	0	#2345
new_n3394_	336	144	0	#2346
out_new_n3396_:new_n3176_	0	319	0	#2347
new_n3397_	290	332	0	#2348
out_new_n3399_:new_n3193_	168	0	0	#2349
new_n339_	94	285	0	#2350
new_n3400_	1	45	0	#2351
out_new_n3402_:new_n3210_	0	50	0	#2352
new_n3403_	336	16	0	#2353
new_n340_	96	286	0	#2354
new_n341_	98	313	0	#2355
out_new_n342_:new_n341_	103	337	0	#2356
out_new_n343_:shift0	337	336	0	#2357
new_n344_	300	1	0	#2358
new_n345_	301	1	0	#2359
out_new_n346_:new_n345_	301	0	0	#2360
out_new_n347_:shift0	337	229	0	#2361
new_n348_	252	4	0	#2362
new_n349_	254	4	0	#2363
new_n350_	254	1	0	#2364
new_n351_	255	1	0	#2365
new_n352_	257	1	0	#2366
out_new_n353_:new_n332_	0	135	0	#2367
new_n354_	258	1	0	#2368
new_n355_	259	1	0	#2369
new_n356_	36	160	0	#2370
new_n357_	26	164	0	#2371
out_new_n358_:shift0	288	337	0	#2372
new_n359_	110	1	0	#2373
new_n360_	111	1	0	#2374
out_new_n361_:new_n360_	111	0	0	#2375
out_new_n362_:shift0	306	0	0	#2376
new_n363_	145	1	0	#2377
new_n364_	145	2	0	#2378
new_n365_	128	2	0	#2379
new_n366_	120	155	0	#2380
out_new_n367_:new_n366_	0	200	0	#2381
out_new_n368_:shift0	187	337	0	#2382
new_n369_	232	1	0	#2383
new_n370_	231	1	0	#2384
out_new_n371_:new_n370_	232	0	0	#2385
out_new_n372_:shift0	228	337	0	#2386
new_n373_	192	1	0	#2387
new_n374_	191	1	0	#2388
new_n375_	265	1	0	#2389
new_n376_	295	1	0	#2390
new_n377_	298	1	0	#2391
out_new_n378_:shift0	193	337	0	#2392
new_n379_	335	5	0	#2393
new_n380_	336	5	0	#2394
out_new_n381_:new_n380_	337	53	0	#2395
out_new_n382_:shift0	269	337	0	#2396
new_n383_	3	6	0	#2397
new_n384_	3	7	0	#2398
new_n385_	3	17	0	#2399
new_n386_	3	18	0	#2400
out_new_n387_:new_n386_	0	55	0	#2401
out_new_n388_:shift0	0	166	0	#2402
new_n389_	7	1	0	#2403
new_n390_	3	1	0	#2404
out_new_n391_:new_n390_	2	0	0	#2405
out_new_n392_:shift0	102	0	0	#2406
new_n393_	165	1	0	#2407
new_n394_	165	2	0	#2408
new_n395_	117	2	0	#2409
new_n396_	105	2	0	#2410
new_n397_	45	1	0	#2411
out_new_n398_:new_n377_	298	0	0	#2412
new_n399_	44	1	0	#2413
new_n400_	42	1	0	#2414
new_n401_	1	163	0	#2415
out_new_n402_:new_n401_	0	284	0	#2416
out_new_n403_:shift0	0	251	0	#2417
new_n404_	2	21	0	#2418
new_n405_	2	22	0	#2419
out_new_n406_:new_n405_	0	77	0	#2420
out_new_n407_:shift0	0	247	0	#2421
new_n408_	56	38	0	#2422
new_n409_	54	39	0	#2423
new_n410_	52	46	0	#2424
new_n411_	50	97	0	#2425
out_new_n412_:new_n411_	0	126	0	#2426
out_new_n413_:shift0	267	337	0	#2427
new_n414_	314	302	0	#2428
new_n415_	314	320	0	#2429
out_new_n416_:new_n415_	313	337	0	#2430
out_new_n417_:shift0	190	337	0	#2431
new_n418_	171	44	0	#2432
new_n419_	171	45	0	#2433
new_n420_	179	45	0	#2434
new_n421_	259	45	0	#2435
new_n422_	336	49	0	#2436
out_new_n423_:shift0	304	337	0	#2437
new_n424_	309	1	0	#2438
new_n425_	308	1	0	#2439
out_new_n426_:new_n425_	308	0	0	#2440
out_new_n427_:shift0	267	0	0	#2441
new_n428_	172	225	0	#2442
new_n429_	172	226	0	#2443
new_n430_	204	225	0	#2444
new_n431_	206	304	0	#2445
out_new_n432_:new_n431_	214	337	0	#2446
out_new_n433_:shift0	132	337	0	#2447
new_n434_	29	299	0	#2448
new_n435_	29	324	0	#2449
out_new_n436_:new_n435_	30	337	0	#2450
out_new_n437_:shift0	274	0	0	#2451
new_n438_	161	2	0	#2452
new_n439_	162	2	0	#2453
new_n440_	164	2	0	#2454
new_n441_	164	282	0	#2455
new_n442_	166	291	0	#2456
out_new_n443_:new_n422_	337	50	0	#2457
new_n444_	174	291	0	#2458
new_n445_	180	300	0	#2459
new_n446_	56	78	0	#2460
new_n447_	65	2	0	#2461
out_new_n448_:new_n357_	0	185	0	#2462
new_n449_	65	1	0	#2463
new_n450_	64	1	0	#2464
out_new_n451_:new_n450_	64	0	0	#2465
out_new_n452_:shift0	141	337	0	#2466
new_n453_	3	9	0	#2467
new_n454_	3	10	0	#2468
out_new_n455_:new_n454_	0	67	0	#2469
out_new_n456_:shift0	127	337	0	#2470
new_n457_	170	1	0	#2471
new_n458_	169	2	0	#2472
new_n459_	171	2	0	#2473
new_n460_	180	2	0	#2474
out_new_n461_:new_n460_	182	0	0	#2475
out_new_n462_:shift0	337	276	0	#2476
new_n463_	3	32	0	#2477
new_n464_	1	32	0	#2478
out_new_n465_:new_n464_	0	64	0	#2479
out_new_n466_:shift0	307	337	0	#2480
new_n467_	172	141	0	#2481
new_n468_	174	141	0	#2482
new_n469_	126	140	0	#2483
new_n470_	110	140	0	#2484
new_n471_	110	41	0	#2485
out_new_n472_:shift0	305	337	0	#2486
new_n473_	284	299	0	#2487
new_n474_	284	310	0	#2488
out_new_n475_:new_n474_	283	337	0	#2489
out_new_n476_:shift0	137	337	0	#2490
new_n477_	312	67	0	#2491
new_n478_	314	68	0	#2492
new_n479_	324	64	0	#2493
new_n480_	334	64	0	#2494
out_new_n481_:new_n480_	337	96	0	#2495
out_new_n482_:shift0	129	337	0	#2496
new_n483_	200	2	0	#2497
new_n484_	200	1	0	#2498
out_new_n485_:new_n484_	200	0	0	#2499
out_new_n486_:shift0	337	275	0	#2500
new_n487_	68	214	0	#2501
new_n488_	67	221	0	#2502
new_n489_	65	254	0	#2503
new_n490_	65	313	0	#2504
new_n491_	62	314	0	#2505
out_new_n492_:new_n471_	110	0	0	#2506
new_n493_	56	315	0	#2507
new_n494_	52	316	0	#2508
out_new_n495_:new_n494_	52	337	0	#2509
out_new_n496_:shift0	0	303	0	#2510
new_n497_	2	255	0	#2511
new_n498_	1	264	0	#2512
out_new_n499_:new_n498_	0	276	0	#2513
out_new_n500_:shift0	134	337	0	#2514
new_n501_	3	66	0	#2515
new_n502_	2	67	0	#2516
new_n503_	2	75	0	#2517
new_n504_	2	76	0	#2518
out_new_n505_:new_n504_	0	151	0	#2519
out_new_n506_:shift0	184	337	0	#2520
new_n507_	38	308	0	#2521
new_n508_	38	318	0	#2522
out_new_n509_:new_n508_	38	337	0	#2523
out_new_n510_:shift0	82	337	0	#2524
new_n511_	332	20	0	#2525
new_n512_	334	21	0	#2526
new_n513_	335	28	0	#2527
new_n514_	335	247	0	#2528
new_n515_	335	258	0	#2529
out_new_n516_:shift0	0	170	0	#2530
new_n517_	336	238	0	#2531
new_n518_	336	239	0	#2532
out_new_n519_:new_n518_	337	262	0	#2533
out_new_n520_:shift0	303	337	0	#2534
new_n521_	177	88	0	#2535
new_n522_	177	89	0	#2536
new_n523_	189	90	0	#2537
new_n524_	242	99	0	#2538
out_new_n525_:new_n524_	337	175	0	#2539
out_new_n526_:shift0	186	337	0	#2540
new_n527_	307	300	0	#2541
new_n528_	307	316	0	#2542
out_new_n529_:new_n528_	308	337	0	#2543
out_new_n530_:shift0	0	168	0	#2544
new_n531_	214	149	0	#2545
new_n532_	215	150	0	#2546
new_n533_	241	150	0	#2547
new_n534_	245	150	0	#2548
new_n535_	263	101	0	#2549
out_new_n536_:new_n515_	337	258	0	#2550
new_n537_	279	100	0	#2551
new_n538_	313	100	0	#2552
new_n539_	313	1	0	#2553
out_new_n540_:shift0	0	302	0	#2554
new_n541_	1	149	0	#2555
new_n542_	1	150	0	#2556
out_new_n543_:new_n542_	0	193	0	#2557
out_new_n544_:shift0	141	0	0	#2558
new_n545_	172	255	0	#2559
new_n546_	172	256	0	#2560
new_n547_	212	261	0	#2561
new_n548_	218	300	0	#2562
out_new_n549_:new_n548_	223	337	0	#2563
out_new_n550_:shift0	337	274	0	#2564
new_n551_	2	254	0	#2565
new_n552_	1	255	0	#2566
out_new_n553_:new_n552_	0	278	0	#2567
out_new_n554_:shift0	337	99	0	#2568
new_n555_	250	104	0	#2569
new_n556_	250	105	0	#2570
new_n557_	250	106	0	#2571
new_n558_	250	107	0	#2572
new_n559_	250	1	0	#2573
out_new_n560_:shift0	83	0	0	#2574
new_n561_	336	218	0	#2575
new_n562_	336	219	0	#2576
out_new_n563_:new_n562_	337	240	0	#2577
out_new_n564_:shift0	337	252	0	#2578
new_n565_	324	217	0	#2579
new_n566_	326	226	0	#2580
new_n567_	330	229	0	#2581
new_n568_	334	294	0	#2582
out_new_n569_:new_n568_	337	301	0	#2583
out_new_n570_:shift0	231	337	0	#2584
new_n571_	2	282	0	#2585
new_n572_	1	284	0	#2586
out_new_n573_:new_n572_	0	300	0	#2587
out_new_n574_:shift0	337	97	0	#2588
new_n575_	6	2	0	#2589
new_n576_	6	3	0	#2590
new_n577_	4	3	0	#2591
new_n578_	4	4	0	#2592
new_n579_	4	5	0	#2593
out_new_n580_:new_n559_	251	0	0	#2594
new_n581_	4	6	0	#2595
new_n582_	4	7	0	#2596
out_new_n583_:new_n582_	0	43	0	#2597
out_new_n584_:shift0	0	248	0	#2598
new_n585_	161	202	0	#2599
new_n586_	161	203	0	#2600
out_new_n587_:new_n586_	337	211	0	#2601
out_new_n588_:shift0	0	311	0	#2602
new_n589_	222	300	0	#2603
new_n590_	222	302	0	#2604
new_n591_	230	305	0	#2605
new_n592_	278	326	0	#2606
out_new_n593_:new_n592_	278	337	0	#2607
out_new_n594_:shift0	0	249	0	#2608
new_n595_	320	306	0	#2609
new_n596_	320	330	0	#2610
out_new_n597_:new_n596_	321	337	0	#2611
out_new_n598_:shift0	167	337	0	#2612
new_n599_	155	100	0	#2613
new_n600_	155	102	0	#2614
new_n601_	154	115	0	#2615
new_n602_	154	116	0	#2616
new_n603_	162	148	0	#2617
out_new_n604_:shift0	0	258	0	#2618
new_n605_	2	321	0	#2619
new_n606_	1	323	0	#2620
out_new_n607_:new_n606_	0	328	0	#2621
out_new_n608_:shift0	302	337	0	#2622
new_n609_	171	120	0	#2623
new_n610_	169	120	0	#2624
new_n611_	108	121	0	#2625
new_n612_	86	316	0	#2626
out_new_n613_:new_n612_	84	337	0	#2627
new_n614_	2	267	0	#2628
out_new_n615_:new_n614_	0	272	0	#2629
new_n616_	20	2	0	#2630
new_n617_	20	1	0	#2631
out_new_n618_:new_n617_	20	0	0	#2632
new_n619_	286	316	0	#2633
out_new_n620_:new_n619_	287	337	0	#2634
new_n621_	154	2	0	#2635
new_n622_	221	2	0	#2636
new_n623_	237	2	0	#2637
new_n624_	251	1	0	#2638
new_n625_	253	1	0	#2639
out_new_n626_:new_n603_	337	149	0	#2640
new_n627_	257	2	0	#2641
new_n628_	277	2	0	#2642
new_n629_	289	2	0	#2643
out_new_n630_:new_n539_	313	0	0	#2644
new_n631_	293	2	0	#2645
new_n632_	293	1	0	#2646
new_n633_	294	1	0	#2647
new_n635_	1	24	0	#2648
out_new_n636_:new_n635_	0	25	0	#2649
new_n637_	2	120	0	#2650
new_n638_	1	122	0	#2651
out_new_n639_:new_n638_	0	141	0	#2652
new_n640_	192	2	0	#2653
out_new_n641_:new_n640_	192	0	0	#2654
new_n642_	210	1	0	#2655
new_n643_	211	1	0	#2656
new_n644_	212	1	0	#2657
new_n645_	213	1	0	#2658
out_new_n646_:new_n645_	217	0	0	#2659
new_n647_	336	319	0	#2660
out_new_n648_:new_n647_	337	322	0	#2661
new_n649_	138	2	0	#2662
new_n650_	139	1	0	#2663
out_new_n651_:new_n650_	139	0	0	#2664
new_n652_	136	2	0	#2665
out_new_n653_:new_n652_	136	0	0	#2666
new_n654_	21	320	0	#2667
new_n655_	17	320	0	#2668
new_n656_	15	321	0	#2669
new_n657_	11	330	0	#2670
new_n658_	9	332	0	#2671
new_n659_	1	44	0	#2672
out_new_n660_:new_n659_	0	61	0	#2673
new_n661_	314	317	0	#2674
new_n662_	315	318	0	#2675
out_new_n663_:new_n662_	316	337	0	#2676
new_n664_	1	3	0	#2677
out_new_n665_:new_n664_	0	3	0	#2678
new_n666_	335	10	0	#2679
new_n667_	335	11	0	#2680
new_n668_	335	12	0	#2681
new_n669_	335	13	0	#2682
out_new_n670_:new_n669_	337	158	0	#2683
new_n671_	336	326	0	#2684
out_new_n672_:new_n671_	337	329	0	#2685
new_n673_	2	5	0	#2686
new_n674_	1	6	0	#2687
out_new_n675_:new_n674_	0	6	0	#2688
new_n676_	336	10	0	#2689
out_new_n677_:new_n676_	337	22	0	#2690
new_n678_	18	248	0	#2691
new_n679_	17	251	0	#2692
new_n680_	17	252	0	#2693
new_n681_	17	303	0	#2694
new_n682_	23	303	0	#2695
out_new_n683_:new_n658_	9	337	0	#2696
new_n684_	27	308	0	#2697
new_n685_	31	333	0	#2698
out_new_n686_:new_n685_	33	337	0	#2699
new_n687_	336	325	0	#2700
out_new_n688_:new_n687_	337	330	0	#2701
new_n689_	335	188	0	#2702
new_n690_	336	189	0	#2703
out_new_n691_:new_n690_	337	212	0	#2704
new_n692_	158	1	0	#2705
out_new_n693_:new_n692_	156	0	0	#2706
new_n694_	4	1	0	#2707
new_n695_	5	1	0	#2708
new_n696_	5	2	0	#2709
new_n697_	5	3	0	#2710
out_new_n698_:new_n697_	0	19	0	#2711
new_n699_	212	2	0	#2712
out_new_n700_:new_n699_	212	0	0	#2713
new_n701_	336	179	0	#2714
new_n702_	336	185	0	#2715
out_new_n703_:new_n702_	337	186	0	#2716
new_n704_	61	278	0	#2717
out_new_n705_:new_n704_	0	279	0	#2718
new_n706_	53	2	0	#2719
new_n707_	51	2	0	#2720
new_n708_	50	2	0	#2721
new_n709_	48	2	0	#2722
new_n710_	41	1	0	#2723
new_n711_	336	131	0	#2724
out_new_n712_:new_n711_	337	169	0	#2725
new_n713_	336	245	0	#2726
new_n714_	336	247	0	#2727
out_new_n715_:new_n714_	337	256	0	#2728
new_n716_	57	1	0	#2729
out_new_n717_:new_n716_	57	0	0	#2730
new_n718_	177	160	0	#2731
new_n719_	243	160	0	#2732
new_n720_	273	160	0	#2733
new_n721_	279	161	0	#2734
out_new_n722_:new_n721_	337	218	0	#2735
new_n723_	1	294	0	#2736
out_new_n724_:new_n723_	0	301	0	#2737
new_n725_	14	2	0	#2738
new_n726_	14	1	0	#2739
out_new_n727_:new_n726_	14	0	0	#2740
new_n728_	266	1	0	#2741
out_new_n729_:new_n728_	266	0	0	#2742
new_n730_	268	2	0	#2743
new_n731_	268	1	0	#2744
new_n732_	269	1	0	#2745
new_n733_	271	1	0	#2746
new_n734_	278	2	0	#2747
out_new_n735_:new_n710_	41	0	0	#2748
new_n736_	298	2	0	#2749
new_n737_	334	80	0	#2750
new_n738_	335	128	0	#2751
new_n739_	230	1	0	#2752
out_new_n740_:new_n739_	229	0	0	#2753
new_n741_	276	2	0	#2754
new_n742_	276	1	0	#2755
out_new_n743_:new_n742_	276	0	0	#2756
new_n744_	174	1	0	#2757
out_new_n745_:new_n744_	174	0	0	#2758
new_n746_	171	190	0	#2759
new_n747_	169	191	0	#2760
new_n748_	165	191	0	#2761
new_n749_	163	224	0	#2762
out_new_n750_:new_n749_	150	337	0	#2763
new_n751_	336	28	0	#2764
out_new_n752_:new_n751_	337	39	0	#2765
new_n753_	188	292	0	#2766
new_n754_	188	304	0	#2767
out_new_n755_:new_n754_	188	337	0	#2768
new_n756_	4	273	0	#2769
out_new_n757_:new_n756_	0	281	0	#2770
new_n758_	333	1	0	#2771
new_n759_	333	2	0	#2772
new_n760_	334	2	0	#2773
new_n761_	334	3	0	#2774
new_n762_	336	3	0	#2775
new_n763_	1	26	0	#2776
out_new_n764_:new_n763_	0	53	0	#2777
new_n765_	229	298	0	#2778
new_n766_	230	299	0	#2779
out_new_n767_:new_n766_	230	337	0	#2780
new_n768_	238	156	0	#2781
out_new_n769_:new_n768_	337	161	0	#2782
new_n770_	92	92	0	#2783
new_n771_	91	95	0	#2784
new_n772_	91	96	0	#2785
new_n773_	91	97	0	#2786
out_new_n774_:new_n773_	0	209	0	#2787
new_n775_	303	1	0	#2788
out_new_n776_:new_n775_	302	0	0	#2789
new_n777_	2	262	0	#2790
new_n778_	2	265	0	#2791
out_new_n779_:new_n778_	0	269	0	#2792
new_n780_	8	1	0	#2793
out_new_n781_:new_n780_	7	0	0	#2794
new_n782_	54	1	0	#2795
new_n783_	55	2	0	#2796
new_n784_	55	1	0	#2797
new_n785_	56	1	0	#2798
new_n786_	59	1	0	#2799
out_new_n787_:new_n762_	337	3	0	#2800
new_n788_	60	1	0	#2801
new_n789_	61	1	0	#2802
out_new_n790_:new_n789_	65	0	0	#2803
new_n791_	336	42	0	#2804
out_new_n792_:new_n791_	337	63	0	#2805
new_n793_	335	6	0	#2806
new_n794_	335	7	0	#2807
out_new_n795_:new_n794_	337	10	0	#2808
new_n796_	137	194	0	#2809
out_new_n797_:new_n796_	0	207	0	#2810
new_n798_	172	1	0	#2811
new_n799_	173	2	0	#2812
new_n800_	173	3	0	#2813
new_n801_	173	57	0	#2814
out_new_n802_:new_n801_	0	197	0	#2815
new_n803_	336	37	0	#2816
out_new_n804_:new_n803_	337	59	0	#2817
new_n805_	1	215	0	#2818
new_n806_	1	218	0	#2819
out_new_n807_:new_n806_	0	224	0	#2820
new_n808_	252	312	0	#2821
out_new_n809_:new_n808_	251	337	0	#2822
new_n810_	336	71	0	#2823
new_n811_	335	72	0	#2824
new_n812_	335	71	0	#2825
new_n813_	335	70	0	#2826
new_n814_	335	127	0	#2827
new_n815_	1	49	0	#2828
out_new_n816_:new_n815_	0	81	0	#2829
new_n817_	3	8	0	#2830
new_n818_	2	10	0	#2831
out_new_n819_:new_n818_	0	10	0	#2832
new_n820_	59	2	0	#2833
out_new_n821_:new_n820_	60	0	0	#2834
new_n822_	27	2	0	#2835
new_n823_	25	33	0	#2836
new_n824_	21	51	0	#2837
new_n825_	19	288	0	#2838
out_new_n826_:new_n825_	0	296	0	#2839
new_n827_	28	330	0	#2840
out_new_n828_:new_n827_	28	337	0	#2841
new_n829_	335	8	0	#2842
new_n830_	336	9	0	#2843
out_new_n831_:new_n830_	337	12	0	#2844
new_n832_	176	1	0	#2845
out_new_n833_:new_n832_	176	0	0	#2846
new_n834_	104	1	0	#2847
new_n835_	103	1	0	#2848
new_n836_	102	1	0	#2849
new_n837_	101	1	0	#2850
new_n838_	96	1	0	#2851
out_new_n839_:new_n814_	337	141	0	#2852
new_n840_	94	1	0	#2853
new_n841_	93	1	0	#2854
new_n842_	72	1	0	#2855
out_new_n843_:new_n738_	337	151	0	#2856
new_n844_	37	1	0	#2857
new_n845_	36	1	0	#2858
out_new_n846_:new_n845_	29	0	0	#2859
new_n847_	336	313	0	#2860
out_new_n848_:new_n847_	337	316	0	#2861
new_n849_	1	156	0	#2862
new_n850_	1	158	0	#2863
out_new_n851_:new_n850_	0	181	0	#2864
new_n852_	248	134	0	#2865
out_new_n853_:new_n852_	248	337	0	#2866
new_n854_	264	1	0	#2867
new_n855_	264	58	0	#2868
new_n856_	264	63	0	#2869
new_n857_	264	212	0	#2870
out_new_n858_:new_n857_	337	224	0	#2871
new_n859_	336	58	0	#2872
out_new_n860_:new_n859_	337	81	0	#2873
new_n861_	1	287	0	#2874
new_n862_	1	290	0	#2875
out_new_n863_:new_n862_	0	293	0	#2876
new_n864_	4	308	0	#2877
out_new_n865_:new_n864_	0	309	0	#2878
new_n866_	71	1	0	#2879
new_n867_	71	2	0	#2880
new_n868_	70	2	0	#2881
new_n869_	69	2	0	#2882
new_n870_	68	1	0	#2883
new_n871_	36	322	0	#2884
out_new_n872_:new_n871_	36	337	0	#2885
new_n873_	2	322	0	#2886
new_n874_	1	324	0	#2887
out_new_n875_:new_n874_	0	329	0	#2888
new_n876_	1	176	0	#2889
out_new_n877_:new_n876_	0	187	0	#2890
new_n878_	2	68	0	#2891
new_n879_	2	69	0	#2892
new_n880_	3	69	0	#2893
new_n881_	1	69	0	#2894
out_new_n882_:new_n881_	0	96	0	#2895
new_n883_	336	268	0	#2896
out_new_n884_:new_n883_	337	286	0	#2897
new_n885_	336	156	0	#2898
new_n886_	336	159	0	#2899
out_new_n887_:new_n886_	337	168	0	#2900
new_n888_	163	2	0	#2901
out_new_n889_:new_n888_	160	0	0	#2902
new_n890_	28	1	0	#2903
new_n891_	28	2	0	#2904
new_n892_	29	2	0	#2905
new_n893_	29	1	0	#2906
new_n894_	33	1	0	#2907
out_new_n895_:new_n870_	68	0	0	#2908
new_n896_	34	1	0	#2909
new_n897_	35	1	0	#2910
out_new_n898_:new_n897_	35	0	0	#2911
new_n899_	336	53	0	#2912
out_new_n900_:new_n899_	337	89	0	#2913
new_n901_	274	1	0	#2914
new_n902_	273	1	0	#2915
out_new_n903_:new_n902_	273	0	0	#2916
new_n904_	114	1	0	#2917
out_new_n905_:new_n904_	113	0	0	#2918
new_n906_	281	1	0	#2919
new_n907_	281	2	0	#2920
new_n908_	283	2	0	#2921
new_n909_	287	2	0	#2922
out_new_n910_:new_n909_	337	58	0	#2923
new_n911_	6	334	0	#2924
out_new_n912_:new_n911_	6	337	0	#2925
new_n913_	322	313	0	#2926
new_n914_	324	314	0	#2927
out_new_n915_:new_n914_	325	337	0	#2928
new_n916_	195	1	0	#2929
out_new_n917_:new_n916_	195	0	0	#2930
new_n918_	177	217	0	#2931
new_n919_	179	220	0	#2932
new_n920_	187	221	0	#2933
new_n921_	195	232	0	#2934
new_n922_	335	232	0	#2935
new_n923_	1	18	0	#2936
out_new_n924_:new_n923_	0	21	0	#2937
new_n925_	335	252	0	#2938
new_n926_	335	253	0	#2939
out_new_n927_:new_n926_	337	255	0	#2940
new_n928_	1	12	0	#2941
out_new_n929_:new_n928_	0	15	0	#2942
new_n930_	2	77	0	#2943
new_n931_	1	78	0	#2944
new_n932_	1	79	0	#2945
new_n933_	1	80	0	#2946
out_new_n934_:new_n933_	0	154	0	#2947
new_n935_	248	1	0	#2948
out_new_n936_:new_n935_	248	0	0	#2949
new_n937_	14	323	0	#2950
new_n938_	13	326	0	#2951
out_new_n939_:new_n938_	13	337	0	#2952
new_n940_	209	14	0	#2953
out_new_n941_:new_n940_	210	0	0	#2954
new_n942_	119	1	0	#2955
new_n943_	120	2	0	#2956
new_n944_	120	1	0	#2957
new_n945_	121	1	0	#2958
new_n946_	123	1	0	#2959
out_new_n947_:new_n922_	337	235	0	#2960
new_n948_	124	1	0	#2961
new_n949_	125	1	0	#2962
new_n950_	117	1	0	#2963
new_n951_	292	1	0	#2964
out_new_n952_:new_n951_	292	0	0	#2965
new_n953_	334	295	0	#2966
new_n954_	336	298	0	#2967
out_new_n955_:new_n954_	337	303	0	#2968
new_n956_	328	322	0	#2969
out_new_n957_:new_n956_	329	337	0	#2970
new_n958_	258	310	0	#2971
new_n959_	259	311	0	#2972
new_n960_	261	311	0	#2973
new_n961_	261	316	0	#2974
out_new_n962_:new_n961_	260	337	0	#2975
new_n963_	155	302	0	#2976
new_n964_	144	2	0	#2977
new_n965_	143	1	0	#2978
out_new_n966_:new_n965_	143	0	0	#2979
out_new_n967_:shift0	337	307	0	#2980
new_n968_	6	85	0	#2981
new_n969_	5	98	0	#2982
new_n970_	4	97	0	#2983
new_n971_	3	97	0	#2984
new_n972_	1	110	0	#2985
new_n973_	336	312	0	#2986
out_new_n974_:new_n973_	337	315	0	#2987
new_n975_	233	2	0	#2988
new_n976_	233	1	0	#2989
out_new_n977_:new_n976_	233	0	0	#2990
new_n978_	334	281	0	#2991
out_new_n979_:new_n978_	337	290	0	#2992
new_n980_	334	258	0	#2993
new_n981_	336	258	0	#2994
new_n982_	336	267	0	#2995
new_n983_	336	292	0	#2996
out_new_n984_:new_n983_	337	299	0	#2997
new_n985_	1	147	0	#2998
new_n986_	336	294	0	#2999
new_n987_	336	295	0	#3000
out_new_n988_:new_n987_	337	296	0	#3001
new_n989_	104	2	0	#3002
new_n990_	1	28	0	#3003
new_n991_	2	28	0	#3004
new_n992_	2	29	0	#3005
new_n993_	2	30	0	#3006
new_n994_	1	35	0	#3007
out_new_n995_:new_n972_	0	110	0	#3008
new_n996_	1	36	0	#3009
new_n997_	1	37	0	#3010
out_new_n998_:new_n997_	0	102	0	#3011
new_n999_	1	91	0	#3012
out_result0:new_n633_	294	0	0	#3013
out_result1:new_n1054_	220	0	0	#3014
out_result10:new_n2030_	0	132	0	#3015
out_result100:new_n3322_	91	0	0	#3016
out_result101:new_n3325_	337	245	0	#3017
out_result102:new_n3328_	169	337	0	#3018
out_result103:new_n3331_	64	337	0	#3019
out_result104:new_n3334_	49	0	0	#3020
out_result105:new_n3337_	337	282	0	#3021
out_result106:new_n3340_	117	337	0	#3022
out_result107:new_n3343_	337	208	0	#3023
out_result108:new_n3346_	337	150	0	#3024
out_result109:new_n3349_	337	302	0	#3025
out_result11:new_n2103_	241	337	0	#3026
out_result110:new_n3352_	86	0	0	#3027
out_result111:new_n3355_	337	154	0	#3028
out_result112:new_n3358_	337	109	0	#3029
out_result113:new_n3361_	328	0	0	#3030
out_result114:new_n3364_	196	337	0	#3031
out_result115:new_n3367_	163	0	0	#3032
out_result116:new_n3370_	87	337	0	#3033
out_result117:new_n3373_	337	250	0	#3034
out_result118:new_n3376_	179	337	0	#3035
out_result119:new_n3379_	98	337	0	#3036
out_result12:new_n2176_	239	337	0	#3037
out_result120:new_n3382_	0	88	0	#3038
out_result121:new_n3385_	0	267	0	#3039
out_result122:new_n3388_	87	0	0	#3040
out_result123:new_n3391_	337	209	0	#3041
out_result124:new_n3394_	337	147	0	#3042
out_result125:new_n3397_	289	337	0	#3043
out_result126:new_n3400_	0	46	0	#3044
out_result127:new_n3403_	337	21	0	#3045
out_result13:new_n2249_	296	337	0	#3046
out_result14:new_n2322_	0	72	0	#3047
out_result15:new_n2395_	337	15	0	#3048
out_result16:new_n2412_	286	0	0	#3049
out_result17:new_n2429_	225	0	0	#3050
out_result18:new_n2446_	209	337	0	#3051
out_result19:new_n2463_	152	337	0	#3052
out_result2:new_n1225_	205	337	0	#3053
out_result20:new_n2480_	337	242	0	#3054
out_result21:new_n2497_	0	31	0	#3055
out_result22:new_n2514_	337	133	0	#3056
out_result23:new_n2531_	337	234	0	#3057
out_result24:new_n2548_	337	37	0	#3058
out_result25:new_n2565_	304	0	0	#3059
out_result26:new_n2582_	130	0	0	#3060
out_result27:new_n2599_	54	337	0	#3061
out_result28:new_n2616_	124	337	0	#3062
out_result29:new_n2633_	283	0	0	#3063
out_result3:new_n1519_	223	0	0	#3064
out_result30:new_n2650_	46	337	0	#3065
out_result31:new_n2667_	291	0	0	#3066
out_result32:new_n2684_	284	0	0	#3067
out_result33:new_n2701_	337	143	0	#3068
out_result34:new_n2718_	337	253	0	#3069
out_result35:new_n2735_	337	184	0	#3070
out_result36:new_n2752_	0	121	0	#3071
out_result37:new_n2769_	0	114	0	#3072
out_result38:new_n2786_	0	222	0	#3073
out_result39:new_n2803_	0	217	0	#3074
out_result4:new_n1592_	89	337	0	#3075
out_result40:new_n2820_	337	198	0	#3076
out_result41:new_n2837_	331	0	0	#3077
out_result42:new_n2854_	148	337	0	#3078
out_result43:new_n2871_	0	205	0	#3079
out_result44:new_n2888_	131	337	0	#3080
out_result45:new_n2905_	337	166	0	#3081
out_result46:new_n2922_	0	306	0	#3082
out_result47:new_n2939_	337	114	0	#3083
out_result48:new_n2956_	183	337	0	#3084
out_result49:new_n2973_	337	136	0	#3085
out_result5:new_n1665_	0	253	0	#3086
out_result50:new_n2990_	235	337	0	#3087
out_result51:new_n3007_	76	337	0	#3088
out_result52:new_n3024_	237	337	0	#3089
out_result53:new_n3041_	0	30	0	#3090
out_result54:new_n3058_	337	132	0	#3091
out_result55:new_n3075_	337	19	0	#3092
out_result56:new_n3092_	0	69	0	#3093
out_result57:new_n3109_	12	0	0	#3094
out_result58:new_n3126_	119	337	0	#3095
out_result59:new_n3143_	55	337	0	#3096
out_result6:new_n1738_	337	292	0	#3097
out_result60:new_n3160_	226	337	0	#3098
out_result61:new_n3177_	0	318	0	#3099
out_result62:new_n3194_	166	0	0	#3100
out_result63:new_n3211_	0	44	0	#3101
out_result64:new_n3214_	63	0	0	#3102
out_result65:new_n3217_	27	0	0	#3103
out_result66:new_n3220_	74	0	0	#3104
out_result67:new_n3223_	0	175	0	#3105
out_result68:new_n3226_	337	192	0	#3106
out_result69:new_n3229_	337	56	0	#3107
out_result7:new_n1811_	15	0	0	#3108
out_result70:new_n3232_	111	337	0	#3109
out_result71:new_n3235_	72	337	0	#3110
out_result72:new_n3238_	0	189	0	#3111
out_result73:new_n3241_	158	337	0	#3112
out_result74:new_n3244_	6	0	0	#3113
out_result75:new_n3247_	0	174	0	#3114
out_result76:new_n3250_	0	24	0	#3115
out_result77:new_n3253_	96	337	0	#3116
out_result78:new_n3256_	0	138	0	#3117
out_result79:new_n3259_	0	260	0	#3118
out_result8:new_n1884_	207	0	0	#3119
out_result80:new_n3262_	337	107	0	#3120
out_result81:new_n3265_	70	0	0	#3121
out_result82:new_n3268_	237	0	0	#3122
out_result83:new_n3271_	227	0	0	#3123
out_result84:new_n3274_	334	0	0	#3124
out_result85:new_n3277_	337	122	0	#3125
out_result86:new_n3280_	164	0	0	#3126
out_result87:new_n3283_	0	235	0	#3127
out_result88:new_n3286_	49	337	0	#3128
out_result89:new_n3289_	276	337	0	#3129
out_result9:new_n1957_	280	0	0	#3130
out_result90:new_n3292_	246	0	0	#3131
out_result91:new_n3295_	0	136	0	#3132
out_result92:new_n3298_	337	69	0	#3133
out_result93:new_n3301_	0	104	0	#3134
out_result94:new_n3304_	337	277	0	#3135
out_result95:new_n3307_	323	337	0	#3136
out_result96:new_n3310_	0	316	0	#3137
out_result97:new_n3313_	337	5	0	#3138
out_result98:new_n3316_	60	337	0	#3139
out_result99:new_n3319_	337	9	0	#3140
shift0		171	0	0	#3141
shift3		312	0	0	#3142
shift5		0	176	0	#3143
