
VPR FPGA Placement and Routing.
Version: Version 5.0.2
Compiled: Dec 11 2020.
Original VPR by V. Betz.
Timing-driven placement enhancements by A. Marquardt.
Single-drivers enhancements by Andy Ye with additions by.
Mark Fang, Jason Luu, Ted Campbell
Heterogeneous stucture support by Jason Luu and Ted Campbell.
This code is licensed only for non-commercial use.

Auto-sizing FPGA, try x = 26 y = 26
Auto-sizing FPGA, try x = 52 y = 52
Auto-sizing FPGA, try x = 26 y = 26
Auto-sizing FPGA, try x = 39 y = 39
Auto-sizing FPGA, try x = 45 y = 45
Auto-sizing FPGA, try x = 48 y = 48
Auto-sizing FPGA, try x = 50 y = 50
Auto-sizing FPGA, try x = 49 y = 49
Auto-sizing FPGA, try x = 49 y = 49
FPGA auto-sized to, x = 50 y = 50

Resource Usage:
Netlist      0	blocks of type <EMPTY>
Architecture 4	blocks of type <EMPTY>
Netlist      199	blocks of type .io
Architecture 200	blocks of type .io
Netlist      469	blocks of type .clb
Architecture 2500	blocks of type .clb

Timing analysis: ON

Operation:  PLACE_AND_ROUTE

PlacerOpts.place_freq:  PLACE_ONCE
PlacerOpts.place_algorithm:  PATH_TIMING_DRIVEN_PLACE
PlacerOpts.place_cost_type:  LINEAR_CONG
PlacerOpts.pad_loc_type:  FREE
PlacerOpts.place_cost_exp:  1.000000
PlacerOpts.place_chan_width:  100
PlacerOpts.inner_loop_recompute_divider:  0
PlacerOpts.recompute_crit_iter:  1
PlacerOpts.timing_tradeoff:  0.500000
PlacerOpts.td_place_exp_first:  1.000000
PlacerOpts.td_place_exp_last:  8.000000
PlaceOpts.seed:  1
AnnealSched.type:  AUTO_SCHED
AnnealSched.inner_num:  1.000000

RouterOpts.route_type:  DETAILED
RouterOpts.router_algorithm:  TIMING_DRIVEN
RouterOpts.base_cost_type:  DELAY_NORMALIZED
RouterOpts.fixed_channel_width:  NO_FIXED_CHANNEL_WIDTH
RouterOpts.acc_fac:  1.000000
RouterOpts.bb_factor:  0
RouterOpts.bend_cost:  0.000000
RouterOpts.first_iter_pres_fac:  10000.000000
RouterOpts.initial_pres_fac:  10000.000000
RouterOpts.pres_fac_mult:  1.300000
RouterOpts.max_router_iterations:  10
RouterOpts.astar_fac:  1.200000
RouterOpts.criticality_exp:  1.000000
RouterOpts.max_criticality:  0.990000

RoutingArch.directionality:  UNI_DIRECTIONAL
RoutingArch.switch_block_type:  WILTON
RoutingArch.Fs:  3

The circuit will be mapped into a 50 x 50 array of clbs.

Netlist num_nets:  478
Netlist num_blocks:  668
Netlist inputs pins:  9
Netlist output pins:  190

Computing delta_io_to_io lookup matrix, may take a few seconds, please wait...
Computing delta_io_to_fb lookup matrix, may take a few seconds, please wait...
Computing delta_fb_to_io lookup matrix, may take a few seconds, please wait...
Computing delta_fb_to_fb lookup matrix, may take a few seconds, please wait...

There are 659 point to point connections in this circuit

Initial Placement Cost: 0.970892 bb_cost: 200.598 td_cost: 6.35784e-07 delay_cost: 1.45415e-06

          T        Cost Av. BB Cost  Av. TD Cost   Av Tot Del  P to P Del        d_max   Ac Rate  Std Dev  R limit      Exp  Tot. Moves    Alpha
   --------  ---------- -----------  -----------    ---------  ----------        -----   -------  -------  -------  -------  ----------    -----
    0.40478    0.999325     204.015  6.33759e-07   1.4503e-06  2.2066e-09   3.012e-08     0.999   0.0142       50        1        5838      0.5
    0.20239    0.971456     204.958  6.25711e-07  1.45073e-06 2.24815e-09   3.105e-08    0.9971    0.017       50        1       11676      0.5
     0.1012     0.98298     205.063  6.67807e-07  1.46152e-06 2.22071e-09   2.878e-08    0.9952   0.0178       50        1       17514      0.5
   0.050598    0.995175     205.553  6.67466e-07  1.45712e-06 2.17192e-09   2.807e-08    0.9908    0.015       50        1       23352      0.5
   0.025299    0.982865     202.713  6.46053e-07  1.44796e-06 2.20469e-09   2.941e-08      0.98   0.0189       50        1       29190      0.5
   0.012649    0.960221     200.069  6.38726e-07  1.42479e-06 2.21487e-09    2.92e-08    0.9591   0.0195       50        1       35028      0.9
   0.011385     1.00443     197.797  6.16681e-07  1.40778e-06 2.09485e-09   2.899e-08     0.945   0.0127       50        1       40866      0.9
   0.010246     0.98758     198.621  7.18262e-07  1.41852e-06 2.15647e-09   2.475e-08    0.9491   0.0175       50        1       46704      0.9
  0.0092215    0.989001     197.236  6.80947e-07  1.40799e-06 2.11826e-09   2.578e-08     0.938   0.0216       50        1       52542      0.9
  0.0082993    0.954715     195.067  5.98671e-07   1.3878e-06 2.15622e-09   2.993e-08    0.9318   0.0193       50        1       58380      0.9
  0.0074694    0.980298     197.987  6.69246e-07  1.41122e-06 2.13511e-09   2.641e-08    0.9339   0.0196       50        1       64218      0.9
  0.0067225     0.98238     196.048  6.61562e-07  1.39549e-06 2.12413e-09   2.641e-08    0.9188   0.0159       50        1       70056      0.9
  0.0060502    0.988765     194.132  6.06086e-07  1.38734e-06 2.10644e-09   2.847e-08    0.9077   0.0193       50        1       75894      0.9
  0.0054452     1.01034     192.981  6.53955e-07  1.37962e-06 2.04156e-09   2.538e-08    0.8929   0.0142       50        1       81732      0.9
  0.0049007    0.989692     193.296  6.81325e-07  1.38872e-06 2.11036e-09   2.568e-08    0.8876    0.018       50        1       87570      0.9
  0.0044106    0.979006     191.336  6.38397e-07   1.3725e-06 2.09016e-09    2.65e-08    0.8732   0.0129       50        1       93408      0.9
  0.0039695    0.964708     190.864  6.02315e-07  1.35897e-06 2.10758e-09   2.817e-08    0.8578    0.019       50        1       99246      0.9
  0.0035726    0.962937     186.508  5.21231e-07  1.34191e-06 2.06087e-09   3.179e-08    0.8469   0.0108       50        1      105084      0.9
  0.0032153    0.950148     186.008  6.29305e-07  1.33739e-06 2.09822e-09   2.621e-08    0.8335   0.0208       50        1      110922      0.9
  0.0028938    0.985706     184.485  5.26532e-07  1.32807e-06 2.00491e-09   2.949e-08    0.8092   0.0159       50        1      116760      0.9
  0.0026044    0.963137     179.286  5.58677e-07    1.296e-06 1.98399e-09   2.724e-08    0.7736   0.0243       50        1      122598     0.95
  0.0024742    0.989386     178.605  5.95069e-07  1.28069e-06 1.94165e-09   2.476e-08    0.7652   0.0127       50        1      128436     0.95
  0.0023505    0.960546     175.748  6.01993e-07  1.26711e-06  1.9671e-09   2.413e-08    0.7544   0.0137       50        1      134274     0.95
   0.002233     0.98481      178.52  6.65391e-07  1.28675e-06 1.97585e-09   2.217e-08    0.7465   0.0205       50        1      140112     0.95
  0.0021213    0.956396     174.508  6.00401e-07  1.25059e-06 1.94984e-09   2.382e-08    0.7174   0.0146       50        1      145950     0.95
  0.0020152    0.987015     173.513  6.20045e-07  1.24451e-06 1.89399e-09   2.228e-08    0.7124   0.0154       50        1      151788     0.95
  0.0019145    0.962897     170.996  5.65439e-07    1.235e-06  1.9089e-09   2.433e-08    0.6869   0.0172       50        1      157626     0.95
  0.0018188    0.939455     172.526  5.82892e-07  1.24727e-06  1.9576e-09   2.477e-08    0.6913   0.0161       50        1      163464     0.95
  0.0017278    0.978525     169.643  6.08491e-07  1.23883e-06 1.88306e-09   2.259e-08    0.6751   0.0173       50        1      169302     0.95
  0.0016414    0.959536     166.856  5.20311e-07  1.21515e-06 1.89235e-09   2.609e-08    0.6651   0.0269       50        1      175140     0.95
  0.0015594    0.974143     161.823  5.92285e-07  1.17275e-06 1.79053e-09   2.083e-08    0.6211   0.0136       50        1      180978     0.95
  0.0014814    0.981305     159.802  5.21799e-07  1.16494e-06 1.77549e-09   2.281e-08    0.5915   0.0142       50        1      186816     0.95
  0.0014073    0.975542      154.83  5.34063e-07  1.13821e-06 1.75115e-09   2.228e-08    0.5709   0.0154       50        1      192654     0.95
   0.001337    0.992205     155.422  5.36295e-07  1.13665e-06 1.68271e-09   2.113e-08    0.5579   0.0184       50        1      198492     0.95
  0.0012701    0.984233     151.479  5.92058e-07  1.11589e-06 1.71504e-09   1.907e-08    0.5312   0.0165       50        1      204330     0.95
  0.0012066    0.980955     147.166  5.10112e-07  1.08421e-06 1.65021e-09   2.093e-08    0.4971   0.0178       50        1      210168     0.95
  0.0011463    0.983833     146.583  5.61133e-07  1.08113e-06 1.64919e-09   1.855e-08    0.4904   0.0198       50        1      216006     0.95
   0.001089    0.967289     143.156   4.6478e-07  1.06198e-06 1.61657e-09   2.145e-08    0.4495     0.02       50        1      221844     0.95
  0.0010345    0.976982     139.802  5.38124e-07    1.036e-06  1.5769e-09   1.762e-08    0.4293   0.0122       50        1      227682     0.95
 0.00098279    0.964415     135.642  4.43513e-07  1.01447e-06 1.56797e-09   2.011e-08     0.439   0.0196    49.46    1.077      233520     0.95
 0.00093365    0.958882     132.457  4.39028e-07  9.97835e-07 1.53917e-09   1.989e-08    0.4181   0.0348    49.41    1.084      239358     0.95
 0.00088696    0.996806     128.143  3.65348e-07  9.66129e-07 1.44181e-09   1.937e-08     0.389    0.016    48.33    1.238      245196     0.95
 0.00084262    0.943492     122.181  2.82157e-07  9.23399e-07 1.44587e-09   1.865e-08    0.3657   0.0209    45.87     1.59      251034     0.95
 0.00080049    0.955489     119.773  2.88617e-07  9.09352e-07 1.38935e-09   1.504e-08     0.357   0.0164    42.46    2.077      256872     0.95
 0.00076046    0.950114     114.023   2.5182e-07  8.84682e-07 1.36854e-09   1.401e-08    0.3392   0.0264    38.94    2.581      262710     0.95
 0.00072244    0.968183     113.366  1.40256e-07  8.80388e-07  1.3438e-09   1.565e-08     0.352    0.012    35.01    3.142      268548     0.95
 0.00068632    0.979305     114.128  1.81947e-07  8.72199e-07 1.32403e-09   1.337e-08    0.3645   0.0111    31.93    3.582      274386     0.95
   0.000652    0.934379     110.225  1.38354e-07  8.55538e-07 1.30892e-09   1.401e-08    0.3777   0.0301    29.52    3.926      280224     0.95
  0.0006194    0.936099     106.934  1.33535e-07   8.3255e-07 1.30088e-09   1.338e-08    0.3736   0.0197    27.68    4.189      286062     0.95
 0.00058843     0.92437     103.484  1.13356e-07  8.34516e-07 1.26625e-09   1.338e-08    0.3601   0.0284    25.84    4.451      291900     0.95
 0.00055901    0.935494     99.3152  1.07909e-07  8.04867e-07 1.25496e-09   1.273e-08    0.3484   0.0214    23.77    4.746      297738     0.95
 0.00053106    0.933154     95.9526  8.13065e-08  7.80638e-07 1.20776e-09   1.286e-08    0.3541   0.0155     21.6    5.058      303576     0.95
 0.00050451    0.950125     94.0934  1.13341e-07  7.69092e-07 1.18442e-09   1.142e-08    0.3505     0.02    19.74    5.323      309414     0.95
 0.00047928     0.94933     91.0509  9.95229e-08  7.46208e-07 1.14728e-09   1.122e-08    0.3666   0.0303    17.97    5.575      315252     0.95
 0.00045532    0.938848     85.6783  1.01038e-07  7.24042e-07  1.1106e-09   1.077e-08    0.3542   0.0255    16.65    5.764      321090     0.95
 0.00043255    0.960224     82.8959  7.79916e-08  7.00973e-07 1.08645e-09    1.08e-08    0.3414   0.0132    15.23    5.968      326928     0.95
 0.00041092    0.951896     80.4891  6.06497e-08  6.87289e-07 1.05307e-09    1.11e-08    0.3784   0.0227    13.72    6.182      332766     0.95
 0.00039038    0.956069     76.4977   6.5309e-08  6.61679e-07  1.0209e-09   1.047e-08    0.3813   0.0211    12.88    6.303      338604     0.95
 0.00037086     0.96281     72.6698  5.64043e-08  6.34945e-07 9.76948e-10   1.028e-08     0.332   0.0134    12.12    6.411      344442     0.95
 0.00035231    0.959715     71.0197  5.99809e-08  6.16006e-07 9.64793e-10   9.766e-09     0.357   0.0143    10.81    6.598      350280     0.95
  0.0003347    0.978396     69.4983  4.74453e-08  6.12381e-07  9.2716e-10   9.965e-09    0.3726    0.018    9.915    6.726      356118     0.95
 0.00031796    0.971188     66.7407  5.36414e-08   5.9907e-07 9.13536e-10   9.542e-09    0.3554   0.0152    9.246    6.822      361956     0.95
 0.00030207    0.981767     64.8734  5.08856e-08  5.91775e-07 8.96458e-10   9.345e-09    0.3535   0.0113    8.464    6.934      367794     0.95
 0.00028696    0.967503      61.721   4.2256e-08  5.77985e-07   8.975e-10   9.458e-09    0.3835   0.0175    7.732    7.038      373632     0.95
 0.00027261    0.980467     58.5897  4.31352e-08  5.62552e-07 8.68446e-10   9.241e-09    0.3577  0.00944    7.296    7.101      379470     0.95
 0.00025898    0.987095     58.0948  3.92758e-08  5.55967e-07 8.44433e-10    9.25e-09     0.375  0.00852    6.695    7.186      385308     0.95
 0.00024603    0.994388     57.0705  3.53036e-08  5.53703e-07 8.40902e-10   9.345e-09    0.3558   0.0087     6.26    7.249      391146     0.95
 0.00023373    0.978005     54.8747  3.93019e-08  5.42189e-07 8.39739e-10   9.233e-09    0.3883     0.01    5.732    7.324      396984     0.95
 0.00022205    0.984943      53.327  3.75735e-08  5.31496e-07 8.08161e-10   9.146e-09    0.3655  0.00745    5.436    7.366      402822     0.95
 0.00021094    0.986538     52.1462   3.6341e-08  5.28871e-07 8.09789e-10   9.138e-09    0.3407  0.00708    5.031    7.424      408660     0.95
  0.0002004    0.987098     51.5714  3.44019e-08  5.26338e-07 8.00843e-10   9.146e-09    0.3801  0.00794    4.532    7.495      414498     0.95
 0.00019038    0.988299     50.0809  3.21862e-08  5.20376e-07 7.91046e-10   9.138e-09    0.3671  0.00464     4.26    7.534      420336     0.95
 0.00018086    0.986503     49.2138  2.97835e-08  5.16445e-07 7.90548e-10   9.146e-09    0.4109  0.00582     3.95    7.579      426174     0.95
 0.00017182    0.985102     48.2646  2.97657e-08   5.0512e-07 7.79138e-10   9.043e-09    0.4022   0.0071    3.835    7.595      432012     0.95
 0.00016322    0.999272     47.7858  2.87804e-08  5.02894e-07 7.58224e-10   9.026e-09    0.3825  0.00267     3.69    7.616      437850     0.95
 0.00015506     0.98648     47.2544  2.93209e-08  5.02378e-07 7.73753e-10   9.035e-09      0.37  0.00664    3.478    7.646      443688     0.95
 0.00014731    0.986671     46.0777  2.62327e-08  4.95285e-07  7.5198e-10   9.043e-09    0.3558  0.00767    3.234    7.681      449526     0.95
 0.00013994    0.990964     45.1113   3.1268e-08  4.97222e-07 7.59024e-10   8.733e-09    0.4113  0.00369    2.962     7.72      455364     0.95
 0.00013295    0.993099     44.8525  2.93291e-08  4.95895e-07 7.53455e-10   8.733e-09    0.3717  0.00236    2.877    7.732      461202     0.95
  0.0001263    0.998925     44.6928  2.85311e-08  4.96737e-07 7.50575e-10   8.733e-09    0.3589  0.00205     2.68     7.76      467040     0.95
 0.00011998    0.996531     44.7321  3.07068e-08  4.96328e-07 7.54228e-10   8.629e-09    0.3589    0.002    2.463    7.791      472878     0.95
 0.00011399    0.990966     44.0542  3.15044e-08    4.947e-07 7.53439e-10   8.629e-09    0.3356  0.00397    2.263     7.82      478716     0.95
 0.00010829    0.993026     43.6778   3.1594e-08  4.91825e-07 7.50652e-10   8.629e-09    0.3244   0.0028    2.026    7.853      484554     0.95
 0.00010287     1.00196     43.6653  3.11893e-08  4.92026e-07 7.44606e-10   8.621e-09    0.3953  0.00127    1.792    7.887      490392     0.95
 9.7728e-05     1.00181     44.0707  3.27523e-08  4.93218e-07  7.4504e-10   8.526e-09    0.3417  0.00222    1.712    7.898      496230     0.95
 9.2842e-05     1.00211     44.5759  3.46078e-08  4.98854e-07 7.52069e-10   8.422e-09    0.3222  0.00224    1.544    7.922      502068     0.95
   8.82e-05     1.00226     45.3957  3.48942e-08  5.03061e-07  7.6317e-10   8.422e-09    0.3188  0.00119    1.362    7.948      507906     0.95
  8.379e-05     1.00149     45.7595  3.42137e-08  5.04006e-07 7.60646e-10   8.422e-09    0.3015  0.00189    1.197    7.972      513744     0.95
   7.96e-05     1.00527      46.457  3.50188e-08  5.09493e-07 7.71582e-10   8.422e-09     0.307  0.00215    1.031    7.996      519582     0.95
  7.562e-05    0.999165     46.8015  3.63169e-08  5.11243e-07 7.75165e-10   8.422e-09    0.2982 0.000707        1        8      525420     0.95
 7.1839e-05    0.999042     46.7924  3.64833e-08   5.1422e-07 7.80257e-10   8.422e-09     0.264 0.000844        1        8      531258     0.95
 6.8247e-05     1.00086     47.0401  3.57823e-08  5.14964e-07 7.80269e-10   8.422e-09    0.2521 0.000934        1        8      537096     0.95
 6.4835e-05     1.00027     47.2597  3.60691e-08  5.16541e-07 7.82936e-10   8.422e-09    0.2419  0.00141        1        8      542934     0.95
 6.1593e-05     1.00001     47.5755    3.594e-08  5.18455e-07 7.86485e-10   8.422e-09    0.2266 0.000906        1        8      548772     0.95
 5.8514e-05    0.999475      47.797  3.54442e-08  5.19227e-07  7.8947e-10   8.422e-09    0.2256 0.000707        1        8      554610     0.95
 5.5588e-05    0.999273     47.9304  3.61218e-08  5.20554e-07 7.89166e-10   8.422e-09    0.2016 0.000505        1        8      560448     0.95
 5.2809e-05     1.00178     48.1178  3.58624e-08  5.21612e-07 7.90573e-10   8.422e-09    0.1949  0.00142        1        8      566286     0.95
 5.0168e-05      1.0002     48.3054  3.65579e-08  5.22646e-07 7.93559e-10   8.422e-09    0.2042 0.000667        1        8      572124     0.95
  4.766e-05     0.99883     48.2873  3.66523e-08  5.24219e-07 7.93112e-10   8.422e-09    0.1826 0.000726        1        8      577962     0.95
 4.5277e-05    0.999926     48.3625  3.63814e-08  5.24567e-07 7.93993e-10   8.422e-09     0.174  0.00032        1        8      583800     0.95
 4.3013e-05    0.998423     48.3113  3.60955e-08  5.23737e-07 7.97101e-10   8.422e-09    0.1531  0.00082        1        8      589638     0.95
 4.0862e-05     1.00002     48.2724   3.6225e-08  5.23515e-07 7.92558e-10   8.422e-09    0.1504 0.000289        1        8      595476     0.95
 3.8819e-05    0.999544     48.2896  3.65248e-08  5.24236e-07 7.94764e-10   8.422e-09    0.1554 0.000219        1        8      601314     0.95
 3.6878e-05    0.999124     48.2209  3.66762e-08  5.24269e-07 7.94841e-10   8.422e-09    0.1432 0.000298        1        8      607152      0.8
 2.9503e-05    0.998863     48.1959  3.65839e-08  5.22692e-07 7.95851e-10   8.422e-09    0.1278 0.000579        1        8      612990      0.8
 2.3602e-05    0.999244     48.1227  3.65352e-08  5.22045e-07 7.94293e-10   8.422e-09    0.1149 0.000204        1        8      618828      0.8
 1.8882e-05    0.999705     48.0934  3.62153e-08  5.21316e-07  7.9045e-10   8.422e-09    0.1017 0.000141        1        8      624666      0.8
 1.5105e-05    0.999482      48.071  3.64246e-08  5.21257e-07 7.91637e-10   8.422e-09   0.08804  0.00023        1        8      630504      0.8
 1.2084e-05    0.999818     48.0341  3.62935e-08  5.21373e-07 7.90401e-10   8.422e-09   0.07348 8.91e-05        1        8      636342      0.8
          0    0.999478     48.0178    3.627e-08  5.20361e-07 7.90081e-10   8.422e-09   0.01285 0.000114        1        8      642180  

BB estimate of min-dist (placement) wirelength is ;4801
bb_cost recomputed from scratch is 48.0051.
timing_cost recomputed from scratch is 3.62702e-08. 
delay_cost recomputed from scratch is 5.2019e-07. 

Completed placement consistency check successfully.

Placement Estimated Crit Path Delay: 8.42245e-09

Placement. Cost: 0.999349  bb_cost: 48.0051  td_cost: 3.62702e-08  delay_cost: 5.2019e-07.
low, high, current -1 -1 6
Confirming Router Algorithm: TIMING_DRIVEN.
Empty heap occurred in get_heap_head.
Some blocks are impossible to connect in this architecture.
Routing failed.
low, high, current 6 -1 12
Confirming Router Algorithm: TIMING_DRIVEN.
T_crit: 8.32783e-09.
T_crit: 8.24531e-09.
T_crit: 8.24531e-09.
Successfully routed after 4 routing iterations.
Completed net delay value cross check successfully.
low, high, current 6 12 10
Warning (check_all_tracks_reach_pins):  track 8 does not 
	connect to any FB IPINs.
Warning (check_all_tracks_reach_pins):  track 9 does not 
	connect to any FB IPINs.
Warning (check_all_tracks_reach_pins):  track 8 does not 
	connect to any FB IPINs.
Warning (check_all_tracks_reach_pins):  track 9 does not 
	connect to any FB IPINs.
Confirming Router Algorithm: TIMING_DRIVEN.
Empty heap occurred in get_heap_head.
Some blocks are impossible to connect in this architecture.
Routing failed.

Checking to ensure routing is legal ...
Completed routing consistency check successfully.

Serial number (magic cookie) for the routing is: 1199046646
Best routing used a channel width factor of 12.


Average number of bends per net: 2.12343  Maximum # of bends: 40


The number of routed nets (nonglobal): 478
Wirelength results (all in units of 1 clb segments):
	Total wirelength: 5511   Average net length: 11.5293
	Maximum net length: 246

Wirelength results in terms of physical segments:
	Total wiring segments used: 2864   Av. wire segments per net: 5.99163
	Maximum segments used by a net: 124


X - Directed channels:

j	max occ	av_occ		capacity
0	7	4.62000  	12
1	7	4.12000  	12
2	5	3.08000  	12
3	6	3.48000  	12
4	5	1.32000  	12
5	4	0.740000 	12
6	3	0.620000 	12
7	3	0.640000 	12
8	2	0.240000 	12
9	4	0.340000 	12
10	4	0.800000 	12
11	2	0.120000 	12
12	4	1.22000  	12
13	5	1.24000  	12
14	5	0.900000 	12
15	7	0.980000 	12
16	3	0.440000 	12
17	6	1.24000  	12
18	3	0.300000 	12
19	3	0.480000 	12
20	3	1.14000  	12
21	4	1.18000  	12
22	5	1.26000  	12
23	3	1.14000  	12
24	7	1.70000  	12
25	5	1.06000  	12
26	3	1.78000  	12
27	6	1.58000  	12
28	5	1.48000  	12
29	7	1.26000  	12
30	5	1.08000  	12
31	5	0.640000 	12
32	2	0.240000 	12
33	4	0.260000 	12
34	3	0.260000 	12
35	3	0.340000 	12
36	3	0.160000 	12
37	4	0.180000 	12
38	3	0.140000 	12
39	5	0.240000 	12
40	3	0.180000 	12
41	4	0.440000 	12
42	3	0.0600000	12
43	3	0.240000 	12
44	2	0.0800000	12
45	2	0.0600000	12
46	1	0.0600000	12
47	2	0.140000 	12
48	2	0.500000 	12
49	1	0.100000 	12
50	4	2.32000  	12

Y - Directed channels:

i	max occ	av_occ		capacity
0	8	5.46000  	12
1	6	3.58000  	12
2	6	2.98000  	12
3	6	2.74000  	12
4	3	1.50000  	12
5	3	0.880000 	12
6	3	1.08000  	12
7	3	1.08000  	12
8	2	0.200000 	12
9	4	2.00000  	12
10	2	0.280000 	12
11	3	1.20000  	12
12	3	0.220000 	12
13	4	1.70000  	12
14	2	0.780000 	12
15	2	0.980000 	12
16	2	1.10000  	12
17	3	0.400000 	12
18	2	0.620000 	12
19	3	0.500000 	12
20	2	0.800000 	12
21	3	0.460000 	12
22	3	1.64000  	12
23	2	0.560000 	12
24	2	0.320000 	12
25	3	0.500000 	12
26	3	0.600000 	12
27	3	1.20000  	12
28	3	1.42000  	12
29	2	0.980000 	12
30	2	0.900000 	12
31	2	0.400000 	12
32	2	0.980000 	12
33	2	0.540000 	12
34	3	0.200000 	12
35	3	1.18000  	12
36	2	0.380000 	12
37	2	0.400000 	12
38	1	0.420000 	12
39	4	0.380000 	12
40	3	1.10000  	12
41	2	0.240000 	12
42	2	0.180000 	12
43	3	0.640000 	12
44	2	0.560000 	12
45	2	1.22000  	12
46	3	1.02000  	12
47	5	1.74000  	12
48	5	2.42000  	12
49	9	3.84000  	12
50	10	5.50000  	12

Total Tracks in X-direction: 612  in Y-direction: 612

Logic Area (in minimum width transistor areas):
Total Logic Area: 7.5e+07  Per 1x1 logic tile: 30000

Routing area (in minimum width transistor areas):
Total Routing Area: 3.86548e+06  Per logic tile: 1546.19

Segment usage by type (index):
Segment type       Fractional utilization
------------       ----------------------
       0                  0.0918

Segment usage by length:
Segment length       Fractional utilization
--------------       ----------------------
        2                   0.0918

Critical Path: 8.24531e-09 (s)

Time elapsed (PLACE&ROUTE): 1603.787000 ms


Time elapsed (Fernando): 1603.802000 ms

