
VPR FPGA Placement and Routing.
Version: Version 5.0.2
Compiled: Dec 11 2020.
Original VPR by V. Betz.
Timing-driven placement enhancements by A. Marquardt.
Single-drivers enhancements by Andy Ye with additions by.
Mark Fang, Jason Luu, Ted Campbell
Heterogeneous stucture support by Jason Luu and Ted Campbell.
This code is licensed only for non-commercial use.

Auto-sizing FPGA, try x = 10 y = 10
Auto-sizing FPGA, try x = 5 y = 5
Auto-sizing FPGA, try x = 7 y = 7
Auto-sizing FPGA, try x = 8 y = 8
Auto-sizing FPGA, try x = 9 y = 9
Auto-sizing FPGA, try x = 9 y = 9
FPGA auto-sized to, x = 10 y = 10

Resource Usage:
Netlist      0	blocks of type <EMPTY>
Architecture 4	blocks of type <EMPTY>
Netlist      40	blocks of type .io
Architecture 40	blocks of type .io
Netlist      65	blocks of type .clb
Architecture 100	blocks of type .clb

Timing analysis: ON

Operation:  PLACE_AND_ROUTE

PlacerOpts.place_freq:  PLACE_ONCE
PlacerOpts.place_algorithm:  PATH_TIMING_DRIVEN_PLACE
PlacerOpts.place_cost_type:  LINEAR_CONG
PlacerOpts.pad_loc_type:  FREE
PlacerOpts.place_cost_exp:  1.000000
PlacerOpts.place_chan_width:  100
PlacerOpts.inner_loop_recompute_divider:  0
PlacerOpts.recompute_crit_iter:  1
PlacerOpts.timing_tradeoff:  0.500000
PlacerOpts.td_place_exp_first:  1.000000
PlacerOpts.td_place_exp_last:  8.000000
PlaceOpts.seed:  1
AnnealSched.type:  AUTO_SCHED
AnnealSched.inner_num:  1.000000

RouterOpts.route_type:  DETAILED
RouterOpts.router_algorithm:  TIMING_DRIVEN
RouterOpts.base_cost_type:  DELAY_NORMALIZED
RouterOpts.fixed_channel_width:  NO_FIXED_CHANNEL_WIDTH
RouterOpts.acc_fac:  1.000000
RouterOpts.bb_factor:  0
RouterOpts.bend_cost:  0.000000
RouterOpts.first_iter_pres_fac:  10000.000000
RouterOpts.initial_pres_fac:  10000.000000
RouterOpts.pres_fac_mult:  1.300000
RouterOpts.max_router_iterations:  10
RouterOpts.astar_fac:  1.200000
RouterOpts.criticality_exp:  1.000000
RouterOpts.max_criticality:  0.990000

RoutingArch.directionality:  UNI_DIRECTIONAL
RoutingArch.switch_block_type:  WILTON
RoutingArch.Fs:  3

The circuit will be mapped into a 10 x 10 array of clbs.

Netlist num_nets:  69
Netlist num_blocks:  105
Netlist inputs pins:  4
Netlist output pins:  36

Computing delta_io_to_io lookup matrix, may take a few seconds, please wait...
Computing delta_io_to_fb lookup matrix, may take a few seconds, please wait...
Computing delta_fb_to_io lookup matrix, may take a few seconds, please wait...
Computing delta_fb_to_fb lookup matrix, may take a few seconds, please wait...

There are 101 point to point connections in this circuit

Initial Placement Cost: 1.08435 bb_cost: 8.01867 td_cost: 4.85554e-08 delay_cost: 7.31983e-08

          T        Cost Av. BB Cost  Av. TD Cost   Av Tot Del  P to P Del        d_max   Ac Rate  Std Dev  R limit      Exp  Tot. Moves    Alpha
   --------  ---------- -----------  -----------    ---------  ----------        -----   -------  -------  -------  -------  ----------    -----
    0.42613    0.924382     7.50844   4.5492e-08  6.81148e-08 7.24736e-10   6.854e-09     0.996   0.0221       10        1         495      0.5
    0.21307    0.982437     7.26703  4.34149e-08  6.66674e-08 6.68083e-10   6.656e-09    0.9818    0.027       10        1         990      0.5
    0.10653    0.956286     7.17499  4.48468e-08  6.61843e-08 6.66949e-10    6.14e-09    0.9737   0.0176       10        1        1485      0.5
   0.053266     1.02101     7.16669  4.44631e-08   6.6364e-08 6.38679e-10   6.104e-09    0.9333   0.0169       10        1        1980      0.9
    0.04794     1.00705      7.0216  4.36536e-08  6.46006e-08 6.28781e-10   6.036e-09    0.9293   0.0284       10        1        2475      0.9
   0.043146     1.01589     7.01333  4.14671e-08  6.48115e-08 6.36632e-10   6.854e-09    0.9313   0.0226       10        1        2970      0.9
   0.038831     1.01351     6.95797  4.10321e-08  6.49175e-08 6.26373e-10   6.431e-09    0.9414   0.0343       10        1        3465      0.9
   0.034948     1.00187      7.0777  4.07957e-08  6.61332e-08 6.46973e-10   6.658e-09    0.9192   0.0303       10        1        3960      0.9
   0.031453    0.956339     6.87954  4.22813e-08  6.44029e-08 6.56151e-10   6.346e-09    0.8909   0.0216       10        1        4455      0.9
   0.028308     1.01292     7.06137  4.55848e-08  6.54804e-08 6.42545e-10    5.95e-09    0.8909   0.0215       10        1        4950      0.9
   0.025477    0.981734     7.01597  4.50127e-08  6.44818e-08 6.52724e-10   6.009e-09    0.8869   0.0279       10        1        5445      0.9
   0.022929    0.981784     6.70317  4.06669e-08  6.26627e-08 6.22946e-10   6.346e-09    0.8586   0.0244       10        1        5940      0.9
   0.020636     1.03147     6.92587  4.55881e-08  6.43935e-08 6.24255e-10   5.612e-09    0.8566   0.0292       10        1        6435      0.9
   0.018573     1.01409     6.86467  3.98295e-08  6.39381e-08 6.21933e-10   6.544e-09    0.8505   0.0244       10        1        6930      0.9
   0.016716    0.984414     6.75434  3.95561e-08   6.2962e-08 6.20324e-10   6.535e-09    0.8162   0.0307       10        1        7425      0.9
   0.015044    0.965041     6.77169   4.4794e-08  6.36638e-08 6.47337e-10   6.036e-09    0.8101   0.0273       10        1        7920      0.9
    0.01354    0.977381     6.54477  4.12971e-08  6.12829e-08 6.20324e-10    6.14e-09    0.7576   0.0249       10        1        8415     0.95
   0.012863     1.02098     6.75557  4.15595e-08  6.27219e-08 6.04145e-10   6.036e-09    0.7374   0.0216       10        1        8910     0.95
   0.012219    0.995807     6.66559  3.92115e-08  6.30175e-08 6.18956e-10   6.243e-09    0.7394   0.0206       10        1        9405     0.95
   0.011609    0.969064     6.59524  3.85244e-08  6.28213e-08 6.34778e-10   6.967e-09    0.7535   0.0293       10        1        9900     0.95
   0.011028    0.980278     6.68798  4.08863e-08  6.32592e-08 6.34703e-10    6.13e-09    0.7313    0.023       10        1       10395     0.95
   0.010477     1.01478     6.51922     4.08e-08  6.18451e-08 6.08158e-10   6.036e-09    0.7455   0.0252       10        1       10890     0.95
  0.0099528    0.971045     6.31927  4.20707e-08  6.17904e-08 6.15955e-10   5.718e-09     0.699   0.0259       10        1       11385     0.95
  0.0094552    0.959729     6.23176  3.87973e-08  6.05917e-08 6.18195e-10   6.243e-09    0.7051   0.0265       10        1       11880     0.95
  0.0089824    0.964417     6.10501  3.85344e-08  5.93333e-08  6.1003e-10   6.037e-09     0.596   0.0249       10        1       12375     0.95
  0.0085333     1.00122     6.21139   4.0199e-08  6.03115e-08 5.89826e-10   5.698e-09    0.6182   0.0316       10        1       12870     0.95
  0.0081067     1.02948     6.07639   3.9551e-08  5.93696e-08 5.82719e-10   6.122e-09    0.5535   0.0237       10        1       13365     0.95
  0.0077013     0.99124     6.02657  4.23679e-08  5.90039e-08  5.8851e-10   5.312e-09    0.6525   0.0218       10        1       13860     0.95
  0.0073163    0.991555     6.15173  3.95543e-08  5.98805e-08 5.93481e-10   5.717e-09    0.5677   0.0219       10        1       14355     0.95
  0.0069504     1.01859     6.11225  3.85325e-08  5.98436e-08  5.8503e-10   5.923e-09     0.598   0.0213       10        1       14850     0.95
  0.0066029    0.954358     6.21368  3.67487e-08  6.02383e-08 6.06865e-10   6.553e-09    0.5576   0.0411       10        1       15345     0.95
  0.0062728    0.979674     5.67521  3.93336e-08  5.74932e-08 5.71284e-10   5.314e-09    0.5394   0.0216       10        1       15840     0.95
  0.0059591     1.02437     5.82783  4.09139e-08  5.78041e-08 5.63341e-10   4.994e-09    0.5253   0.0359       10        1       16335     0.95
  0.0056612     1.03794     5.89316  3.82499e-08  5.89768e-08 5.62919e-10   6.131e-09    0.4889   0.0282       10        1       16830     0.95
  0.0053781     1.00054     5.80128  3.58174e-08  5.75644e-08 5.69728e-10   6.243e-09    0.4404   0.0321       10        1       17325     0.95
  0.0051092    0.963088     5.70833  4.00929e-08  5.77264e-08 5.82848e-10   5.503e-09    0.4626   0.0204       10        1       17820     0.95
  0.0048538     1.00861     5.55353  3.74064e-08  5.56153e-08 5.50022e-10    5.51e-09    0.4061   0.0129       10        1       18315     0.95
  0.0046111    0.968004     5.32505   3.3603e-08  5.42805e-08  5.3889e-10   5.312e-09    0.3838    0.022    9.661    1.264       18810     0.95
  0.0043805     1.02541     5.28164  2.97253e-08  5.51252e-08   5.402e-10   5.415e-09    0.4303   0.0281    9.118    1.686       19305     0.95
  0.0041615      1.0081     5.09562   2.7746e-08  5.35694e-08 5.23944e-10   5.416e-09    0.3232   0.0188     9.03    1.755       19800     0.95
  0.0039534    0.967186     4.80021   2.2663e-08  5.28431e-08 5.36035e-10   5.209e-09    0.4182   0.0149    7.975    2.575       20295     0.95
  0.0037557    0.999115     4.73564  2.28329e-08  5.14422e-08 5.05485e-10    5.02e-09    0.3354   0.0175    7.801     2.71       20790     0.95
   0.003568    0.994452     4.85784  2.02317e-08  5.23381e-08 5.12381e-10   4.907e-09    0.4202   0.0132    6.985    3.345       21285     0.95
  0.0033896     0.98794     4.77607  1.73062e-08  5.16439e-08 5.08275e-10   5.219e-09    0.3333   0.0164    6.847    3.453       21780     0.95
  0.0032201     1.01671     4.83646  1.70722e-08  5.17568e-08 5.03097e-10   4.993e-09    0.3798    0.019    6.116    4.021       22275     0.95
  0.0030591    0.992711     4.97408   1.7851e-08  5.22336e-08 5.16605e-10   4.891e-09    0.3919     0.02    5.748    4.307       22770     0.95
  0.0029061     1.00798     4.74417   1.8672e-08  5.08847e-08 4.96786e-10   4.702e-09    0.4061   0.0109    5.472    4.522       23265     0.95
  0.0027608    0.982002     4.77667  1.54092e-08  5.17868e-08 5.01519e-10   5.099e-09    0.3556   0.0272    5.286    4.666       23760     0.95
  0.0026228    0.988321     4.44345  1.46871e-08  4.95653e-08 4.99934e-10   4.674e-09    0.3596    0.015     4.84    5.014       24255     0.95
  0.0024916    0.999774     4.27787  1.60994e-08  4.86154e-08 4.72529e-10   4.606e-09    0.3051   0.0085    4.451    5.316       24750     0.95
  0.0023671    0.976189      4.1768  1.49399e-08  4.80165e-08 4.83088e-10   4.579e-09    0.3455   0.0103     3.85    5.783       25245     0.95
  0.0022487     0.98132     4.24897  1.43623e-08  4.80657e-08 4.80127e-10   4.494e-09    0.3131   0.0126    3.486    6.067       25740     0.95
  0.0021363    0.976746     4.24549  1.13151e-08  4.75809e-08 4.77928e-10   4.673e-09    0.3253   0.0104    3.044     6.41       26235     0.95
  0.0020295     1.00442      4.2593  1.46754e-08  4.80253e-08 4.72172e-10   4.382e-09    0.4364  0.00977    2.694    6.682       26730     0.95
   0.001928    0.982143     4.07644  1.11955e-08  4.69113e-08 4.62867e-10   4.485e-09    0.3939   0.0159    2.685     6.69       27225     0.95
  0.0018316    0.985879      3.8519  1.08919e-08  4.58836e-08 4.53969e-10   4.382e-09    0.3475  0.00772    2.561    6.786       27720     0.95
    0.00174      1.0017     3.89118  1.41447e-08  4.61358e-08 4.51583e-10    4.27e-09    0.3556  0.00551    2.324     6.97       28215     0.95
   0.001653    0.982505     3.91643  1.19497e-08  4.67178e-08 4.55759e-10   4.487e-09    0.3394   0.0151    2.128    7.123       28710     0.95
  0.0015704     1.00395     3.87922  1.20334e-08  4.67606e-08  4.5797e-10   4.287e-09    0.4404   0.0104    1.914    7.289       29205     0.95
  0.0014918    0.993411     3.75755  1.13656e-08  4.58048e-08 4.54735e-10   4.269e-09    0.3838  0.00879    1.914    7.289       29700     0.95
  0.0014172     1.02324     3.83201  1.22159e-08  4.55169e-08 4.43166e-10   4.296e-09    0.4121  0.00747    1.807    7.372       30195     0.95
  0.0013464    0.980219     3.78932   1.6549e-08  4.56206e-08 4.42212e-10   4.183e-09    0.3434  0.00779    1.757    7.412       30690     0.95
  0.0012791    0.972164     3.73078  1.39636e-08  4.58848e-08 4.56958e-10   4.288e-09    0.3212   0.0125    1.587    7.543       31185     0.95
  0.0012151     1.01191     3.75505  1.24997e-08  4.58912e-08 4.43733e-10   4.185e-09    0.3131  0.00613    1.398     7.69       31680     0.95
  0.0011544    0.998109      3.7692  1.13925e-08  4.59197e-08 4.56291e-10   4.296e-09    0.3212  0.00388    1.221    7.828       32175     0.95
  0.0010966     0.97532     3.62758  1.16389e-08  4.55411e-08 4.65212e-10    4.28e-09    0.2404  0.00983    1.076    7.941       32670     0.95
  0.0010418     1.00919     3.61376  1.19679e-08  4.53405e-08 4.50805e-10   4.185e-09    0.2909  0.00475        1        8       33165     0.95
 0.00098971    0.996542     3.60251  1.20965e-08  4.51589e-08 4.49851e-10   4.185e-09    0.2525  0.00703        1        8       33660     0.95
 0.00094023    0.990752     3.51448   1.1757e-08  4.50189e-08 4.43119e-10   4.185e-09    0.2364  0.00394        1        8       34155     0.95
 0.00089322     1.00027     3.52165  1.10741e-08  4.45343e-08  4.3266e-10   4.193e-09    0.2404  0.00304        1        8       34650     0.95
 0.00084856     0.99424     3.54531  1.07825e-08  4.45539e-08 4.46453e-10   4.193e-09    0.2505  0.00504        1        8       35145     0.95
 0.00080613    0.996027      3.5322  1.14505e-08  4.44896e-08 4.40556e-10   4.193e-09     0.202  0.00301        1        8       35640     0.95
 0.00076582     0.99907     3.51782  1.04446e-08   4.4104e-08 4.39696e-10   4.193e-09    0.1939  0.00306        1        8       36135     0.95
 0.00072753    0.990481     3.48713  1.05727e-08  4.42352e-08 4.36298e-10   4.193e-09    0.1697  0.00535        1        8       36630     0.95
 0.00069115     1.00028     3.46058  1.05546e-08  4.48318e-08 4.43288e-10   4.185e-09    0.1515  0.00188        1        8       37125     0.95
  0.0006566    0.997906     3.45901  1.08379e-08  4.46632e-08  4.3786e-10   4.176e-09    0.1556  0.00155        1        8       37620     0.95
 0.00062377    0.998732     3.46366  1.03943e-08  4.43876e-08 4.43382e-10   4.185e-09    0.1293  0.00276        1        8       38115      0.8
 0.00049901     1.00012     3.44221  1.05332e-08  4.44319e-08 4.37293e-10   4.185e-09    0.1414  0.00238        1        8       38610      0.8
 0.00039921    0.998249     3.40779  1.04126e-08   4.4494e-08 4.38673e-10   4.185e-09    0.1374  0.00101        1        8       39105      0.8
 0.00031937     1.00003     3.40959  1.05043e-08  4.42997e-08 4.33309e-10   4.176e-09   0.09697   0.0011        1        8       39600      0.8
 0.00025549    0.999796     3.39704  1.05223e-08   4.4599e-08 4.44617e-10   4.176e-09    0.1051 0.000336        1        8       40095      0.8
  0.0002044    0.999478     3.39714  1.04767e-08  4.39763e-08  4.4151e-10   4.176e-09    0.1111  0.00053        1        8       40590      0.8
 0.00016352    0.998446     3.37332  1.05143e-08  4.38073e-08 4.36187e-10   4.176e-09   0.06465  0.00147        1        8       41085      0.8
 0.00013081    0.998694     3.35524  1.05063e-08  4.34338e-08 4.32742e-10   4.176e-09   0.07273 0.000662        1        8       41580      0.8
 0.00010465     1.00005     3.35259  1.04936e-08  4.32763e-08   4.266e-10   4.176e-09   0.07879 7.94e-05        1        8       42075      0.8
 8.3721e-05    0.999943      3.3511  1.05021e-08  4.34048e-08 4.28823e-10   4.176e-09   0.07475 5.75e-05        1        8       42570      0.8
          0    0.998304     3.35765  1.04533e-08  4.33446e-08 4.32836e-10   4.176e-09   0.02424 0.000981        1        8       43065  

BB estimate of min-dist (placement) wirelength is ;335
bb_cost recomputed from scratch is 3.35178.
timing_cost recomputed from scratch is 1.04431e-08. 
delay_cost recomputed from scratch is 4.32053e-08. 

Completed placement consistency check successfully.

Placement Estimated Crit Path Delay: 4.17638e-09

Placement. Cost: 0.996948  bb_cost: 3.35181  td_cost: 1.04431e-08  delay_cost: 4.32053e-08.
low, high, current -1 -1 6
Confirming Router Algorithm: TIMING_DRIVEN.
Empty heap occurred in get_heap_head.
Some blocks are impossible to connect in this architecture.
Routing failed.
low, high, current 6 -1 12
Confirming Router Algorithm: TIMING_DRIVEN.
Successfully routed after 1 routing iterations.
Completed net delay value cross check successfully.
low, high, current 6 12 10
Warning (check_all_tracks_reach_pins):  track 8 does not 
	connect to any FB IPINs.
Warning (check_all_tracks_reach_pins):  track 9 does not 
	connect to any FB IPINs.
Warning (check_all_tracks_reach_pins):  track 8 does not 
	connect to any FB IPINs.
Warning (check_all_tracks_reach_pins):  track 9 does not 
	connect to any FB IPINs.
Confirming Router Algorithm: TIMING_DRIVEN.
Empty heap occurred in get_heap_head.
Some blocks are impossible to connect in this architecture.
Routing failed.

Checking to ensure routing is legal ...
Completed routing consistency check successfully.

Serial number (magic cookie) for the routing is: -5231208
Best routing used a channel width factor of 12.


Average number of bends per net: 1.42029  Maximum # of bends: 6


The number of routed nets (nonglobal): 69
Wirelength results (all in units of 1 clb segments):
	Total wirelength: 427   Average net length: 6.18841
	Maximum net length: 37

Wirelength results in terms of physical segments:
	Total wiring segments used: 231   Av. wire segments per net: 3.34783
	Maximum segments used by a net: 19


X - Directed channels:

j	max occ	av_occ		capacity
0	4	3.10000  	12
1	3	2.30000  	12
2	6	5.40000  	12
3	4	3.40000  	12
4	3	2.10000  	12
5	3	1.90000  	12
6	2	1.20000  	12
7	1	0.400000 	12
8	0	0.00000  	12
9	0	0.00000  	12
10	3	1.90000  	12

Y - Directed channels:

i	max occ	av_occ		capacity
0	5	2.90000  	12
1	5	3.10000  	12
2	4	1.70000  	12
3	2	0.400000 	12
4	3	1.70000  	12
5	2	0.800000 	12
6	5	2.10000  	12
7	2	1.20000  	12
8	5	2.20000  	12
9	3	1.60000  	12
10	7	3.30000  	12

Total Tracks in X-direction: 132  in Y-direction: 132

Logic Area (in minimum width transistor areas):
Total Logic Area: 3e+06  Per 1x1 logic tile: 30000

Routing area (in minimum width transistor areas):
Total Routing Area: 157806.  Per logic tile: 1578.06

Segment usage by type (index):
Segment type       Fractional utilization
------------       ----------------------
       0                  0.159

Segment usage by length:
Segment length       Fractional utilization
--------------       ----------------------
        2                   0.159

Critical Path: 3.88526e-09 (s)

Time elapsed (PLACE&ROUTE): 67.884000 ms


Time elapsed (Fernando): 67.895000 ms

