
VPR FPGA Placement and Routing.
Version: Version 5.0.2
Compiled: Dec 11 2020.
Original VPR by V. Betz.
Timing-driven placement enhancements by A. Marquardt.
Single-drivers enhancements by Andy Ye with additions by.
Mark Fang, Jason Luu, Ted Campbell
Heterogeneous stucture support by Jason Luu and Ted Campbell.
This code is licensed only for non-commercial use.

Auto-sizing FPGA, try x = 18 y = 18
Auto-sizing FPGA, try x = 36 y = 36
Auto-sizing FPGA, try x = 72 y = 72
Auto-sizing FPGA, try x = 36 y = 36
Auto-sizing FPGA, try x = 54 y = 54
Auto-sizing FPGA, try x = 63 y = 63
Auto-sizing FPGA, try x = 67 y = 67
Auto-sizing FPGA, try x = 65 y = 65
Auto-sizing FPGA, try x = 66 y = 66
Auto-sizing FPGA, try x = 65 y = 65
FPGA auto-sized to, x = 66 y = 66

Resource Usage:
Netlist      0	blocks of type <EMPTY>
Architecture 4	blocks of type <EMPTY>
Netlist      263	blocks of type .io
Architecture 264	blocks of type .io
Netlist      45	blocks of type .clb
Architecture 4356	blocks of type .clb

Timing analysis: ON

Operation:  PLACE_AND_ROUTE

PlacerOpts.place_freq:  PLACE_ONCE
PlacerOpts.place_algorithm:  PATH_TIMING_DRIVEN_PLACE
PlacerOpts.place_cost_type:  LINEAR_CONG
PlacerOpts.pad_loc_type:  FREE
PlacerOpts.place_cost_exp:  1.000000
PlacerOpts.place_chan_width:  100
PlacerOpts.inner_loop_recompute_divider:  0
PlacerOpts.recompute_crit_iter:  1
PlacerOpts.timing_tradeoff:  0.500000
PlacerOpts.td_place_exp_first:  1.000000
PlacerOpts.td_place_exp_last:  8.000000
PlaceOpts.seed:  1
AnnealSched.type:  AUTO_SCHED
AnnealSched.inner_num:  1.000000

RouterOpts.route_type:  DETAILED
RouterOpts.router_algorithm:  TIMING_DRIVEN
RouterOpts.base_cost_type:  DELAY_NORMALIZED
RouterOpts.fixed_channel_width:  NO_FIXED_CHANNEL_WIDTH
RouterOpts.acc_fac:  1.000000
RouterOpts.bb_factor:  0
RouterOpts.bend_cost:  0.000000
RouterOpts.first_iter_pres_fac:  10000.000000
RouterOpts.initial_pres_fac:  10000.000000
RouterOpts.pres_fac_mult:  1.300000
RouterOpts.max_router_iterations:  10
RouterOpts.astar_fac:  1.200000
RouterOpts.criticality_exp:  1.000000
RouterOpts.max_criticality:  0.990000

RoutingArch.directionality:  UNI_DIRECTIONAL
RoutingArch.switch_block_type:  WILTON
RoutingArch.Fs:  3

The circuit will be mapped into a 66 x 66 array of clbs.

Netlist num_nets:  49
Netlist num_blocks:  308
Netlist inputs pins:  4
Netlist output pins:  259

Computing delta_io_to_io lookup matrix, may take a few seconds, please wait...
Computing delta_io_to_fb lookup matrix, may take a few seconds, please wait...
Computing delta_fb_to_io lookup matrix, may take a few seconds, please wait...
Computing delta_fb_to_fb lookup matrix, may take a few seconds, please wait...

There are 304 point to point connections in this circuit

Initial Placement Cost: 1.0073 bb_cost: 59.9487 td_cost: 9.3464e-07 delay_cost: 9.45095e-07

          T        Cost Av. BB Cost  Av. TD Cost   Av Tot Del  P to P Del        d_max   Ac Rate  Std Dev  R limit      Exp  Tot. Moves    Alpha
   --------  ---------- -----------  -----------    ---------  ----------        -----   -------  -------  -------  -------  ----------    -----
    0.20999    0.973614      58.961  6.58796e-07  9.52068e-07 3.10886e-09   1.396e-08    0.9952   0.0143       66        1        2079      0.5
      0.105    0.943737     57.5392  6.62928e-07  9.28286e-07 3.20998e-09   1.418e-08    0.9923   0.0219       66        1        4158      0.5
   0.052499    0.955644     57.9653  5.78332e-07  9.39131e-07 3.18601e-09   1.698e-08    0.9894    0.022       66        1        6237      0.5
   0.026249    0.946952     57.7893   5.7903e-07  9.13857e-07 3.15364e-09   1.627e-08     0.974   0.0194       66        1        8316      0.5
   0.013125    0.938643      56.759  5.32009e-07  9.15579e-07  3.0721e-09   1.532e-08    0.9452   0.0183       66        1       10395      0.9
   0.011812    0.990304     57.0195  6.62542e-07    9.113e-07  2.9681e-09   1.273e-08    0.9355   0.0179       66        1       12474      0.9
   0.010631    0.973298     57.6048  5.77296e-07  9.19187e-07 3.06207e-09   1.325e-08    0.9235   0.0215       66        1       14553      0.9
  0.0095679    0.991624     56.4987  5.99092e-07  9.15196e-07 2.89544e-09   1.431e-08    0.9293   0.0138       66        1       16632      0.9
  0.0086111    0.966684     56.3597  5.50613e-07   9.0355e-07 2.92936e-09    1.45e-08    0.9144   0.0222       66        1       18711      0.9
    0.00775    0.998384     55.7434  5.97639e-07  9.00671e-07 2.88313e-09    1.42e-08    0.9043   0.0142       66        1       20790      0.9
   0.006975    0.960657     55.6286   5.3537e-07  8.99114e-07 3.03201e-09   1.293e-08    0.8884   0.0205       66        1       22869      0.9
  0.0062775    0.978703      54.879  5.25416e-07  8.82967e-07 2.86588e-09   1.388e-08    0.8836   0.0204       66        1       24948      0.9
  0.0056497    0.995812      54.939  5.24061e-07  8.85456e-07 2.83143e-09   1.275e-08    0.8754   0.0201       66        1       27027      0.9
  0.0050848    0.974899      54.586  5.39106e-07  8.75621e-07  2.8571e-09   1.243e-08    0.8393   0.0147       66        1       29106      0.9
  0.0045763    0.941159     53.9246  5.75384e-07  8.80779e-07 2.94126e-09   1.305e-08    0.8576   0.0243       66        1       31185      0.9
  0.0041187    0.970001     53.8174  6.13344e-07  8.51827e-07 2.91558e-09   1.127e-08     0.822   0.0132       66        1       33264      0.9
  0.0037068    0.972674     53.4909  5.21779e-07  8.45395e-07 2.81126e-09   1.345e-08     0.809   0.0246       66        1       35343      0.9
  0.0033361    0.942827     51.9009  5.35483e-07  8.35992e-07 2.82463e-09   1.336e-08     0.772   0.0168       66        1       37422     0.95
  0.0031693    0.976034      51.282  5.83169e-07  8.45778e-07 2.76048e-09   1.161e-08    0.7518   0.0173       66        1       39501     0.95
  0.0030108    0.983159     51.4327  4.77092e-07  8.29352e-07 2.75739e-09   1.408e-08    0.7614   0.0103       66        1       41580     0.95
  0.0028603    0.953847     51.0603  5.14953e-07  8.20489e-07 2.73286e-09   1.275e-08    0.7552   0.0142       66        1       43659     0.95
  0.0027173    0.993982     51.7554  5.08338e-07  8.30154e-07 2.69631e-09   1.344e-08    0.7662   0.0107       66        1       45738     0.95
  0.0025814    0.952642     51.0686  5.29282e-07  8.10955e-07 2.72434e-09   1.202e-08    0.7167   0.0127       66        1       47817     0.95
  0.0024524    0.987725     51.6068  5.64848e-07  8.22287e-07 2.71749e-09   1.088e-08    0.7258    0.015       66        1       49896     0.95
  0.0023297    0.971459     50.8931  5.17166e-07  8.08958e-07  2.6722e-09   1.211e-08    0.6936   0.0118       66        1       51975     0.95
  0.0022132    0.946955     50.0624  4.82837e-07  7.96672e-07 2.70508e-09   1.201e-08     0.657   0.0194       66        1       54054     0.95
  0.0021026    0.966823      50.278  4.77581e-07  7.97291e-07 2.63404e-09   1.326e-08    0.6604   0.0208       66        1       56133     0.95
  0.0019975    0.962561     49.8148  5.39706e-07  7.87028e-07 2.63577e-09   1.006e-08    0.6287   0.0171       66        1       58212     0.95
  0.0018976    0.932649     49.0629  4.43233e-07  7.74453e-07 2.70094e-09   1.368e-08    0.5902   0.0227       66        1       60291     0.95
  0.0018027    0.970789     49.5212  4.79022e-07  7.63556e-07 2.49022e-09   1.087e-08    0.5709    0.011       66        1       62370     0.95
  0.0017126    0.934842     47.3038  4.58933e-07   7.4388e-07 2.48729e-09   1.211e-08     0.543   0.0311       66        1       64449     0.95
  0.0016269    0.956973     46.0002  4.64244e-07  7.17667e-07 2.41739e-09   1.017e-08    0.4719   0.0191       66        1       66528     0.95
  0.0015456    0.919663     43.2686   4.1074e-07  6.50951e-07 2.26838e-09   1.055e-08    0.3757   0.0386       66        1       68607     0.95
  0.0014683    0.926731      41.315  3.20077e-07  6.00129e-07 2.10391e-09   1.076e-08    0.4671   0.0324    61.75    1.457       70686     0.95
  0.0013949     0.94069      38.803  2.98784e-07  5.70732e-07 1.88883e-09   1.128e-08    0.4108   0.0416    63.42    1.277       72765     0.95
  0.0013252    0.935279     36.3191  2.26048e-07  5.17249e-07 1.75307e-09    1.14e-08    0.3939   0.0254    61.57    1.477       74844     0.95
  0.0012589    0.943625     34.5508  1.88025e-07  5.29458e-07 1.73124e-09   1.118e-08    0.3853   0.0372    58.73    1.782       76923     0.95
   0.001196     0.92078     31.9822  1.69195e-07  4.89474e-07 1.65705e-09   1.088e-08    0.3449   0.0415    55.52    2.129       79002     0.95
  0.0011362    0.933184     29.9422   1.2829e-07  4.60032e-07  1.5379e-09   1.026e-08    0.3386   0.0484    50.24    2.697       81081     0.95
  0.0010793    0.918142     27.9337  1.21595e-07  4.35541e-07 1.45615e-09   9.619e-09    0.3213   0.0362    45.15    3.246       83160     0.95
  0.0010254    0.937749     27.1145  1.11535e-07  4.25161e-07 1.42405e-09   8.698e-09     0.366   0.0276    39.79    3.823       85239     0.95
 0.00097411     0.92255       25.35  8.14958e-08  3.99833e-07 1.35605e-09   9.026e-09    0.3482   0.0372    36.85     4.14       87318     0.95
  0.0009254    0.954989     23.4006  1.02964e-07  3.81119e-07 1.25511e-09   8.191e-09    0.3343   0.0215    33.46    4.504       89397     0.95
 0.00087913    0.895294     21.5421  8.81217e-08  3.62244e-07 1.25951e-09   8.612e-09     0.342   0.0448    29.93    4.885       91476     0.95
 0.00083518    0.950068     20.4199   1.2017e-07  3.47774e-07  1.1362e-09   6.751e-09    0.3516   0.0256    26.99    5.201       93555     0.95
 0.00079342    0.935757      19.531  6.31034e-08  3.28419e-07 1.11563e-09   7.785e-09    0.3482   0.0192    24.61    5.458       95634     0.95
 0.00075375    0.944856     18.5044  8.93632e-08  3.20583e-07 1.09659e-09   7.062e-09    0.3843    0.021    22.35    5.701       97713     0.95
 0.00071606    0.966836     17.4667  6.78023e-08  3.08923e-07 1.04012e-09   7.165e-09    0.3444   0.0176    21.11    5.835       99792     0.95
 0.00068026    0.973294     16.6679  7.93696e-08  2.99462e-07 9.87151e-10   7.044e-09    0.3651   0.0147    19.09    6.052      101871     0.95
 0.00064624    0.954471     16.3438  5.11269e-08  2.95216e-07 9.79972e-10   7.579e-09    0.3935   0.0179    17.66    6.206      103950     0.95
 0.00061393    0.950873     15.5204  6.17207e-08  2.85765e-07 9.77757e-10   7.363e-09    0.4064   0.0207    16.84    6.295      106029     0.95
 0.00058324    0.970848     15.2242  4.89374e-08  2.73485e-07 9.13591e-10   7.466e-09    0.3761   0.0114    16.27    6.355      108108     0.95
 0.00055407    0.977193     15.2964  4.60303e-08   2.7628e-07  9.0035e-10   7.777e-09    0.3954   0.0114    15.23    6.467      110187     0.95
 0.00052637    0.956911     14.6911  5.67269e-08  2.76865e-07 9.29018e-10   7.259e-09    0.3862   0.0158    14.55    6.541      112266     0.95
 0.00050005    0.967225     14.2527   5.5524e-08  2.70315e-07 8.93349e-10   7.467e-09    0.4036   0.0142    13.77    6.625      114345     0.95
 0.00047505    0.977627     14.1028  5.48112e-08   2.7022e-07 8.97062e-10   7.354e-09    0.4016  0.00777    13.27    6.679      116424     0.95
  0.0004513    0.962178     14.2585  5.22139e-08  2.61917e-07 8.73565e-10   7.672e-09    0.4262   0.0175    12.76    6.734      118503     0.95
 0.00042873    0.976504     13.9805  4.77935e-08  2.60308e-07 8.60172e-10   7.156e-09      0.43  0.00857    12.58    6.753      120582     0.95
  0.0004073    0.986015     13.7868  6.68006e-08  2.58299e-07 8.49906e-10   6.751e-09    0.4238   0.0054    12.46    6.766      122661     0.95
 0.00038693    0.985057     13.6585  4.63463e-08  2.57547e-07 8.52491e-10   7.268e-09    0.3987  0.00704    12.25    6.788      124740     0.95
 0.00036758     0.98337     13.5437  7.12933e-08  2.51173e-07 8.28253e-10   6.751e-09    0.4449   0.0049    11.75    6.842      126819     0.95
  0.0003492    0.984244     13.4677  4.72888e-08  2.53711e-07 8.35524e-10    7.26e-09    0.4343  0.00841    11.81    6.836      128898     0.95
 0.00033174    0.983595     13.3182  6.95643e-08  2.53494e-07 8.27324e-10   6.743e-09    0.4127  0.00571    11.74    6.843      130977     0.95
 0.00031516    0.976962     13.2947  3.86865e-08  2.54718e-07  8.3631e-10   7.475e-09    0.4233   0.0109    11.42    6.878      133056     0.95
  0.0002994    0.976714     13.2701  5.19129e-08  2.58118e-07 8.50171e-10    7.26e-09    0.4257     0.01    11.23    6.898      135135     0.95
 0.00028443    0.981356     13.2538  3.97525e-08  2.58108e-07 8.45964e-10   7.363e-09    0.4262  0.00683    11.07    6.916      137214     0.95
 0.00027021    0.971576      13.124  5.35006e-08  2.58382e-07 8.59414e-10   7.363e-09    0.4444   0.0127    10.92    6.932      139293     0.95
  0.0002567    0.982585     12.8932  5.94772e-08  2.55155e-07 8.48907e-10   6.847e-09    0.4425   0.0107    10.96    6.927      141372     0.95
 0.00024386    0.981237      12.738  5.48554e-08  2.49347e-07 8.25199e-10   7.053e-09    0.4387   0.0083    10.99    6.924      143451     0.95
 0.00023167    0.976422     12.6783  4.62688e-08  2.47963e-07 8.13714e-10   7.062e-09    0.4435  0.00819    10.98    6.926      145530     0.95
 0.00022009    0.971969      12.602  4.49178e-08  2.48811e-07 8.19449e-10   7.363e-09    0.4257   0.0107    11.01    6.921      147609     0.95
 0.00020908    0.985005     12.5031  3.75788e-08  2.48278e-07 8.23378e-10   7.475e-09    0.4449  0.00948    10.86    6.938      149688     0.95
 0.00019863    0.982483     12.3988  5.34862e-08  2.45213e-07 8.03184e-10   7.053e-09    0.4228  0.00779    10.91    6.933      151767     0.95
  0.0001887    0.984415      12.243  4.21044e-08  2.41181e-07 8.06137e-10   7.062e-09     0.442  0.00596    10.72    6.953      153846     0.95
 0.00017926    0.984153     12.1523  5.42635e-08  2.36966e-07 7.70978e-10   6.847e-09    0.4271  0.00643    10.74    6.951      155925     0.95
  0.0001703    0.979158     12.1025  3.85137e-08  2.39048e-07 7.90872e-10   7.268e-09    0.4372   0.0065    10.61    6.965      158004     0.95
 0.00016178    0.980646     12.0779  4.97953e-08  2.37209e-07 7.85778e-10   7.372e-09     0.442  0.00853    10.58    6.969      160083     0.95
 0.00015369    0.987645      12.076  7.74793e-08  2.33555e-07  7.7529e-10    6.64e-09     0.455   0.0057     10.6    6.966      162162     0.95
 0.00014601    0.987275      12.075  6.38136e-08   2.2841e-07 7.50592e-10   6.743e-09    0.4228  0.00587    10.76    6.949      164241     0.95
 0.00013871    0.980769     11.8048  6.07546e-08   2.2845e-07 7.53546e-10   6.743e-09    0.3954  0.00905    10.57    6.969      166320     0.95
 0.00013177    0.988602      11.643  5.99593e-08  2.27737e-07 7.49036e-10   6.743e-09    0.4291  0.00387     10.1     7.02      168399     0.95
 0.00012518    0.989496     11.5559  5.93879e-08  2.28033e-07 7.48027e-10   6.743e-09    0.4454  0.00318    9.991    7.032      170478     0.95
 0.00011893    0.986672      11.526  6.42995e-08  2.26786e-07 7.50559e-10   6.743e-09    0.3963  0.00431    10.04    7.026      172557     0.95
 0.00011298    0.988593     11.4823  5.73951e-08  2.27427e-07 7.46791e-10   6.743e-09    0.4238  0.00373    9.606    7.073      174636     0.95
 0.00010733    0.988588     11.4495   5.6846e-08  2.29983e-07 7.53898e-10   6.743e-09    0.4305  0.00428     9.45     7.09      176715     0.95
 0.00010196    0.989124     11.4257  5.49836e-08  2.30598e-07  7.5932e-10    6.64e-09    0.3978  0.00389     9.36      7.1      178794     0.95
          0    0.973334     11.4291  5.40058e-08  2.29674e-07 7.58335e-10    6.64e-09    0.2689  0.00532    8.965    7.142      180873  

BB estimate of min-dist (placement) wirelength is ;1143
bb_cost recomputed from scratch is 11.4348.
timing_cost recomputed from scratch is 5.32419e-08. 
delay_cost recomputed from scratch is 2.28286e-07. 

Completed placement consistency check successfully.

Placement Estimated Crit Path Delay: 6.64805e-09

Placement. Cost: 0.966688  bb_cost: 11.4348  td_cost: 5.32419e-08  delay_cost: 2.28286e-07.
low, high, current -1 -1 6
Confirming Router Algorithm: TIMING_DRIVEN.
Empty heap occurred in get_heap_head.
Some blocks are impossible to connect in this architecture.
Routing failed.
low, high, current 6 -1 12
Confirming Router Algorithm: TIMING_DRIVEN.
Successfully routed after 1 routing iterations.
Completed net delay value cross check successfully.
low, high, current 6 12 10
Warning (check_all_tracks_reach_pins):  track 8 does not 
	connect to any FB IPINs.
Warning (check_all_tracks_reach_pins):  track 9 does not 
	connect to any FB IPINs.
Warning (check_all_tracks_reach_pins):  track 8 does not 
	connect to any FB IPINs.
Warning (check_all_tracks_reach_pins):  track 9 does not 
	connect to any FB IPINs.
Confirming Router Algorithm: TIMING_DRIVEN.
Empty heap occurred in get_heap_head.
Some blocks are impossible to connect in this architecture.
Routing failed.

Checking to ensure routing is legal ...
Completed routing consistency check successfully.

Serial number (magic cookie) for the routing is: 109004590
Best routing used a channel width factor of 12.


Average number of bends per net: 4.89796  Maximum # of bends: 28


The number of routed nets (nonglobal): 49
Wirelength results (all in units of 1 clb segments):
	Total wirelength: 1602   Average net length: 32.6939
	Maximum net length: 121

Wirelength results in terms of physical segments:
	Total wiring segments used: 843   Av. wire segments per net: 17.2041
	Maximum segments used by a net: 61


X - Directed channels:

j	max occ	av_occ		capacity
0	6	2.50000  	12
1	3	0.151515 	12
2	3	0.424242 	12
3	0	0.00000  	12
4	1	0.181818 	12
5	0	0.00000  	12
6	0	0.00000  	12
7	0	0.00000  	12
8	4	0.575758 	12
9	1	0.0151515	12
10	2	0.0303030	12
11	1	0.166667 	12
12	0	0.00000  	12
13	3	0.0909091	12
14	1	0.0303030	12
15	0	0.00000  	12
16	0	0.00000  	12
17	0	0.00000  	12
18	3	0.530303 	12
19	1	0.0454545	12
20	0	0.00000  	12
21	1	0.0151515	12
22	1	0.0151515	12
23	2	0.0454545	12
24	1	0.0303030	12
25	2	0.439394 	12
26	0	0.00000  	12
27	3	0.0757576	12
28	1	0.0606061	12
29	0	0.00000  	12
30	1	0.0151515	12
31	0	0.00000  	12
32	0	0.00000  	12
33	0	0.00000  	12
34	0	0.00000  	12
35	2	0.0303030	12
36	1	0.0151515	12
37	0	0.00000  	12
38	1	0.0303030	12
39	1	0.0606061	12
40	2	0.0606061	12
41	3	1.15152  	12
42	1	0.121212 	12
43	2	0.106061 	12
44	0	0.00000  	12
45	3	0.0454545	12
46	0	0.00000  	12
47	0	0.00000  	12
48	0	0.00000  	12
49	2	0.0303030	12
50	0	0.00000  	12
51	0	0.00000  	12
52	0	0.00000  	12
53	0	0.00000  	12
54	0	0.00000  	12
55	0	0.00000  	12
56	0	0.00000  	12
57	1	0.0151515	12
58	0	0.00000  	12
59	1	0.0151515	12
60	0	0.00000  	12
61	0	0.00000  	12
62	1	0.0303030	12
63	6	1.30303  	12
64	3	1.00000  	12
65	1	0.0757576	12
66	3	1.95455  	12

Y - Directed channels:

i	max occ	av_occ		capacity
0	3	2.00000  	12
1	2	0.666667 	12
2	2	0.196970 	12
3	1	0.0454545	12
4	2	0.121212 	12
5	0	0.00000  	12
6	2	0.0606061	12
7	1	0.121212 	12
8	0	0.00000  	12
9	0	0.00000  	12
10	1	0.212121 	12
11	0	0.00000  	12
12	1	0.0454545	12
13	1	0.0606061	12
14	2	0.409091 	12
15	1	0.0454545	12
16	2	0.0606061	12
17	3	0.121212 	12
18	1	0.0454545	12
19	0	0.00000  	12
20	1	0.0454545	12
21	0	0.00000  	12
22	1	0.0454545	12
23	1	0.0303030	12
24	1	0.0454545	12
25	1	0.121212 	12
26	2	0.666667 	12
27	1	0.409091 	12
28	1	0.0303030	12
29	1	0.166667 	12
30	0	0.00000  	12
31	0	0.00000  	12
32	1	0.121212 	12
33	1	0.0454545	12
34	1	0.303030 	12
35	1	0.0303030	12
36	0	0.00000  	12
37	1	0.0303030	12
38	2	0.742424 	12
39	0	0.00000  	12
40	1	0.0454545	12
41	0	0.00000  	12
42	2	0.0757576	12
43	2	0.0303030	12
44	1	0.0454545	12
45	1	0.0606061	12
46	2	0.803030 	12
47	2	0.0909091	12
48	0	0.00000  	12
49	1	0.0454545	12
50	1	0.0303030	12
51	0	0.00000  	12
52	1	0.0303030	12
53	0	0.00000  	12
54	2	0.0909091	12
55	1	0.0303030	12
56	1	0.0757576	12
57	0	0.00000  	12
58	0	0.00000  	12
59	0	0.00000  	12
60	1	0.0454545	12
61	1	0.318182 	12
62	1	0.0757576	12
63	2	0.121212 	12
64	1	0.0303030	12
65	3	1.01515  	12
66	5	2.68182  	12

Total Tracks in X-direction: 804  in Y-direction: 804

Logic Area (in minimum width transistor areas):
Total Logic Area: 1.3068e+08  Per 1x1 logic tile: 30000

Routing area (in minimum width transistor areas):
Total Routing Area: 6.72584e+06  Per logic tile: 1544.04

Segment usage by type (index):
Segment type       Fractional utilization
------------       ----------------------
       0                  0.0156

Segment usage by length:
Segment length       Fractional utilization
--------------       ----------------------
        2                   0.0156

Critical Path: 6.97649e-09 (s)

Time elapsed (PLACE&ROUTE): 1945.814000 ms


Time elapsed (Fernando): 1945.822000 ms

