Netlist file: ../../benchmarks/fpga/net_EPFL/dec.net   Architecture file: arch/k4-n1.xml
Array size: 66 x 66 logic blocks

#block name	x	y	subblk	block number
#----------	--	--	------	------------
count2		19	67	0	#0
count3		67	6	0	#1
count5		67	44	0	#2
count7		33	0	0	#3
out_new_n265_:count5	67	45	0	#4
new_n266_	39	28	0	#5
out_new_n267_:new_n266_	39	67	0	#6
out_new_n268_:count2	18	67	0	#7
new_n269_	64	14	0	#8
new_n270_	65	14	0	#9
new_n272_	18	64	0	#10
new_n273_	16	64	0	#11
new_n275_	54	3	0	#12
new_n276_	54	1	0	#13
new_n278_	55	1	0	#14
new_n280_	18	65	0	#15
new_n281_	17	65	0	#16
new_n283_	19	65	0	#17
new_n284_	36	65	0	#18
new_n286_	15	64	0	#19
new_n288_	37	65	0	#20
new_n290_	66	19	0	#21
new_n291_	66	22	0	#22
new_n293_	66	20	0	#23
new_n295_	52	3	0	#24
new_n296_	43	2	0	#25
new_n298_	43	1	0	#26
new_n300_	66	23	0	#27
new_n302_	66	24	0	#28
new_n304_	50	1	0	#29
new_n306_	46	1	0	#30
new_n308_	62	42	0	#31
new_n309_	14	42	0	#32
new_n326_	64	44	0	#33
new_n327_	66	46	0	#34
new_n344_	66	31	0	#35
new_n345_	66	28	0	#36
new_n362_	29	9	0	#37
new_n363_	25	1	0	#38
new_n380_	8	1	0	#39
new_n397_	1	50	0	#40
new_n414_	33	1	0	#41
new_n431_	48	19	0	#42
new_n432_	66	36	0	#43
new_n449_	62	64	0	#44
new_n466_	62	1	0	#45
new_n483_	46	64	0	#46
new_n500_	27	26	0	#47
new_n501_	1	24	0	#48
new_n518_	26	64	0	#49
new_n535_	3	64	0	#50
new_n552_	1	11	0	#51
out_selectp10:new_n270_	67	14	0	#52
out_selectp11:new_n273_	16	67	0	#53
out_selectp110:new_n296_	43	0	0	#54
out_selectp1100:new_n397_	0	50	0	#55
out_selectp1101:new_n397_	0	59	0	#56
out_selectp1102:new_n397_	0	47	0	#57
out_selectp1103:new_n397_	0	60	0	#58
out_selectp1104:new_n397_	0	57	0	#59
out_selectp1105:new_n397_	0	56	0	#60
out_selectp1106:new_n397_	0	55	0	#61
out_selectp1107:new_n397_	0	49	0	#62
out_selectp1108:new_n397_	0	48	0	#63
out_selectp1109:new_n397_	0	54	0	#64
out_selectp111:new_n298_	45	0	0	#65
out_selectp1110:new_n397_	0	53	0	#66
out_selectp1111:new_n397_	0	52	0	#67
out_selectp1112:new_n414_	36	0	0	#68
out_selectp1113:new_n414_	52	0	0	#69
out_selectp1114:new_n414_	44	0	0	#70
out_selectp1115:new_n414_	49	0	0	#71
out_selectp1116:new_n414_	47	0	0	#72
out_selectp1117:new_n414_	48	0	0	#73
out_selectp1118:new_n414_	40	0	0	#74
out_selectp1119:new_n414_	39	0	0	#75
out_selectp112:new_n300_	67	23	0	#76
out_selectp1120:new_n414_	37	0	0	#77
out_selectp1121:new_n414_	51	0	0	#78
out_selectp1122:new_n414_	34	0	0	#79
out_selectp1123:new_n414_	42	0	0	#80
out_selectp1124:new_n414_	53	0	0	#81
out_selectp1125:new_n414_	41	0	0	#82
out_selectp1126:new_n414_	38	0	0	#83
out_selectp1127:new_n414_	35	0	0	#84
out_selectp113:new_n302_	67	24	0	#85
out_selectp114:new_n304_	50	0	0	#86
out_selectp115:new_n306_	46	0	0	#87
out_selectp116:new_n309_	0	33	0	#88
out_selectp117:new_n309_	0	44	0	#89
out_selectp118:new_n309_	14	67	0	#90
out_selectp119:new_n309_	0	36	0	#91
out_selectp12:new_n276_	54	0	0	#92
out_selectp120:new_n309_	0	42	0	#93
out_selectp121:new_n309_	0	37	0	#94
out_selectp122:new_n309_	0	38	0	#95
out_selectp123:new_n309_	0	40	0	#96
out_selectp124:new_n309_	0	43	0	#97
out_selectp125:new_n309_	0	39	0	#98
out_selectp126:new_n309_	12	67	0	#99
out_selectp127:new_n309_	0	41	0	#100
out_selectp128:new_n309_	0	34	0	#101
out_selectp129:new_n309_	13	67	0	#102
out_selectp13:new_n278_	55	0	0	#103
out_selectp130:new_n309_	0	35	0	#104
out_selectp131:new_n309_	11	67	0	#105
out_selectp132:new_n327_	67	55	0	#106
out_selectp133:new_n327_	67	59	0	#107
out_selectp134:new_n327_	67	58	0	#108
out_selectp135:new_n327_	67	60	0	#109
out_selectp136:new_n327_	67	49	0	#110
out_selectp137:new_n327_	67	53	0	#111
out_selectp138:new_n327_	67	48	0	#112
out_selectp139:new_n327_	67	46	0	#113
out_selectp14:new_n281_	17	67	0	#114
out_selectp140:new_n327_	67	57	0	#115
out_selectp141:new_n327_	67	52	0	#116
out_selectp142:new_n327_	67	47	0	#117
out_selectp143:new_n327_	67	56	0	#118
out_selectp144:new_n327_	67	54	0	#119
out_selectp145:new_n327_	67	50	0	#120
out_selectp146:new_n327_	67	51	0	#121
out_selectp147:new_n327_	67	61	0	#122
out_selectp148:new_n345_	67	12	0	#123
out_selectp149:new_n345_	67	7	0	#124
out_selectp15:new_n284_	36	67	0	#125
out_selectp150:new_n345_	67	16	0	#126
out_selectp151:new_n345_	67	19	0	#127
out_selectp152:new_n345_	67	18	0	#128
out_selectp153:new_n345_	67	9	0	#129
out_selectp154:new_n345_	67	10	0	#130
out_selectp155:new_n345_	67	15	0	#131
out_selectp156:new_n345_	67	26	0	#132
out_selectp157:new_n345_	67	25	0	#133
out_selectp158:new_n345_	67	11	0	#134
out_selectp159:new_n345_	67	21	0	#135
out_selectp16:new_n286_	15	67	0	#136
out_selectp160:new_n345_	67	13	0	#137
out_selectp161:new_n345_	67	27	0	#138
out_selectp162:new_n345_	67	17	0	#139
out_selectp163:new_n345_	67	8	0	#140
out_selectp164:new_n363_	30	0	0	#141
out_selectp165:new_n363_	24	0	0	#142
out_selectp166:new_n363_	22	0	0	#143
out_selectp167:new_n363_	26	0	0	#144
out_selectp168:new_n363_	19	0	0	#145
out_selectp169:new_n363_	27	0	0	#146
out_selectp17:new_n288_	37	67	0	#147
out_selectp170:new_n363_	32	0	0	#148
out_selectp171:new_n363_	31	0	0	#149
out_selectp172:new_n363_	28	0	0	#150
out_selectp173:new_n363_	20	0	0	#151
out_selectp174:new_n363_	21	0	0	#152
out_selectp175:new_n363_	25	0	0	#153
out_selectp176:new_n363_	29	0	0	#154
out_selectp177:new_n363_	17	0	0	#155
out_selectp178:new_n363_	18	0	0	#156
out_selectp179:new_n363_	23	0	0	#157
out_selectp18:new_n291_	67	22	0	#158
out_selectp180:new_n380_	14	0	0	#159
out_selectp181:new_n380_	13	0	0	#160
out_selectp182:new_n380_	8	0	0	#161
out_selectp183:new_n380_	11	0	0	#162
out_selectp184:new_n380_	15	0	0	#163
out_selectp185:new_n380_	7	0	0	#164
out_selectp186:new_n380_	2	0	0	#165
out_selectp187:new_n380_	5	0	0	#166
out_selectp188:new_n380_	6	0	0	#167
out_selectp189:new_n380_	9	0	0	#168
out_selectp19:new_n293_	67	20	0	#169
out_selectp190:new_n380_	4	0	0	#170
out_selectp191:new_n380_	16	0	0	#171
out_selectp192:new_n380_	3	0	0	#172
out_selectp193:new_n380_	12	0	0	#173
out_selectp194:new_n380_	0	1	0	#174
out_selectp195:new_n380_	10	0	0	#175
out_selectp196:new_n397_	0	46	0	#176
out_selectp197:new_n397_	0	51	0	#177
out_selectp198:new_n397_	0	45	0	#178
out_selectp199:new_n397_	0	58	0	#179
out_selectp20:new_n432_	67	42	0	#180
out_selectp21:new_n432_	67	43	0	#181
out_selectp210:new_n432_	67	31	0	#182
out_selectp2100:new_n535_	2	67	0	#183
out_selectp2101:new_n535_	1	67	0	#184
out_selectp2102:new_n535_	7	67	0	#185
out_selectp2103:new_n535_	0	66	0	#186
out_selectp2104:new_n535_	3	67	0	#187
out_selectp2105:new_n535_	4	67	0	#188
out_selectp2106:new_n535_	0	61	0	#189
out_selectp2107:new_n535_	10	67	0	#190
out_selectp2108:new_n535_	0	62	0	#191
out_selectp2109:new_n535_	0	64	0	#192
out_selectp211:new_n432_	67	41	0	#193
out_selectp2110:new_n535_	8	67	0	#194
out_selectp2111:new_n535_	5	67	0	#195
out_selectp2112:new_n552_	0	15	0	#196
out_selectp2113:new_n552_	0	16	0	#197
out_selectp2114:new_n552_	0	3	0	#198
out_selectp2115:new_n552_	0	13	0	#199
out_selectp2116:new_n552_	0	8	0	#200
out_selectp2117:new_n552_	0	12	0	#201
out_selectp2118:new_n552_	0	6	0	#202
out_selectp2119:new_n552_	0	7	0	#203
out_selectp212:new_n432_	67	28	0	#204
out_selectp2120:new_n552_	1	0	0	#205
out_selectp2121:new_n552_	0	10	0	#206
out_selectp2122:new_n552_	0	4	0	#207
out_selectp2123:new_n552_	0	11	0	#208
out_selectp2124:new_n552_	0	9	0	#209
out_selectp2125:new_n552_	0	2	0	#210
out_selectp2126:new_n552_	0	5	0	#211
out_selectp2127:new_n552_	0	14	0	#212
out_selectp213:new_n432_	67	37	0	#213
out_selectp214:new_n432_	67	38	0	#214
out_selectp215:new_n432_	67	36	0	#215
out_selectp216:new_n449_	58	67	0	#216
out_selectp217:new_n449_	64	67	0	#217
out_selectp218:new_n449_	66	67	0	#218
out_selectp219:new_n449_	67	64	0	#219
out_selectp22:new_n432_	67	30	0	#220
out_selectp220:new_n449_	62	67	0	#221
out_selectp221:new_n449_	56	67	0	#222
out_selectp222:new_n449_	65	67	0	#223
out_selectp223:new_n449_	63	67	0	#224
out_selectp224:new_n449_	57	67	0	#225
out_selectp225:new_n449_	67	63	0	#226
out_selectp226:new_n449_	67	65	0	#227
out_selectp227:new_n449_	67	66	0	#228
out_selectp228:new_n449_	59	67	0	#229
out_selectp229:new_n449_	67	62	0	#230
out_selectp23:new_n432_	67	34	0	#231
out_selectp230:new_n449_	61	67	0	#232
out_selectp231:new_n449_	60	67	0	#233
out_selectp232:new_n466_	66	0	0	#234
out_selectp233:new_n466_	57	0	0	#235
out_selectp234:new_n466_	67	3	0	#236
out_selectp235:new_n466_	67	1	0	#237
out_selectp236:new_n466_	67	5	0	#238
out_selectp237:new_n466_	64	0	0	#239
out_selectp238:new_n466_	56	0	0	#240
out_selectp239:new_n466_	62	0	0	#241
out_selectp24:new_n432_	67	32	0	#242
out_selectp240:new_n466_	59	0	0	#243
out_selectp241:new_n466_	58	0	0	#244
out_selectp242:new_n466_	60	0	0	#245
out_selectp243:new_n466_	67	2	0	#246
out_selectp244:new_n466_	65	0	0	#247
out_selectp245:new_n466_	61	0	0	#248
out_selectp246:new_n466_	67	4	0	#249
out_selectp247:new_n466_	63	0	0	#250
out_selectp248:new_n483_	48	67	0	#251
out_selectp249:new_n483_	44	67	0	#252
out_selectp25:new_n432_	67	33	0	#253
out_selectp250:new_n483_	50	67	0	#254
out_selectp251:new_n483_	42	67	0	#255
out_selectp252:new_n483_	49	67	0	#256
out_selectp253:new_n483_	52	67	0	#257
out_selectp254:new_n483_	46	67	0	#258
out_selectp255:new_n483_	41	67	0	#259
out_selectp256:new_n483_	53	67	0	#260
out_selectp257:new_n483_	54	67	0	#261
out_selectp258:new_n483_	40	67	0	#262
out_selectp259:new_n483_	43	67	0	#263
out_selectp26:new_n432_	67	35	0	#264
out_selectp260:new_n483_	51	67	0	#265
out_selectp261:new_n483_	47	67	0	#266
out_selectp262:new_n483_	45	67	0	#267
out_selectp263:new_n483_	55	67	0	#268
out_selectp264:new_n501_	0	20	0	#269
out_selectp265:new_n501_	0	26	0	#270
out_selectp266:new_n501_	0	21	0	#271
out_selectp267:new_n501_	0	17	0	#272
out_selectp268:new_n501_	0	24	0	#273
out_selectp269:new_n501_	0	31	0	#274
out_selectp27:new_n432_	67	39	0	#275
out_selectp270:new_n501_	0	25	0	#276
out_selectp271:new_n501_	0	22	0	#277
out_selectp272:new_n501_	0	23	0	#278
out_selectp273:new_n501_	0	19	0	#279
out_selectp274:new_n501_	0	18	0	#280
out_selectp275:new_n501_	0	30	0	#281
out_selectp276:new_n501_	0	29	0	#282
out_selectp277:new_n501_	0	28	0	#283
out_selectp278:new_n501_	0	27	0	#284
out_selectp279:new_n501_	0	32	0	#285
out_selectp28:new_n432_	67	40	0	#286
out_selectp280:new_n518_	21	67	0	#287
out_selectp281:new_n518_	32	67	0	#288
out_selectp282:new_n518_	26	67	0	#289
out_selectp283:new_n518_	28	67	0	#290
out_selectp284:new_n518_	29	67	0	#291
out_selectp285:new_n518_	20	67	0	#292
out_selectp286:new_n518_	31	67	0	#293
out_selectp287:new_n518_	34	67	0	#294
out_selectp288:new_n518_	23	67	0	#295
out_selectp289:new_n518_	25	67	0	#296
out_selectp29:new_n432_	67	29	0	#297
out_selectp290:new_n518_	33	67	0	#298
out_selectp291:new_n518_	30	67	0	#299
out_selectp292:new_n518_	22	67	0	#300
out_selectp293:new_n518_	24	67	0	#301
out_selectp294:new_n518_	27	67	0	#302
out_selectp295:new_n518_	35	67	0	#303
out_selectp296:new_n535_	0	63	0	#304
out_selectp297:new_n535_	9	67	0	#305
out_selectp298:new_n535_	0	65	0	#306
out_selectp299:new_n535_	6	67	0	#307
