
VPR FPGA Placement and Routing.
Version: Version 5.0.2
Compiled: Dec 11 2020.
Original VPR by V. Betz.
Timing-driven placement enhancements by A. Marquardt.
Single-drivers enhancements by Andy Ye with additions by.
Mark Fang, Jason Luu, Ted Campbell
Heterogeneous stucture support by Jason Luu and Ted Campbell.
This code is licensed only for non-commercial use.

Auto-sizing FPGA, try x = 35 y = 35
Auto-sizing FPGA, try x = 70 y = 70
Auto-sizing FPGA, try x = 140 y = 140
Auto-sizing FPGA, try x = 70 y = 70
Auto-sizing FPGA, try x = 105 y = 105
Auto-sizing FPGA, try x = 122 y = 122
Auto-sizing FPGA, try x = 113 y = 113
Auto-sizing FPGA, try x = 117 y = 117
Auto-sizing FPGA, try x = 115 y = 115
Auto-sizing FPGA, try x = 114 y = 114
Auto-sizing FPGA, try x = 114 y = 114
FPGA auto-sized to, x = 115 y = 115

Resource Usage:
Netlist      0	blocks of type <EMPTY>
Architecture 4	blocks of type <EMPTY>
Netlist      460	blocks of type .io
Architecture 460	blocks of type .io
Netlist      745	blocks of type .clb
Architecture 13225	blocks of type .clb

Timing analysis: ON

Operation:  PLACE_AND_ROUTE

PlacerOpts.place_freq:  PLACE_ONCE
PlacerOpts.place_algorithm:  PATH_TIMING_DRIVEN_PLACE
PlacerOpts.place_cost_type:  LINEAR_CONG
PlacerOpts.pad_loc_type:  FREE
PlacerOpts.place_cost_exp:  1.000000
PlacerOpts.place_chan_width:  100
PlacerOpts.inner_loop_recompute_divider:  0
PlacerOpts.recompute_crit_iter:  1
PlacerOpts.timing_tradeoff:  0.500000
PlacerOpts.td_place_exp_first:  1.000000
PlacerOpts.td_place_exp_last:  8.000000
PlaceOpts.seed:  1
AnnealSched.type:  AUTO_SCHED
AnnealSched.inner_num:  10.000000

RouterOpts.route_type:  DETAILED
RouterOpts.router_algorithm:  TIMING_DRIVEN
RouterOpts.base_cost_type:  DELAY_NORMALIZED
RouterOpts.fixed_channel_width:  NO_FIXED_CHANNEL_WIDTH
RouterOpts.acc_fac:  1.000000
RouterOpts.bb_factor:  3
RouterOpts.bend_cost:  0.000000
RouterOpts.first_iter_pres_fac:  0.500000
RouterOpts.initial_pres_fac:  0.500000
RouterOpts.pres_fac_mult:  1.300000
RouterOpts.max_router_iterations:  50
RouterOpts.astar_fac:  1.200000
RouterOpts.criticality_exp:  1.000000
RouterOpts.max_criticality:  0.990000

RoutingArch.directionality:  UNI_DIRECTIONAL
RoutingArch.switch_block_type:  WILTON
RoutingArch.Fs:  3

The circuit will be mapped into a 115 x 115 array of clbs.

Netlist num_nets:  799
Netlist num_blocks:  1205
Netlist inputs pins:  54
Netlist output pins:  406

Computing delta_io_to_io lookup matrix, may take a few seconds, please wait...
Computing delta_io_to_fb lookup matrix, may take a few seconds, please wait...
Computing delta_fb_to_io lookup matrix, may take a few seconds, please wait...
Computing delta_fb_to_fb lookup matrix, may take a few seconds, please wait...

There are 1151 point to point connections in this circuit

Initial Placement Cost: 1.03735 bb_cost: 794.597 td_cost: 2.17362e-06 delay_cost: 5.58719e-06

          T        Cost Av. BB Cost  Av. TD Cost   Av Tot Del  P to P Del        d_max   Ac Rate  Std Dev  R limit      Exp  Tot. Moves    Alpha
   --------  ---------- -----------  -----------    ---------  ----------        -----   -------  -------  -------  -------  ----------    -----
    0.23664     0.97246     788.868  2.13052e-06  5.51396e-06 4.85421e-09   6.362e-08    0.9985   0.0137      115        1      128197      0.5
    0.11832    0.929434      788.17  2.51969e-06  5.51388e-06 5.01705e-09   5.535e-08    0.9974   0.0133      115        1      256394      0.5
    0.05916    0.983215      787.47  2.12624e-06  5.50629e-06 4.78713e-09   6.392e-08    0.9946   0.0149      115        1      384591      0.5
    0.02958     0.96268     783.948  2.68855e-06  5.48592e-06 4.86071e-09   4.967e-08      0.99   0.0146      115        1      512788      0.5
    0.01479    0.978315     778.745  2.47821e-06  5.45472e-06 4.78634e-09   5.122e-08    0.9783   0.0142      115        1      640985      0.5
   0.007395    0.971695     770.099  2.50161e-06  5.38538e-06 4.70279e-09   4.905e-08    0.9575   0.0145      115        1      769182      0.9
  0.0066555     1.01094     768.521  2.60464e-06  5.37659e-06 4.51767e-09   4.614e-08    0.9518   0.0152      115        1      897379      0.9
  0.0059899    0.990549     763.369  2.23119e-06  5.34717e-06 4.57725e-09   5.484e-08    0.9452   0.0143      115        1     1025576      0.9
   0.005391    0.987207     759.516  2.41918e-06  5.32953e-06 4.57489e-09   4.997e-08    0.9403    0.015      115        1     1153773      0.9
  0.0048519    0.972673     758.151   2.1485e-06  5.30943e-06 4.59837e-09   5.865e-08    0.9342   0.0126      115        1     1281970      0.9
  0.0043667    0.975934     754.033  2.06209e-06  5.28786e-06 4.57752e-09   5.825e-08    0.9272   0.0133      115        1     1410167      0.9
    0.00393    0.980726     751.147  2.34727e-06  5.26188e-06 4.61278e-09   5.079e-08     0.918   0.0149      115        1     1538364      0.9
   0.003537    0.965383     745.959   2.2837e-06  5.23343e-06 4.60833e-09   5.142e-08    0.9097   0.0145      115        1     1666561      0.9
  0.0031833    0.978004     741.802  2.03002e-06  5.20816e-06 4.53693e-09   5.814e-08    0.8977   0.0158      115        1     1794758      0.9
   0.002865     0.95898     735.823  2.34319e-06  5.17074e-06  4.5237e-09   4.986e-08    0.8883    0.014      115        1     1922955      0.9
  0.0025785    0.976227      726.87   2.4188e-06  5.10726e-06 4.38879e-09   4.706e-08    0.8728   0.0131      115        1     2051152      0.9
  0.0023206     0.97122     724.456  2.18229e-06  5.09521e-06 4.50783e-09   5.245e-08    0.8598   0.0141      115        1     2179349      0.9
  0.0020886     0.95628     715.406  2.07264e-06   5.0385e-06  4.4664e-09   5.348e-08    0.8443   0.0136      115        1     2307546      0.9
  0.0018797    0.965532     705.932  2.02133e-06  4.96684e-06 4.38298e-09   5.328e-08    0.8232   0.0129      115        1     2435743      0.9
  0.0016917    0.954585     696.077  2.13878e-06  4.90671e-06 4.39051e-09   4.862e-08    0.8056   0.0137      115        1     2563940      0.9
  0.0015226    0.943653     685.714   2.1733e-06   4.8422e-06 4.34482e-09    4.77e-08    0.7851   0.0154      115        1     2692137     0.95
  0.0014464    0.956386     678.537  2.08681e-06  4.80431e-06 4.20032e-09    4.77e-08    0.7675   0.0151      115        1     2820334     0.95
  0.0013741    0.966195     674.579  2.14082e-06  4.77614e-06 4.16268e-09   4.626e-08    0.7553   0.0138      115        1     2948531     0.95
  0.0013054    0.948792     665.742  2.19155e-06  4.72166e-06 4.15311e-09   4.326e-08    0.7452   0.0143      115        1     3076728     0.95
  0.0012401    0.965514     657.657  2.03964e-06  4.66552e-06 4.08359e-09   4.594e-08     0.722   0.0146      115        1     3204925     0.95
  0.0011781    0.965233     649.287  2.23884e-06  4.61663e-06 4.07983e-09   4.087e-08    0.7085   0.0144      115        1     3333122     0.95
  0.0011192    0.968699     648.376   2.2901e-06  4.61288e-06 4.03984e-09   3.838e-08    0.6968   0.0135      115        1     3461319     0.95
  0.0010633    0.963619     638.283  1.84059e-06  4.54584e-06 3.94142e-09   4.719e-08    0.6787   0.0144      115        1     3589516     0.95
  0.0010101    0.961387     630.883  2.15596e-06  4.49696e-06 3.93622e-09   4.005e-08    0.6612   0.0139      115        1     3717713     0.95
  0.0009596    0.966706     620.474  1.91754e-06  4.43378e-06 3.84804e-09   4.409e-08    0.6411   0.0166      115        1     3845910     0.95
 0.00091162     0.95664     612.386  1.86752e-06  4.37143e-06 3.85683e-09   4.282e-08    0.6243   0.0151      115        1     3974107     0.95
 0.00086603     0.96288     602.485    1.739e-06  4.31811e-06 3.75626e-09   4.521e-08    0.6011   0.0141      115        1     4102304     0.95
 0.00082273    0.961258     586.258  1.73084e-06   4.2175e-06 3.70003e-09   4.303e-08    0.5733   0.0138      115        1     4230501     0.95
  0.0007816    0.975897     570.806  1.80013e-06  4.10861e-06 3.54387e-09   4.014e-08    0.5417   0.0134      115        1     4358698     0.95
 0.00074252    0.958002     566.959  1.89779e-06  4.08372e-06 3.57187e-09   3.685e-08    0.5297   0.0163      115        1     4486895     0.95
 0.00070539    0.951346     554.743  1.86601e-06  4.01504e-06  3.5541e-09   3.654e-08    0.5079   0.0151      115        1     4615092     0.95
 0.00067012    0.955757     537.896  1.81459e-06  3.90276e-06 3.41464e-09   3.571e-08    0.4755   0.0151      115        1     4743289     0.95
 0.00063662    0.941802     526.342  1.67479e-06  3.82182e-06  3.4025e-09   3.736e-08    0.4513   0.0157      115        1     4871486     0.95
 0.00060478    0.940724     515.005  1.94377e-06  3.75378e-06 3.36309e-09   3.022e-08    0.4273   0.0159      115        1     4999683     0.95
 0.00057455    0.931903     502.693  1.43212e-06  3.68389e-06 3.32903e-09   3.786e-08    0.4574   0.0209    113.5     1.09     5127880     0.95
 0.00054582    0.935584     474.748  1.55126e-06  3.49488e-06 3.16111e-09   3.292e-08    0.3583   0.0153      115        1     5256077     0.95
 0.00051853    0.913977     469.956  1.03902e-06  3.47342e-06 3.14086e-09   3.342e-08    0.4116   0.0192    105.6    1.577     5384274     0.95
  0.0004926    0.911499     449.374  1.01998e-06  3.35622e-06 3.02756e-09     2.9e-08    0.3825   0.0153    102.6    1.761     5512471     0.95
 0.00046797     0.90479     429.241  6.20153e-07  3.23429e-06 2.92238e-09   3.116e-08    0.3605   0.0181    96.71    2.123     5640668     0.95
 0.00044457    0.907605     420.679  6.38493e-07  3.18302e-06 2.82663e-09   2.627e-08    0.3543   0.0248    89.02    2.595     5768865     0.95
 0.00042234     0.88315      412.56  3.09341e-07  3.15229e-06 2.70621e-09   3.002e-08    0.3621    0.023    81.39    3.064     5897062     0.95
 0.00040123    0.886411     401.878  4.63271e-07  3.09899e-06 2.65101e-09   2.371e-08    0.3555   0.0238    75.05    3.453     6025259     0.95
 0.00038116    0.856465     395.354  3.12202e-07  3.06457e-06 2.69377e-09   2.506e-08    0.3659   0.0305    68.71    3.843     6153456     0.95
 0.00036211    0.856012     380.114  3.98084e-07  2.96393e-06 2.59124e-09   2.215e-08    0.3586   0.0284    63.62    4.155     6281653     0.95
   0.000344    0.863485     362.589  2.57559e-07  2.88297e-06 2.47652e-09   2.164e-08     0.351   0.0302    58.44    4.473     6409850     0.95
  0.0003268    0.835863     350.854  1.98565e-07  2.77829e-06 2.45456e-09   2.174e-08    0.3572    0.039    53.24    4.792     6538047     0.95
 0.00031046      0.8268      344.35   1.8114e-07  2.77818e-06 2.37776e-09   2.216e-08    0.3697   0.0268    48.83    5.063     6666244     0.95
 0.00029494     0.81147     341.047  1.57082e-07  2.76643e-06 2.45418e-09   2.206e-08    0.3801   0.0354     45.4    5.274     6794441     0.95
 0.00028019    0.825527     328.157  1.20194e-07  2.71709e-06 2.27227e-09    2.33e-08    0.3805   0.0347    42.68    5.441     6922638     0.95
 0.00026618    0.818481     314.179  1.00237e-07  2.62415e-06 2.34125e-09   2.216e-08    0.3611   0.0372    40.14    5.597     7050835     0.95
 0.00025287    0.813203     297.529   1.1197e-07  2.50268e-06 2.21411e-09   2.071e-08    0.3652   0.0362    36.97    5.791     7179032     0.95
 0.00024023    0.810564     280.643  1.12247e-07  2.37383e-06    2.14e-09   1.998e-08    0.3563   0.0424    34.21    5.961     7307229     0.95
 0.00022822    0.774958     252.193   9.6509e-08  2.18991e-06 2.00115e-09   1.935e-08    0.3448   0.0497    31.34    6.137     7435426     0.95
 0.00021681    0.769998       234.9  4.82911e-08  2.07524e-06 1.82478e-09   2.071e-08    0.3596   0.0506    28.36     6.32     7563623     0.95
 0.00020597    0.773298     200.572  5.75684e-08  1.80329e-06 1.71344e-09   1.699e-08     0.306   0.0574    26.08     6.46     7691820     0.95
 0.00019567    0.813901     170.131  7.53193e-08  1.56779e-06 1.46175e-09    1.44e-08    0.2892   0.0499    22.58    6.675     7820017     0.95
 0.00018588    0.804871     141.912   9.3873e-08  1.34596e-06 1.28544e-09   1.214e-08    0.2679   0.0518    19.18    6.884     7948214     0.95
 0.00017659    0.830685     121.102  9.89003e-08  1.14844e-06 1.11824e-09   1.079e-08    0.2668   0.0462    15.88    7.087     8076411     0.95
 0.00016776    0.851026     103.739  7.15915e-08  1.04393e-06 9.43965e-10   1.017e-08    0.2486   0.0396    13.13    7.255     8204608     0.95
 0.00015937    0.861684     92.6035  6.18007e-08  9.27351e-07 8.92106e-10   1.018e-08    0.2812   0.0392    10.61     7.41     8332805     0.95
  0.0001514     0.86314     82.8938  4.15889e-08  8.77291e-07 7.84567e-10   1.026e-08    0.3002   0.0459    8.929    7.513     8461002     0.95
 0.00014383    0.915103     76.4154  6.12549e-08  8.11786e-07 7.61972e-10   9.346e-09    0.2929   0.0285     7.68     7.59     8589199     0.95
 0.00013664    0.943394     71.5861  4.90923e-08  8.07883e-07 6.96428e-10   9.346e-09    0.3026   0.0156    6.551    7.659     8717396     0.95
 0.00012981    0.961921      67.698  4.30007e-08  7.52524e-07 6.91155e-10   9.354e-09    0.3147   0.0105    5.651    7.714     8845593     0.95
 0.00012332    0.955075     65.2718  4.36238e-08  7.67936e-07 6.61167e-10   9.345e-09      0.35   0.0113    4.943    7.758     8973790     0.95
 0.00011715    0.973518     62.7726  4.23562e-08  7.49446e-07 6.72178e-10   9.346e-09    0.3242  0.00978    4.498    7.785     9101987     0.95
  0.0001113    0.984286     61.1648  4.15132e-08  7.48104e-07 6.36399e-10   9.336e-09    0.3715  0.00424    3.977    7.817     9230184     0.95
 0.00010573    0.982788     60.3403  3.94524e-08  7.53005e-07 6.65116e-10   9.336e-09    0.3579  0.00493    3.705    7.834     9358381     0.95
 0.00010044    0.986667      59.078   3.8867e-08  7.58493e-07 6.62338e-10   9.336e-09    0.3341   0.0034    3.401    7.853     9486578     0.95
 9.5422e-05    0.985696     57.6044  3.85034e-08  7.57091e-07 6.55149e-10   9.336e-09    0.3121   0.0044    3.041    7.875     9614775     0.95
 9.0651e-05     1.01435     58.7311  3.86696e-08  7.73155e-07 6.57365e-10   9.336e-09     0.387   0.0124    2.651    7.899     9742972     0.95
 8.6119e-05     1.01604     64.1485  4.02928e-08  8.34702e-07 6.87381e-10   9.354e-09    0.3942   0.0123    2.511    7.907     9871169     0.95
 8.1813e-05     1.01211     69.2635  4.24795e-08  8.70359e-07 7.55142e-10   9.346e-09     0.402  0.00515    2.396    7.914     9999366     0.95
 7.7722e-05    0.994286     72.8276  4.83109e-08  9.29552e-07 7.57562e-10   9.346e-09    0.3969   0.0048    2.305     7.92    10127563     0.95
 7.3836e-05     1.00471     75.9197  4.83246e-08  9.43602e-07 8.45754e-10   9.336e-09    0.3991   0.0056    2.206    7.926    10255760     0.95
 7.0144e-05    0.940581      80.236  3.94493e-08  9.91882e-07 8.06934e-10   1.007e-08    0.4014   0.0201    2.115    7.932    10383957     0.95
 6.6637e-05    0.986998     83.2301  5.88829e-08  9.98407e-07 8.95887e-10   9.354e-09    0.3901  0.00392    2.034    7.937    10512154     0.95
 6.3305e-05      1.0188     96.6637  4.58241e-08   1.1163e-06 8.52409e-10   1.007e-08    0.4801   0.0253    1.932    7.943    10640351     0.95
  6.014e-05    0.984826     111.389  1.18606e-07   1.1883e-06 1.06719e-09   9.345e-09     0.423  0.00435     2.01    7.938    10768548     0.95
 5.7133e-05    0.989168     124.573  2.46038e-08  1.30286e-06  1.0232e-09   1.211e-08    0.5348   0.0198    1.976     7.94    10896745     0.95
 5.4276e-05    0.977416       138.7  1.80205e-07  1.38995e-06 1.21073e-09   1.006e-08    0.4473  0.00867    2.163    7.929    11024942     0.95
 5.1562e-05    0.977659     138.684  1.44795e-07  1.39405e-06 1.19744e-09   1.017e-08    0.4426  0.00917    2.179    7.928    11153139     0.95
 4.8984e-05    0.968904     136.568   1.3767e-07  1.37749e-06 1.21564e-09   1.027e-08     0.425   0.0104    2.185    7.927    11281336     0.95
 4.6535e-05    0.959767     135.087  1.10053e-07  1.40606e-06 1.18356e-09   1.057e-08    0.4091   0.0127    2.152    7.929    11409533     0.95
 4.4208e-05    0.969013     134.739  1.43727e-07  1.37918e-06 1.24488e-09   1.017e-08     0.392   0.0128    2.085    7.933    11537730     0.95
 4.1998e-05     1.00324     138.665  1.33876e-07  1.40028e-06 1.16185e-09   1.027e-08     0.455  0.00637    1.985     7.94    11665927     0.95
 3.9898e-05    0.982577     142.133  1.60776e-07  1.41605e-06 1.26719e-09   1.027e-08     0.386   0.0077    2.015    7.938    11794124     0.95
 3.7903e-05    0.993446     143.071  1.53579e-07  1.43566e-06 1.21009e-09   1.027e-08    0.4302  0.00321    1.906    7.944    11922321     0.95
 3.6008e-05     1.00284     147.279  1.62643e-07  1.46603e-06    1.28e-09   1.027e-08    0.4347  0.00327    1.888    7.945    12050518     0.95
 3.4208e-05     1.00091     150.045  1.78274e-07  1.48781e-06 1.27141e-09   1.027e-08    0.4208  0.00187    1.878    7.946    12178715     0.95
 3.2497e-05    0.998109     151.561  1.82157e-07  1.49529e-06 1.30472e-09   1.027e-08    0.4217  0.00117    1.842    7.948    12306912     0.95
 3.0872e-05    0.997526     152.631  1.96486e-07     1.51e-06 1.30475e-09   1.027e-08       0.4  0.00103    1.808     7.95    12435109     0.95
 2.9329e-05    0.995454     153.147  2.02766e-07  1.50589e-06 1.31994e-09   1.027e-08    0.3947  0.00104    1.736    7.955    12563306     0.95
 2.7862e-05    0.986485     154.214  2.16673e-07  1.49149e-06 1.30772e-09   1.038e-08    0.3657  0.00364    1.657     7.96    12691503     0.95
 2.6469e-05    0.994817     154.506  1.97496e-07  1.52554e-06 1.29712e-09   1.038e-08    0.3731  0.00142    1.534    7.967    12819700     0.95
 2.5146e-05    0.990305     155.157  2.19639e-07  1.53298e-06 1.34923e-09   1.038e-08    0.3511  0.00362    1.431    7.974    12947897     0.95
 2.3888e-05     0.99524     155.146   2.0423e-07  1.53282e-06 1.31997e-09   1.038e-08    0.3533  0.00177    1.304    7.981    13076094     0.95
 2.2694e-05    0.985238     155.331  2.54206e-07  1.54593e-06 1.34703e-09   1.046e-08    0.3199  0.00305    1.191    7.988    13204291     0.95
 2.1559e-05    0.991286     155.507  2.30111e-07  1.52809e-06 1.34387e-09   1.038e-08    0.3089  0.00419    1.048    7.997    13332488     0.95
 2.0481e-05    0.994064     155.273  2.10118e-07  1.53661e-06  1.3183e-09   1.038e-08    0.3176  0.00247        1        8    13460685     0.95
 1.9457e-05    0.988338     154.971  2.21897e-07  1.54578e-06 1.34543e-09   1.068e-08    0.2897  0.00228        1        8    13588882     0.95
 1.8484e-05    0.990751     155.075  2.36655e-07  1.53679e-06 1.34335e-09   1.038e-08    0.2753  0.00452        1        8    13717079     0.95
  1.756e-05    0.995634     154.417  2.09415e-07  1.53225e-06  1.3211e-09   1.038e-08    0.2787  0.00176        1        8    13845276     0.95
 1.6682e-05    0.986568     154.366  2.75545e-07  1.53448e-06 1.33984e-09   1.038e-08    0.2602  0.00237        1        8    13973473     0.95
 1.5848e-05    0.993887     154.687   2.3064e-07  1.52757e-06  1.3337e-09   1.038e-08    0.2526  0.00301        1        8    14101670     0.95
 1.5056e-05    0.996416     154.178  2.12873e-07  1.52773e-06 1.32167e-09   1.038e-08    0.2539  0.00147        1        8    14229867     0.95
 1.4303e-05    0.978432     154.275  2.37771e-07  1.52636e-06 1.33279e-09   1.069e-08    0.2312  0.00518        1        8    14358064     0.95
 1.3588e-05     0.99629     154.043   2.3155e-07  1.51869e-06 1.32325e-09   1.038e-08    0.2159  0.00178        1        8    14486261     0.95
 1.2908e-05     0.99682     153.749  2.13326e-07  1.52332e-06 1.31876e-09   1.038e-08     0.221   0.0012        1        8    14614458     0.95
 1.2263e-05      0.9863     153.536   2.7534e-07  1.51715e-06  1.3281e-09   1.045e-08    0.2065   0.0029        1        8    14742655     0.95
  1.165e-05    0.998068     153.528  2.39358e-07  1.51828e-06 1.31579e-09   1.038e-08    0.1963 0.000653        1        8    14870852     0.95
 1.1067e-05    0.998257     153.332  2.35615e-07  1.51636e-06 1.32022e-09   1.038e-08    0.1953 0.000544        1        8    14999049     0.95
 1.0514e-05    0.998686     153.229  2.35217e-07  1.51614e-06 1.31758e-09   1.038e-08    0.1859 0.000509        1        8    15127246     0.95
 9.9882e-06    0.998776     153.141  2.32348e-07   1.5164e-06 1.31881e-09   1.038e-08    0.1845 0.000377        1        8    15255443     0.95
 9.4888e-06    0.998935      153.17   2.3144e-07  1.51571e-06 1.31944e-09   1.038e-08    0.1793 0.000377        1        8    15383640     0.95
 9.0144e-06    0.998959     153.051  2.32167e-07  1.51646e-06 1.31433e-09   1.038e-08    0.1687 0.000342        1        8    15511837     0.95
 8.5637e-06    0.998851     152.993  2.32019e-07  1.51357e-06 1.31648e-09   1.038e-08    0.1738 0.000321        1        8    15640034     0.95
 8.1355e-06    0.999086     153.011  2.31727e-07  1.51498e-06 1.30993e-09   1.038e-08     0.173  0.00025        1        8    15768231     0.95
 7.7287e-06    0.999138     152.927  2.32421e-07  1.51258e-06 1.31758e-09   1.038e-08    0.1635 0.000259        1        8    15896428     0.95
 7.3423e-06    0.999415     152.976  2.32111e-07  1.51333e-06 1.31333e-09   1.038e-08    0.1669 0.000223        1        8    16024625     0.95
 6.9752e-06    0.999177     153.005  2.32194e-07  1.51274e-06 1.31642e-09   1.038e-08    0.1591 0.000262        1        8    16152822     0.95
 6.6264e-06    0.999062     152.922  2.31684e-07  1.51023e-06  1.3124e-09   1.038e-08    0.1571 0.000265        1        8    16281019     0.95
 6.2951e-06    0.999233     152.913  2.32252e-07   1.5103e-06 1.31221e-09   1.038e-08    0.1531 0.000263        1        8    16409216     0.95
          0    0.998387     152.899  2.31488e-07  1.50381e-06 1.31025e-09   1.038e-08   0.01337 0.000148        1        8    16537413  

BB estimate of min-dist (placement) wirelength is ;15289
bb_cost recomputed from scratch is 152.894.
timing_cost recomputed from scratch is 2.31479e-07. 
delay_cost recomputed from scratch is 1.50345e-06. 

Completed placement consistency check successfully.

Placement Estimated Crit Path Delay: 1.03773e-08

Placement. Cost: 0.998353  bb_cost: 152.894  td_cost: 2.31479e-07  delay_cost: 1.50345e-06.
low, high, current -1 -1 6
Confirming Router Algorithm: TIMING_DRIVEN.
T_crit: 1.11382e-08.
T_crit: 1.11382e-08.
T_crit: 1.11382e-08.
T_crit: 1.11382e-08.
T_crit: 1.11382e-08.
T_crit: 1.11382e-08.
T_crit: 1.11382e-08.
T_crit: 1.11382e-08.
T_crit: 1.11382e-08.
T_crit: 1.11382e-08.
T_crit: 1.11382e-08.
T_crit: 1.11382e-08.
T_crit: 1.11382e-08.
T_crit: 1.11382e-08.
T_crit: 1.11382e-08.
T_crit: 1.11382e-08.
T_crit: 1.11382e-08.
T_crit: 1.11382e-08.
T_crit: 1.11382e-08.
T_crit: 1.11382e-08.
T_crit: 1.11382e-08.
T_crit: 1.11382e-08.
T_crit: 1.11382e-08.
T_crit: 1.11382e-08.
T_crit: 1.14587e-08.
T_crit: 1.11382e-08.
T_crit: 1.11382e-08.
T_crit: 1.11382e-08.
T_crit: 1.11382e-08.
T_crit: 1.11382e-08.
T_crit: 1.11382e-08.
T_crit: 1.11382e-08.
T_crit: 1.11574e-08.
T_crit: 1.17319e-08.
T_crit: 1.13419e-08.
T_crit: 1.14402e-08.
T_crit: 1.18626e-08.
T_crit: 1.15449e-08.
T_crit: 1.16533e-08.
T_crit: 1.16177e-08.
T_crit: 1.20453e-08.
T_crit: 1.20448e-08.
T_crit: 1.133e-08.
T_crit: 1.17129e-08.
T_crit: 1.20471e-08.
T_crit: 1.20496e-08.
T_crit: 1.33879e-08.
T_crit: 1.24657e-08.
T_crit: 1.24631e-08.
T_crit: 1.19403e-08.
Routing failed.
low, high, current 6 -1 12
Confirming Router Algorithm: TIMING_DRIVEN.
T_crit: 1.02835e-08.
T_crit: 1.02835e-08.
T_crit: 1.02889e-08.
T_crit: 1.03036e-08.
T_crit: 1.02889e-08.
T_crit: 1.03036e-08.
T_crit: 1.02889e-08.
T_crit: 1.03036e-08.
T_crit: 1.02889e-08.
T_crit: 1.03049e-08.
Successfully routed after 11 routing iterations.
Completed net delay value cross check successfully.
low, high, current 6 12 10
Warning (check_all_tracks_reach_pins):  track 8 does not 
	connect to any FB IPINs.
Warning (check_all_tracks_reach_pins):  track 9 does not 
	connect to any FB IPINs.
Warning (check_all_tracks_reach_pins):  track 8 does not 
	connect to any FB IPINs.
Warning (check_all_tracks_reach_pins):  track 9 does not 
	connect to any FB IPINs.
Confirming Router Algorithm: TIMING_DRIVEN.
T_crit: 1.06794e-08.
T_crit: 1.06794e-08.
T_crit: 1.06794e-08.
T_crit: 1.06794e-08.
T_crit: 1.06794e-08.
T_crit: 1.06794e-08.
T_crit: 1.06794e-08.
T_crit: 1.06794e-08.
T_crit: 1.06794e-08.
T_crit: 1.06794e-08.
T_crit: 1.06794e-08.
T_crit: 1.06794e-08.
T_crit: 1.06794e-08.
Successfully routed after 14 routing iterations.
Completed net delay value cross check successfully.
low, high, current 6 10 8
Confirming Router Algorithm: TIMING_DRIVEN.
T_crit: 1.0489e-08.
T_crit: 1.0489e-08.
T_crit: 1.0489e-08.
T_crit: 1.0489e-08.
T_crit: 1.0489e-08.
T_crit: 1.0489e-08.
T_crit: 1.0489e-08.
T_crit: 1.0489e-08.
T_crit: 1.0489e-08.
T_crit: 1.0489e-08.
T_crit: 1.0489e-08.
T_crit: 1.0489e-08.
T_crit: 1.0489e-08.
T_crit: 1.0489e-08.
T_crit: 1.0489e-08.
T_crit: 1.0489e-08.
T_crit: 1.0489e-08.
T_crit: 1.0489e-08.
T_crit: 1.0489e-08.
T_crit: 1.0489e-08.
T_crit: 1.0489e-08.
T_crit: 1.0489e-08.
T_crit: 1.0489e-08.
T_crit: 1.0489e-08.
T_crit: 1.0489e-08.
T_crit: 1.10061e-08.
T_crit: 1.04891e-08.
T_crit: 1.04891e-08.
T_crit: 1.0489e-08.
T_crit: 1.07993e-08.
T_crit: 1.09027e-08.
T_crit: 1.09027e-08.
T_crit: 1.14092e-08.
T_crit: 1.15126e-08.
T_crit: 1.18228e-08.
T_crit: 1.13162e-08.
T_crit: 1.13162e-08.
T_crit: 1.13162e-08.
T_crit: 1.13162e-08.
T_crit: 1.13162e-08.
T_crit: 1.13162e-08.
T_crit: 1.13162e-08.
T_crit: 1.13162e-08.
T_crit: 1.13162e-08.
T_crit: 1.13162e-08.
T_crit: 1.13162e-08.
T_crit: 1.13162e-08.
T_crit: 1.13162e-08.
T_crit: 1.12128e-08.
T_crit: 1.12128e-08.
Routing failed.
Warning (check_all_tracks_reach_pins):  track 8 does not 
	connect to any FB IPINs.
Warning (check_all_tracks_reach_pins):  track 9 does not 
	connect to any FB IPINs.
Warning (check_all_tracks_reach_pins):  track 8 does not 
	connect to any FB IPINs.
Warning (check_all_tracks_reach_pins):  track 9 does not 
	connect to any FB IPINs.

Checking to ensure routing is legal ...
Completed routing consistency check successfully.

Serial number (magic cookie) for the routing is: 207065984
Best routing used a channel width factor of 10.


Average number of bends per net: 2.61452  Maximum # of bends: 58


The number of routed nets (nonglobal): 799
Wirelength results (all in units of 1 clb segments):
	Total wirelength: 16639   Average net length: 20.8248
	Maximum net length: 237

Wirelength results in terms of physical segments:
	Total wiring segments used: 8452   Av. wire segments per net: 10.5782
	Maximum segments used by a net: 122


X - Directed channels:

j	max occ	av_occ		capacity
0	7	3.15652  	10
1	6	3.20870  	10
2	5	2.86957  	10
3	7	1.92174  	10
4	6	1.50435  	10
5	6	1.66087  	10
6	8	1.20870  	10
7	7	1.02609  	10
8	8	0.982609 	10
9	7	0.669565 	10
10	6	0.704348 	10
11	6	0.565217 	10
12	7	0.565217 	10
13	8	0.608696 	10
14	5	0.295652 	10
15	3	0.365217 	10
16	2	0.217391 	10
17	4	0.313043 	10
18	3	0.286957 	10
19	5	0.182609 	10
20	1	0.0695652	10
21	2	0.0956522	10
22	3	0.217391 	10
23	1	0.147826 	10
24	2	0.0782609	10
25	2	0.182609 	10
26	3	0.0521739	10
27	4	0.321739 	10
28	1	0.130435 	10
29	2	0.130435 	10
30	3	0.234783 	10
31	3	0.217391 	10
32	2	0.165217 	10
33	2	0.191304 	10
34	3	0.173913 	10
35	6	0.434783 	10
36	1	0.0782609	10
37	2	0.173913 	10
38	3	0.113043 	10
39	2	0.165217 	10
40	4	0.373913 	10
41	2	0.286957 	10
42	2	0.269565 	10
43	2	0.182609 	10
44	4	0.443478 	10
45	3	0.426087 	10
46	3	0.478261 	10
47	3	0.417391 	10
48	3	0.347826 	10
49	2	0.130435 	10
50	3	0.286957 	10
51	3	0.356522 	10
52	2	0.373913 	10
53	1	0.173913 	10
54	3	0.356522 	10
55	2	0.243478 	10
56	2	0.147826 	10
57	2	0.156522 	10
58	2	0.191304 	10
59	2	0.121739 	10
60	1	0.0956522	10
61	3	0.182609 	10
62	2	0.0956522	10
63	2	0.104348 	10
64	2	0.113043 	10
65	2	0.0956522	10
66	1	0.173913 	10
67	2	0.0608696	10
68	2	0.0521739	10
69	1	0.0434783	10
70	2	0.104348 	10
71	1	0.182609 	10
72	2	0.104348 	10
73	1	0.0608696	10
74	4	0.191304 	10
75	2	0.113043 	10
76	2	0.0782609	10
77	3	0.130435 	10
78	2	0.0869565	10
79	1	0.0869565	10
80	2	0.0869565	10
81	1	0.0347826	10
82	1	0.0173913	10
83	1	0.0260870	10
84	3	0.147826 	10
85	3	0.121739 	10
86	3	0.0956522	10
87	1	0.0347826	10
88	1	0.0347826	10
89	1	0.0347826	10
90	2	0.0347826	10
91	1	0.00869565	10
92	1	0.0260870	10
93	1	0.0521739	10
94	0	0.00000  	10
95	0	0.00000  	10
96	1	0.0782609	10
97	1	0.0173913	10
98	2	0.0869565	10
99	1	0.00869565	10
100	2	0.0608696	10
101	1	0.0347826	10
102	2	0.0347826	10
103	1	0.0173913	10
104	2	0.0347826	10
105	1	0.0347826	10
106	1	0.0869565	10
107	1	0.0173913	10
108	0	0.00000  	10
109	1	0.0260870	10
110	1	0.0173913	10
111	1	0.0434783	10
112	1	0.191304 	10
113	3	0.704348 	10
114	2	0.504348 	10
115	3	2.03478  	10

Y - Directed channels:

i	max occ	av_occ		capacity
0	8	3.79130  	10
1	6	3.57391  	10
2	6	2.25217  	10
3	7	2.42609  	10
4	6	1.51304  	10
5	6	1.77391  	10
6	6	1.11304  	10
7	5	1.13913  	10
8	5	1.80870  	10
9	5	1.55652  	10
10	5	0.434783 	10
11	4	1.23478  	10
12	3	0.608696 	10
13	2	1.13043  	10
14	3	0.0869565	10
15	4	0.130435 	10
16	2	0.0869565	10
17	2	0.713043 	10
18	2	0.0782609	10
19	2	0.0782609	10
20	0	0.00000  	10
21	2	0.0608696	10
22	1	0.365217 	10
23	2	0.669565 	10
24	2	0.556522 	10
25	1	0.417391 	10
26	4	1.08696  	10
27	3	0.469565 	10
28	4	0.660870 	10
29	3	0.400000 	10
30	3	0.747826 	10
31	3	0.113043 	10
32	2	0.304348 	10
33	2	0.295652 	10
34	2	0.260870 	10
35	1	0.0173913	10
36	2	0.0608696	10
37	1	0.0521739	10
38	0	0.00000  	10
39	1	0.00869565	10
40	2	0.686957 	10
41	3	0.678261 	10
42	4	0.730435 	10
43	2	0.713043 	10
44	2	0.669565 	10
45	2	0.704348 	10
46	2	0.713043 	10
47	2	0.652174 	10
48	3	1.25217  	10
49	2	0.0782609	10
50	2	0.678261 	10
51	1	0.0260870	10
52	2	0.556522 	10
53	1	0.0521739	10
54	1	0.0434783	10
55	1	0.0434783	10
56	1	0.521739 	10
57	2	0.686957 	10
58	1	0.521739 	10
59	2	0.669565 	10
60	2	0.0695652	10
61	3	0.669565 	10
62	3	0.660870 	10
63	3	0.747826 	10
64	3	1.06087  	10
65	2	0.113043 	10
66	2	0.626087 	10
67	1	0.643478 	10
68	2	0.660870 	10
69	4	1.28696  	10
70	2	0.600000 	10
71	2	0.200000 	10
72	3	1.02609  	10
73	1	0.539130 	10
74	1	0.0173913	10
75	3	0.643478 	10
76	2	0.617391 	10
77	3	0.643478 	10
78	2	0.617391 	10
79	2	0.634783 	10
80	2	0.643478 	10
81	1	0.660870 	10
82	3	0.200000 	10
83	2	0.0608696	10
84	1	0.608696 	10
85	3	0.756522 	10
86	4	1.60000  	10
87	3	1.62609  	10
88	1	0.0608696	10
89	2	1.11304  	10
90	1	0.0347826	10
91	2	0.0608696	10
92	2	0.0608696	10
93	3	0.104348 	10
94	4	0.147826 	10
95	1	0.0521739	10
96	3	2.17391  	10
97	3	0.0782609	10
98	2	0.565217 	10
99	2	0.582609 	10
100	6	2.23478  	10
101	3	0.286957 	10
102	5	2.47826  	10
103	6	1.11304  	10
104	5	1.86087  	10
105	5	1.33913  	10
106	5	2.21739  	10
107	5	2.20000  	10
108	6	2.97391  	10
109	7	2.10435  	10
110	7	3.07826  	10
111	8	2.75652  	10
112	6	4.09565  	10
113	8	3.24348  	10
114	6	3.43478  	10
115	9	4.84348  	10

Total Tracks in X-direction: 1160  in Y-direction: 1160

Logic Area (in minimum width transistor areas):
Total Logic Area: 3.9675e+08  Per 1x1 logic tile: 30000

Routing area (in minimum width transistor areas):
Total Routing Area: 1.47049e+07  Per logic tile: 1111.90

Segment usage by type (index):
Segment type       Fractional utilization
------------       ----------------------
       0                  0.0628

Segment usage by length:
Segment length       Fractional utilization
--------------       ----------------------
        2                   0.0628

Critical Path: 1.06794e-08 (s)

Time elapsed (PLACE&ROUTE): 28059.634000 ms


Time elapsed (Fernando): 28059.647000 ms

