Netlist file: ../../benchmarks/fpga/net_EPFL/i2c.net   Architecture file: ./arch/k4-n1.xml
Array size: 115 x 115 logic blocks

#block name	x	y	subblk	block number
#----------	--	--	------	------------
out_new_n1000_:new_n999_	77	116	0	#0
new_n1001_	76	48	0	#1
new_n1002_	76	53	0	#2
new_n1004_	10	8	0	#3
new_n1005_	12	8	0	#4
out_new_n1006_:new_n1005_	0	45	0	#5
new_n1007_	6	3	0	#6
new_n1008_	12	4	0	#7
new_n1009_	12	3	0	#8
new_n1010_	12	2	0	#9
new_n1011_	12	1	0	#10
out_new_n1012_:new_n1011_	12	0	0	#11
new_n1013_	64	47	0	#12
new_n1014_	63	48	0	#13
new_n1015_	63	51	0	#14
out_new_n1016_:new_n1015_	62	116	0	#15
new_n1017_	51	1	0	#16
new_n1018_	53	1	0	#17
new_n1019_	54	1	0	#18
out_new_n1021_:new_n988_	69	116	0	#19
new_n1022_	67	2	0	#20
new_n1023_	67	1	0	#21
out_new_n1024_:new_n1023_	67	0	0	#22
new_n1025_	6	4	0	#23
new_n1027_	48	1	0	#24
out_new_n1028_:new_n1027_	48	0	0	#25
new_n1029_	56	2	0	#26
new_n1030_	56	1	0	#27
out_new_n1031_:new_n1030_	56	0	0	#28
new_n1032_	58	2	0	#29
new_n1033_	57	2	0	#30
new_n1034_	57	1	0	#31
out_new_n1035_:new_n1034_	57	0	0	#32
new_n1036_	68	46	0	#33
new_n1037_	54	2	0	#34
new_n1038_	55	2	0	#35
new_n1039_	55	1	0	#36
out_new_n1040_:new_n1039_	55	0	0	#37
new_n1041_	70	47	0	#38
new_n1042_	70	48	0	#39
new_n1043_	71	55	0	#40
out_new_n1044_:new_n1043_	72	116	0	#41
new_n1045_	70	46	0	#42
new_n1046_	70	53	0	#43
new_n1048_	1	12	0	#44
out_new_n1049_:new_n1048_	0	33	0	#45
new_n1050_	2	12	0	#46
out_new_n1052_:pi122	0	65	0	#47
new_n1053_	1	10	0	#48
new_n1055_	115	9	0	#49
new_n1056_	115	10	0	#50
new_n1057_	114	9	0	#51
new_n1058_	113	10	0	#52
new_n1059_	113	13	0	#53
new_n1060_	109	9	0	#54
out_new_n1061_:new_n1059_	116	101	0	#55
new_n1062_	109	10	0	#56
new_n1064_	107	9	0	#57
out_new_n1065_:new_n1059_	116	99	0	#58
new_n1066_	107	10	0	#59
new_n1068_	110	9	0	#60
out_new_n1069_:new_n1059_	116	98	0	#61
new_n1070_	111	10	0	#62
new_n1072_	108	11	0	#63
out_new_n1073_:new_n1059_	116	103	0	#64
new_n1074_	108	12	0	#65
new_n1076_	113	8	0	#66
new_n1077_	113	9	0	#67
new_n1078_	112	4	0	#68
out_new_n1079_:new_n1077_	111	116	0	#69
new_n1080_	112	5	0	#70
new_n1082_	111	4	0	#71
out_new_n1083_:new_n1077_	116	106	0	#72
new_n1084_	111	3	0	#73
new_n1086_	110	10	0	#74
out_new_n1087_:new_n1059_	116	102	0	#75
new_n1088_	110	11	0	#76
new_n1090_	108	13	0	#77
out_new_n1091_:new_n1059_	116	104	0	#78
new_n1092_	109	13	0	#79
new_n1094_	108	9	0	#80
out_new_n1095_:new_n1059_	116	100	0	#81
new_n1096_	108	10	0	#82
new_n1098_	109	11	0	#83
out_new_n1099_:new_n1059_	116	105	0	#84
new_n1100_	109	12	0	#85
new_n1102_	113	4	0	#86
out_new_n1103_:new_n1077_	116	114	0	#87
new_n1104_	114	4	0	#88
new_n1106_	111	8	0	#89
out_new_n1107_:new_n1077_	116	111	0	#90
new_n1108_	111	9	0	#91
new_n1110_	113	5	0	#92
out_new_n1111_:new_n1077_	116	113	0	#93
new_n1112_	113	6	0	#94
new_n1114_	113	7	0	#95
out_new_n1115_:new_n1077_	116	112	0	#96
new_n1116_	114	7	0	#97
new_n1118_	114	8	0	#98
out_new_n1119_:new_n1077_	112	116	0	#99
new_n1120_	115	8	0	#100
new_n1122_	112	8	0	#101
out_new_n1123_:new_n1077_	116	110	0	#102
new_n1124_	112	9	0	#103
new_n1126_	106	8	0	#104
new_n1127_	106	9	0	#105
new_n1128_	105	8	0	#106
out_new_n1129_:new_n1127_	107	116	0	#107
new_n1130_	105	9	0	#108
new_n1132_	107	11	0	#109
out_new_n1133_:new_n1127_	108	116	0	#110
new_n1134_	107	12	0	#111
new_n1136_	107	8	0	#112
out_new_n1137_:new_n1127_	104	116	0	#113
new_n1138_	108	8	0	#114
new_n1140_	105	6	0	#115
out_new_n1141_:new_n1127_	103	116	0	#116
new_n1142_	105	7	0	#117
new_n1144_	104	6	0	#118
out_new_n1145_:new_n1127_	106	116	0	#119
new_n1146_	104	5	0	#120
new_n1148_	6	8	0	#121
out_new_n1149_:pi138	0	97	0	#122
new_n1150_	5	8	0	#123
out_new_n1151_:new_n1150_	0	50	0	#124
new_n1152_	22	4	0	#125
out_new_n1153_:pi138	0	100	0	#126
new_n1154_	22	3	0	#127
new_n1155_	22	2	0	#128
new_n1156_	22	1	0	#129
out_new_n1157_:new_n1156_	22	0	0	#130
new_n1158_	1	11	0	#131
out_new_n1159_:new_n1158_	0	84	0	#132
new_n1160_	27	3	0	#133
out_new_n1161_:pi138	0	92	0	#134
new_n1162_	29	3	0	#135
new_n1163_	31	3	0	#136
new_n1164_	31	2	0	#137
new_n1165_	31	1	0	#138
new_n1167_	106	6	0	#139
out_new_n1168_:new_n1127_	105	116	0	#140
new_n1169_	107	7	0	#141
new_n1171_	99	58	0	#142
new_n1172_	99	65	0	#143
out_new_n1173_:new_n1172_	98	116	0	#144
new_n1174_	6	9	0	#145
new_n1176_	103	7	0	#146
out_new_n1177_:new_n1127_	110	116	0	#147
new_n1178_	103	8	0	#148
new_n1180_	104	7	0	#149
out_new_n1181_:new_n1127_	109	116	0	#150
new_n1182_	106	7	0	#151
new_n1184_	1	9	0	#152
new_n1185_	1	8	0	#153
new_n1186_	6	2	0	#154
out_new_n1187_:new_n1185_	0	80	0	#155
new_n1188_	6	1	0	#156
new_n1190_	5	3	0	#157
out_new_n1191_:new_n1185_	0	78	0	#158
new_n1192_	4	3	0	#159
new_n1194_	1	2	0	#160
out_new_n1195_:new_n1185_	0	77	0	#161
new_n1196_	1	1	0	#162
new_n1198_	4	2	0	#163
out_new_n1199_:new_n1185_	0	81	0	#164
new_n1200_	4	1	0	#165
new_n1202_	5	6	0	#166
out_new_n1203_:new_n1185_	0	75	0	#167
new_n1204_	4	6	0	#168
new_n1206_	5	4	0	#169
out_new_n1207_:new_n1185_	0	83	0	#170
new_n1208_	5	5	0	#171
new_n1210_	4	4	0	#172
new_n1211_	3	5	0	#173
new_n1212_	3	4	0	#174
new_n1213_	3	3	0	#175
out_new_n1214_:new_n1212_	0	6	0	#176
new_n1215_	2	4	0	#177
new_n1217_	12	45	0	#178
new_n1218_	14	46	0	#179
new_n1219_	14	67	0	#180
out_new_n1220_:new_n1219_	15	116	0	#181
new_n1221_	1	4	0	#182
new_n1222_	1	5	0	#183
out_new_n1224_:new_n1219_	16	116	0	#184
new_n1225_	3	2	0	#185
new_n1226_	3	1	0	#186
out_new_n1228_:new_n1219_	13	116	0	#187
new_n1229_	2	2	0	#188
new_n1230_	2	1	0	#189
new_n1232_	6	5	0	#190
out_new_n1233_:new_n1185_	0	85	0	#191
new_n1234_	6	6	0	#192
new_n1236_	5	2	0	#193
out_new_n1237_:new_n1185_	0	79	0	#194
new_n1238_	5	1	0	#195
out_new_n1240_:new_n1219_	17	116	0	#196
new_n1241_	4	5	0	#197
new_n1242_	2	6	0	#198
new_n1244_	7	2	0	#199
out_new_n1245_:pi138	0	99	0	#200
new_n1246_	7	1	0	#201
out_new_n1247_:new_n1246_	7	0	0	#202
new_n1248_	26	4	0	#203
out_new_n1249_:pi138	0	103	0	#204
new_n1250_	26	3	0	#205
new_n1251_	26	2	0	#206
new_n1252_	26	1	0	#207
out_new_n1253_:new_n1252_	26	0	0	#208
out_new_n1254_:new_n1158_	0	86	0	#209
new_n1255_	27	2	0	#210
out_new_n1256_:pi138	0	89	0	#211
new_n1257_	29	2	0	#212
new_n1258_	30	3	0	#213
new_n1259_	30	2	0	#214
new_n1260_	30	1	0	#215
out_new_n1262_:new_n1055_	116	107	0	#216
new_n1263_	104	10	0	#217
new_n1264_	105	10	0	#218
out_new_n1265_:new_n1264_	116	59	0	#219
new_n1266_	83	40	0	#220
out_new_n1267_:pi136	92	116	0	#221
new_n1268_	83	47	0	#222
out_new_n1269_:new_n1268_	84	116	0	#223
new_n1270_	83	52	0	#224
out_new_n1271_:pi136	93	116	0	#225
new_n1272_	83	51	0	#226
new_n1273_	81	51	0	#227
new_n1274_	81	52	0	#228
new_n1275_	81	55	0	#229
out_new_n1277_:new_n1055_	116	108	0	#230
new_n1278_	104	8	0	#231
new_n1279_	104	9	0	#232
out_new_n1280_:new_n1279_	116	58	0	#233
new_n1281_	83	38	0	#234
out_new_n1282_:pi136	94	116	0	#235
new_n1283_	82	41	0	#236
out_new_n1284_:new_n1283_	81	116	0	#237
new_n1285_	83	3	0	#238
out_new_n1286_:pi136	91	116	0	#239
new_n1287_	81	3	0	#240
new_n1288_	79	2	0	#241
new_n1289_	79	1	0	#242
new_n1290_	81	1	0	#243
out_new_n1292_:new_n1055_	116	109	0	#244
new_n1293_	106	10	0	#245
new_n1294_	106	11	0	#246
out_new_n1295_:new_n1294_	116	39	0	#247
new_n1296_	82	42	0	#248
out_new_n1297_:pi136	82	116	0	#249
new_n1298_	80	47	0	#250
out_new_n1299_:new_n1298_	79	116	0	#251
new_n1300_	96	16	0	#252
out_new_n1301_:pi136	95	116	0	#253
new_n1302_	102	16	0	#254
new_n1303_	106	17	0	#255
new_n1304_	110	18	0	#256
new_n1305_	112	19	0	#257
new_n1307_	7	3	0	#258
out_new_n1308_:pi138	0	93	0	#259
new_n1309_	7	4	0	#260
out_new_n1310_:new_n1309_	0	14	0	#261
new_n1311_	23	4	0	#262
out_new_n1312_:pi138	0	98	0	#263
new_n1313_	23	3	0	#264
new_n1314_	23	2	0	#265
new_n1315_	23	1	0	#266
out_new_n1316_:new_n1315_	23	0	0	#267
out_new_n1317_:new_n1158_	0	88	0	#268
new_n1318_	17	5	0	#269
out_new_n1319_:pi138	0	90	0	#270
new_n1320_	17	4	0	#271
new_n1321_	17	3	0	#272
new_n1322_	17	2	0	#273
new_n1323_	17	1	0	#274
new_n1325_	60	2	0	#275
new_n1326_	60	1	0	#276
new_n1327_	59	1	0	#277
new_n1329_	6	7	0	#278
out_new_n1330_:pi138	0	102	0	#279
new_n1331_	5	7	0	#280
out_new_n1332_:new_n1331_	0	52	0	#281
new_n1333_	15	2	0	#282
out_new_n1334_:pi138	0	95	0	#283
new_n1335_	15	3	0	#284
new_n1336_	14	3	0	#285
new_n1337_	14	4	0	#286
out_new_n1338_:new_n1337_	0	7	0	#287
out_new_n1339_:new_n1158_	0	87	0	#288
new_n1340_	25	5	0	#289
out_new_n1341_:pi138	0	96	0	#290
new_n1342_	25	4	0	#291
new_n1343_	25	3	0	#292
new_n1344_	25	2	0	#293
new_n1345_	25	1	0	#294
new_n1347_	14	2	0	#295
out_new_n1348_:pi138	0	101	0	#296
new_n1349_	14	1	0	#297
out_new_n1350_:new_n1349_	14	0	0	#298
new_n1351_	24	4	0	#299
out_new_n1352_:pi138	0	94	0	#300
new_n1353_	24	3	0	#301
new_n1354_	24	2	0	#302
new_n1355_	24	1	0	#303
out_new_n1356_:new_n1355_	24	0	0	#304
out_new_n1357_:new_n1158_	0	82	0	#305
new_n1358_	27	4	0	#306
out_new_n1359_:pi138	0	91	0	#307
new_n1360_	28	3	0	#308
new_n1361_	28	2	0	#309
new_n1362_	28	1	0	#310
new_n1363_	27	1	0	#311
out_new_n1365_:new_n613_	116	95	0	#312
new_n1366_	4	9	0	#313
new_n1367_	3	9	0	#314
new_n1369_	50	2	0	#315
new_n1370_	50	1	0	#316
out_new_n1372_:new_n1211_	0	76	0	#317
new_n1373_	114	10	0	#318
out_new_n1374_:new_n1211_	0	72	0	#319
new_n1375_	114	11	0	#320
new_n1377_	3	7	0	#321
out_new_n1378_:new_n1211_	0	74	0	#322
new_n1379_	3	8	0	#323
new_n1381_	115	14	0	#324
new_n1382_	2	5	0	#325
out_new_n1383_:new_n1382_	0	42	0	#326
new_n1384_	115	13	0	#327
new_n1386_	3	6	0	#328
out_new_n1387_:new_n1211_	0	66	0	#329
new_n1388_	1	6	0	#330
out_new_n1390_:pi007	20	116	0	#331
new_n1391_	88	41	0	#332
out_new_n1392_:new_n1391_	87	116	0	#333
new_n1393_	2	9	0	#334
out_new_n1396_:pi118	116	97	0	#335
new_n1397_	69	1	0	#336
new_n1398_	71	1	0	#337
new_n1399_	70	1	0	#338
out_new_n1402_:new_n1217_	14	116	0	#339
new_n1403_	2	11	0	#340
new_n1405_	76	1	0	#341
new_n1410_	1	3	0	#342
new_n1411_	2	3	0	#343
new_n1413_	115	11	0	#344
new_n264_	98	6	0	#345
new_n265_	15	5	0	#346
new_n266_	4	11	0	#347
new_n267_	4	10	0	#348
out_new_n268_:new_n267_	0	25	0	#349
new_n269_	88	50	0	#350
out_new_n270_:pi011	43	0	0	#351
new_n271_	19	4	0	#352
new_n272_	115	27	0	#353
out_new_n273_:new_n272_	116	88	0	#354
out_new_n274_:new_n269_	90	116	0	#355
new_n275_	19	3	0	#356
new_n276_	19	2	0	#357
new_n277_	19	1	0	#358
new_n278_	18	1	0	#359
new_n279_	15	1	0	#360
out_new_n280_:new_n279_	15	0	0	#361
new_n281_	16	5	0	#362
new_n282_	14	5	0	#363
new_n283_	15	6	0	#364
new_n284_	103	6	0	#365
new_n285_	110	13	0	#366
out_new_n286_:new_n285_	116	32	0	#367
out_new_n287_:new_n284_	116	93	0	#368
new_n288_	99	6	0	#369
new_n289_	99	5	0	#370
new_n290_	100	5	0	#371
new_n291_	100	6	0	#372
out_new_n292_:new_n291_	116	27	0	#373
new_n293_	102	6	0	#374
new_n294_	101	6	0	#375
new_n295_	101	7	0	#376
new_n296_	101	8	0	#377
out_new_n297_:new_n296_	116	35	0	#378
out_new_n298_:new_n284_	116	92	0	#379
new_n299_	112	12	0	#380
new_n300_	113	12	0	#381
out_new_n301_:new_n300_	116	67	0	#382
new_n302_	16	6	0	#383
new_n303_	17	6	0	#384
new_n304_	16	7	0	#385
out_new_n305_:new_n304_	0	39	0	#386
new_n306_	15	7	0	#387
out_new_n307_:new_n306_	0	28	0	#388
new_n308_	14	6	0	#389
new_n309_	14	7	0	#390
out_new_n310_:new_n309_	0	38	0	#391
new_n311_	3	10	0	#392
out_new_n313_:pi054	0	112	0	#393
new_n314_	12	5	0	#394
new_n315_	110	12	0	#395
new_n316_	12	6	0	#396
new_n317_	12	7	0	#397
out_new_n318_:new_n317_	0	31	0	#398
new_n319_	88	4	0	#399
new_n320_	87	3	0	#400
new_n321_	87	2	0	#401
new_n322_	87	1	0	#402
out_new_n323_:new_n322_	87	0	0	#403
new_n324_	4	7	0	#404
out_new_n325_:new_n324_	0	32	0	#405
new_n326_	87	50	0	#406
new_n327_	87	51	0	#407
new_n328_	88	46	0	#408
new_n329_	86	46	0	#409
new_n330_	86	47	0	#410
new_n331_	86	50	0	#411
new_n332_	86	51	0	#412
new_n333_	86	53	0	#413
out_new_n334_:new_n333_	85	116	0	#414
new_n335_	86	52	0	#415
new_n336_	88	57	0	#416
out_new_n337_:new_n336_	89	116	0	#417
new_n338_	42	1	0	#418
new_n339_	40	1	0	#419
new_n340_	111	12	0	#420
out_new_n341_:new_n340_	116	77	0	#421
new_n342_	41	1	0	#422
new_n343_	41	2	0	#423
new_n344_	40	2	0	#424
new_n345_	39	2	0	#425
new_n346_	39	1	0	#426
new_n348_	114	1	0	#427
new_n349_	115	6	0	#428
new_n350_	106	2	0	#429
new_n351_	106	3	0	#430
new_n352_	29	1	0	#431
out_new_n353_:new_n352_	28	0	0	#432
new_n354_	4	8	0	#433
new_n355_	10	7	0	#434
new_n356_	10	6	0	#435
new_n357_	8	5	0	#436
new_n358_	7	6	0	#437
new_n359_	77	1	0	#438
new_n360_	26	58	0	#439
new_n361_	26	57	0	#440
new_n362_	25	58	0	#441
new_n363_	25	59	0	#442
new_n364_	25	60	0	#443
new_n365_	23	61	0	#444
out_new_n366_:new_n365_	24	116	0	#445
out_new_n367_:new_n358_	0	20	0	#446
new_n368_	105	3	0	#447
new_n369_	104	3	0	#448
new_n370_	104	4	0	#449
new_n371_	103	3	0	#450
new_n372_	103	2	0	#451
new_n373_	105	1	0	#452
new_n374_	106	1	0	#453
new_n376_	115	15	0	#454
out_new_n377_:new_n376_	116	86	0	#455
out_new_n378_:new_n339_	40	0	0	#456
new_n379_	19	5	0	#457
new_n380_	19	6	0	#458
out_new_n381_:new_n380_	0	36	0	#459
new_n382_	112	11	0	#460
new_n383_	112	10	0	#461
new_n384_	113	11	0	#462
out_new_n386_:pi054	6	116	0	#463
new_n387_	9	7	0	#464
new_n388_	2	10	0	#465
out_new_n389_:new_n388_	0	19	0	#466
new_n390_	15	4	0	#467
new_n391_	16	4	0	#468
new_n392_	16	3	0	#469
new_n393_	16	2	0	#470
new_n394_	16	1	0	#471
out_new_n396_:pi054	4	116	0	#472
out_new_n397_:new_n339_	41	0	0	#473
new_n398_	18	6	0	#474
new_n399_	2	7	0	#475
out_new_n400_:new_n399_	0	56	0	#476
out_new_n401_:new_n387_	0	17	0	#477
new_n402_	99	4	0	#478
new_n403_	99	3	0	#479
new_n404_	98	3	0	#480
new_n405_	98	2	0	#481
new_n406_	99	2	0	#482
new_n407_	99	1	0	#483
out_new_n409_:pi054	7	116	0	#484
new_n410_	110	1	0	#485
new_n411_	108	2	0	#486
new_n412_	107	2	0	#487
new_n413_	107	1	0	#488
new_n414_	108	1	0	#489
new_n415_	109	1	0	#490
out_new_n417_:pi054	3	116	0	#491
out_new_n418_:new_n327_	86	116	0	#492
new_n419_	97	6	0	#493
new_n420_	97	5	0	#494
new_n421_	96	5	0	#495
new_n422_	96	6	0	#496
new_n423_	98	7	0	#497
out_new_n425_:pi054	5	116	0	#498
out_new_n426_:new_n398_	0	55	0	#499
new_n427_	11	4	0	#500
new_n428_	102	1	0	#501
new_n429_	42	2	0	#502
new_n430_	43	2	0	#503
new_n431_	44	2	0	#504
new_n432_	45	2	0	#505
new_n433_	45	1	0	#506
out_new_n435_:pi054	0	110	0	#507
new_n436_	96	2	0	#508
new_n437_	11	6	0	#509
new_n438_	11	7	0	#510
out_new_n439_:new_n438_	0	58	0	#511
new_n440_	13	4	0	#512
new_n441_	13	3	0	#513
new_n442_	13	2	0	#514
new_n443_	13	1	0	#515
out_new_n445_:pi054	0	114	0	#516
new_n446_	21	5	0	#517
new_n447_	21	4	0	#518
new_n448_	21	3	0	#519
new_n449_	21	2	0	#520
new_n450_	21	1	0	#521
out_new_n452_:pi054	0	109	0	#522
new_n453_	43	1	0	#523
new_n454_	44	1	0	#524
out_new_n455_:new_n454_	44	0	0	#525
new_n456_	85	3	0	#526
new_n457_	86	3	0	#527
new_n458_	86	2	0	#528
new_n459_	86	1	0	#529
out_new_n461_:pi054	0	108	0	#530
new_n462_	20	5	0	#531
new_n463_	20	4	0	#532
new_n464_	20	3	0	#533
new_n465_	20	2	0	#534
new_n466_	20	1	0	#535
out_new_n468_:pi054	8	116	0	#536
new_n469_	103	4	0	#537
new_n470_	102	4	0	#538
new_n471_	101	4	0	#539
new_n472_	101	3	0	#540
new_n473_	101	2	0	#541
new_n474_	101	1	0	#542
out_new_n476_:pi054	2	116	0	#543
new_n477_	111	13	0	#544
new_n478_	112	13	0	#545
out_new_n479_:new_n478_	116	76	0	#546
new_n480_	80	3	0	#547
new_n481_	54	3	0	#548
new_n482_	36	3	0	#549
new_n483_	30	4	0	#550
out_new_n485_:new_n349_	116	38	0	#551
new_n486_	78	2	0	#552
new_n487_	78	1	0	#553
out_new_n488_:new_n487_	78	0	0	#554
out_new_n489_:new_n359_	79	0	0	#555
new_n490_	26	76	0	#556
new_n491_	26	55	0	#557
new_n492_	24	55	0	#558
new_n493_	24	56	0	#559
new_n494_	24	59	0	#560
out_new_n495_:new_n494_	23	116	0	#561
new_n496_	115	12	0	#562
new_n497_	107	6	0	#563
new_n498_	107	5	0	#564
new_n499_	34	1	0	#565
new_n500_	34	2	0	#566
new_n501_	33	2	0	#567
new_n502_	32	1	0	#568
out_new_n503_:new_n502_	32	0	0	#569
new_n504_	83	2	0	#570
new_n505_	81	2	0	#571
new_n506_	80	2	0	#572
new_n507_	80	1	0	#573
out_new_n509_:pi054	0	111	0	#574
new_n510_	18	5	0	#575
new_n511_	18	4	0	#576
new_n512_	18	3	0	#577
new_n513_	18	2	0	#578
out_new_n515_:pi054	0	113	0	#579
new_n516_	101	5	0	#580
new_n517_	100	4	0	#581
new_n518_	97	47	0	#582
out_new_n519_:new_n518_	96	116	0	#583
new_n520_	109	2	0	#584
new_n521_	110	2	0	#585
out_new_n522_:new_n521_	111	0	0	#586
new_n523_	100	3	0	#587
new_n524_	100	2	0	#588
new_n525_	100	1	0	#589
out_new_n527_:pi054	0	105	0	#590
new_n528_	9	6	0	#591
new_n529_	9	5	0	#592
new_n530_	9	4	0	#593
new_n531_	8	4	0	#594
new_n532_	7	5	0	#595
out_new_n534_:pi054	0	104	0	#596
new_n535_	11	3	0	#597
new_n536_	10	3	0	#598
new_n537_	10	4	0	#599
new_n538_	10	5	0	#600
out_new_n540_:new_n349_	116	17	0	#601
new_n541_	2	8	0	#602
new_n542_	93	4	0	#603
out_new_n543_:new_n542_	116	73	0	#604
new_n544_	32	2	0	#605
new_n545_	32	3	0	#606
new_n546_	33	3	0	#607
new_n547_	33	1	0	#608
out_new_n548_:new_n547_	9	0	0	#609
new_n549_	35	2	0	#610
new_n550_	36	2	0	#611
new_n551_	36	1	0	#612
out_new_n552_:new_n551_	36	0	0	#613
out_new_n553_:new_n547_	2	0	0	#614
new_n554_	84	3	0	#615
new_n555_	82	3	0	#616
new_n556_	82	2	0	#617
new_n557_	82	1	0	#618
out_new_n559_:pi054	0	107	0	#619
new_n560_	89	1	0	#620
new_n561_	115	7	0	#621
out_new_n562_:new_n561_	116	78	0	#622
new_n563_	89	2	0	#623
new_n564_	89	3	0	#624
new_n565_	88	3	0	#625
new_n566_	88	2	0	#626
new_n567_	88	1	0	#627
out_new_n569_:pi054	0	106	0	#628
new_n570_	68	1	0	#629
new_n571_	68	2	0	#630
new_n572_	69	2	0	#631
new_n573_	70	2	0	#632
new_n574_	72	2	0	#633
new_n575_	72	1	0	#634
out_new_n577_:pi055	0	115	0	#635
new_n578_	3	11	0	#636
new_n580_	93	3	0	#637
new_n581_	93	2	0	#638
new_n582_	77	2	0	#639
new_n583_	76	2	0	#640
new_n584_	75	1	0	#641
new_n585_	74	1	0	#642
out_new_n586_:new_n585_	74	0	0	#643
new_n587_	114	5	0	#644
out_new_n588_:new_n587_	116	5	0	#645
out_new_n589_:new_n501_	33	0	0	#646
new_n590_	75	2	0	#647
new_n591_	74	2	0	#648
new_n592_	73	1	0	#649
out_new_n593_:new_n592_	73	0	0	#650
new_n594_	93	1	0	#651
new_n595_	94	1	0	#652
new_n597_	64	42	0	#653
new_n598_	11	49	0	#654
out_new_n599_:new_n598_	9	116	0	#655
new_n600_	64	43	0	#656
out_new_n601_:new_n600_	63	116	0	#657
new_n602_	68	53	0	#658
new_n603_	70	52	0	#659
new_n604_	72	53	0	#660
out_new_n605_:new_n604_	74	116	0	#661
new_n606_	101	53	0	#662
new_n607_	100	54	0	#663
new_n608_	100	57	0	#664
out_new_n609_:new_n608_	99	116	0	#665
new_n610_	60	47	0	#666
out_new_n611_:new_n610_	59	116	0	#667
new_n612_	111	1	0	#668
new_n613_	111	2	0	#669
out_new_n614_:new_n613_	116	94	0	#670
new_n615_	70	54	0	#671
new_n616_	72	55	0	#672
new_n617_	72	56	0	#673
new_n618_	72	65	0	#674
out_new_n619_:new_n618_	73	116	0	#675
new_n620_	111	11	0	#676
new_n621_	111	14	0	#677
out_new_n622_:new_n621_	116	49	0	#678
new_n623_	113	15	0	#679
out_new_n624_:new_n623_	116	68	0	#680
new_n625_	8	3	0	#681
new_n626_	8	2	0	#682
new_n627_	8	1	0	#683
out_new_n628_:new_n627_	8	0	0	#684
out_new_n629_:new_n602_	70	116	0	#685
new_n630_	9	3	0	#686
new_n631_	10	2	0	#687
new_n632_	11	2	0	#688
new_n633_	11	1	0	#689
out_new_n634_:new_n633_	11	0	0	#690
out_new_n635_:pi085	0	64	0	#691
new_n636_	49	2	0	#692
new_n637_	48	2	0	#693
new_n638_	47	2	0	#694
new_n639_	46	2	0	#695
new_n641_	53	2	0	#696
new_n642_	59	2	0	#697
new_n643_	112	14	0	#698
out_new_n644_:new_n643_	116	90	0	#699
new_n645_	58	49	0	#700
out_new_n646_:new_n645_	57	116	0	#701
new_n647_	58	1	0	#702
new_n649_	5	9	0	#703
out_new_n650_:new_n643_	116	91	0	#704
new_n651_	65	43	0	#705
out_new_n652_:pi116	60	116	0	#706
out_new_n653_:pi096	116	115	0	#707
new_n654_	64	41	0	#708
new_n655_	62	49	0	#709
out_new_n656_:new_n655_	61	116	0	#710
new_n657_	65	44	0	#711
new_n658_	67	49	0	#712
out_new_n659_:new_n658_	68	116	0	#713
new_n660_	5	10	0	#714
out_new_n662_:pi027	61	0	0	#715
new_n663_	64	52	0	#716
out_new_n664_:pi116	65	116	0	#717
new_n665_	62	52	0	#718
new_n666_	61	53	0	#719
new_n667_	61	54	0	#720
new_n668_	110	3	0	#721
new_n669_	109	3	0	#722
new_n670_	115	4	0	#723
new_n671_	115	5	0	#724
out_new_n672_:new_n671_	116	55	0	#725
out_new_n673_:pi027	62	0	0	#726
new_n674_	63	2	0	#727
new_n675_	64	2	0	#728
new_n676_	66	2	0	#729
new_n677_	66	1	0	#730
out_new_n678_:new_n677_	66	0	0	#731
new_n679_	101	44	0	#732
new_n680_	101	43	0	#733
out_new_n681_:new_n680_	100	116	0	#734
new_n682_	113	2	0	#735
new_n683_	113	3	0	#736
out_new_n684_:new_n683_	116	44	0	#737
new_n685_	108	3	0	#738
new_n686_	108	4	0	#739
out_new_n687_:new_n686_	116	4	0	#740
new_n688_	59	59	0	#741
out_new_n689_:new_n688_	58	116	0	#742
new_n690_	114	15	0	#743
out_new_n691_:new_n690_	116	84	0	#744
new_n692_	9	2	0	#745
new_n693_	9	1	0	#746
new_n694_	10	1	0	#747
out_new_n695_:new_n694_	10	0	0	#748
new_n696_	51	2	0	#749
new_n697_	52	2	0	#750
new_n698_	52	1	0	#751
new_n700_	64	46	0	#752
new_n701_	64	49	0	#753
new_n702_	66	47	0	#754
new_n703_	66	48	0	#755
new_n704_	11	8	0	#756
new_n705_	114	12	0	#757
out_new_n706_:new_n598_	10	116	0	#758
new_n707_	114	13	0	#759
out_new_n708_:new_n707_	116	64	0	#760
new_n709_	9	8	0	#761
out_new_n710_:new_n709_	0	9	0	#762
new_n711_	67	53	0	#763
out_new_n712_:new_n711_	66	116	0	#764
new_n713_	49	1	0	#765
new_n714_	47	1	0	#766
new_n715_	46	1	0	#767
out_new_n716_:new_n715_	46	0	0	#768
new_n717_	61	2	0	#769
new_n718_	61	3	0	#770
new_n719_	61	1	0	#771
out_new_n720_:new_n719_	60	0	0	#772
new_n721_	66	49	0	#773
new_n722_	66	50	0	#774
new_n723_	66	55	0	#775
out_new_n724_:new_n723_	67	116	0	#776
new_n725_	62	2	0	#777
new_n726_	62	1	0	#778
new_n727_	63	1	0	#779
new_n728_	64	1	0	#780
new_n730_	110	5	0	#781
new_n731_	42	42	0	#782
out_new_n732_:pi109	53	116	0	#783
new_n733_	41	47	0	#784
out_new_n734_:new_n733_	40	116	0	#785
new_n735_	111	5	0	#786
new_n737_	109	7	0	#787
new_n738_	47	44	0	#788
out_new_n739_:pi109	54	116	0	#789
new_n740_	47	45	0	#790
out_new_n741_:new_n740_	48	116	0	#791
new_n742_	109	8	0	#792
new_n744_	110	7	0	#793
new_n745_	42	44	0	#794
out_new_n746_:pi109	38	116	0	#795
new_n747_	42	45	0	#796
out_new_n748_:new_n747_	41	116	0	#797
new_n749_	110	8	0	#798
new_n751_	109	6	0	#799
new_n752_	46	44	0	#800
out_new_n753_:pi109	39	116	0	#801
new_n754_	45	45	0	#802
out_new_n755_:new_n754_	44	116	0	#803
new_n756_	110	6	0	#804
new_n758_	112	6	0	#805
new_n759_	43	44	0	#806
out_new_n760_:pi109	35	116	0	#807
new_n761_	41	45	0	#808
out_new_n762_:new_n761_	42	116	0	#809
new_n763_	112	7	0	#810
new_n765_	111	6	0	#811
new_n766_	45	41	0	#812
out_new_n767_:pi109	55	116	0	#813
new_n768_	44	45	0	#814
out_new_n769_:new_n768_	43	116	0	#815
new_n770_	111	7	0	#816
new_n772_	108	5	0	#817
new_n773_	46	42	0	#818
out_new_n774_:pi109	51	116	0	#819
new_n775_	46	43	0	#820
out_new_n776_:new_n775_	47	116	0	#821
new_n777_	109	5	0	#822
new_n779_	108	6	0	#823
new_n780_	46	46	0	#824
out_new_n781_:pi109	36	116	0	#825
new_n782_	46	47	0	#826
out_new_n783_:new_n782_	45	116	0	#827
new_n784_	108	7	0	#828
new_n786_	103	5	0	#829
new_n787_	92	3	0	#830
new_n788_	92	2	0	#831
new_n789_	95	2	0	#832
new_n790_	26	75	0	#833
new_n791_	26	74	0	#834
new_n792_	27	73	0	#835
new_n793_	28	78	0	#836
new_n794_	30	78	0	#837
new_n795_	30	79	0	#838
out_new_n796_:new_n795_	29	116	0	#839
new_n797_	114	2	0	#840
out_new_n798_:new_n797_	116	2	0	#841
new_n799_	11	5	0	#842
new_n800_	31	79	0	#843
new_n801_	31	80	0	#844
new_n802_	30	81	0	#845
out_new_n803_:new_n802_	31	116	0	#846
new_n804_	96	1	0	#847
new_n805_	97	1	0	#848
new_n807_	112	2	0	#849
new_n808_	112	3	0	#850
out_new_n809_:new_n808_	116	70	0	#851
new_n810_	47	47	0	#852
new_n811_	49	46	0	#853
new_n812_	51	46	0	#854
new_n813_	51	55	0	#855
out_new_n815_:new_n354_	0	41	0	#856
new_n816_	30	85	0	#857
new_n817_	32	85	0	#858
new_n818_	33	86	0	#859
new_n819_	33	87	0	#860
out_new_n820_:new_n819_	32	116	0	#861
new_n821_	13	5	0	#862
new_n822_	112	1	0	#863
new_n823_	113	1	0	#864
out_new_n824_:new_n823_	113	0	0	#865
new_n825_	13	6	0	#866
new_n826_	13	7	0	#867
out_new_n828_:new_n498_	116	57	0	#868
new_n829_	29	66	0	#869
new_n830_	27	66	0	#870
new_n831_	27	75	0	#871
out_new_n832_:new_n831_	28	116	0	#872
new_n833_	106	5	0	#873
new_n834_	106	4	0	#874
new_n835_	84	2	0	#875
new_n836_	84	1	0	#876
out_new_n837_:new_n836_	84	0	0	#877
new_n838_	105	4	0	#878
new_n839_	105	5	0	#879
new_n841_	95	4	0	#880
new_n842_	32	86	0	#881
new_n843_	31	87	0	#882
new_n844_	33	88	0	#883
new_n845_	33	89	0	#884
out_new_n846_:new_n845_	34	116	0	#885
new_n847_	91	3	0	#886
new_n848_	32	87	0	#887
out_new_n849_:new_n848_	33	116	0	#888
new_n850_	114	6	0	#889
out_new_n851_:new_n850_	116	10	0	#890
new_n852_	91	2	0	#891
new_n853_	91	1	0	#892
new_n855_	8	6	0	#893
new_n856_	102	3	0	#894
new_n857_	102	2	0	#895
out_new_n858_:new_n857_	103	0	0	#896
out_new_n859_:new_n496_	116	87	0	#897
new_n860_	94	2	0	#898
new_n861_	94	3	0	#899
new_n862_	8	7	0	#900
out_new_n863_:new_n862_	0	24	0	#901
new_n864_	95	3	0	#902
new_n865_	95	1	0	#903
new_n867_	102	5	0	#904
new_n868_	102	7	0	#905
new_n869_	102	8	0	#906
out_new_n870_:new_n869_	116	15	0	#907
out_new_n871_:new_n348_	116	6	0	#908
new_n872_	104	2	0	#909
new_n873_	105	2	0	#910
out_new_n874_:new_n873_	105	0	0	#911
new_n875_	95	5	0	#912
new_n877_	91	4	0	#913
new_n878_	91	5	0	#914
new_n879_	92	5	0	#915
new_n880_	1	7	0	#916
out_new_n881_:new_n880_	0	34	0	#917
new_n882_	73	2	0	#918
new_n883_	71	2	0	#919
out_new_n884_:new_n883_	71	0	0	#920
new_n885_	107	3	0	#921
new_n886_	107	4	0	#922
out_new_n887_:new_n886_	116	79	0	#923
new_n888_	83	1	0	#924
out_new_n889_:new_n888_	83	0	0	#925
new_n890_	92	4	0	#926
new_n891_	92	1	0	#927
out_new_n893_:new_n541_	0	43	0	#928
new_n894_	29	68	0	#929
new_n895_	29	69	0	#930
new_n896_	29	70	0	#931
new_n897_	29	75	0	#932
out_new_n898_:new_n897_	30	116	0	#933
new_n899_	96	4	0	#934
new_n900_	97	4	0	#935
new_n901_	103	1	0	#936
new_n902_	104	1	0	#937
out_new_n903_:new_n902_	104	0	0	#938
new_n904_	98	4	0	#939
new_n905_	98	5	0	#940
new_n907_	26	63	0	#941
new_n908_	24	63	0	#942
new_n909_	24	64	0	#943
new_n910_	23	73	0	#944
out_new_n911_:new_n910_	22	116	0	#945
new_n912_	90	4	0	#946
new_n913_	89	4	0	#947
new_n914_	90	3	0	#948
new_n915_	85	2	0	#949
new_n916_	85	1	0	#950
out_new_n917_:new_n916_	85	0	0	#951
new_n918_	90	2	0	#952
new_n919_	90	1	0	#953
new_n921_	93	5	0	#954
new_n922_	94	4	0	#955
new_n923_	94	5	0	#956
new_n924_	26	59	0	#957
out_new_n925_:new_n924_	27	116	0	#958
new_n926_	7	7	0	#959
new_n927_	8	8	0	#960
new_n928_	7	9	0	#961
out_new_n929_:new_n928_	0	40	0	#962
new_n930_	7	8	0	#963
out_new_n931_:new_n930_	0	53	0	#964
new_n932_	115	2	0	#965
out_new_n933_:new_n932_	116	1	0	#966
new_n934_	94	6	0	#967
new_n935_	95	6	0	#968
out_new_n937_:new_n349_	116	18	0	#969
new_n938_	35	1	0	#970
out_new_n939_:new_n938_	35	0	0	#971
new_n940_	37	1	0	#972
new_n941_	37	2	0	#973
new_n942_	37	3	0	#974
out_new_n943_:new_n940_	37	0	0	#975
new_n944_	115	1	0	#976
out_new_n945_:new_n944_	115	0	0	#977
new_n946_	38	2	0	#978
new_n947_	38	1	0	#979
out_new_n949_:new_n356_	0	22	0	#980
new_n950_	28	75	0	#981
new_n951_	28	76	0	#982
new_n952_	26	77	0	#983
out_new_n953_:new_n952_	25	116	0	#984
new_n954_	96	3	0	#985
new_n955_	97	3	0	#986
new_n956_	109	4	0	#987
new_n957_	110	4	0	#988
out_new_n958_:new_n957_	116	71	0	#989
new_n959_	97	2	0	#990
new_n960_	98	1	0	#991
out_new_n962_:pi109	37	116	0	#992
new_n963_	48	46	0	#993
new_n964_	49	49	0	#994
out_new_n966_:new_n810_	49	116	0	#995
new_n967_	114	3	0	#996
new_n968_	115	3	0	#997
out_new_n970_:new_n713_	49	0	0	#998
new_n971_	64	48	0	#999
new_n972_	11	48	0	#1000
new_n973_	11	53	0	#1001
out_new_n974_:new_n973_	12	116	0	#1002
new_n975_	114	14	0	#1003
new_n976_	113	14	0	#1004
out_new_n977_:new_n976_	116	69	0	#1005
new_n978_	6	10	0	#1006
new_n982_	1	13	0	#1007
out_new_n984_:pi058	53	0	0	#1008
new_n985_	58	46	0	#1009
new_n986_	57	53	0	#1010
out_new_n987_:new_n986_	56	116	0	#1011
new_n988_	68	43	0	#1012
new_n989_	63	3	0	#1013
new_n990_	65	3	0	#1014
new_n991_	65	2	0	#1015
new_n992_	65	1	0	#1016
out_new_n993_:new_n992_	65	0	0	#1017
new_n994_	78	47	0	#1018
new_n995_	77	48	0	#1019
new_n996_	77	49	0	#1020
out_new_n997_:new_n996_	76	116	0	#1021
new_n998_	78	46	0	#1022
new_n999_	78	49	0	#1023
pi006		68	0	0	#1024
pi007		21	116	0	#1025
pi008		116	89	0	#1026
pi011		42	0	0	#1027
pi012		88	116	0	#1028
pi013		116	21	0	#1029
pi014		19	0	0	#1030
pi016		89	0	0	#1031
pi018		102	0	0	#1032
pi019		0	59	0	#1033
pi020		26	116	0	#1034
pi021		116	7	0	#1035
pi022		0	10	0	#1036
pi025		97	116	0	#1037
pi027		63	0	0	#1038
pi028		116	20	0	#1039
pi029		110	0	0	#1040
pi037		78	116	0	#1041
pi042		116	34	0	#1042
pi043		34	0	0	#1043
pi044		0	11	0	#1044
pi046		29	0	0	#1045
pi047		93	0	0	#1046
pi048		107	0	0	#1047
pi049		77	0	0	#1048
pi050		116	13	0	#1049
pi052		112	0	0	#1050
pi053		0	27	0	#1051
pi054		0	68	0	#1052
pi055		1	116	0	#1053
pi058		51	0	0	#1054
pi059		69	0	0	#1055
pi082		96	0	0	#1056
pi085		0	63	0	#1057
pi096		115	116	0	#1058
pi097		116	22	0	#1059
pi100		101	116	0	#1060
pi106		116	8	0	#1061
pi109		46	116	0	#1062
pi110		11	116	0	#1063
pi113		116	41	0	#1064
pi116		64	116	0	#1065
pi118		116	96	0	#1066
pi120		75	0	0	#1067
pi122		0	67	0	#1068
pi125		0	2	0	#1069
pi127		114	0	0	#1070
pi129		0	69	0	#1071
pi132		116	11	0	#1072
pi134		114	116	0	#1073
pi135		18	116	0	#1074
pi136		83	116	0	#1075
pi137		116	9	0	#1076
pi138		0	61	0	#1077
out_po015:new_n311_	0	12	0	#1078
out_po016:new_n346_	39	0	0	#1079
out_po017:new_n374_	106	0	0	#1080
out_po018:new_n384_	116	12	0	#1081
out_po019:new_n394_	16	0	0	#1082
out_po020:new_n407_	99	0	0	#1083
out_po021:new_n415_	109	0	0	#1084
out_po022:new_n423_	116	24	0	#1085
out_po023:new_n433_	45	0	0	#1086
out_po024:new_n443_	13	0	0	#1087
out_po025:new_n450_	21	0	0	#1088
out_po026:new_n459_	86	0	0	#1089
out_po027:new_n466_	20	0	0	#1090
out_po028:new_n474_	101	0	0	#1091
out_po029:new_n483_	0	4	0	#1092
out_po030:new_n507_	80	0	0	#1093
out_po031:new_n513_	18	0	0	#1094
out_po032:new_n525_	100	0	0	#1095
out_po033:new_n532_	0	8	0	#1096
out_po034:new_n538_	0	5	0	#1097
out_po035:new_n557_	82	0	0	#1098
out_po036:new_n567_	88	0	0	#1099
out_po037:new_n575_	72	0	0	#1100
out_po038:new_n578_	0	54	0	#1101
out_po039:new_n595_	94	0	0	#1102
out_po040:new_n639_	47	0	0	#1103
out_po041:new_n647_	58	0	0	#1104
out_po042:new_n660_	0	29	0	#1105
out_po043:new_n698_	52	0	0	#1106
out_po044:new_n728_	64	0	0	#1107
out_po045:new_n735_	116	53	0	#1108
out_po046:new_n742_	116	83	0	#1109
out_po047:new_n749_	116	63	0	#1110
out_po048:new_n756_	116	81	0	#1111
out_po049:new_n763_	116	82	0	#1112
out_po050:new_n770_	116	72	0	#1113
out_po051:new_n777_	116	75	0	#1114
out_po052:new_n784_	116	74	0	#1115
out_po053:new_n805_	97	0	0	#1116
out_po054:new_n813_	52	116	0	#1117
out_po055:new_n826_	0	30	0	#1118
out_po056:new_n839_	116	30	0	#1119
out_po057:new_n853_	91	0	0	#1120
out_po058:new_n865_	95	0	0	#1121
out_po059:new_n875_	116	46	0	#1122
out_po060:new_n891_	92	0	0	#1123
out_po061:new_n905_	116	54	0	#1124
out_po062:new_n919_	90	0	0	#1125
out_po063:new_n935_	116	31	0	#1126
out_po064:new_n947_	38	0	0	#1127
out_po065:new_n960_	98	0	0	#1128
out_po066:new_n964_	50	116	0	#1129
out_po067:new_n968_	116	48	0	#1130
out_po068:new_n978_	0	21	0	#1131
out_po069:new_n372_	108	0	0	#1132
out_po070:new_n982_	0	48	0	#1133
out_po071:new_n1002_	75	116	0	#1134
out_po072:new_n1019_	54	0	0	#1135
out_po073:new_n1025_	0	15	0	#1136
out_po074:new_n1046_	71	116	0	#1137
out_po075:new_n1050_	0	37	0	#1138
out_po076:new_n1053_	0	35	0	#1139
out_po077:new_n1062_	116	23	0	#1140
out_po078:new_n1066_	116	36	0	#1141
out_po079:new_n1070_	116	25	0	#1142
out_po080:new_n1074_	116	37	0	#1143
out_po081:new_n1080_	116	16	0	#1144
out_po082:new_n1084_	116	3	0	#1145
out_po083:new_n1088_	116	52	0	#1146
out_po084:new_n1092_	116	28	0	#1147
out_po085:new_n1096_	116	33	0	#1148
out_po086:new_n1100_	116	29	0	#1149
out_po087:new_n1104_	116	14	0	#1150
out_po088:new_n1108_	116	60	0	#1151
out_po089:new_n1112_	116	45	0	#1152
out_po090:new_n1116_	116	50	0	#1153
out_po091:new_n1120_	116	65	0	#1154
out_po092:new_n1124_	116	80	0	#1155
out_po093:new_n1130_	116	40	0	#1156
out_po094:new_n1134_	116	51	0	#1157
out_po095:new_n1138_	116	47	0	#1158
out_po096:new_n1142_	116	43	0	#1159
out_po097:new_n1146_	116	42	0	#1160
out_po098:new_n1165_	31	0	0	#1161
out_po099:new_n1169_	116	56	0	#1162
out_po100:new_n1174_	0	18	0	#1163
out_po101:new_n1178_	116	61	0	#1164
out_po102:new_n1182_	116	26	0	#1165
out_po103:new_n1188_	6	0	0	#1166
out_po104:new_n1192_	0	3	0	#1167
out_po105:new_n1196_	1	0	0	#1168
out_po106:new_n1200_	4	0	0	#1169
out_po107:new_n1204_	0	23	0	#1170
out_po108:new_n1208_	0	16	0	#1171
out_po109:new_n1215_	0	49	0	#1172
out_po110:new_n1222_	0	60	0	#1173
out_po111:new_n1226_	3	0	0	#1174
out_po112:new_n1230_	0	1	0	#1175
out_po113:new_n1234_	0	13	0	#1176
out_po114:new_n1238_	5	0	0	#1177
out_po115:new_n1242_	0	47	0	#1178
out_po116:new_n1260_	30	0	0	#1179
out_po117:new_n1275_	80	116	0	#1180
out_po118:new_n1290_	81	0	0	#1181
out_po119:new_n1305_	116	19	0	#1182
out_po120:new_n1323_	17	0	0	#1183
out_po121:new_n1327_	59	0	0	#1184
out_po122:new_n1345_	25	0	0	#1185
out_po123:new_n1363_	27	0	0	#1186
out_po124:new_n1367_	0	26	0	#1187
out_po125:new_n1370_	50	0	0	#1188
out_po126:new_n1375_	116	66	0	#1189
out_po127:new_n1379_	0	57	0	#1190
out_po128:new_n1384_	116	62	0	#1191
out_po129:pi129	0	70	0	#1192
out_po130:new_n1388_	0	51	0	#1193
out_po131:new_n1393_	0	46	0	#1194
out_po132:pi129	0	71	0	#1195
out_po133:new_n1399_	70	0	0	#1196
out_po134:new_n606_	102	116	0	#1197
out_po135:new_n1403_	0	62	0	#1198
out_po136:new_n1405_	76	0	0	#1199
out_po137:pi134	113	116	0	#1200
out_po138:pi135	19	116	0	#1201
out_po139:pi129	0	73	0	#1202
out_po140:new_n1411_	0	44	0	#1203
out_po141:new_n1413_	116	85	0	#1204
