Netlist file: ../../benchmarks/fpga/net_EPFL/int2float.net   Architecture file: arch/k4-n1.xml
Array size: 19 x 19 logic blocks

#block name	x	y	subblk	block number
#----------	--	--	------	------------
B1		0	4	0	#0
B10		20	6	0	#1
B2		19	20	0	#2
B3		11	0	0	#3
B4		6	0	0	#4
B5		1	20	0	#5
B6		18	0	0	#6
B7		0	6	0	#7
B8		20	13	0	#8
B9		4	20	0	#9
out_E0:new_n219_	0	14	0	#10
out_E1:new_n232_	0	12	0	#11
out_E2:new_n234_	20	3	0	#12
out_M0:new_n75_	20	8	0	#13
out_M1:new_n133_	0	10	0	#14
out_M2:new_n185_	2	0	0	#15
out_M3:new_n195_	20	4	0	#16
new_n100_	6	6	0	#17
new_n101_	8	6	0	#18
new_n102_	8	7	0	#19
out_new_n103_:B2	18	20	0	#20
out_new_n104_:new_n85_	17	20	0	#21
new_n105_	7	2	0	#22
new_n106_	8	2	0	#23
out_new_n107_:new_n106_	7	0	0	#24
new_n108_	9	8	0	#25
new_n109_	9	9	0	#26
out_new_n110_:new_n109_	9	20	0	#27
new_n111_	13	5	0	#28
new_n112_	13	7	0	#29
out_new_n113_:new_n112_	14	20	0	#30
new_n114_	1	11	0	#31
new_n115_	1	12	0	#32
out_new_n116_:new_n115_	0	13	0	#33
new_n117_	4	11	0	#34
new_n118_	9	2	0	#35
new_n119_	9	3	0	#36
out_new_n120_:new_n117_	5	20	0	#37
new_n121_	18	4	0	#38
new_n122_	18	5	0	#39
out_new_n123_:new_n122_	20	14	0	#40
new_n124_	19	2	0	#41
new_n125_	19	1	0	#42
out_new_n126_:new_n125_	19	0	0	#43
new_n127_	9	6	0	#44
new_n128_	9	7	0	#45
new_n129_	7	7	0	#46
new_n130_	5	7	0	#47
new_n131_	5	8	0	#48
new_n132_	3	8	0	#49
new_n133_	1	9	0	#50
out_new_n135_:new_n45_	0	18	0	#51
new_n136_	14	4	0	#52
new_n137_	13	4	0	#53
new_n138_	12	4	0	#54
out_new_n139_:new_n138_	12	20	0	#55
out_new_n140_:B6	20	7	0	#56
new_n141_	3	3	0	#57
new_n142_	7	3	0	#58
new_n143_	7	4	0	#59
new_n144_	9	4	0	#60
new_n145_	14	5	0	#61
out_new_n146_:new_n145_	20	5	0	#62
out_new_n147_:B5	0	19	0	#63
new_n148_	10	2	0	#64
new_n149_	10	3	0	#65
new_n150_	8	4	0	#66
new_n151_	4	5	0	#67
out_new_n152_:new_n151_	0	11	0	#68
new_n153_	19	7	0	#69
out_new_n154_:new_n153_	20	18	0	#70
new_n155_	15	1	0	#71
new_n156_	15	2	0	#72
new_n157_	15	3	0	#73
new_n158_	15	4	0	#74
new_n159_	18	12	0	#75
out_new_n160_:new_n159_	20	12	0	#76
new_n161_	2	15	0	#77
out_new_n162_:new_n161_	0	16	0	#78
new_n163_	1	6	0	#79
out_new_n164_:new_n163_	0	7	0	#80
new_n165_	3	5	0	#81
new_n166_	3	4	0	#82
new_n167_	5	4	0	#83
new_n168_	5	3	0	#84
new_n169_	5	2	0	#85
new_n170_	5	1	0	#86
out_new_n171_:new_n170_	5	0	0	#87
new_n172_	4	6	0	#88
new_n173_	6	7	0	#89
new_n174_	6	8	0	#90
new_n175_	6	9	0	#91
out_new_n176_:new_n175_	6	20	0	#92
new_n177_	17	3	0	#93
new_n178_	17	2	0	#94
new_n179_	18	1	0	#95
out_new_n180_:new_n179_	20	1	0	#96
new_n181_	6	5	0	#97
new_n182_	6	4	0	#98
new_n183_	6	3	0	#99
new_n184_	2	2	0	#100
new_n185_	2	1	0	#101
new_n187_	19	5	0	#102
out_new_n188_:new_n77_	0	5	0	#103
new_n189_	3	15	0	#104
out_new_n190_:new_n189_	0	17	0	#105
new_n191_	14	3	0	#106
new_n192_	16	2	0	#107
new_n193_	14	2	0	#108
out_new_n194_:new_n193_	15	0	0	#109
new_n195_	19	4	0	#110
new_n197_	19	8	0	#111
out_new_n198_:new_n197_	20	9	0	#112
new_n199_	4	4	0	#113
new_n19_	19	6	0	#114
new_n200_	16	11	0	#115
new_n201_	15	11	0	#116
out_new_n202_:new_n201_	15	20	0	#117
new_n203_	13	3	0	#118
out_new_n204_:new_n203_	13	20	0	#119
new_n205_	11	3	0	#120
out_new_n206_:new_n205_	11	20	0	#121
new_n207_	18	2	0	#122
out_new_n208_:new_n207_	20	2	0	#123
new_n209_	4	3	0	#124
out_new_n20_:new_n19_	20	15	0	#125
new_n210_	4	2	0	#126
new_n211_	3	2	0	#127
new_n212_	3	1	0	#128
out_new_n213_:new_n212_	3	0	0	#129
new_n214_	18	7	0	#130
out_new_n215_:new_n214_	20	10	0	#131
new_n216_	3	12	0	#132
new_n217_	2	11	0	#133
new_n218_	2	12	0	#134
new_n219_	1	13	0	#135
new_n21_	17	1	0	#136
out_new_n221_:new_n153_	20	17	0	#137
new_n222_	10	4	0	#138
new_n223_	9	5	0	#139
new_n224_	13	1	0	#140
new_n225_	14	1	0	#141
out_new_n226_:new_n225_	14	0	0	#142
out_new_n227_:new_n205_	10	20	0	#143
new_n228_	8	3	0	#144
new_n229_	12	3	0	#145
out_new_n22_:new_n21_	17	0	0	#146
new_n230_	13	2	0	#147
out_new_n231_:new_n230_	13	0	0	#148
new_n232_	5	5	0	#149
new_n234_	19	3	0	#150
new_n23_	1	2	0	#151
out_new_n24_:B4	4	0	0	#152
new_n25_	16	3	0	#153
new_n26_	16	1	0	#154
out_new_n27_:new_n26_	16	0	0	#155
new_n28_	2	4	0	#156
new_n29_	2	3	0	#157
new_n30_	1	3	0	#158
out_new_n31_:new_n30_	0	3	0	#159
new_n32_	17	4	0	#160
new_n33_	16	4	0	#161
out_new_n34_:new_n33_	16	20	0	#162
new_n35_	1	5	0	#163
out_new_n36_:B2	20	19	0	#164
new_n37_	7	5	0	#165
new_n38_	7	6	0	#166
new_n39_	7	8	0	#167
out_new_n40_:new_n39_	7	20	0	#168
new_n41_	6	1	0	#169
new_n42_	6	2	0	#170
new_n43_	4	1	0	#171
out_new_n44_:new_n43_	0	1	0	#172
new_n45_	1	15	0	#173
new_n46_	2	14	0	#174
new_n47_	2	13	0	#175
new_n48_	1	14	0	#176
out_new_n49_:new_n48_	0	15	0	#177
new_n50_	18	3	0	#178
new_n51_	7	1	0	#179
out_new_n52_:new_n35_	0	8	0	#180
new_n53_	8	1	0	#181
out_new_n54_:new_n53_	8	0	0	#182
out_new_n55_:B8	20	11	0	#183
new_n56_	18	11	0	#184
new_n57_	18	10	0	#185
new_n58_	17	11	0	#186
new_n59_	19	10	0	#187
new_n60_	19	11	0	#188
new_n61_	19	12	0	#189
new_n62_	19	13	0	#190
out_new_n63_:new_n62_	20	16	0	#191
new_n64_	12	2	0	#192
new_n65_	12	1	0	#193
out_new_n66_:new_n65_	12	0	0	#194
new_n67_	4	8	0	#195
new_n68_	8	5	0	#196
new_n69_	8	8	0	#197
out_new_n70_:new_n69_	8	20	0	#198
new_n71_	17	5	0	#199
new_n72_	15	5	0	#200
new_n73_	16	5	0	#201
new_n74_	16	6	0	#202
new_n75_	18	6	0	#203
new_n77_	1	4	0	#204
new_n78_	1	1	0	#205
out_new_n79_:new_n78_	1	0	0	#206
out_new_n80_:B9	3	20	0	#207
new_n81_	3	6	0	#208
new_n82_	2	5	0	#209
new_n83_	2	6	0	#210
out_new_n84_:new_n83_	0	9	0	#211
new_n85_	18	9	0	#212
new_n86_	10	1	0	#213
out_new_n87_:new_n23_	0	2	0	#214
new_n88_	9	1	0	#215
out_new_n89_:new_n88_	9	0	0	#216
new_n90_	10	5	0	#217
new_n91_	11	2	0	#218
new_n92_	11	1	0	#219
out_new_n93_:new_n92_	10	0	0	#220
new_n94_	5	9	0	#221
new_n95_	5	10	0	#222
new_n96_	3	10	0	#223
new_n97_	3	11	0	#224
new_n98_	11	4	0	#225
out_new_n99_:B9	2	20	0	#226
