
VPR FPGA Placement and Routing.
Version: Version 5.0.2
Compiled: Dec 11 2020.
Original VPR by V. Betz.
Timing-driven placement enhancements by A. Marquardt.
Single-drivers enhancements by Andy Ye with additions by.
Mark Fang, Jason Luu, Ted Campbell
Heterogeneous stucture support by Jason Luu and Ted Campbell.
This code is licensed only for non-commercial use.

Auto-sizing FPGA, try x = 56 y = 56
Auto-sizing FPGA, try x = 112 y = 112
Auto-sizing FPGA, try x = 224 y = 224
Auto-sizing FPGA, try x = 448 y = 448
Auto-sizing FPGA, try x = 224 y = 224
Auto-sizing FPGA, try x = 336 y = 336
Auto-sizing FPGA, try x = 392 y = 392
Auto-sizing FPGA, try x = 420 y = 420
Auto-sizing FPGA, try x = 406 y = 406
Auto-sizing FPGA, try x = 413 y = 413
Auto-sizing FPGA, try x = 416 y = 416
Auto-sizing FPGA, try x = 414 y = 414
Auto-sizing FPGA, try x = 413 y = 413
FPGA auto-sized to, x = 414 y = 414

Resource Usage:
Netlist      0	blocks of type <EMPTY>
Architecture 4	blocks of type <EMPTY>
Netlist      1655	blocks of type .io
Architecture 1656	blocks of type .io
Netlist      1462	blocks of type .clb
Architecture 171396	blocks of type .clb

Timing analysis: ON

Operation:  PLACE_AND_ROUTE

PlacerOpts.place_freq:  PLACE_ONCE
PlacerOpts.place_algorithm:  PATH_TIMING_DRIVEN_PLACE
PlacerOpts.place_cost_type:  LINEAR_CONG
PlacerOpts.pad_loc_type:  FREE
PlacerOpts.place_cost_exp:  1.000000
PlacerOpts.place_chan_width:  100
PlacerOpts.inner_loop_recompute_divider:  0
PlacerOpts.recompute_crit_iter:  1
PlacerOpts.timing_tradeoff:  0.500000
PlacerOpts.td_place_exp_first:  1.000000
PlacerOpts.td_place_exp_last:  8.000000
PlaceOpts.seed:  1
AnnealSched.type:  AUTO_SCHED
AnnealSched.inner_num:  1.000000

RouterOpts.route_type:  DETAILED
RouterOpts.router_algorithm:  TIMING_DRIVEN
RouterOpts.base_cost_type:  DELAY_NORMALIZED
RouterOpts.fixed_channel_width:  NO_FIXED_CHANNEL_WIDTH
RouterOpts.acc_fac:  1.000000
RouterOpts.bb_factor:  0
RouterOpts.bend_cost:  0.000000
RouterOpts.first_iter_pres_fac:  10000.000000
RouterOpts.initial_pres_fac:  10000.000000
RouterOpts.pres_fac_mult:  1.300000
RouterOpts.max_router_iterations:  10
RouterOpts.astar_fac:  1.200000
RouterOpts.criticality_exp:  1.000000
RouterOpts.max_criticality:  0.990000

RoutingArch.directionality:  UNI_DIRECTIONAL
RoutingArch.switch_block_type:  WILTON
RoutingArch.Fs:  3

The circuit will be mapped into a 414 x 414 array of clbs.

Netlist num_nets:  1718
Netlist num_blocks:  3117
Netlist inputs pins:  256
Netlist output pins:  1399

Computing delta_io_to_io lookup matrix, may take a few seconds, please wait...
Computing delta_io_to_fb lookup matrix, may take a few seconds, please wait...
Computing delta_fb_to_io lookup matrix, may take a few seconds, please wait...
Computing delta_fb_to_fb lookup matrix, may take a few seconds, please wait...

There are 2861 point to point connections in this circuit

Initial Placement Cost: 1.02503 bb_cost: 6276.65 td_cost: 6.09204e-06 delay_cost: 4.84706e-05

          T        Cost Av. BB Cost  Av. TD Cost   Av Tot Del  P to P Del        d_max   Ac Rate  Std Dev  R limit      Exp  Tot. Moves    Alpha
   --------  ---------- -----------  -----------    ---------  ----------        -----   -------  -------  -------  -------  ----------    -----
    0.21548    0.966228     6239.19  5.91283e-06   4.8294e-05 1.69418e-08   1.101e-06    0.9996   0.0119      414        1       45519      0.5
    0.10774    0.999974     6248.99  6.49701e-06  4.79642e-05 1.63943e-08   9.309e-07    0.9991   0.0107      414        1       91038      0.5
   0.053871    0.981633     6246.45  7.28518e-06  4.77327e-05 1.66667e-08   8.715e-07    0.9975   0.0164      414        1      136557      0.5
   0.026935     1.00011     6234.22  6.03149e-06  4.75911e-05 1.62638e-08   9.349e-07    0.9952   0.0131      414        1      182076      0.5
   0.013468    0.985366     6242.27  6.34552e-06  4.71845e-05 1.67886e-08   8.886e-07    0.9903   0.0125      414        1      227595      0.5
  0.0067338    0.984584     6186.71  7.73019e-06  4.68396e-05 1.64299e-08   7.923e-07    0.9808   0.0113      414        1      273114      0.5
  0.0033669    0.960708      6130.1  6.75683e-06  4.60006e-05 1.64194e-08   8.877e-07     0.962   0.0123      414        1      318633      0.5
  0.0016835    0.960489     5939.38  5.60575e-06  4.48215e-05 1.58872e-08   8.577e-07    0.9213   0.0107      414        1      364152      0.9
  0.0015151    0.970196     5889.97   6.4328e-06  4.46277e-05  1.5874e-08   7.317e-07    0.9109  0.00927      414        1      409671      0.9
  0.0013636    0.983764     5836.73  5.78681e-06  4.35373e-05 1.52846e-08    7.55e-07    0.9018  0.00745      414        1      455190      0.9
  0.0012272    0.981157     5815.86   6.1218e-06  4.36498e-05 1.52013e-08   7.379e-07    0.8871   0.0103      414        1      500709      0.9
  0.0011045    0.973094     5757.97  6.01552e-06  4.33143e-05 1.52975e-08   7.038e-07    0.8751     0.01      414        1      546228      0.9
 0.00099406    0.978506      5684.2  6.89439e-06   4.2866e-05 1.50619e-08   6.593e-07    0.8626   0.0119      414        1      591747      0.9
 0.00089466    0.968702     5624.28  6.71844e-06   4.2777e-05  1.5205e-08   6.406e-07    0.8463  0.00955      414        1      637266      0.9
 0.00080519    0.970245      5542.5  7.07787e-06  4.19748e-05 1.49649e-08   6.111e-07    0.8295   0.0115      414        1      682785      0.9
 0.00072467     0.95909     5448.67   6.3732e-06  4.13536e-05 1.48357e-08   6.651e-07     0.809  0.00847      414        1      728304      0.9
 0.00065221    0.969947     5372.98  7.36014e-06  4.09342e-05 1.44453e-08   5.818e-07    0.7831   0.0118      414        1      773823     0.95
  0.0006196    0.967645     5278.65  6.43178e-06  4.03387e-05 1.41479e-08   5.805e-07    0.7704  0.00929      414        1      819342     0.95
 0.00058862    0.971942     5256.05  6.57108e-06  4.01403e-05 1.42195e-08   5.033e-07    0.7554  0.00741      414        1      864861     0.95
 0.00055919    0.966631     5198.68  6.35579e-06   3.9712e-05 1.41766e-08   5.317e-07    0.7444    0.013      414        1      910380     0.95
 0.00053123    0.985223     5121.27  5.58587e-06  3.93019e-05 1.35817e-08    6.12e-07    0.7248  0.00842      414        1      955899     0.95
 0.00050466    0.964772        5063  6.29531e-06  3.88592e-05  1.3774e-08   5.488e-07    0.7196   0.0104      414        1     1001418     0.95
 0.00047943    0.954913     4998.29  5.82346e-06   3.8466e-05 1.37001e-08   5.463e-07    0.6981   0.0108      414        1     1046937     0.95
 0.00045546    0.960655     4878.38  6.78079e-06  3.78532e-05 1.34882e-08   4.365e-07    0.6759   0.0101      414        1     1092456     0.95
 0.00043269    0.975409      4855.6  6.70668e-06  3.76332e-05 1.32291e-08   4.711e-07    0.6685   0.0123      414        1     1137975     0.95
 0.00041105    0.968467     4759.89  6.22676e-06  3.71153e-05 1.30888e-08    4.76e-07    0.6459   0.0103      414        1     1183494     0.95
  0.0003905    0.957263      4694.4  6.88287e-06  3.67793e-05 1.31771e-08   4.861e-07    0.6288   0.0131      414        1     1229013     0.95
 0.00037097    0.968284     4564.97   5.8585e-06  3.60056e-05 1.26908e-08   4.208e-07     0.599   0.0128      414        1     1274532     0.95
 0.00035243    0.968068     4530.06  6.94776e-06  3.56298e-05 1.25977e-08   4.181e-07    0.5867   0.0116      414        1     1320051     0.95
  0.0003348    0.943447     4440.53  5.22569e-06  3.53058e-05 1.28143e-08   4.927e-07    0.5627   0.0171      414        1     1365570     0.95
 0.00031806    0.951003     4322.93  6.12767e-06  3.45016e-05 1.23595e-08   3.983e-07    0.5401   0.0136      414        1     1411089     0.95
 0.00030216    0.951325     4204.83  5.95375e-06  3.37963e-05  1.2142e-08   3.897e-07      0.51   0.0128      414        1     1456608     0.95
 0.00028705    0.956521     4062.41  5.43341e-06  3.28841e-05 1.16955e-08   3.793e-07    0.4817   0.0139      414        1     1502127     0.95
  0.0002727    0.956797     3888.85  6.62186e-06  3.20345e-05 1.14485e-08   3.596e-07     0.447   0.0135      414        1     1547646     0.95
 0.00025907    0.950228     3729.15  5.77885e-06  3.10532e-05  1.1173e-08   3.477e-07    0.4162   0.0123      414        1     1593165     0.95
 0.00024611    0.967968     3680.16  4.21157e-06  3.09258e-05 1.08379e-08   3.605e-07    0.4751     0.01    404.1    1.167     1638684     0.95
 0.00023381    0.943612     3514.58  6.08014e-06  2.97409e-05 1.07401e-08   2.989e-07    0.3665    0.017      414        1     1684203     0.95
 0.00022212    0.960925     3389.13  2.38912e-06  2.90282e-05 1.01362e-08   3.113e-07    0.4284   0.0143    383.6    1.516     1729722     0.95
 0.00021101    0.950264     3260.31  2.72769e-06   2.8341e-05 1.01623e-08   2.521e-07    0.4069   0.0166    379.1    1.591     1775241     0.95
 0.00020046    0.949903     3156.73  1.84735e-06  2.78627e-05 9.88096e-09    2.44e-07    0.3932   0.0223    366.5    1.804     1820760     0.95
 0.00019044    0.945261     2951.84  1.45605e-06  2.65919e-05 9.48178e-09   2.182e-07      0.37   0.0258    349.4    2.095     1866279     0.95
 0.00018092    0.959462     2826.75  1.15209e-06  2.59671e-05 9.14665e-09    1.95e-07    0.3615   0.0136    324.9     2.51     1911798     0.95
 0.00017187    0.960767     2763.49  8.08558e-07  2.55421e-05 9.01382e-09   1.901e-07    0.3666   0.0126    299.4    2.943     1957317     0.95
 0.00016328    0.969861     2727.93  7.00043e-07  2.52978e-05 8.88385e-09   1.842e-07    0.3718    0.012    277.4    3.315     2002836     0.95
 0.00015511    0.959709     2646.97  5.77092e-07  2.47936e-05 8.82508e-09   1.658e-07    0.3715    0.014    258.5    3.636     2048355     0.95
 0.00014736    0.964628     2543.36  5.63139e-07  2.41427e-05 8.53159e-09   1.589e-07    0.3578   0.0128    240.8    3.936     2093874     0.95
 0.00013999    0.962525     2445.07  4.08874e-07  2.37661e-05 8.43265e-09   1.557e-07    0.3746   0.0132      221    4.272     2139393     0.95
 0.00013299    0.961497     2336.36  3.59883e-07  2.31208e-05 8.28408e-09    1.55e-07    0.3643   0.0195    206.5    4.516     2184912     0.95
 0.00012634    0.971079     2197.96    2.813e-07  2.25997e-05 7.96936e-09   1.521e-07     0.369   0.0134    190.9    4.782     2230431     0.95
 0.00012002    0.963199     2046.04  3.03843e-07   2.1826e-05 7.83139e-09   1.477e-07    0.3494   0.0151    177.3    5.011     2275950     0.95
 0.00011402      0.9716      1939.3  2.44619e-07  2.13119e-05 7.57715e-09   1.462e-07    0.3526  0.00909    161.3    5.283     2321469     0.95
 0.00010832    0.966266     1873.87  2.61668e-07  2.08388e-05 7.44378e-09   1.424e-07    0.3571   0.0119    147.2    5.522     2366988     0.95
  0.0001029    0.960382     1752.07  2.27132e-07  2.02516e-05  7.2339e-09   1.416e-07     0.353   0.0175      135    5.729     2412507     0.95
 9.7759e-05    0.958708     1605.25  2.16179e-07  1.96825e-05 6.98771e-09    1.37e-07    0.3475   0.0167    123.2    5.928     2458026     0.95
 9.2871e-05     0.96087     1517.71  2.12965e-07  1.92807e-05 6.87518e-09   1.316e-07    0.3424   0.0137    111.8    6.121     2503545     0.95
 8.8228e-05    0.959786     1416.21  2.05232e-07  1.89911e-05  6.7169e-09   1.245e-07    0.3447   0.0177    100.9    6.306     2549064     0.95
 8.3816e-05    0.957857     1316.78  2.04891e-07  1.84216e-05 6.59729e-09   1.222e-07    0.3306   0.0179    91.31    6.469     2594583     0.95
 7.9626e-05    0.941049     1213.31  2.04692e-07  1.82011e-05 6.49205e-09     1.2e-07     0.332   0.0174    81.32    6.639     2640102     0.95
 7.5644e-05    0.955685     1142.98  1.92984e-07  1.75508e-05 6.37663e-09   1.188e-07    0.3349   0.0189    72.53    6.788     2685621     0.95
 7.1862e-05    0.929827     1044.32  1.77304e-07  1.70733e-05 6.11695e-09   1.181e-07    0.3284   0.0258    64.91    6.917     2731140     0.95
 6.8269e-05    0.962014     945.831  1.46206e-07  1.65778e-05 5.86187e-09   1.137e-07    0.3226   0.0174    57.67     7.04     2776659     0.95
 6.4856e-05    0.965247      873.47  1.58181e-07  1.62369e-05 5.76508e-09   1.082e-07     0.314   0.0163     50.9    7.154     2822178     0.95
 6.1613e-05    0.976911     811.207  1.38713e-07  1.60416e-05 5.62945e-09   1.071e-07    0.3138   0.0112    44.48    7.263     2867697     0.95
 5.8532e-05    0.965411     761.562  1.34758e-07  1.57367e-05 5.55747e-09   1.052e-07    0.3267   0.0149    38.87    7.358     2913216     0.95
 5.5605e-05    0.973512     720.603  1.41205e-07  1.55207e-05  5.4614e-09   1.002e-07    0.3271    0.014    34.46    7.433     2958735     0.95
 5.2825e-05    0.974369      677.35  1.48255e-07  1.53848e-05 5.43276e-09   9.753e-08    0.3241   0.0137    30.57    7.499     3004254     0.95
 5.0184e-05    0.981829      645.91  1.43379e-07  1.50884e-05 5.32811e-09   9.391e-08    0.3263  0.00928    27.03    7.559     3049773     0.95
 4.7675e-05     0.98047     614.082  1.47497e-07  1.48915e-05 5.22708e-09   9.278e-08    0.3392   0.0107    23.96    7.611     3095292     0.95
 4.5291e-05     0.98594     594.265  1.34673e-07   1.4785e-05   5.191e-09   9.154e-08    0.3453  0.00664    21.54    7.652     3140811     0.95
 4.3026e-05    0.983077     574.211  1.29455e-07  1.46605e-05 5.14261e-09    9.04e-08    0.3496  0.00787     19.5    7.686     3186330     0.95
 4.0875e-05    0.985909     560.945  1.24669e-07  1.45815e-05 5.13284e-09   8.967e-08    0.3558  0.00707    17.74    7.716     3231849     0.95
 3.8831e-05    0.986785     544.414  1.16722e-07  1.45097e-05 5.09352e-09   8.843e-08    0.3462  0.00584    16.24    7.742     3277368     0.95
  3.689e-05    0.984815     528.836  1.11241e-07  1.44063e-05 5.06867e-09    8.73e-08    0.3662  0.00773    14.72    7.767     3322887     0.95
 3.5045e-05    0.982959     512.355  1.18416e-07  1.43432e-05 5.03034e-09   8.585e-08    0.3579  0.00865    13.63    7.786     3368406     0.95
 3.3293e-05    0.990134     499.065  1.16237e-07  1.42886e-05 5.00842e-09    8.42e-08    0.3542  0.00501    12.51    7.805     3413925     0.95
 3.1628e-05    0.990321     490.571  1.14247e-07  1.42396e-05 4.98089e-09   8.337e-08    0.3609  0.00586    11.44    7.823     3459444     0.95
 3.0047e-05    0.988993     480.212  1.14528e-07  1.41729e-05  4.9701e-09   8.202e-08    0.3725  0.00627    10.54    7.838     3504963     0.95
 2.8545e-05    0.990919     468.819  1.20905e-07  1.40633e-05 4.92491e-09   8.078e-08    0.3762  0.00342    9.824     7.85     3550482     0.95
 2.7117e-05    0.992194     460.896  1.15297e-07  1.40142e-05 4.90794e-09   8.016e-08    0.3532  0.00279    9.198    7.861     3596001     0.95
 2.5762e-05    0.987501     450.722  1.14354e-07  1.39898e-05 4.90233e-09   7.985e-08    0.3612  0.00557      8.4    7.875     3641520     0.95
 2.4473e-05    0.990126     443.649  1.08474e-07  1.39741e-05 4.89144e-09   7.903e-08    0.3772  0.00466    7.738    7.886     3687039     0.95
  2.325e-05    0.994236     437.911  1.11564e-07  1.39501e-05 4.87743e-09   7.779e-08    0.3612  0.00397    7.252    7.894     3732558     0.95
 2.2087e-05    0.992696     430.532  1.10707e-07  1.39041e-05 4.86389e-09   7.665e-08    0.3827  0.00385    6.681    7.904     3778077     0.95
 2.0983e-05    0.993299     424.724  1.10954e-07  1.38724e-05 4.85641e-09   7.572e-08     0.359  0.00296    6.298     7.91     3823596     0.95
 1.9934e-05    0.995181     419.887  1.15978e-07  1.38275e-05 4.83859e-09   7.489e-08    0.3848  0.00227    5.787    7.919     3869115     0.95
 1.8937e-05    0.993514     414.392  1.13112e-07  1.37865e-05 4.82593e-09   7.458e-08    0.3687  0.00281    5.468    7.924     3914634     0.95
  1.799e-05    0.995127     410.786  1.16068e-07  1.37659e-05 4.81603e-09   7.396e-08    0.3557    0.002    5.078    7.931     3960153     0.95
 1.7091e-05    0.993199     407.319  1.17559e-07  1.37506e-05 4.81013e-09   7.313e-08    0.3906  0.00416     4.65    7.938     4005672     0.95
 1.6236e-05    0.993186     402.584  1.23809e-07  1.37412e-05  4.8034e-09   7.169e-08    0.3659  0.00333     4.42    7.942     4051191     0.95
 1.5424e-05    0.994019     399.021  1.19576e-07   1.3713e-05 4.80067e-09   7.127e-08    0.3542  0.00345    4.092    7.948     4096710     0.95
 1.4653e-05    0.995668     396.153  1.23901e-07  1.36961e-05 4.78865e-09   7.034e-08    0.4079  0.00154    3.742    7.954     4142229     0.95
 1.3921e-05    0.995369     394.038  1.21848e-07  1.36826e-05 4.78836e-09   6.972e-08    0.3922  0.00195    3.622    7.956     4187748     0.95
 1.3224e-05    0.996636     390.705   1.2737e-07  1.36704e-05 4.78344e-09    6.92e-08    0.3702  0.00181    3.449    7.958     4233267     0.95
 1.2563e-05    0.996397     387.198  1.28286e-07  1.36474e-05 4.77363e-09   6.879e-08    0.3495  0.00136    3.208    7.963     4278786     0.95
 1.1935e-05    0.997175      385.35   1.2901e-07  1.36297e-05 4.76771e-09   6.858e-08    0.4307  0.00189    2.917    7.968     4324305     0.95
 1.1338e-05    0.996464     383.428  1.28711e-07  1.36268e-05 4.76193e-09   6.807e-08    0.4133  0.00138     2.89    7.968     4369824     0.95
 1.0771e-05    0.997292     382.291  1.29346e-07  1.36182e-05 4.76391e-09   6.765e-08     0.393  0.00159    2.813    7.969     4415343     0.95
 1.0233e-05    0.996449     380.365  1.29072e-07  1.36023e-05 4.75636e-09   6.724e-08    0.3766   0.0015    2.681    7.972     4460862     0.95
 9.7212e-06    0.997738     378.261  1.31428e-07  1.35923e-05 4.75165e-09   6.683e-08    0.3572  0.00112    2.511    7.974     4506381     0.95
 9.2352e-06    0.995996      376.37  1.28976e-07  1.35756e-05 4.74882e-09   6.662e-08    0.3418  0.00193    2.303    7.978     4551900     0.95
 8.7734e-06    0.998176     374.786  1.34761e-07  1.35711e-05 4.74646e-09     6.6e-08    0.3226    0.001    2.077    7.982     4597419     0.95
 8.3347e-06     0.99954     374.279  1.33157e-07  1.35576e-05  4.7424e-09   6.579e-08    0.4016 0.000497    1.833    7.986     4642938     0.95
  7.918e-06     1.00008     376.024  1.35393e-07  1.35581e-05 4.73774e-09   6.559e-08    0.3948 0.000321    1.763    7.987     4688457     0.95
 7.5221e-06    0.999873     376.877   1.3831e-07  1.35634e-05 4.74228e-09   6.538e-08    0.3822  0.00032    1.683    7.988     4733976     0.95
  7.146e-06      1.0001     377.818   1.3577e-07  1.35672e-05 4.74129e-09   6.528e-08    0.3705 0.000176    1.586     7.99     4779495     0.95
 6.7887e-06     1.00055     379.019  1.37365e-07  1.35657e-05  4.7436e-09   6.517e-08    0.3584 0.000575    1.475    7.992     4825014     0.95
 6.4493e-06     0.99961     380.018  1.38419e-07  1.35667e-05 4.74356e-09   6.507e-08    0.3467 0.000168    1.355    7.994     4870533     0.95
 6.1268e-06     1.00021     380.655  1.37806e-07  1.35741e-05  4.7425e-09   6.497e-08    0.3386 0.000217    1.229    7.996     4916052     0.95
 5.8204e-06    0.999395     380.893  1.37304e-07  1.35772e-05 4.74668e-09   6.497e-08    0.3206 0.000246    1.104    7.998     4961571     0.95
 5.5294e-06    0.999902     381.174  1.38466e-07  1.35766e-05  4.7461e-09   6.486e-08    0.3135 0.000164        1        8     5007090     0.95
  5.253e-06    0.999792       381.4  1.37316e-07   1.3577e-05 4.74581e-09   6.486e-08    0.2982 0.000136        1        8     5052609     0.95
 4.9903e-06    0.999657     381.192  1.37246e-07  1.35704e-05 4.74521e-09   6.486e-08    0.2785 0.000305        1        8     5098128     0.95
 4.7408e-06     1.00028     381.408  1.38157e-07  1.35753e-05 4.74477e-09   6.476e-08    0.2773 0.000248        1        8     5143647     0.95
 4.5038e-06    0.999555     381.751  1.38752e-07  1.35793e-05 4.74731e-09   6.466e-08    0.2669 0.000532        1        8     5189166     0.95
 4.2786e-06    0.999492     381.604   1.3775e-07   1.3576e-05  4.7447e-09   6.455e-08    0.2486 0.000262        1        8     5234685     0.95
 4.0646e-06    0.999848     381.646  1.39903e-07  1.35782e-05 4.74566e-09   6.434e-08    0.2458  0.00011        1        8     5280204     0.95
 3.8614e-06    0.999724     381.757  1.41029e-07  1.35729e-05 4.74559e-09   6.424e-08    0.2468 0.000138        1        8     5325723     0.95
 3.6683e-06    0.999698     381.863  1.40329e-07  1.35662e-05 4.74386e-09   6.424e-08    0.2377 0.000125        1        8     5371242     0.95
 3.4849e-06    0.999916     381.896  1.39342e-07  1.35667e-05 4.74149e-09   6.424e-08    0.2345 6.51e-05        1        8     5416761     0.95
 3.3107e-06    0.999643      381.98  1.38987e-07   1.3568e-05 4.74198e-09   6.424e-08     0.228 0.000359        1        8     5462280     0.95
 3.1451e-06    0.999636     381.991  1.39074e-07  1.35682e-05 4.74413e-09   6.414e-08    0.2295 0.000332        1        8     5507799     0.95
 2.9879e-06           1     382.023  1.41179e-07  1.35683e-05  4.7427e-09   6.393e-08    0.2193        0        1        8     5553318     0.95
          0    0.999871     381.987  1.41156e-07  1.35536e-05 4.74236e-09   6.393e-08   0.02008 0.000168        1        8     5598837  

BB estimate of min-dist (placement) wirelength is ;31513
bb_cost recomputed from scratch is 381.833.
timing_cost recomputed from scratch is 1.41146e-07. 
delay_cost recomputed from scratch is 1.35483e-05. 

Completed placement consistency check successfully.

Placement Estimated Crit Path Delay: 6.39313e-08

Placement. Cost: 0.999633  bb_cost: 381.833  td_cost: 1.41146e-07  delay_cost: 1.35483e-05.
low, high, current -1 -1 6
Confirming Router Algorithm: TIMING_DRIVEN.
Empty heap occurred in get_heap_head.
Some blocks are impossible to connect in this architecture.
Routing failed.
low, high, current 6 -1 12
Confirming Router Algorithm: TIMING_DRIVEN.
T_crit: 6.4546e-08.
T_crit: 6.4546e-08.
Successfully routed after 3 routing iterations.
Completed net delay value cross check successfully.
low, high, current 6 12 10
Warning (check_all_tracks_reach_pins):  track 8 does not 
	connect to any FB IPINs.
Warning (check_all_tracks_reach_pins):  track 9 does not 
	connect to any FB IPINs.
Warning (check_all_tracks_reach_pins):  track 8 does not 
	connect to any FB IPINs.
Warning (check_all_tracks_reach_pins):  track 9 does not 
	connect to any FB IPINs.
Confirming Router Algorithm: TIMING_DRIVEN.
Empty heap occurred in get_heap_head.
Some blocks are impossible to connect in this architecture.
Routing failed.

Checking to ensure routing is legal ...
Completed routing consistency check successfully.

Serial number (magic cookie) for the routing is: 1192994829
Best routing used a channel width factor of 12.


Average number of bends per net: 1.82538  Maximum # of bends: 537


The number of routed nets (nonglobal): 1718
Wirelength results (all in units of 1 clb segments):
	Total wirelength: 34868   Average net length: 20.2957
	Maximum net length: 5621

Wirelength results in terms of physical segments:
	Total wiring segments used: 17879   Av. wire segments per net: 10.4069
	Maximum segments used by a net: 2856


X - Directed channels:

j	max occ	av_occ		capacity
0	7	3.23188  	12
1	5	1.70048  	12
2	4	1.26329  	12
3	3	0.159420 	12
4	1	0.00966184	12
5	1	0.00966184	12
6	2	0.0169082	12
7	2	0.0120773	12
8	1	0.00241546	12
9	2	0.00483092	12
10	2	0.00724638	12
11	2	0.326087 	12
12	1	0.00241546	12
13	2	0.00966184	12
14	0	0.00000  	12
15	3	0.0289855	12
16	2	0.0169082	12
17	2	0.0120773	12
18	1	0.00724638	12
19	1	0.0169082	12
20	1	0.00483092	12
21	1	0.00483092	12
22	1	0.00483092	12
23	0	0.00000  	12
24	1	0.00724638	12
25	1	0.297101 	12
26	2	0.0120773	12
27	2	0.0120773	12
28	2	0.0144928	12
29	3	0.0169082	12
30	2	0.00724638	12
31	2	0.0193237	12
32	1	0.00241546	12
33	3	0.466184 	12
34	1	0.0652174	12
35	2	0.0120773	12
36	1	0.00241546	12
37	1	0.00724638	12
38	2	0.0169082	12
39	2	0.0169082	12
40	2	0.0120773	12
41	2	0.00966184	12
42	3	0.00966184	12
43	2	0.00966184	12
44	4	0.0338164	12
45	1	0.0120773	12
46	1	0.0144928	12
47	2	0.0314010	12
48	2	0.0193237	12
49	4	0.0241546	12
50	1	0.00966184	12
51	1	0.00241546	12
52	2	0.00724638	12
53	2	0.00483092	12
54	1	0.00241546	12
55	1	0.00483092	12
56	1	0.00966184	12
57	1	0.297101 	12
58	2	0.0386473	12
59	3	0.106280 	12
60	1	0.00483092	12
61	2	0.00966184	12
62	2	0.00724638	12
63	1	0.00724638	12
64	2	0.0120773	12
65	3	0.0241546	12
66	2	0.0169082	12
67	2	0.0120773	12
68	2	0.0458937	12
69	2	0.0144928	12
70	3	0.0338164	12
71	1	0.00724638	12
72	1	0.00483092	12
73	1	0.00483092	12
74	1	0.0289855	12
75	2	0.00724638	12
76	1	0.00241546	12
77	2	0.0120773	12
78	3	0.439614 	12
79	2	0.0434783	12
80	2	0.0265700	12
81	2	0.0169082	12
82	2	0.0120773	12
83	2	0.00724638	12
84	1	0.00483092	12
85	2	0.0120773	12
86	1	0.00241546	12
87	1	0.00483092	12
88	0	0.00000  	12
89	1	0.00483092	12
90	4	0.0217391	12
91	2	0.0120773	12
92	1	0.0410628	12
93	1	0.00966184	12
94	1	0.00241546	12
95	2	0.00483092	12
96	2	0.00966184	12
97	2	0.0120773	12
98	1	0.00483092	12
99	2	0.00966184	12
100	2	0.00966184	12
101	3	0.0217391	12
102	1	0.00724638	12
103	3	0.0241546	12
104	2	0.149758 	12
105	2	0.0265700	12
106	2	0.0217391	12
107	2	0.323671 	12
108	1	0.00966184	12
109	1	0.00483092	12
110	1	0.0169082	12
111	2	0.00966184	12
112	1	0.00724638	12
113	1	0.0120773	12
114	1	0.00483092	12
115	3	1.19807  	12
116	1	0.0217391	12
117	0	0.00000  	12
118	3	0.0169082	12
119	3	0.0241546	12
120	3	0.0193237	12
121	2	0.0193237	12
122	3	0.323671 	12
123	2	0.0700483	12
124	2	0.0169082	12
125	3	0.0169082	12
126	3	0.0265700	12
127	3	0.0338164	12
128	1	0.0144928	12
129	4	0.0386473	12
130	2	0.0193237	12
131	3	0.0289855	12
132	1	0.00241546	12
133	2	0.0289855	12
134	2	0.0144928	12
135	1	0.00483092	12
136	3	0.0289855	12
137	2	0.0169082	12
138	3	0.0193237	12
139	1	0.00241546	12
140	2	0.00724638	12
141	1	0.00483092	12
142	3	0.0942029	12
143	2	0.0265700	12
144	3	0.0314010	12
145	2	0.0120773	12
146	2	0.0845411	12
147	2	0.0144928	12
148	2	0.306763 	12
149	1	0.0120773	12
150	3	0.0193237	12
151	2	0.00483092	12
152	3	0.00966184	12
153	1	0.157005 	12
154	3	0.178744 	12
155	2	0.113527 	12
156	4	0.0652174	12
157	3	0.0386473	12
158	3	0.0120773	12
159	2	0.0120773	12
160	2	0.0217391	12
161	2	0.0531401	12
162	1	0.0144928	12
163	1	0.00966184	12
164	3	0.888889 	12
165	2	0.0434783	12
166	2	0.0942029	12
167	1	0.917874 	12
168	3	0.161836 	12
169	1	0.00241546	12
170	1	0.0193237	12
171	2	0.0169082	12
172	1	0.00724638	12
173	1	0.00966184	12
174	1	0.00483092	12
175	1	0.00724638	12
176	2	0.0120773	12
177	2	0.0144928	12
178	2	0.0193237	12
179	3	0.0241546	12
180	3	0.0386473	12
181	3	0.388889 	12
182	2	0.652174 	12
183	2	0.0289855	12
184	3	0.0241546	12
185	1	0.0217391	12
186	2	0.0217391	12
187	2	0.0289855	12
188	2	0.0169082	12
189	2	0.0265700	12
190	2	0.0217391	12
191	2	0.0241546	12
192	2	0.0217391	12
193	2	0.0241546	12
194	2	0.0193237	12
195	1	0.0241546	12
196	1	0.0289855	12
197	1	0.0144928	12
198	1	0.0144928	12
199	2	0.106280 	12
200	3	0.0386473	12
201	2	0.845411 	12
202	2	0.0314010	12
203	3	0.0386473	12
204	2	0.173913 	12
205	4	0.0362319	12
206	3	0.0217391	12
207	2	0.0193237	12
208	1	0.0144928	12
209	3	1.01932  	12
210	2	0.178744 	12
211	1	0.0217391	12
212	2	0.0144928	12
213	2	0.0265700	12
214	1	0.0169082	12
215	1	0.00966184	12
216	2	0.0193237	12
217	2	0.0193237	12
218	2	0.0193237	12
219	3	1.01932  	12
220	2	0.154589 	12
221	2	0.0217391	12
222	3	0.0217391	12
223	3	0.0144928	12
224	2	0.00724638	12
225	2	0.0169082	12
226	1	0.00966184	12
227	2	0.0193237	12
228	1	0.00724638	12
229	2	0.0338164	12
230	2	0.0265700	12
231	2	1.01932  	12
232	2	0.0193237	12
233	1	0.0120773	12
234	1	0.00483092	12
235	2	0.0169082	12
236	2	0.0169082	12
237	2	0.0169082	12
238	2	0.00724638	12
239	1	0.00241546	12
240	0	0.00000  	12
241	2	0.00724638	12
242	2	0.0120773	12
243	2	0.0120773	12
244	2	0.0603865	12
245	3	0.0241546	12
246	3	0.0120773	12
247	2	0.118357 	12
248	1	0.00483092	12
249	1	0.00966184	12
250	1	0.00483092	12
251	1	0.0531401	12
252	2	0.00483092	12
253	0	0.00000  	12
254	0	0.00000  	12
255	1	0.00241546	12
256	1	0.00483092	12
257	1	0.00724638	12
258	2	0.0169082	12
259	1	0.0120773	12
260	4	0.0579710	12
261	2	0.00724638	12
262	2	0.00724638	12
263	2	0.0217391	12
264	2	0.0169082	12
265	2	0.00966184	12
266	1	0.00966184	12
267	3	0.120773 	12
268	3	0.0193237	12
269	2	0.0434783	12
270	3	0.0241546	12
271	1	0.258454 	12
272	3	0.0144928	12
273	1	0.00724638	12
274	2	0.00724638	12
275	1	0.00241546	12
276	1	0.0483092	12
277	2	0.00966184	12
278	1	0.00966184	12
279	3	0.0241546	12
280	2	0.0193237	12
281	2	0.321256 	12
282	2	0.0700483	12
283	2	0.294686 	12
284	3	0.0241546	12
285	2	0.118357 	12
286	2	0.0458937	12
287	2	0.0821256	12
288	0	0.00000  	12
289	2	0.00966184	12
290	3	0.0362319	12
291	2	1.00725  	12
292	1	0.0724638	12
293	2	0.0386473	12
294	2	0.00483092	12
295	1	0.00483092	12
296	2	0.00724638	12
297	1	0.00483092	12
298	3	0.00724638	12
299	0	0.00000  	12
300	2	0.00966184	12
301	3	0.113527 	12
302	2	0.0579710	12
303	2	0.0120773	12
304	1	0.00241546	12
305	2	0.0169082	12
306	2	0.00966184	12
307	4	0.0193237	12
308	1	0.0483092	12
309	2	0.00724638	12
310	2	0.0144928	12
311	1	0.00724638	12
312	2	0.0120773	12
313	2	0.00724638	12
314	1	0.00724638	12
315	1	0.0579710	12
316	0	0.00000  	12
317	2	0.00724638	12
318	3	0.0144928	12
319	1	0.00724638	12
320	1	0.0555556	12
321	2	0.00966184	12
322	3	0.0603865	12
323	2	0.318841 	12
324	3	0.103865 	12
325	2	0.00724638	12
326	1	0.00241546	12
327	1	0.00724638	12
328	1	0.00241546	12
329	1	0.00241546	12
330	3	0.0144928	12
331	1	0.00966184	12
332	2	0.00483092	12
333	1	0.00241546	12
334	2	0.0120773	12
335	2	0.118357 	12
336	2	0.00724638	12
337	1	0.0120773	12
338	1	0.00241546	12
339	2	0.00966184	12
340	2	0.0579710	12
341	4	0.0289855	12
342	1	0.00241546	12
343	2	0.0507246	12
344	3	0.0120773	12
345	1	0.00724638	12
346	0	0.00000  	12
347	0	0.00000  	12
348	1	0.00483092	12
349	1	0.00724638	12
350	1	0.169082 	12
351	0	0.00000  	12
352	1	0.00241546	12
353	3	0.0603865	12
354	2	0.00966184	12
355	1	0.00241546	12
356	1	0.00483092	12
357	2	0.0144928	12
358	3	0.0193237	12
359	3	0.115942 	12
360	3	0.0169082	12
361	2	0.00724638	12
362	2	0.00724638	12
363	3	0.318841 	12
364	1	0.00241546	12
365	1	0.00241546	12
366	1	0.0434783	12
367	2	0.217391 	12
368	3	0.0241546	12
369	2	0.159420 	12
370	3	0.0193237	12
371	2	0.0144928	12
372	0	0.00000  	12
373	2	0.210145 	12
374	2	0.0120773	12
375	1	0.00724638	12
376	1	0.00483092	12
377	1	0.188406 	12
378	2	0.0144928	12
379	2	0.152174 	12
380	2	0.0241546	12
381	3	0.140097 	12
382	2	0.205314 	12
383	2	0.214976 	12
384	2	0.0362319	12
385	2	0.0265700	12
386	2	0.0434783	12
387	2	0.185990 	12
388	1	0.0169082	12
389	2	0.347826 	12
390	2	0.0845411	12
391	2	0.217391 	12
392	2	0.0338164	12
393	2	0.0772947	12
394	1	0.0386473	12
395	3	0.391304 	12
396	4	0.159420 	12
397	3	0.466184 	12
398	3	0.111111 	12
399	3	0.169082 	12
400	3	0.161836 	12
401	3	0.202899 	12
402	3	0.125604 	12
403	3	0.178744 	12
404	2	0.0483092	12
405	2	0.285024 	12
406	3	0.0241546	12
407	2	0.154589 	12
408	1	0.0265700	12
409	2	0.0289855	12
410	1	0.0120773	12
411	1	0.0917874	12
412	2	0.231884 	12
413	3	0.574879 	12
414	5	2.02174  	12

Y - Directed channels:

i	max occ	av_occ		capacity
0	8	2.71256  	12
1	5	1.60870  	12
2	3	0.570048 	12
3	1	0.106280 	12
4	3	0.111111 	12
5	2	0.227053 	12
6	1	0.00966184	12
7	0	0.00000  	12
8	1	0.0144928	12
9	1	0.0579710	12
10	2	0.0579710	12
11	1	0.00483092	12
12	2	0.0579710	12
13	2	0.330918 	12
14	1	0.0434783	12
15	1	0.00483092	12
16	1	0.00724638	12
17	0	0.00000  	12
18	1	0.00483092	12
19	2	0.241546 	12
20	1	0.188406 	12
21	1	0.280193 	12
22	1	0.00241546	12
23	2	0.0628019	12
24	2	0.0797101	12
25	1	0.0772947	12
26	1	0.0120773	12
27	3	0.0845411	12
28	2	0.0120773	12
29	1	0.0483092	12
30	1	0.00483092	12
31	2	0.0676328	12
32	1	0.0193237	12
33	1	0.0265700	12
34	1	0.00241546	12
35	1	0.0434783	12
36	1	0.0410628	12
37	1	0.0144928	12
38	1	0.0652174	12
39	1	0.0144928	12
40	1	0.00966184	12
41	2	0.458937 	12
42	1	0.0507246	12
43	0	0.00000  	12
44	0	0.00000  	12
45	2	0.0821256	12
46	0	0.00000  	12
47	2	0.0314010	12
48	2	0.227053 	12
49	1	0.0314010	12
50	2	0.0120773	12
51	3	0.169082 	12
52	1	0.00483092	12
53	1	0.00724638	12
54	0	0.00000  	12
55	2	0.106280 	12
56	1	0.0410628	12
57	2	0.0507246	12
58	1	0.00724638	12
59	1	0.0241546	12
60	2	0.0265700	12
61	1	0.0241546	12
62	0	0.00000  	12
63	1	0.00724638	12
64	0	0.00000  	12
65	0	0.00000  	12
66	3	0.555556 	12
67	1	0.0652174	12
68	2	0.135266 	12
69	2	0.0410628	12
70	3	0.555556 	12
71	3	0.103865 	12
72	1	0.0458937	12
73	1	0.0338164	12
74	1	0.0169082	12
75	1	0.0434783	12
76	2	0.0724638	12
77	1	0.504831 	12
78	0	0.00000  	12
79	1	0.0700483	12
80	1	0.00483092	12
81	1	0.0652174	12
82	2	0.0314010	12
83	1	0.0555556	12
84	1	0.00483092	12
85	1	0.00966184	12
86	2	0.0603865	12
87	0	0.00000  	12
88	1	0.00241546	12
89	2	1.01691  	12
90	1	0.00724638	12
91	1	0.0821256	12
92	1	0.0555556	12
93	1	0.0289855	12
94	2	0.0362319	12
95	2	0.135266 	12
96	1	0.0362319	12
97	2	0.0628019	12
98	2	0.0797101	12
99	3	0.111111 	12
100	2	0.0652174	12
101	1	0.0144928	12
102	2	0.00724638	12
103	1	0.0458937	12
104	1	0.00483092	12
105	1	0.0241546	12
106	1	0.00483092	12
107	2	0.123188 	12
108	2	0.101449 	12
109	2	0.0772947	12
110	1	0.449275 	12
111	1	0.997585 	12
112	3	0.0603865	12
113	1	0.0289855	12
114	1	0.0120773	12
115	2	0.0676328	12
116	2	0.00724638	12
117	1	0.0193237	12
118	2	0.00966184	12
119	2	0.0652174	12
120	1	0.00483092	12
121	2	1.02657  	12
122	2	0.0241546	12
123	1	0.471014 	12
124	1	0.0314010	12
125	1	0.0869565	12
126	2	1.01208  	12
127	2	0.0386473	12
128	3	0.367150 	12
129	1	0.198068 	12
130	2	0.0869565	12
131	1	0.0386473	12
132	1	0.0289855	12
133	2	0.0748792	12
134	1	0.0386473	12
135	1	0.00724638	12
136	1	0.0144928	12
137	1	0.0942029	12
138	1	0.00241546	12
139	1	0.00483092	12
140	0	0.00000  	12
141	0	0.00000  	12
142	2	0.0555556	12
143	1	0.00483092	12
144	2	0.0531401	12
145	1	0.0869565	12
146	1	0.0628019	12
147	2	0.0458937	12
148	2	0.0893720	12
149	1	0.0169082	12
150	1	0.00241546	12
151	1	0.00966184	12
152	0	0.00000  	12
153	0	0.00000  	12
154	1	0.00724638	12
155	1	0.0434783	12
156	1	0.0458937	12
157	2	0.0241546	12
158	1	0.0169082	12
159	2	0.0193237	12
160	2	0.0869565	12
161	2	0.0748792	12
162	3	0.154589 	12
163	2	0.0531401	12
164	1	0.480676 	12
165	2	0.0386473	12
166	2	0.0265700	12
167	2	0.0652174	12
168	3	1.06763  	12
169	1	0.00483092	12
170	1	0.0338164	12
171	3	0.202899 	12
172	1	0.0410628	12
173	1	0.0193237	12
174	1	0.0410628	12
175	0	0.00000  	12
176	2	0.00724638	12
177	2	0.00966184	12
178	1	0.0628019	12
179	3	0.00966184	12
180	1	0.103865 	12
181	3	0.115942 	12
182	2	0.318841 	12
183	2	0.157005 	12
184	1	0.0217391	12
185	1	0.00241546	12
186	2	0.0483092	12
187	3	0.608696 	12
188	1	0.0531401	12
189	1	0.00241546	12
190	2	0.0217391	12
191	2	0.0289855	12
192	1	0.0797101	12
193	2	0.130435 	12
194	2	0.434783 	12
195	3	0.0652174	12
196	1	0.0676328	12
197	1	0.128019 	12
198	3	0.0797101	12
199	1	0.0193237	12
200	2	0.524155 	12
201	1	0.00966184	12
202	2	0.0772947	12
203	1	0.0144928	12
204	1	0.00966184	12
205	1	0.0362319	12
206	2	0.00966184	12
207	3	0.0724638	12
208	1	0.00966184	12
209	3	0.149758 	12
210	1	0.0410628	12
211	2	0.497585 	12
212	1	0.0362319	12
213	2	0.0434783	12
214	3	0.0241546	12
215	1	0.00966184	12
216	3	0.0120773	12
217	1	0.128019 	12
218	2	1.14734  	12
219	2	0.362319 	12
220	1	0.0217391	12
221	2	1.08454  	12
222	1	0.0144928	12
223	1	0.00483092	12
224	2	0.101449 	12
225	0	0.00000  	12
226	1	0.00241546	12
227	1	0.0772947	12
228	1	0.00966184	12
229	2	0.739130 	12
230	3	0.403382 	12
231	1	0.0458937	12
232	1	0.0265700	12
233	2	0.0483092	12
234	2	0.00483092	12
235	1	0.0434783	12
236	2	1.04348  	12
237	1	0.0144928	12
238	2	0.0700483	12
239	1	0.00966184	12
240	3	0.0217391	12
241	2	0.0507246	12
242	1	0.00724638	12
243	2	0.0458937	12
244	1	0.0458937	12
245	1	0.00483092	12
246	2	0.113527 	12
247	2	0.0434783	12
248	3	0.490338 	12
249	1	0.00483092	12
250	1	0.00724638	12
251	1	0.00483092	12
252	1	0.00483092	12
253	1	0.00241546	12
254	1	0.00483092	12
255	0	0.00000  	12
256	2	0.490338 	12
257	1	0.00483092	12
258	1	0.00241546	12
259	1	0.00483092	12
260	0	0.00000  	12
261	0	0.00000  	12
262	1	0.0676328	12
263	1	0.0362319	12
264	1	0.557971 	12
265	2	0.0821256	12
266	1	0.00483092	12
267	2	0.0265700	12
268	2	0.0458937	12
269	1	0.00483092	12
270	0	0.00000  	12
271	1	0.00724638	12
272	0	0.00000  	12
273	0	0.00000  	12
274	1	0.00483092	12
275	0	0.00000  	12
276	2	0.328502 	12
277	1	0.00241546	12
278	2	0.0169082	12
279	0	0.00000  	12
280	1	0.00241546	12
281	0	0.00000  	12
282	1	0.00483092	12
283	1	0.00966184	12
284	1	0.0483092	12
285	2	0.0579710	12
286	3	0.171498 	12
287	1	0.00241546	12
288	0	0.00000  	12
289	0	0.00000  	12
290	2	0.480676 	12
291	1	0.734300 	12
292	1	0.00241546	12
293	2	0.0628019	12
294	1	0.00724638	12
295	2	0.0942029	12
296	2	0.0628019	12
297	2	0.0120773	12
298	1	0.0144928	12
299	1	0.00483092	12
300	0	0.00000  	12
301	1	0.00483092	12
302	0	0.00000  	12
303	0	0.00000  	12
304	1	0.00483092	12
305	2	0.454106 	12
306	2	0.0966184	12
307	2	0.0966184	12
308	2	0.0772947	12
309	1	0.00241546	12
310	2	0.0555556	12
311	2	0.0724638	12
312	2	0.0410628	12
313	1	0.0410628	12
314	2	0.0410628	12
315	1	0.0217391	12
316	1	0.0893720	12
317	2	0.990338 	12
318	2	0.0434783	12
319	1	0.0217391	12
320	1	0.0144928	12
321	1	0.0458937	12
322	2	0.0483092	12
323	2	0.0362319	12
324	1	0.0531401	12
325	1	0.00483092	12
326	1	0.00241546	12
327	0	0.00000  	12
328	0	0.00000  	12
329	2	0.135266 	12
330	3	0.0410628	12
331	0	0.00000  	12
332	2	0.500000 	12
333	1	0.00483092	12
334	1	0.0458937	12
335	2	0.0410628	12
336	1	0.00241546	12
337	1	0.0821256	12
338	2	0.00724638	12
339	0	0.00000  	12
340	1	0.526570 	12
341	1	0.00241546	12
342	2	0.0410628	12
343	1	0.0144928	12
344	1	0.0797101	12
345	1	0.0289855	12
346	0	0.00000  	12
347	2	0.00483092	12
348	1	0.00483092	12
349	1	0.00724638	12
350	2	0.0579710	12
351	1	0.0144928	12
352	1	0.00483092	12
353	2	0.0144928	12
354	1	0.0652174	12
355	2	0.0338164	12
356	2	0.108696 	12
357	2	0.0748792	12
358	2	0.0217391	12
359	0	0.00000  	12
360	0	0.00000  	12
361	0	0.00000  	12
362	2	0.0120773	12
363	1	0.00483092	12
364	1	0.471014 	12
365	1	0.323671 	12
366	2	0.0434783	12
367	1	0.00241546	12
368	1	0.0410628	12
369	2	0.536232 	12
370	1	0.00483092	12
371	1	0.00241546	12
372	1	0.00483092	12
373	0	0.00000  	12
374	0	0.00000  	12
375	1	0.00483092	12
376	1	0.00241546	12
377	0	0.00000  	12
378	1	0.0338164	12
379	2	0.00966184	12
380	2	0.0555556	12
381	1	0.00483092	12
382	1	0.0314010	12
383	0	0.00000  	12
384	1	0.00724638	12
385	1	0.0265700	12
386	1	0.0265700	12
387	1	0.00724638	12
388	0	0.00000  	12
389	1	0.00483092	12
390	0	0.00000  	12
391	1	0.00241546	12
392	1	0.00241546	12
393	1	0.0338164	12
394	2	0.475845 	12
395	2	0.497585 	12
396	1	0.0458937	12
397	2	0.0120773	12
398	0	0.00000  	12
399	0	0.00000  	12
400	0	0.00000  	12
401	1	0.0169082	12
402	0	0.00000  	12
403	0	0.00000  	12
404	1	0.00483092	12
405	1	0.0241546	12
406	0	0.00000  	12
407	1	0.297101 	12
408	0	0.00000  	12
409	0	0.00000  	12
410	1	0.00966184	12
411	2	0.497585 	12
412	4	0.685990 	12
413	6	1.62319  	12
414	7	2.65942  	12

Total Tracks in X-direction: 4980  in Y-direction: 4980

Logic Area (in minimum width transistor areas):
Total Logic Area: 5.14188e+09  Per 1x1 logic tile: 30000

Routing area (in minimum width transistor areas):
Total Routing Area: 2.63827e+08  Per logic tile: 1539.28

Segment usage by type (index):
Segment type       Fractional utilization
------------       ----------------------
       0                  0.00865

Segment usage by length:
Segment length       Fractional utilization
--------------       ----------------------
        2                   0.00865

Critical Path: 6.4546e-08 (s)

Time elapsed (PLACE&ROUTE): 157336.490000 ms


Time elapsed (Fernando): 157336.508000 ms

