Netlist file: ../../benchmarks/fpga/net_EPFL/max.net   Architecture file: arch/k4-n1.xml
Array size: 414 x 414 logic blocks

#block name	x	y	subblk	block number
#----------	--	--	------	------------
out_address0:new_n3502_	336	415	0	#0
address1	188	220	0	#1
in10		218	0	0	#2
in11		172	0	0	#3
in110		0	51	0	#4
in1100		0	213	0	#5
in1101		415	254	0	#6
in1102		129	415	0	#7
in1103		415	367	0	#8
in1104		415	100	0	#9
in1105		23	415	0	#10
in1106		0	116	0	#11
in1107		415	324	0	#12
in1108		415	264	0	#13
in1109		0	369	0	#14
in111		252	415	0	#15
in1110		415	220	0	#16
in1111		415	26	0	#17
in1112		0	339	0	#18
in1113		415	345	0	#19
in1114		0	31	0	#20
in1115		415	394	0	#21
in1116		224	0	0	#22
in1117		400	415	0	#23
in1118		415	144	0	#24
in1119		415	40	0	#25
in112		275	415	0	#26
in1120		0	309	0	#27
in1121		0	99	0	#28
in1122		326	415	0	#29
in1123		0	170	0	#30
in1124		152	0	0	#31
in1125		232	415	0	#32
in1126		415	9	0	#33
in1127		201	415	0	#34
in113		0	83	0	#35
in114		316	0	0	#36
in115		328	0	0	#37
in116		415	127	0	#38
in117		415	225	0	#39
in118		294	0	0	#40
in119		0	228	0	#41
in12		415	52	0	#42
in120		415	179	0	#43
in121		216	415	0	#44
in122		0	141	0	#45
in123		415	159	0	#46
in124		415	413	0	#47
in125		175	0	0	#48
in126		226	0	0	#49
in127		363	415	0	#50
in128		415	397	0	#51
in129		0	405	0	#52
in13		290	415	0	#53
in130		0	198	0	#54
in131		206	415	0	#55
in132		415	295	0	#56
in133		248	0	0	#57
in134		6	415	0	#58
in135		0	11	0	#59
in136		206	0	0	#60
in137		415	162	0	#61
in138		0	73	0	#62
in139		0	33	0	#63
in14		272	415	0	#64
in140		415	262	0	#65
in141		0	402	0	#66
in142		237	415	0	#67
in143		415	214	0	#68
in144		0	23	0	#69
in145		415	114	0	#70
in146		415	364	0	#71
in147		164	0	0	#72
in148		0	365	0	#73
in149		280	415	0	#74
in15		245	0	0	#75
in150		123	0	0	#76
in151		0	95	0	#77
in152		159	415	0	#78
in153		415	12	0	#79
in154		90	0	0	#80
in155		0	61	0	#81
in156		0	355	0	#82
in157		403	415	0	#83
in158		0	102	0	#84
in159		160	0	0	#85
in16		415	32	0	#86
in160		274	0	0	#87
in161		415	2	0	#88
in162		0	41	0	#89
in163		0	263	0	#90
in164		0	319	0	#91
in165		415	401	0	#92
in166		314	415	0	#93
in167		0	37	0	#94
in168		260	0	0	#95
in169		328	415	0	#96
in17		412	415	0	#97
in170		0	266	0	#98
in171		8	415	0	#99
in172		29	415	0	#100
in173		409	415	0	#101
in174		381	415	0	#102
in175		400	0	0	#103
in176		270	0	0	#104
in177		189	0	0	#105
in178		0	136	0	#106
in179		31	0	0	#107
in18		340	415	0	#108
in180		415	165	0	#109
in181		393	0	0	#110
in182		211	0	0	#111
in183		0	6	0	#112
in184		245	415	0	#113
in185		415	405	0	#114
in186		415	327	0	#115
in187		384	415	0	#116
in188		0	160	0	#117
in189		415	67	0	#118
in19		415	352	0	#119
in190		415	120	0	#120
in191		0	377	0	#121
in192		415	182	0	#122
in193		415	389	0	#123
in194		415	147	0	#124
in195		415	81	0	#125
in196		109	0	0	#126
in197		0	242	0	#127
in198		415	282	0	#128
in199		156	0	0	#129
in30		117	0	0	#130
in31		0	383	0	#131
in310		88	415	0	#132
in3100		415	245	0	#133
in3101		0	275	0	#134
in3102		415	42	0	#135
in3103		12	0	0	#136
in3104		168	415	0	#137
in3105		404	0	0	#138
in3106		415	170	0	#139
in3107		17	415	0	#140
in3108		49	0	0	#141
in3109		0	397	0	#142
in311		390	415	0	#143
in3110		32	415	0	#144
in3111		0	64	0	#145
in3112		102	0	0	#146
in3113		0	186	0	#147
in3114		415	139	0	#148
in3115		415	410	0	#149
in3116		162	415	0	#150
in3117		415	110	0	#151
in3118		0	191	0	#152
in3119		0	280	0	#153
in312		415	196	0	#154
in3120		96	415	0	#155
in3121		123	415	0	#156
in3122		0	1	0	#157
in3123		415	277	0	#158
in3124		112	415	0	#159
in3125		202	0	0	#160
in3126		99	0	0	#161
in3127		212	415	0	#162
in313		3	415	0	#163
in314		15	0	0	#164
in315		415	242	0	#165
in316		0	393	0	#166
in317		256	415	0	#167
in318		304	415	0	#168
in319		0	29	0	#169
in32		345	0	0	#170
in320		34	415	0	#171
in321		0	337	0	#172
in322		0	408	0	#173
in323		261	415	0	#174
in324		415	29	0	#175
in325		140	415	0	#176
in326		0	215	0	#177
in327		373	415	0	#178
in328		300	415	0	#179
in329		360	415	0	#180
in33		415	6	0	#181
in330		348	415	0	#182
in331		265	0	0	#183
in332		42	0	0	#184
in333		0	104	0	#185
in334		383	0	0	#186
in335		60	0	0	#187
in336		415	56	0	#188
in337		415	94	0	#189
in338		221	0	0	#190
in339		227	415	0	#191
in34		65	0	0	#192
in340		357	415	0	#193
in341		415	385	0	#194
in342		415	298	0	#195
in343		152	415	0	#196
in344		0	291	0	#197
in345		0	88	0	#198
in346		407	415	0	#199
in347		62	415	0	#200
in348		365	0	0	#201
in349		415	22	0	#202
in35		0	258	0	#203
in350		395	415	0	#204
in351		0	411	0	#205
in352		74	0	0	#206
in353		8	0	0	#207
in354		0	283	0	#208
in355		304	0	0	#209
in356		173	415	0	#210
in357		376	415	0	#211
in358		235	0	0	#212
in359		54	0	0	#213
in36		333	0	0	#214
in360		185	415	0	#215
in361		189	415	0	#216
in362		415	293	0	#217
in363		381	0	0	#218
in364		415	72	0	#219
in365		12	415	0	#220
in366		36	0	0	#221
in367		398	0	0	#222
in368		346	0	0	#223
in369		415	88	0	#224
in37		415	257	0	#225
in370		239	415	0	#226
in371		415	379	0	#227
in372		255	0	0	#228
in373		119	415	0	#229
in374		287	0	0	#230
in375		81	0	0	#231
in376		0	127	0	#232
in377		0	322	0	#233
in378		415	304	0	#234
in379		415	19	0	#235
in38		389	0	0	#236
in380		415	172	0	#237
in381		0	15	0	#238
in382		0	45	0	#239
in383		0	175	0	#240
in384		142	0	0	#241
in385		21	0	0	#242
in386		0	147	0	#243
in387		359	0	0	#244
in388		153	0	0	#245
in389		0	130	0	#246
in39		26	0	0	#247
in390		230	0	0	#248
in391		409	0	0	#249
in392		415	201	0	#250
in393		78	415	0	#251
in394		0	204	0	#252
in395		178	415	0	#253
in396		415	333	0	#254
in397		0	413	0	#255
in398		217	0	0	#256
in399		283	415	0	#257
out_new_n1000_:new_n999_	191	415	0	#258
new_n1001_	173	398	0	#259
new_n1002_	173	397	0	#260
new_n1003_	172	397	0	#261
out_new_n1004_:new_n1003_	172	415	0	#262
out_new_n1005_:in363	382	0	0	#263
out_new_n1006_:in359	53	0	0	#264
out_new_n1007_:in357	377	415	0	#265
new_n1008_	235	1	0	#266
new_n1009_	173	402	0	#267
out_new_n1010_:new_n1009_	174	415	0	#268
new_n1011_	234	1	0	#269
new_n1012_	233	1	0	#270
new_n1013_	232	2	0	#271
new_n1014_	232	1	0	#272
out_new_n1015_:new_n1014_	232	0	0	#273
out_new_n1016_:in361	190	415	0	#274
new_n1017_	185	407	0	#275
new_n1018_	184	407	0	#276
new_n1019_	183	407	0	#277
out_new_n1020_:new_n1019_	183	415	0	#278
new_n1021_	293	292	0	#279
new_n1022_	283	292	0	#280
new_n1023_	121	292	0	#281
new_n1024_	97	292	0	#282
new_n1025_	41	292	0	#283
out_new_n1026_:new_n1025_	0	293	0	#284
new_n1027_	414	72	0	#285
new_n1028_	414	71	0	#286
new_n1029_	414	70	0	#287
out_new_n1030_:new_n1029_	415	70	0	#288
new_n1031_	34	1	0	#289
out_new_n1032_:new_n1031_	34	0	0	#290
out_new_n1033_:in369	415	89	0	#291
out_new_n1034_:in371	415	378	0	#292
new_n1035_	239	401	0	#293
out_new_n1036_:new_n1035_	240	415	0	#294
new_n1037_	346	1	0	#295
new_n1038_	347	1	0	#296
new_n1039_	348	1	0	#297
out_new_n1040_:new_n1039_	348	0	0	#298
out_new_n1041_:in371	415	380	0	#299
out_new_n1042_:in369	415	87	0	#300
new_n1043_	345	1	0	#301
new_n1044_	344	1	0	#302
new_n1045_	343	1	0	#303
out_new_n1046_:new_n1045_	343	0	0	#304
new_n1047_	239	400	0	#305
new_n1048_	239	399	0	#306
new_n1049_	240	399	0	#307
new_n1050_	241	399	0	#308
out_new_n1051_:new_n1050_	241	415	0	#309
new_n1052_	255	1	0	#310
new_n1053_	254	1	0	#311
new_n1054_	253	1	0	#312
out_new_n1055_:new_n1054_	253	0	0	#313
new_n1056_	285	1	0	#314
out_new_n1057_:new_n1056_	285	0	0	#315
out_new_n1058_:in377	0	321	0	#316
out_new_n1059_:in379	415	18	0	#317
new_n1060_	414	305	0	#318
out_new_n1061_:new_n1060_	415	305	0	#319
new_n1062_	1	127	0	#320
new_n1063_	1	126	0	#321
new_n1064_	1	125	0	#322
out_new_n1065_:new_n1064_	0	125	0	#323
out_new_n1066_:in379	415	20	0	#324
out_new_n1067_:in377	0	323	0	#325
new_n1068_	1	128	0	#326
new_n1069_	1	129	0	#327
new_n1070_	1	132	0	#328
out_new_n1071_:new_n1070_	0	133	0	#329
new_n1072_	414	304	0	#330
new_n1073_	414	303	0	#331
new_n1074_	414	302	0	#332
new_n1075_	414	301	0	#333
out_new_n1076_:new_n1075_	415	301	0	#334
new_n1077_	414	172	0	#335
new_n1078_	414	170	0	#336
new_n1079_	414	169	0	#337
out_new_n1080_:new_n1079_	415	169	0	#338
new_n1081_	1	43	0	#339
out_new_n1082_:new_n1081_	0	43	0	#340
out_new_n1083_:in385	23	0	0	#341
out_new_n1084_:in387	358	0	0	#342
new_n1085_	1	146	0	#343
out_new_n1086_:new_n1085_	0	146	0	#344
new_n1087_	143	1	0	#345
new_n1088_	144	1	0	#346
new_n1089_	145	1	0	#347
out_new_n1090_:new_n1089_	145	0	0	#348
out_new_n1091_:in387	360	0	0	#349
out_new_n1092_:in385	20	0	0	#350
new_n1093_	142	1	0	#351
new_n1094_	141	1	0	#352
new_n1095_	140	1	0	#353
out_new_n1096_:new_n1095_	140	0	0	#354
new_n1097_	2	145	0	#355
new_n1098_	2	144	0	#356
new_n1099_	1	144	0	#357
new_n1100_	1	145	0	#358
out_new_n1101_:new_n1100_	0	145	0	#359
new_n1102_	157	1	0	#360
new_n1103_	158	1	0	#361
new_n1104_	159	1	0	#362
out_new_n1105_:new_n1104_	159	0	0	#363
new_n1106_	230	180	0	#364
out_new_n1107_:new_n1106_	230	415	0	#365
out_new_n1108_:in393	79	415	0	#366
out_new_n1109_:in395	179	415	0	#367
new_n1110_	1	204	0	#368
out_new_n1111_:new_n1110_	0	205	0	#369
new_n1112_	414	201	0	#370
new_n1113_	414	202	0	#371
new_n1114_	414	203	0	#372
out_new_n1115_:new_n1114_	415	203	0	#373
out_new_n1116_:in395	177	415	0	#374
out_new_n1117_:in393	77	415	0	#375
new_n1118_	413	201	0	#376
new_n1119_	413	200	0	#377
new_n1120_	414	200	0	#378
out_new_n1121_:new_n1120_	415	200	0	#379
new_n1122_	2	204	0	#380
new_n1123_	2	205	0	#381
new_n1124_	2	206	0	#382
new_n1125_	2	207	0	#383
out_new_n1126_:new_n1125_	0	207	0	#384
new_n1127_	414	333	0	#385
new_n1128_	414	332	0	#386
new_n1129_	414	331	0	#387
out_new_n1130_:new_n1129_	415	331	0	#388
new_n1131_	214	1	0	#389
out_new_n1132_:new_n1131_	214	0	0	#390
out_new_n1133_:in3101	0	274	0	#391
out_new_n1134_:in3103	13	0	0	#392
new_n1135_	414	42	0	#393
out_new_n1136_:new_n1135_	415	44	0	#394
new_n1137_	414	245	0	#395
new_n1138_	414	244	0	#396
new_n1139_	414	243	0	#397
out_new_n1140_:new_n1139_	415	243	0	#398
out_new_n1141_:in3103	11	0	0	#399
out_new_n1142_:in3101	0	276	0	#400
new_n1143_	413	245	0	#401
new_n1144_	413	246	0	#402
new_n1145_	414	246	0	#403
out_new_n1146_:new_n1145_	415	246	0	#404
new_n1147_	414	40	0	#405
new_n1148_	414	39	0	#406
new_n1149_	414	38	0	#407
new_n1150_	414	41	0	#408
out_new_n1151_:new_n1150_	415	41	0	#409
new_n1152_	167	402	0	#410
new_n1153_	166	402	0	#411
new_n1154_	166	403	0	#412
out_new_n1155_:new_n1154_	166	415	0	#413
new_n1156_	114	165	0	#414
out_new_n1157_:new_n1156_	0	165	0	#415
out_new_n1158_:in3109	0	396	0	#416
out_new_n1159_:in3111	0	63	0	#417
new_n1160_	32	402	0	#418
out_new_n1161_:new_n1160_	31	415	0	#419
new_n1162_	50	1	0	#420
new_n1163_	51	1	0	#421
new_n1164_	52	1	0	#422
out_new_n1165_:new_n1164_	52	0	0	#423
out_new_n1166_:in3111	0	65	0	#424
out_new_n1167_:in3109	0	398	0	#425
new_n1168_	49	1	0	#426
new_n1169_	48	1	0	#427
new_n1170_	47	1	0	#428
out_new_n1171_:new_n1170_	47	0	0	#429
new_n1172_	32	398	0	#430
new_n1173_	32	397	0	#431
new_n1174_	31	397	0	#432
new_n1175_	30	397	0	#433
out_new_n1176_:new_n1175_	30	415	0	#434
new_n1177_	102	1	0	#435
new_n1178_	103	1	0	#436
new_n1179_	104	1	0	#437
out_new_n1180_:new_n1179_	104	0	0	#438
new_n1181_	414	137	0	#439
out_new_n1182_:new_n1181_	415	137	0	#440
out_new_n1183_:in3117	415	111	0	#441
out_new_n1184_:in3119	0	279	0	#442
new_n1185_	1	192	0	#443
out_new_n1186_:new_n1185_	0	192	0	#444
new_n1187_	162	404	0	#445
new_n1188_	161	404	0	#446
new_n1189_	161	405	0	#447
out_new_n1190_:new_n1189_	161	415	0	#448
out_new_n1191_:in3119	0	281	0	#449
out_new_n1192_:in3117	415	109	0	#450
new_n1193_	162	403	0	#451
new_n1194_	163	403	0	#452
new_n1195_	163	404	0	#453
out_new_n1196_:new_n1195_	163	415	0	#454
new_n1197_	1	191	0	#455
new_n1198_	2	191	0	#456
new_n1199_	2	190	0	#457
new_n1200_	1	190	0	#458
out_new_n1201_:new_n1200_	0	190	0	#459
new_n1202_	95	402	0	#460
new_n1203_	94	402	0	#461
new_n1204_	93	402	0	#462
out_new_n1205_:new_n1204_	93	415	0	#463
new_n1206_	6	1	0	#464
out_new_n1207_:new_n1206_	6	0	0	#465
new_n1208_	112	2	0	#466
new_n1209_	112	1	0	#467
new_n1210_	113	1	0	#468
new_n1211_	114	1	0	#469
new_n1212_	212	211	0	#470
new_n1213_	212	210	0	#471
out_new_n1214_:new_n1213_	114	0	0	#472
new_n1215_	1	193	0	#473
out_new_n1216_:new_n1215_	0	193	0	#474
out_new_n1217_:in1127	202	415	0	#475
out_new_n1218_:in1126	415	10	0	#476
new_n1219_	233	406	0	#477
out_new_n1220_:new_n1219_	233	415	0	#478
out_new_n1221_:in1124	151	0	0	#479
new_n1222_	233	405	0	#480
new_n1223_	234	405	0	#481
out_new_n1224_:new_n1223_	234	415	0	#482
new_n1225_	414	5	0	#483
new_n1226_	414	4	0	#484
out_new_n1227_:new_n1226_	415	4	0	#485
new_n1228_	201	323	0	#486
out_new_n1229_:in1123	0	171	0	#487
out_new_n1230_:in1123	0	169	0	#488
new_n1231_	326	395	0	#489
out_new_n1232_:new_n1231_	325	415	0	#490
out_new_n1233_:in1121	0	98	0	#491
new_n1234_	330	368	0	#492
out_new_n1235_:in1121	0	100	0	#493
new_n1236_	1	310	0	#494
out_new_n1237_:new_n1236_	0	310	0	#495
new_n1238_	346	368	0	#496
new_n1239_	352	368	0	#497
new_n1240_	380	368	0	#498
out_new_n1241_:in1115	415	395	0	#499
out_new_n1242_:in1115	415	393	0	#500
new_n1243_	1	30	0	#501
out_new_n1244_:new_n1243_	0	30	0	#502
out_new_n1245_:in1113	415	344	0	#503
new_n1246_	2	29	0	#504
out_new_n1247_:in1113	415	346	0	#505
new_n1248_	1	336	0	#506
out_new_n1249_:new_n1248_	0	336	0	#507
new_n1250_	2	28	0	#508
new_n1251_	2	27	0	#509
new_n1252_	1	27	0	#510
out_new_n1253_:in1107	415	325	0	#511
out_new_n1254_:in1107	415	323	0	#512
new_n1255_	1	116	0	#513
out_new_n1256_:new_n1255_	0	117	0	#514
out_new_n1257_:in1105	24	415	0	#515
new_n1258_	128	116	0	#516
out_new_n1259_:in1105	22	415	0	#517
new_n1260_	414	101	0	#518
out_new_n1261_:new_n1260_	415	101	0	#519
new_n1262_	210	116	0	#520
new_n1263_	268	116	0	#521
new_n1264_	272	116	0	#522
out_new_n1265_:in199	157	0	0	#523
out_new_n1266_:in199	155	0	0	#524
new_n1267_	414	282	0	#525
out_new_n1268_:new_n1267_	415	283	0	#526
out_new_n1269_:in197	0	243	0	#527
new_n1270_	413	282	0	#528
out_new_n1271_:in197	0	241	0	#529
new_n1272_	107	1	0	#530
out_new_n1273_:new_n1272_	107	0	0	#531
new_n1274_	413	280	0	#532
new_n1275_	413	279	0	#533
new_n1276_	413	278	0	#534
out_new_n1277_:in191	0	378	0	#535
out_new_n1278_:in191	0	376	0	#536
new_n1279_	414	120	0	#537
out_new_n1280_:new_n1279_	415	121	0	#538
out_new_n1281_:in189	415	68	0	#539
new_n1282_	413	120	0	#540
out_new_n1283_:in189	415	66	0	#541
new_n1284_	1	159	0	#542
out_new_n1285_:new_n1284_	0	162	0	#543
new_n1286_	412	120	0	#544
new_n1287_	412	119	0	#545
new_n1288_	413	119	0	#546
out_new_n1289_:in183	0	5	0	#547
out_new_n1290_:in183	0	7	0	#548
new_n1291_	210	1	0	#549
out_new_n1292_:new_n1291_	210	0	0	#550
out_new_n1293_:in181	394	0	0	#551
new_n1294_	211	1	0	#552
out_new_n1295_:in181	392	0	0	#553
new_n1296_	414	166	0	#554
out_new_n1297_:new_n1296_	415	166	0	#555
new_n1298_	211	2	0	#556
new_n1299_	212	2	0	#557
new_n1300_	212	1	0	#558
out_new_n1301_:in175	401	0	0	#559
out_new_n1302_:in175	399	0	0	#560
new_n1303_	381	405	0	#561
out_new_n1304_:new_n1303_	380	415	0	#562
out_new_n1305_:in173	410	415	0	#563
new_n1306_	381	404	0	#564
out_new_n1307_:in173	408	415	0	#565
new_n1308_	28	408	0	#566
out_new_n1309_:new_n1308_	28	415	0	#567
new_n1310_	381	403	0	#568
new_n1311_	381	402	0	#569
new_n1312_	381	401	0	#570
out_new_n1313_:in167	0	38	0	#571
out_new_n1314_:in167	0	36	0	#572
new_n1315_	314	402	0	#573
out_new_n1316_:new_n1315_	315	415	0	#574
out_new_n1317_:in165	415	400	0	#575
new_n1318_	314	401	0	#576
out_new_n1319_:in165	415	402	0	#577
new_n1320_	1	319	0	#578
out_new_n1321_:new_n1320_	0	320	0	#579
new_n1322_	314	400	0	#580
new_n1323_	313	400	0	#581
new_n1324_	313	401	0	#582
out_new_n1325_:in130	0	199	0	#583
new_n1326_	207	408	0	#584
out_new_n1327_:in130	0	197	0	#585
out_new_n1328_:in129	0	404	0	#586
out_new_n1329_:in129	0	406	0	#587
out_new_n1330_:in128	415	398	0	#588
out_new_n1331_:in128	415	396	0	#589
out_new_n1332_:in127	364	415	0	#590
out_new_n1333_:in127	362	415	0	#591
out_new_n1334_:in126	225	0	0	#592
out_new_n1335_:in126	227	0	0	#593
out_new_n1336_:in125	176	0	0	#594
out_new_n1337_:in125	174	0	0	#595
out_new_n1338_:in124	415	414	0	#596
out_new_n1339_:in124	414	415	0	#597
out_new_n1340_:in123	415	158	0	#598
out_new_n1341_:in123	415	160	0	#599
out_new_n1342_:in122	0	142	0	#600
out_new_n1343_:in122	0	140	0	#601
out_new_n1344_:in121	217	415	0	#602
out_new_n1345_:in121	215	415	0	#603
out_new_n1346_:in120	415	178	0	#604
out_new_n1347_:in120	415	180	0	#605
out_new_n1348_:in119	0	227	0	#606
out_new_n1349_:in119	0	229	0	#607
out_new_n1350_:in118	293	0	0	#608
out_new_n1351_:in118	295	0	0	#609
out_new_n1352_:in117	415	224	0	#610
out_new_n1353_:in117	415	226	0	#611
out_new_n1354_:in116	415	128	0	#612
out_new_n1355_:in116	415	126	0	#613
out_new_n1356_:in115	329	0	0	#614
out_new_n1357_:in115	326	0	0	#615
out_new_n1358_:in114	317	0	0	#616
out_new_n1359_:in114	315	0	0	#617
out_new_n1360_:in113	0	82	0	#618
out_new_n1361_:in113	0	84	0	#619
out_new_n1362_:in112	274	415	0	#620
out_new_n1363_:in112	276	415	0	#621
out_new_n1364_:in111	251	415	0	#622
out_new_n1365_:in111	253	415	0	#623
out_new_n1366_:in110	0	50	0	#624
out_new_n1367_:in110	0	52	0	#625
out_new_n1368_:in19	415	351	0	#626
out_new_n1369_:in19	415	353	0	#627
out_new_n1370_:in18	341	415	0	#628
out_new_n1371_:in18	339	415	0	#629
out_new_n1372_:in17	411	415	0	#630
out_new_n1373_:in17	413	415	0	#631
out_new_n1374_:in16	415	31	0	#632
out_new_n1375_:in16	415	33	0	#633
out_new_n1376_:in15	244	0	0	#634
out_new_n1377_:in15	246	0	0	#635
out_new_n1378_:in14	271	415	0	#636
out_new_n1379_:in14	273	415	0	#637
out_new_n1380_:in13	291	415	0	#638
out_new_n1381_:in13	289	415	0	#639
out_new_n1382_:in12	415	53	0	#640
out_new_n1383_:in12	415	51	0	#641
out_new_n1384_:in11	173	0	0	#642
out_new_n1385_:in11	171	0	0	#643
new_n1386_	218	32	0	#644
new_n1387_	219	39	0	#645
new_n1388_	219	92	0	#646
new_n1389_	220	105	0	#647
new_n1390_	220	138	0	#648
new_n1391_	220	165	0	#649
new_n1392_	218	164	0	#650
new_n1393_	218	163	0	#651
new_n1394_	218	162	0	#652
new_n1395_	216	161	0	#653
new_n1396_	215	156	0	#654
new_n1397_	213	155	0	#655
new_n1398_	211	144	0	#656
new_n1399_	211	143	0	#657
new_n1400_	210	128	0	#658
new_n1401_	210	117	0	#659
new_n1402_	209	110	0	#660
new_n1403_	209	107	0	#661
new_n1404_	207	106	0	#662
new_n1405_	209	106	0	#663
new_n1406_	209	105	0	#664
new_n1407_	211	105	0	#665
new_n1408_	211	104	0	#666
new_n1409_	213	104	0	#667
new_n1410_	215	104	0	#668
new_n1411_	215	105	0	#669
new_n1412_	215	106	0	#670
new_n1413_	215	107	0	#671
new_n1414_	215	108	0	#672
new_n1415_	213	108	0	#673
new_n1416_	211	108	0	#674
new_n1417_	209	108	0	#675
new_n1418_	207	123	0	#676
new_n1419_	205	134	0	#677
new_n1420_	202	137	0	#678
new_n1421_	180	143	0	#679
new_n1422_	170	150	0	#680
new_n1423_	167	155	0	#681
new_n1424_	165	156	0	#682
new_n1425_	163	157	0	#683
new_n1426_	163	166	0	#684
new_n1427_	161	171	0	#685
new_n1428_	161	176	0	#686
new_n1429_	161	181	0	#687
new_n1430_	161	190	0	#688
new_n1431_	161	201	0	#689
new_n1432_	163	208	0	#690
new_n1433_	165	209	0	#691
new_n1434_	167	210	0	#692
new_n1435_	167	213	0	#693
new_n1436_	169	214	0	#694
new_n1437_	171	215	0	#695
new_n1438_	175	218	0	#696
new_n1439_	179	243	0	#697
new_n1440_	181	252	0	#698
new_n1441_	183	273	0	#699
new_n1442_	183	290	0	#700
new_n1443_	183	321	0	#701
new_n1444_	183	374	0	#702
out_new_n1445_:new_n1444_	184	415	0	#703
new_n1446_	208	408	0	#704
out_new_n1447_:new_n1446_	208	415	0	#705
out_new_n1448_:in131	207	415	0	#706
out_new_n1449_:in136	207	0	0	#707
new_n1450_	414	160	0	#708
out_new_n1451_:in139	0	34	0	#709
new_n1452_	1	71	0	#710
out_new_n1453_:new_n1452_	0	72	0	#711
new_n1454_	414	161	0	#712
out_new_n1455_:new_n1454_	415	161	0	#713
new_n1456_	249	1	0	#714
out_new_n1457_:in135	0	10	0	#715
new_n1458_	6	398	0	#716
out_new_n1459_:new_n1458_	5	415	0	#717
out_new_n1460_:in132	415	296	0	#718
new_n1461_	248	1	0	#719
new_n1462_	248	2	0	#720
new_n1463_	247	2	0	#721
new_n1464_	247	1	0	#722
out_new_n1465_:new_n1464_	247	0	0	#723
out_new_n1466_:in139	0	32	0	#724
out_new_n1467_:in135	0	12	0	#725
out_new_n1468_:in133	249	0	0	#726
new_n1469_	6	341	0	#727
new_n1470_	414	290	0	#728
out_new_n1471_:new_n1470_	415	290	0	#729
new_n1472_	5	341	0	#730
new_n1473_	4	341	0	#731
new_n1474_	3	341	0	#732
new_n1475_	2	341	0	#733
out_new_n1476_:new_n1475_	0	341	0	#734
out_new_n1477_:in137	415	164	0	#735
new_n1478_	206	1	0	#736
new_n1479_	207	1	0	#737
new_n1480_	208	1	0	#738
out_new_n1481_:new_n1480_	208	0	0	#739
new_n1482_	1	69	0	#740
new_n1483_	1	65	0	#741
new_n1484_	2	65	0	#742
new_n1485_	2	66	0	#743
new_n1486_	1	66	0	#744
out_new_n1487_:new_n1486_	0	66	0	#745
out_new_n1488_:in141	0	403	0	#746
out_new_n1489_:in143	415	215	0	#747
new_n1490_	237	1	0	#748
out_new_n1491_:new_n1490_	237	0	0	#749
new_n1492_	414	259	0	#750
out_new_n1493_:in144	0	24	0	#751
new_n1494_	414	114	0	#752
out_new_n1495_:in147	163	0	0	#753
new_n1496_	414	364	0	#754
out_new_n1497_:new_n1496_	415	365	0	#755
new_n1498_	414	113	0	#756
out_new_n1499_:new_n1498_	415	113	0	#757
new_n1500_	413	259	0	#758
new_n1501_	413	260	0	#759
new_n1502_	413	261	0	#760
out_new_n1503_:new_n1502_	415	261	0	#761
out_new_n1504_:in147	165	0	0	#762
out_new_n1505_:in143	415	213	0	#763
out_new_n1506_:in141	0	401	0	#764
new_n1507_	237	2	0	#765
new_n1508_	414	260	0	#766
out_new_n1509_:new_n1508_	415	260	0	#767
new_n1510_	238	2	0	#768
new_n1511_	239	2	0	#769
new_n1512_	239	1	0	#770
new_n1513_	240	1	0	#771
out_new_n1514_:new_n1513_	240	0	0	#772
out_new_n1515_:in145	415	115	0	#773
new_n1516_	2	2	0	#774
new_n1517_	1	2	0	#775
new_n1518_	1	3	0	#776
out_new_n1519_:new_n1518_	0	3	0	#777
new_n1520_	414	360	0	#778
new_n1521_	414	359	0	#779
new_n1522_	413	359	0	#780
new_n1523_	413	358	0	#781
new_n1524_	414	358	0	#782
out_new_n1525_:new_n1524_	415	358	0	#783
out_new_n1526_:in149	281	415	0	#784
out_new_n1527_:in153	415	11	0	#785
new_n1528_	159	408	0	#786
out_new_n1529_:in155	0	60	0	#787
new_n1530_	89	1	0	#788
out_new_n1531_:new_n1530_	89	0	0	#789
new_n1532_	158	408	0	#790
out_new_n1533_:new_n1532_	158	415	0	#791
out_new_n1534_:in151	0	94	0	#792
new_n1535_	120	1	0	#793
out_new_n1536_:new_n1535_	120	0	0	#794
new_n1537_	1	365	0	#795
new_n1538_	1	364	0	#796
new_n1539_	1	363	0	#797
new_n1540_	1	362	0	#798
out_new_n1541_:new_n1540_	0	362	0	#799
out_new_n1542_:in155	0	62	0	#800
out_new_n1543_:in151	0	96	0	#801
out_new_n1544_:in149	279	415	0	#802
new_n1545_	123	1	0	#803
new_n1546_	1	366	0	#804
out_new_n1547_:new_n1546_	0	366	0	#805
new_n1548_	122	1	0	#806
new_n1549_	122	2	0	#807
new_n1550_	122	45	0	#808
new_n1551_	122	144	0	#809
out_new_n1552_:new_n1551_	121	415	0	#810
out_new_n1553_:in153	415	13	0	#811
new_n1554_	90	1	0	#812
new_n1555_	159	409	0	#813
out_new_n1556_:new_n1555_	160	415	0	#814
new_n1557_	90	2	0	#815
new_n1558_	90	35	0	#816
new_n1559_	90	46	0	#817
new_n1560_	90	57	0	#818
new_n1561_	90	82	0	#819
out_new_n1562_:new_n1561_	90	415	0	#820
out_new_n1563_:in157	402	415	0	#821
out_new_n1564_:in159	161	0	0	#822
new_n1565_	1	102	0	#823
out_new_n1566_:new_n1565_	0	103	0	#824
new_n1567_	1	355	0	#825
out_new_n1568_:in160	273	0	0	#826
new_n1569_	413	2	0	#827
out_new_n1570_:in163	0	264	0	#828
new_n1571_	1	42	0	#829
out_new_n1572_:new_n1571_	0	42	0	#830
new_n1573_	413	1	0	#831
out_new_n1574_:new_n1573_	413	0	0	#832
new_n1575_	2	355	0	#833
new_n1576_	2	354	0	#834
new_n1577_	1	354	0	#835
out_new_n1578_:new_n1577_	0	354	0	#836
out_new_n1579_:in163	0	262	0	#837
out_new_n1580_:in159	158	0	0	#838
out_new_n1581_:in157	404	415	0	#839
new_n1582_	2	102	0	#840
new_n1583_	1	356	0	#841
out_new_n1584_:new_n1583_	0	356	0	#842
new_n1585_	2	101	0	#843
new_n1586_	2	100	0	#844
new_n1587_	1	100	0	#845
new_n1588_	1	101	0	#846
out_new_n1589_:new_n1588_	0	101	0	#847
out_new_n1590_:in161	415	3	0	#848
new_n1591_	273	1	0	#849
new_n1592_	274	1	0	#850
new_n1593_	275	1	0	#851
out_new_n1594_:new_n1593_	275	0	0	#852
new_n1595_	1	41	0	#853
new_n1596_	1	40	0	#854
new_n1597_	2	40	0	#855
new_n1598_	2	39	0	#856
new_n1599_	1	39	0	#857
out_new_n1600_:new_n1599_	0	39	0	#858
new_n1601_	2	319	0	#859
new_n1602_	2	318	0	#860
new_n1603_	1	318	0	#861
out_new_n1604_:new_n1603_	0	318	0	#862
new_n1605_	313	402	0	#863
out_new_n1606_:new_n1605_	313	415	0	#864
out_new_n1607_:in169	329	415	0	#865
out_new_n1608_:in171	7	415	0	#866
new_n1609_	1	266	0	#867
out_new_n1610_:new_n1609_	0	267	0	#868
new_n1611_	260	1	0	#869
new_n1612_	261	1	0	#870
new_n1613_	262	1	0	#871
out_new_n1614_:new_n1613_	262	0	0	#872
out_new_n1615_:in171	9	415	0	#873
out_new_n1616_:in169	327	415	0	#874
new_n1617_	259	1	0	#875
new_n1618_	258	1	0	#876
new_n1619_	257	1	0	#877
out_new_n1620_:new_n1619_	257	0	0	#878
new_n1621_	1	265	0	#879
new_n1622_	1	264	0	#880
new_n1623_	2	264	0	#881
new_n1624_	2	265	0	#882
out_new_n1625_:new_n1624_	0	265	0	#883
new_n1626_	28	406	0	#884
new_n1627_	27	406	0	#885
new_n1628_	27	407	0	#886
out_new_n1629_:new_n1628_	27	415	0	#887
new_n1630_	380	401	0	#888
out_new_n1631_:new_n1630_	379	415	0	#889
out_new_n1632_:in177	190	0	0	#890
out_new_n1633_:in179	30	0	0	#891
new_n1634_	1	136	0	#892
out_new_n1635_:new_n1634_	0	137	0	#893
new_n1636_	269	1	0	#894
new_n1637_	268	1	0	#895
new_n1638_	267	1	0	#896
out_new_n1639_:new_n1638_	267	0	0	#897
out_new_n1640_:in179	32	0	0	#898
out_new_n1641_:in177	188	0	0	#899
new_n1642_	270	1	0	#900
new_n1643_	271	1	0	#901
new_n1644_	272	1	0	#902
out_new_n1645_:new_n1644_	272	0	0	#903
new_n1646_	1	135	0	#904
new_n1647_	1	134	0	#905
new_n1648_	2	134	0	#906
new_n1649_	2	135	0	#907
out_new_n1650_:new_n1649_	0	135	0	#908
new_n1651_	414	165	0	#909
new_n1652_	414	164	0	#910
new_n1653_	414	163	0	#911
out_new_n1654_:new_n1653_	415	163	0	#912
new_n1655_	213	1	0	#913
out_new_n1656_:new_n1655_	213	0	0	#914
out_new_n1657_:in185	415	404	0	#915
out_new_n1658_:in187	383	415	0	#916
new_n1659_	414	326	0	#917
out_new_n1660_:new_n1659_	415	326	0	#918
new_n1661_	245	399	0	#919
new_n1662_	245	398	0	#920
new_n1663_	246	398	0	#921
out_new_n1664_:new_n1663_	246	415	0	#922
out_new_n1665_:in187	385	415	0	#923
out_new_n1666_:in185	415	406	0	#924
new_n1667_	245	404	0	#925
new_n1668_	244	404	0	#926
new_n1669_	244	405	0	#927
out_new_n1670_:new_n1669_	244	415	0	#928
new_n1671_	414	323	0	#929
new_n1672_	413	323	0	#930
new_n1673_	413	322	0	#931
new_n1674_	414	322	0	#932
out_new_n1675_:new_n1674_	415	322	0	#933
new_n1676_	1	156	0	#934
new_n1677_	1	155	0	#935
new_n1678_	1	157	0	#936
out_new_n1679_:new_n1678_	0	158	0	#937
new_n1680_	414	119	0	#938
out_new_n1681_:new_n1680_	415	119	0	#939
out_new_n1682_:in193	415	390	0	#940
out_new_n1683_:in195	415	80	0	#941
new_n1684_	414	147	0	#942
out_new_n1685_:new_n1684_	415	148	0	#943
new_n1686_	414	181	0	#944
new_n1687_	414	182	0	#945
new_n1688_	414	183	0	#946
out_new_n1689_:new_n1688_	415	184	0	#947
out_new_n1690_:in195	415	82	0	#948
out_new_n1691_:in193	415	388	0	#949
new_n1692_	414	180	0	#950
new_n1693_	413	180	0	#951
new_n1694_	413	181	0	#952
out_new_n1695_:new_n1694_	415	181	0	#953
new_n1696_	413	147	0	#954
new_n1697_	413	148	0	#955
new_n1698_	414	148	0	#956
new_n1699_	414	149	0	#957
out_new_n1700_:new_n1699_	415	149	0	#958
new_n1701_	109	1	0	#959
new_n1702_	110	1	0	#960
new_n1703_	111	1	0	#961
out_new_n1704_:new_n1703_	111	0	0	#962
new_n1705_	414	278	0	#963
out_new_n1706_:new_n1705_	415	278	0	#964
out_new_n1707_:in1101	415	255	0	#965
out_new_n1708_:in1103	415	368	0	#966
new_n1709_	129	400	0	#967
out_new_n1710_:new_n1709_	130	415	0	#968
new_n1711_	1	214	0	#969
new_n1712_	1	215	0	#970
new_n1713_	1	216	0	#971
out_new_n1714_:new_n1713_	0	216	0	#972
out_new_n1715_:in1103	415	366	0	#973
out_new_n1716_:in1101	415	253	0	#974
new_n1717_	1	213	0	#975
new_n1718_	1	212	0	#976
new_n1719_	1	211	0	#977
out_new_n1720_:new_n1719_	0	211	0	#978
new_n1721_	129	397	0	#979
new_n1722_	130	397	0	#980
new_n1723_	131	397	0	#981
new_n1724_	131	398	0	#982
out_new_n1725_:new_n1724_	131	415	0	#983
new_n1726_	414	100	0	#984
new_n1727_	414	99	0	#985
new_n1728_	414	98	0	#986
out_new_n1729_:new_n1728_	415	99	0	#987
new_n1730_	386	116	0	#988
out_new_n1731_:new_n1730_	415	116	0	#989
out_new_n1732_:in1109	0	368	0	#990
out_new_n1733_:in1111	415	25	0	#991
new_n1734_	414	220	0	#992
out_new_n1735_:new_n1734_	415	221	0	#993
new_n1736_	413	264	0	#994
new_n1737_	413	263	0	#995
new_n1738_	414	263	0	#996
out_new_n1739_:new_n1738_	415	263	0	#997
out_new_n1740_:in1111	415	27	0	#998
out_new_n1741_:in1109	0	370	0	#999
new_n1742_	414	264	0	#1000
new_n1743_	414	265	0	#1001
new_n1744_	414	267	0	#1002
out_new_n1745_:new_n1744_	415	267	0	#1003
new_n1746_	414	219	0	#1004
new_n1747_	414	218	0	#1005
new_n1748_	414	217	0	#1006
new_n1749_	414	216	0	#1007
out_new_n1750_:new_n1749_	415	216	0	#1008
new_n1751_	2	336	0	#1009
new_n1752_	2	335	0	#1010
new_n1753_	1	335	0	#1011
out_new_n1754_:new_n1753_	0	335	0	#1012
new_n1755_	1	28	0	#1013
out_new_n1756_:new_n1755_	0	28	0	#1014
out_new_n1757_:in1117	399	415	0	#1015
out_new_n1758_:in1119	415	43	0	#1016
new_n1759_	414	145	0	#1017
out_new_n1760_:new_n1759_	415	145	0	#1018
new_n1761_	224	1	0	#1019
new_n1762_	223	1	0	#1020
new_n1763_	222	1	0	#1021
out_new_n1764_:new_n1763_	222	0	0	#1022
out_new_n1765_:in1119	415	39	0	#1023
out_new_n1766_:in1117	401	415	0	#1024
new_n1767_	225	1	0	#1025
new_n1768_	227	1	0	#1026
new_n1769_	228	1	0	#1027
out_new_n1770_:new_n1769_	228	0	0	#1028
new_n1771_	414	144	0	#1029
new_n1772_	413	144	0	#1030
new_n1773_	413	143	0	#1031
new_n1774_	414	143	0	#1032
out_new_n1775_:new_n1774_	415	143	0	#1033
new_n1776_	1	309	0	#1034
new_n1777_	1	308	0	#1035
new_n1778_	1	307	0	#1036
out_new_n1779_:new_n1778_	0	307	0	#1037
new_n1780_	386	368	0	#1038
out_new_n1781_:new_n1780_	415	369	0	#1039
new_n1782_	152	1	0	#1040
new_n1783_	153	1	0	#1041
new_n1784_	151	1	0	#1042
new_n1785_	150	1	0	#1043
new_n1786_	201	234	0	#1044
new_n1787_	201	202	0	#1045
out_new_n1788_:new_n1787_	415	176	0	#1046
new_n1789_	1	86	0	#1047
out_new_n1790_:new_n1789_	0	86	0	#1048
out_new_n1791_:new_n1213_	415	332	0	#1049
new_n1792_	372	1	0	#1050
new_n1793_	373	1	0	#1051
out_new_n1794_:new_n1793_	374	0	0	#1052
out_new_n1795_:new_n1793_	373	0	0	#1053
out_new_n1796_:new_n1213_	415	61	0	#1054
new_n1797_	344	404	0	#1055
out_new_n1798_:new_n1797_	344	415	0	#1056
out_new_n1799_:new_n1787_	92	0	0	#1057
new_n1800_	5	66	0	#1058
new_n1801_	3	66	0	#1059
new_n1802_	1	67	0	#1060
out_new_n1803_:new_n1802_	0	67	0	#1061
out_new_n1804_:new_n1787_	415	382	0	#1062
new_n1805_	414	206	0	#1063
out_new_n1806_:new_n1805_	415	206	0	#1064
out_new_n1807_:new_n1213_	371	415	0	#1065
new_n1808_	99	383	0	#1066
new_n1809_	99	384	0	#1067
out_new_n1810_:new_n1809_	98	415	0	#1068
new_n1811_	2	67	0	#1069
out_new_n1812_:new_n1213_	36	415	0	#1070
new_n1813_	413	185	0	#1071
out_new_n1814_:new_n1813_	415	185	0	#1072
out_new_n1815_:new_n1809_	99	415	0	#1073
out_new_n1816_:new_n1787_	415	198	0	#1074
new_n1817_	162	231	0	#1075
new_n1818_	162	232	0	#1076
new_n1819_	32	232	0	#1077
out_new_n1820_:new_n1819_	0	232	0	#1078
new_n1821_	2	68	0	#1079
new_n1822_	3	67	0	#1080
new_n1823_	3	68	0	#1081
out_new_n1824_:new_n1787_	415	76	0	#1082
new_n1825_	397	1	0	#1083
out_new_n1826_:new_n1825_	397	0	0	#1084
out_new_n1827_:new_n1213_	0	375	0	#1085
new_n1828_	414	324	0	#1086
new_n1829_	414	325	0	#1087
out_new_n1830_:new_n1829_	415	338	0	#1088
out_new_n1831_:new_n1829_	415	337	0	#1089
out_new_n1832_:new_n1213_	415	381	0	#1090
new_n1833_	58	401	0	#1091
out_new_n1834_:new_n1833_	58	415	0	#1092
out_new_n1835_:new_n1787_	415	193	0	#1093
new_n1836_	291	116	0	#1094
new_n1837_	291	115	0	#1095
new_n1838_	291	114	0	#1096
out_new_n1839_:new_n1838_	292	415	0	#1097
out_new_n1840_:new_n1787_	398	415	0	#1098
new_n1841_	204	1	0	#1099
out_new_n1842_:new_n1841_	204	0	0	#1100
out_new_n1843_:new_n1213_	415	403	0	#1101
new_n1844_	1	141	0	#1102
new_n1845_	1	142	0	#1103
out_new_n1846_:new_n1845_	0	167	0	#1104
new_n1847_	291	20	0	#1105
out_new_n1848_:new_n1213_	415	387	0	#1106
new_n1849_	414	335	0	#1107
out_new_n1850_:new_n1849_	415	335	0	#1108
out_new_n1851_:new_n1787_	312	0	0	#1109
new_n1852_	1	383	0	#1110
new_n1853_	1	384	0	#1111
out_new_n1854_:new_n1845_	0	166	0	#1112
new_n1855_	1	385	0	#1113
out_new_n1856_:new_n1855_	0	385	0	#1114
new_n1857_	291	2	0	#1115
new_n1858_	291	1	0	#1116
new_n1859_	290	1	0	#1117
out_new_n1860_:new_n1787_	415	83	0	#1118
new_n1861_	105	1	0	#1119
out_new_n1862_:new_n1861_	105	0	0	#1120
out_new_n1863_:new_n1213_	0	388	0	#1121
new_n1864_	414	270	0	#1122
new_n1865_	414	271	0	#1123
out_new_n1866_:new_n1865_	415	272	0	#1124
out_new_n1867_:new_n1865_	415	271	0	#1125
out_new_n1868_:new_n1213_	0	40	0	#1126
new_n1869_	414	230	0	#1127
out_new_n1870_:new_n1869_	415	231	0	#1128
out_new_n1871_:new_n1787_	338	415	0	#1129
new_n1872_	129	122	0	#1130
new_n1873_	127	122	0	#1131
new_n1874_	127	230	0	#1132
out_new_n1875_:new_n1874_	127	415	0	#1133
out_new_n1876_:new_n1787_	21	415	0	#1134
new_n1877_	414	150	0	#1135
out_new_n1878_:new_n1877_	415	150	0	#1136
out_new_n1879_:new_n1213_	175	415	0	#1137
new_n1880_	223	393	0	#1138
new_n1881_	223	394	0	#1139
out_new_n1882_:new_n1881_	224	415	0	#1140
new_n1883_	127	45	0	#1141
out_new_n1884_:new_n1213_	0	391	0	#1142
new_n1885_	412	1	0	#1143
out_new_n1886_:new_n1885_	412	0	0	#1144
out_new_n1887_:new_n1881_	223	415	0	#1145
out_new_n1888_:new_n1787_	370	415	0	#1146
new_n1889_	1	368	0	#1147
new_n1890_	1	369	0	#1148
new_n1891_	1	370	0	#1149
out_new_n1892_:new_n1891_	0	371	0	#1150
new_n1893_	127	32	0	#1151
new_n1894_	127	27	0	#1152
new_n1895_	127	3	0	#1153
out_new_n1896_:new_n1787_	313	0	0	#1154
new_n1897_	25	399	0	#1155
out_new_n1898_:new_n1897_	25	415	0	#1156
out_new_n1899_:new_n1213_	0	380	0	#1157
new_n1900_	148	2	0	#1158
new_n1901_	148	1	0	#1159
out_new_n1902_:new_n1901_	149	0	0	#1160
out_new_n1903_:new_n1901_	148	0	0	#1161
out_new_n1904_:new_n1213_	248	415	0	#1162
new_n1905_	285	403	0	#1163
out_new_n1906_:new_n1905_	285	415	0	#1164
out_new_n1907_:new_n1787_	191	0	0	#1165
new_n1908_	187	166	0	#1166
new_n1909_	187	167	0	#1167
new_n1910_	195	168	0	#1168
out_new_n1911_:new_n1910_	415	168	0	#1169
out_new_n1912_:new_n1787_	310	0	0	#1170
new_n1913_	319	400	0	#1171
out_new_n1914_:new_n1913_	319	415	0	#1172
out_new_n1915_:new_n1213_	234	0	0	#1173
new_n1916_	360	1	0	#1174
new_n1917_	361	1	0	#1175
out_new_n1918_:new_n1917_	361	0	0	#1176
new_n1919_	161	168	0	#1177
out_new_n1920_:new_n1213_	415	77	0	#1178
new_n1921_	414	7	0	#1179
out_new_n1922_:new_n1921_	415	8	0	#1180
out_new_n1923_:new_n1787_	41	415	0	#1181
new_n1924_	182	379	0	#1182
new_n1925_	182	380	0	#1183
out_new_n1926_:new_n1917_	362	0	0	#1184
new_n1927_	181	383	0	#1185
out_new_n1928_:new_n1927_	181	415	0	#1186
new_n1929_	151	168	0	#1187
new_n1930_	117	168	0	#1188
new_n1931_	39	168	0	#1189
out_new_n1932_:new_n1787_	106	0	0	#1190
new_n1933_	414	55	0	#1191
out_new_n1934_:new_n1933_	415	55	0	#1192
out_new_n1935_:new_n1213_	0	374	0	#1193
new_n1936_	114	394	0	#1194
new_n1937_	114	396	0	#1195
out_new_n1938_:new_n1937_	114	415	0	#1196
out_new_n1939_:new_n1937_	113	415	0	#1197
out_new_n1940_:new_n1213_	415	107	0	#1198
new_n1941_	414	102	0	#1199
out_new_n1942_:new_n1941_	415	103	0	#1200
out_new_n1943_:new_n1787_	415	146	0	#1201
new_n1944_	51	385	0	#1202
new_n1945_	51	386	0	#1203
new_n1946_	51	387	0	#1204
out_new_n1947_:new_n1946_	51	415	0	#1205
out_new_n1948_:new_n1787_	197	415	0	#1206
new_n1949_	1	311	0	#1207
out_new_n1950_:new_n1949_	0	312	0	#1208
out_new_n1951_:new_n1213_	0	126	0	#1209
new_n1952_	414	231	0	#1210
new_n1953_	414	232	0	#1211
out_new_n1954_:new_n1953_	415	235	0	#1212
new_n1955_	52	387	0	#1213
out_new_n1956_:new_n1213_	199	415	0	#1214
new_n1957_	414	374	0	#1215
out_new_n1958_:new_n1957_	415	374	0	#1216
out_new_n1959_:new_n1953_	415	234	0	#1217
out_new_n1960_:new_n1787_	415	59	0	#1218
new_n1961_	1	294	0	#1219
new_n1962_	1	295	0	#1220
new_n1963_	1	296	0	#1221
out_new_n1964_:new_n1963_	0	296	0	#1222
new_n1965_	52	388	0	#1223
new_n1966_	52	389	0	#1224
new_n1967_	52	390	0	#1225
out_new_n1968_:new_n1787_	103	415	0	#1226
new_n1969_	192	1	0	#1227
out_new_n1970_:new_n1969_	192	0	0	#1228
out_new_n1971_:new_n1213_	0	316	0	#1229
new_n1972_	333	397	0	#1230
new_n1973_	333	398	0	#1231
out_new_n1974_:new_n1973_	333	415	0	#1232
out_new_n1975_:new_n1973_	332	415	0	#1233
out_new_n1976_:new_n1213_	415	408	0	#1234
new_n1977_	145	396	0	#1235
out_new_n1978_:new_n1977_	145	415	0	#1236
out_new_n1979_:new_n1787_	50	415	0	#1237
new_n1980_	195	1	0	#1238
new_n1981_	194	1	0	#1239
new_n1982_	178	1	0	#1240
out_new_n1983_:new_n1982_	178	0	0	#1241
out_new_n1984_:new_n1787_	35	0	0	#1242
new_n1985_	27	1	0	#1243
out_new_n1986_:new_n1985_	27	0	0	#1244
out_new_n1987_:new_n1213_	296	415	0	#1245
new_n1988_	1	252	0	#1246
new_n1989_	1	253	0	#1247
out_new_n1990_:new_n1989_	0	254	0	#1248
new_n1991_	201	2	0	#1249
out_new_n1992_:new_n1213_	337	415	0	#1250
new_n1993_	1	345	0	#1251
out_new_n1994_:new_n1993_	0	345	0	#1252
out_new_n1995_:new_n1787_	415	106	0	#1253
new_n1996_	317	145	0	#1254
new_n1997_	318	145	0	#1255
out_new_n1998_:new_n1989_	0	253	0	#1256
new_n1999_	318	172	0	#1257
out_new_n2000_:new_n1999_	318	415	0	#1258
new_n2001_	205	2	0	#1259
new_n2002_	207	2	0	#1260
new_n2003_	209	2	0	#1261
out_new_n2004_:new_n1787_	415	375	0	#1262
new_n2005_	330	1	0	#1263
out_new_n2006_:new_n2005_	330	0	0	#1264
out_new_n2007_:new_n1213_	205	0	0	#1265
new_n2008_	406	1	0	#1266
new_n2009_	407	1	0	#1267
out_new_n2010_:new_n2009_	406	0	0	#1268
out_new_n2011_:new_n2009_	407	0	0	#1269
out_new_n2012_:new_n1213_	261	0	0	#1270
new_n2013_	1	324	0	#1271
out_new_n2014_:new_n2013_	0	328	0	#1272
out_new_n2015_:new_n1787_	0	78	0	#1273
new_n2016_	2	78	0	#1274
new_n2017_	2	79	0	#1275
new_n2018_	1	80	0	#1276
out_new_n2019_:new_n2018_	0	80	0	#1277
out_new_n2020_:new_n1787_	102	415	0	#1278
new_n2021_	322	398	0	#1279
out_new_n2022_:new_n2021_	322	415	0	#1280
out_new_n2023_:new_n1213_	334	415	0	#1281
new_n2024_	413	91	0	#1282
new_n2025_	414	91	0	#1283
out_new_n2026_:new_n2025_	415	97	0	#1284
new_n2027_	2	80	0	#1285
out_new_n2028_:new_n1213_	67	0	0	#1286
new_n2029_	414	313	0	#1287
out_new_n2030_:new_n2029_	415	313	0	#1288
out_new_n2031_:new_n2025_	415	98	0	#1289
out_new_n2032_:new_n1787_	79	0	0	#1290
new_n2033_	3	3	0	#1291
new_n2034_	3	2	0	#1292
new_n2035_	3	1	0	#1293
out_new_n2036_:new_n2035_	3	0	0	#1294
new_n2037_	3	79	0	#1295
new_n2038_	3	80	0	#1296
new_n2039_	3	81	0	#1297
out_new_n2040_:new_n1787_	415	300	0	#1298
new_n2041_	1	74	0	#1299
out_new_n2042_:new_n2041_	0	76	0	#1300
out_new_n2043_:new_n1213_	0	350	0	#1301
new_n2044_	413	303	0	#1302
new_n2045_	413	304	0	#1303
out_new_n2046_:new_n2045_	415	308	0	#1304
out_new_n2047_:new_n2045_	415	309	0	#1305
out_new_n2048_:new_n1213_	0	35	0	#1306
new_n2049_	83	1	0	#1307
out_new_n2050_:new_n2049_	83	0	0	#1308
out_new_n2051_:new_n1787_	0	180	0	#1309
new_n2052_	413	203	0	#1310
new_n2053_	413	204	0	#1311
new_n2054_	414	207	0	#1312
out_new_n2055_:new_n2054_	415	207	0	#1313
out_new_n2056_:new_n1787_	0	115	0	#1314
new_n2057_	277	1	0	#1315
out_new_n2058_:new_n2057_	277	0	0	#1316
out_new_n2059_:new_n1213_	352	415	0	#1317
new_n2060_	414	129	0	#1318
new_n2061_	414	130	0	#1319
out_new_n2062_:new_n2061_	415	130	0	#1320
new_n2063_	413	207	0	#1321
out_new_n2064_:new_n1213_	415	412	0	#1322
new_n2065_	1	73	0	#1323
out_new_n2066_:new_n2065_	0	74	0	#1324
out_new_n2067_:new_n1787_	393	415	0	#1325
new_n2068_	413	59	0	#1326
new_n2069_	413	60	0	#1327
out_new_n2070_:new_n2061_	415	131	0	#1328
new_n2071_	414	60	0	#1329
out_new_n2072_:new_n2071_	415	60	0	#1330
new_n2073_	413	208	0	#1331
new_n2074_	413	209	0	#1332
new_n2075_	413	210	0	#1333
out_new_n2076_:new_n1787_	0	358	0	#1334
new_n2077_	345	403	0	#1335
out_new_n2078_:new_n2077_	345	415	0	#1336
out_new_n2079_:new_n1213_	299	0	0	#1337
new_n2080_	180	1	0	#1338
new_n2081_	179	1	0	#1339
out_new_n2082_:new_n2081_	180	0	0	#1340
out_new_n2083_:new_n1787_	122	0	0	#1341
new_n2084_	413	361	0	#1342
out_new_n2085_:new_n2084_	415	361	0	#1343
out_new_n2086_:new_n1213_	0	119	0	#1344
new_n2087_	1	341	0	#1345
new_n2088_	1	342	0	#1346
out_new_n2089_:new_n2088_	0	347	0	#1347
out_new_n2090_:new_n1787_	0	381	0	#1348
new_n2091_	413	71	0	#1349
out_new_n2092_:new_n2091_	415	71	0	#1350
out_new_n2093_:new_n1213_	259	415	0	#1351
new_n2094_	354	1	0	#1352
new_n2095_	355	1	0	#1353
out_new_n2096_:new_n2095_	354	0	0	#1354
out_new_n2097_:new_n1787_	331	0	0	#1355
new_n2098_	33	1	0	#1356
out_new_n2099_:new_n2098_	33	0	0	#1357
out_new_n2100_:new_n1213_	181	0	0	#1358
new_n2101_	279	282	0	#1359
new_n2102_	279	283	0	#1360
new_n2103_	299	284	0	#1361
out_new_n2104_:new_n2103_	415	284	0	#1362
out_new_n2105_:new_n1787_	0	106	0	#1363
new_n2106_	1	17	0	#1364
out_new_n2107_:new_n2106_	0	18	0	#1365
out_new_n2108_:new_n1213_	49	415	0	#1366
new_n2109_	413	151	0	#1367
new_n2110_	414	151	0	#1368
out_new_n2111_:new_n2110_	415	152	0	#1369
out_new_n2112_:new_n1787_	70	0	0	#1370
new_n2113_	387	1	0	#1371
out_new_n2114_:new_n2113_	387	0	0	#1372
out_new_n2115_:new_n1213_	81	415	0	#1373
new_n2116_	1	82	0	#1374
new_n2117_	1	83	0	#1375
out_new_n2118_:new_n2117_	0	91	0	#1376
out_new_n2119_:new_n1787_	0	389	0	#1377
new_n2120_	1	229	0	#1378
out_new_n2121_:new_n2120_	0	230	0	#1379
out_new_n2122_:new_n1213_	335	415	0	#1380
new_n2123_	169	229	0	#1381
new_n2124_	169	230	0	#1382
new_n2125_	169	231	0	#1383
out_new_n2126_:new_n2117_	0	90	0	#1384
out_new_n2127_:new_n1787_	366	0	0	#1385
new_n2128_	1	85	0	#1386
out_new_n2129_:new_n2128_	0	85	0	#1387
out_new_n2130_:new_n1213_	415	348	0	#1388
new_n2131_	266	390	0	#1389
new_n2132_	266	391	0	#1390
out_new_n2133_:new_n2132_	266	415	0	#1391
out_new_n2134_:new_n2132_	267	415	0	#1392
out_new_n2135_:new_n1787_	392	415	0	#1393
new_n2136_	1	87	0	#1394
out_new_n2137_:new_n2136_	0	87	0	#1395
out_new_n2138_:new_n1213_	0	261	0	#1396
new_n2139_	374	1	0	#1397
new_n2140_	375	1	0	#1398
out_new_n2141_:new_n2140_	376	0	0	#1399
out_new_n2142_:new_n2140_	375	0	0	#1400
out_new_n2143_:new_n1787_	307	0	0	#1401
new_n2144_	414	92	0	#1402
out_new_n2145_:new_n2144_	415	92	0	#1403
out_new_n2146_:new_n1213_	308	0	0	#1404
new_n2147_	335	1	0	#1405
new_n2148_	336	1	0	#1406
out_new_n2149_:new_n2148_	336	0	0	#1407
out_new_n2150_:new_n2148_	337	0	0	#1408
out_new_n2151_:new_n1787_	92	415	0	#1409
new_n2152_	1	107	0	#1410
out_new_n2153_:new_n2152_	0	108	0	#1411
out_new_n2154_:new_n1213_	378	415	0	#1412
new_n2155_	2	49	0	#1413
new_n2156_	1	49	0	#1414
out_new_n2157_:new_n2156_	0	54	0	#1415
out_new_n2158_:new_n2156_	0	53	0	#1416
out_new_n2159_:new_n1213_	351	415	0	#1417
new_n2160_	1	231	0	#1418
out_new_n2161_:new_n2160_	0	231	0	#1419
out_new_n2162_:new_n1787_	346	415	0	#1420
new_n2163_	306	1	0	#1421
out_new_n2164_:new_n2163_	306	0	0	#1422
out_new_n2165_:new_n1787_	91	415	0	#1423
new_n2166_	1	18	0	#1424
out_new_n2167_:new_n2166_	0	19	0	#1425
out_new_n2168_:new_n1213_	415	142	0	#1426
new_n2169_	46	1	0	#1427
new_n2170_	45	1	0	#1428
out_new_n2171_:new_n2170_	45	0	0	#1429
out_new_n2172_:new_n2170_	46	0	0	#1430
out_new_n2173_:new_n1787_	0	93	0	#1431
new_n2174_	1	269	0	#1432
out_new_n2175_:new_n2174_	0	269	0	#1433
out_new_n2176_:new_n1213_	0	364	0	#1434
new_n2177_	413	308	0	#1435
new_n2178_	414	308	0	#1436
out_new_n2179_:new_n2178_	415	310	0	#1437
out_new_n2180_:new_n2178_	415	311	0	#1438
out_new_n2181_:new_n1787_	76	0	0	#1439
new_n2182_	125	1	0	#1440
out_new_n2183_:new_n2182_	125	0	0	#1441
out_new_n2184_:new_n1213_	364	0	0	#1442
new_n2185_	413	222	0	#1443
new_n2186_	413	223	0	#1444
out_new_n2187_:new_n2186_	415	238	0	#1445
out_new_n2188_:new_n2186_	415	237	0	#1446
out_new_n2189_:new_n1787_	415	286	0	#1447
new_n2190_	413	281	0	#1448
out_new_n2191_:new_n2190_	415	281	0	#1449
out_new_n2192_:new_n1213_	0	304	0	#1450
new_n2193_	64	1	0	#1451
new_n2194_	63	1	0	#1452
out_new_n2195_:new_n2194_	62	0	0	#1453
out_new_n2196_:new_n2194_	63	0	0	#1454
out_new_n2197_:new_n1787_	134	0	0	#1455
new_n2198_	414	62	0	#1456
out_new_n2199_:new_n2198_	415	62	0	#1457
out_new_n2200_:new_n1213_	368	415	0	#1458
new_n2201_	242	1	0	#1459
new_n2202_	241	1	0	#1460
out_new_n2203_:new_n2202_	241	0	0	#1461
out_new_n2204_:new_n2202_	242	0	0	#1462
out_new_n2205_:new_n1787_	95	0	0	#1463
new_n2206_	218	396	0	#1464
out_new_n2207_:new_n2206_	218	415	0	#1465
out_new_n2208_:new_n1213_	415	69	0	#1466
new_n2209_	2	219	0	#1467
new_n2210_	2	220	0	#1468
out_new_n2211_:new_n2210_	0	234	0	#1469
out_new_n2212_:new_n2210_	0	233	0	#1470
out_new_n2213_:new_n1213_	415	108	0	#1471
new_n2214_	353	1	0	#1472
out_new_n2215_:new_n2214_	353	0	0	#1473
out_new_n2216_:new_n1787_	186	0	0	#1474
new_n2217_	278	1	0	#1475
out_new_n2218_:new_n2217_	278	0	0	#1476
out_new_n2219_:new_n1787_	0	352	0	#1477
new_n2220_	156	396	0	#1478
out_new_n2221_:new_n2220_	156	415	0	#1479
out_new_n2222_:new_n1213_	113	0	0	#1480
new_n2223_	2	192	0	#1481
new_n2224_	2	193	0	#1482
out_new_n2225_:new_n2224_	0	201	0	#1483
out_new_n2226_:new_n2224_	0	202	0	#1484
out_new_n2227_:new_n1787_	325	0	0	#1485
new_n2228_	355	403	0	#1486
out_new_n2229_:new_n2228_	355	415	0	#1487
out_new_n2230_:new_n1213_	350	0	0	#1488
new_n2231_	317	1	0	#1489
new_n2232_	318	1	0	#1490
out_new_n2233_:new_n2232_	318	0	0	#1491
out_new_n2234_:new_n2232_	319	0	0	#1492
out_new_n2235_:new_n1787_	286	0	0	#1493
new_n2236_	238	1	0	#1494
out_new_n2237_:new_n2236_	238	0	0	#1495
out_new_n2238_:new_n1213_	288	415	0	#1496
new_n2239_	1	52	0	#1497
new_n2240_	1	53	0	#1498
out_new_n2241_:new_n2240_	0	56	0	#1499
out_new_n2242_:new_n2240_	0	58	0	#1500
out_new_n2243_:new_n1787_	138	415	0	#1501
new_n2244_	1	244	0	#1502
out_new_n2245_:new_n2244_	0	244	0	#1503
out_new_n2246_:new_n1213_	137	415	0	#1504
new_n2247_	299	1	0	#1505
new_n2248_	300	1	0	#1506
out_new_n2249_:new_n2248_	300	0	0	#1507
out_new_n2250_:new_n2248_	301	0	0	#1508
out_new_n2251_:new_n1787_	415	251	0	#1509
new_n2252_	1	46	0	#1510
out_new_n2253_:new_n2252_	0	47	0	#1511
out_new_n2254_:new_n1213_	415	157	0	#1512
new_n2255_	396	395	0	#1513
new_n2256_	396	396	0	#1514
out_new_n2257_:new_n2256_	397	415	0	#1515
out_new_n2258_:new_n2256_	396	415	0	#1516
out_new_n2259_:new_n1787_	19	415	0	#1517
new_n2260_	413	360	0	#1518
out_new_n2261_:new_n2260_	415	360	0	#1519
out_new_n2262_:new_n1213_	83	415	0	#1520
new_n2263_	1	236	0	#1521
new_n2264_	1	237	0	#1522
out_new_n2265_:new_n2264_	0	251	0	#1523
out_new_n2266_:new_n2264_	0	250	0	#1524
out_new_n2267_:new_n1213_	415	124	0	#1525
new_n2268_	414	361	0	#1526
out_new_n2269_:new_n2268_	415	362	0	#1527
out_new_n2270_:new_n1787_	71	0	0	#1528
new_n2271_	1	4	0	#1529
out_new_n2272_:new_n2271_	0	4	0	#1530
out_new_n2273_:new_n1787_	0	238	0	#1531
new_n2274_	109	393	0	#1532
out_new_n2275_:new_n2274_	109	415	0	#1533
out_new_n2276_:new_n1213_	276	0	0	#1534
new_n2277_	297	394	0	#1535
new_n2278_	297	395	0	#1536
out_new_n2279_:new_n2278_	297	415	0	#1537
out_new_n2280_:new_n2278_	298	415	0	#1538
out_new_n2281_:new_n1213_	0	196	0	#1539
new_n2282_	411	1	0	#1540
out_new_n2283_:new_n2282_	411	0	0	#1541
out_new_n2284_:new_n1787_	284	0	0	#1542
new_n2285_	1	286	0	#1543
out_new_n2286_:new_n2285_	0	287	0	#1544
out_new_n2287_:new_n1787_	307	415	0	#1545
new_n2288_	231	398	0	#1546
out_new_n2289_:new_n2288_	231	415	0	#1547
out_new_n2290_:new_n1213_	343	415	0	#1548
new_n2291_	414	209	0	#1549
out_new_n2292_:new_n2291_	415	209	0	#1550
out_new_n2293_:new_n1787_	415	341	0	#1551
new_n2294_	69	1	0	#1552
out_new_n2295_:new_n2294_	69	0	0	#1553
out_new_n2296_:new_n1787_	415	105	0	#1554
new_n2297_	1	44	0	#1555
out_new_n2298_:new_n2297_	0	44	0	#1556
out_new_n2299_:new_n1213_	0	306	0	#1557
new_n2300_	350	1	0	#1558
new_n2301_	351	1	0	#1559
out_new_n2302_:new_n2301_	352	0	0	#1560
out_new_n2303_:new_n2301_	351	0	0	#1561
out_new_n2304_:new_n1787_	265	415	0	#1562
new_n2305_	1	284	0	#1563
out_new_n2306_:new_n2305_	0	285	0	#1564
out_new_n2307_:new_n1213_	415	79	0	#1565
new_n2308_	2	157	0	#1566
new_n2309_	2	158	0	#1567
out_new_n2310_:new_n2309_	0	164	0	#1568
out_new_n2311_:new_n1213_	270	415	0	#1569
new_n2312_	39	398	0	#1570
out_new_n2313_:new_n2312_	39	415	0	#1571
out_new_n2314_:new_n1787_	0	240	0	#1572
new_n2315_	413	268	0	#1573
new_n2316_	414	268	0	#1574
out_new_n2317_:new_n2316_	415	268	0	#1575
out_new_n2318_:new_n1787_	0	203	0	#1576
new_n2319_	2	121	0	#1577
new_n2320_	2	123	0	#1578
new_n2321_	1	124	0	#1579
out_new_n2322_:new_n2321_	0	124	0	#1580
out_new_n2323_:new_n2309_	0	163	0	#1581
new_n2324_	2	124	0	#1582
new_n2325_	2	125	0	#1583
new_n2326_	2	126	0	#1584
new_n2327_	2	127	0	#1585
new_n2328_	2	128	0	#1586
out_new_n2329_:new_n2328_	0	128	0	#1587
out_new_n2330_:new_n1213_	0	308	0	#1588
new_n2331_	413	127	0	#1589
new_n2332_	413	128	0	#1590
new_n2333_	414	128	0	#1591
out_new_n2334_:new_n2333_	415	129	0	#1592
new_n2335_	413	129	0	#1593
new_n2336_	413	130	0	#1594
new_n2337_	414	131	0	#1595
out_new_n2338_:new_n2337_	415	132	0	#1596
new_n2339_	413	131	0	#1597
new_n2340_	413	132	0	#1598
new_n2341_	414	134	0	#1599
out_new_n2342_:new_n2341_	415	134	0	#1600
new_n2343_	414	132	0	#1601
new_n2344_	414	133	0	#1602
out_new_n2345_:new_n2344_	415	133	0	#1603
out_new_n2346_:new_n1787_	86	0	0	#1604
new_n2347_	296	1	0	#1605
out_new_n2348_:new_n2347_	296	0	0	#1606
out_new_n2349_:new_n1213_	415	343	0	#1607
new_n2350_	42	227	0	#1608
new_n2351_	42	226	0	#1609
new_n2352_	42	228	0	#1610
new_n2353_	42	306	0	#1611
out_new_n2354_:new_n2353_	42	415	0	#1612
new_n2355_	39	221	0	#1613
new_n2356_	37	221	0	#1614
new_n2357_	29	221	0	#1615
out_new_n2358_:new_n2357_	0	221	0	#1616
new_n2359_	32	202	0	#1617
new_n2360_	32	201	0	#1618
new_n2361_	32	200	0	#1619
new_n2362_	30	200	0	#1620
new_n2363_	28	200	0	#1621
new_n2364_	20	200	0	#1622
new_n2365_	16	200	0	#1623
new_n2366_	14	200	0	#1624
new_n2367_	12	200	0	#1625
new_n2368_	10	200	0	#1626
new_n2369_	8	200	0	#1627
new_n2370_	2	200	0	#1628
out_new_n2371_:new_n2370_	0	200	0	#1629
out_new_n2372_:new_n1787_	0	302	0	#1630
new_n2373_	308	399	0	#1631
out_new_n2374_:new_n2373_	308	415	0	#1632
out_new_n2375_:new_n1213_	243	415	0	#1633
new_n2376_	230	35	0	#1634
new_n2377_	230	34	0	#1635
new_n2378_	356	34	0	#1636
new_n2379_	382	34	0	#1637
out_new_n2380_:new_n2379_	415	34	0	#1638
new_n2381_	226	1	0	#1639
new_n2382_	220	1	0	#1640
new_n2383_	219	1	0	#1641
out_new_n2384_:new_n2383_	219	0	0	#1642
new_n2385_	218	1	0	#1643
new_n2386_	216	1	0	#1644
new_n2387_	205	1	0	#1645
new_n2388_	204	2	0	#1646
new_n2389_	202	2	0	#1647
new_n2390_	200	2	0	#1648
new_n2391_	193	1	0	#1649
new_n2392_	191	1	0	#1650
new_n2393_	190	1	0	#1651
new_n2394_	189	1	0	#1652
new_n2395_	188	1	0	#1653
new_n2396_	187	1	0	#1654
out_new_n2397_:new_n2396_	187	0	0	#1655
out_new_n2398_:new_n1787_	415	329	0	#1656
new_n2399_	317	404	0	#1657
out_new_n2400_:new_n2399_	317	415	0	#1658
out_new_n2401_:new_n1213_	415	320	0	#1659
new_n2402_	251	3	0	#1660
new_n2403_	251	2	0	#1661
new_n2404_	252	1	0	#1662
new_n2405_	251	1	0	#1663
out_new_n2406_:new_n2405_	251	0	0	#1664
new_n2407_	252	2	0	#1665
new_n2408_	250	2	0	#1666
new_n2409_	250	1	0	#1667
out_new_n2410_:new_n2409_	250	0	0	#1668
new_n2411_	250	3	0	#1669
new_n2412_	249	3	0	#1670
new_n2413_	249	2	0	#1671
new_n2414_	246	2	0	#1672
new_n2415_	246	1	0	#1673
new_n2416_	245	1	0	#1674
new_n2417_	244	1	0	#1675
new_n2418_	244	2	0	#1676
new_n2419_	243	2	0	#1677
new_n2420_	243	1	0	#1678
out_new_n2421_:new_n2420_	243	0	0	#1679
new_n2422_	169	236	0	#1680
out_new_n2423_:new_n2422_	169	415	0	#1681
out_new_n2424_:new_n1213_	77	0	0	#1682
new_n2425_	1	19	0	#1683
out_new_n2426_:new_n2425_	0	20	0	#1684
out_new_n2427_:new_n1787_	40	415	0	#1685
new_n2428_	149	383	0	#1686
new_n2429_	149	384	0	#1687
out_new_n2430_:new_n2429_	149	415	0	#1688
out_new_n2431_:new_n1213_	369	415	0	#1689
new_n2432_	382	404	0	#1690
out_new_n2433_:new_n2432_	382	415	0	#1691
out_new_n2434_:new_n1787_	242	415	0	#1692
new_n2435_	121	2	0	#1693
new_n2436_	121	1	0	#1694
out_new_n2437_:new_n2436_	121	0	0	#1695
out_new_n2438_:new_n1787_	357	0	0	#1696
new_n2439_	229	1	0	#1697
out_new_n2440_:new_n2439_	229	0	0	#1698
out_new_n2441_:new_n1213_	180	415	0	#1699
new_n2442_	294	390	0	#1700
new_n2443_	294	391	0	#1701
new_n2444_	294	401	0	#1702
out_new_n2445_:new_n1787_	0	111	0	#1703
new_n2446_	55	397	0	#1704
out_new_n2447_:new_n2446_	55	415	0	#1705
out_new_n2448_:new_n1213_	415	354	0	#1706
new_n2449_	39	2	0	#1707
new_n2450_	39	1	0	#1708
out_new_n2451_:new_n2450_	39	0	0	#1709
new_n2452_	295	401	0	#1710
out_new_n2453_:new_n2452_	295	415	0	#1711
new_n2454_	169	171	0	#1712
out_new_n2455_:new_n1787_	415	342	0	#1713
new_n2456_	136	1	0	#1714
out_new_n2457_:new_n2456_	136	0	0	#1715
out_new_n2458_:new_n1213_	223	0	0	#1716
new_n2459_	414	184	0	#1717
new_n2460_	414	185	0	#1718
out_new_n2461_:new_n2460_	415	186	0	#1719
out_new_n2462_:new_n1213_	48	0	0	#1720
new_n2463_	371	1	0	#1721
out_new_n2464_:new_n2463_	371	0	0	#1722
out_new_n2465_:new_n1787_	415	208	0	#1723
new_n2466_	366	2	0	#1724
new_n2467_	366	1	0	#1725
out_new_n2468_:new_n2467_	367	0	0	#1726
out_new_n2469_:new_n1787_	415	47	0	#1727
new_n2470_	116	1	0	#1728
out_new_n2471_:new_n2470_	116	0	0	#1729
out_new_n2472_:new_n1213_	194	0	0	#1730
new_n2473_	298	1	0	#1731
new_n2474_	297	1	0	#1732
new_n2475_	295	1	0	#1733
out_new_n2476_:new_n2110_	415	151	0	#1734
new_n2477_	294	1	0	#1735
new_n2478_	292	1	0	#1736
out_new_n2479_:new_n2478_	292	0	0	#1737
new_n2480_	169	2	0	#1738
new_n2481_	169	1	0	#1739
new_n2482_	170	1	0	#1740
out_new_n2483_:new_n2482_	170	0	0	#1741
out_new_n2484_:new_n2443_	294	415	0	#1742
out_new_n2485_:new_n2429_	150	415	0	#1743
new_n2486_	41	1	0	#1744
new_n2487_	40	1	0	#1745
out_new_n2488_:new_n2487_	40	0	0	#1746
new_n2489_	120	2	0	#1747
new_n2490_	119	2	0	#1748
new_n2491_	118	2	0	#1749
new_n2492_	118	1	0	#1750
out_new_n2493_:new_n2492_	118	0	0	#1751
out_new_n2494_:new_n2474_	297	0	0	#1752
new_n2495_	414	186	0	#1753
new_n2496_	414	187	0	#1754
out_new_n2497_:new_n2496_	415	187	0	#1755
new_n2498_	367	1	0	#1756
new_n2499_	367	2	0	#1757
new_n2500_	368	2	0	#1758
new_n2501_	369	2	0	#1759
new_n2502_	369	1	0	#1760
out_new_n2503_:new_n2502_	369	0	0	#1761
out_new_n2504_:new_n1787_	44	415	0	#1762
new_n2505_	414	362	0	#1763
out_new_n2506_:new_n2505_	415	363	0	#1764
out_new_n2507_:new_n1213_	280	0	0	#1765
new_n2508_	280	1	0	#1766
new_n2509_	282	1	0	#1767
new_n2510_	286	1	0	#1768
out_new_n2511_:new_n1787_	0	49	0	#1769
new_n2512_	1	343	0	#1770
out_new_n2513_:new_n2512_	0	343	0	#1771
out_new_n2514_:new_n1213_	386	0	0	#1772
new_n2515_	414	368	0	#1773
new_n2516_	414	369	0	#1774
out_new_n2517_:new_n2516_	415	370	0	#1775
out_new_n2518_:new_n1213_	415	177	0	#1776
new_n2519_	132	401	0	#1777
out_new_n2520_:new_n2519_	132	415	0	#1778
out_new_n2521_:new_n1787_	46	415	0	#1779
new_n2522_	136	2	0	#1780
new_n2523_	135	2	0	#1781
out_new_n2524_:new_n2523_	135	0	0	#1782
out_new_n2525_:new_n1787_	415	211	0	#1783
new_n2526_	413	219	0	#1784
out_new_n2527_:new_n2526_	415	219	0	#1785
out_new_n2528_:new_n1213_	136	415	0	#1786
new_n2529_	1	245	0	#1787
new_n2530_	1	246	0	#1788
new_n2531_	1	247	0	#1789
out_new_n2532_:new_n2081_	179	0	0	#1790
new_n2533_	2	247	0	#1791
new_n2534_	2	248	0	#1792
out_new_n2535_:new_n2534_	0	248	0	#1793
new_n2536_	293	1	0	#1794
new_n2537_	301	1	0	#1795
new_n2538_	311	1	0	#1796
out_new_n2539_:new_n2538_	311	0	0	#1797
out_new_n2540_:new_n2095_	355	0	0	#1798
out_new_n2541_:new_n2088_	0	346	0	#1799
new_n2542_	279	284	0	#1800
new_n2543_	281	1	0	#1801
out_new_n2544_:new_n2543_	281	0	0	#1802
new_n2545_	278	284	0	#1803
new_n2546_	277	284	0	#1804
new_n2547_	277	285	0	#1805
new_n2548_	277	286	0	#1806
out_new_n2549_:new_n2548_	277	415	0	#1807
out_new_n2550_:new_n2530_	0	247	0	#1808
new_n2551_	414	370	0	#1809
new_n2552_	414	371	0	#1810
out_new_n2553_:new_n2552_	415	372	0	#1811
new_n2554_	135	1	0	#1812
new_n2555_	134	1	0	#1813
new_n2556_	134	2	0	#1814
new_n2557_	133	2	0	#1815
new_n2558_	133	1	0	#1816
out_new_n2559_:new_n2558_	133	0	0	#1817
out_new_n2560_:new_n1213_	415	407	0	#1818
new_n2561_	1	160	0	#1819
out_new_n2562_:new_n2561_	0	161	0	#1820
out_new_n2563_:new_n1787_	210	415	0	#1821
new_n2564_	413	166	0	#1822
new_n2565_	413	167	0	#1823
out_new_n2566_:new_n2565_	415	190	0	#1824
out_new_n2567_:new_n1787_	225	415	0	#1825
new_n2568_	1	223	0	#1826
out_new_n2569_:new_n2568_	0	224	0	#1827
out_new_n2570_:new_n1213_	0	277	0	#1828
new_n2571_	186	1	0	#1829
new_n2572_	185	1	0	#1830
out_new_n2573_:new_n2572_	185	0	0	#1831
out_new_n2574_:new_n1213_	415	136	0	#1832
new_n2575_	414	307	0	#1833
out_new_n2576_:new_n2575_	415	307	0	#1834
out_new_n2577_:new_n1787_	0	359	0	#1835
new_n2578_	376	1	0	#1836
new_n2579_	377	1	0	#1837
new_n2580_	379	1	0	#1838
out_new_n2581_:new_n1787_	84	415	0	#1839
new_n2582_	247	409	0	#1840
out_new_n2583_:new_n2582_	247	415	0	#1841
out_new_n2584_:new_n1213_	91	0	0	#1842
new_n2585_	203	388	0	#1843
new_n2586_	203	389	0	#1844
out_new_n2587_:new_n2586_	203	415	0	#1845
out_new_n2588_:new_n1213_	387	415	0	#1846
new_n2589_	414	35	0	#1847
out_new_n2590_:new_n2589_	415	36	0	#1848
out_new_n2591_:new_n1787_	0	123	0	#1849
new_n2592_	389	1	0	#1850
new_n2593_	390	1	0	#1851
new_n2594_	391	1	0	#1852
out_new_n2595_:new_n2594_	391	0	0	#1853
new_n2596_	381	2	0	#1854
new_n2597_	383	2	0	#1855
out_new_n2598_:new_n1213_	236	415	0	#1856
new_n2599_	1	54	0	#1857
out_new_n2600_:new_n2599_	0	55	0	#1858
out_new_n2601_:new_n1787_	415	377	0	#1859
new_n2602_	3	205	0	#1860
new_n2603_	3	206	0	#1861
out_new_n2604_:new_n2603_	0	206	0	#1862
out_new_n2605_:new_n1787_	415	54	0	#1863
new_n2606_	1	339	0	#1864
out_new_n2607_:new_n2606_	0	340	0	#1865
out_new_n2608_:new_n1213_	0	70	0	#1866
new_n2609_	413	47	0	#1867
new_n2610_	413	48	0	#1868
new_n2611_	413	49	0	#1869
out_new_n2612_:new_n1787_	85	415	0	#1870
new_n2613_	414	104	0	#1871
out_new_n2614_:new_n2613_	415	104	0	#1872
out_new_n2615_:new_n1213_	26	415	0	#1873
new_n2616_	220	382	0	#1874
new_n2617_	220	383	0	#1875
out_new_n2618_:new_n2617_	220	415	0	#1876
new_n2619_	413	50	0	#1877
out_new_n2620_:new_n2619_	415	50	0	#1878
new_n2621_	385	2	0	#1879
new_n2622_	385	1	0	#1880
out_new_n2623_:new_n2622_	385	0	0	#1881
out_new_n2624_:new_n2586_	204	415	0	#1882
out_new_n2625_:new_n2610_	415	49	0	#1883
out_new_n2626_:new_n2565_	415	189	0	#1884
new_n2627_	220	399	0	#1885
new_n2628_	219	399	0	#1886
out_new_n2629_:new_n2628_	219	415	0	#1887
new_n2630_	1	206	0	#1888
new_n2631_	1	207	0	#1889
new_n2632_	1	208	0	#1890
new_n2633_	1	209	0	#1891
out_new_n2634_:new_n2633_	0	209	0	#1892
out_new_n2635_:new_n2572_	184	0	0	#1893
new_n2636_	392	1	0	#1894
new_n2637_	378	1	0	#1895
out_new_n2638_:new_n2637_	378	0	0	#1896
new_n2639_	394	1	0	#1897
new_n2640_	396	1	0	#1898
new_n2641_	398	1	0	#1899
new_n2642_	400	1	0	#1900
new_n2643_	402	1	0	#1901
out_new_n2644_:new_n2643_	402	0	0	#1902
out_new_n2645_:new_n1787_	0	239	0	#1903
new_n2646_	76	398	0	#1904
out_new_n2647_:new_n2646_	76	415	0	#1905
out_new_n2648_:new_n1213_	349	0	0	#1906
new_n2649_	414	29	0	#1907
new_n2650_	414	30	0	#1908
out_new_n2651_:new_n2650_	415	38	0	#1909
out_new_n2652_:new_n1787_	0	48	0	#1910
new_n2653_	321	1	0	#1911
out_new_n2654_:new_n2653_	321	0	0	#1912
out_new_n2655_:new_n1213_	415	288	0	#1913
new_n2656_	414	152	0	#1914
new_n2657_	414	153	0	#1915
out_new_n2658_:new_n2657_	415	153	0	#1916
out_new_n2659_:new_n1787_	415	357	0	#1917
new_n2660_	97	393	0	#1918
out_new_n2661_:new_n2660_	97	415	0	#1919
out_new_n2662_:new_n1213_	415	383	0	#1920
new_n2663_	170	181	0	#1921
new_n2664_	170	182	0	#1922
new_n2665_	136	183	0	#1923
out_new_n2666_:new_n2665_	0	183	0	#1924
out_new_n2667_:new_n1787_	169	0	0	#1925
new_n2668_	413	218	0	#1926
out_new_n2669_:new_n2668_	415	218	0	#1927
out_new_n2670_:new_n1213_	0	390	0	#1928
new_n2671_	30	1	0	#1929
new_n2672_	28	1	0	#1930
new_n2673_	26	1	0	#1931
out_new_n2674_:new_n1787_	0	387	0	#1932
new_n2675_	1	92	0	#1933
out_new_n2676_:new_n2675_	0	92	0	#1934
out_new_n2677_:new_n1213_	415	270	0	#1935
new_n2678_	54	1	0	#1936
new_n2679_	55	1	0	#1937
out_new_n2680_:new_n2679_	57	0	0	#1938
out_new_n2681_:new_n1213_	112	0	0	#1939
new_n2682_	44	1	0	#1940
out_new_n2683_:new_n2682_	44	0	0	#1941
out_new_n2684_:new_n1787_	377	0	0	#1942
new_n2685_	1	11	0	#1943
new_n2686_	1	10	0	#1944
out_new_n2687_:new_n2686_	0	9	0	#1945
out_new_n2688_:new_n1787_	38	415	0	#1946
new_n2689_	101	402	0	#1947
out_new_n2690_:new_n2689_	101	415	0	#1948
out_new_n2691_:new_n1213_	15	415	0	#1949
new_n2692_	414	261	0	#1950
new_n2693_	414	262	0	#1951
new_n2694_	413	265	0	#1952
out_new_n2695_:new_n1787_	415	356	0	#1953
new_n2696_	1	178	0	#1954
out_new_n2697_:new_n2696_	0	178	0	#1955
out_new_n2698_:new_n1213_	103	0	0	#1956
new_n2699_	354	387	0	#1957
new_n2700_	354	388	0	#1958
out_new_n2701_:new_n2700_	353	415	0	#1959
new_n2702_	413	266	0	#1960
new_n2703_	414	266	0	#1961
out_new_n2704_:new_n2703_	415	266	0	#1962
new_n2705_	25	1	0	#1963
new_n2706_	23	1	0	#1964
new_n2707_	22	1	0	#1965
out_new_n2708_:new_n2707_	22	0	0	#1966
out_new_n2709_:new_n2700_	354	415	0	#1967
out_new_n2710_:new_n2657_	415	154	0	#1968
out_new_n2711_:new_n2650_	415	37	0	#1969
new_n2712_	287	183	0	#1970
new_n2713_	29	1	0	#1971
out_new_n2714_:new_n2713_	29	0	0	#1972
new_n2715_	295	183	0	#1973
new_n2716_	305	183	0	#1974
new_n2717_	385	183	0	#1975
new_n2718_	403	183	0	#1976
out_new_n2719_:new_n2718_	415	183	0	#1977
out_new_n2720_:new_n2693_	415	265	0	#1978
new_n2721_	57	1	0	#1979
new_n2722_	58	1	0	#1980
out_new_n2723_:new_n2722_	58	0	0	#1981
new_n2724_	1	9	0	#1982
new_n2725_	1	8	0	#1983
new_n2726_	1	7	0	#1984
new_n2727_	2	7	0	#1985
new_n2728_	2	8	0	#1986
out_new_n2729_:new_n2728_	0	8	0	#1987
new_n2730_	413	61	0	#1988
new_n2731_	413	62	0	#1989
new_n2732_	413	63	0	#1990
out_new_n2733_:new_n2732_	415	63	0	#1991
new_n2734_	414	210	0	#1992
out_new_n2735_:new_n2734_	415	210	0	#1993
out_new_n2736_:new_n1787_	263	415	0	#1994
new_n2737_	414	328	0	#1995
out_new_n2738_:new_n2737_	415	328	0	#1996
out_new_n2739_:new_n1213_	85	0	0	#1997
new_n2740_	1	105	0	#1998
new_n2741_	1	106	0	#1999
out_new_n2742_:new_n2741_	0	109	0	#2000
out_new_n2743_:new_n1787_	415	391	0	#2001
new_n2744_	1	288	0	#2002
out_new_n2745_:new_n2744_	0	289	0	#2003
out_new_n2746_:new_n1213_	37	415	0	#2004
new_n2747_	116	390	0	#2005
new_n2748_	116	391	0	#2006
out_new_n2749_:new_n2748_	117	415	0	#2007
out_new_n2750_:new_n1213_	293	415	0	#2008
new_n2751_	414	34	0	#2009
out_new_n2752_:new_n2751_	415	35	0	#2010
out_new_n2753_:new_n1787_	64	415	0	#2011
new_n2754_	257	2	0	#2012
new_n2755_	256	2	0	#2013
new_n2756_	255	2	0	#2014
out_new_n2757_:new_n2756_	254	0	0	#2015
out_new_n2758_:new_n1787_	0	114	0	#2016
new_n2759_	38	1	0	#2017
out_new_n2760_:new_n2759_	38	0	0	#2018
out_new_n2761_:new_n1213_	110	0	0	#2019
new_n2762_	67	210	0	#2020
new_n2763_	67	211	0	#2021
new_n2764_	63	211	0	#2022
new_n2765_	59	211	0	#2023
new_n2766_	51	211	0	#2024
out_new_n2767_:new_n2766_	0	212	0	#2025
out_new_n2768_:new_n2748_	116	415	0	#2026
out_new_n2769_:new_n2741_	0	110	0	#2027
new_n2770_	67	212	0	#2028
new_n2771_	67	213	0	#2029
new_n2772_	67	294	0	#2030
out_new_n2773_:new_n2772_	67	415	0	#2031
new_n2774_	254	2	0	#2032
new_n2775_	253	2	0	#2033
new_n2776_	253	3	0	#2034
new_n2777_	252	3	0	#2035
out_new_n2778_:new_n2777_	252	0	0	#2036
new_n2779_	4	3	0	#2037
new_n2780_	4	2	0	#2038
new_n2781_	4	1	0	#2039
out_new_n2782_:new_n2781_	4	0	0	#2040
new_n2783_	2	81	0	#2041
out_new_n2784_:new_n2783_	0	81	0	#2042
out_new_n2785_:new_n1787_	415	156	0	#2043
new_n2786_	414	90	0	#2044
out_new_n2787_:new_n2786_	415	90	0	#2045
out_new_n2788_:new_n1213_	51	0	0	#2046
new_n2789_	413	30	0	#2047
new_n2790_	414	31	0	#2048
out_new_n2791_:new_n2790_	415	46	0	#2049
out_new_n2792_:new_n1787_	200	415	0	#2050
new_n2793_	5	1	0	#2051
out_new_n2794_:new_n2793_	5	0	0	#2052
out_new_n2795_:new_n1213_	0	120	0	#2053
new_n2796_	138	1	0	#2054
new_n2797_	139	1	0	#2055
out_new_n2798_:new_n2797_	139	0	0	#2056
out_new_n2799_:new_n1213_	0	122	0	#2057
new_n2800_	1	293	0	#2058
out_new_n2801_:new_n2800_	0	294	0	#2059
out_new_n2802_:new_n1787_	250	415	0	#2060
new_n2803_	306	381	0	#2061
new_n2804_	306	382	0	#2062
new_n2805_	306	388	0	#2063
out_new_n2806_:new_n2805_	306	415	0	#2064
out_new_n2807_:new_n1787_	93	0	0	#2065
new_n2808_	19	1	0	#2066
out_new_n2809_:new_n2808_	19	0	0	#2067
out_new_n2810_:new_n1213_	54	415	0	#2068
new_n2811_	20	324	0	#2069
new_n2812_	19	324	0	#2070
new_n2813_	15	325	0	#2071
new_n2814_	11	325	0	#2072
new_n2815_	3	325	0	#2073
out_new_n2816_:new_n2815_	0	325	0	#2074
out_new_n2817_:new_n2797_	138	0	0	#2075
out_new_n2818_:new_n2790_	415	45	0	#2076
new_n2819_	19	325	0	#2077
new_n2820_	20	325	0	#2078
new_n2821_	20	328	0	#2079
out_new_n2822_:new_n2821_	20	415	0	#2080
new_n2823_	306	387	0	#2081
new_n2824_	307	387	0	#2082
new_n2825_	309	387	0	#2083
new_n2826_	309	388	0	#2084
out_new_n2827_:new_n2826_	309	415	0	#2085
new_n2828_	318	14	0	#2086
new_n2829_	319	1	0	#2087
new_n2830_	320	1	0	#2088
out_new_n2831_:new_n2830_	320	0	0	#2089
new_n2832_	209	1	0	#2090
out_new_n2833_:new_n2832_	209	0	0	#2091
out_new_n2834_:new_n1787_	291	0	0	#2092
new_n2835_	321	399	0	#2093
out_new_n2836_:new_n2835_	321	415	0	#2094
out_new_n2837_:new_n1213_	415	91	0	#2095
new_n2838_	414	310	0	#2096
new_n2839_	414	311	0	#2097
out_new_n2840_:new_n2839_	415	314	0	#2098
out_new_n2841_:new_n1787_	415	202	0	#2099
new_n2842_	1	1	0	#2100
out_new_n2843_:new_n2842_	1	0	0	#2101
out_new_n2844_:new_n1213_	50	0	0	#2102
new_n2845_	18	1	0	#2103
new_n2846_	17	1	0	#2104
out_new_n2847_:new_n2846_	17	0	0	#2105
out_new_n2848_:new_n1213_	221	415	0	#2106
new_n2849_	10	398	0	#2107
out_new_n2850_:new_n2849_	10	415	0	#2108
out_new_n2851_:new_n1787_	415	212	0	#2109
new_n2852_	307	1	0	#2110
new_n2853_	308	1	0	#2111
new_n2854_	309	1	0	#2112
out_new_n2855_:new_n2854_	309	0	0	#2113
out_new_n2856_:new_n1787_	372	0	0	#2114
new_n2857_	414	285	0	#2115
out_new_n2858_:new_n2857_	415	285	0	#2116
out_new_n2859_:new_n1213_	0	400	0	#2117
new_n2860_	3	127	0	#2118
new_n2861_	3	128	0	#2119
new_n2862_	3	130	0	#2120
new_n2863_	3	131	0	#2121
new_n2864_	1	131	0	#2122
out_new_n2865_:new_n2864_	0	134	0	#2123
out_new_n2866_:new_n2846_	18	0	0	#2124
out_new_n2867_:new_n2839_	415	315	0	#2125
new_n2868_	2	130	0	#2126
new_n2869_	2	131	0	#2127
new_n2870_	2	132	0	#2128
out_new_n2871_:new_n2870_	0	132	0	#2129
new_n2872_	310	1	0	#2130
new_n2873_	312	1	0	#2131
new_n2874_	313	1	0	#2132
new_n2875_	314	1	0	#2133
out_new_n2876_:new_n2875_	314	0	0	#2134
new_n2877_	1	297	0	#2135
new_n2878_	1	298	0	#2136
new_n2879_	1	299	0	#2137
out_new_n2880_:new_n2879_	0	299	0	#2138
new_n2881_	52	391	0	#2139
out_new_n2882_:new_n2881_	52	415	0	#2140
out_new_n2883_:new_n1787_	146	415	0	#2141
new_n2884_	414	14	0	#2142
out_new_n2885_:new_n2884_	415	15	0	#2143
out_new_n2886_:new_n1213_	302	415	0	#2144
new_n2887_	339	1	0	#2145
new_n2888_	340	1	0	#2146
out_new_n2889_:new_n2888_	340	0	0	#2147
out_new_n2890_:new_n1787_	176	415	0	#2148
new_n2891_	1	222	0	#2149
out_new_n2892_:new_n2891_	0	223	0	#2150
out_new_n2893_:new_n1213_	415	275	0	#2151
new_n2894_	1	242	0	#2152
new_n2895_	1	243	0	#2153
out_new_n2896_:new_n2895_	0	246	0	#2154
out_new_n2897_:new_n1213_	107	415	0	#2155
new_n2898_	356	1	0	#2156
out_new_n2899_:new_n2898_	356	0	0	#2157
out_new_n2900_:new_n1787_	106	415	0	#2158
new_n2901_	322	1	0	#2159
new_n2902_	323	1	0	#2160
new_n2903_	324	1	0	#2161
out_new_n2904_:new_n2903_	324	0	0	#2162
out_new_n2905_:new_n1787_	195	0	0	#2163
new_n2906_	279	1	0	#2164
out_new_n2907_:new_n2906_	279	0	0	#2165
out_new_n2908_:new_n1213_	405	415	0	#2166
new_n2909_	130	2	0	#2167
new_n2910_	129	2	0	#2168
new_n2911_	129	1	0	#2169
new_n2912_	131	1	0	#2170
new_n2913_	130	1	0	#2171
out_new_n2914_:new_n2913_	130	0	0	#2172
out_new_n2915_:new_n2895_	0	245	0	#2173
out_new_n2916_:new_n2888_	341	0	0	#2174
new_n2917_	127	2	0	#2175
new_n2918_	128	2	0	#2176
new_n2919_	128	1	0	#2177
out_new_n2920_:new_n2919_	128	0	0	#2178
new_n2921_	325	1	0	#2179
new_n2922_	326	1	0	#2180
new_n2923_	328	1	0	#2181
new_n2924_	327	1	0	#2182
out_new_n2925_:new_n2924_	327	0	0	#2183
new_n2926_	182	383	0	#2184
new_n2927_	182	384	0	#2185
new_n2928_	182	385	0	#2186
out_new_n2929_:new_n2928_	182	415	0	#2187
new_n2930_	37	168	0	#2188
out_new_n2931_:new_n2930_	0	168	0	#2189
out_new_n2932_:new_n1787_	56	415	0	#2190
new_n2933_	414	336	0	#2191
out_new_n2934_:new_n2933_	415	336	0	#2192
out_new_n2935_:new_n1213_	415	75	0	#2193
new_n2936_	1	322	0	#2194
new_n2937_	1	323	0	#2195
out_new_n2938_:new_n2937_	0	330	0	#2196
out_new_n2939_:new_n1787_	0	367	0	#2197
new_n2940_	1	313	0	#2198
out_new_n2941_:new_n2940_	0	313	0	#2199
out_new_n2942_:new_n1213_	415	330	0	#2200
new_n2943_	2	3	0	#2201
new_n2944_	2	4	0	#2202
out_new_n2945_:new_n2944_	0	21	0	#2203
out_new_n2946_:new_n1213_	415	252	0	#2204
new_n2947_	72	397	0	#2205
out_new_n2948_:new_n2947_	72	415	0	#2206
out_new_n2949_:new_n1787_	339	0	0	#2207
new_n2950_	13	282	0	#2208
new_n2951_	13	283	0	#2209
new_n2952_	13	288	0	#2210
out_new_n2953_:new_n2952_	14	415	0	#2211
out_new_n2954_:new_n1787_	415	302	0	#2212
new_n2955_	215	1	0	#2213
out_new_n2956_:new_n2955_	215	0	0	#2214
out_new_n2957_:new_n1213_	259	0	0	#2215
new_n2958_	76	3	0	#2216
new_n2959_	76	2	0	#2217
new_n2960_	72	2	0	#2218
new_n2961_	66	2	0	#2219
new_n2962_	58	2	0	#2220
out_new_n2963_:new_n2962_	0	2	0	#2221
out_new_n2964_:new_n2944_	0	22	0	#2222
out_new_n2965_:new_n2937_	0	329	0	#2223
new_n2966_	76	1	0	#2224
new_n2967_	77	1	0	#2225
new_n2968_	78	1	0	#2226
out_new_n2969_:new_n2968_	78	0	0	#2227
new_n2970_	13	287	0	#2228
new_n2971_	12	287	0	#2229
new_n2972_	10	287	0	#2230
new_n2973_	8	287	0	#2231
out_new_n2974_:new_n2973_	0	290	0	#2232
new_n2975_	2	370	0	#2233
new_n2976_	2	371	0	#2234
new_n2977_	1	371	0	#2235
out_new_n2978_:new_n2977_	0	372	0	#2236
new_n2979_	127	1	0	#2237
out_new_n2980_:new_n2979_	127	0	0	#2238
out_new_n2981_:new_n1787_	0	118	0	#2239
new_n2982_	1	195	0	#2240
out_new_n2983_:new_n2982_	0	195	0	#2241
out_new_n2984_:new_n1213_	415	118	0	#2242
new_n2985_	414	223	0	#2243
new_n2986_	414	224	0	#2244
out_new_n2987_:new_n2986_	415	230	0	#2245
out_new_n2988_:new_n1787_	388	415	0	#2246
new_n2989_	171	397	0	#2247
out_new_n2990_:new_n2989_	171	415	0	#2248
out_new_n2991_:new_n1213_	65	415	0	#2249
new_n2992_	284	1	0	#2250
new_n2993_	283	1	0	#2251
out_new_n2994_:new_n2993_	282	0	0	#2252
out_new_n2995_:new_n1213_	0	112	0	#2253
new_n2996_	414	1	0	#2254
out_new_n2997_:new_n2996_	414	0	0	#2255
out_new_n2998_:new_n1787_	0	194	0	#2256
new_n2999_	194	375	0	#2257
new_n3000_	194	376	0	#2258
new_n3001_	194	382	0	#2259
out_new_n3002_:new_n3001_	194	415	0	#2260
out_new_n3003_:new_n1787_	415	78	0	#2261
new_n3004_	1	210	0	#2262
out_new_n3005_:new_n3004_	0	210	0	#2263
out_new_n3006_:new_n1213_	59	415	0	#2264
new_n3007_	286	384	0	#2265
new_n3008_	286	385	0	#2266
new_n3009_	286	386	0	#2267
new_n3010_	287	387	0	#2268
new_n3011_	287	388	0	#2269
out_new_n3012_:new_n3011_	287	415	0	#2270
out_new_n3013_:new_n2993_	283	0	0	#2271
out_new_n3014_:new_n2986_	415	229	0	#2272
new_n3015_	286	388	0	#2273
new_n3016_	286	389	0	#2274
new_n3017_	286	390	0	#2275
out_new_n3018_:new_n3017_	286	415	0	#2276
new_n3019_	193	382	0	#2277
new_n3020_	192	382	0	#2278
new_n3021_	192	383	0	#2279
new_n3022_	192	384	0	#2280
out_new_n3023_:new_n3022_	192	415	0	#2281
new_n3024_	2	385	0	#2282
new_n3025_	2	386	0	#2283
new_n3026_	1	386	0	#2284
out_new_n3027_:new_n3026_	0	386	0	#2285
new_n3028_	289	1	0	#2286
out_new_n3029_:new_n3028_	289	0	0	#2287
out_new_n3030_:new_n1787_	75	415	0	#2288
new_n3031_	1	12	0	#2289
out_new_n3032_:new_n3031_	0	13	0	#2290
out_new_n3033_:new_n1213_	415	399	0	#2291
new_n3034_	132	2	0	#2292
new_n3035_	132	1	0	#2293
out_new_n3036_:new_n3035_	132	0	0	#2294
out_new_n3037_:new_n1787_	0	399	0	#2295
new_n3038_	414	2	0	#2296
out_new_n3039_:new_n3038_	415	1	0	#2297
out_new_n3040_:new_n1213_	0	155	0	#2298
new_n3041_	134	387	0	#2299
new_n3042_	134	388	0	#2300
out_new_n3043_:new_n3042_	135	415	0	#2301
out_new_n3044_:new_n1213_	323	415	0	#2302
new_n3045_	193	401	0	#2303
out_new_n3046_:new_n3045_	193	415	0	#2304
out_new_n3047_:new_n1787_	298	0	0	#2305
new_n3048_	70	381	0	#2306
new_n3049_	70	382	0	#2307
new_n3050_	70	384	0	#2308
out_new_n3051_:new_n3050_	70	415	0	#2309
out_new_n3052_:new_n1787_	0	360	0	#2310
new_n3053_	1	259	0	#2311
out_new_n3054_:new_n3053_	0	260	0	#2312
out_new_n3055_:new_n1213_	415	350	0	#2313
new_n3056_	413	80	0	#2314
new_n3057_	413	81	0	#2315
new_n3058_	414	82	0	#2316
new_n3059_	414	83	0	#2317
new_n3060_	414	84	0	#2318
out_new_n3061_:new_n3060_	415	85	0	#2319
out_new_n3062_:new_n3042_	134	415	0	#2320
out_new_n3063_:new_n3035_	131	0	0	#2321
new_n3064_	413	82	0	#2322
new_n3065_	413	83	0	#2323
new_n3066_	413	84	0	#2324
out_new_n3067_:new_n3066_	415	84	0	#2325
new_n3068_	69	383	0	#2326
new_n3069_	69	384	0	#2327
new_n3070_	69	385	0	#2328
new_n3071_	69	386	0	#2329
out_new_n3072_:new_n3071_	69	415	0	#2330
new_n3073_	196	232	0	#2331
new_n3074_	214	232	0	#2332
new_n3075_	370	232	0	#2333
out_new_n3076_:new_n3075_	415	232	0	#2334
new_n3077_	1	68	0	#2335
out_new_n3078_:new_n3077_	0	68	0	#2336
new_n3079_	115	1	0	#2337
out_new_n3080_:new_n3079_	115	0	0	#2338
new_n3081_	149	1	0	#2339
new_n3082_	147	1	0	#2340
out_new_n3083_:new_n3082_	143	0	0	#2341
out_new_n3084_:new_n1787_	0	361	0	#2342
new_n3085_	311	404	0	#2343
out_new_n3086_:new_n3085_	311	415	0	#2344
out_new_n3087_:new_n1213_	415	392	0	#2345
new_n3088_	188	211	0	#2346
new_n3089_	188	212	0	#2347
out_new_n3090_:new_n3089_	188	415	0	#2348
out_new_n3091_:new_n1787_	415	248	0	#2349
new_n3092_	414	236	0	#2350
out_new_n3093_:new_n3092_	415	236	0	#2351
out_new_n3094_:new_n1213_	415	135	0	#2352
new_n3095_	2	217	0	#2353
new_n3096_	1	217	0	#2354
new_n3097_	1	220	0	#2355
out_new_n3098_:new_n3097_	0	220	0	#2356
out_new_n3099_:new_n1787_	141	0	0	#2357
new_n3100_	73	396	0	#2358
out_new_n3101_:new_n3100_	73	415	0	#2359
out_new_n3102_:new_n1213_	415	373	0	#2360
new_n3103_	412	16	0	#2361
new_n3104_	413	16	0	#2362
new_n3105_	414	16	0	#2363
new_n3106_	414	17	0	#2364
new_n3107_	413	17	0	#2365
out_new_n3108_:new_n3107_	415	17	0	#2366
out_new_n3109_:new_n3082_	147	0	0	#2367
out_new_n3110_:new_n3104_	415	16	0	#2368
new_n3111_	1	218	0	#2369
new_n3112_	1	219	0	#2370
out_new_n3113_:new_n3112_	0	219	0	#2371
new_n3114_	188	214	0	#2372
new_n3115_	188	215	0	#2373
new_n3116_	188	216	0	#2374
new_n3117_	188	217	0	#2375
out_new_n3119_:address1	239	0	0	#2376
new_n3120_	366	402	0	#2377
out_new_n3122_:address1	0	301	0	#2378
new_n3123_	414	306	0	#2379
out_new_n3125_:address1	0	295	0	#2380
new_n3126_	414	167	0	#2381
out_new_n3128_:address1	205	415	0	#2382
new_n3129_	414	291	0	#2383
out_new_n3131_:address1	0	373	0	#2384
new_n3132_	2	324	0	#2385
out_new_n3134_:address1	0	351	0	#2386
new_n3135_	196	1	0	#2387
out_new_n3137_:address1	125	415	0	#2388
new_n3138_	2	311	0	#2389
out_new_n3140_:address1	415	347	0	#2390
new_n3141_	330	404	0	#2391
out_new_n3143_:address1	0	272	0	#2392
new_n3144_	2	17	0	#2393
out_new_n3146_:address1	97	0	0	#2394
new_n3147_	412	203	0	#2395
out_new_n3149_:address1	249	415	0	#2396
new_n3150_	2	71	0	#2397
out_new_n3152_:address1	415	175	0	#2398
new_n3153_	414	141	0	#2399
out_new_n3155_:address1	290	0	0	#2400
new_n3156_	66	398	0	#2401
out_new_n3158_:address1	269	0	0	#2402
new_n3159_	86	402	0	#2403
out_new_n3161_:address1	157	415	0	#2404
new_n3162_	142	396	0	#2405
out_new_n3164_:address1	415	319	0	#2406
new_n3165_	168	1	0	#2407
out_new_n3167_:address1	415	318	0	#2408
new_n3168_	414	25	0	#2409
out_new_n3170_:address1	0	148	0	#2410
new_n3171_	1	76	0	#2411
out_new_n3173_:address1	0	315	0	#2412
new_n3174_	2	344	0	#2413
out_new_n3176_:address1	0	236	0	#2414
new_n3177_	414	258	0	#2415
out_new_n3179_:address1	415	125	0	#2416
new_n3180_	48	408	0	#2417
out_new_n3182_:address1	415	317	0	#2418
new_n3183_	124	1	0	#2419
out_new_n3185_:address1	320	415	0	#2420
new_n3186_	60	406	0	#2421
out_new_n3188_:address1	258	0	0	#2422
new_n3189_	386	408	0	#2423
out_new_n3191_:address1	0	300	0	#2424
new_n3192_	1	224	0	#2425
out_new_n3194_:address1	415	312	0	#2426
new_n3195_	2	342	0	#2427
out_new_n3197_:address1	331	415	0	#2428
new_n3198_	350	394	0	#2429
out_new_n3200_:address1	0	252	0	#2430
new_n3201_	414	273	0	#2431
out_new_n3203_:address1	367	415	0	#2432
new_n3204_	1	267	0	#2433
out_new_n3206_:address1	0	150	0	#2434
new_n3207_	1	270	0	#2435
out_new_n3209_:address1	415	316	0	#2436
new_n3210_	56	1	0	#2437
out_new_n3212_:address1	258	415	0	#2438
new_n3213_	414	65	0	#2439
out_new_n3215_:address1	57	415	0	#2440
new_n3216_	110	405	0	#2441
out_new_n3218_:address1	0	255	0	#2442
new_n3219_	108	402	0	#2443
out_new_n3221_:address1	0	208	0	#2444
new_n3222_	146	1	0	#2445
out_new_n3224_:address1	0	189	0	#2446
new_n3225_	414	56	0	#2447
out_new_n3227_:address1	0	298	0	#2448
new_n3228_	1	177	0	#2449
out_new_n3230_:address1	415	289	0	#2450
new_n3231_	2	25	0	#2451
out_new_n3233_:address1	415	287	0	#2452
new_n3234_	1	249	0	#2453
out_new_n3236_:address1	0	235	0	#2454
new_n3237_	414	274	0	#2455
out_new_n3239_:address1	68	415	0	#2456
new_n3240_	197	1	0	#2457
out_new_n3242_:address1	133	415	0	#2458
new_n3243_	196	399	0	#2459
out_new_n3245_:address1	47	415	0	#2460
new_n3246_	414	226	0	#2461
out_new_n3248_:address1	183	0	0	#2462
new_n3249_	88	1	0	#2463
out_new_n3251_:address1	165	415	0	#2464
new_n3252_	71	395	0	#2465
out_new_n3254_:address1	147	415	0	#2466
new_n3255_	119	1	0	#2467
out_new_n3257_:address1	415	250	0	#2468
new_n3258_	414	111	0	#2469
out_new_n3260_:address1	150	0	0	#2470
new_n3261_	1	158	0	#2471
out_new_n3263_:address1	415	349	0	#2472
new_n3264_	1	137	0	#2473
out_new_n3266_:address1	0	353	0	#2474
new_n3267_	108	1	0	#2475
out_new_n3269_:address1	0	218	0	#2476
new_n3270_	1	326	0	#2477
out_new_n3272_:address1	415	239	0	#2478
new_n3273_	2	57	0	#2479
out_new_n3275_:address1	43	415	0	#2480
new_n3276_	126	1	0	#2481
out_new_n3278_:address1	254	415	0	#2482
new_n3279_	198	398	0	#2483
out_new_n3281_:address1	0	395	0	#2484
new_n3282_	96	1	0	#2485
out_new_n3284_:address1	0	379	0	#2486
new_n3285_	126	399	0	#2487
out_new_n3287_:address1	115	415	0	#2488
new_n3288_	229	391	0	#2489
out_new_n3290_:address1	0	149	0	#2490
new_n3291_	414	138	0	#2491
out_new_n3293_:address1	87	0	0	#2492
new_n3294_	74	401	0	#2493
out_new_n3296_:address1	0	188	0	#2494
new_n3297_	334	1	0	#2495
out_new_n3299_:address1	53	415	0	#2496
new_n3300_	104	397	0	#2497
out_new_n3302_:address1	415	247	0	#2498
new_n3303_	414	204	0	#2499
out_new_n3305_:address1	72	0	0	#2500
new_n3306_	414	188	0	#2501
out_new_n3308_:address1	238	415	0	#2502
new_n3309_	264	400	0	#2503
out_new_n3311_:address1	322	0	0	#2504
new_n3312_	199	1	0	#2505
out_new_n3314_:address1	0	271	0	#2506
new_n3315_	266	1	0	#2507
out_new_n3317_:address1	0	184	0	#2508
new_n3318_	2	75	0	#2509
out_new_n3320_:address1	195	415	0	#2510
new_n3321_	137	1	0	#2511
out_new_n3323_:address1	0	303	0	#2512
new_n3324_	414	122	0	#2513
out_new_n3326_:address1	0	144	0	#2514
new_n3327_	414	269	0	#2515
out_new_n3329_:address1	235	415	0	#2516
new_n3330_	1	325	0	#2517
out_new_n3332_:address1	415	355	0	#2518
new_n3333_	414	227	0	#2519
out_new_n3335_:address1	0	143	0	#2520
new_n3336_	414	233	0	#2521
out_new_n3338_:address1	193	0	0	#2522
new_n3339_	342	1	0	#2523
out_new_n3341_:address1	0	348	0	#2524
new_n3342_	1	221	0	#2525
out_new_n3344_:address1	268	0	0	#2526
new_n3345_	1	337	0	#2527
out_new_n3347_:address1	0	151	0	#2528
new_n3348_	414	154	0	#2529
out_new_n3350_:address1	233	0	0	#2530
new_n3351_	414	13	0	#2531
out_new_n3353_:address1	310	415	0	#2532
new_n3354_	414	249	0	#2533
out_new_n3356_:address1	177	0	0	#2534
new_n3357_	414	95	0	#2535
out_new_n3359_:address1	94	0	0	#2536
new_n3360_	414	222	0	#2537
out_new_n3362_:address1	129	0	0	#2538
new_n3363_	1	285	0	#2539
out_new_n3365_:address1	0	332	0	#2540
new_n3366_	198	1	0	#2541
out_new_n3368_:address1	212	0	0	#2542
new_n3369_	342	402	0	#2543
out_new_n3371_:address1	0	59	0	#2544
new_n3372_	166	1	0	#2545
out_new_n3374_:address1	0	153	0	#2546
new_n3375_	162	1	0	#2547
out_new_n3377_:address1	0	256	0	#2548
new_n3378_	1	182	0	#2549
out_new_n3380_:address1	0	179	0	#2550
new_n3381_	1	171	0	#2551
out_new_n3383_:address1	0	173	0	#2552
new_n3384_	2	357	0	#2553
out_new_n3386_:address1	415	240	0	#2554
new_n3387_	414	64	0	#2555
out_new_n3389_:address1	415	339	0	#2556
new_n3390_	214	403	0	#2557
out_new_n3392_:address1	0	121	0	#2558
new_n3393_	2	107	0	#2559
out_new_n3395_:address1	144	415	0	#2560
new_n3396_	10	1	0	#2561
out_new_n3398_:address1	167	0	0	#2562
new_n3399_	312	397	0	#2563
out_new_n3401_:address1	0	237	0	#2564
new_n3402_	324	405	0	#2565
out_new_n3404_:address1	0	152	0	#2566
new_n3405_	94	404	0	#2567
out_new_n3407_:address1	0	317	0	#2568
new_n3408_	80	397	0	#2569
out_new_n3410_:address1	0	331	0	#2570
new_n3411_	2	363	0	#2571
out_new_n3413_:address1	143	415	0	#2572
new_n3414_	414	74	0	#2573
out_new_n3416_:address1	415	199	0	#2574
new_n3417_	128	398	0	#2575
out_new_n3419_:address1	338	0	0	#2576
new_n3420_	414	121	0	#2577
out_new_n3422_:address1	213	415	0	#2578
new_n3423_	1	314	0	#2579
out_new_n3425_:address1	0	305	0	#2580
new_n3426_	414	116	0	#2581
out_new_n3428_:address1	45	415	0	#2582
new_n3429_	413	102	0	#2583
out_new_n3431_:address1	0	297	0	#2584
new_n3432_	82	404	0	#2585
out_new_n3434_:address1	415	321	0	#2586
new_n3435_	302	1	0	#2587
out_new_n3437_:address1	415	174	0	#2588
new_n3438_	68	1	0	#2589
out_new_n3440_:address1	209	415	0	#2590
new_n3441_	358	406	0	#2591
out_new_n3443_:address1	271	0	0	#2592
new_n3444_	1	283	0	#2593
out_new_n3446_:address1	415	340	0	#2594
new_n3447_	1	148	0	#2595
out_new_n3449_:address1	0	349	0	#2596
new_n3450_	364	392	0	#2597
out_new_n3452_:address1	269	415	0	#2598
new_n3453_	316	408	0	#2599
out_new_n3455_:address1	187	415	0	#2600
new_n3456_	148	401	0	#2601
out_new_n3458_:address1	0	113	0	#2602
new_n3459_	1	226	0	#2603
out_new_n3461_:address1	415	359	0	#2604
new_n3462_	2	69	0	#2605
out_new_n3464_:address1	415	194	0	#2606
new_n3465_	414	192	0	#2607
out_new_n3467_:address1	0	273	0	#2608
new_n3468_	155	397	0	#2609
out_new_n3470_:address1	182	0	0	#2610
new_n3471_	164	405	0	#2611
out_new_n3473_:address1	154	415	0	#2612
new_n3474_	24	1	0	#2613
out_new_n3476_:address1	0	139	0	#2614
new_n3477_	200	1	0	#2615
out_new_n3479_:address1	323	0	0	#2616
new_n3480_	84	1	0	#2617
out_new_n3482_:address1	170	415	0	#2618
new_n3483_	370	1	0	#2619
out_new_n3485_:address1	415	217	0	#2620
new_n3486_	100	395	0	#2621
out_new_n3488_:address1	105	415	0	#2622
new_n3489_	268	400	0	#2623
out_new_n3491_:address1	278	415	0	#2624
new_n3492_	414	191	0	#2625
out_new_n3494_:address1	0	181	0	#2626
new_n3495_	414	375	0	#2627
out_new_n3497_:address1	415	303	0	#2628
new_n3498_	414	93	0	#2629
out_new_n3501_:address1	415	297	0	#2630
new_n3502_	336	401	0	#2631
out_new_n643_:in3127	211	415	0	#2632
out_new_n644_:in3126	98	0	0	#2633
new_n645_	203	1	0	#2634
out_new_n646_:new_n645_	203	0	0	#2635
out_new_n647_:in3124	111	415	0	#2636
new_n648_	202	1	0	#2637
new_n649_	201	1	0	#2638
out_new_n650_:new_n649_	201	0	0	#2639
new_n651_	99	1	0	#2640
new_n652_	100	1	0	#2641
out_new_n653_:new_n652_	100	0	0	#2642
new_n654_	212	212	0	#2643
out_new_n655_:in3123	415	280	0	#2644
out_new_n656_:in3123	415	276	0	#2645
new_n657_	2	1	0	#2646
out_new_n658_:new_n657_	2	0	0	#2647
out_new_n659_:in3121	124	415	0	#2648
new_n660_	5	2	0	#2649
out_new_n661_:in3121	122	415	0	#2650
new_n662_	95	403	0	#2651
out_new_n663_:new_n662_	95	415	0	#2652
new_n664_	6	2	0	#2653
new_n665_	7	2	0	#2654
new_n666_	7	1	0	#2655
out_new_n667_:in3115	415	409	0	#2656
out_new_n668_:in3115	415	411	0	#2657
new_n669_	414	140	0	#2658
out_new_n670_:new_n669_	415	140	0	#2659
out_new_n671_:in3113	0	187	0	#2660
new_n672_	414	139	0	#2661
out_new_n673_:in3113	0	185	0	#2662
new_n674_	101	1	0	#2663
out_new_n675_:new_n674_	101	0	0	#2664
new_n676_	413	139	0	#2665
new_n677_	413	138	0	#2666
new_n678_	413	137	0	#2667
out_new_n679_:in3107	16	415	0	#2668
out_new_n680_:in3107	18	415	0	#2669
new_n681_	414	171	0	#2670
out_new_n682_:new_n681_	415	171	0	#2671
out_new_n683_:in3105	405	0	0	#2672
new_n684_	358	165	0	#2673
out_new_n685_:in3105	403	0	0	#2674
new_n686_	167	407	0	#2675
out_new_n687_:new_n686_	167	415	0	#2676
new_n688_	320	165	0	#2677
new_n689_	224	165	0	#2678
new_n690_	126	165	0	#2679
out_new_n691_:in399	282	415	0	#2680
out_new_n692_:in399	284	415	0	#2681
new_n693_	217	1	0	#2682
out_new_n694_:new_n693_	216	0	0	#2683
out_new_n695_:in397	0	414	0	#2684
new_n696_	217	2	0	#2685
out_new_n697_:in397	1	415	0	#2686
new_n698_	414	334	0	#2687
out_new_n699_:new_n698_	415	334	0	#2688
new_n700_	216	2	0	#2689
new_n701_	215	2	0	#2690
new_n702_	214	2	0	#2691
out_new_n703_:in391	410	0	0	#2692
out_new_n704_:in391	408	0	0	#2693
new_n705_	231	1	0	#2694
out_new_n706_:new_n705_	231	0	0	#2695
out_new_n707_:in389	0	129	0	#2696
new_n708_	230	1	0	#2697
out_new_n709_:in389	0	131	0	#2698
new_n710_	154	1	0	#2699
out_new_n711_:new_n710_	154	0	0	#2700
new_n712_	230	134	0	#2701
new_n713_	230	161	0	#2702
new_n714_	230	165	0	#2703
out_new_n715_:in383	0	176	0	#2704
out_new_n716_:in383	0	174	0	#2705
new_n717_	1	45	0	#2706
out_new_n718_:new_n717_	0	46	0	#2707
out_new_n719_:in381	0	16	0	#2708
new_n720_	2	45	0	#2709
out_new_n721_:in381	0	14	0	#2710
new_n722_	414	173	0	#2711
out_new_n723_:new_n722_	415	173	0	#2712
new_n724_	2	44	0	#2713
new_n725_	2	43	0	#2714
new_n726_	2	42	0	#2715
out_new_n727_:in375	82	0	0	#2716
out_new_n728_:in375	80	0	0	#2717
new_n729_	288	1	0	#2718
out_new_n730_:new_n729_	288	0	0	#2719
out_new_n731_:in373	118	415	0	#2720
new_n732_	287	1	0	#2721
out_new_n733_:in373	120	415	0	#2722
new_n734_	256	1	0	#2723
out_new_n735_:new_n734_	256	0	0	#2724
new_n736_	287	2	0	#2725
new_n737_	286	2	0	#2726
new_n738_	285	2	0	#2727
out_new_n739_:in367	395	0	0	#2728
out_new_n740_:in367	396	0	0	#2729
new_n741_	37	1	0	#2730
out_new_n742_:new_n741_	37	0	0	#2731
out_new_n743_:in365	13	415	0	#2732
new_n744_	36	1	0	#2733
out_new_n745_:in365	11	415	0	#2734
new_n746_	414	73	0	#2735
out_new_n747_:new_n746_	415	73	0	#2736
new_n748_	35	1	0	#2737
new_n749_	35	2	0	#2738
new_n750_	34	2	0	#2739
out_new_n751_:in330	347	415	0	#2740
new_n752_	264	1	0	#2741
out_new_n753_:in330	349	415	0	#2742
out_new_n754_:in329	361	415	0	#2743
out_new_n755_:in329	359	415	0	#2744
out_new_n756_:in328	301	415	0	#2745
out_new_n757_:in328	299	415	0	#2746
out_new_n758_:in327	374	415	0	#2747
out_new_n759_:in327	372	415	0	#2748
out_new_n760_:in326	0	217	0	#2749
out_new_n761_:in326	0	214	0	#2750
out_new_n762_:in325	139	415	0	#2751
out_new_n763_:in325	141	415	0	#2752
out_new_n764_:in324	415	30	0	#2753
out_new_n765_:in324	415	28	0	#2754
out_new_n766_:in323	262	415	0	#2755
out_new_n767_:in323	260	415	0	#2756
out_new_n768_:in322	0	409	0	#2757
out_new_n769_:in322	0	407	0	#2758
out_new_n770_:in321	0	333	0	#2759
out_new_n771_:in321	0	334	0	#2760
out_new_n772_:in320	33	415	0	#2761
out_new_n773_:in320	35	415	0	#2762
out_new_n774_:in319	0	26	0	#2763
out_new_n775_:in319	0	27	0	#2764
out_new_n776_:in318	305	415	0	#2765
out_new_n777_:in318	303	415	0	#2766
out_new_n778_:in317	257	415	0	#2767
out_new_n779_:in317	255	415	0	#2768
out_new_n780_:in316	0	392	0	#2769
out_new_n781_:in316	0	394	0	#2770
out_new_n782_:in315	415	241	0	#2771
out_new_n783_:in315	415	244	0	#2772
out_new_n784_:in314	16	0	0	#2773
out_new_n785_:in314	14	0	0	#2774
out_new_n786_:in313	4	415	0	#2775
out_new_n787_:in313	2	415	0	#2776
out_new_n788_:in312	415	197	0	#2777
out_new_n789_:in312	415	195	0	#2778
out_new_n790_:in311	391	415	0	#2779
out_new_n791_:in311	389	415	0	#2780
out_new_n792_:in310	89	415	0	#2781
out_new_n793_:in310	87	415	0	#2782
out_new_n794_:in39	28	0	0	#2783
out_new_n795_:in39	25	0	0	#2784
out_new_n796_:in38	390	0	0	#2785
out_new_n797_:in38	388	0	0	#2786
out_new_n798_:in37	415	256	0	#2787
out_new_n799_:in37	415	258	0	#2788
out_new_n800_:in36	332	0	0	#2789
out_new_n801_:in36	335	0	0	#2790
out_new_n802_:in35	0	257	0	#2791
out_new_n803_:in35	0	259	0	#2792
out_new_n804_:in34	66	0	0	#2793
out_new_n805_:in34	64	0	0	#2794
out_new_n806_:in33	415	7	0	#2795
out_new_n807_:in33	415	5	0	#2796
out_new_n808_:in32	347	0	0	#2797
out_new_n809_:in32	344	0	0	#2798
out_new_n810_:in31	0	384	0	#2799
out_new_n811_:in31	0	382	0	#2800
new_n812_	117	1	0	#2801
new_n813_	117	2	0	#2802
new_n814_	119	3	0	#2803
new_n815_	121	3	0	#2804
new_n816_	123	8	0	#2805
new_n817_	125	19	0	#2806
new_n818_	126	28	0	#2807
new_n819_	128	35	0	#2808
new_n820_	138	48	0	#2809
new_n821_	146	69	0	#2810
new_n822_	162	70	0	#2811
new_n823_	164	75	0	#2812
new_n824_	174	80	0	#2813
new_n825_	184	93	0	#2814
new_n826_	198	124	0	#2815
new_n827_	218	124	0	#2816
new_n828_	220	139	0	#2817
new_n829_	222	162	0	#2818
new_n830_	228	162	0	#2819
new_n831_	236	179	0	#2820
new_n832_	237	192	0	#2821
new_n833_	239	193	0	#2822
new_n834_	241	194	0	#2823
new_n835_	242	197	0	#2824
new_n836_	244	198	0	#2825
new_n837_	245	199	0	#2826
new_n838_	247	200	0	#2827
new_n839_	247	201	0	#2828
new_n840_	247	202	0	#2829
new_n841_	246	201	0	#2830
new_n842_	246	200	0	#2831
new_n843_	244	199	0	#2832
new_n844_	243	198	0	#2833
new_n845_	241	197	0	#2834
new_n846_	237	197	0	#2835
new_n847_	235	196	0	#2836
new_n848_	229	195	0	#2837
new_n849_	227	194	0	#2838
new_n850_	225	193	0	#2839
new_n851_	223	192	0	#2840
new_n852_	221	191	0	#2841
new_n853_	219	190	0	#2842
new_n854_	217	189	0	#2843
new_n855_	215	188	0	#2844
new_n856_	209	187	0	#2845
new_n857_	207	186	0	#2846
new_n858_	201	185	0	#2847
new_n859_	197	184	0	#2848
new_n860_	195	182	0	#2849
new_n861_	193	181	0	#2850
new_n862_	191	174	0	#2851
new_n863_	189	173	0	#2852
new_n864_	187	158	0	#2853
new_n865_	179	157	0	#2854
new_n866_	163	156	0	#2855
new_n867_	129	155	0	#2856
new_n868_	115	154	0	#2857
new_n869_	85	154	0	#2858
new_n870_	51	155	0	#2859
out_new_n871_:new_n870_	0	156	0	#2860
new_n872_	263	1	0	#2861
out_new_n873_:new_n872_	263	0	0	#2862
out_new_n874_:in331	264	0	0	#2863
out_new_n875_:in336	415	58	0	#2864
new_n876_	414	86	0	#2865
out_new_n877_:in339	228	415	0	#2866
new_n878_	221	1	0	#2867
out_new_n879_:new_n878_	220	0	0	#2868
new_n880_	414	85	0	#2869
out_new_n881_:new_n880_	415	86	0	#2870
new_n882_	1	99	0	#2871
out_new_n883_:in335	59	0	0	#2872
new_n884_	384	1	0	#2873
out_new_n885_:new_n884_	384	0	0	#2874
out_new_n886_:in332	41	0	0	#2875
new_n887_	1	98	0	#2876
new_n888_	2	98	0	#2877
new_n889_	2	97	0	#2878
new_n890_	1	97	0	#2879
out_new_n891_:new_n890_	0	97	0	#2880
out_new_n892_:in339	226	415	0	#2881
out_new_n893_:in335	61	0	0	#2882
out_new_n894_:in333	0	105	0	#2883
new_n895_	383	1	0	#2884
new_n896_	43	1	0	#2885
out_new_n897_:new_n896_	43	0	0	#2886
new_n898_	382	1	0	#2887
new_n899_	381	1	0	#2888
new_n900_	380	2	0	#2889
new_n901_	380	1	0	#2890
out_new_n902_:new_n901_	380	0	0	#2891
out_new_n903_:in337	415	95	0	#2892
new_n904_	414	50	0	#2893
new_n905_	414	49	0	#2894
new_n906_	414	48	0	#2895
out_new_n907_:new_n906_	415	48	0	#2896
new_n908_	221	2	0	#2897
new_n909_	222	2	0	#2898
new_n910_	222	16	0	#2899
new_n911_	222	71	0	#2900
new_n912_	222	132	0	#2901
out_new_n913_:new_n912_	222	415	0	#2902
out_new_n914_:in341	415	386	0	#2903
out_new_n915_:in343	153	415	0	#2904
new_n916_	414	298	0	#2905
out_new_n917_:new_n916_	415	299	0	#2906
new_n918_	357	370	0	#2907
out_new_n919_:in344	0	292	0	#2908
new_n920_	1	81	0	#2909
out_new_n921_:in347	61	415	0	#2910
new_n922_	406	405	0	#2911
out_new_n923_:new_n922_	406	415	0	#2912
new_n924_	1	79	0	#2913
out_new_n925_:new_n924_	0	79	0	#2914
new_n926_	361	370	0	#2915
new_n927_	363	370	0	#2916
new_n928_	373	370	0	#2917
out_new_n929_:new_n928_	415	371	0	#2918
out_new_n930_:in347	63	415	0	#2919
out_new_n931_:in343	151	415	0	#2920
out_new_n932_:in341	415	384	0	#2921
new_n933_	414	284	0	#2922
new_n934_	357	397	0	#2923
out_new_n935_:new_n934_	356	415	0	#2924
new_n936_	414	283	0	#2925
new_n937_	414	281	0	#2926
new_n938_	414	280	0	#2927
new_n939_	414	279	0	#2928
out_new_n940_:new_n939_	415	279	0	#2929
out_new_n941_:in345	0	89	0	#2930
new_n942_	1	280	0	#2931
new_n943_	1	279	0	#2932
new_n944_	1	278	0	#2933
out_new_n945_:new_n944_	0	278	0	#2934
new_n946_	407	291	0	#2935
new_n947_	408	291	0	#2936
new_n948_	409	291	0	#2937
new_n949_	410	291	0	#2938
new_n950_	412	291	0	#2939
out_new_n951_:new_n950_	415	291	0	#2940
out_new_n952_:in349	415	23	0	#2941
out_new_n953_:in353	9	0	0	#2942
new_n954_	74	1	0	#2943
out_new_n955_:in355	305	0	0	#2944
new_n956_	1	282	0	#2945
out_new_n957_:new_n956_	0	282	0	#2946
new_n958_	73	1	0	#2947
out_new_n959_:new_n958_	73	0	0	#2948
out_new_n960_:in351	0	410	0	#2949
new_n961_	395	401	0	#2950
out_new_n962_:new_n961_	394	415	0	#2951
new_n963_	365	1	0	#2952
new_n964_	364	1	0	#2953
new_n965_	362	1	0	#2954
new_n966_	363	1	0	#2955
out_new_n967_:new_n966_	363	0	0	#2956
out_new_n968_:in355	303	0	0	#2957
out_new_n969_:in351	0	412	0	#2958
out_new_n970_:in349	415	21	0	#2959
new_n971_	395	221	0	#2960
new_n972_	368	1	0	#2961
out_new_n973_:new_n972_	368	0	0	#2962
new_n974_	396	221	0	#2963
new_n975_	397	221	0	#2964
new_n976_	398	221	0	#2965
new_n977_	400	221	0	#2966
out_new_n978_:new_n977_	415	222	0	#2967
out_new_n979_:in353	7	0	0	#2968
new_n980_	3	282	0	#2969
new_n981_	75	1	0	#2970
out_new_n982_:new_n981_	75	0	0	#2971
new_n983_	3	281	0	#2972
new_n984_	3	280	0	#2973
new_n985_	2	280	0	#2974
new_n986_	2	281	0	#2975
new_n987_	1	281	0	#2976
out_new_n988_:new_n987_	0	288	0	#2977
out_new_n989_:in357	375	415	0	#2978
out_new_n990_:in359	55	0	0	#2979
new_n991_	236	1	0	#2980
out_new_n992_:new_n991_	236	0	0	#2981
new_n993_	173	399	0	#2982
out_new_n994_:in360	186	415	0	#2983
new_n995_	190	410	0	#2984
out_new_n996_:in363	379	0	0	#2985
new_n997_	414	293	0	#2986
out_new_n998_:new_n997_	415	294	0	#2987
new_n999_	191	410	0	#2988
out_result0:new_n3120_	366	415	0	#2989
out_result1:new_n3123_	415	306	0	#2990
out_result10:new_n3150_	0	71	0	#2991
out_result100:new_n3420_	415	122	0	#2992
out_result101:new_n3423_	0	314	0	#2993
out_result102:new_n3426_	415	117	0	#2994
out_result103:new_n3429_	415	102	0	#2995
out_result104:new_n3432_	82	415	0	#2996
out_result105:new_n3435_	302	0	0	#2997
out_result106:new_n3438_	68	0	0	#2998
out_result107:new_n3441_	358	415	0	#2999
out_result108:new_n3444_	0	284	0	#3000
out_result109:new_n3447_	0	157	0	#3001
out_result11:new_n3153_	415	141	0	#3002
out_result110:new_n3450_	365	415	0	#3003
out_result111:new_n3453_	316	415	0	#3004
out_result112:new_n3456_	148	415	0	#3005
out_result113:new_n3459_	0	226	0	#3006
out_result114:new_n3462_	0	69	0	#3007
out_result115:new_n3465_	415	192	0	#3008
out_result116:new_n3468_	155	415	0	#3009
out_result117:new_n3471_	164	415	0	#3010
out_result118:new_n3474_	24	0	0	#3011
out_result119:new_n3477_	200	0	0	#3012
out_result12:new_n3156_	66	415	0	#3013
out_result120:new_n3480_	84	0	0	#3014
out_result121:new_n3483_	370	0	0	#3015
out_result122:new_n3486_	100	415	0	#3016
out_result123:new_n3489_	268	415	0	#3017
out_result124:new_n3492_	415	191	0	#3018
out_result125:new_n3495_	415	376	0	#3019
out_result126:new_n3498_	415	93	0	#3020
out_result127:new_n3082_	144	0	0	#3021
out_result13:new_n3159_	86	415	0	#3022
out_result14:new_n3162_	142	415	0	#3023
out_result15:new_n3165_	168	0	0	#3024
out_result16:new_n3168_	415	24	0	#3025
out_result17:new_n3171_	0	77	0	#3026
out_result18:new_n3174_	0	344	0	#3027
out_result19:new_n3177_	415	259	0	#3028
out_result2:new_n3126_	415	167	0	#3029
out_result20:new_n3180_	48	415	0	#3030
out_result21:new_n3183_	124	0	0	#3031
out_result22:new_n3186_	60	415	0	#3032
out_result23:new_n3189_	386	415	0	#3033
out_result24:new_n3192_	0	225	0	#3034
out_result25:new_n3195_	0	342	0	#3035
out_result26:new_n3198_	350	415	0	#3036
out_result27:new_n3201_	415	273	0	#3037
out_result28:new_n3204_	0	268	0	#3038
out_result29:new_n3207_	0	270	0	#3039
out_result3:new_n3129_	415	292	0	#3040
out_result30:new_n3210_	56	0	0	#3041
out_result31:new_n3213_	415	65	0	#3042
out_result32:new_n3216_	110	415	0	#3043
out_result33:new_n3219_	108	415	0	#3044
out_result34:new_n3222_	146	0	0	#3045
out_result35:new_n3225_	415	57	0	#3046
out_result36:new_n3228_	0	177	0	#3047
out_result37:new_n3231_	0	25	0	#3048
out_result38:new_n3234_	0	249	0	#3049
out_result39:new_n3237_	415	274	0	#3050
out_result4:new_n3132_	0	324	0	#3051
out_result40:new_n3240_	197	0	0	#3052
out_result41:new_n3243_	196	415	0	#3053
out_result42:new_n3246_	415	227	0	#3054
out_result43:new_n3249_	88	0	0	#3055
out_result44:new_n3252_	71	415	0	#3056
out_result45:new_n3255_	119	0	0	#3057
out_result46:new_n3258_	415	112	0	#3058
out_result47:new_n3261_	0	159	0	#3059
out_result48:new_n3264_	0	138	0	#3060
out_result49:new_n3267_	108	0	0	#3061
out_result5:new_n3135_	196	0	0	#3062
out_result50:new_n3270_	0	327	0	#3063
out_result51:new_n3273_	0	57	0	#3064
out_result52:new_n3276_	126	0	0	#3065
out_result53:new_n3279_	198	415	0	#3066
out_result54:new_n3282_	96	0	0	#3067
out_result55:new_n3285_	126	415	0	#3068
out_result56:new_n3288_	229	415	0	#3069
out_result57:new_n3291_	415	138	0	#3070
out_result58:new_n3294_	74	415	0	#3071
out_result59:new_n3297_	334	0	0	#3072
out_result6:new_n3138_	0	311	0	#3073
out_result60:new_n3300_	104	415	0	#3074
out_result61:new_n3303_	415	205	0	#3075
out_result62:new_n3306_	415	188	0	#3076
out_result63:new_n3309_	264	415	0	#3077
out_result64:new_n3312_	199	0	0	#3078
out_result65:new_n3315_	266	0	0	#3079
out_result66:new_n3318_	0	75	0	#3080
out_result67:new_n3321_	137	0	0	#3081
out_result68:new_n3324_	415	123	0	#3082
out_result69:new_n3327_	415	269	0	#3083
out_result7:new_n3141_	330	415	0	#3084
out_result70:new_n3330_	0	326	0	#3085
out_result71:new_n3333_	415	228	0	#3086
out_result72:new_n3336_	415	233	0	#3087
out_result73:new_n3339_	342	0	0	#3088
out_result74:new_n3342_	0	222	0	#3089
out_result75:new_n3345_	0	338	0	#3090
out_result76:new_n3348_	415	155	0	#3091
out_result77:new_n3351_	415	14	0	#3092
out_result78:new_n3354_	415	249	0	#3093
out_result79:new_n3357_	415	96	0	#3094
out_result8:new_n3144_	0	17	0	#3095
out_result80:new_n3360_	415	223	0	#3096
out_result81:new_n3363_	0	286	0	#3097
out_result82:new_n3366_	198	0	0	#3098
out_result83:new_n3369_	342	415	0	#3099
out_result84:new_n3372_	166	0	0	#3100
out_result85:new_n3375_	162	0	0	#3101
out_result86:new_n3378_	0	182	0	#3102
out_result87:new_n3381_	0	172	0	#3103
out_result88:new_n3384_	0	357	0	#3104
out_result89:new_n3387_	415	64	0	#3105
out_result9:new_n3147_	415	204	0	#3106
out_result90:new_n3390_	214	415	0	#3107
out_result91:new_n3393_	0	107	0	#3108
out_result92:new_n3396_	10	0	0	#3109
out_result93:new_n3399_	312	415	0	#3110
out_result94:new_n3402_	324	415	0	#3111
out_result95:new_n3405_	94	415	0	#3112
out_result96:new_n3408_	80	415	0	#3113
out_result97:new_n3411_	0	363	0	#3114
out_result98:new_n3414_	415	74	0	#3115
out_result99:new_n3417_	128	415	0	#3116
