
VPR FPGA Placement and Routing.
Version: Version 5.0.2
Compiled: Dec 11 2020.
Original VPR by V. Betz.
Timing-driven placement enhancements by A. Marquardt.
Single-drivers enhancements by Andy Ye with additions by.
Mark Fang, Jason Luu, Ted Campbell
Heterogeneous stucture support by Jason Luu and Ted Campbell.
This code is licensed only for non-commercial use.

Auto-sizing FPGA, try x = 29 y = 29
Auto-sizing FPGA, try x = 58 y = 58
Auto-sizing FPGA, try x = 116 y = 116
Auto-sizing FPGA, try x = 58 y = 58
Auto-sizing FPGA, try x = 87 y = 87
Auto-sizing FPGA, try x = 72 y = 72
Auto-sizing FPGA, try x = 79 y = 79
Auto-sizing FPGA, try x = 83 y = 83
Auto-sizing FPGA, try x = 85 y = 85
Auto-sizing FPGA, try x = 84 y = 84
Auto-sizing FPGA, try x = 84 y = 84
FPGA auto-sized to, x = 85 y = 85

Resource Usage:
Netlist      0	blocks of type <EMPTY>
Architecture 4	blocks of type <EMPTY>
Netlist      339	blocks of type .io
Architecture 340	blocks of type .io
Netlist      519	blocks of type .clb
Architecture 7225	blocks of type .clb

Timing analysis: ON

Operation:  PLACE_AND_ROUTE

PlacerOpts.place_freq:  PLACE_ONCE
PlacerOpts.place_algorithm:  PATH_TIMING_DRIVEN_PLACE
PlacerOpts.place_cost_type:  LINEAR_CONG
PlacerOpts.pad_loc_type:  FREE
PlacerOpts.place_cost_exp:  1.000000
PlacerOpts.place_chan_width:  100
PlacerOpts.inner_loop_recompute_divider:  0
PlacerOpts.recompute_crit_iter:  1
PlacerOpts.timing_tradeoff:  0.500000
PlacerOpts.td_place_exp_first:  1.000000
PlacerOpts.td_place_exp_last:  8.000000
PlaceOpts.seed:  1
AnnealSched.type:  AUTO_SCHED
AnnealSched.inner_num:  1.000000

RouterOpts.route_type:  DETAILED
RouterOpts.router_algorithm:  TIMING_DRIVEN
RouterOpts.base_cost_type:  DELAY_NORMALIZED
RouterOpts.fixed_channel_width:  NO_FIXED_CHANNEL_WIDTH
RouterOpts.acc_fac:  1.000000
RouterOpts.bb_factor:  0
RouterOpts.bend_cost:  0.000000
RouterOpts.first_iter_pres_fac:  10000.000000
RouterOpts.initial_pres_fac:  10000.000000
RouterOpts.pres_fac_mult:  1.300000
RouterOpts.max_router_iterations:  10
RouterOpts.astar_fac:  1.200000
RouterOpts.criticality_exp:  1.000000
RouterOpts.max_criticality:  0.990000

RoutingArch.directionality:  UNI_DIRECTIONAL
RoutingArch.switch_block_type:  WILTON
RoutingArch.Fs:  3

The circuit will be mapped into a 85 x 85 array of clbs.

Netlist num_nets:  584
Netlist num_blocks:  858
Netlist inputs pins:  65
Netlist output pins:  274

Computing delta_io_to_io lookup matrix, may take a few seconds, please wait...
Computing delta_io_to_fb lookup matrix, may take a few seconds, please wait...
Computing delta_fb_to_io lookup matrix, may take a few seconds, please wait...
Computing delta_fb_to_fb lookup matrix, may take a few seconds, please wait...

There are 793 point to point connections in this circuit

Initial Placement Cost: 1.07898 bb_cost: 459.602 td_cost: 1.07529e-06 delay_cost: 2.92304e-06

          T        Cost Av. BB Cost  Av. TD Cost   Av Tot Del  P to P Del        d_max   Ac Rate  Std Dev  R limit      Exp  Tot. Moves    Alpha
   --------  ---------- -----------  -----------    ---------  ----------        -----   -------  -------  -------  -------  ----------    -----
    0.57799    0.958016     443.086  1.03797e-06  2.81438e-06 3.68606e-09   8.636e-07    0.9993   0.0245       85        1        8151      0.5
      0.289      1.0135     448.678  1.06316e-06  2.86076e-06 3.53711e-09   8.253e-07    0.9993   0.0143       85        1       16302      0.5
     0.1445    0.987797      438.08  1.02913e-06  2.79044e-06 3.59914e-09   8.073e-07    0.9948   0.0196       85        1       24453      0.5
   0.072249     1.01923     438.359   1.0257e-06  2.78925e-06 3.47667e-09   8.059e-07    0.9936   0.0203       85        1       32604      0.5
   0.036125     1.01018     435.646   1.0172e-06  2.78144e-06 3.49069e-09   7.967e-07     0.988   0.0146       85        1       40755      0.5
   0.018062    0.989069     435.609  1.01368e-06  2.78194e-06 3.51368e-09   8.088e-07    0.9714   0.0144       85        1       48906      0.5
  0.0090311    0.977972     432.566  1.00972e-06  2.77037e-06 3.56956e-09    8.07e-07    0.9503   0.0186       85        1       57057      0.9
   0.008128    0.978573      429.72  9.90899e-07  2.73859e-06 3.46987e-09   8.185e-07    0.9442   0.0192       85        1       65208      0.9
  0.0073152    0.980019     429.008  9.86333e-07  2.72299e-06 3.45158e-09   8.136e-07    0.9428   0.0219       85        1       73359      0.9
  0.0065837     1.01789     423.986  9.61183e-07  2.69588e-06 3.33165e-09    7.51e-07    0.9308   0.0125       85        1       81510      0.9
  0.0059253     0.99545     421.681  9.60103e-07  2.68486e-06  3.3775e-09   7.617e-07     0.922   0.0177       85        1       89661      0.9
  0.0053328    0.984729     418.418  9.50331e-07  2.66869e-06 3.43503e-09   7.453e-07    0.9161   0.0162       85        1       97812      0.9
  0.0047995    0.996529      420.89  9.48199e-07  2.68989e-06 3.36853e-09   7.647e-07    0.9038   0.0172       85        1      105963      0.9
  0.0043196    0.973488     416.739  9.45721e-07  2.65821e-06 3.39488e-09   7.929e-07     0.902   0.0172       85        1      114114      0.9
  0.0038876     1.01115     414.836  9.32535e-07  2.64125e-06 3.32149e-09   7.075e-07     0.881   0.0185       85        1      122265      0.9
  0.0034988    0.958537     410.077  9.05394e-07  2.61106e-06 3.39873e-09   7.521e-07    0.8736   0.0156       85        1      130416      0.9
   0.003149    0.990221     400.126  8.93459e-07  2.55468e-06 3.22426e-09   7.123e-07    0.8513   0.0181       85        1      138567      0.9
  0.0028341    0.965009     403.859  8.84066e-07  2.56564e-06 3.30459e-09   7.429e-07    0.8448   0.0173       85        1      146718      0.9
  0.0025507    0.989455     393.729  8.52741e-07  2.50994e-06 3.13407e-09   6.807e-07    0.8079   0.0289       85        1      154869      0.9
  0.0022956    0.975294     387.991  8.40235e-07  2.47655e-06 3.19197e-09   6.891e-07    0.7903   0.0142       85        1      163020     0.95
  0.0021808     1.00044     389.361   8.3968e-07  2.47978e-06 3.09475e-09   6.565e-07    0.7825   0.0185       85        1      171171     0.95
  0.0020718    0.972174     386.999  8.17482e-07  2.44861e-06 3.14903e-09   6.709e-07    0.7682   0.0146       85        1      179322     0.95
  0.0019682     1.00536     386.244  8.19804e-07   2.4661e-06 3.09475e-09   6.426e-07    0.7609   0.0186       85        1      187473     0.95
  0.0018698    0.984217     372.296  7.65337e-07  2.37211e-06 3.05098e-09   6.043e-07    0.7332   0.0199       85        1      195624     0.95
  0.0017763     1.00262     369.447  7.77235e-07  2.35893e-06 2.96338e-09   5.899e-07    0.7243   0.0147       85        1      203775     0.95
  0.0016875    0.981697     370.027  7.74702e-07  2.36259e-06 3.03543e-09    6.26e-07    0.7108   0.0125       85        1      211926     0.95
  0.0016031    0.994539     368.509  7.47968e-07  2.34954e-06 2.98164e-09   5.903e-07    0.6887   0.0236       85        1      220077     0.95
  0.0015229    0.955324     359.076   7.2579e-07  2.28535e-06  2.9759e-09   5.965e-07    0.6717   0.0172       85        1      228228     0.95
  0.0014468    0.972645     358.195  7.28364e-07  2.28674e-06 2.86577e-09   5.925e-07    0.6638   0.0103       85        1      236379     0.95
  0.0013745    0.992279     347.538  7.07458e-07  2.22461e-06 2.82821e-09   5.424e-07    0.6242   0.0132       85        1      244530     0.95
  0.0013057    0.979735     344.575  6.91448e-07  2.20935e-06 2.79995e-09   5.578e-07    0.6214    0.014       85        1      252681     0.95
  0.0012404    0.982575     339.683  6.72336e-07  2.17452e-06 2.84778e-09   5.002e-07     0.609   0.0168       85        1      260832     0.95
  0.0011784    0.970704     337.793  6.74289e-07  2.16544e-06  2.7634e-09   5.478e-07    0.5831   0.0141       85        1      268983     0.95
  0.0011195    0.968876     330.784  6.36393e-07  2.12357e-06 2.76286e-09   5.235e-07    0.5538   0.0148       85        1      277134     0.95
  0.0010635    0.978247     324.175  6.29397e-07   2.0812e-06 2.63642e-09   4.931e-07    0.5455   0.0167       85        1      285285     0.95
  0.0010104    0.973641     313.737  5.85664e-07  2.02487e-06 2.54183e-09   4.868e-07    0.5099    0.017       85        1      293436     0.95
 0.00095984    0.971149     306.431  5.71041e-07  1.96519e-06 2.57334e-09   4.556e-07    0.4788   0.0142       85        1      301587     0.95
 0.00091184    0.983819     297.665  5.58594e-07  1.92967e-06 2.48053e-09   4.222e-07    0.4468   0.0128       85        1      309738     0.95
 0.00086625    0.982072     292.449  5.29886e-07  1.88455e-06 2.42936e-09   4.175e-07    0.4334  0.00984       85        1      317889     0.95
 0.00082294    0.962904     284.769  5.12788e-07  1.83028e-06 2.41521e-09   4.033e-07    0.4635   0.0194    84.44    1.046      326040     0.95
 0.00078179    0.972975     277.402   4.9374e-07  1.78997e-06 2.29275e-09   4.081e-07    0.3804   0.0201       85        1      334191     0.95
  0.0007427    0.964012     272.234  4.21977e-07  1.76615e-06 2.30053e-09   3.881e-07    0.4271   0.0195    79.94    1.422      342342     0.95
 0.00070557    0.971212     264.205  3.79091e-07  1.72101e-06 2.19402e-09   3.511e-07    0.4023   0.0138     78.9    1.508      350493     0.95
 0.00067029    0.970001     258.509  3.47432e-07  1.68341e-06 2.15016e-09   3.278e-07    0.3931   0.0166    75.93    1.756      358644     0.95
 0.00063677    0.970483     244.636  3.20195e-07  1.61242e-06 2.06874e-09   3.139e-07    0.3747   0.0127    72.37    2.053      366795     0.95
 0.00060494    0.992227     240.485  2.96872e-07  1.58773e-06 2.00162e-09       3e-07    0.3634   0.0062    67.64    2.447      374946     0.95
 0.00057469    0.988635      241.45  2.74696e-07  1.59479e-06 2.04257e-09   2.942e-07    0.3828   0.0061    62.46    2.879      383097     0.95
 0.00054595    0.990514     236.144  2.64778e-07  1.56668e-06 2.00078e-09   2.856e-07    0.3771   0.0108    58.88    3.176      391248     0.95
 0.00051866    0.966389     226.208  2.50835e-07   1.4989e-06 1.99186e-09   2.781e-07    0.3714   0.0141    55.18    3.485      399399     0.95
 0.00049272    0.977518     217.415  2.37718e-07  1.43901e-06 1.84862e-09   2.665e-07    0.3591   0.0108    51.39    3.801      407550     0.95
 0.00046809    0.974438     206.773  2.27164e-07  1.38476e-06 1.77487e-09    2.63e-07    0.3484   0.0131    47.24    4.147      415701     0.95
 0.00044468    0.990378     200.573  2.17833e-07  1.34061e-06 1.71992e-09   2.529e-07    0.3484  0.00508    42.91    4.508      423852     0.95
 0.00042245    0.980481     198.793  2.10958e-07  1.32722e-06 1.70369e-09   2.497e-07    0.3628  0.00933    38.98    4.835      432003     0.95
 0.00040133     0.97761     192.832   2.0601e-07   1.2961e-06 1.68596e-09   2.453e-07    0.3662  0.00788    35.97    5.086      440154     0.95
 0.00038126    0.980793     184.481  1.98006e-07  1.25887e-06  1.6058e-09   2.398e-07    0.3472  0.00811    33.32    5.307      448305     0.95
  0.0003622    0.985356     177.683  1.95439e-07  1.22134e-06 1.57489e-09   2.376e-07    0.3404  0.00494    30.22    5.565      456456     0.95
 0.00034409    0.977944     172.315  1.90097e-07  1.18854e-06 1.52387e-09   2.339e-07    0.3571  0.00983    27.22    5.815      464607     0.95
 0.00032688    0.988525     169.758  1.84784e-07  1.17136e-06 1.48782e-09   2.307e-07     0.365  0.00866    24.96    6.003      472758     0.95
 0.00031054    0.972008     160.494   1.7923e-07  1.11489e-06 1.46814e-09   2.252e-07    0.3604   0.0167    23.09    6.159      480909     0.95
 0.00029501    0.980557     149.529  1.71212e-07  1.04811e-06 1.35029e-09   2.194e-07    0.3413   0.0103    21.25    6.312      489060     0.95
 0.00028026    0.980514     143.417  1.66038e-07  1.00546e-06 1.30523e-09   2.141e-07    0.3613  0.00794    19.15    6.487      497211     0.95
 0.00026625    0.977743      139.15  1.60719e-07  9.89367e-07 1.26931e-09   2.107e-07     0.359   0.0132    17.65    6.613      505362     0.95
 0.00025294     0.98349      133.54  1.55848e-07  9.60187e-07 1.23004e-09   2.053e-07    0.3446  0.00669    16.22    6.732      513513     0.95
 0.00024029    0.977518     128.349  1.51095e-07  9.27233e-07 1.19059e-09   2.022e-07    0.3587   0.0112    14.67    6.861      521664     0.95
 0.00022827    0.976023     122.952  1.47412e-07  8.93339e-07 1.16365e-09   1.978e-07    0.3499   0.0119    13.48     6.96      529815     0.95
 0.00021686    0.981277      117.32  1.45326e-07  8.59129e-07 1.10489e-09   1.968e-07    0.3515  0.00769    12.26    7.061      537966     0.95
 0.00020602    0.982112     112.574  1.41917e-07  8.28562e-07 1.07034e-09   1.931e-07      0.35  0.00741    11.18    7.152      546117     0.95
 0.00019572    0.979613     108.653  1.38303e-07  8.02192e-07 1.02295e-09   1.912e-07    0.3642   0.0107    10.17    7.236      554268     0.95
 0.00018593    0.985891     102.829  1.35328e-07  7.64778e-07 9.81657e-10   1.869e-07     0.343  0.00482    9.401      7.3      562419     0.95
 0.00017663    0.987116     101.412  1.33075e-07  7.55219e-07 9.60304e-10   1.852e-07    0.3614  0.00647     8.49    7.376      570570     0.95
  0.0001678    0.981625     98.3592  1.30053e-07   7.3819e-07 9.46458e-10   1.825e-07    0.3672  0.00881    7.823    7.431      578721     0.95
 0.00015941    0.989046     95.3736   1.2818e-07   7.2213e-07 9.19325e-10   1.804e-07    0.3371  0.00693    7.253    7.479      586872     0.95
 0.00015144    0.989992     92.1378  1.27059e-07  7.01719e-07 8.92363e-10   1.796e-07    0.3597  0.00765    6.507    7.541      595023     0.95
 0.00014387    0.987919     89.3785    1.245e-07  6.82927e-07 8.72892e-10   1.776e-07    0.3977  0.00704    5.985    7.585      603174     0.95
 0.00013668    0.984346     86.4456  1.22964e-07  6.66297e-07 8.55186e-10   1.758e-07     0.366  0.00756    5.732    7.606      611325     0.95
 0.00012984    0.992416     84.2481  1.21141e-07  6.53376e-07 8.29972e-10   1.744e-07     0.332  0.00489    5.307    7.641      619476     0.95
 0.00012335    0.987627      82.103  1.19835e-07  6.39238e-07 8.20027e-10   1.732e-07    0.3786  0.00702    4.734    7.689      627627     0.95
 0.00011718    0.987581     79.5887  1.17852e-07  6.30308e-07 7.97514e-10   1.712e-07    0.3508  0.00565    4.443    7.713      635778     0.95
 0.00011132    0.998322     78.5246  1.17333e-07  6.27227e-07 7.91757e-10   1.699e-07    0.3298  0.00128    4.047    7.746      643929     0.95
 0.00010576    0.992844     77.6924  1.16866e-07  6.22837e-07 7.87134e-10   1.705e-07    0.3866  0.00582    3.601    7.783      652080     0.95
 0.00010047    0.995998     76.2618  1.15486e-07  6.14611e-07 7.72726e-10   1.695e-07    0.3688  0.00184    3.408    7.799      660231     0.95
 9.5446e-05    0.993058     75.1886  1.14653e-07   6.1098e-07  7.7616e-10   1.683e-07    0.3477   0.0024    3.166     7.82      668382     0.95
 9.0674e-05    0.994206     74.5561  1.13912e-07  6.07422e-07 7.66841e-10   1.679e-07    0.4168  0.00211    2.874    7.844      676533     0.95
  8.614e-05    0.997435     74.0965  1.13685e-07  6.05432e-07 7.67193e-10   1.677e-07    0.4165  0.00137    2.807    7.849      684684     0.95
 8.1833e-05    0.995715     73.6825  1.12997e-07  6.02903e-07 7.62393e-10   1.674e-07     0.383  0.00245    2.741    7.855      692835     0.95
 7.7742e-05    0.994296     73.0552  1.12164e-07  6.01722e-07 7.62573e-10   1.668e-07    0.3851  0.00239    2.585    7.868      700986     0.95
 7.3854e-05    0.998234     72.7656  1.11837e-07  6.01034e-07 7.62075e-10   1.665e-07    0.3587  0.00137    2.443     7.88      709137     0.95
 7.0162e-05    0.997867     72.1296   1.1169e-07  5.98591e-07 7.56949e-10   1.666e-07    0.3407  0.00137    2.244    7.896      717288     0.95
 6.6654e-05    0.999384     71.9158  1.11598e-07  5.97008e-07 7.51927e-10   1.664e-07    0.3413 0.000921    2.021    7.915      725439     0.95
 6.3321e-05    0.998371     71.6295  1.11408e-07  5.96387e-07 7.52948e-10   1.663e-07    0.4184 0.000995    1.822    7.932      733590     0.95
 6.0155e-05     1.00038      72.098  1.10903e-07  5.98466e-07 7.54395e-10   1.658e-07    0.3995 0.000904    1.782    7.935      741741     0.95
 5.7147e-05     1.00084     72.4733  1.10889e-07  6.02166e-07 7.57088e-10   1.657e-07    0.3855 0.000511     1.71    7.941      749892     0.95
  5.429e-05    0.999642     72.8067  1.10444e-07  6.03428e-07 7.63114e-10   1.658e-07    0.3636 0.000879    1.617    7.949      758043     0.95
 5.1575e-05    0.999822     72.9961  1.10247e-07  6.04474e-07 7.59114e-10   1.652e-07    0.3482 0.000496    1.493    7.959      766194     0.95
 4.8997e-05     1.00187     73.0663   1.1023e-07  6.03831e-07  7.6169e-10   1.652e-07    0.3406  0.00129    1.356     7.97      774345     0.95
 4.6547e-05     1.00028     73.3591  1.10175e-07  6.07132e-07 7.65153e-10   1.652e-07     0.339 0.000385    1.221    7.982      782496     0.95
 4.4219e-05     1.00055     73.5505  1.10125e-07  6.07897e-07 7.65194e-10   1.652e-07    0.3295 0.000373    1.098    7.992      790647     0.95
 4.2008e-05     1.00029     73.8251  1.09984e-07  6.11435e-07 7.69056e-10   1.651e-07    0.3116 0.000702        1        8      798798     0.95
 3.9908e-05     1.00088     74.0022  1.09921e-07  6.12017e-07 7.74879e-10   1.651e-07    0.2997 0.000499        1        8      806949     0.95
 3.7913e-05     1.00024     74.1728  1.09795e-07  6.14042e-07 7.70559e-10   1.651e-07    0.3036 0.000462        1        8      815100     0.95
 3.6017e-05    0.999753     74.3811  1.09676e-07  6.15167e-07 7.75363e-10    1.65e-07    0.2775  0.00044        1        8      823251     0.95
 3.4216e-05     1.00053     74.6709  1.09419e-07  6.20321e-07  7.8176e-10   1.647e-07    0.2824 0.000309        1        8      831402     0.95
 3.2505e-05    0.999368     74.6338  1.09346e-07  6.19211e-07 7.82209e-10   1.646e-07    0.2741 0.000237        1        8      839553     0.95
  3.088e-05      1.0004     74.5902   1.0933e-07  6.16538e-07 7.77978e-10   1.646e-07    0.2525 0.000385        1        8      847704     0.95
 2.9336e-05     1.00065     74.7124  1.09334e-07  6.19178e-07 7.81893e-10   1.646e-07    0.2551  0.00069        1        8      855855     0.95
 2.7869e-05     0.99892     74.6924  1.09319e-07  6.19755e-07 7.80482e-10   1.646e-07    0.2422 0.000537        1        8      864006     0.95
 2.6476e-05      1.0006     74.7977  1.09335e-07  6.19826e-07 7.82973e-10   1.646e-07    0.2421 0.000244        1        8      872157     0.95
 2.5152e-05      1.0002     74.8842  1.09338e-07  6.19859e-07 7.82358e-10   1.646e-07    0.2486 0.000274        1        8      880308     0.95
 2.3894e-05    0.999299     74.8568  1.09243e-07  6.20095e-07 7.81791e-10   1.646e-07    0.2363 0.000245        1        8      888459     0.95
   2.27e-05           1     74.8842  1.09223e-07  6.19187e-07 7.79094e-10   1.645e-07    0.2268   0.0001        1        8      896610     0.95
 2.1565e-05     1.00008     74.9687  1.09221e-07  6.19215e-07 7.83461e-10   1.645e-07    0.2202 7.76e-05        1        8      904761     0.95
 2.0486e-05    0.999961     74.9555   1.0924e-07  6.19567e-07  7.7854e-10   1.645e-07    0.2292  0.00017        1        8      912912     0.95
 1.9462e-05     1.00016     74.9844  1.09231e-07  6.20421e-07 7.80132e-10   1.645e-07    0.2178 0.000156        1        8      921063     0.95
 1.8489e-05     0.99977     74.9664  1.09201e-07   6.2038e-07  7.8154e-10   1.645e-07    0.2056 0.000223        1        8      929214     0.95
 1.7565e-05    0.999974     74.9777  1.09113e-07   6.1955e-07 7.81003e-10   1.644e-07    0.2094 7.19e-05        1        8      937365     0.95
 1.6686e-05      1.0001     74.9941  1.09113e-07  6.20182e-07 7.85442e-10   1.644e-07    0.2007 0.000109        1        8      945516     0.95
 1.5852e-05    0.999673     74.9452  1.09109e-07  6.20468e-07 7.82929e-10   1.644e-07    0.2041 0.000222        1        8      953667     0.95
 1.5059e-05    0.999983     74.8753  1.09115e-07   6.2144e-07 7.81023e-10   1.644e-07    0.1996        0        1        8      961818     0.95
 1.4306e-05           1      74.862  1.09111e-07  6.20725e-07 7.83137e-10   1.644e-07    0.1873        0        1        8      969969     0.95
 1.3591e-05    0.999993     74.8764  1.09108e-07  6.20805e-07  7.8316e-10   1.644e-07    0.1898 2.03e-05        1        8      978120     0.95
 1.2912e-05    0.999849     74.8576  1.09106e-07  6.19887e-07 7.80716e-10   1.644e-07    0.1976        0        1        8      986271     0.95
 1.2266e-05    0.999861      74.829  1.09103e-07   6.1967e-07 7.81087e-10   1.644e-07    0.2033 5.37e-05        1        8      994422     0.95
 1.1653e-05    0.999973     74.8249  1.09111e-07  6.19482e-07 7.80436e-10   1.644e-07    0.1986        0        1        8     1002573     0.95
  1.107e-05    0.999677     74.8093  1.09109e-07  6.18364e-07 7.79706e-10   1.644e-07    0.1953 0.000153        1        8     1010724     0.95
 1.0517e-05     1.00009     74.7949  1.09091e-07   6.1946e-07 7.78954e-10   1.644e-07    0.1969        0        1        8     1018875     0.95
 9.9907e-06    0.999752     74.7729   1.0906e-07  6.19664e-07 7.81668e-10   1.644e-07      0.19 0.000144        1        8     1027026     0.95
 9.4912e-06           1     74.7725  1.09037e-07  6.20199e-07 7.79898e-10   1.644e-07    0.1849        0        1        8     1035177     0.95
 9.0166e-06     1.00003     74.7676  1.09042e-07  6.18827e-07 7.83321e-10   1.644e-07    0.1859        0        1        8     1043328     0.95
 8.5658e-06           1      74.763  1.09054e-07  6.21182e-07 7.80115e-10   1.644e-07    0.1872        0        1        8     1051479     0.95
          0    0.999917     74.7532   1.0905e-07  6.18758e-07 7.84579e-10   1.644e-07   0.05459        0        1        8     1059630  

BB estimate of min-dist (placement) wirelength is ;7475
bb_cost recomputed from scratch is 74.7486.
timing_cost recomputed from scratch is 1.09049e-07. 
delay_cost recomputed from scratch is 6.17896e-07. 

Completed placement consistency check successfully.

Placement Estimated Crit Path Delay: 1.64391e-07

Placement. Cost: 0.99988  bb_cost: 74.7486  td_cost: 1.09049e-07  delay_cost: 6.17896e-07.
low, high, current -1 -1 6
Confirming Router Algorithm: TIMING_DRIVEN.
Empty heap occurred in get_heap_head.
Some blocks are impossible to connect in this architecture.
Routing failed.
low, high, current 6 -1 12
Confirming Router Algorithm: TIMING_DRIVEN.
T_crit: 1.62128e-07.
Successfully routed after 2 routing iterations.
Completed net delay value cross check successfully.
low, high, current 6 12 10
Warning (check_all_tracks_reach_pins):  track 8 does not 
	connect to any FB IPINs.
Warning (check_all_tracks_reach_pins):  track 9 does not 
	connect to any FB IPINs.
Warning (check_all_tracks_reach_pins):  track 8 does not 
	connect to any FB IPINs.
Warning (check_all_tracks_reach_pins):  track 9 does not 
	connect to any FB IPINs.
Confirming Router Algorithm: TIMING_DRIVEN.
Empty heap occurred in get_heap_head.
Some blocks are impossible to connect in this architecture.
Routing failed.

Checking to ensure routing is legal ...
Completed routing consistency check successfully.

Serial number (magic cookie) for the routing is: 1836083093
Best routing used a channel width factor of 12.


Average number of bends per net: 1.74144  Maximum # of bends: 16


The number of routed nets (nonglobal): 584
Wirelength results (all in units of 1 clb segments):
	Total wirelength: 8140   Average net length: 13.9384
	Maximum net length: 98

Wirelength results in terms of physical segments:
	Total wiring segments used: 4190   Av. wire segments per net: 7.17466
	Maximum segments used by a net: 49


X - Directed channels:

j	max occ	av_occ		capacity
0	8	4.98824  	12
1	5	2.55294  	12
2	5	1.45882  	12
3	5	0.494118 	12
4	3	0.623529 	12
5	2	0.317647 	12
6	4	0.552941 	12
7	4	0.505882 	12
8	4	0.105882 	12
9	2	0.105882 	12
10	2	0.517647 	12
11	3	0.0823529	12
12	5	0.129412 	12
13	3	0.329412 	12
14	6	1.27059  	12
15	4	0.352941 	12
16	4	0.164706 	12
17	2	0.235294 	12
18	3	0.270588 	12
19	2	0.0352941	12
20	1	0.0470588	12
21	2	0.0352941	12
22	3	0.341176 	12
23	3	0.458824 	12
24	2	0.282353 	12
25	2	0.423529 	12
26	5	0.188235 	12
27	4	0.352941 	12
28	4	0.258824 	12
29	3	0.835294 	12
30	3	0.341176 	12
31	2	0.247059 	12
32	1	0.129412 	12
33	2	0.411765 	12
34	3	0.635294 	12
35	3	0.870588 	12
36	3	1.40000  	12
37	4	0.964706 	12
38	3	1.18824  	12
39	3	1.10588  	12
40	2	0.552941 	12
41	3	0.129412 	12
42	2	0.423529 	12
43	3	0.176471 	12
44	3	0.858824 	12
45	2	1.01176  	12
46	4	0.352941 	12
47	1	0.0352941	12
48	0	0.00000  	12
49	1	0.0235294	12
50	3	0.235294 	12
51	2	0.247059 	12
52	4	0.882353 	12
53	4	1.43529  	12
54	4	0.541176 	12
55	4	0.458824 	12
56	3	0.376471 	12
57	2	0.682353 	12
58	5	0.929412 	12
59	4	0.788235 	12
60	3	0.752941 	12
61	6	1.30588  	12
62	3	0.364706 	12
63	3	0.458824 	12
64	3	0.647059 	12
65	2	0.376471 	12
66	2	0.152941 	12
67	2	0.105882 	12
68	2	0.0823529	12
69	3	0.188235 	12
70	2	0.0823529	12
71	2	0.0705882	12
72	2	0.0352941	12
73	2	0.0470588	12
74	1	0.564706 	12
75	2	0.0705882	12
76	2	0.141176 	12
77	1	0.0235294	12
78	0	0.00000  	12
79	1	0.0235294	12
80	0	0.00000  	12
81	1	0.0235294	12
82	1	0.117647 	12
83	3	0.423529 	12
84	2	0.305882 	12
85	4	1.85882  	12

Y - Directed channels:

i	max occ	av_occ		capacity
0	10	5.08235  	12
1	7	3.04706  	12
2	4	0.870588 	12
3	4	0.800000 	12
4	1	0.141176 	12
5	4	0.141176 	12
6	1	0.0470588	12
7	2	0.0823529	12
8	1	0.294118 	12
9	2	0.317647 	12
10	1	0.400000 	12
11	2	0.411765 	12
12	2	1.00000  	12
13	2	0.270588 	12
14	1	0.364706 	12
15	2	1.25882  	12
16	3	0.317647 	12
17	2	0.705882 	12
18	2	0.141176 	12
19	0	0.00000  	12
20	2	0.482353 	12
21	2	0.858824 	12
22	3	1.48235  	12
23	2	0.635294 	12
24	1	0.0941176	12
25	2	0.647059 	12
26	2	0.176471 	12
27	2	0.317647 	12
28	4	0.188235 	12
29	2	0.552941 	12
30	2	0.764706 	12
31	2	0.352941 	12
32	3	0.717647 	12
33	3	0.482353 	12
34	1	0.0470588	12
35	3	0.623529 	12
36	3	0.458824 	12
37	2	0.423529 	12
38	4	1.12941  	12
39	3	0.847059 	12
40	1	0.317647 	12
41	3	0.470588 	12
42	2	0.423529 	12
43	3	0.647059 	12
44	4	0.694118 	12
45	3	0.682353 	12
46	2	0.341176 	12
47	2	0.905882 	12
48	2	0.482353 	12
49	1	0.0705882	12
50	2	1.60000  	12
51	4	0.0705882	12
52	2	0.435294 	12
53	2	0.705882 	12
54	3	1.05882  	12
55	1	0.211765 	12
56	3	0.541176 	12
57	3	0.611765 	12
58	2	0.541176 	12
59	3	0.552941 	12
60	3	1.37647  	12
61	2	0.211765 	12
62	4	0.917647 	12
63	2	0.0352941	12
64	2	0.882353 	12
65	2	0.235294 	12
66	2	0.270588 	12
67	3	0.235294 	12
68	1	0.482353 	12
69	1	0.0235294	12
70	2	0.623529 	12
71	3	0.0470588	12
72	1	0.0235294	12
73	1	0.329412 	12
74	2	0.0470588	12
75	1	0.0705882	12
76	2	0.752941 	12
77	1	0.0352941	12
78	0	0.00000  	12
79	0	0.00000  	12
80	2	0.800000 	12
81	2	0.458824 	12
82	3	0.258824 	12
83	2	0.211765 	12
84	5	1.62353  	12
85	8	3.49412  	12

Total Tracks in X-direction: 1032  in Y-direction: 1032

Logic Area (in minimum width transistor areas):
Total Logic Area: 2.1675e+08  Per 1x1 logic tile: 30000

Routing area (in minimum width transistor areas):
Total Routing Area: 1.11448e+07  Per logic tile: 1542.53

Segment usage by type (index):
Segment type       Fractional utilization
------------       ----------------------
       0                  0.0472

Segment usage by length:
Segment length       Fractional utilization
--------------       ----------------------
        2                   0.0472

Critical Path: 1.61925e-07 (s)

Time elapsed (PLACE&ROUTE): 2980.760000 ms


Time elapsed (Fernando): 2980.772000 ms

