Array size: 22 x 22 logic blocks.

Routing:

Net 0 (dest_x1)

SOURCE (4,0)  Pad: 1  
  OPIN (4,0)  Pad: 1  
 CHANX (4,0) to (5,0)  Track: 10  
  IPIN (4,1)  Pin: 0  
  SINK (4,1)  Class: 0  


Net 1 (dest_x10)

SOURCE (13,0)  Pad: 1  
  OPIN (13,0)  Pad: 1  
 CHANX (13,0) to (14,0)  Track: 8  
  IPIN (13,1)  Pin: 0  
  SINK (13,1)  Class: 0  
  OPIN (13,0)  Pad: 1  
 CHANX (12,0) to (13,0)  Track: 3  
 CHANY (11,1) to (11,2)  Track: 2  
  IPIN (11,1)  Pin: 3  
  SINK (11,1)  Class: 0  


Net 2 (dest_x2)

SOURCE (0,17)  Pad: 1  
  OPIN (0,17)  Pad: 1  
 CHANY (0,16) to (0,17)  Track: 3  
  IPIN (0,16)  Pad: 0  
  SINK (0,16)  Pad: 0  


Net 3 (dest_x29)

SOURCE (15,23)  Pad: 1  
  OPIN (15,23)  Pad: 1  
 CHANX (14,22) to (15,22)  Track: 11  
 CHANY (14,22)  Track: 11  
 CHANY (14,20) to (14,21)  Track: 11  
 CHANY (14,18) to (14,19)  Track: 11  
 CHANY (14,16) to (14,17)  Track: 11  
 CHANY (14,14) to (14,15)  Track: 11  
 CHANY (14,12) to (14,13)  Track: 11  
  IPIN (15,13)  Pin: 1  
  SINK (15,13)  Class: 0  


Net 4 (dest_x3)

SOURCE (0,19)  Pad: 1  
  OPIN (0,19)  Pad: 1  
 CHANY (0,18) to (0,19)  Track: 3  
  IPIN (0,18)  Pad: 0  
  SINK (0,18)  Pad: 0  


Net 5 (dest_x4)

SOURCE (23,20)  Pad: 1  
  OPIN (23,20)  Pad: 1  
 CHANY (22,20) to (22,21)  Track: 10  
  IPIN (23,21)  Pad: 0  
  SINK (23,21)  Pad: 0  


Net 6 (dest_x5)

SOURCE (23,18)  Pad: 1  
  OPIN (23,18)  Pad: 1  
 CHANY (22,17) to (22,18)  Track: 5  
 CHANY (22,15) to (22,16)  Track: 5  
 CHANY (22,13) to (22,14)  Track: 5  
 CHANX (21,12) to (22,12)  Track: 5  
  IPIN (22,12)  Pin: 2  
  SINK (22,12)  Class: 0  


Net 7 (dest_x6)

SOURCE (23,3)  Pad: 1  
  OPIN (23,3)  Pad: 1  
 CHANY (22,3) to (22,4)  Track: 0  
  IPIN (22,3)  Pin: 3  
  SINK (22,3)  Class: 0  


Net 8 (dest_x7)

SOURCE (23,22)  Pad: 1  
  OPIN (23,22)  Pad: 1  
 CHANY (22,22)  Track: 10  
 CHANX (21,22) to (22,22)  Track: 1  
  IPIN (22,23)  Pad: 0  
  SINK (22,23)  Pad: 0  


Net 9 (dest_x8)

SOURCE (0,4)  Pad: 1  
  OPIN (0,4)  Pad: 1  
 CHANY (0,4) to (0,5)  Track: 6  
  IPIN (0,5)  Pad: 0  
  SINK (0,5)  Pad: 0  


Net 10 (dest_y0)

SOURCE (0,10)  Pad: 1  
  OPIN (0,10)  Pad: 1  
 CHANY (0,9) to (0,10)  Track: 1  
 CHANY (0,7) to (0,8)  Track: 1  
 CHANY (0,5) to (0,6)  Track: 1  
 CHANY (0,3) to (0,4)  Track: 1  
 CHANX (1,2) to (2,2)  Track: 0  
  IPIN (2,3)  Pin: 0  
  SINK (2,3)  Class: 0  
 CHANX (1,2) to (2,2)  Track: 0  
  IPIN (1,2)  Pin: 2  
  SINK (1,2)  Class: 0  


Net 11 (dest_y1)

SOURCE (22,0)  Pad: 1  
  OPIN (22,0)  Pad: 1  
 CHANX (22,0)  Track: 10  
  IPIN (22,1)  Pin: 0  
  SINK (22,1)  Class: 0  


Net 12 (dest_y10)

SOURCE (7,0)  Pad: 1  
  OPIN (7,0)  Pad: 1  
 CHANX (7,0) to (8,0)  Track: 0  
  IPIN (8,1)  Pin: 0  
  SINK (8,1)  Class: 0  
  OPIN (7,0)  Pad: 1  
 CHANX (7,0) to (8,0)  Track: 8  
  IPIN (7,1)  Pin: 0  
  SINK (7,1)  Class: 0  


Net 13 (dest_y2)

SOURCE (0,22)  Pad: 1  
  OPIN (0,22)  Pad: 1  
 CHANY (0,22)  Track: 6  
 CHANX (1,22)  Track: 2  
  IPIN (1,23)  Pad: 0  
  SINK (1,23)  Pad: 0  


Net 14 (dest_y29)

SOURCE (19,0)  Pad: 1  
  OPIN (19,0)  Pad: 1  
 CHANX (19,0) to (20,0)  Track: 8  
  IPIN (19,1)  Pin: 0  
  SINK (19,1)  Class: 0  


Net 15 (dest_y3)

SOURCE (0,20)  Pad: 1  
  OPIN (0,20)  Pad: 1  
 CHANY (0,20) to (0,21)  Track: 6  
  IPIN (0,21)  Pad: 0  
  SINK (0,21)  Pad: 0  


Net 16 (dest_y4)

SOURCE (4,23)  Pad: 1  
  OPIN (4,23)  Pad: 1  
 CHANX (4,22) to (5,22)  Track: 2  
  IPIN (5,23)  Pad: 0  
  SINK (5,23)  Pad: 0  


Net 17 (dest_y5)

SOURCE (15,0)  Pad: 1  
  OPIN (15,0)  Pad: 1  
 CHANX (15,0) to (16,0)  Track: 8  
  IPIN (15,1)  Pin: 0  
  SINK (15,1)  Class: 0  


Net 18 (dest_y6)

SOURCE (0,3)  Pad: 1  
  OPIN (0,3)  Pad: 1  
 CHANY (0,2) to (0,3)  Track: 11  
  IPIN (1,3)  Pin: 1  
  SINK (1,3)  Class: 0  


Net 19 (dest_y7)

SOURCE (23,2)  Pad: 1  
  OPIN (23,2)  Pad: 1  
 CHANY (22,2) to (22,3)  Track: 2  
  IPIN (22,2)  Pin: 3  
  SINK (22,2)  Class: 0  


Net 20 (dest_y8)

SOURCE (0,1)  Pad: 1  
  OPIN (0,1)  Pad: 1  
 CHANY (0,1)  Track: 11  
 CHANX (1,0) to (2,0)  Track: 0  
  IPIN (1,0)  Pad: 0  
  SINK (1,0)  Pad: 0  


Net 21 (new_n100_)

SOURCE (10,10)  Class: 1  
  OPIN (10,10)  Pin: 4  
 CHANX (10,9) to (11,9)  Track: 4  
 CHANY (10,10) to (10,11)  Track: 6  
 CHANY (10,12) to (10,13)  Track: 6  
 CHANY (10,14) to (10,15)  Track: 6  
 CHANY (10,16) to (10,17)  Track: 6  
 CHANY (10,18) to (10,19)  Track: 6  
 CHANY (10,20) to (10,21)  Track: 6  
 CHANY (10,22)  Track: 6  
 CHANX (9,22) to (10,22)  Track: 1  
  IPIN (10,23)  Pad: 0  
  SINK (10,23)  Pad: 0  


Net 22 (new_n102_)

SOURCE (3,8)  Class: 1  
  OPIN (3,8)  Pin: 4  
 CHANX (2,7) to (3,7)  Track: 9  
 CHANX (1,7)  Track: 9  
 CHANY (0,8) to (0,9)  Track: 6  
 CHANY (0,10) to (0,11)  Track: 6  
  IPIN (0,11)  Pad: 0  
  SINK (0,11)  Pad: 0  


Net 23 (new_n104_)

SOURCE (14,1)  Class: 1  
  OPIN (14,1)  Pin: 4  
 CHANX (13,0) to (14,0)  Track: 5  
  IPIN (14,0)  Pad: 0  
  SINK (14,0)  Pad: 0  


Net 24 (new_n107_)

SOURCE (12,12)  Class: 1  
  OPIN (12,12)  Pin: 4  
 CHANX (12,11) to (13,11)  Track: 4  
 CHANY (12,12) to (12,13)  Track: 6  
 CHANY (12,14) to (12,15)  Track: 6  
 CHANY (12,16) to (12,17)  Track: 6  
 CHANY (12,18) to (12,19)  Track: 6  
 CHANY (12,20) to (12,21)  Track: 6  
 CHANY (12,22)  Track: 6  
 CHANX (11,22) to (12,22)  Track: 1  
  IPIN (12,23)  Pad: 0  
  SINK (12,23)  Pad: 0  


Net 25 (new_n109_)

SOURCE (14,10)  Class: 1  
  OPIN (14,10)  Pin: 4  
 CHANX (14,9) to (15,9)  Track: 4  
 CHANY (14,10) to (14,11)  Track: 6  
 CHANY (14,12) to (14,13)  Track: 6  
 CHANY (14,14) to (14,15)  Track: 6  
 CHANY (14,16) to (14,17)  Track: 6  
 CHANY (14,18) to (14,19)  Track: 6  
 CHANY (14,20) to (14,21)  Track: 6  
 CHANY (14,22)  Track: 6  
 CHANX (13,22) to (14,22)  Track: 1  
  IPIN (14,23)  Pad: 0  
  SINK (14,23)  Pad: 0  


Net 26 (new_n111_)

SOURCE (17,6)  Class: 1  
  OPIN (17,6)  Pin: 4  
 CHANX (17,5) to (18,5)  Track: 10  
 CHANX (19,5) to (20,5)  Track: 10  
 CHANX (21,5) to (22,5)  Track: 10  
 CHANY (22,6) to (22,7)  Track: 10  
 CHANY (22,8) to (22,9)  Track: 10  
 CHANY (22,10) to (22,11)  Track: 10  
 CHANY (22,12) to (22,13)  Track: 10  
 CHANY (22,14) to (22,15)  Track: 10  
 CHANY (22,16) to (22,17)  Track: 10  
  IPIN (23,17)  Pad: 0  
  SINK (23,17)  Pad: 0  


Net 27 (new_n113_)

SOURCE (16,4)  Class: 1  
  OPIN (16,4)  Pin: 4  
 CHANX (16,3) to (17,3)  Track: 8  
 CHANY (16,4) to (16,5)  Track: 10  
 CHANY (16,6) to (16,7)  Track: 10  
 CHANY (16,8) to (16,9)  Track: 10  
 CHANY (16,10) to (16,11)  Track: 10  
 CHANY (16,12) to (16,13)  Track: 10  
 CHANY (16,14) to (16,15)  Track: 10  
 CHANY (16,16) to (16,17)  Track: 10  
 CHANY (16,18) to (16,19)  Track: 10  
 CHANY (16,20) to (16,21)  Track: 10  
 CHANY (16,22)  Track: 10  
 CHANX (17,22) to (18,22)  Track: 8  
  IPIN (17,23)  Pad: 0  
  SINK (17,23)  Pad: 0  


Net 28 (new_n115_)

SOURCE (21,4)  Class: 1  
  OPIN (21,4)  Pin: 4  
 CHANX (20,3) to (21,3)  Track: 5  
  IPIN (21,3)  Pin: 2  
  SINK (21,3)  Class: 0  


Net 29 (new_n116_)

SOURCE (21,3)  Class: 1  
  OPIN (21,3)  Pin: 4  
 CHANX (20,2) to (21,2)  Track: 7  
  IPIN (21,2)  Pin: 2  
  SINK (21,2)  Class: 0  


Net 30 (new_n118_)

SOURCE (22,8)  Class: 1  
  OPIN (22,8)  Pin: 4  
 CHANX (22,7)  Track: 5  
 CHANY (21,8) to (21,9)  Track: 0  
 CHANY (21,10) to (21,11)  Track: 0  
 CHANY (21,12) to (21,13)  Track: 0  
 CHANY (21,14) to (21,15)  Track: 0  
 CHANX (22,15)  Track: 4  
 CHANY (22,14) to (22,15)  Track: 11  
  IPIN (23,15)  Pad: 0  
  SINK (23,15)  Pad: 0  


Net 31 (new_n120_)

SOURCE (8,7)  Class: 1  
  OPIN (8,7)  Pin: 4  
 CHANX (7,6) to (8,6)  Track: 1  
 CHANX (5,6) to (6,6)  Track: 1  
 CHANX (3,6) to (4,6)  Track: 1  
 CHANX (1,6) to (2,6)  Track: 1  
 CHANY (0,7) to (0,8)  Track: 0  
  IPIN (0,7)  Pad: 0  
  SINK (0,7)  Pad: 0  


Net 32 (new_n123_)

SOURCE (4,1)  Class: 1  
  OPIN (4,1)  Pin: 4  
 CHANX (4,0) to (5,0)  Track: 6  
 CHANY (5,1) to (5,2)  Track: 6  
  IPIN (5,2)  Pin: 3  
  SINK (5,2)  Class: 0  


Net 33 (new_n125_)

SOURCE (22,12)  Class: 1  
  OPIN (22,12)  Pin: 4  
 CHANX (22,11)  Track: 0  
 CHANY (22,12) to (22,13)  Track: 2  
 CHANY (22,14) to (22,15)  Track: 2  
 CHANX (21,15) to (22,15)  Track: 3  
 CHANY (21,16) to (21,17)  Track: 0  
 CHANX (22,17)  Track: 4  
 CHANY (22,18) to (22,19)  Track: 10  
  IPIN (23,19)  Pad: 0  
  SINK (23,19)  Pad: 0  


Net 34 (new_n127_)

SOURCE (15,13)  Class: 1  
  OPIN (15,13)  Pin: 4  
 CHANX (15,12) to (16,12)  Track: 8  
 CHANY (15,13) to (15,14)  Track: 10  
 CHANY (15,15) to (15,16)  Track: 10  
 CHANY (15,17) to (15,18)  Track: 10  
 CHANY (15,19) to (15,20)  Track: 10  
 CHANY (15,21) to (15,22)  Track: 10  
 CHANX (16,22) to (17,22)  Track: 10  
  IPIN (16,23)  Pad: 0  
  SINK (16,23)  Pad: 0  


Net 35 (new_n130_)

SOURCE (5,2)  Class: 1  
  OPIN (5,2)  Pin: 4  
 CHANX (4,1) to (5,1)  Track: 9  
 CHANY (4,2) to (4,3)  Track: 10  
  IPIN (5,3)  Pin: 1  
  SINK (5,3)  Class: 0  


Net 36 (new_n131_)

SOURCE (5,3)  Class: 1  
  OPIN (5,3)  Pin: 4  
 CHANX (5,2) to (6,2)  Track: 0  
 CHANY (6,1) to (6,2)  Track: 9  
  IPIN (7,2)  Pin: 1  
  SINK (7,2)  Class: 0  


Net 37 (new_n132_)

SOURCE (7,2)  Class: 1  
  OPIN (7,2)  Pin: 4  
 CHANX (7,1) to (8,1)  Track: 10  
 CHANX (9,1) to (10,1)  Track: 10  
  IPIN (9,2)  Pin: 0  
  SINK (9,2)  Class: 0  


Net 38 (new_n133_)

SOURCE (9,2)  Class: 1  
  OPIN (9,2)  Pin: 4  
 CHANX (8,1) to (9,1)  Track: 9  
 CHANY (8,2) to (8,3)  Track: 10  
  IPIN (9,3)  Pin: 1  
  SINK (9,3)  Class: 0  


Net 39 (new_n134_)

SOURCE (9,3)  Class: 1  
  OPIN (9,3)  Pin: 4  
 CHANX (8,2) to (9,2)  Track: 11  
 CHANY (8,3) to (8,4)  Track: 8  
  IPIN (9,4)  Pin: 1  
  SINK (9,4)  Class: 0  


Net 40 (new_n135_)

SOURCE (9,4)  Class: 1  
  OPIN (9,4)  Pin: 4  
 CHANX (8,3) to (9,3)  Track: 9  
 CHANY (8,4) to (8,5)  Track: 10  
  IPIN (9,5)  Pin: 1  
  SINK (9,5)  Class: 0  


Net 41 (new_n136_)

SOURCE (9,5)  Class: 1  
  OPIN (9,5)  Pin: 4  
 CHANX (9,4) to (10,4)  Track: 8  
 CHANX (11,4) to (12,4)  Track: 8  
  IPIN (11,5)  Pin: 0  
  SINK (11,5)  Class: 0  


Net 42 (new_n137_)

SOURCE (11,5)  Class: 1  
  OPIN (11,5)  Pin: 4  
 CHANX (11,4) to (12,4)  Track: 0  
  IPIN (12,5)  Pin: 0  
  SINK (12,5)  Class: 0  


Net 43 (new_n138_)

SOURCE (12,5)  Class: 1  
  OPIN (12,5)  Pin: 4  
 CHANX (11,4) to (12,4)  Track: 5  
  IPIN (12,4)  Pin: 2  
  SINK (12,4)  Class: 0  


Net 44 (new_n139_)

SOURCE (12,4)  Class: 1  
  OPIN (12,4)  Pin: 4  
 CHANX (12,3) to (13,3)  Track: 8  
 CHANX (14,3) to (15,3)  Track: 8  
  IPIN (14,4)  Pin: 0  
  SINK (14,4)  Class: 0  


Net 45 (new_n140_)

SOURCE (14,4)  Class: 1  
  OPIN (14,4)  Pin: 4  
 CHANX (13,3) to (14,3)  Track: 7  
  IPIN (14,3)  Pin: 2  
  SINK (14,3)  Class: 0  


Net 46 (new_n141_)

SOURCE (14,3)  Class: 1  
  OPIN (14,3)  Pin: 4  
 CHANX (14,2) to (15,2)  Track: 10  
 CHANX (16,2) to (17,2)  Track: 10  
  IPIN (16,3)  Pin: 0  
  SINK (16,3)  Class: 0  


Net 47 (new_n142_)

SOURCE (16,3)  Class: 1  
  OPIN (16,3)  Pin: 4  
 CHANX (16,2) to (17,2)  Track: 6  
  IPIN (17,2)  Pin: 2  
  SINK (17,2)  Class: 0  


Net 48 (new_n143_)

SOURCE (17,2)  Class: 1  
  OPIN (17,2)  Pin: 4  
 CHANX (16,1) to (17,1)  Track: 9  
 CHANY (16,2) to (16,3)  Track: 10  
  IPIN (17,3)  Pin: 1  
  SINK (17,3)  Class: 0  


Net 49 (new_n144_)

SOURCE (17,3)  Class: 1  
  OPIN (17,3)  Pin: 4  
 CHANX (17,2) to (18,2)  Track: 8  
 CHANX (19,2) to (20,2)  Track: 8  
  IPIN (19,3)  Pin: 0  
  SINK (19,3)  Class: 0  


Net 50 (new_n145_)

SOURCE (19,3)  Class: 1  
  OPIN (19,3)  Pin: 4  
 CHANX (18,2) to (19,2)  Track: 11  
 CHANY (18,3) to (18,4)  Track: 8  
  IPIN (19,4)  Pin: 1  
  SINK (19,4)  Class: 0  


Net 51 (new_n146_)

SOURCE (19,4)  Class: 1  
  OPIN (19,4)  Pin: 4  
 CHANX (19,3) to (20,3)  Track: 10  
 CHANY (19,4) to (19,5)  Track: 8  
  IPIN (20,5)  Pin: 1  
  SINK (20,5)  Class: 0  


Net 52 (new_n147_)

SOURCE (20,5)  Class: 1  
  OPIN (20,5)  Pin: 4  
 CHANX (20,4) to (21,4)  Track: 10  
 CHANX (22,4)  Track: 10  
 CHANY (22,5) to (22,6)  Track: 8  
  IPIN (23,6)  Pad: 0  
  SINK (23,6)  Pad: 0  


Net 53 (new_n149_)

SOURCE (21,2)  Class: 1  
  OPIN (21,2)  Pin: 4  
 CHANX (20,1) to (21,1)  Track: 9  
 CHANY (20,2) to (20,3)  Track: 10  
 CHANY (20,4) to (20,5)  Track: 10  
  IPIN (21,5)  Pin: 1  
  SINK (21,5)  Class: 0  


Net 54 (new_n150_)

SOURCE (21,5)  Class: 1  
  OPIN (21,5)  Pin: 4  
 CHANX (21,4) to (22,4)  Track: 8  
 CHANY (21,5) to (21,6)  Track: 10  
  IPIN (22,6)  Pin: 1  
  SINK (22,6)  Class: 0  


Net 55 (new_n151_)

SOURCE (22,6)  Class: 1  
  OPIN (22,6)  Pin: 4  
 CHANX (22,5)  Track: 5  
 CHANY (21,6) to (21,7)  Track: 0  
 CHANX (22,7)  Track: 4  
 CHANY (22,6) to (22,7)  Track: 11  
  IPIN (23,7)  Pad: 0  
  SINK (23,7)  Pad: 0  


Net 56 (new_n155_)

SOURCE (22,3)  Class: 1  
  OPIN (22,3)  Pin: 4  
 CHANX (22,2)  Track: 2  
 CHANY (22,3) to (22,4)  Track: 4  
  IPIN (22,4)  Pin: 3  
  SINK (22,4)  Class: 0  


Net 57 (new_n157_)

SOURCE (11,1)  Class: 1  
  OPIN (11,1)  Pin: 4  
 CHANX (10,0) to (11,0)  Track: 7  
  IPIN (11,0)  Pad: 0  
  SINK (11,0)  Pad: 0  


Net 58 (new_n159_)

SOURCE (22,4)  Class: 1  
  OPIN (22,4)  Pin: 4  
 CHANX (22,3)  Track: 8  
 CHANY (22,4) to (22,5)  Track: 6  
  IPIN (22,5)  Pin: 3  
  SINK (22,5)  Class: 0  


Net 59 (new_n160_)

SOURCE (22,5)  Class: 1  
  OPIN (22,5)  Pin: 4  
 CHANX (21,4) to (22,4)  Track: 5  
 CHANY (21,5) to (21,6)  Track: 6  
  IPIN (21,6)  Pin: 3  
  SINK (21,6)  Class: 0  


Net 60 (new_n161_)

SOURCE (21,6)  Class: 1  
  OPIN (21,6)  Pin: 4  
 CHANX (20,5) to (21,5)  Track: 5  
 CHANY (20,6) to (20,7)  Track: 6  
  IPIN (20,7)  Pin: 3  
  SINK (20,7)  Class: 0  


Net 61 (new_n162_)

SOURCE (20,7)  Class: 1  
  OPIN (20,7)  Pin: 4  
 CHANX (19,6) to (20,6)  Track: 9  
 CHANY (19,7) to (19,8)  Track: 10  
  IPIN (20,8)  Pin: 1  
  SINK (20,8)  Class: 0  


Net 62 (new_n163_)

SOURCE (20,8)  Class: 1  
  OPIN (20,8)  Pin: 4  
 CHANX (19,7) to (20,7)  Track: 11  
 CHANY (18,8) to (18,9)  Track: 6  
  IPIN (18,9)  Pin: 3  
  SINK (18,9)  Class: 0  


Net 63 (new_n164_)

SOURCE (18,9)  Class: 1  
  OPIN (18,9)  Pin: 4  
 CHANX (17,8) to (18,8)  Track: 9  
 CHANY (17,9) to (17,10)  Track: 10  
  IPIN (18,10)  Pin: 1  
  SINK (18,10)  Class: 0  


Net 64 (new_n165_)

SOURCE (18,10)  Class: 1  
  OPIN (18,10)  Pin: 4  
 CHANX (17,9) to (18,9)  Track: 7  
 CHANY (17,10) to (17,11)  Track: 4  
  IPIN (17,11)  Pin: 3  
  SINK (17,11)  Class: 0  


Net 65 (new_n166_)

SOURCE (17,11)  Class: 1  
  OPIN (17,11)  Pin: 4  
 CHANX (16,10) to (17,10)  Track: 7  
 CHANY (16,11) to (16,12)  Track: 4  
  IPIN (16,12)  Pin: 3  
  SINK (16,12)  Class: 0  


Net 66 (new_n167_)

SOURCE (16,12)  Class: 1  
  OPIN (16,12)  Pin: 4  
 CHANX (15,11) to (16,11)  Track: 7  
  IPIN (16,11)  Pin: 2  
  SINK (16,11)  Class: 0  


Net 67 (new_n168_)

SOURCE (16,11)  Class: 1  
  OPIN (16,11)  Pin: 4  
 CHANX (15,10) to (16,10)  Track: 5  
  IPIN (16,10)  Pin: 2  
  SINK (16,10)  Class: 0  


Net 68 (new_n169_)

SOURCE (16,10)  Class: 1  
  OPIN (16,10)  Pin: 4  
 CHANX (15,9) to (16,9)  Track: 7  
  IPIN (16,9)  Pin: 2  
  SINK (16,9)  Class: 0  


Net 69 (new_n170_)

SOURCE (16,9)  Class: 1  
  OPIN (16,9)  Pin: 4  
 CHANX (15,8) to (16,8)  Track: 5  
  IPIN (16,8)  Pin: 2  
  SINK (16,8)  Class: 0  


Net 70 (new_n171_)

SOURCE (16,8)  Class: 1  
  OPIN (16,8)  Pin: 4  
 CHANX (15,7) to (16,7)  Track: 7  
 CHANY (15,8) to (15,9)  Track: 4  
  IPIN (15,9)  Pin: 3  
  SINK (15,9)  Class: 0  


Net 71 (new_n172_)

SOURCE (15,9)  Class: 1  
  OPIN (15,9)  Pin: 4  
 CHANX (14,8) to (15,8)  Track: 7  
 CHANX (12,8) to (13,8)  Track: 7  
  IPIN (13,8)  Pin: 2  
  SINK (13,8)  Class: 0  


Net 72 (new_n173_)

SOURCE (13,8)  Class: 1  
  OPIN (13,8)  Pin: 4  
 CHANX (12,7) to (13,7)  Track: 5  
  IPIN (13,7)  Pin: 2  
  SINK (13,7)  Class: 0  


Net 73 (new_n174_)

SOURCE (13,7)  Class: 1  
  OPIN (13,7)  Pin: 4  
 CHANX (12,6) to (13,6)  Track: 11  
 CHANY (11,7) to (11,8)  Track: 6  
  IPIN (11,8)  Pin: 3  
  SINK (11,8)  Class: 0  


Net 74 (new_n175_)

SOURCE (11,8)  Class: 1  
  OPIN (11,8)  Pin: 4  
 CHANX (10,7) to (11,7)  Track: 5  
  IPIN (11,7)  Pin: 2  
  SINK (11,7)  Class: 0  


Net 75 (new_n176_)

SOURCE (11,7)  Class: 1  
  OPIN (11,7)  Pin: 4  
 CHANX (10,6) to (11,6)  Track: 7  
  IPIN (11,6)  Pin: 2  
  SINK (11,6)  Class: 0  


Net 76 (new_n177_)

SOURCE (11,6)  Class: 1  
  OPIN (11,6)  Pin: 4  
 CHANX (10,5) to (11,5)  Track: 5  
 CHANY (10,4) to (10,5)  Track: 7  
  IPIN (11,4)  Pin: 1  
  SINK (11,4)  Class: 0  


Net 77 (new_n178_)

SOURCE (11,4)  Class: 1  
  OPIN (11,4)  Pin: 4  
 CHANX (10,3) to (11,3)  Track: 9  
 CHANY (10,2) to (10,3)  Track: 11  
 CHANX (9,1) to (10,1)  Track: 7  
  IPIN (10,1)  Pin: 2  
  SINK (10,1)  Class: 0  


Net 78 (new_n179_)

SOURCE (10,1)  Class: 1  
  OPIN (10,1)  Pin: 4  
 CHANX (9,0) to (10,0)  Track: 5  
  IPIN (10,0)  Pad: 0  
  SINK (10,0)  Pad: 0  


Net 79 (new_n181_)

SOURCE (7,1)  Class: 1  
  OPIN (7,1)  Pin: 4  
 CHANX (6,0) to (7,0)  Track: 11  
  IPIN (6,1)  Pin: 0  
  SINK (6,1)  Class: 0  
 CHANX (6,0) to (7,0)  Track: 11  
 CHANY (5,1) to (5,2)  Track: 10  
  IPIN (6,2)  Pin: 1  
  SINK (6,2)  Class: 0  


Net 80 (new_n182_)

SOURCE (6,2)  Class: 1  
  OPIN (6,2)  Pin: 4  
 CHANX (5,1) to (6,1)  Track: 3  
  IPIN (5,1)  Pin: 2  
  SINK (5,1)  Class: 0  
  OPIN (6,2)  Pin: 4  
 CHANX (5,1) to (6,1)  Track: 7  
 CHANY (4,2) to (4,3)  Track: 2  
  IPIN (4,2)  Pin: 3  
  SINK (4,2)  Class: 0  


Net 81 (new_n183_)

SOURCE (4,2)  Class: 1  
  OPIN (4,2)  Pin: 4  
 CHANX (3,1) to (4,1)  Track: 7  
 CHANY (2,2) to (2,3)  Track: 2  
  IPIN (2,2)  Pin: 3  
  SINK (2,2)  Class: 0  
 CHANX (3,1) to (4,1)  Track: 7  
 CHANY (3,2) to (3,3)  Track: 4  
  IPIN (3,3)  Pin: 3  
  SINK (3,3)  Class: 0  


Net 82 (new_n184_)

SOURCE (3,3)  Class: 1  
  OPIN (3,3)  Pin: 4  
 CHANX (2,2) to (3,2)  Track: 7  
 CHANY (2,1) to (2,2)  Track: 5  
  IPIN (3,1)  Pin: 1  
  SINK (3,1)  Class: 0  
 CHANX (2,2) to (3,2)  Track: 7  
  IPIN (3,2)  Pin: 2  
  SINK (3,2)  Class: 0  


Net 83 (new_n185_)

SOURCE (3,2)  Class: 1  
  OPIN (3,2)  Pin: 4  
 CHANX (2,1) to (3,1)  Track: 1  
  IPIN (2,1)  Pin: 2  
  SINK (2,1)  Class: 0  
  OPIN (3,2)  Pin: 4  
 CHANX (2,1) to (3,1)  Track: 9  
 CHANY (1,2) to (1,3)  Track: 4  
 CHANY (1,4) to (1,5)  Track: 4  
 CHANY (1,6) to (1,7)  Track: 4  
 CHANY (1,8) to (1,9)  Track: 4  
 CHANY (1,10) to (1,11)  Track: 4  
 CHANY (1,12) to (1,13)  Track: 4  
 CHANY (1,14) to (1,15)  Track: 4  
 CHANY (1,16) to (1,17)  Track: 4  
 CHANY (1,18) to (1,19)  Track: 4  
 CHANY (1,20) to (1,21)  Track: 4  
 CHANY (1,22)  Track: 4  
 CHANX (2,22) to (3,22)  Track: 10  
  IPIN (2,23)  Pad: 0  
  SINK (2,23)  Pad: 0  
 CHANX (2,1) to (3,1)  Track: 9  
 CHANY (2,2) to (2,3)  Track: 10  
 CHANY (2,4) to (2,5)  Track: 10  
  IPIN (3,5)  Pin: 1  
  SINK (3,5)  Class: 0  


Net 84 (new_n186_)

SOURCE (3,5)  Class: 1  
  OPIN (3,5)  Pin: 4  
 CHANX (2,4) to (3,4)  Track: 11  
 CHANY (1,5) to (1,6)  Track: 6  
  IPIN (1,6)  Pin: 3  
  SINK (1,6)  Class: 0  
  OPIN (3,5)  Pin: 4  
 CHANX (3,4) to (4,4)  Track: 8  
 CHANY (3,5) to (3,6)  Track: 10  
  IPIN (4,6)  Pin: 1  
  SINK (4,6)  Class: 0  


Net 85 (new_n187_)

SOURCE (4,6)  Class: 1  
  OPIN (4,6)  Pin: 4  
 CHANX (3,5) to (4,5)  Track: 11  
  IPIN (3,6)  Pin: 0  
  SINK (3,6)  Class: 0  
  OPIN (4,6)  Pin: 4  
 CHANX (4,5) to (5,5)  Track: 8  
 CHANX (6,5) to (7,5)  Track: 8  
  IPIN (6,6)  Pin: 0  
  SINK (6,6)  Class: 0  


Net 86 (new_n188_)

SOURCE (6,6)  Class: 1  
  OPIN (6,6)  Pin: 4  
 CHANX (5,5) to (6,5)  Track: 11  
 CHANY (5,6) to (5,7)  Track: 8  
  IPIN (6,7)  Pin: 1  
  SINK (6,7)  Class: 0  
  OPIN (6,6)  Pin: 4  
 CHANX (6,5) to (7,5)  Track: 0  
 CHANY (7,6) to (7,7)  Track: 0  
 CHANX (8,6) to (9,6)  Track: 2  
  IPIN (8,6)  Pin: 2  
  SINK (8,6)  Class: 0  


Net 87 (new_n189_)

SOURCE (8,6)  Class: 1  
  OPIN (8,6)  Pin: 4  
 CHANX (8,5) to (9,5)  Track: 0  
  IPIN (9,6)  Pin: 0  
  SINK (9,6)  Class: 0  
  OPIN (8,6)  Pin: 4  
 CHANX (8,5) to (9,5)  Track: 8  
 CHANX (10,5) to (11,5)  Track: 8  
 CHANX (12,5) to (13,5)  Track: 8  
  IPIN (12,6)  Pin: 0  
  SINK (12,6)  Class: 0  


Net 88 (new_n190_)

SOURCE (12,6)  Class: 1  
  OPIN (12,6)  Pin: 4  
 CHANX (12,5) to (13,5)  Track: 4  
 CHANX (14,5) to (15,5)  Track: 4  
 CHANY (15,6) to (15,7)  Track: 8  
 CHANX (16,7) to (17,7)  Track: 8  
 CHANX (18,7) to (19,7)  Track: 8  
 CHANX (20,7) to (21,7)  Track: 8  
 CHANY (20,6) to (20,7)  Track: 11  
  IPIN (21,7)  Pin: 1  
  SINK (21,7)  Class: 0  
 CHANY (15,6) to (15,7)  Track: 8  
 CHANY (15,8) to (15,9)  Track: 8  
 CHANY (15,10) to (15,11)  Track: 8  
 CHANY (15,12) to (15,13)  Track: 8  
 CHANY (15,14) to (15,15)  Track: 8  
 CHANX (16,15) to (17,15)  Track: 8  
 CHANX (18,15) to (19,15)  Track: 8  
 CHANX (20,15) to (21,15)  Track: 8  
 CHANX (22,15)  Track: 8  
 CHANY (22,16) to (22,17)  Track: 6  
  IPIN (23,16)  Pad: 0  
  SINK (23,16)  Pad: 0  
  OPIN (12,6)  Pin: 4  
 CHANX (12,5) to (13,5)  Track: 0  
 CHANY (13,6) to (13,7)  Track: 0  
 CHANX (14,6) to (15,6)  Track: 2  
  IPIN (14,6)  Pin: 2  
  SINK (14,6)  Class: 0  


Net 89 (new_n191_)

SOURCE (14,6)  Class: 1  
  OPIN (14,6)  Pin: 4  
 CHANX (13,5) to (14,5)  Track: 7  
 CHANX (11,5) to (12,5)  Track: 7  
 CHANX (9,5) to (10,5)  Track: 7  
 CHANX (7,5) to (8,5)  Track: 7  
 CHANX (5,5) to (6,5)  Track: 7  
 CHANX (3,5) to (4,5)  Track: 7  
 CHANY (2,6) to (2,7)  Track: 2  
  IPIN (2,6)  Pin: 3  
  SINK (2,6)  Class: 0  
  OPIN (14,6)  Pin: 4  
 CHANX (14,5) to (15,5)  Track: 0  
 CHANY (15,4) to (15,5)  Track: 9  
  IPIN (16,5)  Pin: 1  
  SINK (16,5)  Class: 0  


Net 90 (new_n192_)

SOURCE (16,5)  Class: 1  
  OPIN (16,5)  Pin: 4  
 CHANX (16,4) to (17,4)  Track: 10  
 CHANX (18,4) to (19,4)  Track: 10  
  IPIN (18,5)  Pin: 0  
  SINK (18,5)  Class: 0  
  OPIN (16,5)  Pin: 4  
 CHANX (16,4) to (17,4)  Track: 2  
 CHANY (17,3) to (17,4)  Track: 11  
  IPIN (18,4)  Pin: 1  
  SINK (18,4)  Class: 0  


Net 91 (new_n193_)

SOURCE (18,4)  Class: 1  
  OPIN (18,4)  Pin: 4  
 CHANX (18,3) to (19,3)  Track: 8  
 CHANX (20,3) to (21,3)  Track: 8  
  IPIN (20,4)  Pin: 0  
  SINK (20,4)  Class: 0  
 CHANX (18,3) to (19,3)  Track: 8  
 CHANY (18,4) to (18,5)  Track: 10  
  IPIN (19,5)  Pin: 1  
  SINK (19,5)  Class: 0  


Net 92 (new_n194_)

SOURCE (19,5)  Class: 1  
  OPIN (19,5)  Pin: 4  
 CHANX (18,4) to (19,4)  Track: 7  
 CHANY (17,3) to (17,4)  Track: 3  
 CHANY (17,1) to (17,2)  Track: 3  
  IPIN (17,1)  Pin: 3  
  SINK (17,1)  Class: 0  
 CHANX (18,4) to (19,4)  Track: 7  
 CHANY (17,5) to (17,6)  Track: 2  
 CHANY (17,7) to (17,8)  Track: 2  
 CHANY (17,9) to (17,10)  Track: 2  
 CHANY (17,11) to (17,12)  Track: 2  
 CHANY (17,13) to (17,14)  Track: 2  
 CHANY (17,15) to (17,16)  Track: 2  
 CHANY (17,17) to (17,18)  Track: 2  
 CHANY (17,19) to (17,20)  Track: 2  
 CHANX (18,20) to (19,20)  Track: 6  
 CHANY (19,21) to (19,22)  Track: 10  
 CHANX (18,22) to (19,22)  Track: 11  
  IPIN (18,23)  Pad: 0  
  SINK (18,23)  Pad: 0  
  OPIN (19,5)  Pin: 4  
 CHANX (19,4) to (20,4)  Track: 4  
 CHANY (19,5) to (19,6)  Track: 6  
 CHANY (19,7) to (19,8)  Track: 6  
 CHANY (19,9) to (19,10)  Track: 6  
  IPIN (19,10)  Pin: 3  
  SINK (19,10)  Class: 0  


Net 93 (new_n195_)

SOURCE (19,10)  Class: 1  
  OPIN (19,10)  Pin: 4  
 CHANX (19,9) to (20,9)  Track: 10  
 CHANX (21,9) to (22,9)  Track: 10  
  IPIN (21,10)  Pin: 0  
  SINK (21,10)  Class: 0  
 CHANX (19,9) to (20,9)  Track: 10  
 CHANY (20,10) to (20,11)  Track: 6  
 CHANY (20,12) to (20,13)  Track: 6  
 CHANY (20,14) to (20,15)  Track: 6  
 CHANY (20,16) to (20,17)  Track: 6  
 CHANY (20,18) to (20,19)  Track: 6  
 CHANY (20,20) to (20,21)  Track: 6  
 CHANY (20,22)  Track: 6  
 CHANX (19,22) to (20,22)  Track: 1  
  IPIN (20,23)  Pad: 0  
  SINK (20,23)  Pad: 0  
  OPIN (19,10)  Pin: 4  
 CHANX (19,9) to (20,9)  Track: 6  
 CHANY (20,10) to (20,11)  Track: 10  
  IPIN (21,11)  Pin: 1  
  SINK (21,11)  Class: 0  


Net 94 (new_n196_)

SOURCE (21,11)  Class: 1  
  OPIN (21,11)  Pin: 4  
 CHANX (21,10) to (22,10)  Track: 0  
  IPIN (22,11)  Pin: 0  
  SINK (22,11)  Class: 0  
  OPIN (21,11)  Pin: 4  
 CHANX (20,10) to (21,10)  Track: 11  
 CHANY (20,11) to (20,12)  Track: 8  
  IPIN (21,12)  Pin: 1  
  SINK (21,12)  Class: 0  


Net 95 (new_n197_)

SOURCE (21,12)  Class: 1  
  OPIN (21,12)  Pin: 4  
 CHANX (20,11) to (21,11)  Track: 5  
 CHANY (19,12) to (19,13)  Track: 0  
  IPIN (19,12)  Pin: 3  
  SINK (19,12)  Class: 0  
  OPIN (21,12)  Pin: 4  
 CHANX (20,11) to (21,11)  Track: 9  
 CHANY (20,12) to (20,13)  Track: 10  
 CHANY (20,14) to (20,15)  Track: 10  
 CHANY (20,16) to (20,17)  Track: 10  
 CHANY (20,18) to (20,19)  Track: 10  
 CHANY (20,20) to (20,21)  Track: 10  
 CHANY (20,22)  Track: 10  
 CHANX (21,22) to (22,22)  Track: 8  
  IPIN (21,23)  Pad: 0  
  SINK (21,23)  Pad: 0  


Net 96 (new_n199_)

SOURCE (19,1)  Class: 1  
  OPIN (19,1)  Pin: 4  
 CHANX (18,0) to (19,0)  Track: 11  
 CHANY (18,1)  Track: 10  
 CHANX (19,1) to (20,1)  Track: 10  
  IPIN (19,2)  Pin: 0  
  SINK (19,2)  Class: 0  


Net 97 (new_n200_)

SOURCE (19,2)  Class: 1  
  OPIN (19,2)  Pin: 4  
 CHANX (18,1) to (19,1)  Track: 9  
  IPIN (18,2)  Pin: 0  
  SINK (18,2)  Class: 0  


Net 98 (new_n201_)

SOURCE (18,2)  Class: 1  
  OPIN (18,2)  Pin: 4  
 CHANX (17,1) to (18,1)  Track: 7  
 CHANY (16,2) to (16,3)  Track: 2  
  IPIN (16,2)  Pin: 3  
  SINK (16,2)  Class: 0  


Net 99 (new_n202_)

SOURCE (22,11)  Class: 1  
  OPIN (22,11)  Pin: 4  
 CHANX (22,10)  Track: 10  
 CHANY (22,11) to (22,12)  Track: 8  
  IPIN (23,12)  Pad: 0  
  SINK (23,12)  Pad: 0  


Net 100 (new_n205_)

SOURCE (21,10)  Class: 1  
  OPIN (21,10)  Pin: 4  
 CHANX (21,9) to (22,9)  Track: 2  
 CHANY (22,10) to (22,11)  Track: 6  
  IPIN (23,10)  Pad: 0  
  SINK (23,10)  Pad: 0  


Net 101 (new_n207_)

SOURCE (18,5)  Class: 1  
  OPIN (18,5)  Pin: 4  
 CHANX (18,4) to (19,4)  Track: 2  
 CHANX (20,4) to (21,4)  Track: 2  
 CHANX (22,4)  Track: 2  
 CHANY (22,5) to (22,6)  Track: 4  
  IPIN (23,5)  Pad: 0  
  SINK (23,5)  Pad: 0  


Net 102 (new_n209_)

SOURCE (2,6)  Class: 1  
  OPIN (2,6)  Pin: 4  
 CHANX (2,5) to (3,5)  Track: 8  
 CHANY (2,6) to (2,7)  Track: 10  
 CHANY (2,8) to (2,9)  Track: 10  
 CHANX (1,9) to (2,9)  Track: 3  
 CHANY (0,8) to (0,9)  Track: 7  
  IPIN (0,9)  Pad: 0  
  SINK (0,9)  Pad: 0  


Net 103 (new_n211_)

SOURCE (9,6)  Class: 1  
  OPIN (9,6)  Pin: 4  
 CHANX (8,5) to (9,5)  Track: 9  
 CHANY (8,6) to (8,7)  Track: 10  
 CHANY (8,8) to (8,9)  Track: 10  
 CHANY (8,10) to (8,11)  Track: 10  
 CHANY (8,12) to (8,13)  Track: 10  
 CHANY (8,14) to (8,15)  Track: 10  
 CHANY (8,16) to (8,17)  Track: 10  
 CHANY (8,18) to (8,19)  Track: 10  
 CHANY (8,20) to (8,21)  Track: 10  
 CHANY (8,22)  Track: 10  
 CHANX (9,22) to (10,22)  Track: 8  
  IPIN (9,23)  Pad: 0  
  SINK (9,23)  Pad: 0  


Net 104 (new_n213_)

SOURCE (6,7)  Class: 1  
  OPIN (6,7)  Pin: 4  
 CHANX (5,6) to (6,6)  Track: 9  
 CHANY (5,7) to (5,8)  Track: 10  
 CHANY (5,9) to (5,10)  Track: 10  
 CHANY (5,11) to (5,12)  Track: 10  
 CHANY (5,13) to (5,14)  Track: 10  
 CHANY (5,15) to (5,16)  Track: 10  
 CHANY (5,17) to (5,18)  Track: 10  
 CHANY (5,19) to (5,20)  Track: 10  
 CHANY (5,21) to (5,22)  Track: 10  
 CHANX (6,22) to (7,22)  Track: 10  
  IPIN (6,23)  Pad: 0  
  SINK (6,23)  Pad: 0  


Net 105 (new_n216_)

SOURCE (21,7)  Class: 1  
  OPIN (21,7)  Pin: 4  
 CHANX (21,6) to (22,6)  Track: 8  
 CHANY (22,7) to (22,8)  Track: 4  
 CHANY (22,9) to (22,10)  Track: 4  
  IPIN (23,9)  Pad: 0  
  SINK (23,9)  Pad: 0  


Net 106 (new_n218_)

SOURCE (3,6)  Class: 1  
  OPIN (3,6)  Pin: 4  
 CHANX (3,5) to (4,5)  Track: 2  
 CHANY (3,6) to (3,7)  Track: 0  
 CHANY (3,8) to (3,9)  Track: 0  
 CHANY (3,10) to (3,11)  Track: 0  
 CHANY (3,12) to (3,13)  Track: 0  
 CHANY (3,14) to (3,15)  Track: 0  
 CHANY (3,16) to (3,17)  Track: 0  
 CHANY (3,18) to (3,19)  Track: 0  
 CHANY (3,20) to (3,21)  Track: 0  
 CHANY (3,22)  Track: 0  
 CHANX (2,22) to (3,22)  Track: 3  
  IPIN (3,23)  Pad: 0  
  SINK (3,23)  Pad: 0  


Net 107 (new_n220_)

SOURCE (1,6)  Class: 1  
  OPIN (1,6)  Pin: 4  
 CHANX (1,5)  Track: 9  
 CHANY (0,6) to (0,7)  Track: 6  
 CHANX (1,6)  Track: 6  
 CHANY (1,7) to (1,8)  Track: 10  
 CHANY (1,9) to (1,10)  Track: 10  
 CHANY (1,11) to (1,12)  Track: 10  
 CHANY (1,13) to (1,14)  Track: 10  
 CHANX (1,13)  Track: 9  
 CHANY (0,14) to (0,15)  Track: 6  
  IPIN (0,15)  Pad: 0  
  SINK (0,15)  Pad: 0  


Net 108 (new_n222_)

SOURCE (6,1)  Class: 1  
  OPIN (6,1)  Pin: 4  
 CHANX (5,0) to (6,0)  Track: 5  
  IPIN (6,0)  Pad: 0  
  SINK (6,0)  Pad: 0  


Net 109 (new_n225_)

SOURCE (2,1)  Class: 1  
  OPIN (2,1)  Pin: 4  
 CHANX (1,0) to (2,0)  Track: 5  
  IPIN (2,0)  Pad: 0  
  SINK (2,0)  Pad: 0  


Net 110 (new_n227_)

SOURCE (3,1)  Class: 1  
  OPIN (3,1)  Pin: 4  
 CHANX (2,0) to (3,0)  Track: 7  
  IPIN (3,0)  Pad: 0  
  SINK (3,0)  Pad: 0  


Net 111 (new_n229_)

SOURCE (2,2)  Class: 1  
  OPIN (2,2)  Pin: 4  
 CHANX (1,1) to (2,1)  Track: 7  
 CHANY (0,2) to (0,3)  Track: 2  
  IPIN (0,2)  Pad: 0  
  SINK (0,2)  Pad: 0  


Net 112 (new_n231_)

SOURCE (5,1)  Class: 1  
  OPIN (5,1)  Pin: 4  
 CHANX (4,0) to (5,0)  Track: 7  
  IPIN (5,0)  Pad: 0  
  SINK (5,0)  Pad: 0  


Net 113 (new_n233_)

SOURCE (19,12)  Class: 1  
  OPIN (19,12)  Pin: 4  
 CHANX (18,11) to (19,11)  Track: 9  
 CHANY (18,12) to (18,13)  Track: 10  
 CHANY (18,14) to (18,15)  Track: 10  
 CHANY (18,16) to (18,17)  Track: 10  
 CHANY (18,18) to (18,19)  Track: 10  
 CHANY (18,20) to (18,21)  Track: 10  
 CHANY (18,22)  Track: 10  
 CHANX (19,22) to (20,22)  Track: 8  
  IPIN (19,23)  Pad: 0  
  SINK (19,23)  Pad: 0  


Net 114 (new_n236_)

SOURCE (17,1)  Class: 1  
  OPIN (17,1)  Pin: 4  
 CHANX (16,0) to (17,0)  Track: 7  
  IPIN (17,0)  Pad: 0  
  SINK (17,0)  Pad: 0  


Net 115 (new_n238_)

SOURCE (20,4)  Class: 1  
  OPIN (20,4)  Pin: 4  
 CHANX (19,3) to (20,3)  Track: 3  
 CHANY (19,4) to (19,5)  Track: 0  
 CHANY (19,6) to (19,7)  Track: 0  
 CHANY (19,8) to (19,9)  Track: 0  
 CHANY (19,10) to (19,11)  Track: 0  
 CHANX (20,10) to (21,10)  Track: 2  
 CHANX (22,10)  Track: 2  
 CHANY (22,11) to (22,12)  Track: 4  
 CHANY (22,13) to (22,14)  Track: 4  
  IPIN (23,13)  Pad: 0  
  SINK (23,13)  Pad: 0  


Net 116 (new_n240_)

SOURCE (22,1)  Class: 1  
  OPIN (22,1)  Pin: 4  
 CHANX (21,0) to (22,0)  Track: 9  
  IPIN (21,1)  Pin: 0  
  SINK (21,1)  Class: 0  


Net 117 (new_n242_)

SOURCE (15,1)  Class: 1  
  OPIN (15,1)  Pin: 4  
 CHANX (14,0) to (15,0)  Track: 11  
 CHANY (14,1)  Track: 10  
 CHANX (15,1) to (16,1)  Track: 10  
  IPIN (15,2)  Pin: 0  
  SINK (15,2)  Class: 0  


Net 118 (new_n243_)

SOURCE (22,2)  Class: 1  
  OPIN (22,2)  Pin: 4  
 CHANX (22,1)  Track: 1  
 CHANY (21,2) to (21,3)  Track: 8  
 CHANX (22,2)  Track: 10  
 CHANY (22,3) to (22,4)  Track: 8  
  IPIN (23,4)  Pad: 0  
  SINK (23,4)  Pad: 0  


Net 119 (new_n245_)

SOURCE (15,2)  Class: 1  
  OPIN (15,2)  Pin: 4  
 CHANX (14,1) to (15,1)  Track: 9  
 CHANY (14,2) to (14,3)  Track: 10  
  IPIN (15,3)  Pin: 1  
  SINK (15,3)  Class: 0  


Net 120 (new_n246_)

SOURCE (21,1)  Class: 1  
  OPIN (21,1)  Pin: 4  
 CHANX (20,0) to (21,0)  Track: 7  
  IPIN (21,0)  Pad: 0  
  SINK (21,0)  Pad: 0  


Net 121 (new_n248_)

SOURCE (15,3)  Class: 1  
  OPIN (15,3)  Pin: 4  
 CHANX (14,2) to (15,2)  Track: 11  
 CHANY (13,3) to (13,4)  Track: 6  
  IPIN (13,4)  Pin: 3  
  SINK (13,4)  Class: 0  


Net 122 (new_n249_)

SOURCE (13,4)  Class: 1  
  OPIN (13,4)  Pin: 4  
 CHANX (12,3) to (13,3)  Track: 9  
 CHANY (12,4) to (12,5)  Track: 10  
  IPIN (13,5)  Pin: 1  
  SINK (13,5)  Class: 0  


Net 123 (new_n250_)

SOURCE (13,5)  Class: 1  
  OPIN (13,5)  Pin: 4  
 CHANX (12,4) to (13,4)  Track: 11  
 CHANY (12,5) to (12,6)  Track: 8  
  IPIN (13,6)  Pin: 1  
  SINK (13,6)  Class: 0  


Net 124 (new_n251_)

SOURCE (13,6)  Class: 1  
  OPIN (13,6)  Pin: 4  
 CHANX (12,5) to (13,5)  Track: 5  
 CHANY (12,6) to (12,7)  Track: 6  
  IPIN (12,7)  Pin: 3  
  SINK (12,7)  Class: 0  


Net 125 (new_n252_)

SOURCE (12,7)  Class: 1  
  OPIN (12,7)  Pin: 4  
 CHANX (11,6) to (12,6)  Track: 5  
 CHANX (9,6) to (10,6)  Track: 5  
  IPIN (10,6)  Pin: 2  
  SINK (10,6)  Class: 0  


Net 126 (new_n253_)

SOURCE (10,6)  Class: 1  
  OPIN (10,6)  Pin: 4  
 CHANX (10,5) to (11,5)  Track: 0  
  IPIN (10,5)  Pin: 2  
  SINK (10,5)  Class: 0  


Net 127 (new_n254_)

SOURCE (10,5)  Class: 1  
  OPIN (10,5)  Pin: 4  
 CHANX (9,4) to (10,4)  Track: 5  
  IPIN (10,4)  Pin: 2  
  SINK (10,4)  Class: 0  


Net 128 (new_n255_)

SOURCE (10,4)  Class: 1  
  OPIN (10,4)  Pin: 4  
 CHANX (9,3) to (10,3)  Track: 7  
  IPIN (10,3)  Pin: 2  
  SINK (10,3)  Class: 0  


Net 129 (new_n256_)

SOURCE (10,3)  Class: 1  
  OPIN (10,3)  Pin: 4  
 CHANX (9,2) to (10,2)  Track: 5  
  IPIN (10,2)  Pin: 2  
  SINK (10,2)  Class: 0  


Net 130 (new_n257_)

SOURCE (10,2)  Class: 1  
  OPIN (10,2)  Pin: 4  
 CHANX (10,1) to (11,1)  Track: 8  
 CHANY (10,2) to (10,3)  Track: 10  
  IPIN (11,3)  Pin: 1  
  SINK (11,3)  Class: 0  


Net 131 (new_n258_)

SOURCE (11,3)  Class: 1  
  OPIN (11,3)  Pin: 4  
 CHANX (10,2) to (11,2)  Track: 7  
  IPIN (11,2)  Pin: 2  
  SINK (11,2)  Class: 0  


Net 132 (new_n259_)

SOURCE (11,2)  Class: 1  
  OPIN (11,2)  Pin: 4  
 CHANX (11,1) to (12,1)  Track: 10  
 CHANY (11,2) to (11,3)  Track: 8  
  IPIN (12,3)  Pin: 1  
  SINK (12,3)  Class: 0  


Net 133 (new_n260_)

SOURCE (12,3)  Class: 1  
  OPIN (12,3)  Pin: 4  
 CHANX (11,2) to (12,2)  Track: 5  
  IPIN (12,2)  Pin: 2  
  SINK (12,2)  Class: 0  


Net 134 (new_n261_)

SOURCE (12,2)  Class: 1  
  OPIN (12,2)  Pin: 4  
 CHANX (12,1) to (13,1)  Track: 8  
 CHANX (14,1) to (15,1)  Track: 8  
  IPIN (14,2)  Pin: 0  
  SINK (14,2)  Class: 0  


Net 135 (new_n262_)

SOURCE (14,2)  Class: 1  
  OPIN (14,2)  Pin: 4  
 CHANX (13,1) to (14,1)  Track: 7  
 CHANY (13,2) to (13,3)  Track: 4  
  IPIN (13,3)  Pin: 3  
  SINK (13,3)  Class: 0  


Net 136 (new_n263_)

SOURCE (13,3)  Class: 1  
  OPIN (13,3)  Pin: 4  
 CHANX (12,2) to (13,2)  Track: 7  
  IPIN (13,2)  Pin: 2  
  SINK (13,2)  Class: 0  


Net 137 (new_n264_)

SOURCE (13,2)  Class: 1  
  OPIN (13,2)  Pin: 4  
 CHANX (12,1) to (13,1)  Track: 1  
  IPIN (12,1)  Pin: 2  
  SINK (12,1)  Class: 0  


Net 138 (new_n265_)

SOURCE (12,1)  Class: 1  
  OPIN (12,1)  Pin: 4  
 CHANX (11,0) to (12,0)  Track: 5  
  IPIN (12,0)  Pad: 0  
  SINK (12,0)  Pad: 0  


Net 139 (new_n269_)

SOURCE (1,3)  Class: 1  
  OPIN (1,3)  Pin: 4  
 CHANX (1,2) to (2,2)  Track: 4  
 CHANY (1,3) to (1,4)  Track: 6  
 CHANX (2,4) to (3,4)  Track: 2  
  IPIN (2,4)  Pin: 2  
  SINK (2,4)  Class: 0  


Net 140 (new_n271_)

SOURCE (8,1)  Class: 1  
  OPIN (8,1)  Pin: 4  
 CHANX (7,0) to (8,0)  Track: 5  
  IPIN (8,0)  Pad: 0  
  SINK (8,0)  Pad: 0  


Net 141 (new_n273_)

SOURCE (2,4)  Class: 1  
  OPIN (2,4)  Pin: 4  
 CHANX (2,3) to (3,3)  Track: 8  
 CHANX (4,3) to (5,3)  Track: 8  
  IPIN (4,4)  Pin: 0  
  SINK (4,4)  Class: 0  


Net 142 (new_n274_)

SOURCE (4,4)  Class: 1  
  OPIN (4,4)  Pin: 4  
 CHANX (4,3) to (5,3)  Track: 0  
  IPIN (5,4)  Pin: 0  
  SINK (5,4)  Class: 0  


Net 143 (new_n275_)

SOURCE (5,4)  Class: 1  
  OPIN (5,4)  Pin: 4  
 CHANX (4,3) to (5,3)  Track: 9  
 CHANY (4,4) to (4,5)  Track: 10  
  IPIN (5,5)  Pin: 1  
  SINK (5,5)  Class: 0  


Net 144 (new_n276_)

SOURCE (5,5)  Class: 1  
  OPIN (5,5)  Pin: 4  
 CHANX (4,4) to (5,4)  Track: 11  
 CHANY (4,5) to (4,6)  Track: 8  
  IPIN (5,6)  Pin: 1  
  SINK (5,6)  Class: 0  


Net 145 (new_n277_)

SOURCE (5,6)  Class: 1  
  OPIN (5,6)  Pin: 4  
 CHANX (5,5) to (6,5)  Track: 10  
 CHANX (7,5) to (8,5)  Track: 10  
  IPIN (7,6)  Pin: 0  
  SINK (7,6)  Class: 0  


Net 146 (new_n278_)

SOURCE (7,6)  Class: 1  
  OPIN (7,6)  Pin: 4  
 CHANX (6,5) to (7,5)  Track: 5  
  IPIN (7,5)  Pin: 2  
  SINK (7,5)  Class: 0  


Net 147 (new_n279_)

SOURCE (7,5)  Class: 1  
  OPIN (7,5)  Pin: 4  
 CHANX (7,4) to (8,4)  Track: 4  
  IPIN (8,4)  Pin: 2  
  SINK (8,4)  Class: 0  


Net 148 (new_n280_)

SOURCE (8,4)  Class: 1  
  OPIN (8,4)  Pin: 4  
 CHANX (7,3) to (8,3)  Track: 11  
 CHANY (7,4) to (7,5)  Track: 8  
  IPIN (8,5)  Pin: 1  
  SINK (8,5)  Class: 0  


Net 149 (new_n281_)

SOURCE (8,5)  Class: 1  
  OPIN (8,5)  Pin: 4  
 CHANX (7,4) to (8,4)  Track: 5  
 CHANY (6,5) to (6,6)  Track: 0  
  IPIN (6,5)  Pin: 3  
  SINK (6,5)  Class: 0  


Net 150 (new_n282_)

SOURCE (6,5)  Class: 1  
  OPIN (6,5)  Pin: 4  
 CHANX (5,4) to (6,4)  Track: 5  
  IPIN (6,4)  Pin: 2  
  SINK (6,4)  Class: 0  


Net 151 (new_n283_)

SOURCE (6,4)  Class: 1  
  OPIN (6,4)  Pin: 4  
 CHANX (6,3) to (7,3)  Track: 0  
  IPIN (7,4)  Pin: 0  
  SINK (7,4)  Class: 0  


Net 152 (new_n284_)

SOURCE (7,4)  Class: 1  
  OPIN (7,4)  Pin: 4  
 CHANX (6,3) to (7,3)  Track: 5  
  IPIN (7,3)  Pin: 2  
  SINK (7,3)  Class: 0  


Net 153 (new_n285_)

SOURCE (7,3)  Class: 1  
  OPIN (7,3)  Pin: 4  
 CHANX (7,2) to (8,2)  Track: 4  
  IPIN (8,2)  Pin: 2  
  SINK (8,2)  Class: 0  


Net 154 (new_n286_)

SOURCE (8,2)  Class: 1  
  OPIN (8,2)  Pin: 4  
 CHANX (7,1) to (8,1)  Track: 11  
 CHANY (7,2) to (7,3)  Track: 8  
  IPIN (8,3)  Pin: 1  
  SINK (8,3)  Class: 0  


Net 155 (new_n287_)

SOURCE (8,3)  Class: 1  
  OPIN (8,3)  Pin: 4  
 CHANX (7,2) to (8,2)  Track: 5  
 CHANY (6,3) to (6,4)  Track: 0  
  IPIN (6,3)  Pin: 3  
  SINK (6,3)  Class: 0  


Net 156 (new_n288_)

SOURCE (6,3)  Class: 1  
  OPIN (6,3)  Pin: 4  
 CHANX (5,2) to (6,2)  Track: 5  
 CHANY (4,3) to (4,4)  Track: 0  
  IPIN (4,3)  Pin: 3  
  SINK (4,3)  Class: 0  


Net 157 (new_n289_)

SOURCE (4,3)  Class: 1  
  OPIN (4,3)  Pin: 4  
 CHANX (3,2) to (4,2)  Track: 5  
 CHANY (3,3) to (3,4)  Track: 6  
  IPIN (3,4)  Pin: 3  
  SINK (3,4)  Class: 0  


Net 158 (new_n290_)

SOURCE (3,4)  Class: 1  
  OPIN (3,4)  Pin: 4  
 CHANX (2,3) to (3,3)  Track: 5  
 CHANY (1,4) to (1,5)  Track: 0  
 CHANX (1,5)  Track: 5  
  IPIN (1,5)  Pin: 2  
  SINK (1,5)  Class: 0  


Net 159 (new_n291_)

SOURCE (1,5)  Class: 1  
  OPIN (1,5)  Pin: 4  
 CHANX (1,4)  Track: 3  
 CHANY (0,5) to (0,6)  Track: 4  
  IPIN (0,6)  Pad: 0  
  SINK (0,6)  Pad: 0  


Net 160 (new_n293_)

SOURCE (1,2)  Class: 1  
  OPIN (1,2)  Pin: 4  
 CHANX (1,1)  Track: 4  
  IPIN (1,1)  Pin: 2  
  SINK (1,1)  Class: 0  


Net 161 (new_n294_)

SOURCE (1,1)  Class: 1  
  OPIN (1,1)  Pin: 4  
 CHANX (1,0)  Track: 11  
 CHANY (0,1) to (0,2)  Track: 8  
 CHANY (0,3) to (0,4)  Track: 8  
  IPIN (1,4)  Pin: 1  
  SINK (1,4)  Class: 0  


Net 162 (new_n295_)

SOURCE (1,4)  Class: 1  
  OPIN (1,4)  Pin: 4  
 CHANX (1,3)  Track: 1  
 CHANY (0,4) to (0,5)  Track: 2  
 CHANY (0,6) to (0,7)  Track: 2  
 CHANY (0,8) to (0,9)  Track: 2  
 CHANY (0,10) to (0,11)  Track: 2  
 CHANX (1,10)  Track: 2  
 CHANY (1,11) to (1,12)  Track: 2  
 CHANX (1,12)  Track: 7  
 CHANY (0,13) to (0,14)  Track: 0  
  IPIN (0,13)  Pad: 0  
  SINK (0,13)  Pad: 0  


Net 163 (new_n297_)

SOURCE (16,2)  Class: 1  
  OPIN (16,2)  Pin: 4  
 CHANX (15,1) to (16,1)  Track: 7  
  IPIN (16,1)  Pin: 2  
  SINK (16,1)  Class: 0  


Net 164 (new_n298_)

SOURCE (16,1)  Class: 1  
  OPIN (16,1)  Pin: 4  
 CHANX (15,0) to (16,0)  Track: 5  
  IPIN (16,0)  Pad: 0  
  SINK (16,0)  Pad: 0  


Net 165 (new_n300_)

SOURCE (2,3)  Class: 1  
  OPIN (2,3)  Pin: 4  
 CHANX (1,2) to (2,2)  Track: 9  
 CHANY (1,3) to (1,4)  Track: 10  
 CHANX (2,4) to (3,4)  Track: 10  
  IPIN (2,5)  Pin: 0  
  SINK (2,5)  Class: 0  


Net 166 (new_n301_)

SOURCE (2,5)  Class: 1  
  OPIN (2,5)  Pin: 4  
 CHANX (1,4) to (2,4)  Track: 9  
 CHANY (1,5) to (1,6)  Track: 10  
 CHANX (2,6) to (3,6)  Track: 10  
  IPIN (2,7)  Pin: 0  
  SINK (2,7)  Class: 0  


Net 167 (new_n302_)

SOURCE (2,7)  Class: 1  
  OPIN (2,7)  Pin: 4  
 CHANX (1,6) to (2,6)  Track: 9  
 CHANY (0,7) to (0,8)  Track: 4  
 CHANY (0,9) to (0,10)  Track: 4  
 CHANY (0,11) to (0,12)  Track: 4  
  IPIN (0,12)  Pad: 0  
  SINK (0,12)  Pad: 0  


Net 168 (new_n64_)

SOURCE (13,1)  Class: 1  
  OPIN (13,1)  Pin: 4  
 CHANX (13,0) to (14,0)  Track: 4  
 CHANY (14,1) to (14,2)  Track: 4  
 CHANY (14,3) to (14,4)  Track: 4  
 CHANX (15,4) to (16,4)  Track: 0  
  IPIN (15,4)  Pin: 2  
  SINK (15,4)  Class: 0  
  OPIN (13,1)  Pin: 4  
 CHANX (13,0) to (14,0)  Track: 0  
  IPIN (14,1)  Pin: 0  
  SINK (14,1)  Class: 0  


Net 169 (new_n65_)

SOURCE (15,4)  Class: 1  
  OPIN (15,4)  Pin: 4  
 CHANX (14,3) to (15,3)  Track: 9  
 CHANY (14,4) to (14,5)  Track: 10  
  IPIN (15,5)  Pin: 1  
  SINK (15,5)  Class: 0  
  OPIN (15,4)  Pin: 4  
 CHANX (15,3) to (16,3)  Track: 2  
  IPIN (16,4)  Pin: 0  
  SINK (16,4)  Class: 0  


Net 170 (new_n66_)

SOURCE (15,5)  Class: 1  
  OPIN (15,5)  Pin: 4  
 CHANX (14,4) to (15,4)  Track: 11  
 CHANY (14,5) to (14,6)  Track: 8  
  IPIN (15,6)  Pin: 1  
  SINK (15,6)  Class: 0  
  OPIN (15,5)  Pin: 4  
 CHANX (15,4) to (16,4)  Track: 4  
 CHANY (16,5) to (16,6)  Track: 8  
  IPIN (17,6)  Pin: 1  
  SINK (17,6)  Class: 0  


Net 171 (new_n67_)

SOURCE (15,6)  Class: 1  
  OPIN (15,6)  Pin: 4  
 CHANX (14,5) to (15,5)  Track: 5  
 CHANY (14,6) to (14,7)  Track: 6  
 CHANY (14,8) to (14,9)  Track: 6  
 CHANX (13,9) to (14,9)  Track: 11  
  IPIN (13,10)  Pin: 0  
  SINK (13,10)  Class: 0  
  OPIN (15,6)  Pin: 4  
 CHANX (14,5) to (15,5)  Track: 9  
 CHANY (14,6) to (14,7)  Track: 10  
 CHANY (14,8) to (14,9)  Track: 10  
 CHANX (13,9) to (14,9)  Track: 3  
  IPIN (14,10)  Pin: 0  
  SINK (14,10)  Class: 0  


Net 172 (new_n68_)

SOURCE (13,10)  Class: 1  
  OPIN (13,10)  Pin: 4  
 CHANX (12,9) to (13,9)  Track: 5  
 CHANY (12,10) to (12,11)  Track: 6  
  IPIN (12,11)  Pin: 3  
  SINK (12,11)  Class: 0  
  OPIN (13,10)  Pin: 4  
 CHANX (12,9) to (13,9)  Track: 9  
 CHANY (12,10) to (12,11)  Track: 10  
 CHANX (11,11) to (12,11)  Track: 3  
  IPIN (12,12)  Pin: 0  
  SINK (12,12)  Class: 0  
 CHANY (12,10) to (12,11)  Track: 10  
 CHANY (12,12) to (12,13)  Track: 10  
 CHANY (12,14) to (12,15)  Track: 10  
 CHANY (12,16) to (12,17)  Track: 10  
 CHANY (12,18) to (12,19)  Track: 10  
 CHANY (12,20) to (12,21)  Track: 10  
 CHANY (12,22)  Track: 10  
 CHANX (13,22) to (14,22)  Track: 8  
  IPIN (13,23)  Pad: 0  
  SINK (13,23)  Pad: 0  


Net 173 (new_n69_)

SOURCE (12,11)  Class: 1  
  OPIN (12,11)  Pin: 4  
 CHANX (11,10) to (12,10)  Track: 5  
 CHANY (10,11) to (10,12)  Track: 0  
  IPIN (10,11)  Pin: 3  
  SINK (10,11)  Class: 0  
 CHANX (11,10) to (12,10)  Track: 5  
 CHANY (10,9) to (10,10)  Track: 1  
 CHANX (9,8) to (10,8)  Track: 1  
 CHANX (7,8) to (8,8)  Track: 1  
 CHANX (5,8) to (6,8)  Track: 1  
 CHANX (3,8) to (4,8)  Track: 1  
  IPIN (3,8)  Pin: 2  
  SINK (3,8)  Class: 0  


Net 174 (new_n70_)

SOURCE (10,11)  Class: 1  
  OPIN (10,11)  Pin: 4  
 CHANX (9,10) to (10,10)  Track: 5  
 CHANY (9,11) to (9,12)  Track: 6  
  IPIN (9,12)  Pin: 3  
  SINK (9,12)  Class: 0  
 CHANX (9,10) to (10,10)  Track: 5  
  IPIN (10,10)  Pin: 2  
  SINK (10,10)  Class: 0  


Net 175 (new_n71_)

SOURCE (9,12)  Class: 1  
  OPIN (9,12)  Pin: 4  
 CHANX (8,11) to (9,11)  Track: 1  
  IPIN (8,11)  Pin: 2  
  SINK (8,11)  Class: 0  
  OPIN (9,12)  Pin: 4  
 CHANX (8,11) to (9,11)  Track: 5  
  IPIN (9,11)  Pin: 2  
  SINK (9,11)  Class: 0  


Net 176 (new_n72_)

SOURCE (9,11)  Class: 1  
  OPIN (9,11)  Pin: 4  
 CHANX (9,10) to (10,10)  Track: 0  
 CHANY (10,9) to (10,10)  Track: 9  
  IPIN (11,10)  Pin: 1  
  SINK (11,10)  Class: 0  
  OPIN (9,11)  Pin: 4  
 CHANX (8,10) to (9,10)  Track: 7  
  IPIN (9,10)  Pin: 2  
  SINK (9,10)  Class: 0  


Net 177 (new_n73_)

SOURCE (9,10)  Class: 1  
  OPIN (9,10)  Pin: 4  
 CHANX (8,9) to (9,9)  Track: 9  
  IPIN (8,10)  Pin: 0  
  SINK (8,10)  Class: 0  
 CHANX (8,9) to (9,9)  Track: 9  
 CHANY (7,10) to (7,11)  Track: 4  
 CHANY (7,12) to (7,13)  Track: 4  
 CHANY (7,14) to (7,15)  Track: 4  
 CHANY (7,16) to (7,17)  Track: 4  
 CHANY (7,18) to (7,19)  Track: 4  
 CHANY (7,20) to (7,21)  Track: 4  
 CHANY (7,22)  Track: 4  
 CHANX (8,22) to (9,22)  Track: 10  
  IPIN (8,23)  Pad: 0  
  SINK (8,23)  Pad: 0  
  OPIN (9,10)  Pin: 4  
 CHANX (8,9) to (9,9)  Track: 5  
  IPIN (9,9)  Pin: 2  
  SINK (9,9)  Class: 0  


Net 178 (new_n74_)

SOURCE (9,9)  Class: 1  
  OPIN (9,9)  Pin: 4  
 CHANX (8,8) to (9,8)  Track: 7  
 CHANY (8,7) to (8,8)  Track: 5  
 CHANY (8,5) to (8,6)  Track: 5  
 CHANY (8,3) to (8,4)  Track: 5  
 CHANY (8,1) to (8,2)  Track: 5  
  IPIN (9,1)  Pin: 1  
  SINK (9,1)  Class: 0  
 CHANX (8,8) to (9,8)  Track: 7  
  IPIN (9,8)  Pin: 2  
  SINK (9,8)  Class: 0  


Net 179 (new_n75_)

SOURCE (9,8)  Class: 1  
  OPIN (9,8)  Pin: 4  
 CHANX (8,7) to (9,7)  Track: 5  
 CHANX (6,7) to (7,7)  Track: 5  
  IPIN (7,7)  Pin: 2  
  SINK (7,7)  Class: 0  
  OPIN (9,8)  Pin: 4  
 CHANX (9,7) to (10,7)  Track: 6  
  IPIN (10,7)  Pin: 2  
  SINK (10,7)  Class: 0  


Net 180 (new_n76_)

SOURCE (10,7)  Class: 1  
  OPIN (10,7)  Pin: 4  
 CHANX (10,6) to (11,6)  Track: 10  
 CHANX (12,6) to (13,6)  Track: 10  
 CHANX (14,6) to (15,6)  Track: 10  
  IPIN (14,7)  Pin: 0  
  SINK (14,7)  Class: 0  
  OPIN (10,7)  Pin: 4  
 CHANX (9,6) to (10,6)  Track: 9  
 CHANY (8,7) to (8,8)  Track: 4  
 CHANX (7,7) to (8,7)  Track: 7  
  IPIN (8,7)  Pin: 2  
  SINK (8,7)  Class: 0  


Net 181 (new_n77_)

SOURCE (14,7)  Class: 1  
  OPIN (14,7)  Pin: 4  
 CHANX (14,6) to (15,6)  Track: 6  
 CHANX (16,6) to (17,6)  Track: 6  
 CHANX (18,6) to (19,6)  Track: 6  
 CHANY (18,5) to (18,6)  Track: 5  
  IPIN (18,6)  Pin: 3  
  SINK (18,6)  Class: 0  
 CHANX (18,6) to (19,6)  Track: 6  
 CHANX (20,6) to (21,6)  Track: 6  
 CHANY (21,7) to (21,8)  Track: 10  
  IPIN (22,8)  Pin: 1  
  SINK (22,8)  Class: 0  
 CHANY (21,7) to (21,8)  Track: 10  
 CHANX (22,8)  Track: 10  
 CHANY (22,7) to (22,8)  Track: 9  
  IPIN (23,8)  Pad: 0  
  SINK (23,8)  Pad: 0  


Net 182 (new_n78_)

SOURCE (18,6)  Class: 1  
  OPIN (18,6)  Pin: 4  
 CHANX (18,5) to (19,5)  Track: 4  
 CHANX (20,5) to (21,5)  Track: 4  
 CHANY (21,6) to (21,7)  Track: 8  
  IPIN (22,7)  Pin: 1  
  SINK (22,7)  Class: 0  
  OPIN (18,6)  Pin: 4  
 CHANX (18,5) to (19,5)  Track: 8  
 CHANY (18,6) to (18,7)  Track: 10  
 CHANY (18,8) to (18,9)  Track: 10  
 CHANY (18,10) to (18,11)  Track: 10  
 CHANX (19,11) to (20,11)  Track: 10  
 CHANX (21,11) to (22,11)  Track: 10  
 CHANY (22,10) to (22,11)  Track: 11  
  IPIN (23,11)  Pad: 0  
  SINK (23,11)  Pad: 0  
 CHANX (18,5) to (19,5)  Track: 4  
 CHANY (19,4) to (19,5)  Track: 1  
 CHANX (18,3) to (19,3)  Track: 1  
  IPIN (18,3)  Pin: 2  
  SINK (18,3)  Class: 0  


Net 183 (new_n79_)

SOURCE (18,3)  Class: 1  
  OPIN (18,3)  Pin: 4  
 CHANX (18,2) to (19,2)  Track: 2  
 CHANY (19,1) to (19,2)  Track: 11  
  IPIN (20,2)  Pin: 1  
  SINK (20,2)  Class: 0  
  OPIN (18,3)  Pin: 4  
 CHANX (18,2) to (19,2)  Track: 10  
 CHANX (20,2) to (21,2)  Track: 10  
  IPIN (20,3)  Pin: 0  
  SINK (20,3)  Class: 0  


Net 184 (new_n80_)

SOURCE (20,3)  Class: 1  
  OPIN (20,3)  Pin: 4  
 CHANX (19,2) to (20,2)  Track: 5  
 CHANY (19,1) to (19,2)  Track: 7  
  IPIN (20,1)  Pin: 1  
  SINK (20,1)  Class: 0  
  OPIN (20,3)  Pin: 4  
 CHANX (20,2) to (21,2)  Track: 2  
 CHANY (21,3) to (21,4)  Track: 2  
 CHANX (20,4) to (21,4)  Track: 7  
  IPIN (21,4)  Pin: 2  
  SINK (21,4)  Class: 0  


Net 185 (new_n81_)

SOURCE (20,1)  Class: 1  
  OPIN (20,1)  Pin: 4  
 CHANX (19,0) to (20,0)  Track: 1  
 CHANY (18,1) to (18,2)  Track: 0  
  IPIN (18,1)  Pin: 3  
  SINK (18,1)  Class: 0  
  OPIN (20,1)  Pin: 4  
 CHANX (19,0) to (20,0)  Track: 5  
  IPIN (20,0)  Pad: 0  
  SINK (20,0)  Pad: 0  


Net 186 (new_n82_)

SOURCE (18,1)  Class: 1  
  OPIN (18,1)  Pin: 4  
 CHANX (17,0) to (18,0)  Track: 5  
  IPIN (18,0)  Pad: 0  
  SINK (18,0)  Pad: 0  


Net 187 (new_n84_)

SOURCE (20,2)  Class: 1  
  OPIN (20,2)  Pin: 4  
 CHANX (20,1) to (21,1)  Track: 4  
 CHANX (22,1)  Track: 4  
 CHANY (22,1)  Track: 11  
  IPIN (23,1)  Pad: 0  
  SINK (23,1)  Pad: 0  


Net 188 (new_n87_)

SOURCE (22,7)  Class: 1  
  OPIN (22,7)  Pin: 4  
 CHANX (22,6)  Track: 10  
 CHANY (22,7) to (22,8)  Track: 8  
 CHANY (22,9) to (22,10)  Track: 8  
 CHANX (21,10) to (22,10)  Track: 9  
 CHANY (21,11) to (21,12)  Track: 10  
 CHANX (22,12)  Track: 10  
 CHANY (22,13) to (22,14)  Track: 8  
  IPIN (23,14)  Pad: 0  
  SINK (23,14)  Pad: 0  


Net 189 (new_n89_)

SOURCE (7,7)  Class: 1  
  OPIN (7,7)  Pin: 4  
 CHANX (6,6) to (7,6)  Track: 3  
 CHANX (4,6) to (5,6)  Track: 3  
 CHANY (3,7) to (3,8)  Track: 10  
 CHANX (2,8) to (3,8)  Track: 3  
 CHANX (1,8)  Track: 3  
 CHANY (0,7) to (0,8)  Track: 5  
  IPIN (0,8)  Pad: 0  
  SINK (0,8)  Pad: 0  


Net 190 (new_n91_)

SOURCE (9,1)  Class: 1  
  OPIN (9,1)  Pin: 4  
 CHANX (8,0) to (9,0)  Track: 7  
  IPIN (9,0)  Pad: 0  
  SINK (9,0)  Pad: 0  


Net 191 (new_n93_)

SOURCE (11,10)  Class: 1  
  OPIN (11,10)  Pin: 4  
 CHANX (10,9) to (11,9)  Track: 9  
 CHANY (10,10) to (10,11)  Track: 10  
 CHANY (10,12) to (10,13)  Track: 10  
 CHANY (10,14) to (10,15)  Track: 10  
 CHANY (10,16) to (10,17)  Track: 10  
 CHANY (10,18) to (10,19)  Track: 10  
 CHANY (10,20) to (10,21)  Track: 10  
 CHANY (10,22)  Track: 10  
 CHANX (11,22) to (12,22)  Track: 8  
  IPIN (11,23)  Pad: 0  
  SINK (11,23)  Pad: 0  


Net 192 (new_n95_)

SOURCE (8,11)  Class: 1  
  OPIN (8,11)  Pin: 4  
 CHANX (7,10) to (8,10)  Track: 9  
 CHANX (5,10) to (6,10)  Track: 9  
 CHANX (3,10) to (4,10)  Track: 9  
 CHANY (3,11) to (3,12)  Track: 10  
 CHANX (2,12) to (3,12)  Track: 3  
 CHANX (1,12)  Track: 3  
 CHANY (0,13) to (0,14)  Track: 4  
  IPIN (0,14)  Pad: 0  
  SINK (0,14)  Pad: 0  


Net 193 (new_n98_)

SOURCE (8,10)  Class: 1  
  OPIN (8,10)  Pin: 4  
 CHANX (7,9) to (8,9)  Track: 3  
 CHANY (7,10) to (7,11)  Track: 0  
 CHANY (7,12) to (7,13)  Track: 0  
 CHANY (7,14) to (7,15)  Track: 0  
 CHANY (7,16) to (7,17)  Track: 0  
 CHANY (7,18) to (7,19)  Track: 0  
 CHANY (7,20) to (7,21)  Track: 0  
 CHANY (7,22)  Track: 0  
 CHANX (6,22) to (7,22)  Track: 3  
  IPIN (7,23)  Pad: 0  
  SINK (7,23)  Pad: 0  
