Netlist file: ../../benchmarks/fpga/net_EPFL/router.net   Architecture file: arch/k4-n1.xml
Array size: 22 x 22 logic blocks

#block name	x	y	subblk	block number
#----------	--	--	------	------------
dest_x1		4	0	0	#0
dest_x10	13	0	0	#1
dest_x2		0	17	0	#2
dest_x29	15	23	0	#3
dest_x3		0	19	0	#4
dest_x4		23	20	0	#5
dest_x5		23	18	0	#6
dest_x6		23	3	0	#7
dest_x7		23	22	0	#8
dest_x8		0	4	0	#9
dest_y0		0	10	0	#10
dest_y1		22	0	0	#11
dest_y10	7	0	0	#12
dest_y2		0	22	0	#13
dest_y29	19	0	0	#14
dest_y3		0	20	0	#15
dest_y4		4	23	0	#16
dest_y5		15	0	0	#17
dest_y6		0	3	0	#18
dest_y7		23	2	0	#19
dest_y8		0	1	0	#20
new_n100_	10	10	0	#21
out_new_n101_:new_n100_	10	23	0	#22
new_n102_	3	8	0	#23
out_new_n103_:new_n102_	0	11	0	#24
new_n104_	14	1	0	#25
out_new_n105_:new_n104_	14	0	0	#26
out_new_n106_:new_n68_	13	23	0	#27
new_n107_	12	12	0	#28
out_new_n108_:new_n107_	12	23	0	#29
new_n109_	14	10	0	#30
out_new_n110_:new_n109_	14	23	0	#31
new_n111_	17	6	0	#32
out_new_n112_:new_n111_	23	17	0	#33
new_n113_	16	4	0	#34
out_new_n114_:new_n113_	17	23	0	#35
new_n115_	21	4	0	#36
new_n116_	21	3	0	#37
out_new_n117_:new_n77_	23	8	0	#38
new_n118_	22	8	0	#39
out_new_n119_:new_n118_	23	15	0	#40
new_n120_	8	7	0	#41
out_new_n121_:new_n120_	0	7	0	#42
out_new_n122_:new_n81_	20	0	0	#43
new_n123_	4	1	0	#44
out_new_n124_:dest_x3	0	18	0	#45
new_n125_	22	12	0	#46
out_new_n126_:dest_x7	22	23	0	#47
new_n127_	15	13	0	#48
out_new_n128_:new_n127_	16	23	0	#49
out_new_n129_:new_n125_	23	19	0	#50
new_n130_	5	2	0	#51
new_n131_	5	3	0	#52
new_n132_	7	2	0	#53
new_n133_	9	2	0	#54
new_n134_	9	3	0	#55
new_n135_	9	4	0	#56
new_n136_	9	5	0	#57
new_n137_	11	5	0	#58
new_n138_	12	5	0	#59
new_n139_	12	4	0	#60
new_n140_	14	4	0	#61
new_n141_	14	3	0	#62
new_n142_	16	3	0	#63
new_n143_	17	2	0	#64
new_n144_	17	3	0	#65
new_n145_	19	3	0	#66
new_n146_	19	4	0	#67
new_n147_	20	5	0	#68
out_new_n148_:new_n147_	23	6	0	#69
new_n149_	21	2	0	#70
new_n150_	21	5	0	#71
new_n151_	22	6	0	#72
out_new_n152_:new_n151_	23	7	0	#73
out_new_n153_:dest_x2	0	16	0	#74
out_new_n154_:dest_x4	23	21	0	#75
new_n155_	22	3	0	#76
out_new_n156_:dest_x8	0	5	0	#77
new_n157_	11	1	0	#78
out_new_n158_:new_n157_	11	0	0	#79
new_n159_	22	4	0	#80
new_n160_	22	5	0	#81
new_n161_	21	6	0	#82
new_n162_	20	7	0	#83
new_n163_	20	8	0	#84
new_n164_	18	9	0	#85
new_n165_	18	10	0	#86
new_n166_	17	11	0	#87
new_n167_	16	12	0	#88
new_n168_	16	11	0	#89
new_n169_	16	10	0	#90
new_n170_	16	9	0	#91
new_n171_	16	8	0	#92
new_n172_	15	9	0	#93
new_n173_	13	8	0	#94
new_n174_	13	7	0	#95
new_n175_	11	8	0	#96
new_n176_	11	7	0	#97
new_n177_	11	6	0	#98
new_n178_	11	4	0	#99
new_n179_	10	1	0	#100
new_n181_	7	1	0	#101
new_n182_	6	2	0	#102
new_n183_	4	2	0	#103
new_n184_	3	3	0	#104
new_n185_	3	2	0	#105
new_n186_	3	5	0	#106
new_n187_	4	6	0	#107
new_n188_	6	6	0	#108
new_n189_	8	6	0	#109
new_n190_	12	6	0	#110
new_n191_	14	6	0	#111
new_n192_	16	5	0	#112
new_n193_	18	4	0	#113
new_n194_	19	5	0	#114
new_n195_	19	10	0	#115
new_n196_	21	11	0	#116
new_n197_	21	12	0	#117
out_new_n198_:new_n197_	21	23	0	#118
new_n199_	19	1	0	#119
new_n200_	19	2	0	#120
new_n201_	18	2	0	#121
new_n202_	22	11	0	#122
out_new_n203_:new_n202_	23	12	0	#123
out_new_n204_:new_n195_	20	23	0	#124
new_n205_	21	10	0	#125
out_new_n206_:new_n205_	23	10	0	#126
new_n207_	18	5	0	#127
out_new_n208_:new_n207_	23	5	0	#128
new_n209_	2	6	0	#129
out_new_n210_:new_n209_	0	9	0	#130
new_n211_	9	6	0	#131
out_new_n212_:new_n211_	9	23	0	#132
new_n213_	6	7	0	#133
out_new_n214_:new_n213_	6	23	0	#134
out_new_n215_:new_n190_	23	16	0	#135
new_n216_	21	7	0	#136
out_new_n217_:new_n216_	23	9	0	#137
new_n218_	3	6	0	#138
out_new_n219_:new_n218_	3	23	0	#139
new_n220_	1	6	0	#140
out_new_n221_:new_n220_	0	15	0	#141
new_n222_	6	1	0	#142
out_new_n223_:new_n222_	6	0	0	#143
out_new_n224_:new_n185_	2	23	0	#144
new_n225_	2	1	0	#145
out_new_n226_:new_n225_	2	0	0	#146
new_n227_	3	1	0	#147
out_new_n228_:new_n227_	3	0	0	#148
new_n229_	2	2	0	#149
out_new_n230_:new_n229_	0	2	0	#150
new_n231_	5	1	0	#151
out_new_n232_:new_n231_	5	0	0	#152
new_n233_	19	12	0	#153
out_new_n234_:new_n233_	19	23	0	#154
out_new_n235_:new_n194_	18	23	0	#155
new_n236_	17	1	0	#156
out_new_n237_:new_n236_	17	0	0	#157
new_n238_	20	4	0	#158
out_new_n239_:new_n238_	23	13	0	#159
new_n240_	22	1	0	#160
out_new_n241_:dest_y3	0	21	0	#161
new_n242_	15	1	0	#162
new_n243_	22	2	0	#163
out_new_n244_:new_n243_	23	4	0	#164
new_n245_	15	2	0	#165
new_n246_	21	1	0	#166
out_new_n247_:new_n246_	21	0	0	#167
new_n248_	15	3	0	#168
new_n249_	13	4	0	#169
new_n250_	13	5	0	#170
new_n251_	13	6	0	#171
new_n252_	12	7	0	#172
new_n253_	10	6	0	#173
new_n254_	10	5	0	#174
new_n255_	10	4	0	#175
new_n256_	10	3	0	#176
new_n257_	10	2	0	#177
new_n258_	11	3	0	#178
new_n259_	11	2	0	#179
new_n260_	12	3	0	#180
new_n261_	12	2	0	#181
new_n262_	14	2	0	#182
new_n263_	13	3	0	#183
new_n264_	13	2	0	#184
new_n265_	12	1	0	#185
out_new_n266_:new_n265_	12	0	0	#186
out_new_n267_:dest_y2	1	23	0	#187
out_new_n268_:dest_y4	5	23	0	#188
new_n269_	1	3	0	#189
out_new_n270_:dest_y8	1	0	0	#190
new_n271_	8	1	0	#191
out_new_n272_:new_n271_	8	0	0	#192
new_n273_	2	4	0	#193
new_n274_	4	4	0	#194
new_n275_	5	4	0	#195
new_n276_	5	5	0	#196
new_n277_	5	6	0	#197
new_n278_	7	6	0	#198
new_n279_	7	5	0	#199
new_n280_	8	4	0	#200
new_n281_	8	5	0	#201
new_n282_	6	5	0	#202
new_n283_	6	4	0	#203
new_n284_	7	4	0	#204
new_n285_	7	3	0	#205
new_n286_	8	2	0	#206
new_n287_	8	3	0	#207
new_n288_	6	3	0	#208
new_n289_	4	3	0	#209
new_n290_	3	4	0	#210
new_n291_	1	5	0	#211
out_new_n292_:new_n291_	0	6	0	#212
new_n293_	1	2	0	#213
new_n294_	1	1	0	#214
new_n295_	1	4	0	#215
out_new_n296_:new_n295_	0	13	0	#216
new_n297_	16	2	0	#217
new_n298_	16	1	0	#218
new_n300_	2	3	0	#219
new_n301_	2	5	0	#220
new_n302_	2	7	0	#221
new_n64_	13	1	0	#222
new_n65_	15	4	0	#223
new_n66_	15	5	0	#224
new_n67_	15	6	0	#225
new_n68_	13	10	0	#226
new_n69_	12	11	0	#227
new_n70_	10	11	0	#228
new_n71_	9	12	0	#229
new_n72_	9	11	0	#230
new_n73_	9	10	0	#231
new_n74_	9	9	0	#232
new_n75_	9	8	0	#233
new_n76_	10	7	0	#234
new_n77_	14	7	0	#235
new_n78_	18	6	0	#236
new_n79_	18	3	0	#237
new_n80_	20	3	0	#238
new_n81_	20	1	0	#239
new_n82_	18	1	0	#240
out_new_n83_:new_n82_	18	0	0	#241
new_n84_	20	2	0	#242
out_new_n85_:new_n84_	23	1	0	#243
out_new_n86_:new_n78_	23	11	0	#244
new_n87_	22	7	0	#245
out_new_n88_:new_n87_	23	14	0	#246
new_n89_	7	7	0	#247
out_new_n90_:new_n89_	0	8	0	#248
new_n91_	9	1	0	#249
out_new_n92_:new_n91_	9	0	0	#250
new_n93_	11	10	0	#251
out_new_n94_:new_n93_	11	23	0	#252
new_n95_	8	11	0	#253
out_new_n96_:new_n95_	0	14	0	#254
out_new_n97_:new_n73_	8	23	0	#255
new_n98_	8	10	0	#256
out_new_n99_:new_n98_	7	23	0	#257
out_outport0:new_n179_	10	0	0	#258
out_outport1:new_n298_	16	0	0	#259
out_outport2:new_n302_	0	12	0	#260
