
VPR FPGA Placement and Routing.
Version: Version 5.0.2
Compiled: Dec 11 2020.
Original VPR by V. Betz.
Timing-driven placement enhancements by A. Marquardt.
Single-drivers enhancements by Andy Ye with additions by.
Mark Fang, Jason Luu, Ted Campbell
Heterogeneous stucture support by Jason Luu and Ted Campbell.
This code is licensed only for non-commercial use.

Auto-sizing FPGA, try x = 71 y = 71
Auto-sizing FPGA, try x = 142 y = 142
Auto-sizing FPGA, try x = 284 y = 284
Auto-sizing FPGA, try x = 568 y = 568
Auto-sizing FPGA, try x = 284 y = 284
Auto-sizing FPGA, try x = 426 y = 426
Auto-sizing FPGA, try x = 497 y = 497
Auto-sizing FPGA, try x = 461 y = 461
Auto-sizing FPGA, try x = 479 y = 479
Auto-sizing FPGA, try x = 470 y = 470
Auto-sizing FPGA, try x = 465 y = 465
Auto-sizing FPGA, try x = 467 y = 467
Auto-sizing FPGA, try x = 468 y = 468
Auto-sizing FPGA, try x = 469 y = 469
Auto-sizing FPGA, try x = 468 y = 468
FPGA auto-sized to, x = 469 y = 469

Resource Usage:
Netlist      0	blocks of type <EMPTY>
Architecture 4	blocks of type <EMPTY>
Netlist      1876	blocks of type .io
Architecture 1876	blocks of type .io
Netlist      3232	blocks of type .clb
Architecture 219961	blocks of type .clb

Timing analysis: ON

Operation:  PLACE_AND_ROUTE

PlacerOpts.place_freq:  PLACE_ONCE
PlacerOpts.place_algorithm:  PATH_TIMING_DRIVEN_PLACE
PlacerOpts.place_cost_type:  LINEAR_CONG
PlacerOpts.pad_loc_type:  FREE
PlacerOpts.place_cost_exp:  1.000000
PlacerOpts.place_chan_width:  100
PlacerOpts.inner_loop_recompute_divider:  0
PlacerOpts.recompute_crit_iter:  1
PlacerOpts.timing_tradeoff:  0.500000
PlacerOpts.td_place_exp_first:  1.000000
PlacerOpts.td_place_exp_last:  8.000000
PlaceOpts.seed:  1
AnnealSched.type:  AUTO_SCHED
AnnealSched.inner_num:  1.000000

RouterOpts.route_type:  DETAILED
RouterOpts.router_algorithm:  TIMING_DRIVEN
RouterOpts.base_cost_type:  DELAY_NORMALIZED
RouterOpts.fixed_channel_width:  NO_FIXED_CHANNEL_WIDTH
RouterOpts.acc_fac:  1.000000
RouterOpts.bb_factor:  0
RouterOpts.bend_cost:  0.000000
RouterOpts.first_iter_pres_fac:  10000.000000
RouterOpts.initial_pres_fac:  10000.000000
RouterOpts.pres_fac_mult:  1.300000
RouterOpts.max_router_iterations:  10
RouterOpts.astar_fac:  1.200000
RouterOpts.criticality_exp:  1.000000
RouterOpts.max_criticality:  0.990000

RoutingArch.directionality:  UNI_DIRECTIONAL
RoutingArch.switch_block_type:  WILTON
RoutingArch.Fs:  3

The circuit will be mapped into a 469 x 469 array of clbs.

Netlist num_nets:  3235
Netlist num_blocks:  5108
Netlist inputs pins:  3
Netlist output pins:  1873

Computing delta_io_to_io lookup matrix, may take a few seconds, please wait...
Computing delta_io_to_fb lookup matrix, may take a few seconds, please wait...
Computing delta_fb_to_io lookup matrix, may take a few seconds, please wait...
Computing delta_fb_to_fb lookup matrix, may take a few seconds, please wait...

There are 5105 point to point connections in this circuit

Initial Placement Cost: 1.00561 bb_cost: 13900.3 td_cost: 5.1558e-05 delay_cost: 9.26535e-05

          T        Cost Av. BB Cost  Av. TD Cost   Av Tot Del  P to P Del        d_max   Ac Rate  Std Dev  R limit      Exp  Tot. Moves    Alpha
   --------  ---------- -----------  -----------    ---------  ----------        -----   -------  -------  -------  -------  ----------    -----
   0.085172    0.986461     13785.7  5.19662e-05  9.16615e-05 1.81496e-08   9.378e-07    0.9991  0.00629      469        1       87944      0.5
   0.042586    0.997535     13773.8  5.26673e-05  9.17017e-05 1.78763e-08   9.199e-07    0.9982  0.00758      469        1      175888      0.5
   0.021293     1.00024     13764.7  4.90049e-05  9.16425e-05 1.79017e-08   1.008e-06    0.9966    0.007      469        1      263832      0.5
   0.010646    0.999909     13754.4  4.91887e-05  9.14862e-05 1.78453e-08   9.497e-07    0.9935  0.00763      469        1      351776      0.5
  0.0053232    0.988287     13675.9  4.96572e-05  9.10891e-05 1.79287e-08   1.021e-06     0.987  0.00669      469        1      439720      0.5
  0.0026616      0.9841     13572.1  5.13834e-05  9.04346e-05 1.79244e-08   9.919e-07    0.9726  0.00701      469        1      527664      0.5
  0.0013308    0.975236     13348.9  4.75088e-05  8.86879e-05 1.76955e-08   8.859e-07    0.9466  0.00823      469        1      615608      0.9
  0.0011977    0.991085     13238.8  4.64074e-05  8.80107e-05 1.73601e-08   9.397e-07     0.937  0.00666      469        1      703552      0.9
   0.001078    0.996473     13232.5  4.33923e-05   8.7905e-05  1.7273e-08   9.822e-07      0.93  0.00749      469        1      791496      0.9
 0.00097016    0.983337     13146.4  4.69253e-05  8.71534e-05 1.73263e-08   9.053e-07    0.9239  0.00682      469        1      879440      0.9
 0.00087315     1.00341     13056.7  4.65353e-05  8.67047e-05 1.68656e-08   9.296e-07    0.9125   0.0079      469        1      967384      0.9
 0.00078583    0.986051     12986.3  4.68237e-05  8.61224e-05 1.70015e-08    9.22e-07    0.9052  0.00752      469        1     1055328      0.9
 0.00070725    0.994643     12905.6  4.49662e-05  8.55458e-05 1.66767e-08   9.092e-07    0.8929  0.00664      469        1     1143272      0.9
 0.00063652    0.986703     12814.7  4.46753e-05  8.49214e-05 1.67767e-08   9.158e-07    0.8809  0.00774      469        1     1231216      0.9
 0.00057287     0.98628     12694.6  4.49799e-05  8.41732e-05 1.66138e-08   8.014e-07    0.8686  0.00899      469        1     1319160      0.9
 0.00051558    0.998144     12567.8  4.63506e-05  8.33369e-05 1.62395e-08   9.194e-07    0.8502  0.00701      469        1     1407104      0.9
 0.00046403    0.992533     12441.2  4.33125e-05  8.22386e-05 1.61783e-08   9.203e-07    0.8328  0.00684      469        1     1495048      0.9
 0.00041762    0.980551     12288.6  4.70636e-05  8.12877e-05 1.61541e-08   8.151e-07     0.816  0.00652      469        1     1582992      0.9
 0.00037586    0.974711     12092.4  3.91551e-05  7.99777e-05 1.59868e-08   7.426e-07    0.7966  0.00763      469        1     1670936     0.95
 0.00035707    0.978651     11979.4  4.31479e-05  7.90278e-05 1.58079e-08   7.791e-07    0.7814  0.00657      469        1     1758880     0.95
 0.00033921    0.997238     11831.7  4.49002e-05  7.83681e-05 1.52888e-08   8.006e-07    0.7631  0.00473      469        1     1846824     0.95
 0.00032225     1.00036       11794  3.99682e-05  7.79494e-05 1.52344e-08   7.959e-07    0.7544  0.00772      469        1     1934768     0.95
 0.00030614    0.986679     11741.7  4.10192e-05  7.75217e-05 1.52871e-08   8.097e-07    0.7419   0.0069      469        1     2022712     0.95
 0.00029083    0.984771     11597.8  4.29529e-05  7.65149e-05 1.52112e-08   7.587e-07     0.729  0.00611      469        1     2110656     0.95
 0.00027629    0.982486     11419.4  4.39265e-05  7.54113e-05 1.49455e-08    6.52e-07    0.7095  0.00681      469        1     2198600     0.95
 0.00026248    0.995831     11329.1  4.27499e-05  7.49327e-05 1.46519e-08   7.771e-07    0.6955  0.00656      469        1     2286544     0.95
 0.00024935     0.98709     11157.2  4.01591e-05  7.36555e-05 1.46213e-08   8.757e-07    0.6798  0.00825      469        1     2374488     0.95
 0.00023689     0.98704     10920.5  4.51402e-05  7.20311e-05 1.42387e-08   7.404e-07    0.6509  0.00667      469        1     2462432     0.95
 0.00022504    0.982951     10898.1  3.93651e-05  7.20116e-05 1.42886e-08    7.52e-07    0.6437  0.00706      469        1     2550376     0.95
 0.00021379    0.973517     10742.6  3.57304e-05  7.07939e-05 1.42364e-08    7.11e-07    0.6242  0.00763      469        1     2638320     0.95
  0.0002031    0.977386     10574.8  3.62445e-05  6.97511e-05 1.39174e-08   6.642e-07    0.6021  0.00926      469        1     2726264     0.95
 0.00019295    0.980201     10331.7  3.70659e-05  6.81972e-05 1.35591e-08   6.579e-07    0.5791  0.00715      469        1     2814208     0.95
  0.0001833    0.977792     10119.9  3.31407e-05   6.6843e-05 1.33132e-08   6.888e-07    0.5515  0.00843      469        1     2902152     0.95
 0.00017413    0.978721      9887.2  3.69965e-05  6.53175e-05 1.30274e-08   5.305e-07    0.5227  0.00843      469        1     2990096     0.95
 0.00016543    0.975591      9685.6   3.6292e-05  6.40163e-05 1.28417e-08   5.634e-07    0.5028  0.00781      469        1     3078040     0.95
 0.00015716    0.973767     9486.79  3.52371e-05  6.24515e-05 1.24761e-08   5.917e-07    0.4786  0.00998      469        1     3165984     0.95
  0.0001493    0.964515     9284.92    3.738e-05  6.14553e-05 1.24022e-08   5.951e-07    0.4532  0.00884      469        1     3253928     0.95
 0.00014183    0.967908     8952.58  3.12598e-05  5.90547e-05 1.18975e-08   5.902e-07    0.4226  0.00741      469        1     3341872     0.95
 0.00013474    0.958722     8672.27  2.72956e-05   5.7326e-05 1.16016e-08   5.508e-07    0.4406   0.0123    460.8    1.122     3429816     0.95
   0.000128    0.962845     8375.89  2.76672e-05  5.55608e-05 1.11633e-08    5.69e-07    0.4115  0.00972    461.1    1.118     3517760     0.95
  0.0001216    0.959588     8067.36  2.64361e-05  5.36364e-05 1.08276e-08   5.174e-07    0.3849    0.011    447.9    1.315     3605704     0.95
 0.00011552    0.948095     7727.79  1.72158e-05  5.16179e-05 1.04145e-08   4.782e-07     0.364   0.0188    423.3    1.684     3693648     0.95
 0.00010975    0.958624     7402.55  1.34724e-05  4.97525e-05 9.92968e-09   3.821e-07    0.3463   0.0142    391.1    2.166     3781592     0.95
 0.00010426     0.95281     7105.22  1.13589e-05  4.79267e-05 9.58029e-09   3.375e-07    0.3393   0.0178    354.4    2.714     3869536     0.95
 9.9047e-05    0.950409      6837.7  8.94816e-06  4.62556e-05 9.25848e-09   3.234e-07    0.3309   0.0209    318.7    3.247     3957480     0.95
 9.4095e-05    0.945154      6518.2  7.84134e-06  4.42387e-05  8.9307e-09   2.773e-07    0.3278   0.0202      284    3.768     4045424     0.95
  8.939e-05    0.951897     6255.03  6.38918e-06   4.2624e-05 8.50856e-09   2.673e-07    0.3279   0.0146    252.1    4.244     4133368     0.95
  8.492e-05    0.939504     5994.59  6.18233e-06  4.11925e-05 8.38848e-09   2.421e-07    0.3321   0.0226    223.9    4.667     4221312     0.95
 8.0674e-05    0.945701     5703.47  4.50248e-06  3.95083e-05 7.88361e-09   2.206e-07    0.3309   0.0196    199.7    5.028     4309256     0.95
 7.6641e-05    0.951021     5534.93  4.57515e-06   3.8626e-05 7.67021e-09   1.906e-07    0.3415   0.0191    177.9    5.354     4397200     0.95
 7.2809e-05    0.934225     5238.36  3.86219e-06  3.68396e-05 7.44665e-09   1.823e-07    0.3428   0.0232    160.4    5.616     4485144     0.95
 6.9168e-05    0.928868     4979.05    2.845e-06  3.51956e-05 7.04884e-09   1.777e-07    0.3456   0.0277    144.8    5.849     4573088     0.95
  6.571e-05    0.931095     4778.26  3.52547e-06  3.43107e-05 6.86925e-09   1.596e-07    0.3478   0.0256    131.1    6.054     4661032     0.95
 6.2424e-05    0.935388     4519.35  3.69857e-06  3.27889e-05  6.5564e-09   1.477e-07    0.3449   0.0221      119    6.234     4748976     0.95
 5.9303e-05     0.92716     4279.46  3.52389e-06  3.15018e-05 6.40463e-09   1.417e-07    0.3436     0.03    107.7    6.404     4836920     0.95
 5.6338e-05    0.932321     3994.12   3.0586e-06  2.96926e-05 5.98397e-09   1.381e-07    0.3371   0.0264    97.34    6.559     4924864     0.95
 5.3521e-05    0.951611     3777.95  2.22892e-06  2.83273e-05 5.62314e-09   1.329e-07     0.342   0.0188    87.32    6.709     5012808     0.95
 5.0845e-05    0.946353     3604.37  2.07219e-06  2.73059e-05 5.50905e-09   1.297e-07     0.349   0.0187    78.77    6.837     5100752     0.95
 4.8303e-05    0.947029     3402.24  1.95267e-06  2.60673e-05 5.26966e-09   1.224e-07    0.3473   0.0204     71.6    6.944     5188696     0.95
 4.5888e-05    0.950943     3200.01  1.91833e-06  2.48711e-05 4.99557e-09   1.187e-07     0.344   0.0211    64.96    7.043     5276640     0.95
 4.3593e-05    0.962924     3025.66  1.79751e-06  2.37799e-05 4.74226e-09   1.146e-07    0.3462   0.0177    58.72    7.137     5364584     0.95
 4.1414e-05    0.961158     2874.18  1.50962e-06  2.28537e-05  4.5774e-09   1.126e-07    0.3451   0.0169    53.21    7.219     5452528     0.95
 3.9343e-05    0.969701     2734.05  1.24717e-06  2.19651e-05 4.41029e-09   1.103e-07    0.3451    0.014    48.16    7.295     5540472     0.95
 3.7376e-05    0.965664     2610.35  1.37926e-06  2.12632e-05 4.26218e-09   1.059e-07    0.3473   0.0153    43.59    7.363     5628416     0.95
 3.5507e-05    0.980162     2508.14  1.31242e-06  2.06272e-05 4.10158e-09   1.035e-07     0.353  0.00918    39.55    7.423     5716360     0.95
 3.3732e-05    0.973743     2418.32  1.21003e-06  2.00634e-05 3.98586e-09    1.03e-07    0.3545    0.011    36.11    7.475     5804304     0.95
 3.2045e-05    0.976762      2327.2  1.04687e-06  1.95416e-05 3.89641e-09   1.017e-07     0.354   0.0103    33.02    7.521     5892248     0.95
 3.0443e-05    0.977595     2243.75  1.00616e-06  1.91008e-05  3.8044e-09   1.015e-07    0.3574  0.00867    30.19    7.563     5980192     0.95
 2.8921e-05    0.981678     2185.68  9.82819e-07   1.8683e-05 3.70564e-09   9.804e-08    0.3689  0.00813    27.69    7.601     6068136     0.95
 2.7475e-05    0.977926     2108.99   9.3586e-07  1.81447e-05 3.62381e-09   9.619e-08    0.3657  0.00924    25.72     7.63     6156080     0.95
 2.6101e-05    0.984411     2046.61  8.67432e-07  1.77613e-05 3.50578e-09   9.525e-08    0.3715  0.00642    23.81    7.659     6244024     0.95
 2.4796e-05    0.982186     1996.52  8.44623e-07  1.74127e-05 3.46944e-09   9.473e-08    0.3628  0.00819    22.18    7.683     6331968     0.95
 2.3556e-05    0.985708      1948.6  8.88951e-07  1.70065e-05 3.36757e-09   9.277e-08    0.3645  0.00582    20.47    7.709     6419912     0.95
 2.2378e-05    0.984907     1901.56  7.93309e-07  1.68666e-05 3.33366e-09   9.256e-08    0.3755  0.00615    18.92    7.732     6507856     0.95
 2.1259e-05    0.987973     1861.18  8.30543e-07  1.65686e-05 3.28277e-09   9.092e-08    0.3737  0.00526     17.7     7.75     6595800     0.95
 2.0196e-05    0.990925     1824.67   7.9353e-07  1.63982e-05 3.22306e-09   9.101e-08     0.369  0.00401    16.53    7.768     6683744     0.95
 1.9187e-05    0.988251     1789.42  7.46404e-07  1.61751e-05 3.20534e-09    9.06e-08    0.3692  0.00507    15.36    7.785     6771688     0.95
 1.8227e-05    0.991625     1762.36  7.26468e-07  1.60242e-05 3.15199e-09    9.02e-08    0.3701  0.00435    14.27    7.802     6859632     0.95
 1.7316e-05    0.990975     1733.47  6.68608e-07  1.58308e-05 3.11654e-09   8.979e-08    0.3713  0.00342    13.27    7.816     6947576     0.95
  1.645e-05    0.991538     1710.59  6.46247e-07  1.57051e-05  3.0929e-09   8.946e-08    0.3776  0.00363    12.36     7.83     7035520     0.95
 1.5628e-05    0.993342     1686.15  6.77772e-07  1.56036e-05  3.0685e-09   8.852e-08    0.3861  0.00311    11.59    7.842     7123464     0.95
 1.4846e-05    0.993358     1664.79  6.65179e-07  1.55092e-05 3.04885e-09   8.802e-08    0.3931  0.00333    10.96    7.851     7211408     0.95
 1.4104e-05    0.993329     1639.91  6.59773e-07  1.53805e-05  3.0275e-09    8.75e-08    0.3773  0.00268    10.45    7.859     7299352     0.95
 1.3399e-05    0.994369     1619.31  6.64683e-07  1.52445e-05 3.00013e-09   8.697e-08    0.3854  0.00188    9.794    7.868     7387296     0.95
 1.2729e-05    0.994998      1602.7  6.51805e-07  1.51372e-05 2.97717e-09   8.687e-08     0.373  0.00185     9.26    7.876     7475240     0.95
 1.2092e-05     0.99537     1590.97  6.48301e-07  1.50788e-05 2.96729e-09   8.656e-08    0.3862  0.00158    8.639    7.886     7563184     0.95
 1.1488e-05    0.992461     1571.42  6.35472e-07  1.49369e-05 2.95054e-09   8.668e-08    0.3667   0.0029    8.174    7.893     7651128     0.95
 1.0913e-05    0.993954        1556   6.2861e-07  1.48265e-05 2.91891e-09   8.645e-08    0.3857   0.0026    7.575    7.902     7739072     0.95
 1.0368e-05    0.997439     1544.53  6.18058e-07  1.47396e-05 2.89291e-09   8.604e-08    0.3667   0.0018    7.164    7.908     7827016     0.95
 9.8492e-06    0.996109     1529.73  6.04075e-07  1.46525e-05 2.88085e-09   8.606e-08    0.3924  0.00194    6.639    7.916     7914960     0.95
 9.3568e-06    0.997507     1518.89  5.96502e-07  1.45749e-05 2.86031e-09   8.595e-08    0.3777  0.00126    6.323     7.92     8002904     0.95
 8.8889e-06    0.996764     1510.45  6.02748e-07  1.45006e-05  2.8489e-09   8.584e-08    0.4062  0.00133    5.929    7.926     8090848     0.95
 8.4445e-06    0.996578     1501.29  5.89415e-07  1.44645e-05 2.83809e-09   8.566e-08    0.3887  0.00121    5.728    7.929     8178792     0.95
 8.0223e-06    0.996437     1491.48  5.69084e-07  1.44022e-05 2.83085e-09   8.543e-08    0.3712  0.00146    5.435    7.934     8266736     0.95
 7.6212e-06     0.99783     1483.65  5.65586e-07  1.43688e-05 2.81778e-09   8.532e-08    0.3637  0.00132    5.061    7.939     8354680     0.95
 7.2401e-06    0.997185     1475.33  5.62181e-07  1.43328e-05 2.80957e-09   8.532e-08    0.3962  0.00119    4.674    7.945     8442624     0.95
 6.8781e-06    0.996994     1466.55  5.63616e-07  1.42697e-05 2.80546e-09   8.512e-08    0.3768  0.00163     4.47    7.948     8530568     0.95
 6.5342e-06     0.99753     1458.43  5.58238e-07   1.4216e-05 2.78677e-09   8.501e-08     0.356 0.000888    4.187    7.952     8618512     0.95
 6.2075e-06    0.998473     1454.02  5.68473e-07  1.41988e-05 2.78623e-09    8.47e-08    0.4067 0.000565    3.835    7.958     8706456     0.95
 5.8971e-06    0.998776     1451.65  5.79193e-07  1.41835e-05 2.78037e-09   8.439e-08    0.3884  0.00072    3.707     7.96     8794400     0.95
 5.6023e-06    0.998859     1448.55  5.74491e-07   1.4173e-05   2.777e-09   8.428e-08    0.3753 0.000605    3.516    7.962     8882344     0.95
 5.3221e-06    0.998202     1444.16  5.77421e-07  1.41616e-05 2.77484e-09   8.418e-08    0.3573 0.000958    3.289    7.966     8970288     0.95
  5.056e-06    0.999128     1438.84  5.78635e-07  1.41392e-05 2.77045e-09   8.388e-08    0.3411 0.000592    3.017     7.97     9058232     0.95
 4.8032e-06    0.999426        1437  5.76907e-07  1.41333e-05 2.76901e-09   8.387e-08    0.4055 0.000392    2.719    7.974     9146176     0.95
 4.5631e-06     0.99971     1437.26  5.77672e-07   1.4154e-05 2.77132e-09   8.367e-08    0.3857 0.000209    2.625    7.976     9234120     0.95
 4.3349e-06     1.00015     1439.71  5.80972e-07  1.41736e-05 2.77586e-09   8.346e-08    0.3717 7.76e-05    2.482    7.978     9322064     0.95
 4.1182e-06    0.999946     1440.24  5.79286e-07  1.41975e-05 2.78018e-09   8.336e-08    0.3618 0.000149    2.313     7.98     9410008     0.95
 3.9123e-06    0.999864      1440.7  5.82088e-07  1.42077e-05 2.78003e-09   8.326e-08    0.3502 0.000215    2.132    7.983     9497952     0.95
 3.7166e-06     1.00297     1448.29  5.87338e-07  1.42596e-05 2.78406e-09   8.315e-08     0.381  0.00199     1.94    7.986     9585896     0.95
 3.5308e-06     1.00306     1464.79  5.94945e-07  1.43656e-05  2.8044e-09   8.305e-08     0.363   0.0017    1.826    7.988     9673840     0.95
 3.3543e-06     1.00266     1479.37  5.95994e-07  1.44579e-05 2.82395e-09   8.305e-08    0.3504  0.00169    1.685     7.99     9761784     0.95
 3.1866e-06     1.00268     1493.51  5.96489e-07  1.45498e-05 2.84088e-09   8.305e-08    0.3339  0.00155    1.534    7.992     9849728     0.95
 3.0272e-06     1.00251     1506.32   5.9959e-07  1.46295e-05 2.85895e-09   8.305e-08    0.3207  0.00148    1.372    7.994     9937672     0.95
 2.8759e-06     1.00214        1519  6.01889e-07  1.47077e-05 2.87407e-09   8.305e-08    0.3038  0.00139    1.208    7.997    10025616     0.95
 2.7321e-06     1.00199     1531.13  6.10194e-07  1.47789e-05  2.8886e-09   8.295e-08    0.2907  0.00119    1.043    7.999    10113560     0.95
 2.5955e-06     1.00184     1541.12  6.12928e-07  1.48393e-05 2.90182e-09   8.295e-08    0.2791  0.00116        1        8    10201504     0.95
 2.4657e-06     1.00157     1550.53  6.14051e-07  1.49044e-05 2.91305e-09   8.295e-08    0.2623  0.00101        1        8    10289448     0.95
 2.3424e-06     1.00147     1559.59  6.14883e-07  1.49618e-05 2.92525e-09   8.295e-08    0.2581 0.000843        1        8    10377392     0.95
 2.2253e-06     1.00129     1567.04  6.17043e-07   1.5003e-05 2.93362e-09   8.295e-08    0.2441 0.000839        1        8    10465336     0.95
  2.114e-06     1.00104     1573.98  6.19516e-07  1.50411e-05 2.94419e-09   8.295e-08    0.2323 0.000671        1        8    10553280     0.95
 2.0083e-06     1.00081     1579.51  6.20545e-07  1.50791e-05 2.94954e-09   8.295e-08    0.2198 0.000545        1        8    10641224     0.95
 1.9079e-06      1.0009     1584.77  6.27517e-07  1.51103e-05 2.95756e-09   8.284e-08    0.2096 0.000625        1        8    10729168     0.95
 1.8125e-06     1.00078     1590.15  6.27385e-07  1.51342e-05 2.96074e-09   8.284e-08     0.201 0.000482        1        8    10817112     0.95
 1.7219e-06     1.00058      1594.8  6.27918e-07  1.51631e-05 2.96867e-09   8.284e-08    0.1889 0.000396        1        8    10905056     0.95
 1.6358e-06     1.00048     1598.25  6.32925e-07  1.51815e-05 2.97305e-09   8.274e-08    0.1788 0.000344        1        8    10993000     0.95
  1.554e-06     1.00047     1601.65  6.33153e-07  1.51983e-05  2.9763e-09   8.274e-08    0.1712 0.000318        1        8    11080944     0.95
          0     1.00038     1602.04  6.33355e-07  1.51834e-05 2.97887e-09   8.274e-08   0.02398 0.000253        1        8    11168888  

BB estimate of min-dist (placement) wirelength is ;160153
bb_cost recomputed from scratch is 1601.55.
timing_cost recomputed from scratch is 6.3318e-07. 
delay_cost recomputed from scratch is 1.51729e-05. 

Completed placement consistency check successfully.

Placement Estimated Crit Path Delay: 8.27393e-08

Placement. Cost: 1.00009  bb_cost: 1601.55  td_cost: 6.33181e-07  delay_cost: 1.51729e-05.
low, high, current -1 -1 6
Confirming Router Algorithm: TIMING_DRIVEN.
Empty heap occurred in get_heap_head.
Some blocks are impossible to connect in this architecture.
Routing failed.
low, high, current 6 -1 12
Confirming Router Algorithm: TIMING_DRIVEN.
T_crit: 8.36163e-08.
T_crit: 8.3721e-08.
T_crit: 8.3721e-08.
T_crit: 8.3721e-08.
T_crit: 8.3721e-08.
T_crit: 8.3721e-08.
T_crit: 8.3721e-08.
T_crit: 8.3721e-08.
T_crit: 8.3721e-08.
T_crit: 8.3721e-08.
Routing failed.
low, high, current 12 -1 24
Confirming Router Algorithm: TIMING_DRIVEN.
Empty heap occurred in get_heap_head.
Some blocks are impossible to connect in this architecture.
Routing failed.
low, high, current 24 -1 48
Confirming Router Algorithm: TIMING_DRIVEN.
Empty heap occurred in get_heap_head.
Some blocks are impossible to connect in this architecture.
Routing failed.
low, high, current 48 -1 96
Confirming Router Algorithm: TIMING_DRIVEN.
Empty heap occurred in get_heap_head.
Some blocks are impossible to connect in this architecture.
Routing failed.
low, high, current 96 -1 192
Confirming Router Algorithm: TIMING_DRIVEN.
Empty heap occurred in get_heap_head.
Some blocks are impossible to connect in this architecture.
Routing failed.
low, high, current 192 -1 384
This circuit appears to be unroutable with the current router options. Last failed at 192
Aborting routing procedure.
