
VPR FPGA Placement and Routing.
Version: Version 5.0.2
Compiled: Dec 11 2020.
Original VPR by V. Betz.
Timing-driven placement enhancements by A. Marquardt.
Single-drivers enhancements by Andy Ye with additions by.
Mark Fang, Jason Luu, Ted Campbell
Heterogeneous stucture support by Jason Luu and Ted Campbell.
This code is licensed only for non-commercial use.

Auto-sizing FPGA, try x = 130 y = 130
Auto-sizing FPGA, try x = 260 y = 260
Auto-sizing FPGA, try x = 520 y = 520
Auto-sizing FPGA, try x = 1040 y = 1040
Auto-sizing FPGA, try x = 2080 y = 2080
Auto-sizing FPGA, try x = 1040 y = 1040
Auto-sizing FPGA, try x = 1560 y = 1560
Auto-sizing FPGA, try x = 1820 y = 1820
Auto-sizing FPGA, try x = 1690 y = 1690
Auto-sizing FPGA, try x = 1625 y = 1625
Auto-sizing FPGA, try x = 1592 y = 1592
Auto-sizing FPGA, try x = 1576 y = 1576
Auto-sizing FPGA, try x = 1568 y = 1568
Auto-sizing FPGA, try x = 1572 y = 1572
Auto-sizing FPGA, try x = 1574 y = 1574
Auto-sizing FPGA, try x = 1573 y = 1573
Auto-sizing FPGA, try x = 1573 y = 1573
FPGA auto-sized to, x = 1574 y = 1574

Resource Usage:
Netlist      0	blocks of type <EMPTY>
Architecture 4	blocks of type <EMPTY>
Netlist      6294	blocks of type .io
Architecture 6296	blocks of type .io
Netlist      10485	blocks of type .clb
Architecture 2477476	blocks of type .clb

Timing analysis: ON

Operation:  PLACE_AND_ROUTE

PlacerOpts.place_freq:  PLACE_ONCE
PlacerOpts.place_algorithm:  PATH_TIMING_DRIVEN_PLACE
PlacerOpts.place_cost_type:  LINEAR_CONG
PlacerOpts.pad_loc_type:  FREE
PlacerOpts.place_cost_exp:  1.000000
PlacerOpts.place_chan_width:  100
PlacerOpts.inner_loop_recompute_divider:  0
PlacerOpts.recompute_crit_iter:  1
PlacerOpts.timing_tradeoff:  0.500000
PlacerOpts.td_place_exp_first:  1.000000
PlacerOpts.td_place_exp_last:  8.000000
PlaceOpts.seed:  1
AnnealSched.type:  AUTO_SCHED
AnnealSched.inner_num:  1.000000

RouterOpts.route_type:  DETAILED
RouterOpts.router_algorithm:  TIMING_DRIVEN
RouterOpts.base_cost_type:  DELAY_NORMALIZED
RouterOpts.fixed_channel_width:  NO_FIXED_CHANNEL_WIDTH
RouterOpts.acc_fac:  1.000000
RouterOpts.bb_factor:  0
RouterOpts.bend_cost:  0.000000
RouterOpts.first_iter_pres_fac:  10000.000000
RouterOpts.initial_pres_fac:  10000.000000
RouterOpts.pres_fac_mult:  1.300000
RouterOpts.max_router_iterations:  10
RouterOpts.astar_fac:  1.200000
RouterOpts.criticality_exp:  1.000000
RouterOpts.max_criticality:  0.990000

RoutingArch.directionality:  UNI_DIRECTIONAL
RoutingArch.switch_block_type:  WILTON
RoutingArch.Fs:  3

The circuit will be mapped into a 1574 x 1574 array of clbs.

Netlist num_nets:  10548
Netlist num_blocks:  16779
Netlist inputs pins:  63
Netlist output pins:  6231

Computing delta_io_to_io lookup matrix, may take a few seconds, please wait...
Computing delta_io_to_fb lookup matrix, may take a few seconds, please wait...
Computing delta_fb_to_io lookup matrix, may take a few seconds, please wait...
Computing delta_fb_to_fb lookup matrix, may take a few seconds, please wait...

There are 16716 point to point connections in this circuit

Initial Placement Cost: 0.998325 bb_cost: 149967 td_cost: 6.1346e-05 delay_cost: 0.00101453

          T        Cost Av. BB Cost  Av. TD Cost   Av Tot Del  P to P Del        d_max   Ac Rate  Std Dev  R limit      Exp  Tot. Moves    Alpha
   --------  ---------- -----------  -----------    ---------  ----------        -----   -------  -------  -------  -------  ----------    -----
   0.037932     0.99331      150653   6.9389e-05   0.00101874 6.06923e-08   1.069e-05    0.9994  0.00476     1574        1      429418      0.5
   0.018966    0.988755      150397  7.15597e-05   0.00101667  6.0993e-08    1.03e-05    0.9988  0.00475     1574        1      858836      0.5
   0.009483    0.992256      150497  6.68804e-05   0.00101744  6.0734e-08   1.121e-05    0.9974  0.00489     1574        1     1288254      0.5
  0.0047415    0.994341      150162  6.98591e-05   0.00101511 6.07025e-08   1.042e-05    0.9951  0.00445     1574        1     1717672      0.5
  0.0023707     0.98702      149838  7.01178e-05   0.00101317   6.074e-08   1.037e-05    0.9905  0.00482     1574        1     2147090      0.5
  0.0011854    0.986583      149007  7.10075e-05   0.00100748 6.04088e-08   9.867e-06    0.9806  0.00529     1574        1     2576508      0.5
 0.00059269    0.974698      147251   7.2616e-05  0.000994345 6.01639e-08   9.235e-06    0.9611  0.00477     1574        1     3005926      0.5
 0.00029634    0.952536      144101   7.0774e-05  0.000973395 6.01105e-08   8.841e-06    0.9245  0.00624     1574        1     3435344      0.9
 0.00026671    0.975983      143084  7.11922e-05  0.000967389 5.81649e-08   8.459e-06    0.9128  0.00504     1574        1     3864762      0.9
 0.00024004     0.97564      141887  7.99434e-05  0.000957947 5.81485e-08   7.191e-06    0.9027  0.00565     1574        1     4294180      0.9
 0.00021603    0.977456      140989  7.63063e-05   0.00095231 5.73025e-08   7.417e-06    0.8914  0.00481     1574        1     4723598      0.9
 0.00019443    0.981539      139680  8.57365e-05  0.000943324 5.69201e-08   6.295e-06    0.8788  0.00459     1574        1     5153016      0.9
 0.00017499    0.972935      138495  8.36837e-05     0.000935 5.67278e-08   6.351e-06    0.8658  0.00489     1574        1     5582434      0.9
 0.00015749    0.974658      137268  8.07736e-05  0.000926104  5.6076e-08   6.353e-06    0.8508  0.00492     1574        1     6011852      0.9
 0.00014174    0.976383      135460  8.20161e-05  0.000914351 5.50121e-08   5.993e-06    0.8303   0.0048     1574        1     6441270      0.9
 0.00012757    0.973062      133602  8.32536e-05  0.000901756 5.48053e-08     5.7e-06    0.8113  0.00512     1574        1     6870688      0.9
 0.00011481    0.973738      131390  8.11651e-05   0.00088852 5.36856e-08   5.591e-06     0.789  0.00645     1574        1     7300106     0.95
 0.00010907    0.980027      130360  8.87361e-05  0.000880356 5.27685e-08   4.899e-06    0.7763  0.00393     1574        1     7729524     0.95
 0.00010362    0.976128      129262  8.26083e-05  0.000873265 5.24038e-08   5.211e-06    0.7635  0.00513     1574        1     8158942     0.95
 9.8435e-05    0.975754      128101   8.4746e-05  0.000865456 5.21887e-08   4.966e-06    0.7525  0.00545     1574        1     8588360     0.95
 9.3513e-05    0.980715      127078  8.50847e-05  0.000857983 5.16796e-08   4.791e-06    0.7384  0.00402     1574        1     9017778     0.95
 8.8837e-05     0.97334      125732   9.1658e-05  0.000849476 5.13427e-08    4.35e-06    0.7246  0.00494     1574        1     9447196     0.95
 8.4396e-05    0.969812      124387  7.82852e-05  0.000840394 5.05919e-08    5.01e-06    0.7093   0.0063     1574        1     9876614     0.95
 8.0176e-05    0.976262      122651  8.96855e-05  0.000829005 4.99738e-08    4.12e-06     0.691  0.00472     1574        1    10306032     0.95
 7.6167e-05    0.971616      121095  8.52755e-05  0.000818111 4.97602e-08   4.241e-06    0.6746  0.00498     1574        1    10735450     0.95
 7.2359e-05    0.965767      119387  8.95508e-05  0.000808272 4.91427e-08   3.954e-06    0.6559  0.00686     1574        1    11164868     0.95
 6.8741e-05    0.969812      118137   8.4336e-05  0.000798931 4.83937e-08   4.069e-06    0.6382  0.00584     1574        1    11594286     0.95
 6.5304e-05    0.970599      115815  8.41436e-05  0.000783277 4.74489e-08   3.866e-06    0.6156  0.00566     1574        1    12023704     0.95
 6.2039e-05    0.967732      113574  8.18597e-05  0.000769543  4.6565e-08   3.803e-06    0.5944  0.00813     1574        1    12453122     0.95
 5.8937e-05    0.963372      112257  9.05255e-05  0.000760721 4.64652e-08   3.317e-06    0.5758  0.00876     1574        1    12882540     0.95
  5.599e-05    0.963491      109268  8.35997e-05  0.000741916 4.51036e-08    3.39e-06     0.548  0.00781     1574        1    13311958     0.95
  5.319e-05    0.962781      107200  8.96233e-05   0.00072871 4.45993e-08    3.04e-06    0.5257  0.00778     1574        1    13741376     0.95
 5.0531e-05    0.962314      104632  8.39179e-05  0.000710586 4.32943e-08   3.078e-06    0.4971  0.00713     1574        1    14170794     0.95
 4.8004e-05    0.957245      102356   8.0275e-05  0.000697915  4.2716e-08   3.063e-06    0.4764  0.00872     1574        1    14600212     0.95
 4.5604e-05    0.957752       99118  7.41533e-05  0.000676356 4.13108e-08   3.115e-06    0.4448  0.00929     1574        1    15029630     0.95
 4.3324e-05    0.954871     96413.7   7.3085e-05  0.000658644 4.03854e-08   2.971e-06    0.4171   0.0128     1574        1    15459048     0.95
 4.1158e-05    0.951668     93441.4  5.48719e-05  0.000641024 3.90176e-08   2.702e-06    0.4404   0.0122     1538     1.16    15888466     0.95
   3.91e-05    0.939874     90190.7  5.62754e-05  0.000619144 3.84066e-08   2.467e-06    0.4118   0.0164     1539    1.157    16317884     0.95
 3.7145e-05    0.943983     87057.8  3.68078e-05  0.000603144 3.68756e-08    2.44e-06    0.3906   0.0143     1495     1.35    16747302     0.95
 3.5288e-05     0.94074     84628.3  2.10923e-05  0.000589229 3.59621e-08   2.227e-06    0.3785   0.0171     1421    1.679    17176720     0.95
 3.3523e-05    0.947129     82805.1  1.16925e-05  0.000580847 3.50754e-08   2.059e-06    0.3739   0.0152     1334    2.068    17606138     0.95
 3.1847e-05    0.954588       81636  7.40377e-06   0.00057789 3.45398e-08   1.899e-06     0.378   0.0132     1246     2.46    18035556     0.95
 3.0255e-05    0.965915     82331.1  5.25432e-06  0.000585299 3.45701e-08   1.827e-06    0.3952   0.0113     1169    2.804    18464974     0.95
 2.8742e-05     0.96049     82090.9  4.46026e-06  0.000585635 3.47698e-08   1.791e-06    0.4023   0.0139     1116    3.037    18894392     0.95
 2.7305e-05    0.958099     81480.7  3.94722e-06  0.000582826 3.47606e-08    1.74e-06    0.4016   0.0148     1074    3.224    19323810     0.95
  2.594e-05    0.954869     80704.3  3.46519e-06  0.000581583 3.48401e-08   1.704e-06    0.4035   0.0138     1033    3.408    19753228     0.95
 2.4643e-05    0.947745     78699.2  3.18336e-06  0.000570777 3.45853e-08    1.66e-06     0.396   0.0142    995.3    3.575    20182646     0.95
  2.341e-05    0.961341     77638.6  2.74955e-06  0.000565551 3.39936e-08   1.629e-06    0.3966   0.0128    951.5     3.77    20612064     0.95
  2.224e-05    0.954126     75939.4  2.56273e-06  0.000556671 3.38164e-08   1.599e-06    0.3927   0.0147    910.2    3.954    21041482     0.95
 2.1128e-05    0.955766     74172.9  2.39039e-06  0.000545958 3.30819e-08   1.569e-06    0.3894   0.0127    867.2    4.145    21470900     0.95
 2.0072e-05    0.959697     72378.9  2.16358e-06  0.000539118 3.26313e-08   1.548e-06    0.3891   0.0126    823.3    4.341    21900318     0.95
 1.9068e-05     0.96913     70416.3  2.02975e-06  0.000530093 3.18783e-08   1.525e-06    0.3858  0.00965    781.3    4.527    22329736     0.95
 1.8115e-05    0.963166     67721.6  1.95585e-06  0.000514439 3.15946e-08   1.499e-06    0.3802   0.0122      739    4.716    22759154     0.95
 1.7209e-05    0.965036     65076.9  1.83637e-06  0.000500942 3.06038e-08   1.487e-06    0.3767   0.0108    694.8    4.912    23188572     0.95
 1.6348e-05    0.964504     61911.3  1.75565e-06  0.000486686 2.98231e-08   1.476e-06    0.3693   0.0126    650.9    5.108    23617990     0.95
 1.5531e-05    0.971631     58371.1  1.64987e-06  0.000468454 2.86082e-08   1.461e-06    0.3644   0.0108    604.8    5.313    24047408     0.95
 1.4754e-05    0.955349     54572.4  1.64769e-06  0.000447628 2.77187e-08   1.448e-06    0.3557   0.0172    559.1    5.516    24476826     0.95
 1.4017e-05    0.966449     50688.3  1.52592e-06  0.000425587 2.63096e-08     1.4e-06    0.3481    0.012      512    5.726    24906244     0.95
 1.3316e-05    0.967449     46913.2  1.48842e-06   0.00040412 2.51727e-08   1.387e-06    0.3403   0.0135    464.9    5.935    25335662     0.95
  1.265e-05    0.964602     42812.4  1.45097e-06  0.000382613 2.39517e-08   1.374e-06    0.3337   0.0147    418.6    6.142    25765080     0.95
 1.2018e-05    0.960328     38559.2   1.4216e-06  0.000355328 2.22292e-08   1.365e-06    0.3225    0.014    374.1     6.34    26194498     0.95
 1.1417e-05    0.961987     34824.1  1.38667e-06   0.00033449 2.08019e-08   1.352e-06    0.3148   0.0154    330.1    6.535    26623916     0.95
 1.0846e-05    0.960157     31078.2  1.35978e-06  0.000314174 1.96332e-08    1.33e-06     0.307    0.016    288.8    6.719    27053334     0.95
 1.0304e-05    0.960355     27776.9  1.33244e-06  0.000292086 1.81884e-08   1.307e-06    0.3003   0.0161    250.4     6.89    27482752     0.95
 9.7884e-06    0.963472     24941.2  1.30395e-06  0.000275798 1.70642e-08   1.289e-06    0.2987   0.0144    215.4    7.046    27912170     0.95
  9.299e-06    0.968048     22670.2  1.28341e-06  0.000264786 1.62561e-08   1.272e-06       0.3   0.0131      185    7.181    28341588     0.95
  8.834e-06    0.966071     20650.9  1.25919e-06  0.000252736 1.56171e-08   1.257e-06    0.2995   0.0153    159.1    7.297    28771006     0.95
 8.3923e-06    0.971329     18961.8  1.23849e-06  0.000242072 1.48222e-08   1.237e-06    0.3038   0.0116    136.7    7.396    29200424     0.95
 7.9727e-06    0.972964     17632.8  1.21966e-06  0.000230301 1.41806e-08   1.225e-06    0.3074    0.012    118.1    7.479    29629842     0.95
 7.5741e-06    0.975242     16434.9  1.20024e-06  0.000223412 1.35759e-08   1.208e-06    0.3124     0.01    102.4    7.549    30059260     0.95
 7.1954e-06      0.9782     15484.8   1.1821e-06  0.000217332  1.3294e-08   1.194e-06    0.3206  0.00908    89.37    7.607    30488678     0.95
 6.8356e-06    0.980571     14687.8  1.16936e-06  0.000211758 1.28186e-08    1.18e-06    0.3264  0.00742     78.7    7.654    30918096     0.95
 6.4938e-06    0.978738     13994.4  1.15332e-06  0.000207829 1.25907e-08    1.17e-06    0.3334  0.00805    69.77    7.694    31347514     0.95
 6.1691e-06    0.983165     13371.6  1.14379e-06  0.000204824 1.23797e-08   1.155e-06    0.3347  0.00651    62.33    7.727    31776932     0.95
 5.8607e-06     0.98548     12846.2  1.13465e-06  0.000201878 1.21972e-08   1.148e-06     0.341    0.006    55.77    7.756    32206350     0.95
 5.5676e-06    0.986521     12364.6  1.12656e-06  0.000199123 1.20071e-08    1.14e-06    0.3415  0.00532    50.25    7.781    32635768     0.95
 5.2893e-06    0.988035       11956  1.11947e-06  0.000196074 1.18239e-08   1.132e-06    0.3473  0.00454     45.3    7.803    33065186     0.95
 5.0248e-06    0.989261     11612.8  1.11472e-06  0.000193506 1.16981e-08   1.128e-06    0.3515  0.00443     41.1    7.822    33494604     0.95
 4.7736e-06    0.990261     11293.5  1.10988e-06  0.000190849 1.14966e-08   1.124e-06    0.3579  0.00366    37.47    7.838    33924022     0.95
 4.5349e-06     0.99255     11049.2  1.10637e-06  0.000189133 1.13813e-08   1.121e-06    0.3623  0.00276    34.39    7.851    34353440     0.95
 4.3081e-06    0.990746     10769.3  1.10238e-06  0.000187749 1.12696e-08   1.118e-06    0.3655  0.00396    31.72    7.863    34782858     0.95
 4.0927e-06    0.993135     10542.6   1.0991e-06   0.00018624 1.12101e-08   1.115e-06    0.3616  0.00316    29.35    7.874    35212276     0.95
 3.8881e-06    0.992391     10341.8  1.09499e-06  0.000185474 1.11389e-08   1.111e-06    0.3628  0.00291    27.05    7.884    35641694     0.95
 3.6937e-06    0.993506     10145.9  1.09261e-06  0.000184339 1.10603e-08   1.108e-06    0.3749  0.00255    24.96    7.893    36071112     0.95
  3.509e-06    0.994213     9969.88  1.08949e-06  0.000183684 1.10285e-08   1.106e-06    0.3658  0.00233    23.34    7.901    36500530     0.95
 3.3335e-06    0.994105     9820.96  1.08701e-06  0.000182467 1.09558e-08   1.103e-06    0.3749  0.00247    21.61    7.908    36929948     0.95
 3.1669e-06    0.994585     9671.55  1.08356e-06  0.000181401 1.08858e-08     1.1e-06    0.3689  0.00225     20.2    7.915    37359366     0.95
 3.0085e-06    0.993949     9524.45  1.07923e-06  0.000180679 1.08264e-08   1.098e-06     0.379  0.00257    18.76    7.921    37788784     0.95
 2.8581e-06    0.994967     9391.27  1.07498e-06  0.000179642   1.079e-08   1.093e-06    0.3733  0.00201    17.62    7.926    38218202     0.95
 2.7152e-06    0.995249     9284.84  1.07169e-06     0.000179 1.07324e-08    1.09e-06    0.3718  0.00185    16.44    7.931    38647620     0.95
 2.5794e-06    0.996523     9186.74  1.06929e-06  0.000178473  1.0698e-08   1.087e-06    0.3727   0.0015    15.32    7.936    39077038     0.95
 2.4505e-06    0.995847     9094.06  1.06709e-06  0.000177794  1.0654e-08   1.085e-06    0.3759   0.0018    14.29    7.941    39506456     0.95
 2.3279e-06    0.996407     9006.23  1.06557e-06  0.000177573 1.06372e-08   1.084e-06      0.38   0.0015    13.37    7.945    39935874     0.95
 2.2115e-06    0.996803      8929.4  1.06354e-06  0.000177087 1.06164e-08   1.082e-06    0.3841  0.00133    12.57    7.949    40365292     0.95
  2.101e-06    0.997072     8845.89  1.06132e-06  0.000176592 1.05806e-08    1.08e-06    0.3901  0.00124    11.87    7.952    40794710     0.95
 1.9959e-06    0.997433     8772.49  1.06016e-06  0.000176125 1.05561e-08   1.079e-06    0.3725  0.00117    11.28    7.954    41224128     0.95
 1.8961e-06    0.997602     8713.59  1.05853e-06  0.000175571 1.05328e-08   1.078e-06    0.3831  0.00104    10.52    7.958    41653546     0.95
 1.8013e-06    0.997227     8648.98  1.05741e-06  0.000175151 1.04889e-08   1.076e-06    0.3964  0.00118    9.917     7.96    42082964     0.95
 1.7113e-06    0.997579     8591.91  1.05579e-06  0.000174834 1.04763e-08   1.075e-06    0.3784  0.00103    9.485    7.962    42512382     0.95
 1.6257e-06    0.997725     8536.13  1.05458e-06  0.000174486 1.04451e-08   1.074e-06    0.3927 0.000937      8.9    7.965    42941800     0.95
 1.5444e-06    0.997805     8484.51   1.0533e-06    0.0001742 1.04349e-08   1.073e-06    0.3759  0.00086    8.479    7.967    43371218     0.95
 1.4672e-06    0.997712     8431.81  1.05215e-06  0.000173871 1.04155e-08   1.072e-06    0.3967 0.000842    7.935    7.969    43800636     0.95
 1.3938e-06    0.997998     8385.92  1.05127e-06  0.000173595 1.03942e-08   1.071e-06    0.3771 0.000682    7.591    7.971    44230054     0.95
 1.3241e-06    0.998197     8344.83   1.0503e-06  0.000173477 1.03868e-08    1.07e-06    0.3591 0.000663    7.114    7.973    44659472     0.95
 1.2579e-06    0.998238     8306.09  1.04886e-06  0.000173207 1.03693e-08    1.07e-06    0.3845 0.000732    6.538    7.975    45088890     0.95
  1.195e-06     0.99813     8273.18  1.04756e-06  0.000173122 1.03613e-08   1.069e-06    0.3693 0.000819    6.176    7.977    45518308     0.95
 1.1353e-06     0.99851     8237.07  1.04701e-06  0.000172918 1.03566e-08   1.067e-06     0.403  0.00051    5.739    7.979    45947726     0.95
 1.0785e-06    0.998634     8207.35  1.04647e-06   0.00017265 1.03421e-08   1.067e-06    0.3863 0.000644    5.527     7.98    46377144     0.95
 1.0246e-06    0.998957     8178.16  1.04586e-06  0.000172352 1.03202e-08   1.066e-06      0.37 0.000396     5.23    7.981    46806562     0.95
 9.7336e-07    0.998498     8152.31  1.04505e-06  0.000172284 1.03099e-08   1.066e-06    0.4141 0.000575    4.864    7.983    47235980     0.95
 9.2469e-07    0.998813     8128.13  1.04397e-06   0.00017227 1.03057e-08   1.065e-06    0.3962  0.00042    4.737    7.983    47665398     0.95
 8.7846e-07    0.998651     8104.76  1.04314e-06  0.000172175 1.03052e-08   1.064e-06    0.3774  0.00058     4.53    7.984    48094816     0.95
 8.3453e-07    0.998798     8081.65  1.04243e-06  0.000172033 1.02977e-08   1.063e-06    0.3595  0.00045    4.247    7.986    48524234     0.95
 7.9281e-07    0.999379     8063.92  1.04199e-06  0.000171876 1.02847e-08   1.063e-06    0.4195 0.000199    3.905    7.987    48953652     0.95
 7.5317e-07    0.999348     8053.46  1.04153e-06  0.000171862 1.02825e-08   1.063e-06    0.4042 0.000203    3.825    7.987    49383070     0.95
 7.1551e-07    0.999149     8039.87  1.04106e-06  0.000171729 1.02785e-08   1.062e-06    0.3889 0.000341    3.688    7.988    49812488     0.95
 6.7973e-07    0.999129     8023.71   1.0405e-06  0.000171593 1.02719e-08   1.062e-06    0.3721  0.00027    3.499    7.989    50241906     0.95
 6.4575e-07    0.999197     8007.53  1.04017e-06  0.000171475 1.02628e-08   1.061e-06    0.3553 0.000328    3.261     7.99    50671324     0.95
 6.1346e-07     1.00002     8000.94  1.04002e-06  0.000171502 1.02565e-08   1.061e-06    0.4365 0.000185    2.985    7.991    51100742     0.95
 5.8279e-07    0.999785     8006.93  1.03948e-06  0.000171628 1.02655e-08   1.061e-06     0.421 9.18e-05    2.975    7.991    51530160     0.95
 5.5365e-07    0.999633     8009.01  1.03912e-06  0.000171725 1.02712e-08    1.06e-06    0.4079 0.000115    2.918    7.991    51959578     0.95
 5.2596e-07    0.999786     8008.51  1.03888e-06  0.000171663 1.02702e-08    1.06e-06    0.3917 8.51e-05    2.824    7.992    52388996     0.95
 4.9967e-07    0.999631     8006.33  1.03847e-06  0.000171696 1.02702e-08   1.059e-06     0.378 9.18e-05    2.688    7.992    52818414     0.95
 4.7468e-07    0.999652     8001.47  1.03827e-06  0.000171693 1.02728e-08   1.059e-06    0.3592 7.69e-05    2.521    7.993    53247832     0.95
          0     0.99697     7959.95  1.03798e-06  0.000171145 1.02691e-08   1.059e-06   0.04663  0.00131    2.318    7.994    53677250  

BB estimate of min-dist (placement) wirelength is ;792796
bb_cost recomputed from scratch is 7927.1.
timing_cost recomputed from scratch is 1.03791e-06. 
delay_cost recomputed from scratch is 0.000170767. 

Completed placement consistency check successfully.

Placement Estimated Crit Path Delay: 1.05848e-06

Placement. Cost: 0.994989  bb_cost: 7928.37  td_cost: 1.03791e-06  delay_cost: 0.000170769.
low, high, current -1 -1 6
Confirming Router Algorithm: TIMING_DRIVEN.
Empty heap occurred in get_heap_head.
Some blocks are impossible to connect in this architecture.
Routing failed.
low, high, current 6 -1 12
