Array size: 19 x 19 logic blocks.

Routing:

Net 0 (new_n100_)

SOURCE (9,1)  Class: 1  
  OPIN (9,1)  Pin: 4  
 CHANX (8,0) to (9,0)  Track: 7  
  IPIN (9,0)  Pad: 0  
  SINK (9,0)  Pad: 0  


Net 1 (new_n101_)

SOURCE (1,13)  Class: 1  
  OPIN (1,13)  Pin: 4  
 CHANX (1,12)  Track: 7  
 CHANY (0,13) to (0,14)  Track: 0  
  IPIN (0,13)  Pad: 0  
  SINK (0,13)  Pad: 0  


Net 2 (new_n102_)

SOURCE (1,5)  Class: 1  
  OPIN (1,5)  Pin: 4  
 CHANX (1,4)  Track: 3  
 CHANY (0,5) to (0,6)  Track: 4  
  IPIN (0,6)  Pad: 0  
  SINK (0,6)  Pad: 0  


Net 3 (new_n48_)

SOURCE (1,4)  Class: 1  
  OPIN (1,4)  Pin: 4  
 CHANX (1,3)  Track: 1  
 CHANY (0,4) to (0,5)  Track: 2  
  IPIN (0,4)  Pad: 0  
  SINK (0,4)  Pad: 0  


Net 4 (new_n49_)

SOURCE (1,2)  Class: 1  
  OPIN (1,2)  Pin: 4  
 CHANX (1,1)  Track: 9  
 CHANY (0,2) to (0,3)  Track: 6  
 CHANY (0,4) to (0,5)  Track: 6  
  IPIN (1,4)  Pin: 1  
  SINK (1,4)  Class: 0  


Net 5 (new_n50_)

SOURCE (1,1)  Class: 1  
  OPIN (1,1)  Pin: 4  
 CHANX (1,0)  Track: 11  
 CHANY (0,1) to (0,2)  Track: 8  
  IPIN (1,2)  Pin: 1  
  SINK (1,2)  Class: 0  


Net 6 (new_n53_)

SOURCE (19,12)  Class: 1  
  OPIN (19,12)  Pin: 4  
 CHANX (19,11)  Track: 10  
 CHANY (19,12) to (19,13)  Track: 8  
  IPIN (20,13)  Pad: 0  
  SINK (20,13)  Pad: 0  
 CHANY (19,12) to (19,13)  Track: 8  
 CHANY (19,14) to (19,15)  Track: 8  
  IPIN (20,15)  Pad: 0  
  SINK (20,15)  Pad: 0  
 CHANY (19,14) to (19,15)  Track: 8  
 CHANY (19,16) to (19,17)  Track: 8  
  IPIN (20,17)  Pad: 0  
  SINK (20,17)  Pad: 0  
  OPIN (19,12)  Pin: 4  
 CHANX (19,11)  Track: 2  
 CHANY (19,12) to (19,13)  Track: 4  
 CHANY (19,14) to (19,15)  Track: 4  
 CHANY (19,16) to (19,17)  Track: 4  
  IPIN (20,16)  Pad: 0  
  SINK (20,16)  Pad: 0  
 CHANY (19,14) to (19,15)  Track: 4  
  IPIN (20,14)  Pad: 0  
  SINK (20,14)  Pad: 0  


Net 7 (new_n54_)

SOURCE (19,10)  Class: 1  
  OPIN (19,10)  Pin: 4  
 CHANX (19,9)  Track: 6  
 CHANY (19,10) to (19,11)  Track: 0  
 CHANY (19,12) to (19,13)  Track: 0  
  IPIN (19,12)  Pin: 3  
  SINK (19,12)  Class: 0  


Net 8 (new_n56_)

SOURCE (19,9)  Class: 1  
  OPIN (19,9)  Pin: 4  
 CHANX (19,8)  Track: 8  
 CHANY (19,9) to (19,10)  Track: 6  
  IPIN (19,10)  Pin: 3  
  SINK (19,10)  Class: 0  


Net 9 (new_n57_)

SOURCE (17,11)  Class: 1  
  OPIN (17,11)  Pin: 4  
 CHANX (17,10) to (18,10)  Track: 4  
 CHANY (18,11) to (18,12)  Track: 8  
  IPIN (19,12)  Pin: 1  
  SINK (19,12)  Class: 0  


Net 10 (new_n58_)

SOURCE (1,11)  Class: 1  
  OPIN (1,11)  Pin: 4  
 CHANX (1,10)  Track: 2  
 CHANX (2,10) to (3,10)  Track: 2  
 CHANX (4,10) to (5,10)  Track: 2  
 CHANX (6,10) to (7,10)  Track: 2  
 CHANX (8,10) to (9,10)  Track: 2  
 CHANX (10,10) to (11,10)  Track: 2  
 CHANX (12,10) to (13,10)  Track: 2  
 CHANX (14,10) to (15,10)  Track: 2  
 CHANX (16,10) to (17,10)  Track: 2  
  IPIN (17,11)  Pin: 0  
  SINK (17,11)  Class: 0  


Net 11 (new_n65_)

SOURCE (13,1)  Class: 1  
  OPIN (13,1)  Pin: 4  
 CHANX (12,0) to (13,0)  Track: 7  
  IPIN (13,0)  Pad: 0  
  SINK (13,0)  Pad: 0  


Net 12 (new_n66_)

SOURCE (15,2)  Class: 1  
  OPIN (15,2)  Pin: 4  
 CHANX (14,1) to (15,1)  Track: 5  
 CHANX (12,1) to (13,1)  Track: 5  
  IPIN (13,1)  Pin: 2  
  SINK (13,1)  Class: 0  


Net 13 (new_n67_)

SOURCE (5,1)  Class: 1  
  OPIN (5,1)  Pin: 4  
 CHANX (4,0) to (5,0)  Track: 7  
  IPIN (5,0)  Pad: 0  
  SINK (5,0)  Pad: 0  


Net 14 (new_n68_)

SOURCE (10,18)  Class: 1  
  OPIN (10,18)  Pin: 4  
 CHANX (9,17) to (10,17)  Track: 11  
 CHANX (7,17) to (8,17)  Track: 11  
 CHANX (5,17) to (6,17)  Track: 11  
 CHANX (3,17) to (4,17)  Track: 11  
 CHANY (3,16) to (3,17)  Track: 9  
 CHANY (3,14) to (3,15)  Track: 9  
 CHANY (3,12) to (3,13)  Track: 9  
 CHANY (3,10) to (3,11)  Track: 9  
 CHANY (3,8) to (3,9)  Track: 9  
 CHANY (3,6) to (3,7)  Track: 9  
 CHANY (3,4) to (3,5)  Track: 9  
 CHANX (2,3) to (3,3)  Track: 5  
 CHANY (2,2) to (2,3)  Track: 7  
  IPIN (2,3)  Pin: 3  
  SINK (2,3)  Class: 0  
  OPIN (10,18)  Pin: 4  
 CHANX (9,17) to (10,17)  Track: 3  
 CHANX (7,17) to (8,17)  Track: 3  
 CHANX (5,17) to (6,17)  Track: 3  
 CHANX (3,17) to (4,17)  Track: 3  
 CHANX (1,17) to (2,17)  Track: 3  
 CHANY (0,16) to (0,17)  Track: 7  
  IPIN (0,17)  Pad: 0  
  SINK (0,17)  Pad: 0  
  OPIN (10,18)  Pin: 4  
 CHANX (10,17) to (11,17)  Track: 8  
 CHANY (10,16) to (10,17)  Track: 11  
 CHANY (10,14) to (10,15)  Track: 11  
 CHANY (10,12) to (10,13)  Track: 11  
 CHANY (10,10) to (10,11)  Track: 11  
 CHANY (10,8) to (10,9)  Track: 11  
 CHANX (11,7) to (12,7)  Track: 2  
 CHANY (12,6) to (12,7)  Track: 11  
 CHANX (11,5) to (12,5)  Track: 7  
  IPIN (12,5)  Pin: 2  
  SINK (12,5)  Class: 0  
 CHANY (3,6) to (3,7)  Track: 9  
 CHANX (2,5) to (3,5)  Track: 5  
 CHANX (1,5)  Track: 5  
  IPIN (1,5)  Pin: 2  
  SINK (1,5)  Class: 0  
 CHANY (3,14) to (3,15)  Track: 9  
 CHANX (2,13) to (3,13)  Track: 5  
 CHANX (1,13)  Track: 5  
  IPIN (1,13)  Pin: 2  
  SINK (1,13)  Class: 0  


Net 15 (new_n69_)

SOURCE (15,1)  Class: 1  
  OPIN (15,1)  Pin: 4  
 CHANX (14,0) to (15,0)  Track: 11  
 CHANY (14,1)  Track: 10  
 CHANX (15,1) to (16,1)  Track: 10  
  IPIN (15,2)  Pin: 0  
  SINK (15,2)  Class: 0  


Net 16 (new_n70_)

SOURCE (14,1)  Class: 1  
  OPIN (14,1)  Pin: 4  
 CHANX (14,0) to (15,0)  Track: 10  
 CHANX (16,0) to (17,0)  Track: 10  
  IPIN (16,1)  Pin: 0  
  SINK (16,1)  Class: 0  
  OPIN (14,1)  Pin: 4  
 CHANX (14,0) to (15,0)  Track: 2  
  IPIN (15,1)  Pin: 0  
  SINK (15,1)  Class: 0  


Net 17 (new_n71_)

SOURCE (16,2)  Class: 1  
  OPIN (16,2)  Pin: 4  
 CHANX (15,1) to (16,1)  Track: 7  
  IPIN (16,1)  Pin: 2  
  SINK (16,1)  Class: 0  


Net 18 (new_n72_)

SOURCE (17,1)  Class: 1  
  OPIN (17,1)  Pin: 4  
 CHANX (16,0) to (17,0)  Track: 3  
 CHANY (15,1) to (15,2)  Track: 2  
  IPIN (15,1)  Pin: 3  
  SINK (15,1)  Class: 0  


Net 19 (new_n73_)

SOURCE (19,3)  Class: 1  
  OPIN (19,3)  Pin: 4  
 CHANX (19,2)  Track: 1  
 CHANX (17,2) to (18,2)  Track: 1  
  IPIN (17,2)  Pin: 2  
  SINK (17,2)  Class: 0  
 CHANX (17,2) to (18,2)  Track: 1  
 CHANX (15,2) to (16,2)  Track: 1  
  IPIN (15,2)  Pin: 2  
  SINK (15,2)  Class: 0  


Net 20 (new_n74_)

SOURCE (14,2)  Class: 1  
  OPIN (14,2)  Pin: 4  
 CHANX (13,1) to (14,1)  Track: 7  
 CHANX (11,1) to (12,1)  Track: 7  
 CHANX (9,1) to (10,1)  Track: 7  
  IPIN (10,1)  Pin: 2  
  SINK (10,1)  Class: 0  


Net 21 (new_n75_)

SOURCE (15,3)  Class: 1  
  OPIN (15,3)  Pin: 4  
 CHANX (14,2) to (15,2)  Track: 3  
  IPIN (14,2)  Pin: 2  
  SINK (14,2)  Class: 0  


Net 22 (new_n76_)

SOURCE (17,3)  Class: 1  
  OPIN (17,3)  Pin: 4  
 CHANX (16,2) to (17,2)  Track: 7  
 CHANY (15,3) to (15,4)  Track: 2  
  IPIN (15,3)  Pin: 3  
  SINK (15,3)  Class: 0  


Net 23 (new_n78_)

SOURCE (16,3)  Class: 1  
  OPIN (16,3)  Pin: 4  
 CHANX (16,2) to (17,2)  Track: 10  
 CHANY (17,3) to (17,4)  Track: 6  
 CHANX (18,3) to (19,3)  Track: 4  
 CHANY (19,4) to (19,5)  Track: 8  
 CHANY (19,6) to (19,7)  Track: 8  
 CHANY (19,8) to (19,9)  Track: 8  
 CHANY (19,10) to (19,11)  Track: 8  
  IPIN (20,11)  Pad: 0  
  SINK (20,11)  Pad: 0  
  OPIN (16,3)  Pin: 4  
 CHANX (15,2) to (16,2)  Track: 9  
 CHANX (13,2) to (14,2)  Track: 9  
 CHANY (13,1) to (13,2)  Track: 11  
  IPIN (14,2)  Pin: 1  
  SINK (14,2)  Class: 0  


Net 24 (new_n79_)

SOURCE (12,1)  Class: 1  
  OPIN (12,1)  Pin: 4  
 CHANX (12,0) to (13,0)  Track: 2  
  IPIN (13,1)  Pin: 0  
  SINK (13,1)  Class: 0  


Net 25 (new_n80_)

SOURCE (11,1)  Class: 1  
  OPIN (11,1)  Pin: 4  
 CHANX (11,0) to (12,0)  Track: 0  
  IPIN (12,1)  Pin: 0  
  SINK (12,1)  Class: 0  


Net 26 (new_n81_)

SOURCE (19,2)  Class: 1  
  OPIN (19,2)  Pin: 4  
 CHANX (18,1) to (19,1)  Track: 5  
 CHANY (17,2) to (17,3)  Track: 0  
  IPIN (17,2)  Pin: 3  
  SINK (17,2)  Class: 0  
  OPIN (19,2)  Pin: 4  
 CHANX (18,1) to (19,1)  Track: 1  
  IPIN (18,1)  Pin: 2  
  SINK (18,1)  Class: 0  


Net 27 (new_n83_)

SOURCE (19,1)  Class: 1  
  OPIN (19,1)  Pin: 4  
 CHANX (19,0)  Track: 0  
  IPIN (19,0)  Pad: 0  
  SINK (19,0)  Pad: 0  


Net 28 (new_n84_)

SOURCE (18,1)  Class: 1  
  OPIN (18,1)  Pin: 4  
 CHANX (18,0) to (19,0)  Track: 2  
  IPIN (19,1)  Pin: 0  
  SINK (19,1)  Class: 0  


Net 29 (new_n85_)

SOURCE (16,1)  Class: 1  
  OPIN (16,1)  Pin: 4  
 CHANX (15,0) to (16,0)  Track: 5  
  IPIN (16,0)  Pad: 0  
  SINK (16,0)  Pad: 0  


Net 30 (new_n86_)

SOURCE (18,2)  Class: 1  
  OPIN (18,2)  Pin: 4  
 CHANX (17,1) to (18,1)  Track: 3  
 CHANY (16,1)  Track: 7  
  IPIN (16,1)  Pin: 3  
  SINK (16,1)  Class: 0  


Net 31 (new_n87_)

SOURCE (2,3)  Class: 1  
  OPIN (2,3)  Pin: 4  
 CHANX (1,2) to (2,2)  Track: 1  
 CHANY (0,3) to (0,4)  Track: 0  
  IPIN (0,3)  Pad: 0  
  SINK (0,3)  Pad: 0  


Net 32 (new_n88_)

SOURCE (8,1)  Class: 1  
  OPIN (8,1)  Pin: 4  
 CHANX (7,0) to (8,0)  Track: 5  
  IPIN (8,0)  Pad: 0  
  SINK (8,0)  Pad: 0  
  OPIN (8,1)  Pin: 4  
 CHANX (8,0) to (9,0)  Track: 10  
 CHANX (10,0) to (11,0)  Track: 10  
  IPIN (10,1)  Pin: 0  
  SINK (10,1)  Class: 0  


Net 33 (new_n90_)

SOURCE (15,6)  Class: 1  
  OPIN (15,6)  Pin: 4  
 CHANX (15,5) to (16,5)  Track: 6  
 CHANX (17,5) to (18,5)  Track: 6  
 CHANY (18,6) to (18,7)  Track: 10  
 CHANX (19,7)  Track: 10  
 CHANY (19,6) to (19,7)  Track: 9  
  IPIN (20,7)  Pad: 0  
  SINK (20,7)  Pad: 0  


Net 34 (new_n91_)

SOURCE (14,5)  Class: 1  
  OPIN (14,5)  Pin: 4  
 CHANX (14,4) to (15,4)  Track: 10  
 CHANY (14,5) to (14,6)  Track: 8  
  IPIN (15,6)  Pin: 1  
  SINK (15,6)  Class: 0  


Net 35 (new_n92_)

SOURCE (17,2)  Class: 1  
  OPIN (17,2)  Pin: 4  
 CHANX (16,1) to (17,1)  Track: 9  
 CHANX (14,1) to (15,1)  Track: 9  
 CHANX (12,1) to (13,1)  Track: 9  
 CHANX (10,1) to (11,1)  Track: 9  
 CHANY (9,1)  Track: 9  
  IPIN (10,1)  Pin: 1  
  SINK (10,1)  Class: 0  
  OPIN (17,2)  Pin: 4  
 CHANX (16,1) to (17,1)  Track: 5  
 CHANY (15,2) to (15,3)  Track: 0  
 CHANX (14,3) to (15,3)  Track: 5  
 CHANY (14,4) to (14,5)  Track: 6  
  IPIN (14,5)  Pin: 3  
  SINK (14,5)  Class: 0  


Net 36 (new_n93_)

SOURCE (17,4)  Class: 1  
  OPIN (17,4)  Pin: 4  
 CHANX (16,3) to (17,3)  Track: 1  
 CHANY (15,4) to (15,5)  Track: 8  
 CHANX (14,4) to (15,4)  Track: 11  
  IPIN (14,5)  Pin: 0  
  SINK (14,5)  Class: 0  


Net 37 (new_n94_)

SOURCE (19,4)  Class: 1  
  OPIN (19,4)  Pin: 4  
 CHANX (18,3) to (19,3)  Track: 5  
 CHANY (17,4) to (17,5)  Track: 0  
  IPIN (17,4)  Pin: 3  
  SINK (17,4)  Class: 0  


Net 38 (new_n95_)

SOURCE (12,5)  Class: 1  
  OPIN (12,5)  Pin: 4  
 CHANX (12,4) to (13,4)  Track: 10  
 CHANY (13,5) to (13,6)  Track: 6  
  IPIN (14,5)  Pin: 1  
  SINK (14,5)  Class: 0  


Net 39 (new_n98_)

SOURCE (10,1)  Class: 1  
  OPIN (10,1)  Pin: 4  
 CHANX (9,0) to (10,0)  Track: 5  
  IPIN (10,0)  Pad: 0  
  SINK (10,0)  Pad: 0  


Net 40 (pa)

SOURCE (7,0)  Pad: 1  
  OPIN (7,0)  Pad: 1  
 CHANX (7,0) to (8,0)  Track: 0  
  IPIN (8,1)  Pin: 0  
  SINK (8,1)  Class: 0  


Net 41 (pb)

SOURCE (0,11)  Pad: 1  
  OPIN (0,11)  Pad: 1  
 CHANY (0,10) to (0,11)  Track: 11  
  IPIN (1,11)  Pin: 1  
  SINK (1,11)  Class: 0  
  OPIN (0,11)  Pad: 1  
 CHANY (0,10) to (0,11)  Track: 3  
  IPIN (0,10)  Pad: 0  
  SINK (0,10)  Pad: 0  
  OPIN (0,11)  Pad: 1  
 CHANY (0,10) to (0,11)  Track: 7  
 CHANY (0,8) to (0,9)  Track: 7  
 CHANY (0,6) to (0,7)  Track: 7  
 CHANY (0,4) to (0,5)  Track: 7  
 CHANX (1,4)  Track: 6  
  IPIN (1,4)  Pin: 2  
  SINK (1,4)  Class: 0  


Net 42 (pc)

SOURCE (18,20)  Pad: 1  
  OPIN (18,20)  Pad: 1  
 CHANX (18,19) to (19,19)  Track: 8  
 CHANY (19,19)  Track: 7  
  IPIN (20,19)  Pad: 0  
  SINK (20,19)  Pad: 0  
  OPIN (18,20)  Pad: 1  
 CHANX (17,19) to (18,19)  Track: 11  
 CHANY (16,18) to (16,19)  Track: 11  
 CHANY (16,16) to (16,17)  Track: 11  
 CHANY (16,14) to (16,15)  Track: 11  
 CHANY (16,12) to (16,13)  Track: 11  
 CHANY (16,10) to (16,11)  Track: 11  
  IPIN (17,11)  Pin: 1  
  SINK (17,11)  Class: 0  
  OPIN (18,20)  Pad: 1  
 CHANX (18,19) to (19,19)  Track: 0  
  IPIN (19,20)  Pad: 0  
  SINK (19,20)  Pad: 0  


Net 43 (pc0)

SOURCE (11,20)  Pad: 1  
  OPIN (11,20)  Pad: 1  
 CHANX (10,19) to (11,19)  Track: 5  
 CHANY (9,18) to (9,19)  Track: 5  
  IPIN (10,18)  Pin: 1  
  SINK (10,18)  Class: 0  


Net 44 (pd)

SOURCE (16,20)  Pad: 1  
  OPIN (16,20)  Pad: 1  
 CHANX (16,19) to (17,19)  Track: 0  
  IPIN (17,20)  Pad: 0  
  SINK (17,20)  Pad: 0  
  OPIN (16,20)  Pad: 1  
 CHANX (15,19) to (16,19)  Track: 11  
  IPIN (15,20)  Pad: 0  
  SINK (15,20)  Pad: 0  


Net 45 (pd0)

SOURCE (1,20)  Pad: 1  
  OPIN (1,20)  Pad: 1  
 CHANX (1,19)  Track: 9  
 CHANY (0,19)  Track: 1  
  IPIN (0,19)  Pad: 0  
  SINK (0,19)  Pad: 0  
  OPIN (1,20)  Pad: 1  
 CHANX (1,19)  Track: 5  
 CHANY (0,19)  Track: 5  
 CHANY (0,17) to (0,18)  Track: 5  
  IPIN (0,18)  Pad: 0  
  SINK (0,18)  Pad: 0  
  OPIN (1,20)  Pad: 1  
 CHANX (1,19) to (2,19)  Track: 2  
  IPIN (2,20)  Pad: 0  
  SINK (2,20)  Pad: 0  


Net 46 (pe0)

SOURCE (10,20)  Pad: 1  
  OPIN (10,20)  Pad: 1  
 CHANX (9,19) to (10,19)  Track: 3  
 CHANX (7,19) to (8,19)  Track: 3  
  IPIN (8,20)  Pad: 0  
  SINK (8,20)  Pad: 0  
  OPIN (10,20)  Pad: 1  
 CHANX (9,19) to (10,19)  Track: 11  
 CHANY (9,19)  Track: 11  
 CHANX (10,18) to (11,18)  Track: 2  
  IPIN (10,18)  Pin: 2  
  SINK (10,18)  Class: 0  
 CHANX (9,19) to (10,19)  Track: 11  
  IPIN (9,20)  Pad: 0  
  SINK (9,20)  Pad: 0  


Net 47 (pf)

SOURCE (0,9)  Pad: 1  
  OPIN (0,9)  Pad: 1  
 CHANY (0,8) to (0,9)  Track: 11  
 CHANY (0,6) to (0,7)  Track: 11  
 CHANY (0,4) to (0,5)  Track: 11  
 CHANX (1,3) to (2,3)  Track: 10  
  IPIN (1,4)  Pin: 0  
  SINK (1,4)  Class: 0  


Net 48 (pf0)

SOURCE (6,0)  Pad: 1  
  OPIN (6,0)  Pad: 1  
 CHANX (6,0) to (7,0)  Track: 2  
 CHANX (8,0) to (9,0)  Track: 2  
 CHANX (10,0) to (11,0)  Track: 2  
  IPIN (11,1)  Pin: 0  
  SINK (11,1)  Class: 0  
 CHANX (10,0) to (11,0)  Track: 2  
 CHANY (11,1) to (11,2)  Track: 2  
 CHANY (11,3) to (11,4)  Track: 2  
 CHANY (11,5) to (11,6)  Track: 2  
 CHANX (12,6) to (13,6)  Track: 6  
 CHANX (14,6) to (15,6)  Track: 6  
  IPIN (15,6)  Pin: 2  
  SINK (15,6)  Class: 0  
  OPIN (6,0)  Pad: 1  
 CHANX (5,0) to (6,0)  Track: 9  
 CHANY (4,1) to (4,2)  Track: 8  
 CHANY (4,3) to (4,4)  Track: 8  
 CHANX (3,4) to (4,4)  Track: 1  
 CHANX (1,4) to (2,4)  Track: 1  
 CHANY (0,5) to (0,6)  Track: 0  
  IPIN (0,5)  Pad: 0  
  SINK (0,5)  Pad: 0  
  OPIN (6,0)  Pad: 1  
 CHANX (5,0) to (6,0)  Track: 5  
 CHANX (3,0) to (4,0)  Track: 5  
 CHANX (1,0) to (2,0)  Track: 5  
 CHANY (0,1)  Track: 2  
 CHANY (0,2) to (0,3)  Track: 2  
  IPIN (0,2)  Pad: 0  
  SINK (0,2)  Pad: 0  
 CHANX (5,0) to (6,0)  Track: 5  
 CHANY (4,1) to (4,2)  Track: 4  
 CHANX (3,1) to (4,1)  Track: 7  
 CHANY (2,2) to (2,3)  Track: 2  
 CHANX (1,3) to (2,3)  Track: 7  
  IPIN (2,3)  Pin: 2  
  SINK (2,3)  Class: 0  
 CHANX (5,0) to (6,0)  Track: 9  
  IPIN (5,1)  Pin: 0  
  SINK (5,1)  Class: 0  
 CHANY (4,1) to (4,2)  Track: 4  
 CHANY (4,3) to (4,4)  Track: 4  
 CHANX (3,4) to (4,4)  Track: 9  
 CHANX (1,4) to (2,4)  Track: 9  
  IPIN (1,5)  Pin: 0  
  SINK (1,5)  Class: 0  


Net 49 (pg)

SOURCE (0,8)  Pad: 1  
  OPIN (0,8)  Pad: 1  
 CHANY (0,7) to (0,8)  Track: 1  
 CHANY (0,5) to (0,6)  Track: 1  
 CHANY (0,3) to (0,4)  Track: 1  
 CHANX (1,2) to (2,2)  Track: 0  
  IPIN (1,2)  Pin: 2  
  SINK (1,2)  Class: 0  


Net 50 (pg0)

SOURCE (4,0)  Pad: 1  
  OPIN (4,0)  Pad: 1  
 CHANX (4,0) to (5,0)  Track: 10  
 CHANY (5,1) to (5,2)  Track: 10  
 CHANY (5,3) to (5,4)  Track: 10  
 CHANY (5,5) to (5,6)  Track: 10  
 CHANX (6,6) to (7,6)  Track: 10  
 CHANX (8,6) to (9,6)  Track: 10  
 CHANX (10,6) to (11,6)  Track: 10  
 CHANX (12,6) to (13,6)  Track: 10  
 CHANX (14,6) to (15,6)  Track: 10  
 CHANY (15,5) to (15,6)  Track: 7  
  IPIN (15,6)  Pin: 3  
  SINK (15,6)  Class: 0  
  OPIN (4,0)  Pad: 1  
 CHANX (3,0) to (4,0)  Track: 9  
 CHANY (2,1) to (2,2)  Track: 8  
 CHANY (2,3) to (2,4)  Track: 8  
 CHANY (2,5) to (2,6)  Track: 8  
 CHANX (1,6) to (2,6)  Track: 1  
 CHANY (0,7) to (0,8)  Track: 0  
  IPIN (0,7)  Pad: 0  
  SINK (0,7)  Pad: 0  
  OPIN (4,0)  Pad: 1  
 CHANX (3,0) to (4,0)  Track: 1  
 CHANX (1,0) to (2,0)  Track: 1  
  IPIN (1,0)  Pad: 0  
  SINK (1,0)  Pad: 0  
 CHANX (3,0) to (4,0)  Track: 1  
 CHANY (2,1) to (2,2)  Track: 0  
 CHANX (1,2) to (2,2)  Track: 5  
 CHANY (1,3) to (1,4)  Track: 6  
  IPIN (2,3)  Pin: 1  
  SINK (2,3)  Class: 0  
 CHANY (5,1) to (5,2)  Track: 10  
 CHANX (6,2) to (7,2)  Track: 10  
 CHANX (8,2) to (9,2)  Track: 10  
 CHANX (10,2) to (11,2)  Track: 10  
 CHANX (12,2) to (13,2)  Track: 10  
 CHANX (14,2) to (15,2)  Track: 10  
 CHANY (14,1) to (14,2)  Track: 9  
  IPIN (15,2)  Pin: 1  
  SINK (15,2)  Class: 0  


Net 51 (ph)

SOURCE (0,1)  Pad: 1  
  OPIN (0,1)  Pad: 1  
 CHANY (0,1)  Track: 11  
  IPIN (1,1)  Pin: 1  
  SINK (1,1)  Class: 0  


Net 52 (ph0)

SOURCE (12,0)  Pad: 1  
  OPIN (12,0)  Pad: 1  
 CHANX (12,0) to (13,0)  Track: 10  
 CHANY (12,1)  Track: 10  
  IPIN (13,1)  Pin: 1  
  SINK (13,1)  Class: 0  


Net 53 (pi)

SOURCE (3,0)  Pad: 1  
  OPIN (3,0)  Pad: 1  
 CHANX (2,0) to (3,0)  Track: 3  
  IPIN (2,0)  Pad: 0  
  SINK (2,0)  Pad: 0  


Net 54 (pi0)

SOURCE (0,14)  Pad: 1  
  OPIN (0,14)  Pad: 1  
 CHANY (0,14) to (0,15)  Track: 2  
 CHANY (0,16) to (0,17)  Track: 2  
  IPIN (0,16)  Pad: 0  
  SINK (0,16)  Pad: 0  
  OPIN (0,14)  Pad: 1  
 CHANY (0,14) to (0,15)  Track: 6  
  IPIN (0,15)  Pad: 0  
  SINK (0,15)  Pad: 0  
  OPIN (0,14)  Pad: 1  
 CHANY (0,13) to (0,14)  Track: 5  
  IPIN (1,13)  Pin: 1  
  SINK (1,13)  Class: 0  


Net 55 (pj)

SOURCE (3,20)  Pad: 1  
  OPIN (3,20)  Pad: 1  
 CHANX (3,19) to (4,19)  Track: 2  
  IPIN (4,20)  Pad: 0  
  SINK (4,20)  Pad: 0  


Net 56 (pk)

SOURCE (20,1)  Pad: 1  
  OPIN (20,1)  Pad: 1  
 CHANY (19,1)  Track: 4  
 CHANY (19,2) to (19,3)  Track: 4  
 CHANY (19,4) to (19,5)  Track: 4  
 CHANY (19,6) to (19,7)  Track: 4  
 CHANY (19,8) to (19,9)  Track: 4  
  IPIN (20,8)  Pad: 0  
  SINK (20,8)  Pad: 0  
 CHANY (19,1)  Track: 4  
  IPIN (19,1)  Pin: 3  
  SINK (19,1)  Class: 0  


Net 57 (pl)

SOURCE (18,0)  Pad: 1  
  OPIN (18,0)  Pad: 1  
 CHANX (18,0) to (19,0)  Track: 10  
  IPIN (18,1)  Pin: 0  
  SINK (18,1)  Class: 0  


Net 58 (pn)

SOURCE (20,4)  Pad: 1  
  OPIN (20,4)  Pad: 1  
 CHANY (19,4) to (19,5)  Track: 0  
  IPIN (19,4)  Pin: 3  
  SINK (19,4)  Class: 0  


Net 59 (po)

SOURCE (20,5)  Pad: 1  
  OPIN (20,5)  Pad: 1  
 CHANY (19,4) to (19,5)  Track: 1  
 CHANX (19,4)  Track: 1  
  IPIN (19,4)  Pin: 2  
  SINK (19,4)  Class: 0  


Net 60 (pp)

SOURCE (11,0)  Pad: 1  
  OPIN (11,0)  Pad: 1  
 CHANX (11,0) to (12,0)  Track: 8  
 CHANY (11,1)  Track: 8  
  IPIN (12,1)  Pin: 1  
  SINK (12,1)  Class: 0  
 CHANY (11,1)  Track: 8  
 CHANY (11,2) to (11,3)  Track: 8  
 CHANY (11,4) to (11,5)  Track: 8  
  IPIN (12,5)  Pin: 1  
  SINK (12,5)  Class: 0  
 CHANX (11,0) to (12,0)  Track: 8  
 CHANX (13,0) to (14,0)  Track: 8  
 CHANY (14,1) to (14,2)  Track: 8  
 CHANX (15,2) to (16,2)  Track: 8  
  IPIN (15,3)  Pin: 0  
  SINK (15,3)  Class: 0  
  OPIN (11,0)  Pad: 1  
 CHANX (10,0) to (11,0)  Track: 3  
 CHANY (9,1) to (9,2)  Track: 2  
  IPIN (9,1)  Pin: 3  
  SINK (9,1)  Class: 0  


Net 61 (pq)

SOURCE (14,0)  Pad: 1  
  OPIN (14,0)  Pad: 1  
 CHANX (13,0) to (14,0)  Track: 1  
 CHANY (12,1) to (12,2)  Track: 0  
 CHANY (12,3) to (12,4)  Track: 0  
 CHANY (12,5) to (12,6)  Track: 0  
 CHANY (12,7) to (12,8)  Track: 0  
 CHANY (12,9) to (12,10)  Track: 0  
 CHANY (12,11) to (12,12)  Track: 0  
 CHANY (12,13) to (12,14)  Track: 0  
 CHANY (12,15) to (12,16)  Track: 0  
 CHANY (12,17) to (12,18)  Track: 0  
 CHANY (12,19)  Track: 0  
 CHANX (11,19) to (12,19)  Track: 3  
  IPIN (12,20)  Pad: 0  
  SINK (12,20)  Pad: 0  
  OPIN (14,0)  Pad: 1  
 CHANX (14,0) to (15,0)  Track: 6  
 CHANX (16,0) to (17,0)  Track: 6  
 CHANY (17,1) to (17,2)  Track: 6  
 CHANX (18,1) to (19,1)  Track: 4  
  IPIN (19,1)  Pin: 2  
  SINK (19,1)  Class: 0  
 CHANY (17,1) to (17,2)  Track: 6  
  IPIN (18,1)  Pin: 1  
  SINK (18,1)  Class: 0  
 CHANY (12,5) to (12,6)  Track: 0  
  IPIN (12,5)  Pin: 3  
  SINK (12,5)  Class: 0  
 CHANY (12,1) to (12,2)  Track: 0  
  IPIN (12,1)  Pin: 3  
  SINK (12,1)  Class: 0  
 CHANX (13,0) to (14,0)  Track: 1  
  IPIN (14,1)  Pin: 0  
  SINK (14,1)  Class: 0  
 CHANX (16,0) to (17,0)  Track: 6  
 CHANX (18,0) to (19,0)  Track: 6  
 CHANY (18,1)  Track: 6  
 CHANY (18,2) to (18,3)  Track: 6  
 CHANY (18,4) to (18,5)  Track: 6  
 CHANY (18,6) to (18,7)  Track: 6  
 CHANY (18,8) to (18,9)  Track: 6  
 CHANY (18,10) to (18,11)  Track: 6  
 CHANY (18,12) to (18,13)  Track: 6  
 CHANY (18,14) to (18,15)  Track: 6  
 CHANY (18,16) to (18,17)  Track: 6  
 CHANX (19,16)  Track: 4  
 CHANY (19,17) to (19,18)  Track: 10  
  IPIN (20,18)  Pad: 0  
  SINK (20,18)  Pad: 0  


Net 62 (pr)

SOURCE (20,6)  Pad: 1  
  OPIN (20,6)  Pad: 1  
 CHANY (19,5) to (19,6)  Track: 3  
 CHANX (18,4) to (19,4)  Track: 3  
 CHANY (17,3) to (17,4)  Track: 7  
 CHANX (16,3) to (17,3)  Track: 5  
  IPIN (17,3)  Pin: 2  
  SINK (17,3)  Class: 0  
 CHANY (19,5) to (19,6)  Track: 3  
 CHANY (19,3) to (19,4)  Track: 3  
 CHANX (18,2) to (19,2)  Track: 3  
  IPIN (18,2)  Pin: 2  
  SINK (18,2)  Class: 0  
  OPIN (20,6)  Pad: 1  
 CHANY (19,5) to (19,6)  Track: 7  
 CHANX (18,4) to (19,4)  Track: 7  
 CHANX (16,4) to (17,4)  Track: 7  
  IPIN (17,4)  Pin: 2  
  SINK (17,4)  Class: 0  
 CHANY (17,3) to (17,4)  Track: 7  
 CHANX (16,2) to (17,2)  Track: 11  
  IPIN (16,3)  Pin: 0  
  SINK (16,3)  Class: 0  
 CHANX (18,4) to (19,4)  Track: 7  
 CHANY (17,3) to (17,4)  Track: 3  
 CHANY (17,1) to (17,2)  Track: 3  
  IPIN (17,1)  Pin: 3  
  SINK (17,1)  Class: 0  
  OPIN (20,6)  Pad: 1  
 CHANY (19,6) to (19,7)  Track: 0  
 CHANX (18,7) to (19,7)  Track: 1  
 CHANY (18,8) to (18,9)  Track: 2  
 CHANX (19,8)  Track: 0  
 CHANY (19,9) to (19,10)  Track: 2  
  IPIN (19,9)  Pin: 3  
  SINK (19,9)  Class: 0  


Net 63 (ps)

SOURCE (20,3)  Pad: 1  
  OPIN (20,3)  Pad: 1  
 CHANY (19,3) to (19,4)  Track: 2  
 CHANX (19,3)  Track: 3  
 CHANX (17,3) to (18,3)  Track: 3  
 CHANX (15,3) to (16,3)  Track: 3  
  IPIN (15,3)  Pin: 2  
  SINK (15,3)  Class: 0  
  OPIN (20,3)  Pad: 1  
 CHANY (19,2) to (19,3)  Track: 1  
  IPIN (19,2)  Pin: 3  
  SINK (19,2)  Class: 0  
  OPIN (20,3)  Pad: 1  
 CHANY (19,2) to (19,3)  Track: 9  
 CHANX (18,1) to (19,1)  Track: 9  
  IPIN (18,2)  Pin: 0  
  SINK (18,2)  Class: 0  
  OPIN (20,3)  Pad: 1  
 CHANY (19,3) to (19,4)  Track: 10  
 CHANX (19,3)  Track: 11  
  IPIN (19,4)  Pin: 0  
  SINK (19,4)  Class: 0  
 CHANX (17,3) to (18,3)  Track: 3  
 CHANY (16,2) to (16,3)  Track: 7  
  IPIN (16,3)  Pin: 3  
  SINK (16,3)  Class: 0  
 CHANY (19,3) to (19,4)  Track: 2  
  IPIN (19,3)  Pin: 3  
  SINK (19,3)  Class: 0  
  OPIN (20,3)  Pad: 1  
 CHANY (19,2) to (19,3)  Track: 5  
 CHANX (19,2)  Track: 5  
 CHANX (17,2) to (18,2)  Track: 5  
 CHANX (15,2) to (16,2)  Track: 5  
  IPIN (16,2)  Pin: 2  
  SINK (16,2)  Class: 0  


Net 64 (pt)

SOURCE (20,2)  Pad: 1  
  OPIN (20,2)  Pad: 1  
 CHANY (19,2) to (19,3)  Track: 8  
 CHANX (19,2)  Track: 9  
  IPIN (19,3)  Pin: 0  
  SINK (19,3)  Class: 0  
  OPIN (20,2)  Pad: 1  
 CHANY (19,1) to (19,2)  Track: 7  
 CHANX (18,0) to (19,0)  Track: 7  
 CHANX (16,0) to (17,0)  Track: 7  
  IPIN (17,0)  Pad: 0  
  SINK (17,0)  Pad: 0  
 CHANY (19,2) to (19,3)  Track: 8  
 CHANX (18,3) to (19,3)  Track: 9  
 CHANX (16,3) to (17,3)  Track: 9  
 CHANY (15,2) to (15,3)  Track: 9  
  IPIN (16,3)  Pin: 1  
  SINK (16,3)  Class: 0  
  OPIN (20,2)  Pad: 1  
 CHANY (19,1) to (19,2)  Track: 11  
 CHANX (19,1)  Track: 11  
  IPIN (19,2)  Pin: 0  
  SINK (19,2)  Class: 0  
 CHANY (19,1) to (19,2)  Track: 7  
 CHANX (19,1)  Track: 7  
 CHANY (18,2) to (18,3)  Track: 2  
  IPIN (18,2)  Pin: 3  
  SINK (18,2)  Class: 0  
 CHANX (19,2)  Track: 9  
 CHANX (17,2) to (18,2)  Track: 9  
  IPIN (17,3)  Pin: 0  
  SINK (17,3)  Class: 0  
 CHANX (19,1)  Track: 11  
 CHANX (17,1) to (18,1)  Track: 11  
 CHANY (16,1)  Track: 11  
  IPIN (17,1)  Pin: 1  
  SINK (17,1)  Class: 0  
 CHANX (19,1)  Track: 7  
 CHANX (17,1) to (18,1)  Track: 7  
 CHANY (16,2) to (16,3)  Track: 2  
  IPIN (16,2)  Pin: 3  
  SINK (16,2)  Class: 0  


Net 65 (pu)

SOURCE (20,12)  Pad: 1  
  OPIN (20,12)  Pad: 1  
 CHANY (19,11) to (19,12)  Track: 11  
 CHANX (19,11)  Track: 11  
  IPIN (19,12)  Pin: 0  
  SINK (19,12)  Class: 0  


Net 66 (pv)

SOURCE (14,20)  Pad: 1  
  OPIN (14,20)  Pad: 1  
 CHANX (13,19) to (14,19)  Track: 11  
  IPIN (13,20)  Pad: 0  
  SINK (13,20)  Pad: 0  


Net 67 (pw)

SOURCE (20,9)  Pad: 1  
  OPIN (20,9)  Pad: 1  
 CHANY (19,8) to (19,9)  Track: 9  
 CHANX (19,8)  Track: 9  
  IPIN (19,9)  Pin: 0  
  SINK (19,9)  Class: 0  


Net 68 (px)

SOURCE (20,10)  Pad: 1  
  OPIN (20,10)  Pad: 1  
 CHANY (19,9) to (19,10)  Track: 3  
 CHANX (19,9)  Track: 3  
  IPIN (19,9)  Pin: 2  
  SINK (19,9)  Class: 0  


Net 69 (py)

SOURCE (5,20)  Pad: 1  
  OPIN (5,20)  Pad: 1  
 CHANX (5,19) to (6,19)  Track: 2  
  IPIN (6,20)  Pad: 0  
  SINK (6,20)  Pad: 0  


Net 70 (pz)

SOURCE (0,12)  Pad: 1  
  OPIN (0,12)  Pad: 1  
 CHANY (0,11) to (0,12)  Track: 5  
 CHANX (1,11)  Track: 4  
  IPIN (1,11)  Pin: 2  
  SINK (1,11)  Class: 0  
