
VPR FPGA Placement and Routing.
Version: Version 5.0.2
Compiled: Dec 11 2020.
Original VPR by V. Betz.
Timing-driven placement enhancements by A. Marquardt.
Single-drivers enhancements by Andy Ye with additions by.
Mark Fang, Jason Luu, Ted Campbell
Heterogeneous stucture support by Jason Luu and Ted Campbell.
This code is licensed only for non-commercial use.

Auto-sizing FPGA, try x = 11 y = 11
Auto-sizing FPGA, try x = 22 y = 22
Auto-sizing FPGA, try x = 11 y = 11
Auto-sizing FPGA, try x = 16 y = 16
Auto-sizing FPGA, try x = 19 y = 19
Auto-sizing FPGA, try x = 17 y = 17
Auto-sizing FPGA, try x = 18 y = 18
Auto-sizing FPGA, try x = 18 y = 18
FPGA auto-sized to, x = 19 y = 19

Resource Usage:
Netlist      0	blocks of type <EMPTY>
Architecture 4	blocks of type <EMPTY>
Netlist      74	blocks of type .io
Architecture 76	blocks of type .io
Netlist      40	blocks of type .clb
Architecture 361	blocks of type .clb

Timing analysis: ON

Operation:  PLACE_AND_ROUTE

PlacerOpts.place_freq:  PLACE_ONCE
PlacerOpts.place_algorithm:  PATH_TIMING_DRIVEN_PLACE
PlacerOpts.place_cost_type:  LINEAR_CONG
PlacerOpts.pad_loc_type:  FREE
PlacerOpts.place_cost_exp:  1.000000
PlacerOpts.place_chan_width:  100
PlacerOpts.inner_loop_recompute_divider:  0
PlacerOpts.recompute_crit_iter:  1
PlacerOpts.timing_tradeoff:  0.500000
PlacerOpts.td_place_exp_first:  1.000000
PlacerOpts.td_place_exp_last:  8.000000
PlaceOpts.seed:  1
AnnealSched.type:  AUTO_SCHED
AnnealSched.inner_num:  1.000000

RouterOpts.route_type:  DETAILED
RouterOpts.router_algorithm:  TIMING_DRIVEN
RouterOpts.base_cost_type:  DELAY_NORMALIZED
RouterOpts.fixed_channel_width:  NO_FIXED_CHANNEL_WIDTH
RouterOpts.acc_fac:  1.000000
RouterOpts.bb_factor:  0
RouterOpts.bend_cost:  0.000000
RouterOpts.first_iter_pres_fac:  10000.000000
RouterOpts.initial_pres_fac:  10000.000000
RouterOpts.pres_fac_mult:  1.300000
RouterOpts.max_router_iterations:  10
RouterOpts.astar_fac:  1.200000
RouterOpts.criticality_exp:  1.000000
RouterOpts.max_criticality:  0.990000

RoutingArch.directionality:  UNI_DIRECTIONAL
RoutingArch.switch_block_type:  WILTON
RoutingArch.Fs:  3

The circuit will be mapped into a 19 x 19 array of clbs.

Netlist num_nets:  71
Netlist num_blocks:  114
Netlist inputs pins:  31
Netlist output pins:  43

Computing delta_io_to_io lookup matrix, may take a few seconds, please wait...
Computing delta_io_to_fb lookup matrix, may take a few seconds, please wait...
Computing delta_fb_to_io lookup matrix, may take a few seconds, please wait...
Computing delta_fb_to_fb lookup matrix, may take a few seconds, please wait...

There are 134 point to point connections in this circuit

Initial Placement Cost: 0.98665 bb_cost: 14.7557 td_cost: 7.52864e-08 delay_cost: 1.47177e-07

          T        Cost Av. BB Cost  Av. TD Cost   Av Tot Del  P to P Del        d_max   Ac Rate  Std Dev  R limit      Exp  Tot. Moves    Alpha
   --------  ---------- -----------  -----------    ---------  ----------        -----   -------  -------  -------  -------  ----------    -----
    0.38265     1.02421     15.5128  8.71196e-08  1.47474e-07 1.09834e-09   6.644e-09    0.9855   0.0313       19        1         552      0.5
    0.19132    0.943809     14.8885  8.26954e-08  1.43876e-07 1.11009e-09   6.954e-09    0.9855   0.0248       19        1        1104      0.5
   0.095661    0.994093     14.7064  7.57243e-08  1.42168e-07 1.09035e-09   7.264e-09     0.971   0.0277       19        1        1656      0.5
   0.047831     1.01174     15.0083  8.11888e-08  1.44309e-07 1.04371e-09   6.859e-09    0.9475   0.0271       19        1        2208      0.9
   0.043048    0.956932     14.8541  8.18661e-08  1.41314e-07 1.09566e-09   7.064e-09    0.9438   0.0274       19        1        2760      0.9
   0.038743    0.926992     14.9225  7.82215e-08  1.43076e-07  1.1171e-09    7.67e-09    0.9312   0.0216       19        1        3312      0.9
   0.034869     0.98758     14.7655  7.85492e-08  1.43378e-07 1.04542e-09   7.273e-09    0.9221   0.0281       19        1        3864      0.9
   0.031382    0.948759      15.036   8.0482e-08  1.42986e-07 1.10329e-09   7.264e-09    0.8931   0.0404       19        1        4416      0.9
   0.028244     1.00774     14.4185  7.22451e-08  1.39065e-07 9.85921e-10   7.161e-09    0.8986   0.0297       19        1        4968      0.9
   0.025419    0.964757       14.18    6.998e-08  1.39666e-07 1.06534e-09    7.79e-09    0.8804   0.0286       19        1        5520      0.9
   0.022877    0.944332     14.1128  7.09844e-08  1.38523e-07 1.03692e-09   7.574e-09    0.8623   0.0316       19        1        6072      0.9
    0.02059    0.965703     14.0708  8.10689e-08  1.40334e-07 1.05372e-09   6.951e-09    0.8931   0.0195       19        1        6624      0.9
   0.018531    0.974001      14.031  7.05225e-08  1.38158e-07 1.03135e-09   7.368e-09    0.8605   0.0274       19        1        7176      0.9
   0.016678     1.03477     14.5658  7.37197e-08  1.43796e-07 1.02906e-09   7.185e-09    0.8279   0.0237       19        1        7728      0.9
    0.01501     1.00342     14.0296  6.97792e-08  1.38009e-07   1.026e-09   7.376e-09     0.817   0.0393       19        1        8280      0.9
   0.013509    0.948237     13.4846  6.90649e-08  1.35605e-07 1.02911e-09   7.262e-09    0.8207   0.0302       19        1        8832      0.9
   0.012158    0.942022     13.5318  7.26242e-08    1.355e-07  1.0432e-09   7.273e-09     0.808   0.0304       19        1        9384      0.9
   0.010942    0.917134     13.5622   6.5332e-08  1.36593e-07 1.04934e-09   8.298e-09     0.779   0.0267       19        1        9936     0.95
   0.010395    0.938105     13.4732  6.63129e-08  1.31455e-07 1.02393e-09   7.358e-09    0.7428   0.0309       19        1       10488     0.95
  0.0098753    0.943561     13.0327  6.60326e-08   1.3165e-07 9.91961e-10    7.16e-09    0.7156    0.029       19        1       11040     0.95
  0.0093815     1.00446     12.7674  7.26588e-08  1.28418e-07 9.49655e-10   6.127e-09    0.6576   0.0251       19        1       11592     0.95
  0.0089124    0.969933      13.317  7.80768e-08  1.33654e-07 9.89595e-10   6.632e-09    0.6957   0.0386       19        1       12144     0.95
  0.0084668     1.01114     12.8198  5.87374e-08   1.2716e-07 9.47459e-10   7.048e-09    0.6667   0.0223       19        1       12696     0.95
  0.0080435    0.996257     12.2863  6.37752e-08   1.2097e-07 9.05058e-10   6.334e-09    0.6105    0.025       19        1       13248     0.95
  0.0076413     1.00801     12.9211  6.87006e-08  1.30456e-07 9.20146e-10   6.239e-09    0.6395   0.0207       19        1       13800     0.95
  0.0072592    0.922112       12.55  6.51941e-08  1.25669e-07  9.7448e-10   6.934e-09    0.6105   0.0271       19        1       14352     0.95
  0.0068963     1.01616     12.7548  7.32944e-08  1.27011e-07 9.43243e-10   5.817e-09     0.625   0.0219       19        1       14904     0.95
  0.0065515    0.952073     13.1874  7.31399e-08  1.26714e-07 9.73589e-10   6.239e-09    0.6268   0.0202       19        1       15456     0.95
  0.0062239    0.946548     12.2458  7.53386e-08  1.25582e-07  9.7212e-10   5.926e-09    0.5906   0.0305       19        1       16008     0.95
  0.0059127    0.971327      11.888  6.67739e-08  1.20012e-07 9.24735e-10   6.022e-09    0.4982   0.0214       19        1       16560     0.95
  0.0056171     1.01556     11.8305  6.50268e-08  1.21028e-07 8.59336e-10   6.118e-09    0.5072   0.0235       19        1       17112     0.95
  0.0053362     1.01036     11.8086   7.7946e-08  1.21616e-07 9.02157e-10    4.99e-09    0.4855    0.018       19        1       17664     0.95
  0.0050694    0.976396     11.4778  6.11431e-08  1.16127e-07 8.58929e-10   6.032e-09    0.5109   0.0269       19        1       18216     0.95
  0.0048159    0.965059     11.4841  6.34012e-08  1.14343e-07 8.46633e-10   5.825e-09     0.471   0.0241       19        1       18768     0.95
  0.0045751    0.998152     11.6639  6.80715e-08  1.18587e-07 8.66613e-10   5.513e-09    0.4855    0.014       19        1       19320     0.95
  0.0043464    0.931342     11.2191  6.74139e-08  1.12846e-07 8.83456e-10   5.507e-09     0.413   0.0317       19        1       19872     0.95
  0.0041291    0.941839     10.5239  5.18762e-08  1.07873e-07 8.39323e-10   6.135e-09     0.471   0.0265    18.49    1.199       20424     0.95
  0.0039226    0.992322     10.8521  6.39426e-08  1.10601e-07 8.21331e-10   5.299e-09     0.375   0.0172       19        1       20976     0.95
  0.0037265    0.970452     10.7394  5.07574e-08  1.11702e-07 8.25907e-10   5.714e-09    0.4746    0.026    17.76     1.48       21528     0.95
  0.0035401    0.949846     9.96727  4.97017e-08   1.0481e-07 8.36647e-10   5.618e-09    0.4094   0.0283    18.38    1.241       22080     0.95
  0.0033631    0.952762     8.94848  4.52465e-08  9.79962e-08 7.37516e-10   5.101e-09    0.3696   0.0217    17.82     1.46       22632     0.95
   0.003195    0.982563      8.6792  4.27291e-08  9.45531e-08 7.13866e-10   4.576e-09    0.3098   0.0161    16.56    1.948       23184     0.95
  0.0030352    0.987984      8.6532  3.21494e-08  9.28194e-08   6.843e-10   4.585e-09    0.3388   0.0247    14.41    2.786       23736     0.95
  0.0028835    0.982115     8.35321  3.14467e-08  9.26899e-08 6.93201e-10   4.161e-09     0.375  0.00991    12.95    3.354       24288     0.95
  0.0027393    0.992629     8.22677  2.30236e-08   9.0492e-08 6.82051e-10   4.575e-09    0.3351   0.0167    12.11    3.681       24840     0.95
  0.0026023    0.990277      8.3019  2.82445e-08  9.31816e-08 6.96208e-10   4.142e-09    0.3696  0.00895    10.84    4.175       25392     0.95
  0.0024722    0.956823     8.40036  2.63154e-08  9.38093e-08 7.19526e-10   3.965e-09    0.3587   0.0258    10.07    4.471       25944     0.95
  0.0023486    0.995125     8.18876   2.2328e-08  9.25509e-08 6.75284e-10   3.953e-09    0.3587   0.0176    9.255     4.79       26496     0.95
  0.0022312     0.98984     8.21705  2.08695e-08   9.1569e-08 6.74905e-10   3.964e-09    0.3696   0.0158    8.502    5.082       27048     0.95
  0.0021196    0.978938     7.93429  1.44013e-08  8.92222e-08 6.78009e-10   4.368e-09    0.4257   0.0163    7.903    5.315       27600     0.95
  0.0020136    0.952283     7.54011   2.0265e-08  8.59843e-08 6.55581e-10   4.163e-09    0.3986   0.0293    7.791    5.359       28152     0.95
   0.001913    0.964254     7.19098  1.66975e-08  8.15411e-08 6.24843e-10   4.068e-09    0.3641   0.0182    7.468    5.485       28704     0.95
  0.0018173    0.962874     6.79648  2.09431e-08  7.97936e-08 6.09928e-10   3.853e-09     0.346   0.0119    6.901    5.705       29256     0.95
  0.0017264     0.98164     6.71706  1.66567e-08  8.01658e-08 6.04187e-10   4.059e-09    0.3732   0.0145    6.252    5.957       29808     0.95
  0.0016401    0.944438     6.42024   1.9861e-08  7.73154e-08 5.90587e-10   3.741e-09    0.3967   0.0273    5.835     6.12       30360     0.95
  0.0015581     0.97366     6.07636  1.30297e-08  7.58902e-08 5.74186e-10   3.956e-09    0.3551   0.0149    5.582    6.218       30912     0.95
  0.0014802    0.962363     5.82103  1.38544e-08  7.36557e-08  5.7076e-10   3.851e-09    0.3025   0.0181    5.108    6.402       31464     0.95
  0.0014062    0.965359     5.65842  1.16815e-08   7.1682e-08 5.49417e-10   3.955e-09    0.3333   0.0124    4.406    6.675       32016     0.95
  0.0013359    0.985382     5.57871  1.32221e-08  7.04151e-08 5.23282e-10   3.646e-09    0.4058  0.00633    3.936    6.858       32568     0.95
  0.0012691    0.979375     5.38843  1.16153e-08  6.86689e-08 5.19737e-10   3.749e-09    0.3623  0.00966    3.801    6.911       33120     0.95
  0.0012056    0.989817     5.27889   1.1969e-08  6.97812e-08 5.13516e-10   3.749e-09    0.3786  0.00494    3.506    7.025       33672     0.95
  0.0011454    0.991989     5.36791  1.17123e-08  6.89783e-08 5.16642e-10   3.646e-09    0.3714  0.00697    3.291    7.109       34224     0.95
  0.0010881    0.974607     5.32773  1.08164e-08  6.95812e-08 5.24807e-10   3.749e-09    0.3587   0.0103    3.065    7.197       34776     0.95
  0.0010337    0.989943     5.39062  8.56586e-09  6.93536e-08 5.16267e-10   3.853e-09    0.4058   0.0104    2.816    7.294       35328     0.95
   0.000982    0.972985     5.21877  7.96418e-09  6.79008e-08 5.11506e-10   3.749e-09    0.4221   0.0103     2.72    7.331       35880     0.95
  0.0009329     0.97129     4.99503  9.69964e-09  6.71102e-08 5.04606e-10   3.646e-09    0.3551   0.0117    2.671     7.35       36432     0.95
 0.00088625    0.989462     4.99243  8.83827e-09   6.6265e-08 4.97054e-10   3.646e-09    0.3514  0.00601    2.444    7.438       36984     0.95
 0.00084194     0.98839     4.87024   8.2205e-09  6.50642e-08  4.8821e-10   3.646e-09    0.3297  0.00405    2.228    7.523       37536     0.95
 0.00079984    0.988961     4.81389  7.05846e-09  6.47719e-08 4.82782e-10   3.749e-09    0.3986  0.00362    1.982    7.618       38088     0.95
 0.00075985    0.984971     4.74798  6.59891e-09  6.40661e-08 4.74083e-10   3.749e-09    0.4167  0.00512      1.9     7.65       38640     0.95
 0.00072186    0.992059     4.75479  7.90616e-09  6.41985e-08 4.77425e-10   3.646e-09    0.3714  0.00255    1.855    7.667       39192     0.95
 0.00068577    0.993075     4.74947  7.10037e-09  6.43675e-08  4.7605e-10   3.646e-09    0.3623  0.00336    1.728    7.717       39744     0.95
 0.00065148    0.995127     4.72063  7.01435e-09   6.4478e-08 4.91054e-10   3.646e-09    0.3406  0.00318    1.594    7.769       40296     0.95
  0.0006189     1.00662     4.72766  7.09292e-09  6.46479e-08  4.7885e-10   3.646e-09    0.3732   0.0027    1.435    7.831       40848     0.95
 0.00058796    0.996702     4.75735  7.29488e-09  6.49783e-08 4.80371e-10   3.646e-09    0.2989  0.00156     1.34    7.868       41400     0.95
 0.00055856     1.00054     4.80405  7.11572e-09  6.56269e-08 4.86984e-10   3.646e-09    0.3098  0.00336    1.151    7.941       41952     0.95
 0.00053063    0.999652     4.79885  6.95996e-09  6.47287e-08  4.8489e-10   3.646e-09     0.288  0.00102    1.001        8       42504     0.95
  0.0005041    0.995068     4.75429  7.05265e-09  6.58568e-08 4.88982e-10   3.646e-09    0.2971  0.00364        1        8       43056     0.95
  0.0004789     0.99745     4.73549  7.16958e-09  6.51802e-08 4.87764e-10   3.646e-09    0.2645  0.00194        1        8       43608     0.95
 0.00045495    0.996628     4.77148  7.04878e-09  6.49493e-08 4.86698e-10   3.646e-09    0.2246  0.00164        1        8       44160     0.95
  0.0004322    0.999936     4.77215  6.88508e-09  6.49703e-08 4.85957e-10   3.646e-09    0.2645  0.00133        1        8       44712     0.95
 0.00041059    0.994442     4.73959  7.35285e-09  6.52557e-08 4.81173e-10   3.646e-09    0.2699  0.00276        1        8       45264     0.95
 0.00039006    0.992977     4.69937  7.42202e-09  6.49701e-08 4.94426e-10   3.646e-09    0.2989  0.00205        1        8       45816     0.95
 0.00037056    0.993899     4.68744  7.36192e-09  6.47421e-08 4.84101e-10   3.646e-09     0.308  0.00213        1        8       46368     0.95
 0.00035203    0.997096     4.71015  7.00433e-09  6.46532e-08 4.78629e-10   3.646e-09    0.2645  0.00169        1        8       46920     0.95
 0.00033443    0.997079     4.69661  6.93529e-09  6.46256e-08 4.83021e-10   3.646e-09    0.2754  0.00159        1        8       47472     0.95
 0.00031771    0.998661     4.70597  7.02485e-09  6.46214e-08 4.86398e-10   3.646e-09    0.2536 0.000942        1        8       48024     0.95
 0.00030182     0.99712      4.7004  6.88366e-09    6.476e-08 4.77884e-10   3.646e-09    0.2337  0.00126        1        8       48576     0.95
 0.00028673    0.999153     4.70139  6.97762e-09  6.52099e-08 4.82619e-10   3.646e-09    0.2681  0.00114        1        8       49128     0.95
  0.0002724    0.997413     4.69132  6.96661e-09  6.50267e-08 4.81795e-10   3.646e-09    0.2391  0.00102        1        8       49680     0.95
 0.00025878    0.999555     4.69853  7.06056e-09  6.45459e-08 4.83453e-10   3.646e-09    0.2645   0.0009        1        8       50232     0.95
 0.00024584    0.995341     4.70618  6.90589e-09  6.49769e-08 4.83259e-10   3.646e-09    0.2174  0.00236        1        8       50784     0.95
 0.00023355    0.996849     4.69616   7.1837e-09  6.46047e-08 4.80366e-10   3.646e-09    0.2101 0.000875        1        8       51336     0.95
 0.00022187    0.996237     4.69637  7.18303e-09  6.49674e-08 4.87562e-10   3.646e-09    0.2301 0.000865        1        8       51888     0.95
 0.00021078    0.996433     4.69753  7.01468e-09  6.49783e-08 4.87729e-10   3.646e-09    0.2482  0.00126        1        8       52440     0.95
 0.00020024    0.998062      4.7094  7.04631e-09   6.4321e-08 4.78832e-10   3.646e-09    0.2228 0.000891        1        8       52992     0.95
 0.00019022    0.993994     4.69038  7.10248e-09  6.49411e-08 4.84246e-10   3.646e-09    0.2192  0.00146        1        8       53544     0.95
 0.00018071    0.996289     4.69498  7.13063e-09  6.46504e-08 4.86957e-10   3.646e-09    0.2101  0.00101        1        8       54096     0.95
 0.00017168      0.9961      4.6889  7.06092e-09   6.4537e-08 4.82549e-10   3.646e-09    0.2083  0.00156        1        8       54648     0.95
 0.00016309    0.996955     4.68924  7.07724e-09  6.47666e-08 4.83871e-10   3.646e-09    0.2428 0.000834        1        8       55200     0.95
 0.00015494    0.996816     4.68961  6.94593e-09  6.47846e-08 4.84793e-10   3.646e-09    0.2011  0.00113        1        8       55752     0.95
 0.00014719     0.99725     4.69828  7.09579e-09  6.47107e-08 4.84837e-10   3.646e-09    0.2083 0.000632        1        8       56304     0.95
 0.00013983    0.997279     4.68822  6.95619e-09  6.48752e-08 4.83143e-10   3.646e-09    0.1902 0.000223        1        8       56856     0.95
 0.00013284    0.997669     4.69793    7.038e-09  6.47015e-08 4.83924e-10   3.646e-09    0.1866   0.0006        1        8       57408     0.95
  0.0001262    0.997652      4.6852  6.96564e-09  6.49027e-08 4.84854e-10   3.646e-09    0.1866 0.000769        1        8       57960     0.95
 0.00011989    0.996758     4.69972  7.17369e-09  6.46312e-08 4.83646e-10   3.646e-09    0.1504  0.00104        1        8       58512     0.95
 0.00011389    0.995049     4.68142  7.02521e-09  6.50055e-08 4.83302e-10   3.646e-09    0.1975  0.00116        1        8       59064     0.95
  0.0001082    0.997233     4.68092  7.22962e-09  6.51319e-08 4.83161e-10   3.646e-09     0.212  0.00128        1        8       59616     0.95
 0.00010279    0.997039     4.69272  7.07262e-09   6.4703e-08 4.83686e-10   3.646e-09    0.1793  0.00111        1        8       60168     0.95
  9.765e-05    0.996697     4.69848  7.03245e-09  6.45113e-08  4.8332e-10   3.646e-09    0.2101  0.00112        1        8       60720     0.95
 9.2768e-05    0.996791     4.68823   6.8969e-09  6.45632e-08 4.80997e-10   3.646e-09    0.1685  0.00061        1        8       61272     0.95
 8.8129e-05    0.998563     4.69429  6.99295e-09  6.41806e-08 4.81689e-10   3.646e-09    0.1775 0.000615        1        8       61824     0.95
 8.3723e-05    0.997354     4.68466  6.88988e-09  6.45437e-08 4.77342e-10   3.646e-09     0.183  0.00108        1        8       62376     0.95
 7.9537e-05     0.99665      4.6953  7.00181e-09  6.42237e-08  4.8097e-10   3.646e-09    0.1902 0.000947        1        8       62928     0.95
  7.556e-05    0.995325     4.68813  6.99567e-09  6.43597e-08 4.83047e-10   3.646e-09    0.2047  0.00163        1        8       63480     0.95
 7.1782e-05    0.998226      4.6865  7.00395e-09  6.46073e-08 4.80366e-10   3.646e-09    0.1902 0.000503        1        8       64032     0.95
          0    0.995148     4.68957  7.02808e-09  6.40586e-08 4.80155e-10   3.646e-09   0.06522   0.0012        1        8       64584  

BB estimate of min-dist (placement) wirelength is ;469
bb_cost recomputed from scratch is 4.68735.
timing_cost recomputed from scratch is 7.01391e-09. 
delay_cost recomputed from scratch is 6.40849e-08. 

Completed placement consistency check successfully.

Placement Estimated Crit Path Delay: 3.64578e-09

Placement. Cost: 0.993909  bb_cost: 4.68735  td_cost: 7.01391e-09  delay_cost: 6.40849e-08.
low, high, current -1 -1 6
Confirming Router Algorithm: TIMING_DRIVEN.
Empty heap occurred in get_heap_head.
Some blocks are impossible to connect in this architecture.
Routing failed.
low, high, current 6 -1 12
Confirming Router Algorithm: TIMING_DRIVEN.
Successfully routed after 1 routing iterations.
Completed net delay value cross check successfully.
low, high, current 6 12 10
Warning (check_all_tracks_reach_pins):  track 8 does not 
	connect to any FB IPINs.
Warning (check_all_tracks_reach_pins):  track 9 does not 
	connect to any FB IPINs.
Warning (check_all_tracks_reach_pins):  track 8 does not 
	connect to any FB IPINs.
Warning (check_all_tracks_reach_pins):  track 9 does not 
	connect to any FB IPINs.
Confirming Router Algorithm: TIMING_DRIVEN.
Empty heap occurred in get_heap_head.
Some blocks are impossible to connect in this architecture.
Routing failed.

Checking to ensure routing is legal ...
Completed routing consistency check successfully.

Serial number (magic cookie) for the routing is: -3109959
Best routing used a channel width factor of 12.


Average number of bends per net: 1.64789  Maximum # of bends: 11


The number of routed nets (nonglobal): 71
Wirelength results (all in units of 1 clb segments):
	Total wirelength: 644   Average net length: 9.07042
	Maximum net length: 62

Wirelength results in terms of physical segments:
	Total wiring segments used: 345   Av. wire segments per net: 4.85915
	Maximum segments used by a net: 32


X - Directed channels:

j	max occ	av_occ		capacity
0	6	4.31579  	12
1	7	2.26316  	12
2	7	2.36842  	12
3	5	1.42105  	12
4	4	1.21053  	12
5	1	0.473684 	12
6	2	0.842105 	12
7	2	0.263158 	12
8	3	0.157895 	12
9	2	0.105263 	12
10	2	1.00000  	12
11	3	0.210526 	12
12	1	0.0526316	12
13	1	0.157895 	12
14	0	0.00000  	12
15	0	0.00000  	12
16	1	0.0526316	12
17	3	1.05263  	12
18	1	0.105263 	12
19	3	1.57895  	12

Y - Directed channels:

i	max occ	av_occ		capacity
0	7	3.26316  	12
1	1	0.105263 	12
2	4	0.631579 	12
3	1	0.736842 	12
4	2	0.421053 	12
5	1	0.315789 	12
6	0	0.00000  	12
7	0	0.00000  	12
8	0	0.00000  	12
9	2	0.315789 	12
10	1	0.526316 	12
11	2	0.578947 	12
12	2	1.15789  	12
13	1	0.210526 	12
14	3	0.473684 	12
15	3	0.631579 	12
16	2	0.842105 	12
17	4	0.736842 	12
18	2	1.31579  	12
19	8	4.00000  	12

Total Tracks in X-direction: 240  in Y-direction: 240

Logic Area (in minimum width transistor areas):
Total Logic Area: 1.083e+07  Per 1x1 logic tile: 30000

Routing area (in minimum width transistor areas):
Total Routing Area: 563144.  Per logic tile: 1559.96

Segment usage by type (index):
Segment type       Fractional utilization
------------       ----------------------
       0                  0.0719

Segment usage by length:
Segment length       Fractional utilization
--------------       ----------------------
        2                   0.0719

Critical Path: 3.96799e-09 (s)

Time elapsed (PLACE&ROUTE): 120.734000 ms


Time elapsed (Fernando): 120.738000 ms

