Array size: 29 x 29 logic blocks.

Routing:

Net 0 (new_n100_)

SOURCE (14,19)  Class: 1  
  OPIN (14,19)  Pin: 4  
 CHANX (14,18) to (15,18)  Track: 10  
 CHANX (16,18) to (17,18)  Track: 10  
 CHANX (18,18) to (19,18)  Track: 10  
 CHANX (20,18) to (21,18)  Track: 10  
  IPIN (20,19)  Pin: 0  
  SINK (20,19)  Class: 0  
  OPIN (14,19)  Pin: 4  
 CHANX (13,18) to (14,18)  Track: 5  
 CHANX (11,18) to (12,18)  Track: 5  
  IPIN (12,18)  Pin: 2  
  SINK (12,18)  Class: 0  


Net 1 (new_n101_)

SOURCE (12,19)  Class: 1  
  OPIN (12,19)  Pin: 4  
 CHANX (12,18) to (13,18)  Track: 10  
 CHANY (13,19) to (13,20)  Track: 6  
  IPIN (14,19)  Pin: 1  
  SINK (14,19)  Class: 0  


Net 2 (new_n102_)

SOURCE (11,18)  Class: 1  
  OPIN (11,18)  Pin: 4  
 CHANX (11,17) to (12,17)  Track: 10  
 CHANY (11,18) to (11,19)  Track: 8  
  IPIN (12,19)  Pin: 1  
  SINK (12,19)  Class: 0  


Net 3 (new_n103_)

SOURCE (12,17)  Class: 1  
  OPIN (12,17)  Pin: 4  
 CHANX (12,16) to (13,16)  Track: 10  
 CHANY (12,17) to (12,18)  Track: 8  
  IPIN (13,18)  Pin: 1  
  SINK (13,18)  Class: 0  
  OPIN (12,17)  Pin: 4  
 CHANX (11,16) to (12,16)  Track: 5  
 CHANY (11,17) to (11,18)  Track: 6  
  IPIN (11,18)  Pin: 3  
  SINK (11,18)  Class: 0  
  OPIN (12,17)  Pin: 4  
 CHANX (12,16) to (13,16)  Track: 2  
 CHANY (13,15) to (13,16)  Track: 11  
  IPIN (14,16)  Pin: 1  
  SINK (14,16)  Class: 0  
 CHANX (11,16) to (12,16)  Track: 5  
 CHANX (9,16) to (10,16)  Track: 5  
 CHANY (8,15) to (8,16)  Track: 1  
 CHANY (8,13) to (8,14)  Track: 1  
 CHANY (8,11) to (8,12)  Track: 1  
 CHANX (7,11) to (8,11)  Track: 3  
  IPIN (8,12)  Pin: 0  
  SINK (8,12)  Class: 0  
 CHANY (8,13) to (8,14)  Track: 1  
 CHANX (7,13) to (8,13)  Track: 3  
 CHANX (5,13) to (6,13)  Track: 3  
 CHANX (3,13) to (4,13)  Track: 3  
 CHANX (1,13) to (2,13)  Track: 3  
 CHANY (1,14) to (1,15)  Track: 0  
  IPIN (1,14)  Pin: 3  
  SINK (1,14)  Class: 0  


Net 4 (new_n105_)

SOURCE (13,18)  Class: 1  
  OPIN (13,18)  Pin: 4  
 CHANX (12,17) to (13,17)  Track: 5  
 CHANY (12,18) to (12,19)  Track: 6  
  IPIN (12,19)  Pin: 3  
  SINK (12,19)  Class: 0  


Net 5 (new_n106_)

SOURCE (15,20)  Class: 1  
  OPIN (15,20)  Pin: 4  
 CHANX (14,19) to (15,19)  Track: 1  
  IPIN (14,19)  Pin: 2  
  SINK (14,19)  Class: 0  


Net 6 (new_n107_)

SOURCE (16,21)  Class: 1  
  OPIN (16,21)  Pin: 4  
 CHANX (15,20) to (16,20)  Track: 1  
  IPIN (15,20)  Pin: 2  
  SINK (15,20)  Class: 0  
  OPIN (16,21)  Pin: 4  
 CHANX (16,20) to (17,20)  Track: 2  
 CHANY (17,19) to (17,20)  Track: 11  
  IPIN (18,20)  Pin: 1  
  SINK (18,20)  Class: 0  
 CHANX (15,20) to (16,20)  Track: 1  
 CHANY (15,19) to (15,20)  Track: 3  
 CHANX (14,18) to (15,18)  Track: 3  
  IPIN (14,18)  Pin: 2  
  SINK (14,18)  Class: 0  


Net 7 (new_n108_)

SOURCE (17,26)  Class: 1  
  OPIN (17,26)  Pin: 4  
 CHANX (16,25) to (17,25)  Track: 9  
 CHANX (14,25) to (15,25)  Track: 9  
 CHANX (12,25) to (13,25)  Track: 9  
 CHANY (11,24) to (11,25)  Track: 9  
 CHANY (11,22) to (11,23)  Track: 9  
 CHANY (11,20) to (11,21)  Track: 9  
 CHANX (10,19) to (11,19)  Track: 5  
  IPIN (11,19)  Pin: 2  
  SINK (11,19)  Class: 0  
 CHANX (16,25) to (17,25)  Track: 9  
 CHANY (16,24) to (16,25)  Track: 11  
 CHANY (16,22) to (16,23)  Track: 11  
 CHANX (15,21) to (16,21)  Track: 7  
  IPIN (16,21)  Pin: 2  
  SINK (16,21)  Class: 0  
  OPIN (17,26)  Pin: 4  
 CHANX (17,25) to (18,25)  Track: 10  
 CHANX (19,25) to (20,25)  Track: 10  
 CHANX (21,25) to (22,25)  Track: 10  
 CHANX (23,25) to (24,25)  Track: 10  
 CHANX (25,25) to (26,25)  Track: 10  
 CHANY (26,24) to (26,25)  Track: 7  
 CHANY (26,22) to (26,23)  Track: 7  
 CHANY (26,20) to (26,21)  Track: 7  
 CHANY (26,18) to (26,19)  Track: 7  
 CHANX (27,18) to (28,18)  Track: 4  
 CHANY (28,17) to (28,18)  Track: 1  
 CHANX (29,17)  Track: 2  
 CHANY (29,16) to (29,17)  Track: 5  
  IPIN (30,16)  Pad: 0  
  SINK (30,16)  Pad: 0  
 CHANY (26,18) to (26,19)  Track: 7  
 CHANY (26,16) to (26,17)  Track: 7  
 CHANX (27,15) to (28,15)  Track: 10  
 CHANX (29,15)  Track: 10  
 CHANY (29,14) to (29,15)  Track: 9  
  IPIN (30,15)  Pad: 0  
  SINK (30,15)  Pad: 0  
 CHANX (25,25) to (26,25)  Track: 10  
 CHANX (27,25) to (28,25)  Track: 10  
 CHANX (29,25)  Track: 10  
 CHANY (29,24) to (29,25)  Track: 9  
  IPIN (30,25)  Pad: 0  
  SINK (30,25)  Pad: 0  


Net 8 (new_n110_)

SOURCE (16,16)  Class: 1  
  OPIN (16,16)  Pin: 4  
 CHANX (15,15) to (16,15)  Track: 11  
 CHANY (15,16) to (15,17)  Track: 8  
 CHANX (14,17) to (15,17)  Track: 1  
  IPIN (15,18)  Pin: 0  
  SINK (15,18)  Class: 0  
  OPIN (16,16)  Pin: 4  
 CHANX (16,15) to (17,15)  Track: 8  
 CHANX (18,15) to (19,15)  Track: 8  
 CHANX (20,15) to (21,15)  Track: 8  
 CHANX (22,15) to (23,15)  Track: 8  
 CHANX (24,15) to (25,15)  Track: 8  
 CHANX (26,15) to (27,15)  Track: 8  
 CHANX (28,15) to (29,15)  Track: 8  
 CHANY (29,16) to (29,17)  Track: 4  
 CHANY (29,18) to (29,19)  Track: 4  
  IPIN (30,18)  Pad: 0  
  SINK (30,18)  Pad: 0  


Net 9 (new_n111_)

SOURCE (13,20)  Class: 1  
  OPIN (13,20)  Pin: 4  
 CHANX (13,19) to (14,19)  Track: 10  
 CHANX (15,19) to (16,19)  Track: 10  
  IPIN (15,20)  Pin: 0  
  SINK (15,20)  Class: 0  


Net 10 (new_n112_)

SOURCE (12,21)  Class: 1  
  OPIN (12,21)  Pin: 4  
 CHANX (11,20) to (12,20)  Track: 5  
 CHANX (9,20) to (10,20)  Track: 5  
  IPIN (10,20)  Pin: 2  
  SINK (10,20)  Class: 0  
  OPIN (12,21)  Pin: 4  
 CHANX (12,20) to (13,20)  Track: 2  
 CHANY (13,19) to (13,20)  Track: 11  
  IPIN (14,20)  Pin: 1  
  SINK (14,20)  Class: 0  
  OPIN (12,21)  Pin: 4  
 CHANX (12,20) to (13,20)  Track: 6  
  IPIN (13,20)  Pin: 2  
  SINK (13,20)  Class: 0  
 CHANX (12,20) to (13,20)  Track: 6  
 CHANY (13,19) to (13,20)  Track: 3  
 CHANX (14,18) to (15,18)  Track: 6  
  IPIN (15,18)  Pin: 2  
  SINK (15,18)  Class: 0  
 CHANX (9,20) to (10,20)  Track: 5  
 CHANX (7,20) to (8,20)  Track: 5  
 CHANX (5,20) to (6,20)  Track: 5  
 CHANY (4,21) to (4,22)  Track: 0  
 CHANY (4,23) to (4,24)  Track: 0  
 CHANY (4,25) to (4,26)  Track: 0  
 CHANY (4,27) to (4,28)  Track: 0  
 CHANY (4,29)  Track: 0  
 CHANX (3,29) to (4,29)  Track: 3  
  IPIN (4,30)  Pad: 0  
  SINK (4,30)  Pad: 0  
 CHANY (4,27) to (4,28)  Track: 0  
 CHANX (3,28) to (4,28)  Track: 5  
 CHANY (3,29)  Track: 6  
 CHANX (4,29) to (5,29)  Track: 0  
  IPIN (5,30)  Pad: 0  
  SINK (5,30)  Pad: 0  


Net 11 (new_n113_)

SOURCE (12,20)  Class: 1  
  OPIN (12,20)  Pin: 4  
 CHANX (12,19) to (13,19)  Track: 4  
 CHANX (14,19) to (15,19)  Track: 4  
 CHANY (14,18) to (14,19)  Track: 7  
  IPIN (14,19)  Pin: 3  
  SINK (14,19)  Class: 0  


Net 12 (new_n114_)

SOURCE (10,20)  Class: 1  
  OPIN (10,20)  Pin: 4  
 CHANX (10,19) to (11,19)  Track: 8  
 CHANX (12,19) to (13,19)  Track: 8  
 CHANX (14,19) to (15,19)  Track: 8  
 CHANX (16,19) to (17,19)  Track: 8  
 CHANY (17,20) to (17,21)  Track: 4  
 CHANX (18,21) to (19,21)  Track: 0  
  IPIN (18,21)  Pin: 2  
  SINK (18,21)  Class: 0  
 CHANX (12,19) to (13,19)  Track: 8  
  IPIN (12,20)  Pin: 0  
  SINK (12,20)  Class: 0  
 CHANX (16,19) to (17,19)  Track: 8  
 CHANY (17,18) to (17,19)  Track: 5  
  IPIN (18,18)  Pin: 1  
  SINK (18,18)  Class: 0  


Net 13 (new_n115_)

SOURCE (11,19)  Class: 1  
  OPIN (11,19)  Pin: 4  
 CHANX (11,18) to (12,18)  Track: 8  
 CHANY (11,19) to (11,20)  Track: 10  
  IPIN (12,20)  Pin: 1  
  SINK (12,20)  Class: 0  


Net 14 (new_n116_)

SOURCE (10,18)  Class: 1  
  OPIN (10,18)  Pin: 4  
 CHANX (10,17) to (11,17)  Track: 8  
 CHANY (10,18) to (10,19)  Track: 10  
  IPIN (11,19)  Pin: 1  
  SINK (11,19)  Class: 0  


Net 15 (new_n117_)

SOURCE (9,18)  Class: 1  
  OPIN (9,18)  Pin: 4  
 CHANX (9,17) to (10,17)  Track: 6  
 CHANX (11,17) to (12,17)  Track: 6  
 CHANY (11,18) to (11,19)  Track: 4  
  IPIN (11,19)  Pin: 3  
  SINK (11,19)  Class: 0  


Net 16 (new_n119_)

SOURCE (5,1)  Class: 1  
  OPIN (5,1)  Pin: 4  
 CHANX (4,0) to (5,0)  Track: 7  
  IPIN (5,0)  Pad: 0  
  SINK (5,0)  Pad: 0  


Net 17 (new_n120_)

SOURCE (15,18)  Class: 1  
  OPIN (15,18)  Pin: 4  
 CHANX (14,17) to (15,17)  Track: 9  
 CHANY (13,16) to (13,17)  Track: 9  
  IPIN (14,17)  Pin: 1  
  SINK (14,17)  Class: 0  
  OPIN (15,18)  Pin: 4  
 CHANX (15,17) to (16,17)  Track: 10  
 CHANY (15,16) to (15,17)  Track: 9  
 CHANY (15,14) to (15,15)  Track: 9  
 CHANY (15,12) to (15,13)  Track: 9  
 CHANY (15,10) to (15,11)  Track: 9  
 CHANY (15,8) to (15,9)  Track: 9  
 CHANY (15,6) to (15,7)  Track: 9  
 CHANY (15,4) to (15,5)  Track: 9  
 CHANY (15,2) to (15,3)  Track: 9  
 CHANY (15,1)  Track: 9  
 CHANX (14,0) to (15,0)  Track: 7  
  IPIN (15,0)  Pad: 0  
  SINK (15,0)  Pad: 0  


Net 18 (new_n121_)

SOURCE (4,1)  Class: 1  
  OPIN (4,1)  Pin: 4  
 CHANX (4,0) to (5,0)  Track: 2  
  IPIN (5,1)  Pin: 0  
  SINK (5,1)  Class: 0  


Net 19 (new_n123_)

SOURCE (20,20)  Class: 1  
  OPIN (20,20)  Pin: 4  
 CHANX (20,19) to (21,19)  Track: 0  
 CHANY (21,18) to (21,19)  Track: 9  
 CHANX (22,18) to (23,18)  Track: 10  
 CHANY (23,17) to (23,18)  Track: 7  
  IPIN (24,17)  Pin: 1  
  SINK (24,17)  Class: 0  
 CHANX (20,19) to (21,19)  Track: 0  
  IPIN (20,19)  Pin: 2  
  SINK (20,19)  Class: 0  


Net 20 (new_n124_)

SOURCE (20,15)  Class: 1  
  OPIN (20,15)  Pin: 4  
 CHANX (19,14) to (20,14)  Track: 9  
 CHANY (19,15) to (19,16)  Track: 10  
 CHANY (19,17) to (19,18)  Track: 10  
 CHANY (19,19) to (19,20)  Track: 10  
  IPIN (20,20)  Pin: 1  
  SINK (20,20)  Class: 0  


Net 21 (new_n125_)

SOURCE (18,20)  Class: 1  
  OPIN (18,20)  Pin: 4  
 CHANX (18,19) to (19,19)  Track: 8  
 CHANX (20,19) to (21,19)  Track: 8  
  IPIN (20,20)  Pin: 0  
  SINK (20,20)  Class: 0  


Net 22 (new_n126_)

SOURCE (18,21)  Class: 1  
  OPIN (18,21)  Pin: 4  
 CHANX (18,20) to (19,20)  Track: 2  
 CHANX (20,20) to (21,20)  Track: 2  
  IPIN (20,20)  Pin: 2  
  SINK (20,20)  Class: 0  


Net 23 (new_n128_)

SOURCE (18,18)  Class: 1  
  OPIN (18,18)  Pin: 4  
 CHANX (18,17) to (19,17)  Track: 4  
 CHANY (19,18) to (19,19)  Track: 8  
  IPIN (20,19)  Pin: 1  
  SINK (20,19)  Class: 0  


Net 24 (new_n132_)

SOURCE (29,1)  Class: 1  
  OPIN (29,1)  Pin: 4  
 CHANX (29,0)  Track: 0  
  IPIN (29,0)  Pad: 0  
  SINK (29,0)  Pad: 0  


Net 25 (new_n133_)

SOURCE (19,1)  Class: 1  
  OPIN (19,1)  Pin: 4  
 CHANX (19,0) to (20,0)  Track: 4  
 CHANX (21,0) to (22,0)  Track: 4  
 CHANX (23,0) to (24,0)  Track: 4  
 CHANX (25,0) to (26,0)  Track: 4  
 CHANX (27,0) to (28,0)  Track: 4  
 CHANY (28,1) to (28,2)  Track: 4  
  IPIN (29,1)  Pin: 1  
  SINK (29,1)  Class: 0  
 CHANX (27,0) to (28,0)  Track: 4  
 CHANX (29,0)  Track: 4  
 CHANY (29,1)  Track: 8  
  IPIN (30,1)  Pad: 0  
  SINK (30,1)  Pad: 0  


Net 26 (new_n134_)

SOURCE (27,1)  Class: 1  
  OPIN (27,1)  Pin: 4  
 CHANX (26,0) to (27,0)  Track: 7  
  IPIN (27,0)  Pad: 0  
  SINK (27,0)  Pad: 0  


Net 27 (new_n136_)

SOURCE (28,1)  Class: 1  
  OPIN (28,1)  Pin: 4  
 CHANX (27,0) to (28,0)  Track: 9  
  IPIN (27,1)  Pin: 0  
  SINK (27,1)  Class: 0  


Net 28 (new_n137_)

SOURCE (29,3)  Class: 1  
  OPIN (29,3)  Pin: 4  
 CHANX (29,2)  Track: 5  
 CHANY (28,1) to (28,2)  Track: 1  
  IPIN (28,1)  Pin: 3  
  SINK (28,1)  Class: 0  
  OPIN (29,3)  Pin: 4  
 CHANX (28,2) to (29,2)  Track: 3  
  IPIN (28,2)  Pin: 2  
  SINK (28,2)  Class: 0  


Net 29 (new_n138_)

SOURCE (15,1)  Class: 1  
  OPIN (15,1)  Pin: 4  
 CHANX (15,0) to (16,0)  Track: 0  
 CHANX (17,0) to (18,0)  Track: 0  
 CHANX (19,0) to (20,0)  Track: 0  
 CHANX (21,0) to (22,0)  Track: 0  
 CHANX (23,0) to (24,0)  Track: 0  
 CHANX (25,0) to (26,0)  Track: 0  
 CHANY (26,1) to (26,2)  Track: 0  
 CHANX (27,1) to (28,1)  Track: 2  
  IPIN (27,1)  Pin: 2  
  SINK (27,1)  Class: 0  


Net 30 (new_n140_)

SOURCE (23,10)  Class: 1  
  OPIN (23,10)  Pin: 4  
 CHANX (23,9) to (24,9)  Track: 10  
 CHANX (25,9) to (26,9)  Track: 10  
 CHANX (27,9) to (28,9)  Track: 10  
 CHANX (29,9)  Track: 10  
 CHANY (29,10) to (29,11)  Track: 8  
 CHANY (29,12) to (29,13)  Track: 8  
 CHANY (29,14) to (29,15)  Track: 8  
 CHANY (29,16) to (29,17)  Track: 8  
 CHANY (29,18) to (29,19)  Track: 8  
 CHANY (29,20) to (29,21)  Track: 8  
 CHANY (29,22) to (29,23)  Track: 8  
  IPIN (30,23)  Pad: 0  
  SINK (30,23)  Pad: 0  


Net 31 (new_n141_)

SOURCE (17,8)  Class: 1  
  OPIN (17,8)  Pin: 4  
 CHANX (17,7) to (18,7)  Track: 10  
 CHANX (19,7) to (20,7)  Track: 10  
 CHANX (21,7) to (22,7)  Track: 10  
 CHANY (22,8) to (22,9)  Track: 6  
 CHANY (22,10) to (22,11)  Track: 6  
  IPIN (23,10)  Pin: 1  
  SINK (23,10)  Class: 0  


Net 32 (new_n143_)

SOURCE (28,2)  Class: 1  
  OPIN (28,2)  Pin: 4  
 CHANX (28,1) to (29,1)  Track: 8  
 CHANY (29,2) to (29,3)  Track: 4  
  IPIN (30,2)  Pad: 0  
  SINK (30,2)  Pad: 0  


Net 33 (new_n144_)

SOURCE (17,1)  Class: 1  
  OPIN (17,1)  Pin: 4  
 CHANX (16,0) to (17,0)  Track: 7  
  IPIN (17,0)  Pad: 0  
  SINK (17,0)  Pad: 0  


Net 34 (new_n145_)

SOURCE (14,6)  Class: 1  
  OPIN (14,6)  Pin: 4  
 CHANX (14,5) to (15,5)  Track: 4  
 CHANY (15,4) to (15,5)  Track: 1  
 CHANY (15,2) to (15,3)  Track: 1  
 CHANX (16,1) to (17,1)  Track: 4  
  IPIN (17,1)  Pin: 2  
  SINK (17,1)  Class: 0  


Net 35 (new_n146_)

SOURCE (25,1)  Class: 1  
  OPIN (25,1)  Pin: 4  
 CHANX (24,0) to (25,0)  Track: 3  
 CHANY (24,1)  Track: 2  
 CHANX (25,1) to (26,1)  Track: 6  
 CHANY (26,1)  Track: 3  
 CHANX (25,0) to (26,0)  Track: 5  
  IPIN (26,0)  Pad: 0  
  SINK (26,0)  Pad: 0  


Net 36 (new_n147_)

SOURCE (8,13)  Class: 1  
  OPIN (8,13)  Pin: 4  
 CHANX (7,12) to (8,12)  Track: 1  
 CHANX (5,12) to (6,12)  Track: 1  
 CHANX (3,12) to (4,12)  Track: 1  
 CHANX (1,12) to (2,12)  Track: 1  
 CHANY (0,13) to (0,14)  Track: 0  
  IPIN (0,13)  Pad: 0  
  SINK (0,13)  Pad: 0  


Net 37 (new_n148_)

SOURCE (14,13)  Class: 1  
  OPIN (14,13)  Pin: 4  
 CHANX (13,12) to (14,12)  Track: 5  
 CHANX (11,12) to (12,12)  Track: 5  
 CHANX (9,12) to (10,12)  Track: 5  
 CHANY (8,13) to (8,14)  Track: 0  
  IPIN (8,13)  Pin: 3  
  SINK (8,13)  Class: 0  


Net 38 (new_n149_)

SOURCE (16,13)  Class: 1  
  OPIN (16,13)  Pin: 4  
 CHANX (15,12) to (16,12)  Track: 5  
 CHANY (14,13) to (14,14)  Track: 0  
  IPIN (14,13)  Pin: 3  
  SINK (14,13)  Class: 0  


Net 39 (new_n150_)

SOURCE (14,14)  Class: 1  
  OPIN (14,14)  Pin: 4  
 CHANX (13,13) to (14,13)  Track: 7  
  IPIN (14,13)  Pin: 2  
  SINK (14,13)  Class: 0  


Net 40 (new_n151_)

SOURCE (14,16)  Class: 1  
  OPIN (14,16)  Pin: 4  
 CHANX (13,15) to (14,15)  Track: 7  
 CHANY (13,14) to (13,15)  Track: 5  
  IPIN (14,14)  Pin: 1  
  SINK (14,14)  Class: 0  
  OPIN (14,16)  Pin: 4  
 CHANX (14,15) to (15,15)  Track: 4  
 CHANY (14,16) to (14,17)  Track: 6  
  IPIN (14,17)  Pin: 3  
  SINK (14,17)  Class: 0  


Net 41 (new_n152_)

SOURCE (13,11)  Class: 1  
  OPIN (13,11)  Pin: 4  
 CHANX (13,10) to (14,10)  Track: 4  
 CHANY (14,11) to (14,12)  Track: 8  
 CHANX (13,12) to (14,12)  Track: 1  
  IPIN (14,13)  Pin: 0  
  SINK (14,13)  Class: 0  


Net 42 (new_n153_)

SOURCE (8,12)  Class: 1  
  OPIN (8,12)  Pin: 4  
 CHANX (7,11) to (8,11)  Track: 11  
 CHANY (7,12) to (7,13)  Track: 8  
  IPIN (8,13)  Pin: 1  
  SINK (8,13)  Class: 0  


Net 43 (new_n154_)

SOURCE (12,18)  Class: 1  
  OPIN (12,18)  Pin: 4  
 CHANX (11,17) to (12,17)  Track: 7  
 CHANX (9,17) to (10,17)  Track: 7  
 CHANX (7,17) to (8,17)  Track: 7  
 CHANX (5,17) to (6,17)  Track: 7  
 CHANX (3,17) to (4,17)  Track: 7  
 CHANX (1,17) to (2,17)  Track: 7  
 CHANY (0,18) to (0,19)  Track: 2  
  IPIN (0,18)  Pad: 0  
  SINK (0,18)  Pad: 0  


Net 44 (new_n155_)

SOURCE (14,17)  Class: 1  
  OPIN (14,17)  Pin: 4  
 CHANX (13,16) to (14,16)  Track: 9  
 CHANY (12,17) to (12,18)  Track: 4  
  IPIN (12,18)  Pin: 3  
  SINK (12,18)  Class: 0  


Net 45 (new_n156_)

SOURCE (24,1)  Class: 1  
  OPIN (24,1)  Pin: 4  
 CHANX (23,0) to (24,0)  Track: 9  
 CHANX (21,0) to (22,0)  Track: 9  
 CHANX (19,0) to (20,0)  Track: 9  
 CHANX (17,0) to (18,0)  Track: 9  
 CHANY (16,1) to (16,2)  Track: 8  
 CHANY (16,3) to (16,4)  Track: 8  
 CHANY (16,5) to (16,6)  Track: 8  
 CHANY (16,7) to (16,8)  Track: 8  
 CHANY (16,9) to (16,10)  Track: 8  
 CHANY (16,11) to (16,12)  Track: 8  
 CHANY (16,13) to (16,14)  Track: 8  
 CHANY (16,15) to (16,16)  Track: 8  
 CHANX (15,16) to (16,16)  Track: 1  
 CHANX (13,16) to (14,16)  Track: 1  
  IPIN (14,17)  Pin: 0  
  SINK (14,17)  Class: 0  


Net 46 (new_n157_)

SOURCE (14,18)  Class: 1  
  OPIN (14,18)  Pin: 4  
 CHANX (13,17) to (14,17)  Track: 3  
 CHANX (11,17) to (12,17)  Track: 3  
  IPIN (12,18)  Pin: 0  
  SINK (12,18)  Class: 0  


Net 47 (new_n160_)

SOURCE (16,1)  Class: 1  
  OPIN (16,1)  Pin: 4  
 CHANX (15,0) to (16,0)  Track: 5  
  IPIN (16,0)  Pad: 0  
  SINK (16,0)  Pad: 0  


Net 48 (new_n162_)

SOURCE (18,1)  Class: 1  
  OPIN (18,1)  Pin: 4  
 CHANX (17,0) to (18,0)  Track: 1  
 CHANY (16,1) to (16,2)  Track: 0  
  IPIN (16,1)  Pin: 3  
  SINK (16,1)  Class: 0  


Net 49 (new_n163_)

SOURCE (20,1)  Class: 1  
  OPIN (20,1)  Pin: 4  
 CHANX (19,0) to (20,0)  Track: 1  
 CHANY (18,1) to (18,2)  Track: 0  
  IPIN (18,1)  Pin: 3  
  SINK (18,1)  Class: 0  
  OPIN (20,1)  Pin: 4  
 CHANX (19,0) to (20,0)  Track: 5  
  IPIN (20,0)  Pad: 0  
  SINK (20,0)  Pad: 0  


Net 50 (new_n164_)

SOURCE (16,2)  Class: 1  
  OPIN (16,2)  Pin: 4  
 CHANX (15,1) to (16,1)  Track: 7  
  IPIN (16,1)  Pin: 2  
  SINK (16,1)  Class: 0  


Net 51 (new_n165_)

SOURCE (15,2)  Class: 1  
  OPIN (15,2)  Pin: 4  
 CHANX (15,1) to (16,1)  Track: 2  
  IPIN (16,2)  Pin: 0  
  SINK (16,2)  Class: 0  


Net 52 (new_n166_)

SOURCE (15,8)  Class: 1  
  OPIN (15,8)  Pin: 4  
 CHANX (15,7) to (16,7)  Track: 10  
 CHANY (15,8) to (15,9)  Track: 8  
  IPIN (16,9)  Pin: 1  
  SINK (16,9)  Class: 0  
  OPIN (15,8)  Pin: 4  
 CHANX (15,7) to (16,7)  Track: 6  
 CHANY (16,6) to (16,7)  Track: 3  
 CHANY (16,4) to (16,5)  Track: 3  
 CHANY (16,2) to (16,3)  Track: 3  
  IPIN (16,2)  Pin: 3  
  SINK (16,2)  Class: 0  


Net 53 (new_n167_)

SOURCE (16,5)  Class: 1  
  OPIN (16,5)  Pin: 4  
 CHANX (15,4) to (16,4)  Track: 9  
 CHANY (15,3) to (15,4)  Track: 11  
 CHANY (15,1) to (15,2)  Track: 11  
  IPIN (16,2)  Pin: 1  
  SINK (16,2)  Class: 0  
 CHANX (15,4) to (16,4)  Track: 9  
 CHANX (13,4) to (14,4)  Track: 9  
 CHANX (11,4) to (12,4)  Track: 9  
 CHANX (9,4) to (10,4)  Track: 9  
 CHANX (7,4) to (8,4)  Track: 9  
 CHANX (5,4) to (6,4)  Track: 9  
 CHANX (3,4) to (4,4)  Track: 9  
 CHANX (1,4) to (2,4)  Track: 9  
 CHANY (0,5) to (0,6)  Track: 4  
  IPIN (0,6)  Pad: 0  
  SINK (0,6)  Pad: 0  


Net 54 (new_n170_)

SOURCE (16,9)  Class: 1  
  OPIN (16,9)  Pin: 4  
 CHANX (16,8) to (17,8)  Track: 10  
 CHANY (17,9) to (17,10)  Track: 6  
 CHANY (17,11) to (17,12)  Track: 6  
 CHANY (17,13) to (17,14)  Track: 6  
 CHANY (17,15) to (17,16)  Track: 6  
 CHANY (17,17) to (17,18)  Track: 6  
 CHANY (17,19) to (17,20)  Track: 6  
 CHANY (17,21) to (17,22)  Track: 6  
 CHANY (17,23) to (17,24)  Track: 6  
 CHANY (17,25) to (17,26)  Track: 6  
 CHANY (17,27) to (17,28)  Track: 6  
 CHANY (17,29)  Track: 6  
 CHANX (16,29) to (17,29)  Track: 1  
  IPIN (17,30)  Pad: 0  
  SINK (17,30)  Pad: 0  


Net 55 (new_n171_)

SOURCE (14,1)  Class: 1  
  OPIN (14,1)  Pin: 4  
 CHANX (14,0) to (15,0)  Track: 2  
 CHANY (15,1) to (15,2)  Track: 2  
 CHANY (15,3) to (15,4)  Track: 2  
 CHANY (15,5) to (15,6)  Track: 2  
 CHANY (15,7) to (15,8)  Track: 2  
 CHANY (15,9) to (15,10)  Track: 2  
 CHANX (16,9) to (17,9)  Track: 0  
  IPIN (16,9)  Pin: 2  
  SINK (16,9)  Class: 0  


Net 56 (new_n173_)

SOURCE (16,6)  Class: 1  
  OPIN (16,6)  Pin: 4  
 CHANX (15,5) to (16,5)  Track: 7  
 CHANY (15,6) to (15,7)  Track: 4  
  IPIN (15,7)  Pin: 3  
  SINK (15,7)  Class: 0  
  OPIN (16,6)  Pin: 4  
 CHANX (16,5) to (17,5)  Track: 4  
 CHANY (17,4) to (17,5)  Track: 1  
 CHANY (17,2) to (17,3)  Track: 1  
 CHANY (17,1)  Track: 1  
 CHANX (18,0) to (19,0)  Track: 2  
  IPIN (18,0)  Pad: 0  
  SINK (18,0)  Pad: 0  


Net 57 (new_n174_)

SOURCE (15,7)  Class: 1  
  OPIN (15,7)  Pin: 4  
 CHANX (14,6) to (15,6)  Track: 7  
 CHANY (14,7) to (14,8)  Track: 4  
 CHANX (15,8) to (16,8)  Track: 0  
  IPIN (16,9)  Pin: 0  
  SINK (16,9)  Class: 0  


Net 58 (new_n175_)

SOURCE (15,6)  Class: 1  
  OPIN (15,6)  Pin: 4  
 CHANX (14,5) to (15,5)  Track: 9  
 CHANY (14,6) to (14,7)  Track: 10  
  IPIN (15,7)  Pin: 1  
  SINK (15,7)  Class: 0  


Net 59 (new_n176_)

SOURCE (6,3)  Class: 1  
  OPIN (6,3)  Pin: 4  
 CHANX (5,2) to (6,2)  Track: 1  
 CHANX (3,2) to (4,2)  Track: 1  
 CHANX (1,2) to (2,2)  Track: 1  
 CHANY (0,3) to (0,4)  Track: 0  
  IPIN (0,3)  Pad: 0  
  SINK (0,3)  Pad: 0  


Net 60 (new_n177_)

SOURCE (16,3)  Class: 1  
  OPIN (16,3)  Pin: 4  
 CHANX (15,2) to (16,2)  Track: 9  
 CHANX (13,2) to (14,2)  Track: 9  
 CHANX (11,2) to (12,2)  Track: 9  
 CHANX (9,2) to (10,2)  Track: 9  
 CHANX (7,2) to (8,2)  Track: 9  
 CHANY (6,3) to (6,4)  Track: 4  
 CHANX (5,3) to (6,3)  Track: 7  
  IPIN (6,3)  Pin: 2  
  SINK (6,3)  Class: 0  


Net 61 (new_n178_)

SOURCE (1,14)  Class: 1  
  OPIN (1,14)  Pin: 4  
 CHANX (1,13)  Track: 9  
 CHANY (0,14) to (0,15)  Track: 6  
 CHANY (0,16) to (0,17)  Track: 6  
 CHANY (0,18) to (0,19)  Track: 6  
 CHANY (0,20) to (0,21)  Track: 6  
 CHANY (0,22) to (0,23)  Track: 6  
 CHANY (0,24) to (0,25)  Track: 6  
  IPIN (0,25)  Pad: 0  
  SINK (0,25)  Pad: 0  


Net 62 (new_n179_)

SOURCE (18,22)  Class: 1  
  OPIN (18,22)  Pin: 4  
 CHANX (18,21) to (19,21)  Track: 4  
 CHANY (19,22) to (19,23)  Track: 8  
 CHANY (19,24) to (19,25)  Track: 8  
 CHANY (19,26) to (19,27)  Track: 8  
 CHANX (20,27) to (21,27)  Track: 8  
 CHANY (20,28) to (20,29)  Track: 10  
 CHANX (21,29) to (22,29)  Track: 10  
  IPIN (21,30)  Pad: 0  
  SINK (21,30)  Pad: 0  


Net 63 (new_n180_)

SOURCE (17,21)  Class: 1  
  OPIN (17,21)  Pin: 4  
 CHANX (17,20) to (18,20)  Track: 8  
 CHANY (17,21) to (17,22)  Track: 10  
  IPIN (18,22)  Pin: 1  
  SINK (18,22)  Class: 0  


Net 64 (new_n182_)

SOURCE (17,22)  Class: 1  
  OPIN (17,22)  Pin: 4  
 CHANX (16,21) to (17,21)  Track: 5  
 CHANY (15,22) to (15,23)  Track: 0  
  IPIN (15,22)  Pin: 3  
  SINK (15,22)  Class: 0  
 CHANY (15,22) to (15,23)  Track: 0  
 CHANY (15,24) to (15,25)  Track: 0  
 CHANY (15,26) to (15,27)  Track: 0  
 CHANY (15,28) to (15,29)  Track: 0  
 CHANX (14,29) to (15,29)  Track: 1  
  IPIN (15,30)  Pad: 0  
  SINK (15,30)  Pad: 0  


Net 65 (new_n183_)

SOURCE (15,22)  Class: 1  
  OPIN (15,22)  Pin: 4  
 CHANX (15,21) to (16,21)  Track: 2  
 CHANY (16,20) to (16,21)  Track: 11  
  IPIN (17,21)  Pin: 1  
  SINK (17,21)  Class: 0  


Net 66 (new_n184_)

SOURCE (14,20)  Class: 1  
  OPIN (14,20)  Pin: 4  
 CHANX (13,19) to (14,19)  Track: 7  
 CHANY (13,20) to (13,21)  Track: 4  
 CHANX (14,21) to (15,21)  Track: 0  
  IPIN (15,22)  Pin: 0  
  SINK (15,22)  Class: 0  
  OPIN (14,20)  Pin: 4  
 CHANX (14,19) to (15,19)  Track: 0  
 CHANX (16,19) to (17,19)  Track: 0  
 CHANY (17,20) to (17,21)  Track: 0  
 CHANY (17,22) to (17,23)  Track: 0  
 CHANX (18,22) to (19,22)  Track: 2  
  IPIN (18,22)  Pin: 2  
  SINK (18,22)  Class: 0  


Net 67 (new_n185_)

SOURCE (17,20)  Class: 1  
  OPIN (17,20)  Pin: 4  
 CHANX (16,19) to (17,19)  Track: 5  
 CHANY (16,20) to (16,21)  Track: 6  
 CHANX (17,21) to (18,21)  Track: 2  
  IPIN (17,21)  Pin: 2  
  SINK (17,21)  Class: 0  


Net 68 (new_n187_)

SOURCE (24,19)  Class: 1  
  OPIN (24,19)  Pin: 4  
 CHANX (24,18) to (25,18)  Track: 10  
 CHANY (25,19) to (25,20)  Track: 6  
 CHANY (25,21) to (25,22)  Track: 6  
 CHANY (25,23) to (25,24)  Track: 6  
 CHANY (25,25) to (25,26)  Track: 6  
 CHANY (25,27) to (25,28)  Track: 6  
 CHANY (25,29)  Track: 6  
 CHANX (24,29) to (25,29)  Track: 1  
  IPIN (25,30)  Pad: 0  
  SINK (25,30)  Pad: 0  


Net 69 (new_n188_)

SOURCE (24,17)  Class: 1  
  OPIN (24,17)  Pin: 4  
 CHANX (24,16) to (25,16)  Track: 2  
 CHANX (26,16) to (27,16)  Track: 2  
 CHANX (28,16) to (29,16)  Track: 2  
 CHANY (29,17) to (29,18)  Track: 6  
  IPIN (30,17)  Pad: 0  
  SINK (30,17)  Pad: 0  


Net 70 (new_n47_)

SOURCE (1,1)  Class: 1  
  OPIN (1,1)  Pin: 4  
 CHANX (1,0)  Track: 7  
 CHANY (0,1) to (0,2)  Track: 4  
  IPIN (0,2)  Pad: 0  
  SINK (0,2)  Pad: 0  


Net 71 (new_n48_)

SOURCE (1,4)  Class: 1  
  OPIN (1,4)  Pin: 4  
 CHANX (1,3) to (2,3)  Track: 2  
 CHANY (2,2) to (2,3)  Track: 11  
 CHANX (3,2) to (4,2)  Track: 8  
 CHANX (5,2) to (6,2)  Track: 8  
 CHANX (7,2) to (8,2)  Track: 8  
 CHANX (9,2) to (10,2)  Track: 8  
 CHANX (11,2) to (12,2)  Track: 8  
 CHANX (13,2) to (14,2)  Track: 8  
 CHANY (14,1) to (14,2)  Track: 5  
  IPIN (15,1)  Pin: 1  
  SINK (15,1)  Class: 0  
 CHANX (11,2) to (12,2)  Track: 8  
 CHANY (12,3) to (12,4)  Track: 4  
 CHANX (13,3) to (14,3)  Track: 6  
 CHANY (13,2) to (13,3)  Track: 5  
 CHANX (14,2) to (15,2)  Track: 6  
  IPIN (15,2)  Pin: 2  
  SINK (15,2)  Class: 0  
 CHANX (5,2) to (6,2)  Track: 8  
 CHANY (6,1) to (6,2)  Track: 5  
  IPIN (6,2)  Pin: 3  
  SINK (6,2)  Class: 0  
 CHANX (9,2) to (10,2)  Track: 8  
 CHANY (9,1) to (9,2)  Track: 11  
  IPIN (10,2)  Pin: 1  
  SINK (10,2)  Class: 0  
 CHANY (2,2) to (2,3)  Track: 11  
 CHANX (1,2) to (2,2)  Track: 9  
 CHANY (0,1) to (0,2)  Track: 5  
  IPIN (1,1)  Pin: 1  
  SINK (1,1)  Class: 0  
 CHANX (1,3) to (2,3)  Track: 2  
 CHANY (1,4) to (1,5)  Track: 0  
 CHANY (1,6) to (1,7)  Track: 0  
 CHANY (1,8) to (1,9)  Track: 0  
 CHANX (1,8)  Track: 3  
 CHANY (0,9) to (0,10)  Track: 4  
  IPIN (0,10)  Pad: 0  
  SINK (0,10)  Pad: 0  
  OPIN (1,4)  Pin: 4  
 CHANX (1,3)  Track: 9  
 CHANY (0,4) to (0,5)  Track: 6  
 CHANY (0,6) to (0,7)  Track: 6  
 CHANY (0,8) to (0,9)  Track: 6  
  IPIN (0,9)  Pad: 0  
  SINK (0,9)  Pad: 0  


Net 72 (new_n49_)

SOURCE (2,1)  Class: 1  
  OPIN (2,1)  Pin: 4  
 CHANX (1,0) to (2,0)  Track: 9  
  IPIN (1,1)  Pin: 0  
  SINK (1,1)  Class: 0  


Net 73 (new_n51_)

SOURCE (16,4)  Class: 1  
  OPIN (16,4)  Pin: 4  
 CHANX (16,3) to (17,3)  Track: 8  
 CHANX (18,3) to (19,3)  Track: 8  
 CHANX (20,3) to (21,3)  Track: 8  
 CHANX (22,3) to (23,3)  Track: 8  
 CHANX (24,3) to (25,3)  Track: 8  
 CHANX (26,3) to (27,3)  Track: 8  
 CHANX (28,3) to (29,3)  Track: 8  
 CHANY (29,4) to (29,5)  Track: 4  
  IPIN (30,4)  Pad: 0  
  SINK (30,4)  Pad: 0  


Net 74 (new_n52_)

SOURCE (13,6)  Class: 1  
  OPIN (13,6)  Pin: 4  
 CHANX (13,5) to (14,5)  Track: 10  
 CHANY (14,6) to (14,7)  Track: 6  
 CHANX (15,7) to (16,7)  Track: 2  
  IPIN (15,7)  Pin: 2  
  SINK (15,7)  Class: 0  
 CHANX (13,5) to (14,5)  Track: 10  
 CHANY (14,4) to (14,5)  Track: 7  
 CHANX (15,4) to (16,4)  Track: 4  
  IPIN (16,4)  Pin: 2  
  SINK (16,4)  Class: 0  
 CHANX (15,4) to (16,4)  Track: 4  
 CHANY (15,3) to (15,4)  Track: 7  
 CHANY (15,1) to (15,2)  Track: 7  
  IPIN (16,1)  Pin: 1  
  SINK (16,1)  Class: 0  


Net 75 (new_n53_)

SOURCE (13,19)  Class: 1  
  OPIN (13,19)  Pin: 4  
 CHANX (13,18) to (14,18)  Track: 8  
 CHANY (14,19) to (14,20)  Track: 4  
  IPIN (14,20)  Pin: 3  
  SINK (14,20)  Class: 0  
  OPIN (13,19)  Pin: 4  
 CHANX (12,18) to (13,18)  Track: 7  
  IPIN (13,18)  Pin: 2  
  SINK (13,18)  Class: 0  
  OPIN (13,19)  Pin: 4  
 CHANX (13,18) to (14,18)  Track: 4  
 CHANY (13,17) to (13,18)  Track: 7  
 CHANY (13,15) to (13,16)  Track: 7  
 CHANY (13,13) to (13,14)  Track: 7  
 CHANY (13,11) to (13,12)  Track: 7  
 CHANY (13,9) to (13,10)  Track: 7  
 CHANX (14,8) to (15,8)  Track: 10  
 CHANY (14,7) to (14,8)  Track: 9  
  IPIN (15,8)  Pin: 1  
  SINK (15,8)  Class: 0  
 CHANY (13,11) to (13,12)  Track: 7  
 CHANX (14,11) to (15,11)  Track: 4  
 CHANX (16,11) to (17,11)  Track: 4  
 CHANX (18,11) to (19,11)  Track: 4  
 CHANX (20,11) to (21,11)  Track: 4  
 CHANX (22,11) to (23,11)  Track: 4  
 CHANY (23,10) to (23,11)  Track: 1  
 CHANX (22,9) to (23,9)  Track: 1  
  IPIN (23,10)  Pin: 0  
  SINK (23,10)  Class: 0  
  OPIN (13,19)  Pin: 4  
 CHANX (13,18) to (14,18)  Track: 0  
 CHANY (14,17) to (14,18)  Track: 9  
  IPIN (15,18)  Pin: 1  
  SINK (15,18)  Class: 0  
 CHANY (14,7) to (14,8)  Track: 9  
 CHANX (15,6) to (16,6)  Track: 0  
 CHANY (15,5) to (15,6)  Track: 3  
 CHANX (16,4) to (17,4)  Track: 6  
 CHANY (16,3) to (16,4)  Track: 5  
  IPIN (16,4)  Pin: 3  
  SINK (16,4)  Class: 0  
 CHANX (13,18) to (14,18)  Track: 4  
 CHANX (15,18) to (16,18)  Track: 4  
 CHANX (17,18) to (18,18)  Track: 4  
  IPIN (18,18)  Pin: 2  
  SINK (18,18)  Class: 0  
 CHANY (23,10) to (23,11)  Track: 1  
 CHANX (24,10) to (25,10)  Track: 2  
 CHANY (25,9) to (25,10)  Track: 11  
 CHANX (26,9) to (27,9)  Track: 8  
 CHANX (28,9) to (29,9)  Track: 8  
 CHANY (29,8) to (29,9)  Track: 5  
  IPIN (30,8)  Pad: 0  
  SINK (30,8)  Pad: 0  


Net 76 (new_n54_)

SOURCE (8,1)  Class: 1  
  OPIN (8,1)  Pin: 4  
 CHANX (7,0) to (8,0)  Track: 5  
  IPIN (8,0)  Pad: 0  
  SINK (8,0)  Pad: 0  


Net 77 (new_n55_)

SOURCE (9,1)  Class: 1  
  OPIN (9,1)  Pin: 4  
 CHANX (8,0) to (9,0)  Track: 11  
  IPIN (8,1)  Pin: 0  
  SINK (8,1)  Class: 0  
  OPIN (9,1)  Pin: 4  
 CHANX (8,0) to (9,0)  Track: 3  
 CHANX (6,0) to (7,0)  Track: 3  
  IPIN (6,0)  Pad: 0  
  SINK (6,0)  Pad: 0  


Net 78 (new_n56_)

SOURCE (9,2)  Class: 1  
  OPIN (9,2)  Pin: 4  
 CHANX (9,1) to (10,1)  Track: 10  
 CHANX (11,1) to (12,1)  Track: 10  
 CHANX (13,1) to (14,1)  Track: 10  
  IPIN (13,2)  Pin: 0  
  SINK (13,2)  Class: 0  
  OPIN (9,2)  Pin: 4  
 CHANX (8,1) to (9,1)  Track: 5  
  IPIN (9,1)  Pin: 2  
  SINK (9,1)  Class: 0  
  OPIN (9,2)  Pin: 4  
 CHANX (9,1) to (10,1)  Track: 6  
 CHANX (11,1) to (12,1)  Track: 6  
 CHANY (12,2) to (12,3)  Track: 10  
  IPIN (13,3)  Pin: 1  
  SINK (13,3)  Class: 0  


Net 79 (new_n57_)

SOURCE (11,5)  Class: 1  
  OPIN (11,5)  Pin: 4  
 CHANX (10,4) to (11,4)  Track: 11  
 CHANY (10,3) to (10,4)  Track: 9  
 CHANY (10,1) to (10,2)  Track: 9  
  IPIN (11,2)  Pin: 1  
  SINK (11,2)  Class: 0  
  OPIN (11,5)  Pin: 4  
 CHANX (10,4) to (11,4)  Track: 7  
 CHANY (9,3) to (9,4)  Track: 3  
 CHANY (9,1) to (9,2)  Track: 3  
  IPIN (9,1)  Pin: 3  
  SINK (9,1)  Class: 0  
 CHANY (9,1) to (9,2)  Track: 3  
 CHANX (10,0) to (11,0)  Track: 6  
  IPIN (11,0)  Pad: 0  
  SINK (11,0)  Pad: 0  


Net 80 (new_n58_)

SOURCE (18,10)  Class: 1  
  OPIN (18,10)  Pin: 4  
 CHANX (18,9) to (19,9)  Track: 8  
 CHANY (18,10) to (18,11)  Track: 10  
 CHANY (18,12) to (18,13)  Track: 10  
 CHANX (19,13) to (20,13)  Track: 10  
 CHANX (21,13) to (22,13)  Track: 10  
 CHANX (23,13) to (24,13)  Track: 10  
 CHANX (25,13) to (26,13)  Track: 10  
 CHANY (26,14) to (26,15)  Track: 6  
 CHANX (27,14) to (28,14)  Track: 4  
  IPIN (28,14)  Pin: 2  
  SINK (28,14)  Class: 0  
 CHANY (26,14) to (26,15)  Track: 6  
 CHANY (26,16) to (26,17)  Track: 6  
 CHANY (26,18) to (26,19)  Track: 6  
 CHANY (26,20) to (26,21)  Track: 6  
 CHANY (26,22) to (26,23)  Track: 6  
 CHANY (26,24) to (26,25)  Track: 6  
 CHANY (26,26) to (26,27)  Track: 6  
 CHANY (26,28) to (26,29)  Track: 6  
 CHANX (27,29) to (28,29)  Track: 2  
  IPIN (28,30)  Pad: 0  
  SINK (28,30)  Pad: 0  


Net 81 (new_n59_)

SOURCE (10,2)  Class: 1  
  OPIN (10,2)  Pin: 4  
 CHANX (9,1) to (10,1)  Track: 7  
 CHANX (7,1) to (8,1)  Track: 7  
  IPIN (8,1)  Pin: 2  
  SINK (8,1)  Class: 0  


Net 82 (new_n60_)

SOURCE (18,2)  Class: 1  
  OPIN (18,2)  Pin: 4  
 CHANX (17,1) to (18,1)  Track: 3  
 CHANX (15,1) to (16,1)  Track: 3  
 CHANX (13,1) to (14,1)  Track: 3  
 CHANX (11,1) to (12,1)  Track: 3  
 CHANX (9,1) to (10,1)  Track: 3  
  IPIN (10,2)  Pin: 0  
  SINK (10,2)  Class: 0  


Net 83 (new_n62_)

SOURCE (11,20)  Class: 1  
  OPIN (11,20)  Pin: 4  
 CHANX (11,19) to (12,19)  Track: 6  
  IPIN (12,19)  Pin: 2  
  SINK (12,19)  Class: 0  
 CHANX (11,19) to (12,19)  Track: 6  
 CHANX (13,19) to (14,19)  Track: 6  
 CHANX (15,19) to (16,19)  Track: 6  
 CHANX (17,19) to (18,19)  Track: 6  
 CHANY (18,20) to (18,21)  Track: 10  
 CHANX (17,20) to (18,20)  Track: 9  
  IPIN (17,21)  Pin: 0  
  SINK (17,21)  Class: 0  
 CHANX (17,19) to (18,19)  Track: 6  
 CHANX (19,19) to (20,19)  Track: 6  
 CHANX (21,19) to (22,19)  Track: 6  
 CHANX (23,19) to (24,19)  Track: 6  
  IPIN (24,19)  Pin: 2  
  SINK (24,19)  Class: 0  
 CHANX (23,19) to (24,19)  Track: 6  
 CHANY (23,20) to (23,21)  Track: 4  
 CHANY (23,22) to (23,23)  Track: 4  
 CHANY (23,24) to (23,25)  Track: 4  
 CHANY (23,26) to (23,27)  Track: 4  
 CHANY (23,28) to (23,29)  Track: 4  
 CHANX (24,29) to (25,29)  Track: 8  
  IPIN (24,30)  Pad: 0  
  SINK (24,30)  Pad: 0  


Net 84 (new_n63_)

SOURCE (26,15)  Class: 1  
  OPIN (26,15)  Pin: 4  
 CHANX (25,14) to (26,14)  Track: 5  
 CHANX (23,14) to (24,14)  Track: 5  
 CHANX (21,14) to (22,14)  Track: 5  
 CHANX (19,14) to (20,14)  Track: 5  
 CHANX (17,14) to (18,14)  Track: 5  
  IPIN (18,14)  Pin: 2  
  SINK (18,14)  Class: 0  
 CHANX (23,14) to (24,14)  Track: 5  
 CHANY (23,13) to (23,14)  Track: 7  
 CHANY (23,11) to (23,12)  Track: 7  
 CHANY (23,9) to (23,10)  Track: 7  
  IPIN (23,10)  Pin: 3  
  SINK (23,10)  Class: 0  
  OPIN (26,15)  Pin: 4  
 CHANX (26,14) to (27,14)  Track: 10  
 CHANX (28,14) to (29,14)  Track: 10  
 CHANY (28,15) to (28,16)  Track: 8  
 CHANY (28,17) to (28,18)  Track: 8  
 CHANY (28,19) to (28,20)  Track: 8  
 CHANY (28,21) to (28,22)  Track: 8  
 CHANY (28,23) to (28,24)  Track: 8  
 CHANY (28,25) to (28,26)  Track: 8  
 CHANX (29,26)  Track: 8  
 CHANY (29,27) to (29,28)  Track: 6  
  IPIN (30,27)  Pad: 0  
  SINK (30,27)  Pad: 0  
 CHANY (28,23) to (28,24)  Track: 8  
 CHANX (27,23) to (28,23)  Track: 11  
 CHANY (27,24) to (27,25)  Track: 8  
 CHANX (28,25) to (29,25)  Track: 8  
 CHANY (29,26) to (29,27)  Track: 4  
  IPIN (30,26)  Pad: 0  
  SINK (30,26)  Pad: 0  


Net 85 (new_n64_)

SOURCE (7,1)  Class: 1  
  OPIN (7,1)  Pin: 4  
 CHANX (7,0) to (8,0)  Track: 8  
 CHANY (7,1)  Track: 8  
  IPIN (8,1)  Pin: 1  
  SINK (8,1)  Class: 0  


Net 86 (new_n65_)

SOURCE (28,14)  Class: 1  
  OPIN (28,14)  Pin: 4  
 CHANX (28,13) to (29,13)  Track: 8  
 CHANY (28,14) to (28,15)  Track: 10  
 CHANY (28,16) to (28,17)  Track: 10  
 CHANY (28,18) to (28,19)  Track: 10  
 CHANY (28,20) to (28,21)  Track: 10  
 CHANX (29,20)  Track: 8  
 CHANY (29,21) to (29,22)  Track: 6  
  IPIN (30,21)  Pad: 0  
  SINK (30,21)  Pad: 0  


Net 87 (new_n66_)

SOURCE (12,14)  Class: 1  
  OPIN (12,14)  Pin: 4  
 CHANX (12,13) to (13,13)  Track: 8  
 CHANX (14,13) to (15,13)  Track: 8  
 CHANX (16,13) to (17,13)  Track: 8  
 CHANX (18,13) to (19,13)  Track: 8  
 CHANX (20,13) to (21,13)  Track: 8  
 CHANX (22,13) to (23,13)  Track: 8  
 CHANX (24,13) to (25,13)  Track: 8  
 CHANX (26,13) to (27,13)  Track: 8  
 CHANY (27,14) to (27,15)  Track: 4  
  IPIN (28,14)  Pin: 1  
  SINK (28,14)  Class: 0  


Net 88 (new_n67_)

SOURCE (29,17)  Class: 1  
  OPIN (29,17)  Pin: 4  
 CHANX (29,16)  Track: 4  
 CHANY (29,17) to (29,18)  Track: 10  
 CHANY (29,19) to (29,20)  Track: 10  
 CHANY (29,21) to (29,22)  Track: 10  
 CHANY (29,23) to (29,24)  Track: 10  
  IPIN (30,24)  Pad: 0  
  SINK (30,24)  Pad: 0  


Net 89 (new_n68_)

SOURCE (13,3)  Class: 1  
  OPIN (13,3)  Pin: 4  
 CHANX (12,2) to (13,2)  Track: 11  
 CHANY (12,1) to (12,2)  Track: 9  
 CHANX (11,0) to (12,0)  Track: 5  
  IPIN (12,0)  Pad: 0  
  SINK (12,0)  Pad: 0  


Net 90 (new_n70_)

SOURCE (18,14)  Class: 1  
  OPIN (18,14)  Pin: 4  
 CHANX (18,13) to (19,13)  Track: 4  
 CHANY (19,14) to (19,15)  Track: 8  
  IPIN (20,15)  Pin: 1  
  SINK (20,15)  Class: 0  
  OPIN (18,14)  Pin: 4  
 CHANX (17,13) to (18,13)  Track: 7  
 CHANX (15,13) to (16,13)  Track: 7  
 CHANY (15,14) to (15,15)  Track: 4  
  IPIN (15,15)  Pin: 3  
  SINK (15,15)  Class: 0  
 CHANX (15,13) to (16,13)  Track: 7  
 CHANY (14,14) to (14,15)  Track: 2  
  IPIN (14,14)  Pin: 3  
  SINK (14,14)  Class: 0  
 CHANX (15,13) to (16,13)  Track: 7  
  IPIN (16,13)  Pin: 2  
  SINK (16,13)  Class: 0  
 CHANX (15,13) to (16,13)  Track: 7  
 CHANY (14,12) to (14,13)  Track: 3  
 CHANY (14,10) to (14,11)  Track: 3  
 CHANY (14,8) to (14,9)  Track: 3  
 CHANY (14,6) to (14,7)  Track: 3  
 CHANY (14,4) to (14,5)  Track: 3  
 CHANX (13,4) to (14,4)  Track: 1  
  IPIN (13,4)  Pin: 2  
  SINK (13,4)  Class: 0  
 CHANX (18,13) to (19,13)  Track: 4  
 CHANX (20,13) to (21,13)  Track: 4  
 CHANY (21,12) to (21,13)  Track: 1  
 CHANY (21,10) to (21,11)  Track: 1  
 CHANX (22,9) to (23,9)  Track: 4  
 CHANX (24,9) to (25,9)  Track: 4  
 CHANX (26,9) to (27,9)  Track: 4  
 CHANX (28,9) to (29,9)  Track: 4  
 CHANY (29,8) to (29,9)  Track: 9  
  IPIN (30,9)  Pad: 0  
  SINK (30,9)  Pad: 0  


Net 91 (new_n71_)

SOURCE (18,13)  Class: 1  
  OPIN (18,13)  Pin: 4  
 CHANX (17,12) to (18,12)  Track: 5  
 CHANY (16,13) to (16,14)  Track: 0  
  IPIN (16,13)  Pin: 3  
  SINK (16,13)  Class: 0  
  OPIN (18,13)  Pin: 4  
 CHANX (18,12) to (19,12)  Track: 10  
 CHANX (20,12) to (21,12)  Track: 10  
 CHANY (21,11) to (21,12)  Track: 7  
 CHANY (21,9) to (21,10)  Track: 7  
 CHANX (22,8) to (23,8)  Track: 10  
 CHANY (23,7) to (23,8)  Track: 7  
 CHANY (23,5) to (23,6)  Track: 7  
 CHANY (23,3) to (23,4)  Track: 7  
 CHANX (24,3) to (25,3)  Track: 4  
 CHANY (25,2) to (25,3)  Track: 1  
 CHANX (26,2) to (27,2)  Track: 2  
 CHANY (27,1) to (27,2)  Track: 11  
  IPIN (28,2)  Pin: 1  
  SINK (28,2)  Class: 0  
 CHANX (20,12) to (21,12)  Track: 10  
 CHANX (22,12) to (23,12)  Track: 10  
 CHANX (24,12) to (25,12)  Track: 10  
 CHANX (26,12) to (27,12)  Track: 10  
 CHANX (28,12) to (29,12)  Track: 10  
 CHANY (29,13) to (29,14)  Track: 10  
  IPIN (30,14)  Pad: 0  
  SINK (30,14)  Pad: 0  


Net 92 (new_n72_)

SOURCE (13,4)  Class: 1  
  OPIN (13,4)  Pin: 4  
 CHANX (12,3) to (13,3)  Track: 5  
  IPIN (13,3)  Pin: 2  
  SINK (13,3)  Class: 0  


Net 93 (new_n74_)

SOURCE (13,5)  Class: 1  
  OPIN (13,5)  Pin: 4  
 CHANX (12,4) to (13,4)  Track: 11  
 CHANY (12,3) to (12,4)  Track: 9  
  IPIN (13,4)  Pin: 1  
  SINK (13,4)  Class: 0  


Net 94 (new_n75_)

SOURCE (11,11)  Class: 1  
  OPIN (11,11)  Pin: 4  
 CHANX (11,10) to (12,10)  Track: 8  
 CHANX (13,10) to (14,10)  Track: 8  
  IPIN (13,11)  Pin: 0  
  SINK (13,11)  Class: 0  
 CHANX (11,10) to (12,10)  Track: 8  
 CHANY (11,9) to (11,10)  Track: 11  
 CHANY (11,7) to (11,8)  Track: 11  
 CHANY (11,5) to (11,6)  Track: 11  
 CHANY (11,3) to (11,4)  Track: 11  
 CHANY (11,1) to (11,2)  Track: 11  
  IPIN (12,2)  Pin: 1  
  SINK (12,2)  Class: 0  
  OPIN (11,11)  Pin: 4  
 CHANX (11,10) to (12,10)  Track: 4  
 CHANY (12,9) to (12,10)  Track: 1  
 CHANY (12,7) to (12,8)  Track: 1  
 CHANY (12,5) to (12,6)  Track: 1  
 CHANX (13,4) to (14,4)  Track: 4  
 CHANY (13,3) to (13,4)  Track: 7  
  IPIN (13,4)  Pin: 3  
  SINK (13,4)  Class: 0  


Net 95 (new_n76_)

SOURCE (10,19)  Class: 1  
  OPIN (10,19)  Pin: 4  
 CHANX (9,18) to (10,18)  Track: 9  
 CHANX (7,18) to (8,18)  Track: 9  
 CHANY (6,19) to (6,20)  Track: 4  
 CHANY (6,21) to (6,22)  Track: 4  
 CHANY (6,23) to (6,24)  Track: 4  
 CHANY (6,25) to (6,26)  Track: 4  
 CHANY (6,27) to (6,28)  Track: 4  
 CHANY (6,29)  Track: 4  
 CHANX (7,29) to (8,29)  Track: 10  
  IPIN (7,30)  Pad: 0  
  SINK (7,30)  Pad: 0  


Net 96 (new_n77_)

SOURCE (13,1)  Class: 1  
  OPIN (13,1)  Pin: 4  
 CHANX (12,0) to (13,0)  Track: 7  
  IPIN (13,0)  Pad: 0  
  SINK (13,0)  Pad: 0  


Net 97 (new_n78_)

SOURCE (11,1)  Class: 1  
  OPIN (11,1)  Pin: 4  
 CHANX (11,0) to (12,0)  Track: 8  
 CHANX (13,0) to (14,0)  Track: 8  
  IPIN (13,1)  Pin: 0  
  SINK (13,1)  Class: 0  


Net 98 (new_n79_)

SOURCE (11,2)  Class: 1  
  OPIN (11,2)  Pin: 4  
 CHANX (10,1) to (11,1)  Track: 5  
  IPIN (11,1)  Pin: 2  
  SINK (11,1)  Class: 0  


Net 99 (new_n80_)

SOURCE (6,2)  Class: 1  
  OPIN (6,2)  Pin: 4  
 CHANX (5,1) to (6,1)  Track: 11  
 CHANY (5,2) to (5,3)  Track: 8  
  IPIN (6,3)  Pin: 1  
  SINK (6,3)  Class: 0  


Net 100 (new_n82_)

SOURCE (27,2)  Class: 1  
  OPIN (27,2)  Pin: 4  
 CHANX (27,1) to (28,1)  Track: 10  
 CHANX (29,1)  Track: 10  
 CHANY (29,2) to (29,3)  Track: 8  
  IPIN (30,3)  Pad: 0  
  SINK (30,3)  Pad: 0  


Net 101 (new_n83_)

SOURCE (17,2)  Class: 1  
  OPIN (17,2)  Pin: 4  
 CHANX (17,1) to (18,1)  Track: 10  
 CHANX (19,1) to (20,1)  Track: 10  
 CHANX (21,1) to (22,1)  Track: 10  
 CHANX (23,1) to (24,1)  Track: 10  
 CHANX (25,1) to (26,1)  Track: 10  
 CHANY (26,2) to (26,3)  Track: 6  
  IPIN (27,2)  Pin: 1  
  SINK (27,2)  Class: 0  
  OPIN (17,2)  Pin: 4  
 CHANX (17,1) to (18,1)  Track: 2  
 CHANX (19,1) to (20,1)  Track: 2  
 CHANX (21,1) to (22,1)  Track: 2  
 CHANX (23,1) to (24,1)  Track: 2  
 CHANX (25,1) to (26,1)  Track: 2  
 CHANY (26,1)  Track: 11  
  IPIN (27,1)  Pin: 1  
  SINK (27,1)  Class: 0  


Net 102 (new_n86_)

SOURCE (6,1)  Class: 1  
  OPIN (6,1)  Pin: 4  
 CHANX (6,0) to (7,0)  Track: 2  
 CHANX (8,0) to (9,0)  Track: 2  
 CHANX (10,0) to (11,0)  Track: 2  
  IPIN (11,1)  Pin: 0  
  SINK (11,1)  Class: 0  


Net 103 (new_n87_)

SOURCE (12,2)  Class: 1  
  OPIN (12,2)  Pin: 4  
 CHANX (11,1) to (12,1)  Track: 11  
 CHANY (10,1)  Track: 11  
  IPIN (11,1)  Pin: 1  
  SINK (11,1)  Class: 0  


Net 104 (new_n88_)

SOURCE (14,2)  Class: 1  
  OPIN (14,2)  Pin: 4  
 CHANX (13,1) to (14,1)  Track: 11  
 CHANY (12,1)  Track: 11  
  IPIN (13,1)  Pin: 1  
  SINK (13,1)  Class: 0  


Net 105 (new_n89_)

SOURCE (15,15)  Class: 1  
  OPIN (15,15)  Pin: 4  
 CHANX (14,14) to (15,14)  Track: 11  
 CHANY (13,13) to (13,14)  Track: 11  
 CHANY (13,11) to (13,12)  Track: 11  
 CHANY (13,9) to (13,10)  Track: 11  
 CHANY (13,7) to (13,8)  Track: 11  
 CHANY (13,5) to (13,6)  Track: 11  
 CHANY (13,3) to (13,4)  Track: 11  
 CHANY (13,1) to (13,2)  Track: 11  
  IPIN (14,2)  Pin: 1  
  SINK (14,2)  Class: 0  


Net 106 (new_n90_)

SOURCE (16,20)  Class: 1  
  OPIN (16,20)  Pin: 4  
 CHANX (15,19) to (16,19)  Track: 11  
 CHANY (14,18) to (14,19)  Track: 11  
 CHANY (14,16) to (14,17)  Track: 11  
 CHANY (14,14) to (14,15)  Track: 11  
  IPIN (15,15)  Pin: 1  
  SINK (15,15)  Class: 0  


Net 107 (new_n91_)

SOURCE (15,21)  Class: 1  
  OPIN (15,21)  Pin: 4  
 CHANX (15,20) to (16,20)  Track: 4  
  IPIN (16,20)  Pin: 2  
  SINK (16,20)  Class: 0  
  OPIN (15,21)  Pin: 4  
 CHANX (15,20) to (16,20)  Track: 0  
 CHANY (16,19) to (16,20)  Track: 9  
  IPIN (17,20)  Pin: 1  
  SINK (17,20)  Class: 0  
 CHANX (15,20) to (16,20)  Track: 4  
 CHANX (17,20) to (18,20)  Track: 4  
 CHANX (19,20) to (20,20)  Track: 4  
 CHANX (21,20) to (22,20)  Track: 4  
 CHANX (23,20) to (24,20)  Track: 4  
 CHANY (24,19) to (24,20)  Track: 1  
 CHANY (24,17) to (24,18)  Track: 1  
 CHANY (24,15) to (24,16)  Track: 1  
 CHANY (24,13) to (24,14)  Track: 1  
 CHANY (24,11) to (24,12)  Track: 1  
 CHANY (24,9) to (24,10)  Track: 1  
 CHANY (24,7) to (24,8)  Track: 1  
 CHANY (24,5) to (24,6)  Track: 1  
 CHANY (24,3) to (24,4)  Track: 1  
 CHANX (25,2) to (26,2)  Track: 4  
 CHANY (25,1) to (25,2)  Track: 7  
 CHANX (24,1) to (25,1)  Track: 5  
  IPIN (25,1)  Pin: 2  
  SINK (25,1)  Class: 0  
  OPIN (15,21)  Pin: 4  
 CHANX (14,20) to (15,20)  Track: 11  
 CHANY (14,21) to (14,22)  Track: 8  
  IPIN (15,22)  Pin: 1  
  SINK (15,22)  Class: 0  
 CHANY (24,3) to (24,4)  Track: 1  
 CHANX (23,3) to (24,3)  Track: 3  
 CHANY (23,2) to (23,3)  Track: 1  
 CHANY (23,1)  Track: 1  
 CHANX (24,0) to (25,0)  Track: 2  
  IPIN (24,0)  Pad: 0  
  SINK (24,0)  Pad: 0  


Net 108 (new_n92_)

SOURCE (18,23)  Class: 1  
  OPIN (18,23)  Pin: 4  
 CHANX (17,22) to (18,22)  Track: 1  
 CHANY (16,21) to (16,22)  Track: 5  
 CHANY (16,19) to (16,20)  Track: 5  
  IPIN (16,20)  Pin: 3  
  SINK (16,20)  Class: 0  
  OPIN (18,23)  Pin: 4  
 CHANX (17,22) to (18,22)  Track: 5  
 CHANY (16,21) to (16,22)  Track: 1  
  IPIN (16,21)  Pin: 3  
  SINK (16,21)  Class: 0  
 CHANX (17,22) to (18,22)  Track: 1  
  IPIN (17,22)  Pin: 2  
  SINK (17,22)  Class: 0  


Net 109 (new_n93_)

SOURCE (1,17)  Class: 1  
  OPIN (1,17)  Pin: 4  
 CHANX (1,16) to (2,16)  Track: 4  
 CHANX (3,16) to (4,16)  Track: 4  
 CHANX (5,16) to (6,16)  Track: 4  
 CHANX (7,16) to (8,16)  Track: 4  
 CHANX (9,16) to (10,16)  Track: 4  
 CHANX (11,16) to (12,16)  Track: 4  
 CHANX (13,16) to (14,16)  Track: 4  
 CHANY (14,15) to (14,16)  Track: 1  
 CHANX (15,15) to (16,15)  Track: 2  
  IPIN (15,15)  Pin: 2  
  SINK (15,15)  Class: 0  
  OPIN (1,17)  Pin: 4  
 CHANX (1,16)  Track: 3  
 CHANY (0,17) to (0,18)  Track: 4  
 CHANY (0,19) to (0,20)  Track: 4  
 CHANY (0,21) to (0,22)  Track: 4  
 CHANY (0,23) to (0,24)  Track: 4  
  IPIN (0,24)  Pad: 0  
  SINK (0,24)  Pad: 0  


Net 110 (new_n94_)

SOURCE (12,1)  Class: 1  
  OPIN (12,1)  Pin: 4  
 CHANX (12,0) to (13,0)  Track: 10  
 CHANX (14,0) to (15,0)  Track: 10  
 CHANX (16,0) to (17,0)  Track: 10  
 CHANX (18,0) to (19,0)  Track: 10  
  IPIN (18,1)  Pin: 0  
  SINK (18,1)  Class: 0  
 CHANX (12,0) to (13,0)  Track: 10  
 CHANY (13,1) to (13,2)  Track: 10  
 CHANX (14,1) to (15,1)  Track: 8  
  IPIN (14,2)  Pin: 0  
  SINK (14,2)  Class: 0  


Net 111 (new_n95_)

SOURCE (10,1)  Class: 1  
  OPIN (10,1)  Pin: 4  
 CHANX (9,0) to (10,0)  Track: 5  
 CHANY (9,1)  Track: 4  
 CHANX (10,1) to (11,1)  Track: 0  
 CHANX (12,1) to (13,1)  Track: 0  
 CHANY (13,1)  Track: 9  
  IPIN (14,1)  Pin: 1  
  SINK (14,1)  Class: 0  
 CHANX (12,1) to (13,1)  Track: 0  
  IPIN (12,1)  Pin: 2  
  SINK (12,1)  Class: 0  
 CHANX (12,1) to (13,1)  Track: 0  
 CHANY (12,1)  Track: 3  
 CHANX (13,0) to (14,0)  Track: 4  
  IPIN (14,0)  Pad: 0  
  SINK (14,0)  Pad: 0  


Net 112 (new_n96_)

SOURCE (13,2)  Class: 1  
  OPIN (13,2)  Pin: 4  
 CHANX (13,1) to (14,1)  Track: 2  
 CHANY (14,2) to (14,3)  Track: 2  
  IPIN (14,2)  Pin: 3  
  SINK (14,2)  Class: 0  


Net 113 (new_n98_)

SOURCE (21,1)  Class: 1  
  OPIN (21,1)  Pin: 4  
 CHANX (21,0) to (22,0)  Track: 8  
 CHANY (22,1) to (22,2)  Track: 8  
 CHANX (21,1) to (22,1)  Track: 11  
 CHANY (21,1)  Track: 9  
 CHANX (22,0) to (23,0)  Track: 6  
  IPIN (23,0)  Pad: 0  
  SINK (23,0)  Pad: 0  


Net 114 (new_n99_)

SOURCE (20,19)  Class: 1  
  OPIN (20,19)  Pin: 4  
 CHANX (20,18) to (21,18)  Track: 2  
 CHANX (22,18) to (23,18)  Track: 2  
 CHANX (24,18) to (25,18)  Track: 2  
 CHANX (26,18) to (27,18)  Track: 2  
 CHANX (28,18) to (29,18)  Track: 2  
 CHANY (29,19) to (29,20)  Track: 6  
  IPIN (30,19)  Pad: 0  
  SINK (30,19)  Pad: 0  


Net 115 (pa)

SOURCE (30,5)  Pad: 1  
  OPIN (30,5)  Pad: 1  
 CHANY (29,4) to (29,5)  Track: 5  
 CHANX (28,3) to (29,3)  Track: 5  
  IPIN (29,3)  Pin: 2  
  SINK (29,3)  Class: 0  
  OPIN (30,5)  Pad: 1  
 CHANY (29,5) to (29,6)  Track: 10  
  IPIN (30,6)  Pad: 0  
  SINK (30,6)  Pad: 0  


Net 116 (pa0)

SOURCE (30,10)  Pad: 1  
  OPIN (30,10)  Pad: 1  
 CHANY (29,10) to (29,11)  Track: 0  
 CHANY (29,12) to (29,13)  Track: 0  
 CHANX (28,13) to (29,13)  Track: 1  
 CHANX (26,13) to (27,13)  Track: 1  
 CHANX (24,13) to (25,13)  Track: 1  
 CHANX (22,13) to (23,13)  Track: 1  
 CHANX (20,13) to (21,13)  Track: 1  
 CHANX (18,13) to (19,13)  Track: 1  
  IPIN (18,13)  Pin: 2  
  SINK (18,13)  Class: 0  
 CHANX (18,13) to (19,13)  Track: 1  
 CHANY (18,12) to (18,13)  Track: 3  
 CHANY (18,10) to (18,11)  Track: 3  
  IPIN (18,10)  Pin: 3  
  SINK (18,10)  Class: 0  
  OPIN (30,10)  Pad: 1  
 CHANY (29,9) to (29,10)  Track: 3  
 CHANY (29,7) to (29,8)  Track: 3  
 CHANX (28,6) to (29,6)  Track: 3  
 CHANX (26,6) to (27,6)  Track: 3  
 CHANX (24,6) to (25,6)  Track: 3  
 CHANX (22,6) to (23,6)  Track: 3  
 CHANX (20,6) to (21,6)  Track: 3  
 CHANX (18,6) to (19,6)  Track: 3  
 CHANX (16,6) to (17,6)  Track: 3  
 CHANY (15,5) to (15,6)  Track: 7  
  IPIN (16,5)  Pin: 1  
  SINK (16,5)  Class: 0  
 CHANX (28,6) to (29,6)  Track: 3  
 CHANY (28,5) to (28,6)  Track: 1  
 CHANY (28,3) to (28,4)  Track: 1  
 CHANX (27,2) to (28,2)  Track: 1  
  IPIN (27,2)  Pin: 2  
  SINK (27,2)  Class: 0  
 CHANX (28,13) to (29,13)  Track: 1  
 CHANY (27,14) to (27,15)  Track: 8  
 CHANY (27,16) to (27,17)  Track: 8  
 CHANY (27,18) to (27,19)  Track: 8  
 CHANY (27,20) to (27,21)  Track: 8  
 CHANX (28,21) to (29,21)  Track: 8  
 CHANY (29,22) to (29,23)  Track: 4  
  IPIN (30,22)  Pad: 0  
  SINK (30,22)  Pad: 0  


Net 117 (pb)

SOURCE (19,0)  Pad: 1  
  OPIN (19,0)  Pad: 1  
 CHANX (19,0) to (20,0)  Track: 8  
  IPIN (19,1)  Pin: 0  
  SINK (19,1)  Class: 0  
  OPIN (19,0)  Pad: 1  
 CHANX (18,0) to (19,0)  Track: 7  
 CHANY (17,1) to (17,2)  Track: 6  
  IPIN (18,1)  Pin: 1  
  SINK (18,1)  Class: 0  


Net 118 (pb0)

SOURCE (18,30)  Pad: 1  
  OPIN (18,30)  Pad: 1  
 CHANX (17,29) to (18,29)  Track: 7  
 CHANY (16,28) to (16,29)  Track: 7  
 CHANY (16,26) to (16,27)  Track: 7  
  IPIN (17,26)  Pin: 1  
  SINK (17,26)  Class: 0  
 CHANY (16,26) to (16,27)  Track: 7  
 CHANY (16,24) to (16,25)  Track: 7  
 CHANY (16,22) to (16,23)  Track: 7  
  IPIN (17,22)  Pin: 1  
  SINK (17,22)  Class: 0  


Net 119 (pc)

SOURCE (0,14)  Pad: 1  
  OPIN (0,14)  Pad: 1  
 CHANY (0,14) to (0,15)  Track: 10  
 CHANY (0,16) to (0,17)  Track: 10  
 CHANX (1,17) to (2,17)  Track: 10  
 CHANX (3,17) to (4,17)  Track: 10  
 CHANX (5,17) to (6,17)  Track: 10  
 CHANX (7,17) to (8,17)  Track: 10  
 CHANX (9,17) to (10,17)  Track: 10  
  IPIN (9,18)  Pin: 0  
  SINK (9,18)  Class: 0  
  OPIN (0,14)  Pad: 1  
 CHANY (0,13) to (0,14)  Track: 9  
 CHANY (0,11) to (0,12)  Track: 9  
 CHANY (0,9) to (0,10)  Track: 9  
 CHANY (0,7) to (0,8)  Track: 9  
 CHANX (1,7)  Track: 8  
 CHANX (2,7) to (3,7)  Track: 8  
 CHANX (4,7) to (5,7)  Track: 8  
 CHANX (6,7) to (7,7)  Track: 8  
 CHANX (8,7) to (9,7)  Track: 8  
 CHANX (10,7) to (11,7)  Track: 8  
 CHANX (12,7) to (13,7)  Track: 8  
 CHANX (14,7) to (15,7)  Track: 8  
 CHANY (15,6) to (15,7)  Track: 5  
 CHANX (16,5) to (17,5)  Track: 8  
  IPIN (16,6)  Pin: 0  
  SINK (16,6)  Class: 0  
 CHANX (10,7) to (11,7)  Track: 8  
 CHANY (11,6) to (11,7)  Track: 5  
 CHANX (12,6) to (13,6)  Track: 6  
 CHANX (14,6) to (15,6)  Track: 6  
  IPIN (15,6)  Pin: 2  
  SINK (15,6)  Class: 0  
 CHANY (0,11) to (0,12)  Track: 9  
 CHANX (1,11)  Track: 8  
 CHANX (2,11) to (3,11)  Track: 8  
 CHANX (4,11) to (5,11)  Track: 8  
 CHANX (6,11) to (7,11)  Track: 8  
 CHANX (8,11) to (9,11)  Track: 8  
 CHANX (10,11) to (11,11)  Track: 8  
 CHANX (12,11) to (13,11)  Track: 8  
 CHANY (13,10) to (13,11)  Track: 5  
  IPIN (13,11)  Pin: 3  
  SINK (13,11)  Class: 0  
 CHANY (15,6) to (15,7)  Track: 5  
 CHANY (15,4) to (15,5)  Track: 5  
 CHANY (15,2) to (15,3)  Track: 5  
 CHANX (16,2) to (17,2)  Track: 6  
  IPIN (17,2)  Pin: 2  
  SINK (17,2)  Class: 0  
 CHANY (11,6) to (11,7)  Track: 5  
 CHANY (11,4) to (11,5)  Track: 5  
 CHANY (11,2) to (11,3)  Track: 5  
 CHANX (12,1) to (13,1)  Track: 8  
  IPIN (12,2)  Pin: 0  
  SINK (12,2)  Class: 0  
 CHANX (4,7) to (5,7)  Track: 8  
 CHANY (5,6) to (5,7)  Track: 5  
 CHANY (5,4) to (5,5)  Track: 5  
 CHANY (5,2) to (5,3)  Track: 5  
  IPIN (6,2)  Pin: 1  
  SINK (6,2)  Class: 0  
 CHANY (11,2) to (11,3)  Track: 5  
 CHANX (10,2) to (11,2)  Track: 7  
 CHANY (10,1) to (10,2)  Track: 5  
  IPIN (10,2)  Pin: 3  
  SINK (10,2)  Class: 0  
 CHANY (0,7) to (0,8)  Track: 9  
 CHANY (0,5) to (0,6)  Track: 9  
 CHANY (0,3) to (0,4)  Track: 9  
 CHANX (1,2) to (2,2)  Track: 8  
 CHANY (1,1) to (1,2)  Track: 11  
 CHANX (2,0) to (3,0)  Track: 10  
  IPIN (2,1)  Pin: 0  
  SINK (2,1)  Class: 0  


Net 120 (pc0)

SOURCE (20,30)  Pad: 1  
  OPIN (20,30)  Pad: 1  
 CHANX (19,29) to (20,29)  Track: 7  
 CHANY (18,28) to (18,29)  Track: 7  
 CHANY (18,26) to (18,27)  Track: 7  
 CHANX (17,25) to (18,25)  Track: 11  
  IPIN (17,26)  Pin: 0  
  SINK (17,26)  Class: 0  
  OPIN (20,30)  Pad: 1  
 CHANX (20,29) to (21,29)  Track: 8  
 CHANY (21,28) to (21,29)  Track: 9  
 CHANX (22,28) to (23,28)  Track: 10  
 CHANY (23,29)  Track: 6  
 CHANX (24,29) to (25,29)  Track: 0  
 CHANX (26,29) to (27,29)  Track: 0  
  IPIN (27,30)  Pad: 0  
  SINK (27,30)  Pad: 0  
 CHANX (22,28) to (23,28)  Track: 10  
 CHANY (23,27) to (23,28)  Track: 7  
 CHANX (24,27) to (25,27)  Track: 4  
 CHANY (24,28) to (24,29)  Track: 6  
 CHANX (25,29) to (26,29)  Track: 2  
  IPIN (26,30)  Pad: 0  
  SINK (26,30)  Pad: 0  


Net 121 (pd)

SOURCE (7,0)  Pad: 1  
  OPIN (7,0)  Pad: 1  
 CHANX (7,0) to (8,0)  Track: 0  
 CHANX (9,0) to (10,0)  Track: 0  
 CHANY (10,1) to (10,2)  Track: 0  
  IPIN (10,1)  Pin: 3  
  SINK (10,1)  Class: 0  


Net 122 (pd0)

SOURCE (0,21)  Pad: 1  
  OPIN (0,21)  Pad: 1  
 CHANY (0,20) to (0,21)  Track: 11  
 CHANY (0,18) to (0,19)  Track: 11  
 CHANY (0,16) to (0,17)  Track: 11  
 CHANY (0,14) to (0,15)  Track: 11  
 CHANX (1,13) to (2,13)  Track: 10  
 CHANX (3,13) to (4,13)  Track: 10  
 CHANX (5,13) to (6,13)  Track: 10  
 CHANX (7,13) to (8,13)  Track: 10  
 CHANY (8,12) to (8,13)  Track: 7  
 CHANX (9,12) to (10,12)  Track: 4  
 CHANY (10,11) to (10,12)  Track: 1  
 CHANX (11,11) to (12,11)  Track: 2  
  IPIN (11,11)  Pin: 2  
  SINK (11,11)  Class: 0  
 CHANY (0,20) to (0,21)  Track: 11  
 CHANX (1,19) to (2,19)  Track: 10  
 CHANX (3,19) to (4,19)  Track: 10  
 CHANX (5,19) to (6,19)  Track: 10  
 CHANX (7,19) to (8,19)  Track: 10  
 CHANX (9,19) to (10,19)  Track: 10  
 CHANX (11,19) to (12,19)  Track: 10  
 CHANY (12,20) to (12,21)  Track: 6  
 CHANX (13,20) to (14,20)  Track: 4  
  IPIN (14,20)  Pin: 2  
  SINK (14,20)  Class: 0  
  OPIN (0,21)  Pad: 1  
 CHANY (0,20) to (0,21)  Track: 3  
 CHANX (1,19) to (2,19)  Track: 2  
 CHANX (3,19) to (4,19)  Track: 2  
 CHANX (5,19) to (6,19)  Track: 2  
 CHANX (7,19) to (8,19)  Track: 2  
 CHANX (9,19) to (10,19)  Track: 2  
  IPIN (10,20)  Pin: 0  
  SINK (10,20)  Class: 0  
 CHANY (12,20) to (12,21)  Track: 6  
  IPIN (13,20)  Pin: 1  
  SINK (13,20)  Class: 0  
 CHANX (9,19) to (10,19)  Track: 10  
 CHANY (10,18) to (10,19)  Track: 7  
  IPIN (11,18)  Pin: 1  
  SINK (11,18)  Class: 0  
 CHANX (11,19) to (12,19)  Track: 10  
 CHANY (11,20) to (11,21)  Track: 8  
 CHANX (12,20) to (13,20)  Track: 10  
 CHANX (14,20) to (15,20)  Track: 10  
 CHANX (16,20) to (17,20)  Track: 10  
 CHANY (17,19) to (17,20)  Track: 7  
  IPIN (17,20)  Pin: 3  
  SINK (17,20)  Class: 0  
 CHANY (8,12) to (8,13)  Track: 7  
 CHANX (9,11) to (10,11)  Track: 10  
 CHANY (10,10) to (10,11)  Track: 7  
 CHANY (10,8) to (10,9)  Track: 7  
 CHANY (10,6) to (10,7)  Track: 7  
 CHANX (11,6) to (12,6)  Track: 4  
 CHANY (11,5) to (11,6)  Track: 7  
 CHANX (12,5) to (13,5)  Track: 4  
  IPIN (13,5)  Pin: 2  
  SINK (13,5)  Class: 0  
 CHANX (16,20) to (17,20)  Track: 10  
 CHANX (18,20) to (19,20)  Track: 10  
 CHANX (20,20) to (21,20)  Track: 10  
 CHANX (22,20) to (23,20)  Track: 10  
 CHANY (23,19) to (23,20)  Track: 7  
  IPIN (24,19)  Pin: 1  
  SINK (24,19)  Class: 0  
 CHANX (11,6) to (12,6)  Track: 4  
 CHANX (13,6) to (14,6)  Track: 4  
 CHANX (15,6) to (16,6)  Track: 4  
 CHANX (17,6) to (18,6)  Track: 4  
 CHANX (19,6) to (20,6)  Track: 4  
 CHANX (21,6) to (22,6)  Track: 4  
 CHANX (23,6) to (24,6)  Track: 4  
 CHANX (25,6) to (26,6)  Track: 4  
 CHANY (26,7) to (26,8)  Track: 8  
 CHANX (27,7) to (28,7)  Track: 10  
 CHANX (29,7)  Track: 10  
 CHANY (29,6) to (29,7)  Track: 9  
  IPIN (30,7)  Pad: 0  
  SINK (30,7)  Pad: 0  
 CHANY (0,14) to (0,15)  Track: 11  
 CHANY (0,12) to (0,13)  Track: 11  
 CHANY (0,10) to (0,11)  Track: 11  
 CHANY (0,8) to (0,9)  Track: 11  
 CHANY (0,6) to (0,7)  Track: 11  
 CHANY (0,4) to (0,5)  Track: 11  
 CHANY (0,2) to (0,3)  Track: 11  
 CHANX (1,1) to (2,1)  Track: 10  
 CHANX (3,1) to (4,1)  Track: 10  
 CHANY (4,1)  Track: 7  
  IPIN (4,1)  Pin: 3  
  SINK (4,1)  Class: 0  
 CHANX (22,20) to (23,20)  Track: 10  
 CHANX (24,20) to (25,20)  Track: 10  
 CHANX (26,20) to (27,20)  Track: 10  
 CHANY (27,21) to (27,22)  Track: 6  
 CHANY (27,23) to (27,24)  Track: 6  
 CHANY (27,25) to (27,26)  Track: 6  
 CHANY (27,27) to (27,28)  Track: 6  
 CHANY (27,29)  Track: 6  
 CHANX (28,29) to (29,29)  Track: 0  
  IPIN (29,30)  Pad: 0  
  SINK (29,30)  Pad: 0  
 CHANX (1,13) to (2,13)  Track: 10  
 CHANY (1,12) to (1,13)  Track: 9  
 CHANX (2,11) to (3,11)  Track: 0  
 CHANY (2,10) to (2,11)  Track: 3  
 CHANX (1,10) to (2,10)  Track: 1  
 CHANY (0,11) to (0,12)  Track: 0  
  IPIN (0,11)  Pad: 0  
  SINK (0,11)  Pad: 0  
  OPIN (0,21)  Pad: 1  
 CHANY (0,21) to (0,22)  Track: 8  
 CHANY (0,23) to (0,24)  Track: 8  
 CHANY (0,25) to (0,26)  Track: 8  
 CHANX (1,26) to (2,26)  Track: 8  
 CHANY (1,27) to (1,28)  Track: 10  
 CHANY (1,29)  Track: 10  
 CHANX (2,29) to (3,29)  Track: 8  
  IPIN (2,30)  Pad: 0  
  SINK (2,30)  Pad: 0  
 CHANX (1,26) to (2,26)  Track: 8  
 CHANY (2,27) to (2,28)  Track: 4  
 CHANY (2,29)  Track: 4  
 CHANX (3,29) to (4,29)  Track: 10  
  IPIN (3,30)  Pad: 0  
  SINK (3,30)  Pad: 0  
  OPIN (0,21)  Pad: 1  
 CHANY (0,20) to (0,21)  Track: 7  
 CHANY (0,18) to (0,19)  Track: 7  
 CHANY (0,16) to (0,17)  Track: 7  
  IPIN (0,17)  Pad: 0  
  SINK (0,17)  Pad: 0  


Net 123 (pe0)

SOURCE (6,30)  Pad: 1  
  OPIN (6,30)  Pad: 1  
 CHANX (6,29) to (7,29)  Track: 4  
 CHANX (8,29) to (9,29)  Track: 4  
 CHANX (10,29) to (11,29)  Track: 4  
 CHANY (11,28) to (11,29)  Track: 5  
 CHANY (11,26) to (11,27)  Track: 5  
 CHANY (11,24) to (11,25)  Track: 5  
 CHANY (11,22) to (11,23)  Track: 5  
 CHANY (11,20) to (11,21)  Track: 5  
 CHANY (11,18) to (11,19)  Track: 5  
 CHANY (11,16) to (11,17)  Track: 5  
 CHANY (11,14) to (11,15)  Track: 5  
  IPIN (12,14)  Pin: 1  
  SINK (12,14)  Class: 0  
 CHANX (6,29) to (7,29)  Track: 4  
 CHANY (7,28) to (7,29)  Track: 5  
 CHANY (7,26) to (7,27)  Track: 5  
 CHANY (7,24) to (7,25)  Track: 5  
 CHANY (7,22) to (7,23)  Track: 5  
 CHANY (7,20) to (7,21)  Track: 5  
 CHANY (7,18) to (7,19)  Track: 5  
 CHANY (7,16) to (7,17)  Track: 5  
 CHANY (7,14) to (7,15)  Track: 5  
 CHANY (7,12) to (7,13)  Track: 5  
 CHANY (7,10) to (7,11)  Track: 5  
 CHANY (7,8) to (7,9)  Track: 5  
 CHANY (7,6) to (7,7)  Track: 5  
 CHANY (7,4) to (7,5)  Track: 5  
 CHANY (7,2) to (7,3)  Track: 5  
 CHANY (7,1)  Track: 5  
  IPIN (7,1)  Pin: 3  
  SINK (7,1)  Class: 0  
 CHANY (7,2) to (7,3)  Track: 5  
 CHANX (6,2) to (7,2)  Track: 7  
 CHANX (4,2) to (5,2)  Track: 7  
 CHANX (2,2) to (3,2)  Track: 7  
 CHANY (1,1) to (1,2)  Track: 3  
  IPIN (1,1)  Pin: 3  
  SINK (1,1)  Class: 0  
 CHANY (7,14) to (7,15)  Track: 5  
 CHANX (6,13) to (7,13)  Track: 9  
 CHANX (4,13) to (5,13)  Track: 9  
 CHANX (2,13) to (3,13)  Track: 9  
 CHANY (2,12) to (2,13)  Track: 11  
 CHANX (1,12) to (2,12)  Track: 9  
 CHANY (0,11) to (0,12)  Track: 5  
  IPIN (0,12)  Pad: 0  
  SINK (0,12)  Pad: 0  
 CHANY (7,28) to (7,29)  Track: 5  
 CHANX (6,28) to (7,28)  Track: 7  
 CHANX (4,28) to (5,28)  Track: 7  
 CHANX (2,28) to (3,28)  Track: 7  
 CHANX (1,28)  Track: 7  
 CHANY (0,29)  Track: 0  
  IPIN (0,29)  Pad: 0  
  SINK (0,29)  Pad: 0  
  OPIN (6,30)  Pad: 1  
 CHANX (5,29) to (6,29)  Track: 11  
 CHANX (3,29) to (4,29)  Track: 11  
 CHANX (1,29) to (2,29)  Track: 11  
  IPIN (1,30)  Pad: 0  
  SINK (1,30)  Pad: 0  


Net 124 (pf)

SOURCE (0,5)  Pad: 1  
  OPIN (0,5)  Pad: 1  
 CHANY (0,4) to (0,5)  Track: 7  
  IPIN (1,4)  Pin: 1  
  SINK (1,4)  Class: 0  


Net 125 (pf0)

SOURCE (13,30)  Pad: 1  
  OPIN (13,30)  Pad: 1  
 CHANX (12,29) to (13,29)  Track: 5  
 CHANY (12,29)  Track: 5  
 CHANY (12,27) to (12,28)  Track: 5  
 CHANY (12,25) to (12,26)  Track: 5  
 CHANY (12,23) to (12,24)  Track: 5  
 CHANY (12,21) to (12,22)  Track: 5  
 CHANX (11,21) to (12,21)  Track: 7  
  IPIN (12,21)  Pin: 2  
  SINK (12,21)  Class: 0  
 CHANY (12,21) to (12,22)  Track: 5  
 CHANX (13,20) to (14,20)  Track: 8  
 CHANY (14,19) to (14,20)  Track: 5  
 CHANY (14,17) to (14,18)  Track: 5  
 CHANY (14,15) to (14,16)  Track: 5  
 CHANY (14,13) to (14,14)  Track: 5  
 CHANY (14,11) to (14,12)  Track: 5  
 CHANY (14,9) to (14,10)  Track: 5  
 CHANY (14,7) to (14,8)  Track: 5  
 CHANX (13,6) to (14,6)  Track: 9  
 CHANY (12,5) to (12,6)  Track: 9  
  IPIN (13,6)  Pin: 1  
  SINK (13,6)  Class: 0  
 CHANY (14,9) to (14,10)  Track: 5  
 CHANX (15,9) to (16,9)  Track: 6  
 CHANY (16,8) to (16,9)  Track: 3  
 CHANX (17,8) to (18,8)  Track: 0  
  IPIN (17,8)  Pin: 2  
  SINK (17,8)  Class: 0  
 CHANY (12,21) to (12,22)  Track: 5  
 CHANX (11,20) to (12,20)  Track: 9  
 CHANY (11,19) to (11,20)  Track: 11  
 CHANY (11,17) to (11,18)  Track: 11  
 CHANY (11,15) to (11,16)  Track: 11  
 CHANX (12,14) to (13,14)  Track: 2  
  IPIN (12,14)  Pin: 2  
  SINK (12,14)  Class: 0  


Net 126 (pg)

SOURCE (0,4)  Pad: 1  
  OPIN (0,4)  Pad: 1  
 CHANY (0,3) to (0,4)  Track: 1  
 CHANX (1,3)  Track: 0  
  IPIN (1,4)  Pin: 0  
  SINK (1,4)  Class: 0  


Net 127 (pg0)

SOURCE (11,30)  Pad: 1  
  OPIN (11,30)  Pad: 1  
 CHANX (11,29) to (12,29)  Track: 6  
 CHANY (11,29)  Track: 7  
 CHANY (11,27) to (11,28)  Track: 7  
 CHANY (11,25) to (11,26)  Track: 7  
 CHANY (11,23) to (11,24)  Track: 7  
 CHANY (11,21) to (11,22)  Track: 7  
  IPIN (12,21)  Pin: 1  
  SINK (12,21)  Class: 0  


Net 128 (ph)

SOURCE (0,7)  Pad: 1  
  OPIN (0,7)  Pad: 1  
 CHANY (0,6) to (0,7)  Track: 3  
 CHANX (1,5) to (2,5)  Track: 2  
 CHANX (3,5) to (4,5)  Track: 2  
 CHANX (5,5) to (6,5)  Track: 2  
 CHANX (7,5) to (8,5)  Track: 2  
 CHANX (9,5) to (10,5)  Track: 2  
 CHANX (11,5) to (12,5)  Track: 2  
 CHANY (12,6) to (12,7)  Track: 2  
 CHANX (13,6) to (14,6)  Track: 0  
  IPIN (13,6)  Pin: 2  
  SINK (13,6)  Class: 0  
 CHANX (9,5) to (10,5)  Track: 2  
 CHANY (9,4) to (9,5)  Track: 1  
 CHANY (9,2) to (9,3)  Track: 1  
  IPIN (9,2)  Pin: 3  
  SINK (9,2)  Class: 0  
 CHANX (11,5) to (12,5)  Track: 2  
  IPIN (11,5)  Pin: 2  
  SINK (11,5)  Class: 0  
 CHANX (5,5) to (6,5)  Track: 2  
 CHANY (6,4) to (6,5)  Track: 11  
 CHANY (6,2) to (6,3)  Track: 11  
 CHANY (6,1)  Track: 11  
  IPIN (7,1)  Pin: 1  
  SINK (7,1)  Class: 0  
 CHANX (5,5) to (6,5)  Track: 2  
 CHANY (5,4) to (5,5)  Track: 1  
 CHANX (6,3) to (7,3)  Track: 4  
 CHANY (6,2) to (6,3)  Track: 7  
  IPIN (6,3)  Pin: 3  
  SINK (6,3)  Class: 0  
  OPIN (0,7)  Pad: 1  
 CHANY (0,7) to (0,8)  Track: 4  
  IPIN (0,8)  Pad: 0  
  SINK (0,8)  Pad: 0  


Net 129 (ph0)

SOURCE (0,22)  Pad: 1  
  OPIN (0,22)  Pad: 1  
 CHANY (0,21) to (0,22)  Track: 9  
 CHANX (1,20) to (2,20)  Track: 8  
 CHANX (3,20) to (4,20)  Track: 8  
 CHANX (5,20) to (6,20)  Track: 8  
 CHANX (7,20) to (8,20)  Track: 8  
 CHANX (9,20) to (10,20)  Track: 8  
 CHANY (9,19) to (9,20)  Track: 11  
  IPIN (10,20)  Pin: 1  
  SINK (10,20)  Class: 0  
  OPIN (0,22)  Pad: 1  
 CHANY (0,21) to (0,22)  Track: 5  
 CHANY (0,19) to (0,20)  Track: 5  
 CHANY (0,17) to (0,18)  Track: 5  
  IPIN (1,17)  Pin: 1  
  SINK (1,17)  Class: 0  


Net 130 (pi)

SOURCE (30,28)  Pad: 1  
  OPIN (30,28)  Pad: 1  
 CHANY (29,27) to (29,28)  Track: 7  
 CHANY (29,25) to (29,26)  Track: 7  
 CHANY (29,23) to (29,24)  Track: 7  
 CHANY (29,21) to (29,22)  Track: 7  
 CHANY (29,19) to (29,20)  Track: 7  
 CHANY (29,17) to (29,18)  Track: 7  
 CHANY (29,15) to (29,16)  Track: 7  
 CHANX (28,14) to (29,14)  Track: 7  
 CHANY (28,13) to (28,14)  Track: 5  
  IPIN (28,14)  Pin: 3  
  SINK (28,14)  Class: 0  
 CHANY (29,19) to (29,20)  Track: 7  
 CHANX (28,18) to (29,18)  Track: 7  
 CHANY (28,17) to (28,18)  Track: 5  
  IPIN (29,17)  Pin: 1  
  SINK (29,17)  Class: 0  
  OPIN (30,28)  Pad: 1  
 CHANY (29,28) to (29,29)  Track: 8  
  IPIN (30,29)  Pad: 0  
  SINK (30,29)  Pad: 0  


Net 131 (pi0)

SOURCE (10,30)  Pad: 1  
  OPIN (10,30)  Pad: 1  
 CHANX (10,29) to (11,29)  Track: 8  
 CHANX (12,29) to (13,29)  Track: 8  
 CHANX (14,29) to (15,29)  Track: 8  
 CHANY (15,28) to (15,29)  Track: 9  
 CHANY (15,26) to (15,27)  Track: 9  
 CHANY (15,24) to (15,25)  Track: 9  
 CHANY (15,22) to (15,23)  Track: 9  
 CHANY (15,20) to (15,21)  Track: 9  
 CHANY (15,18) to (15,19)  Track: 9  
 CHANX (16,17) to (17,17)  Track: 0  
 CHANY (16,16) to (16,17)  Track: 3  
  IPIN (16,16)  Pin: 3  
  SINK (16,16)  Class: 0  
  OPIN (10,30)  Pad: 1  
 CHANX (10,29) to (11,29)  Track: 0  
 CHANY (11,28) to (11,29)  Track: 1  
 CHANY (11,26) to (11,27)  Track: 1  
 CHANY (11,24) to (11,25)  Track: 1  
 CHANY (11,22) to (11,23)  Track: 1  
 CHANY (11,20) to (11,21)  Track: 1  
 CHANY (11,18) to (11,19)  Track: 1  
 CHANY (11,16) to (11,17)  Track: 1  
 CHANY (11,14) to (11,15)  Track: 1  
 CHANY (11,12) to (11,13)  Track: 1  
 CHANY (11,10) to (11,11)  Track: 1  
 CHANY (11,8) to (11,9)  Track: 1  
 CHANY (11,6) to (11,7)  Track: 1  
 CHANY (11,4) to (11,5)  Track: 1  
 CHANX (10,4) to (11,4)  Track: 3  
  IPIN (11,5)  Pin: 0  
  SINK (11,5)  Class: 0  
 CHANY (11,20) to (11,21)  Track: 1  
  IPIN (11,20)  Pin: 3  
  SINK (11,20)  Class: 0  
  OPIN (10,30)  Pad: 1  
 CHANX (9,29) to (10,29)  Track: 3  
 CHANX (7,29) to (8,29)  Track: 3  
  IPIN (8,30)  Pad: 0  
  SINK (8,30)  Pad: 0  


Net 132 (pj)

SOURCE (21,0)  Pad: 1  
  OPIN (21,0)  Pad: 1  
 CHANX (20,0) to (21,0)  Track: 11  
 CHANX (18,0) to (19,0)  Track: 11  
 CHANY (17,1) to (17,2)  Track: 10  
 CHANX (16,2) to (17,2)  Track: 3  
 CHANY (16,3) to (16,4)  Track: 0  
 CHANX (15,4) to (16,4)  Track: 5  
 CHANY (15,5) to (15,6)  Track: 6  
  IPIN (15,6)  Pin: 3  
  SINK (15,6)  Class: 0  
 CHANX (16,2) to (17,2)  Track: 3  
 CHANY (15,3) to (15,4)  Track: 10  
 CHANY (15,5) to (15,6)  Track: 10  
  IPIN (16,6)  Pin: 1  
  SINK (16,6)  Class: 0  
 CHANY (15,5) to (15,6)  Track: 10  
 CHANX (14,6) to (15,6)  Track: 3  
  IPIN (14,6)  Pin: 2  
  SINK (14,6)  Class: 0  
 CHANX (20,0) to (21,0)  Track: 11  
  IPIN (20,1)  Pin: 0  
  SINK (20,1)  Class: 0  
  OPIN (21,0)  Pad: 1  
 CHANX (20,0) to (21,0)  Track: 3  
 CHANY (19,1) to (19,2)  Track: 2  
  IPIN (19,1)  Pin: 3  
  SINK (19,1)  Class: 0  
 CHANX (16,2) to (17,2)  Track: 3  
 CHANX (14,2) to (15,2)  Track: 3  
 CHANX (12,2) to (13,2)  Track: 3  
  IPIN (13,3)  Pin: 0  
  SINK (13,3)  Class: 0  
 CHANX (20,0) to (21,0)  Track: 3  
  IPIN (21,1)  Pin: 0  
  SINK (21,1)  Class: 0  
 CHANX (20,0) to (21,0)  Track: 3  
 CHANY (20,1)  Track: 2  
 CHANX (21,1) to (22,1)  Track: 6  
 CHANY (22,1)  Track: 3  
 CHANX (21,0) to (22,0)  Track: 5  
  IPIN (22,0)  Pad: 0  
  SINK (22,0)  Pad: 0  


Net 133 (pj0)

SOURCE (30,11)  Pad: 1  
  OPIN (30,11)  Pad: 1  
 CHANY (29,10) to (29,11)  Track: 9  
 CHANX (28,9) to (29,9)  Track: 9  
 CHANX (26,9) to (27,9)  Track: 9  
 CHANX (24,9) to (25,9)  Track: 9  
 CHANX (22,9) to (23,9)  Track: 9  
 CHANX (20,9) to (21,9)  Track: 9  
 CHANY (19,8) to (19,9)  Track: 9  
 CHANX (18,7) to (19,7)  Track: 5  
 CHANX (16,7) to (17,7)  Track: 5  
 CHANY (15,6) to (15,7)  Track: 1  
 CHANX (16,6) to (17,6)  Track: 2  
  IPIN (16,6)  Pin: 2  
  SINK (16,6)  Class: 0  
  OPIN (30,11)  Pad: 1  
 CHANY (29,11) to (29,12)  Track: 2  
 CHANX (28,12) to (29,12)  Track: 3  
 CHANY (27,13) to (27,14)  Track: 10  
 CHANY (27,15) to (27,16)  Track: 10  
 CHANX (26,16) to (27,16)  Track: 3  
 CHANX (24,16) to (25,16)  Track: 3  
 CHANX (22,16) to (23,16)  Track: 3  
 CHANX (20,16) to (21,16)  Track: 3  
 CHANX (18,16) to (19,16)  Track: 3  
 CHANX (16,16) to (17,16)  Track: 3  
  IPIN (16,16)  Pin: 2  
  SINK (16,16)  Class: 0  
 CHANY (19,8) to (19,9)  Track: 9  
 CHANY (19,6) to (19,7)  Track: 9  
 CHANY (19,4) to (19,5)  Track: 9  
 CHANX (18,3) to (19,3)  Track: 5  
 CHANX (16,3) to (17,3)  Track: 5  
 CHANY (16,2) to (16,3)  Track: 7  
  IPIN (16,3)  Pin: 3  
  SINK (16,3)  Class: 0  
 CHANX (20,9) to (21,9)  Track: 9  
 CHANX (18,9) to (19,9)  Track: 9  
  IPIN (18,10)  Pin: 0  
  SINK (18,10)  Class: 0  
  OPIN (30,11)  Pad: 1  
 CHANY (29,10) to (29,11)  Track: 1  
 CHANY (29,8) to (29,9)  Track: 1  
 CHANY (29,6) to (29,7)  Track: 1  
 CHANY (29,4) to (29,5)  Track: 1  
 CHANX (29,4)  Track: 1  
 CHANY (28,3) to (28,4)  Track: 5  
  IPIN (29,3)  Pin: 1  
  SINK (29,3)  Class: 0  
 CHANY (29,4) to (29,5)  Track: 1  
 CHANY (29,2) to (29,3)  Track: 1  
 CHANX (28,1) to (29,1)  Track: 1  
 CHANX (26,1) to (27,1)  Track: 1  
  IPIN (27,2)  Pin: 0  
  SINK (27,2)  Class: 0  


Net 134 (pk)

SOURCE (2,0)  Pad: 1  
  OPIN (2,0)  Pad: 1  
 CHANX (2,0) to (3,0)  Track: 6  
 CHANX (4,0) to (5,0)  Track: 6  
 CHANX (6,0) to (7,0)  Track: 6  
 CHANY (7,1) to (7,2)  Track: 6  
 CHANX (8,1) to (9,1)  Track: 4  
 CHANX (10,1) to (11,1)  Track: 4  
 CHANX (12,1) to (13,1)  Track: 4  
 CHANY (12,1)  Track: 7  
  IPIN (12,1)  Pin: 3  
  SINK (12,1)  Class: 0  
 CHANX (10,1) to (11,1)  Track: 4  
 CHANY (11,1)  Track: 1  
 CHANX (12,0) to (13,0)  Track: 2  
 CHANY (12,1)  Track: 2  
 CHANX (13,1) to (14,1)  Track: 6  
 CHANX (15,1) to (16,1)  Track: 6  
 CHANY (16,1)  Track: 3  
 CHANX (17,0) to (18,0)  Track: 4  
 CHANY (18,1) to (18,2)  Track: 4  
  IPIN (19,1)  Pin: 1  
  SINK (19,1)  Class: 0  
  OPIN (2,0)  Pad: 1  
 CHANX (1,0) to (2,0)  Track: 5  
 CHANY (1,1)  Track: 4  
 CHANX (1,1)  Track: 9  
 CHANY (0,1)  Track: 7  
  IPIN (0,1)  Pad: 0  
  SINK (0,1)  Pad: 0  
  OPIN (2,0)  Pad: 1  
 CHANX (1,0) to (2,0)  Track: 1  
  IPIN (1,0)  Pad: 0  
  SINK (1,0)  Pad: 0  


Net 135 (pk0)

SOURCE (3,0)  Pad: 1  
  OPIN (3,0)  Pad: 1  
 CHANX (3,0) to (4,0)  Track: 0  
 CHANX (5,0) to (6,0)  Track: 0  
  IPIN (6,1)  Pin: 0  
  SINK (6,1)  Class: 0  
  OPIN (3,0)  Pad: 1  
 CHANX (3,0) to (4,0)  Track: 4  
 CHANY (4,1) to (4,2)  Track: 4  
  IPIN (5,1)  Pin: 1  
  SINK (5,1)  Class: 0  
 CHANX (3,0) to (4,0)  Track: 4  
  IPIN (4,0)  Pad: 0  
  SINK (4,0)  Pad: 0  


Net 136 (pl)

SOURCE (10,0)  Pad: 1  
  OPIN (10,0)  Pad: 1  
 CHANX (10,0) to (11,0)  Track: 10  
  IPIN (10,1)  Pin: 0  
  SINK (10,1)  Class: 0  


Net 137 (pl0)

SOURCE (25,0)  Pad: 1  
  OPIN (25,0)  Pad: 1  
 CHANX (24,0) to (25,0)  Track: 11  
  IPIN (24,1)  Pin: 0  
  SINK (24,1)  Class: 0  
  OPIN (25,0)  Pad: 1  
 CHANX (24,0) to (25,0)  Track: 7  
 CHANY (23,1) to (23,2)  Track: 6  
 CHANX (24,1) to (25,1)  Track: 4  
 CHANX (26,1) to (27,1)  Track: 4  
 CHANY (27,1)  Track: 1  
 CHANX (28,0) to (29,0)  Track: 2  
  IPIN (28,0)  Pad: 0  
  SINK (28,0)  Pad: 0  


Net 138 (pm)

SOURCE (30,20)  Pad: 1  
  OPIN (30,20)  Pad: 1  
 CHANY (29,19) to (29,20)  Track: 11  
 CHANX (28,18) to (29,18)  Track: 11  
 CHANX (26,18) to (27,18)  Track: 11  
 CHANX (24,18) to (25,18)  Track: 11  
 CHANX (22,18) to (23,18)  Track: 11  
 CHANX (20,18) to (21,18)  Track: 11  
 CHANX (18,18) to (19,18)  Track: 11  
 CHANX (16,18) to (17,18)  Track: 11  
 CHANX (14,18) to (15,18)  Track: 11  
 CHANX (12,18) to (13,18)  Track: 11  
 CHANX (10,18) to (11,18)  Track: 11  
 CHANX (8,18) to (9,18)  Track: 11  
 CHANY (8,17) to (8,18)  Track: 9  
  IPIN (9,18)  Pin: 1  
  SINK (9,18)  Class: 0  
  OPIN (30,20)  Pad: 1  
 CHANY (29,20) to (29,21)  Track: 0  
 CHANY (29,22) to (29,23)  Track: 0  
 CHANX (28,23) to (29,23)  Track: 1  
 CHANX (26,23) to (27,23)  Track: 1  
 CHANX (24,23) to (25,23)  Track: 1  
 CHANX (22,23) to (23,23)  Track: 1  
 CHANX (20,23) to (21,23)  Track: 1  
 CHANX (18,23) to (19,23)  Track: 1  
  IPIN (18,23)  Pin: 2  
  SINK (18,23)  Class: 0  
 CHANY (29,19) to (29,20)  Track: 11  
 CHANY (29,17) to (29,18)  Track: 11  
 CHANY (29,15) to (29,16)  Track: 11  
 CHANX (28,14) to (29,14)  Track: 11  
 CHANX (26,14) to (27,14)  Track: 11  
  IPIN (26,15)  Pin: 0  
  SINK (26,15)  Class: 0  
 CHANX (18,18) to (19,18)  Track: 11  
 CHANY (17,17) to (17,18)  Track: 11  
 CHANY (17,15) to (17,16)  Track: 11  
 CHANY (17,13) to (17,14)  Track: 11  
 CHANY (17,11) to (17,12)  Track: 11  
 CHANY (17,9) to (17,10)  Track: 11  
 CHANY (17,7) to (17,8)  Track: 11  
 CHANY (17,5) to (17,6)  Track: 11  
 CHANY (17,3) to (17,4)  Track: 11  
 CHANY (17,1) to (17,2)  Track: 11  
  IPIN (18,2)  Pin: 1  
  SINK (18,2)  Class: 0  
 CHANX (8,18) to (9,18)  Track: 11  
 CHANY (7,19) to (7,20)  Track: 6  
 CHANX (6,20) to (7,20)  Track: 11  
 CHANX (4,20) to (5,20)  Track: 11  
 CHANX (2,20) to (3,20)  Track: 11  
 CHANY (2,21) to (2,22)  Track: 8  
 CHANX (1,22) to (2,22)  Track: 1  
 CHANY (0,23) to (0,24)  Track: 0  
  IPIN (0,23)  Pad: 0  
  SINK (0,23)  Pad: 0  
 CHANX (8,18) to (9,18)  Track: 11  
 CHANX (6,18) to (7,18)  Track: 11  
 CHANX (4,18) to (5,18)  Track: 11  
 CHANX (2,18) to (3,18)  Track: 11  
 CHANY (1,17) to (1,18)  Track: 11  
 CHANY (1,15) to (1,16)  Track: 11  
 CHANX (1,15)  Track: 9  
 CHANY (0,14) to (0,15)  Track: 7  
  IPIN (0,15)  Pad: 0  
  SINK (0,15)  Pad: 0  
 CHANY (29,15) to (29,16)  Track: 11  
 CHANY (29,13) to (29,14)  Track: 11  
 CHANY (29,11) to (29,12)  Track: 11  
 CHANY (29,9) to (29,10)  Track: 11  
 CHANY (29,7) to (29,8)  Track: 11  
 CHANY (29,5) to (29,6)  Track: 11  
 CHANY (29,3) to (29,4)  Track: 11  
 CHANY (29,1) to (29,2)  Track: 11  
 CHANX (28,0) to (29,0)  Track: 3  
  IPIN (29,1)  Pin: 0  
  SINK (29,1)  Class: 0  
 CHANY (29,11) to (29,12)  Track: 11  
  IPIN (30,12)  Pad: 0  
  SINK (30,12)  Pad: 0  


Net 139 (pm0)

SOURCE (0,26)  Pad: 1  
  OPIN (0,26)  Pad: 1  
 CHANY (0,25) to (0,26)  Track: 1  
 CHANY (0,23) to (0,24)  Track: 1  
 CHANY (0,21) to (0,22)  Track: 1  
 CHANY (0,19) to (0,20)  Track: 1  
 CHANY (0,17) to (0,18)  Track: 1  
 CHANY (0,15) to (0,16)  Track: 1  
 CHANX (1,14) to (2,14)  Track: 0  
  IPIN (1,14)  Pin: 2  
  SINK (1,14)  Class: 0  


Net 140 (pn)

SOURCE (0,19)  Pad: 1  
  OPIN (0,19)  Pad: 1  
 CHANY (0,18) to (0,19)  Track: 3  
 CHANX (1,17) to (2,17)  Track: 2  
 CHANX (3,17) to (4,17)  Track: 2  
 CHANX (5,17) to (6,17)  Track: 2  
 CHANX (7,17) to (8,17)  Track: 2  
 CHANY (8,18) to (8,19)  Track: 2  
 CHANX (9,18) to (10,18)  Track: 0  
  IPIN (9,18)  Pin: 2  
  SINK (9,18)  Class: 0  
 CHANX (7,17) to (8,17)  Track: 2  
 CHANY (8,16) to (8,17)  Track: 11  
 CHANY (8,14) to (8,15)  Track: 11  
 CHANY (8,12) to (8,13)  Track: 11  
 CHANY (8,10) to (8,11)  Track: 11  
 CHANY (8,8) to (8,9)  Track: 11  
 CHANX (9,7) to (10,7)  Track: 2  
 CHANX (11,7) to (12,7)  Track: 2  
 CHANY (12,6) to (12,7)  Track: 11  
 CHANX (13,5) to (14,5)  Track: 2  
  IPIN (14,6)  Pin: 0  
  SINK (14,6)  Class: 0  
 CHANY (8,12) to (8,13)  Track: 11  
 CHANX (7,12) to (8,12)  Track: 9  
 CHANY (7,11) to (7,12)  Track: 11  
  IPIN (8,12)  Pin: 1  
  SINK (8,12)  Class: 0  


Net 141 (po)

SOURCE (14,30)  Pad: 1  
  OPIN (14,30)  Pad: 1  
 CHANX (14,29) to (15,29)  Track: 0  
 CHANY (15,28) to (15,29)  Track: 1  
 CHANY (15,26) to (15,27)  Track: 1  
 CHANY (15,24) to (15,25)  Track: 1  
 CHANX (16,23) to (17,23)  Track: 4  
 CHANX (18,23) to (19,23)  Track: 4  
 CHANY (18,22) to (18,23)  Track: 7  
  IPIN (18,23)  Pin: 3  
  SINK (18,23)  Class: 0  
 CHANY (15,24) to (15,25)  Track: 1  
 CHANY (15,22) to (15,23)  Track: 1  
 CHANY (15,20) to (15,21)  Track: 1  
 CHANX (14,20) to (15,20)  Track: 3  
  IPIN (15,21)  Pin: 0  
  SINK (15,21)  Class: 0  
  OPIN (14,30)  Pad: 1  
 CHANX (13,29) to (14,29)  Track: 11  
 CHANY (12,28) to (12,29)  Track: 11  
 CHANY (12,26) to (12,27)  Track: 11  
 CHANY (12,24) to (12,25)  Track: 11  
 CHANY (12,22) to (12,23)  Track: 11  
 CHANY (12,20) to (12,21)  Track: 11  
 CHANX (11,19) to (12,19)  Track: 7  
 CHANY (10,18) to (10,19)  Track: 3  
 CHANX (11,18) to (12,18)  Track: 0  
  IPIN (11,18)  Pin: 2  
  SINK (11,18)  Class: 0  
 CHANY (12,20) to (12,21)  Track: 11  
 CHANX (13,19) to (14,19)  Track: 2  
 CHANY (13,18) to (13,19)  Track: 1  
  IPIN (13,18)  Pin: 3  
  SINK (13,18)  Class: 0  
 CHANY (18,22) to (18,23)  Track: 7  
 CHANY (18,20) to (18,21)  Track: 7  
  IPIN (18,21)  Pin: 3  
  SINK (18,21)  Class: 0  
 CHANY (13,18) to (13,19)  Track: 1  
 CHANY (13,16) to (13,17)  Track: 1  
 CHANY (13,14) to (13,15)  Track: 1  
 CHANY (13,12) to (13,13)  Track: 1  
 CHANY (13,10) to (13,11)  Track: 1  
 CHANX (14,9) to (15,9)  Track: 4  
 CHANY (15,8) to (15,9)  Track: 1  
 CHANX (14,7) to (15,7)  Track: 1  
 CHANY (13,6) to (13,7)  Track: 5  
  IPIN (14,6)  Pin: 1  
  SINK (14,6)  Class: 0  
 CHANY (18,20) to (18,21)  Track: 7  
 CHANX (17,19) to (18,19)  Track: 11  
 CHANY (16,18) to (16,19)  Track: 11  
 CHANX (17,17) to (18,17)  Track: 2  
  IPIN (18,18)  Pin: 0  
  SINK (18,18)  Class: 0  
 CHANX (11,19) to (12,19)  Track: 7  
 CHANX (9,19) to (10,19)  Track: 7  
  IPIN (10,19)  Pin: 2  
  SINK (10,19)  Class: 0  


Net 142 (pr)

SOURCE (19,30)  Pad: 1  
  OPIN (19,30)  Pad: 1  
 CHANX (18,29) to (19,29)  Track: 9  
 CHANY (17,28) to (17,29)  Track: 9  
 CHANY (17,26) to (17,27)  Track: 9  
 CHANY (17,24) to (17,25)  Track: 9  
 CHANY (17,22) to (17,23)  Track: 9  
  IPIN (18,23)  Pin: 1  
  SINK (18,23)  Class: 0  
 CHANY (17,22) to (17,23)  Track: 9  
 CHANY (17,20) to (17,21)  Track: 9  
 CHANY (17,18) to (17,19)  Track: 9  
 CHANY (17,16) to (17,17)  Track: 9  
 CHANY (17,14) to (17,15)  Track: 9  
 CHANY (17,12) to (17,13)  Track: 9  
  IPIN (18,13)  Pin: 1  
  SINK (18,13)  Class: 0  
 CHANY (17,12) to (17,13)  Track: 9  
 CHANY (17,10) to (17,11)  Track: 9  
 CHANY (17,8) to (17,9)  Track: 9  
 CHANY (17,6) to (17,7)  Track: 9  
 CHANY (17,4) to (17,5)  Track: 9  
 CHANX (18,3) to (19,3)  Track: 0  
 CHANY (18,2) to (18,3)  Track: 3  
  IPIN (18,2)  Pin: 3  
  SINK (18,2)  Class: 0  
 CHANX (18,3) to (19,3)  Track: 0  
 CHANX (20,3) to (21,3)  Track: 0  
 CHANY (21,2) to (21,3)  Track: 9  
 CHANX (20,1) to (21,1)  Track: 5  
  IPIN (21,1)  Pin: 2  
  SINK (21,1)  Class: 0  


Net 143 (ps)

SOURCE (9,0)  Pad: 1  
  OPIN (9,0)  Pad: 1  
 CHANX (9,0) to (10,0)  Track: 8  
 CHANY (9,1)  Track: 8  
  IPIN (10,1)  Pin: 1  
  SINK (10,1)  Class: 0  


Net 144 (pu)

SOURCE (30,13)  Pad: 1  
  OPIN (30,13)  Pad: 1  
 CHANY (29,13) to (29,14)  Track: 2  
 CHANX (28,14) to (29,14)  Track: 3  
 CHANX (26,14) to (27,14)  Track: 3  
 CHANY (25,15) to (25,16)  Track: 10  
 CHANX (24,15) to (25,15)  Track: 9  
 CHANX (22,15) to (23,15)  Track: 9  
 CHANX (20,15) to (21,15)  Track: 9  
 CHANX (18,15) to (19,15)  Track: 9  
 CHANX (16,15) to (17,15)  Track: 9  
 CHANX (14,15) to (15,15)  Track: 9  
  IPIN (14,16)  Pin: 0  
  SINK (14,16)  Class: 0  
 CHANX (14,15) to (15,15)  Track: 9  
 CHANY (13,14) to (13,15)  Track: 9  
 CHANY (13,12) to (13,13)  Track: 9  
 CHANX (12,11) to (13,11)  Track: 5  
  IPIN (13,11)  Pin: 2  
  SINK (13,11)  Class: 0  
 CHANX (18,15) to (19,15)  Track: 9  
 CHANY (18,16) to (18,17)  Track: 10  
 CHANY (18,18) to (18,19)  Track: 10  
 CHANX (17,19) to (18,19)  Track: 3  
  IPIN (18,20)  Pin: 0  
  SINK (18,20)  Class: 0  
 CHANX (26,14) to (27,14)  Track: 3  
 CHANX (24,14) to (25,14)  Track: 3  
 CHANX (22,14) to (23,14)  Track: 3  
 CHANX (20,14) to (21,14)  Track: 3  
 CHANX (18,14) to (19,14)  Track: 3  
 CHANX (16,14) to (17,14)  Track: 3  
 CHANX (14,14) to (15,14)  Track: 3  
  IPIN (14,14)  Pin: 2  
  SINK (14,14)  Class: 0  
 CHANX (14,14) to (15,14)  Track: 3  
 CHANY (14,13) to (14,14)  Track: 1  
 CHANY (14,11) to (14,12)  Track: 1  
 CHANY (14,9) to (14,10)  Track: 1  
 CHANY (14,7) to (14,8)  Track: 1  
 CHANX (13,6) to (14,6)  Track: 1  
 CHANY (13,5) to (13,6)  Track: 3  
  IPIN (13,5)  Pin: 3  
  SINK (13,5)  Class: 0  
  OPIN (30,13)  Pad: 1  
 CHANY (29,12) to (29,13)  Track: 9  
 CHANX (28,11) to (29,11)  Track: 9  
 CHANY (28,10) to (28,11)  Track: 11  
 CHANY (28,8) to (28,9)  Track: 11  
 CHANY (28,6) to (28,7)  Track: 11  
 CHANY (28,4) to (28,5)  Track: 11  
 CHANY (28,2) to (28,3)  Track: 11  
 CHANX (29,2)  Track: 8  
  IPIN (29,3)  Pin: 0  
  SINK (29,3)  Class: 0  


Net 145 (pv)

SOURCE (0,16)  Pad: 1  
  OPIN (0,16)  Pad: 1  
 CHANY (0,16) to (0,17)  Track: 2  
 CHANX (1,16)  Track: 2  
 CHANX (2,16) to (3,16)  Track: 2  
 CHANX (4,16) to (5,16)  Track: 2  
 CHANX (6,16) to (7,16)  Track: 2  
 CHANX (8,16) to (9,16)  Track: 2  
 CHANY (8,17) to (8,18)  Track: 0  
 CHANX (9,18) to (10,18)  Track: 4  
  IPIN (10,18)  Pin: 2  
  SINK (10,18)  Class: 0  
 CHANX (8,16) to (9,16)  Track: 2  
 CHANX (10,16) to (11,16)  Track: 2  
 CHANY (10,15) to (10,16)  Track: 1  
 CHANX (11,15) to (12,15)  Track: 2  
 CHANX (13,15) to (14,15)  Track: 2  
 CHANY (14,16) to (14,17)  Track: 2  
  IPIN (14,16)  Pin: 3  
  SINK (14,16)  Class: 0  
 CHANX (1,16)  Track: 2  
  IPIN (1,17)  Pin: 0  
  SINK (1,17)  Class: 0  
 CHANX (10,16) to (11,16)  Track: 2  
 CHANY (10,17) to (10,18)  Track: 0  
 CHANX (11,17) to (12,17)  Track: 2  
 CHANX (13,17) to (14,17)  Track: 2  
  IPIN (14,18)  Pin: 0  
  SINK (14,18)  Class: 0  
 CHANX (1,16)  Track: 2  
 CHANY (1,17) to (1,18)  Track: 2  
 CHANY (1,19) to (1,20)  Track: 2  
 CHANY (1,21) to (1,22)  Track: 2  
 CHANY (1,23) to (1,24)  Track: 2  
 CHANY (1,25) to (1,26)  Track: 2  
 CHANY (1,27) to (1,28)  Track: 2  
 CHANX (1,27)  Track: 1  
 CHANY (0,28) to (0,29)  Track: 2  
  IPIN (0,28)  Pad: 0  
  SINK (0,28)  Pad: 0  
 CHANY (1,25) to (1,26)  Track: 2  
 CHANX (1,26)  Track: 7  
 CHANY (0,27) to (0,28)  Track: 0  
  IPIN (0,27)  Pad: 0  
  SINK (0,27)  Pad: 0  


Net 146 (pw)

SOURCE (22,30)  Pad: 1  
  OPIN (22,30)  Pad: 1  
 CHANX (21,29) to (22,29)  Track: 11  
 CHANX (19,29) to (20,29)  Track: 11  
 CHANY (18,28) to (18,29)  Track: 11  
 CHANY (18,26) to (18,27)  Track: 11  
 CHANY (18,24) to (18,25)  Track: 11  
 CHANY (18,22) to (18,23)  Track: 11  
 CHANX (17,21) to (18,21)  Track: 7  
 CHANY (16,20) to (16,21)  Track: 3  
 CHANX (17,20) to (18,20)  Track: 0  
  IPIN (17,20)  Pin: 2  
  SINK (17,20)  Class: 0  
 CHANY (16,20) to (16,21)  Track: 3  
 CHANX (15,19) to (16,19)  Track: 3  
 CHANY (15,20) to (15,21)  Track: 0  
  IPIN (15,20)  Pin: 3  
  SINK (15,20)  Class: 0  
 CHANY (18,22) to (18,23)  Track: 11  
 CHANX (19,21) to (20,21)  Track: 2  
 CHANY (19,20) to (19,21)  Track: 1  
 CHANX (18,20) to (19,20)  Track: 3  
  IPIN (18,20)  Pin: 2  
  SINK (18,20)  Class: 0  
  OPIN (22,30)  Pad: 1  
 CHANX (22,29) to (23,29)  Track: 0  
  IPIN (23,30)  Pad: 0  
  SINK (23,30)  Pad: 0  


Net 147 (px)

SOURCE (16,30)  Pad: 1  
  OPIN (16,30)  Pad: 1  
 CHANX (16,29) to (17,29)  Track: 0  
 CHANY (17,28) to (17,29)  Track: 1  
 CHANY (17,26) to (17,27)  Track: 1  
  IPIN (17,26)  Pin: 3  
  SINK (17,26)  Class: 0  
 CHANY (17,26) to (17,27)  Track: 1  
 CHANY (17,24) to (17,25)  Track: 1  
 CHANY (17,22) to (17,23)  Track: 1  
 CHANY (17,20) to (17,21)  Track: 1  
 CHANY (17,18) to (17,19)  Track: 1  
 CHANX (16,17) to (17,17)  Track: 1  
 CHANY (15,16) to (15,17)  Track: 5  
  IPIN (16,16)  Pin: 1  
  SINK (16,16)  Class: 0  
 CHANY (17,26) to (17,27)  Track: 1  
 CHANX (16,25) to (17,25)  Track: 1  
 CHANY (16,24) to (16,25)  Track: 3  
 CHANX (17,23) to (18,23)  Track: 6  
 CHANY (18,22) to (18,23)  Track: 3  
  IPIN (18,22)  Pin: 3  
  SINK (18,22)  Class: 0  


Net 148 (py)

SOURCE (12,30)  Pad: 1  
  OPIN (12,30)  Pad: 1  
 CHANX (12,29) to (13,29)  Track: 4  
 CHANY (13,28) to (13,29)  Track: 5  
 CHANY (13,26) to (13,27)  Track: 5  
 CHANY (13,24) to (13,25)  Track: 5  
 CHANY (13,22) to (13,23)  Track: 5  
 CHANY (13,20) to (13,21)  Track: 5  
 CHANY (13,18) to (13,19)  Track: 5  
  IPIN (13,19)  Pin: 3  
  SINK (13,19)  Class: 0  
 CHANY (13,22) to (13,23)  Track: 5  
 CHANX (14,21) to (15,21)  Track: 8  
 CHANY (14,20) to (14,21)  Track: 11  
 CHANX (15,19) to (16,19)  Track: 2  
 CHANY (15,18) to (15,19)  Track: 1  
 CHANY (15,16) to (15,17)  Track: 1  
 CHANX (16,15) to (17,15)  Track: 4  
 CHANY (16,14) to (16,15)  Track: 7  
 CHANX (17,13) to (18,13)  Track: 10  
 CHANY (18,12) to (18,13)  Track: 7  
  IPIN (18,13)  Pin: 3  
  SINK (18,13)  Class: 0  
 CHANY (13,18) to (13,19)  Track: 5  
 CHANY (13,16) to (13,17)  Track: 5  
 CHANX (12,16) to (13,16)  Track: 7  
 CHANY (11,15) to (11,16)  Track: 3  
 CHANY (11,13) to (11,14)  Track: 3  
 CHANY (11,11) to (11,12)  Track: 3  
  IPIN (11,11)  Pin: 3  
  SINK (11,11)  Class: 0  
 CHANX (16,15) to (17,15)  Track: 4  
 CHANY (17,14) to (17,15)  Track: 1  
 CHANY (17,12) to (17,13)  Track: 1  
 CHANY (17,10) to (17,11)  Track: 1  
 CHANX (18,10) to (19,10)  Track: 2  
  IPIN (18,10)  Pin: 2  
  SINK (18,10)  Class: 0  
 CHANY (11,11) to (11,12)  Track: 3  
 CHANY (11,9) to (11,10)  Track: 3  
 CHANY (11,7) to (11,8)  Track: 3  
 CHANY (11,5) to (11,6)  Track: 3  
  IPIN (11,5)  Pin: 3  
  SINK (11,5)  Class: 0  
  OPIN (12,30)  Pad: 1  
 CHANX (11,29) to (12,29)  Track: 7  
 CHANY (10,28) to (10,29)  Track: 7  
 CHANY (10,26) to (10,27)  Track: 7  
 CHANY (10,24) to (10,25)  Track: 7  
 CHANY (10,22) to (10,23)  Track: 7  
 CHANY (10,20) to (10,21)  Track: 7  
  IPIN (11,20)  Pin: 1  
  SINK (11,20)  Class: 0  
 CHANY (17,10) to (17,11)  Track: 1  
 CHANY (17,8) to (17,9)  Track: 1  
 CHANY (17,6) to (17,7)  Track: 1  
 CHANX (16,5) to (17,5)  Track: 1  
  IPIN (16,5)  Pin: 2  
  SINK (16,5)  Class: 0  
  OPIN (12,30)  Pad: 1  
 CHANX (11,29) to (12,29)  Track: 11  
 CHANX (9,29) to (10,29)  Track: 11  
  IPIN (9,30)  Pad: 0  
  SINK (9,30)  Pad: 0  


Net 149 (pz)

SOURCE (0,20)  Pad: 1  
  OPIN (0,20)  Pad: 1  
 CHANY (0,19) to (0,20)  Track: 9  
 CHANX (1,18) to (2,18)  Track: 8  
 CHANX (3,18) to (4,18)  Track: 8  
 CHANX (5,18) to (6,18)  Track: 8  
 CHANY (6,17) to (6,18)  Track: 5  
 CHANX (7,17) to (8,17)  Track: 6  
 CHANY (8,16) to (8,17)  Track: 3  
 CHANX (9,16) to (10,16)  Track: 0  
 CHANX (11,16) to (12,16)  Track: 0  
  IPIN (12,17)  Pin: 0  
  SINK (12,17)  Class: 0  
 CHANY (0,19) to (0,20)  Track: 9  
 CHANY (0,17) to (0,18)  Track: 9  
 CHANX (1,17)  Track: 8  
 CHANY (1,16) to (1,17)  Track: 5  
  IPIN (1,17)  Pin: 3  
  SINK (1,17)  Class: 0  
 CHANX (5,18) to (6,18)  Track: 8  
 CHANX (7,18) to (8,18)  Track: 8  
 CHANY (8,19) to (8,20)  Track: 4  
 CHANX (9,19) to (10,19)  Track: 6  
 CHANY (10,20) to (10,21)  Track: 10  
 CHANX (11,20) to (12,20)  Track: 8  
 CHANY (12,19) to (12,20)  Track: 5  
  IPIN (12,20)  Pin: 3  
  SINK (12,20)  Class: 0  
