Tue Mar 19 21:33:52 2024: Running xcd server. This server was built by gradle.
Tue Mar 19 21:33:52 2024: Server was asked to start on port: '35803'
Tue Mar 19 21:33:52 2024: Server is using token UUID: '3b417493-9fca-4e96-b9ec-f3f0b1d649d1'
Tue Mar 19 21:33:52 2024: SESSION_MGR: creating session with session uuid: '6d04a3e9-ade5-4ab9-8d63-1f78fcd2ec76' and name 'default'
Tue Mar 19 21:33:52 2024: Attempting to start server on port '35803'
Tue Mar 19 21:33:52 2024: XCD main fifo: created main fifo '/tmp/xcdmain3b417493-9fca-4e96-b9ec-f3f0b1d649d1', fd read = 13
Tue Mar 19 21:33:52 2024: Running Dispatch Server
Tue Mar 19 21:33:52 2024: Version 2.2.0
Tue Mar 19 21:34:00 2024: Dispatch Server: Accepted socket connection from client
Tue Mar 19 21:34:00 2024: Starting Socket connection
Tue Mar 19 21:34:00 2024: EXCHANGE_TOKEN received, server token: 3b417493-9fca-4e96-b9ec-f3f0b1d649d1, passed token: 3b417493-9fca-4e96-b9ec-f3f0b1d649d1
Tue Mar 19 21:34:00 2024: SESSION_MGR: creating session with session uuid: '36a3b6fc-8b35-429e-839e-87c95d34788d' and name 'vitis_hls'
Tue Mar 19 21:34:00 2024: KERNEL_SVC: creating session with uuid: '36a3b6fc-8b35-429e-839e-87c95d34788d' and name 'vitis_hls'
Tue Mar 19 21:34:00 2024: GUIDANCE_SMGR: creating guidance session with uuid: '36a3b6fc-8b35-429e-839e-87c95d34788d' and name 'vitis_hls'
Tue Mar 19 21:36:04 2024: STOP_SERVER received, server token: 3b417493-9fca-4e96-b9ec-f3f0b1d649d1, passed token: 3b417493-9fca-4e96-b9ec-f3f0b1d649d1
Tue Mar 19 21:36:04 2024: Socket received request to stop server.
Tue Mar 19 21:36:04 2024: Dispatch Server: do_await_stop
Tue Mar 19 21:36:04 2024: Dispatch Server: stopping mainFifo_
Tue Mar 19 21:36:04 2024: XCD main fifo: Stopping
Tue Mar 19 21:36:04 2024: XCD main fifo: do_read error code: Operation canceled
Tue Mar 19 21:36:04 2024: XCD main fifo: bytes_transferred: 0
Tue Mar 19 21:36:04 2024: SERVER: destructor for server bound to port 35803
Tue Mar 19 21:36:04 2024: XCD main fifo: Good unlink of /tmp/xcdmain3b417493-9fca-4e96-b9ec-f3f0b1d649d1
Tue Mar 19 21:36:04 2024: Server exiting with status 0.
Tue Mar 19 21:36:04 2024: Closing log file.
